[ 2015-07-12T09:09:02+08:00 ] 114.111.166.70 /zc/mobile.php?m=User&a=lo
INFO: [ app_begin ] --START--
INFO: ReadHtmlCache Behavior ::run [ RunTime:0.000477s ]
INFO: [ app_begin ] --END-- [ RunTime:0.000607s ]
SQL: SHOW COLUMNS FROM `fanwe_deal_cate` [ RunTime:0.003212s ]
SQL: SELECT * FROM `fanwe_deal_cate` ORDER BY id  [ RunTime:0.014089s ]
NOTIC: [8] Undefined index: wlm_mobile_type /webHome/LFWZ000390/www/zc/Mobile/Lib/Action/CommonAction.class.php 第 25 行.
NOTIC: [8] Undefined index: wlm_mobile_type /webHome/LFWZ000390/www/zc/Mobile/Lib/Action/CommonAction.class.php 第 28 行.
NOTIC: [8] Undefined index: wlm_mobile_type /webHome/LFWZ000390/www/zc/Mobile/Lib/Action/CommonAction.class.php 第 25 行.
NOTIC: [8] Undefined index: wlm_mobile_type /webHome/LFWZ000390/www/zc/Mobile/Lib/Action/CommonAction.class.php 第 28 行.
NOTIC: [8] Undefined index: wlm_mobile_type /webHome/LFWZ000390/www/zc/Mobile/Lib/Action/CommonAction.class.php 第 25 行.
NOTIC: [8] Undefined index: wlm_mobile_type /webHome/LFWZ000390/www/zc/Mobile/Lib/Action/CommonAction.class.php 第 28 行.
NOTIC: [8] Undefined index: wlm_mobile_type /webHome/LFWZ000390/www/zc/Mobile/Lib/Action/CommonAction.class.php 第 25 行.
NOTIC: [8] Undefined index: wlm_mobile_type /webHome/LFWZ000390/www/zc/Mobile/Lib/Action/CommonAction.class.php 第 28 行.
NOTIC: [8] Undefined index: wlm_mobile_type /webHome/LFWZ000390/www/zc/Mobile/Lib/Action/CommonAction.class.php 第 25 行.
NOTIC: [8] Undefined index: wlm_mobile_type /webHome/LFWZ000390/www/zc/Mobile/Lib/Action/CommonAction.class.php 第 28 行.
NOTIC: [8] Undefined index: wlm_mobile_type /webHome/LFWZ000390/www/zc/Mobile/Lib/Action/CommonAction.class.php 第 25 行.
NOTIC: [8] Undefined index: wlm_mobile_type /webHome/LFWZ000390/www/zc/Mobile/Lib/Action/CommonAction.class.php 第 28 行.
NOTIC: [8] Undefined index: wlm_mobile_type /webHome/LFWZ000390/www/zc/Mobile/Lib/Action/CommonAction.class.php 第 25 行.
NOTIC: [8] Undefined index: wlm_mobile_type /webHome/LFWZ000390/www/zc/Mobile/Lib/Action/CommonAction.class.php 第 28 行.
NOTIC: [8] Undefined index: wlm_mobile_type /webHome/LFWZ000390/www/zc/Mobile/Lib/Action/CommonAction.class.php 第 25 行.
NOTIC: [8] Undefined index: wlm_mobile_type /webHome/LFWZ000390/www/zc/Mobile/Lib/Action/CommonAction.class.php 第 28 行.
NOTIC: [8] Undefined index: wlm_mobile_type /webHome/LFWZ000390/www/zc/Mobile/Lib/Action/CommonAction.class.php 第 25 行.
NOTIC: [8] Undefined index: wlm_mobile_type /webHome/LFWZ000390/www/zc/Mobile/Lib/Action/CommonAction.class.php 第 28 行.
NOTIC: [8] Undefined index: wlm_mobile_type /webHome/LFWZ000390/www/zc/Mobile/Lib/Action/CommonAction.class.php 第 25 行.
NOTIC: [8] Undefined index: wlm_mobile_type /webHome/LFWZ000390/www/zc/Mobile/Lib/Action/CommonAction.class.php 第 28 行.
NOTIC: [8] Undefined index: wlm_mobile_type /webHome/LFWZ000390/www/zc/Mobile/Lib/Action/CommonAction.class.php 第 25 行.
NOTIC: [8] Undefined index: wlm_mobile_type /webHome/LFWZ000390/www/zc/Mobile/Lib/Action/CommonAction.class.php 第 28 行.
INFO: [ view_parse ] --START--
INFO: ParseTemplate Behavior ::run [ RunTime:0.033980s ]
INFO: [ view_parse ] --END-- [ RunTime:0.034116s ]
INFO: [ view_filter ] --START--
INFO: ContentReplace Behavior ::run [ RunTime:0.002786s ]
INFO: TokenBuild Behavior ::run [ RunTime:0.003323s ]
INFO: WriteHtmlCache Behavior ::run [ RunTime:0.000497s ]
INFO: ShowRuntime Behavior ::run [ RunTime:0.000377s ]
INFO: [ view_filter ] --END-- [ RunTime:0.007423s ]
INFO: [ view_end ] --START--
INFO: ShowPageTrace Behavior ::run [ RunTime:0.000422s ]
INFO: [ view_end ] --END-- [ RunTime:0.000504s ]

[ 2015-07-12T09:09:38+08:00 ] 114.111.166.70 /zc/mobile.php?m=User&a=lo
INFO: [ app_begin ] --START--
INFO: ReadHtmlCache Behavior ::run [ RunTime:0.000443s ]
INFO: [ app_begin ] --END-- [ RunTime:0.000596s ]
SQL: SHOW COLUMNS FROM `fanwe_deal_cate` [ RunTime:0.002053s ]
SQL: SELECT * FROM `fanwe_deal_cate` ORDER BY id  [ RunTime:0.002221s ]
NOTIC: [8] Undefined index: wlm_mobile_type /webHome/LFWZ000390/www/zc/Mobile/Lib/Action/CommonAction.class.php 第 25 行.
NOTIC: [8] Undefined index: wlm_mobile_type /webHome/LFWZ000390/www/zc/Mobile/Lib/Action/CommonAction.class.php 第 28 行.
NOTIC: [8] Undefined index: wlm_mobile_type /webHome/LFWZ000390/www/zc/Mobile/Lib/Action/CommonAction.class.php 第 25 行.
NOTIC: [8] Undefined index: wlm_mobile_type /webHome/LFWZ000390/www/zc/Mobile/Lib/Action/CommonAction.class.php 第 28 行.
NOTIC: [8] Undefined index: wlm_mobile_type /webHome/LFWZ000390/www/zc/Mobile/Lib/Action/CommonAction.class.php 第 25 行.
NOTIC: [8] Undefined index: wlm_mobile_type /webHome/LFWZ000390/www/zc/Mobile/Lib/Action/CommonAction.class.php 第 28 行.
NOTIC: [8] Undefined index: wlm_mobile_type /webHome/LFWZ000390/www/zc/Mobile/Lib/Action/CommonAction.class.php 第 25 行.
NOTIC: [8] Undefined index: wlm_mobile_type /webHome/LFWZ000390/www/zc/Mobile/Lib/Action/CommonAction.class.php 第 28 行.
NOTIC: [8] Undefined index: wlm_mobile_type /webHome/LFWZ000390/www/zc/Mobile/Lib/Action/CommonAction.class.php 第 25 行.
NOTIC: [8] Undefined index: wlm_mobile_type /webHome/LFWZ000390/www/zc/Mobile/Lib/Action/CommonAction.class.php 第 28 行.
NOTIC: [8] Undefined index: wlm_mobile_type /webHome/LFWZ000390/www/zc/Mobile/Lib/Action/CommonAction.class.php 第 25 行.
NOTIC: [8] Undefined index: wlm_mobile_type /webHome/LFWZ000390/www/zc/Mobile/Lib/Action/CommonAction.class.php 第 28 行.
NOTIC: [8] Undefined index: wlm_mobile_type /webHome/LFWZ000390/www/zc/Mobile/Lib/Action/CommonAction.class.php 第 25 行.
NOTIC: [8] Undefined index: wlm_mobile_type /webHome/LFWZ000390/www/zc/Mobile/Lib/Action/CommonAction.class.php 第 28 行.
NOTIC: [8] Undefined index: wlm_mobile_type /webHome/LFWZ000390/www/zc/Mobile/Lib/Action/CommonAction.class.php 第 25 行.
NOTIC: [8] Undefined index: wlm_mobile_type /webHome/LFWZ000390/www/zc/Mobile/Lib/Action/CommonAction.class.php 第 28 行.
NOTIC: [8] Undefined index: wlm_mobile_type /webHome/LFWZ000390/www/zc/Mobile/Lib/Action/CommonAction.class.php 第 25 行.
NOTIC: [8] Undefined index: wlm_mobile_type /webHome/LFWZ000390/www/zc/Mobile/Lib/Action/CommonAction.class.php 第 28 行.
NOTIC: [8] Undefined index: wlm_mobile_type /webHome/LFWZ000390/www/zc/Mobile/Lib/Action/CommonAction.class.php 第 25 行.
NOTIC: [8] Undefined index: wlm_mobile_type /webHome/LFWZ000390/www/zc/Mobile/Lib/Action/CommonAction.class.php 第 28 行.
NOTIC: [8] Undefined index: wlm_mobile_type /webHome/LFWZ000390/www/zc/Mobile/Lib/Action/CommonAction.class.php 第 25 行.
NOTIC: [8] Undefined index: wlm_mobile_type /webHome/LFWZ000390/www/zc/Mobile/Lib/Action/CommonAction.class.php 第 28 行.
INFO: [ view_parse ] --START--
INFO: ParseTemplate Behavior ::run [ RunTime:0.019231s ]
INFO: [ view_parse ] --END-- [ RunTime:0.019402s ]
INFO: [ view_filter ] --START--
INFO: ContentReplace Behavior ::run [ RunTime:0.000508s ]
INFO: TokenBuild Behavior ::run [ RunTime:0.000405s ]
INFO: WriteHtmlCache Behavior ::run [ RunTime:0.000354s ]
INFO: ShowRuntime Behavior ::run [ RunTime:0.000476s ]
INFO: [ view_filter ] --END-- [ RunTime:0.002035s ]
INFO: [ view_end ] --START--
INFO: ShowPageTrace Behavior ::run [ RunTime:0.002553s ]
INFO: [ view_end ] --END-- [ RunTime:0.002793s ]

[ 2015-07-12T09:10:07+08:00 ] 114.111.166.70 /zc/mobile.php?m=User&a=lo
INFO: [ app_begin ] --START--
INFO: ReadHtmlCache Behavior ::run [ RunTime:0.000422s ]
INFO: [ app_begin ] --END-- [ RunTime:0.000542s ]
SQL: SHOW COLUMNS FROM `fanwe_deal_cate` [ RunTime:0.006613s ]
SQL: SELECT * FROM `fanwe_deal_cate` ORDER BY id  [ RunTime:0.002462s ]
NOTIC: [8] Undefined index: wlm_mobile_type /webHome/LFWZ000390/www/zc/Mobile/Lib/Action/CommonAction.class.php 第 25 行.
NOTIC: [8] Undefined index: wlm_mobile_type /webHome/LFWZ000390/www/zc/Mobile/Lib/Action/CommonAction.class.php 第 28 行.
NOTIC: [8] Undefined index: wlm_mobile_type /webHome/LFWZ000390/www/zc/Mobile/Lib/Action/CommonAction.class.php 第 25 行.
NOTIC: [8] Undefined index: wlm_mobile_type /webHome/LFWZ000390/www/zc/Mobile/Lib/Action/CommonAction.class.php 第 28 行.
NOTIC: [8] Undefined index: wlm_mobile_type /webHome/LFWZ000390/www/zc/Mobile/Lib/Action/CommonAction.class.php 第 25 行.
NOTIC: [8] Undefined index: wlm_mobile_type /webHome/LFWZ000390/www/zc/Mobile/Lib/Action/CommonAction.class.php 第 28 行.
NOTIC: [8] Undefined index: wlm_mobile_type /webHome/LFWZ000390/www/zc/Mobile/Lib/Action/CommonAction.class.php 第 25 行.
NOTIC: [8] Undefined index: wlm_mobile_type /webHome/LFWZ000390/www/zc/Mobile/Lib/Action/CommonAction.class.php 第 28 行.
NOTIC: [8] Undefined index: wlm_mobile_type /webHome/LFWZ000390/www/zc/Mobile/Lib/Action/CommonAction.class.php 第 25 行.
NOTIC: [8] Undefined index: wlm_mobile_type /webHome/LFWZ000390/www/zc/Mobile/Lib/Action/CommonAction.class.php 第 28 行.
NOTIC: [8] Undefined index: wlm_mobile_type /webHome/LFWZ000390/www/zc/Mobile/Lib/Action/CommonAction.class.php 第 25 行.
NOTIC: [8] Undefined index: wlm_mobile_type /webHome/LFWZ000390/www/zc/Mobile/Lib/Action/CommonAction.class.php 第 28 行.
NOTIC: [8] Undefined index: wlm_mobile_type /webHome/LFWZ000390/www/zc/Mobile/Lib/Action/CommonAction.class.php 第 25 行.
NOTIC: [8] Undefined index: wlm_mobile_type /webHome/LFWZ000390/www/zc/Mobile/Lib/Action/CommonAction.class.php 第 28 行.
NOTIC: [8] Undefined index: wlm_mobile_type /webHome/LFWZ000390/www/zc/Mobile/Lib/Action/CommonAction.class.php 第 25 行.
NOTIC: [8] Undefined index: wlm_mobile_type /webHome/LFWZ000390/www/zc/Mobile/Lib/Action/CommonAction.class.php 第 28 行.
NOTIC: [8] Undefined index: wlm_mobile_type /webHome/LFWZ000390/www/zc/Mobile/Lib/Action/CommonAction.class.php 第 25 行.
NOTIC: [8] Undefined index: wlm_mobile_type /webHome/LFWZ000390/www/zc/Mobile/Lib/Action/CommonAction.class.php 第 28 行.
NOTIC: [8] Undefined index: wlm_mobile_type /webHome/LFWZ000390/www/zc/Mobile/Lib/Action/CommonAction.class.php 第 25 行.
NOTIC: [8] Undefined index: wlm_mobile_type /webHome/LFWZ000390/www/zc/Mobile/Lib/Action/CommonAction.class.php 第 28 行.
NOTIC: [8] Undefined index: wlm_mobile_type /webHome/LFWZ000390/www/zc/Mobile/Lib/Action/CommonAction.class.php 第 25 行.
NOTIC: [8] Undefined index: wlm_mobile_type /webHome/LFWZ000390/www/zc/Mobile/Lib/Action/CommonAction.class.php 第 28 行.
INFO: [ view_parse ] --START--
INFO: ParseTemplate Behavior ::run [ RunTime:0.020925s ]
INFO: [ view_parse ] --END-- [ RunTime:0.021085s ]
INFO: [ view_filter ] --START--
INFO: ContentReplace Behavior ::run [ RunTime:0.000522s ]
INFO: TokenBuild Behavior ::run [ RunTime:0.000378s ]
INFO: WriteHtmlCache Behavior ::run [ RunTime:0.000359s ]
INFO: ShowRuntime Behavior ::run [ RunTime:0.000402s ]
INFO: [ view_filter ] --END-- [ RunTime:0.001999s ]
INFO: [ view_end ] --START--
INFO: ShowPageTrace Behavior ::run [ RunTime:0.000418s ]
INFO: [ view_end ] --END-- [ RunTime:0.000504s ]

[ 2015-07-12T13:14:49+08:00 ] 121.22.194.134 /zc/mobile.php
INFO: [ app_begin ] --START--
INFO: ReadHtmlCache Behavior ::run [ RunTime:0.000456s ]
INFO: [ app_begin ] --END-- [ RunTime:0.000661s ]
SQL: SHOW COLUMNS FROM `fanwe_deal_cate` [ RunTime:0.002979s ]
SQL: SELECT * FROM `fanwe_deal_cate` ORDER BY id  [ RunTime:0.001467s ]
NOTIC: [8] Undefined index: wlm_mobile_type /webHome/LFWZ000390/www/zc/Mobile/Lib/Action/CommonAction.class.php 第 25 行.
NOTIC: [8] Undefined index: wlm_mobile_type /webHome/LFWZ000390/www/zc/Mobile/Lib/Action/CommonAction.class.php 第 28 行.
NOTIC: [8] Undefined index: wlm_mobile_type /webHome/LFWZ000390/www/zc/Mobile/Lib/Action/CommonAction.class.php 第 25 行.
NOTIC: [8] Undefined index: wlm_mobile_type /webHome/LFWZ000390/www/zc/Mobile/Lib/Action/CommonAction.class.php 第 28 行.
NOTIC: [8] Undefined index: wlm_mobile_type /webHome/LFWZ000390/www/zc/Mobile/Lib/Action/CommonAction.class.php 第 25 行.
NOTIC: [8] Undefined index: wlm_mobile_type /webHome/LFWZ000390/www/zc/Mobile/Lib/Action/CommonAction.class.php 第 28 行.
NOTIC: [8] Undefined index: wlm_mobile_type /webHome/LFWZ000390/www/zc/Mobile/Lib/Action/CommonAction.class.php 第 25 行.
NOTIC: [8] Undefined index: wlm_mobile_type /webHome/LFWZ000390/www/zc/Mobile/Lib/Action/CommonAction.class.php 第 28 行.
NOTIC: [8] Undefined index: wlm_mobile_type /webHome/LFWZ000390/www/zc/Mobile/Lib/Action/CommonAction.class.php 第 25 行.
NOTIC: [8] Undefined index: wlm_mobile_type /webHome/LFWZ000390/www/zc/Mobile/Lib/Action/CommonAction.class.php 第 28 行.
NOTIC: [8] Undefined index: wlm_mobile_type /webHome/LFWZ000390/www/zc/Mobile/Lib/Action/CommonAction.class.php 第 25 行.
NOTIC: [8] Undefined index: wlm_mobile_type /webHome/LFWZ000390/www/zc/Mobile/Lib/Action/CommonAction.class.php 第 28 行.
NOTIC: [8] Undefined index: wlm_mobile_type /webHome/LFWZ000390/www/zc/Mobile/Lib/Action/CommonAction.class.php 第 25 行.
NOTIC: [8] Undefined index: wlm_mobile_type /webHome/LFWZ000390/www/zc/Mobile/Lib/Action/CommonAction.class.php 第 28 行.
NOTIC: [8] Undefined index: wlm_mobile_type /webHome/LFWZ000390/www/zc/Mobile/Lib/Action/CommonAction.class.php 第 25 行.
NOTIC: [8] Undefined index: wlm_mobile_type /webHome/LFWZ000390/www/zc/Mobile/Lib/Action/CommonAction.class.php 第 28 行.
NOTIC: [8] Undefined index: wlm_mobile_type /webHome/LFWZ000390/www/zc/Mobile/Lib/Action/CommonAction.class.php 第 25 行.
NOTIC: [8] Undefined index: wlm_mobile_type /webHome/LFWZ000390/www/zc/Mobile/Lib/Action/CommonAction.class.php 第 28 行.
NOTIC: [8] Undefined index: wlm_mobile_type /webHome/LFWZ000390/www/zc/Mobile/Lib/Action/CommonAction.class.php 第 25 行.
NOTIC: [8] Undefined index: wlm_mobile_type /webHome/LFWZ000390/www/zc/Mobile/Lib/Action/CommonAction.class.php 第 28 行.
NOTIC: [8] Undefined index: wlm_mobile_type /webHome/LFWZ000390/www/zc/Mobile/Lib/Action/CommonAction.class.php 第 25 行.
NOTIC: [8] Undefined index: wlm_mobile_type /webHome/LFWZ000390/www/zc/Mobile/Lib/Action/CommonAction.class.php 第 28 行.
SQL: SHOW COLUMNS FROM `fanwe_deal` [ RunTime:0.005602s ]
SQL: SELECT id,name,image,end_time,limit_price,brief,support_amount,user_name,user_id,province,city FROM `fanwe_deal` WHERE ( `is_effect` = 1 ) ORDER BY is_recommend desc,sort desc,id desc LIMIT 0,5   [ RunTime:0.002446s ]
INFO: [ view_parse ] --START--
NOTIC: [8] Undefined index: uid /webHome/LFWZ000390/www/zc/Mobile/Runtime/Cache/e324f3ed94e020837035f6928d7c067b.php 第 138 行.
NOTIC: [8] Undefined index: golist_url /webHome/LFWZ000390/www/zc/Mobile/Runtime/Cache/e324f3ed94e020837035f6928d7c067b.php 第 176 行.
NOTIC: [8] Undefined index: golist_url /webHome/LFWZ000390/www/zc/Mobile/Runtime/Cache/e324f3ed94e020837035f6928d7c067b.php 第 176 行.
NOTIC: [8] Undefined index: golist_url /webHome/LFWZ000390/www/zc/Mobile/Runtime/Cache/e324f3ed94e020837035f6928d7c067b.php 第 176 行.
NOTIC: [8] Undefined index: golist_url /webHome/LFWZ000390/www/zc/Mobile/Runtime/Cache/e324f3ed94e020837035f6928d7c067b.php 第 176 行.
NOTIC: [8] Undefined index: golist_url /webHome/LFWZ000390/www/zc/Mobile/Runtime/Cache/e324f3ed94e020837035f6928d7c067b.php 第 176 行.
NOTIC: [8] Undefined index: golist_url /webHome/LFWZ000390/www/zc/Mobile/Runtime/Cache/e324f3ed94e020837035f6928d7c067b.php 第 176 行.
NOTIC: [8] Undefined index: golist_url /webHome/LFWZ000390/www/zc/Mobile/Runtime/Cache/e324f3ed94e020837035f6928d7c067b.php 第 176 行.
NOTIC: [8] Undefined index: golist_url /webHome/LFWZ000390/www/zc/Mobile/Runtime/Cache/e324f3ed94e020837035f6928d7c067b.php 第 176 行.
NOTIC: [8] Undefined index: golist_url /webHome/LFWZ000390/www/zc/Mobile/Runtime/Cache/e324f3ed94e020837035f6928d7c067b.php 第 176 行.
NOTIC: [8] Undefined index: golist_url /webHome/LFWZ000390/www/zc/Mobile/Runtime/Cache/e324f3ed94e020837035f6928d7c067b.php 第 176 行.
NOTIC: [8] Undefined index: golist_url /webHome/LFWZ000390/www/zc/Mobile/Runtime/Cache/e324f3ed94e020837035f6928d7c067b.php 第 176 行.
INFO: ParseTemplate Behavior ::run [ RunTime:0.036404s ]
INFO: [ view_parse ] --END-- [ RunTime:0.036533s ]
INFO: [ view_filter ] --START--
INFO: ContentReplace Behavior ::run [ RunTime:0.000664s ]
INFO: TokenBuild Behavior ::run [ RunTime:0.000420s ]
INFO: WriteHtmlCache Behavior ::run [ RunTime:0.004582s ]
INFO: ShowRuntime Behavior ::run [ RunTime:0.003872s ]
INFO: [ view_filter ] --END-- [ RunTime:0.009939s ]
INFO: [ view_end ] --START--
INFO: ShowPageTrace Behavior ::run [ RunTime:0.000864s ]
INFO: [ view_end ] --END-- [ RunTime:0.001766s ]

[ 2015-07-12T15:01:12+08:00 ] 223.104.15.49 /zc/mobile.php
INFO: [ app_begin ] --START--
INFO: ReadHtmlCache Behavior ::run [ RunTime:0.000509s ]
INFO: [ app_begin ] --END-- [ RunTime:0.000637s ]
SQL: SHOW COLUMNS FROM `fanwe_deal_cate` [ RunTime:0.002251s ]
SQL: SELECT * FROM `fanwe_deal_cate` ORDER BY id  [ RunTime:0.002254s ]
NOTIC: [8] Undefined index: wlm_mobile_type /webHome/LFWZ000390/www/zc/Mobile/Lib/Action/CommonAction.class.php 第 25 行.
NOTIC: [8] Undefined index: wlm_mobile_type /webHome/LFWZ000390/www/zc/Mobile/Lib/Action/CommonAction.class.php 第 28 行.
NOTIC: [8] Undefined index: wlm_mobile_type /webHome/LFWZ000390/www/zc/Mobile/Lib/Action/CommonAction.class.php 第 25 行.
NOTIC: [8] Undefined index: wlm_mobile_type /webHome/LFWZ000390/www/zc/Mobile/Lib/Action/CommonAction.class.php 第 28 行.
NOTIC: [8] Undefined index: wlm_mobile_type /webHome/LFWZ000390/www/zc/Mobile/Lib/Action/CommonAction.class.php 第 25 行.
NOTIC: [8] Undefined index: wlm_mobile_type /webHome/LFWZ000390/www/zc/Mobile/Lib/Action/CommonAction.class.php 第 28 行.
NOTIC: [8] Undefined index: wlm_mobile_type /webHome/LFWZ000390/www/zc/Mobile/Lib/Action/CommonAction.class.php 第 25 行.
NOTIC: [8] Undefined index: wlm_mobile_type /webHome/LFWZ000390/www/zc/Mobile/Lib/Action/CommonAction.class.php 第 28 行.
NOTIC: [8] Undefined index: wlm_mobile_type /webHome/LFWZ000390/www/zc/Mobile/Lib/Action/CommonAction.class.php 第 25 行.
NOTIC: [8] Undefined index: wlm_mobile_type /webHome/LFWZ000390/www/zc/Mobile/Lib/Action/CommonAction.class.php 第 28 行.
NOTIC: [8] Undefined index: wlm_mobile_type /webHome/LFWZ000390/www/zc/Mobile/Lib/Action/CommonAction.class.php 第 25 行.
NOTIC: [8] Undefined index: wlm_mobile_type /webHome/LFWZ000390/www/zc/Mobile/Lib/Action/CommonAction.class.php 第 28 行.
NOTIC: [8] Undefined index: wlm_mobile_type /webHome/LFWZ000390/www/zc/Mobile/Lib/Action/CommonAction.class.php 第 25 行.
NOTIC: [8] Undefined index: wlm_mobile_type /webHome/LFWZ000390/www/zc/Mobile/Lib/Action/CommonAction.class.php 第 28 行.
NOTIC: [8] Undefined index: wlm_mobile_type /webHome/LFWZ000390/www/zc/Mobile/Lib/Action/CommonAction.class.php 第 25 行.
NOTIC: [8] Undefined index: wlm_mobile_type /webHome/LFWZ000390/www/zc/Mobile/Lib/Action/CommonAction.class.php 第 28 行.
NOTIC: [8] Undefined index: wlm_mobile_type /webHome/LFWZ000390/www/zc/Mobile/Lib/Action/CommonAction.class.php 第 25 行.
NOTIC: [8] Undefined index: wlm_mobile_type /webHome/LFWZ000390/www/zc/Mobile/Lib/Action/CommonAction.class.php 第 28 行.
NOTIC: [8] Undefined index: wlm_mobile_type /webHome/LFWZ000390/www/zc/Mobile/Lib/Action/CommonAction.class.php 第 25 行.
NOTIC: [8] Undefined index: wlm_mobile_type /webHome/LFWZ000390/www/zc/Mobile/Lib/Action/CommonAction.class.php 第 28 行.
NOTIC: [8] Undefined index: wlm_mobile_type /webHome/LFWZ000390/www/zc/Mobile/Lib/Action/CommonAction.class.php 第 25 行.
NOTIC: [8] Undefined index: wlm_mobile_type /webHome/LFWZ000390/www/zc/Mobile/Lib/Action/CommonAction.class.php 第 28 行.
SQL: SHOW COLUMNS FROM `fanwe_deal` [ RunTime:0.005112s ]
SQL: SELECT id,name,image,end_time,limit_price,brief,support_amount,user_name,user_id,province,city FROM `fanwe_deal` WHERE ( `is_effect` = 1 ) ORDER BY is_recommend desc,sort desc,id desc LIMIT 0,5   [ RunTime:0.004083s ]
INFO: [ view_parse ] --START--
NOTIC: [8] Undefined index: uid /webHome/LFWZ000390/www/zc/Mobile/Runtime/Cache/e324f3ed94e020837035f6928d7c067b.php 第 138 行.
NOTIC: [8] Undefined index: golist_url /webHome/LFWZ000390/www/zc/Mobile/Runtime/Cache/e324f3ed94e020837035f6928d7c067b.php 第 176 行.
NOTIC: [8] Undefined index: golist_url /webHome/LFWZ000390/www/zc/Mobile/Runtime/Cache/e324f3ed94e020837035f6928d7c067b.php 第 176 行.
NOTIC: [8] Undefined index: golist_url /webHome/LFWZ000390/www/zc/Mobile/Runtime/Cache/e324f3ed94e020837035f6928d7c067b.php 第 176 行.
NOTIC: [8] Undefined index: golist_url /webHome/LFWZ000390/www/zc/Mobile/Runtime/Cache/e324f3ed94e020837035f6928d7c067b.php 第 176 行.
NOTIC: [8] Undefined index: golist_url /webHome/LFWZ000390/www/zc/Mobile/Runtime/Cache/e324f3ed94e020837035f6928d7c067b.php 第 176 行.
NOTIC: [8] Undefined index: golist_url /webHome/LFWZ000390/www/zc/Mobile/Runtime/Cache/e324f3ed94e020837035f6928d7c067b.php 第 176 行.
NOTIC: [8] Undefined index: golist_url /webHome/LFWZ000390/www/zc/Mobile/Runtime/Cache/e324f3ed94e020837035f6928d7c067b.php 第 176 行.
NOTIC: [8] Undefined index: golist_url /webHome/LFWZ000390/www/zc/Mobile/Runtime/Cache/e324f3ed94e020837035f6928d7c067b.php 第 176 行.
NOTIC: [8] Undefined index: golist_url /webHome/LFWZ000390/www/zc/Mobile/Runtime/Cache/e324f3ed94e020837035f6928d7c067b.php 第 176 行.
NOTIC: [8] Undefined index: golist_url /webHome/LFWZ000390/www/zc/Mobile/Runtime/Cache/e324f3ed94e020837035f6928d7c067b.php 第 176 行.
NOTIC: [8] Undefined index: golist_url /webHome/LFWZ000390/www/zc/Mobile/Runtime/Cache/e324f3ed94e020837035f6928d7c067b.php 第 176 行.
INFO: ParseTemplate Behavior ::run [ RunTime:0.054946s ]
INFO: [ view_parse ] --END-- [ RunTime:0.055077s ]
INFO: [ view_filter ] --START--
INFO: ContentReplace Behavior ::run [ RunTime:0.001265s ]
INFO: TokenBuild Behavior ::run [ RunTime:0.000462s ]
INFO: WriteHtmlCache Behavior ::run [ RunTime:0.000337s ]
INFO: ShowRuntime Behavior ::run [ RunTime:0.000394s ]
INFO: [ view_filter ] --END-- [ RunTime:0.002838s ]
INFO: [ view_end ] --START--
INFO: ShowPageTrace Behavior ::run [ RunTime:0.003400s ]
INFO: [ view_end ] --END-- [ RunTime:0.003525s ]

[ 2015-07-12T15:02:11+08:00 ] 101.226.66.21 /zc/mobile.php
INFO: [ app_begin ] --START--
INFO: ReadHtmlCache Behavior ::run [ RunTime:0.000446s ]
INFO: [ app_begin ] --END-- [ RunTime:0.000655s ]
SQL: SHOW COLUMNS FROM `fanwe_deal_cate` [ RunTime:0.002659s ]
SQL: SELECT * FROM `fanwe_deal_cate` ORDER BY id  [ RunTime:0.002412s ]
NOTIC: [8] Undefined index: wlm_mobile_type /webHome/LFWZ000390/www/zc/Mobile/Lib/Action/CommonAction.class.php 第 25 行.
NOTIC: [8] Undefined index: wlm_mobile_type /webHome/LFWZ000390/www/zc/Mobile/Lib/Action/CommonAction.class.php 第 28 行.
NOTIC: [8] Undefined index: wlm_mobile_type /webHome/LFWZ000390/www/zc/Mobile/Lib/Action/CommonAction.class.php 第 25 行.
NOTIC: [8] Undefined index: wlm_mobile_type /webHome/LFWZ000390/www/zc/Mobile/Lib/Action/CommonAction.class.php 第 28 行.
NOTIC: [8] Undefined index: wlm_mobile_type /webHome/LFWZ000390/www/zc/Mobile/Lib/Action/CommonAction.class.php 第 25 行.
NOTIC: [8] Undefined index: wlm_mobile_type /webHome/LFWZ000390/www/zc/Mobile/Lib/Action/CommonAction.class.php 第 28 行.
NOTIC: [8] Undefined index: wlm_mobile_type /webHome/LFWZ000390/www/zc/Mobile/Lib/Action/CommonAction.class.php 第 25 行.
NOTIC: [8] Undefined index: wlm_mobile_type /webHome/LFWZ000390/www/zc/Mobile/Lib/Action/CommonAction.class.php 第 28 行.
NOTIC: [8] Undefined index: wlm_mobile_type /webHome/LFWZ000390/www/zc/Mobile/Lib/Action/CommonAction.class.php 第 25 行.
NOTIC: [8] Undefined index: wlm_mobile_type /webHome/LFWZ000390/www/zc/Mobile/Lib/Action/CommonAction.class.php 第 28 行.
NOTIC: [8] Undefined index: wlm_mobile_type /webHome/LFWZ000390/www/zc/Mobile/Lib/Action/CommonAction.class.php 第 25 行.
NOTIC: [8] Undefined index: wlm_mobile_type /webHome/LFWZ000390/www/zc/Mobile/Lib/Action/CommonAction.class.php 第 28 行.
NOTIC: [8] Undefined index: wlm_mobile_type /webHome/LFWZ000390/www/zc/Mobile/Lib/Action/CommonAction.class.php 第 25 行.
NOTIC: [8] Undefined index: wlm_mobile_type /webHome/LFWZ000390/www/zc/Mobile/Lib/Action/CommonAction.class.php 第 28 行.
NOTIC: [8] Undefined index: wlm_mobile_type /webHome/LFWZ000390/www/zc/Mobile/Lib/Action/CommonAction.class.php 第 25 行.
NOTIC: [8] Undefined index: wlm_mobile_type /webHome/LFWZ000390/www/zc/Mobile/Lib/Action/CommonAction.class.php 第 28 行.
NOTIC: [8] Undefined index: wlm_mobile_type /webHome/LFWZ000390/www/zc/Mobile/Lib/Action/CommonAction.class.php 第 25 行.
NOTIC: [8] Undefined index: wlm_mobile_type /webHome/LFWZ000390/www/zc/Mobile/Lib/Action/CommonAction.class.php 第 28 行.
NOTIC: [8] Undefined index: wlm_mobile_type /webHome/LFWZ000390/www/zc/Mobile/Lib/Action/CommonAction.class.php 第 25 行.
NOTIC: [8] Undefined index: wlm_mobile_type /webHome/LFWZ000390/www/zc/Mobile/Lib/Action/CommonAction.class.php 第 28 行.
NOTIC: [8] Undefined index: wlm_mobile_type /webHome/LFWZ000390/www/zc/Mobile/Lib/Action/CommonAction.class.php 第 25 行.
NOTIC: [8] Undefined index: wlm_mobile_type /webHome/LFWZ000390/www/zc/Mobile/Lib/Action/CommonAction.class.php 第 28 行.
SQL: SHOW COLUMNS FROM `fanwe_deal` [ RunTime:0.005230s ]
SQL: SELECT id,name,image,end_time,limit_price,brief,support_amount,user_name,user_id,province,city FROM `fanwe_deal` WHERE ( `is_effect` = 1 ) ORDER BY is_recommend desc,sort desc,id desc LIMIT 0,5   [ RunTime:0.005594s ]
INFO: [ view_parse ] --START--
NOTIC: [8] Undefined index: uid /webHome/LFWZ000390/www/zc/Mobile/Runtime/Cache/e324f3ed94e020837035f6928d7c067b.php 第 138 行.
NOTIC: [8] Undefined index: golist_url /webHome/LFWZ000390/www/zc/Mobile/Runtime/Cache/e324f3ed94e020837035f6928d7c067b.php 第 176 行.
NOTIC: [8] Undefined index: golist_url /webHome/LFWZ000390/www/zc/Mobile/Runtime/Cache/e324f3ed94e020837035f6928d7c067b.php 第 176 行.
NOTIC: [8] Undefined index: golist_url /webHome/LFWZ000390/www/zc/Mobile/Runtime/Cache/e324f3ed94e020837035f6928d7c067b.php 第 176 行.
NOTIC: [8] Undefined index: golist_url /webHome/LFWZ000390/www/zc/Mobile/Runtime/Cache/e324f3ed94e020837035f6928d7c067b.php 第 176 行.
NOTIC: [8] Undefined index: golist_url /webHome/LFWZ000390/www/zc/Mobile/Runtime/Cache/e324f3ed94e020837035f6928d7c067b.php 第 176 行.
NOTIC: [8] Undefined index: golist_url /webHome/LFWZ000390/www/zc/Mobile/Runtime/Cache/e324f3ed94e020837035f6928d7c067b.php 第 176 行.
NOTIC: [8] Undefined index: golist_url /webHome/LFWZ000390/www/zc/Mobile/Runtime/Cache/e324f3ed94e020837035f6928d7c067b.php 第 176 行.
NOTIC: [8] Undefined index: golist_url /webHome/LFWZ000390/www/zc/Mobile/Runtime/Cache/e324f3ed94e020837035f6928d7c067b.php 第 176 行.
NOTIC: [8] Undefined index: golist_url /webHome/LFWZ000390/www/zc/Mobile/Runtime/Cache/e324f3ed94e020837035f6928d7c067b.php 第 176 行.
NOTIC: [8] Undefined index: golist_url /webHome/LFWZ000390/www/zc/Mobile/Runtime/Cache/e324f3ed94e020837035f6928d7c067b.php 第 176 行.
NOTIC: [8] Undefined index: golist_url /webHome/LFWZ000390/www/zc/Mobile/Runtime/Cache/e324f3ed94e020837035f6928d7c067b.php 第 176 行.
INFO: ParseTemplate Behavior ::run [ RunTime:0.080044s ]
INFO: [ view_parse ] --END-- [ RunTime:0.080237s ]
INFO: [ view_filter ] --START--
INFO: ContentReplace Behavior ::run [ RunTime:0.001791s ]
INFO: TokenBuild Behavior ::run [ RunTime:0.000607s ]
INFO: WriteHtmlCache Behavior ::run [ RunTime:0.000386s ]
INFO: ShowRuntime Behavior ::run [ RunTime:0.000518s ]
INFO: [ view_filter ] --END-- [ RunTime:0.003597s ]
INFO: [ view_end ] --START--
INFO: ShowPageTrace Behavior ::run [ RunTime:0.003538s ]
INFO: [ view_end ] --END-- [ RunTime:0.003713s ]

[ 2015-07-12T15:02:12+08:00 ] 60.220.212.3 /zc/mobile.php
INFO: [ app_begin ] --START--
INFO: ReadHtmlCache Behavior ::run [ RunTime:0.000579s ]
INFO: [ app_begin ] --END-- [ RunTime:0.000738s ]
SQL: SHOW COLUMNS FROM `fanwe_deal_cate` [ RunTime:0.003288s ]
SQL: SELECT * FROM `fanwe_deal_cate` ORDER BY id  [ RunTime:0.001731s ]
NOTIC: [8] Undefined index: wlm_mobile_type /webHome/LFWZ000390/www/zc/Mobile/Lib/Action/CommonAction.class.php 第 25 行.
NOTIC: [8] Undefined index: wlm_mobile_type /webHome/LFWZ000390/www/zc/Mobile/Lib/Action/CommonAction.class.php 第 28 行.
NOTIC: [8] Undefined index: wlm_mobile_type /webHome/LFWZ000390/www/zc/Mobile/Lib/Action/CommonAction.class.php 第 25 行.
NOTIC: [8] Undefined index: wlm_mobile_type /webHome/LFWZ000390/www/zc/Mobile/Lib/Action/CommonAction.class.php 第 28 行.
NOTIC: [8] Undefined index: wlm_mobile_type /webHome/LFWZ000390/www/zc/Mobile/Lib/Action/CommonAction.class.php 第 25 行.
NOTIC: [8] Undefined index: wlm_mobile_type /webHome/LFWZ000390/www/zc/Mobile/Lib/Action/CommonAction.class.php 第 28 行.
NOTIC: [8] Undefined index: wlm_mobile_type /webHome/LFWZ000390/www/zc/Mobile/Lib/Action/CommonAction.class.php 第 25 行.
NOTIC: [8] Undefined index: wlm_mobile_type /webHome/LFWZ000390/www/zc/Mobile/Lib/Action/CommonAction.class.php 第 28 行.
NOTIC: [8] Undefined index: wlm_mobile_type /webHome/LFWZ000390/www/zc/Mobile/Lib/Action/CommonAction.class.php 第 25 行.
NOTIC: [8] Undefined index: wlm_mobile_type /webHome/LFWZ000390/www/zc/Mobile/Lib/Action/CommonAction.class.php 第 28 行.
NOTIC: [8] Undefined index: wlm_mobile_type /webHome/LFWZ000390/www/zc/Mobile/Lib/Action/CommonAction.class.php 第 25 行.
NOTIC: [8] Undefined index: wlm_mobile_type /webHome/LFWZ000390/www/zc/Mobile/Lib/Action/CommonAction.class.php 第 28 行.
NOTIC: [8] Undefined index: wlm_mobile_type /webHome/LFWZ000390/www/zc/Mobile/Lib/Action/CommonAction.class.php 第 25 行.
NOTIC: [8] Undefined index: wlm_mobile_type /webHome/LFWZ000390/www/zc/Mobile/Lib/Action/CommonAction.class.php 第 28 行.
NOTIC: [8] Undefined index: wlm_mobile_type /webHome/LFWZ000390/www/zc/Mobile/Lib/Action/CommonAction.class.php 第 25 行.
NOTIC: [8] Undefined index: wlm_mobile_type /webHome/LFWZ000390/www/zc/Mobile/Lib/Action/CommonAction.class.php 第 28 行.
NOTIC: [8] Undefined index: wlm_mobile_type /webHome/LFWZ000390/www/zc/Mobile/Lib/Action/CommonAction.class.php 第 25 行.
NOTIC: [8] Undefined index: wlm_mobile_type /webHome/LFWZ000390/www/zc/Mobile/Lib/Action/CommonAction.class.php 第 28 行.
NOTIC: [8] Undefined index: wlm_mobile_type /webHome/LFWZ000390/www/zc/Mobile/Lib/Action/CommonAction.class.php 第 25 行.
NOTIC: [8] Undefined index: wlm_mobile_type /webHome/LFWZ000390/www/zc/Mobile/Lib/Action/CommonAction.class.php 第 28 行.
NOTIC: [8] Undefined index: wlm_mobile_type /webHome/LFWZ000390/www/zc/Mobile/Lib/Action/CommonAction.class.php 第 25 行.
NOTIC: [8] Undefined index: wlm_mobile_type /webHome/LFWZ000390/www/zc/Mobile/Lib/Action/CommonAction.class.php 第 28 行.
SQL: SHOW COLUMNS FROM `fanwe_deal` [ RunTime:0.003486s ]
SQL: SELECT id,name,image,end_time,limit_price,brief,support_amount,user_name,user_id,province,city FROM `fanwe_deal` WHERE ( `is_effect` = 1 ) ORDER BY is_recommend desc,sort desc,id desc LIMIT 0,5   [ RunTime:0.002921s ]
INFO: [ view_parse ] --START--
NOTIC: [8] Undefined index: uid /webHome/LFWZ000390/www/zc/Mobile/Runtime/Cache/e324f3ed94e020837035f6928d7c067b.php 第 138 行.
NOTIC: [8] Undefined index: golist_url /webHome/LFWZ000390/www/zc/Mobile/Runtime/Cache/e324f3ed94e020837035f6928d7c067b.php 第 176 行.
NOTIC: [8] Undefined index: golist_url /webHome/LFWZ000390/www/zc/Mobile/Runtime/Cache/e324f3ed94e020837035f6928d7c067b.php 第 176 行.
NOTIC: [8] Undefined index: golist_url /webHome/LFWZ000390/www/zc/Mobile/Runtime/Cache/e324f3ed94e020837035f6928d7c067b.php 第 176 行.
NOTIC: [8] Undefined index: golist_url /webHome/LFWZ000390/www/zc/Mobile/Runtime/Cache/e324f3ed94e020837035f6928d7c067b.php 第 176 行.
NOTIC: [8] Undefined index: golist_url /webHome/LFWZ000390/www/zc/Mobile/Runtime/Cache/e324f3ed94e020837035f6928d7c067b.php 第 176 行.
NOTIC: [8] Undefined index: golist_url /webHome/LFWZ000390/www/zc/Mobile/Runtime/Cache/e324f3ed94e020837035f6928d7c067b.php 第 176 行.
NOTIC: [8] Undefined index: golist_url /webHome/LFWZ000390/www/zc/Mobile/Runtime/Cache/e324f3ed94e020837035f6928d7c067b.php 第 176 行.
NOTIC: [8] Undefined index: golist_url /webHome/LFWZ000390/www/zc/Mobile/Runtime/Cache/e324f3ed94e020837035f6928d7c067b.php 第 176 行.
NOTIC: [8] Undefined index: golist_url /webHome/LFWZ000390/www/zc/Mobile/Runtime/Cache/e324f3ed94e020837035f6928d7c067b.php 第 176 行.
NOTIC: [8] Undefined index: golist_url /webHome/LFWZ000390/www/zc/Mobile/Runtime/Cache/e324f3ed94e020837035f6928d7c067b.php 第 176 行.
NOTIC: [8] Undefined index: golist_url /webHome/LFWZ000390/www/zc/Mobile/Runtime/Cache/e324f3ed94e020837035f6928d7c067b.php 第 176 行.
INFO: ParseTemplate Behavior ::run [ RunTime:0.056818s ]
INFO: [ view_parse ] --END-- [ RunTime:0.056966s ]
INFO: [ view_filter ] --START--
INFO: ContentReplace Behavior ::run [ RunTime:0.000845s ]
INFO: TokenBuild Behavior ::run [ RunTime:0.000456s ]
INFO: WriteHtmlCache Behavior ::run [ RunTime:0.011807s ]
INFO: ShowRuntime Behavior ::run [ RunTime:0.000520s ]
INFO: [ view_filter ] --END-- [ RunTime:0.014003s ]
INFO: [ view_end ] --START--
INFO: ShowPageTrace Behavior ::run [ RunTime:0.000511s ]
INFO: [ view_end ] --END-- [ RunTime:0.000635s ]

[ 2015-07-12T16:53:31+08:00 ] 1.29.59.70 /zc/mobile.php
INFO: [ app_begin ] --START--
INFO: ReadHtmlCache Behavior ::run [ RunTime:0.000595s ]
INFO: [ app_begin ] --END-- [ RunTime:0.000786s ]
SQL: SHOW COLUMNS FROM `fanwe_deal_cate` [ RunTime:0.002699s ]
SQL: SELECT * FROM `fanwe_deal_cate` ORDER BY id  [ RunTime:0.002989s ]
NOTIC: [8] Undefined index: wlm_mobile_type /webHome/LFWZ000390/www/zc/Mobile/Lib/Action/CommonAction.class.php 第 25 行.
NOTIC: [8] Undefined index: wlm_mobile_type /webHome/LFWZ000390/www/zc/Mobile/Lib/Action/CommonAction.class.php 第 28 行.
NOTIC: [8] Undefined index: wlm_mobile_type /webHome/LFWZ000390/www/zc/Mobile/Lib/Action/CommonAction.class.php 第 25 行.
NOTIC: [8] Undefined index: wlm_mobile_type /webHome/LFWZ000390/www/zc/Mobile/Lib/Action/CommonAction.class.php 第 28 行.
NOTIC: [8] Undefined index: wlm_mobile_type /webHome/LFWZ000390/www/zc/Mobile/Lib/Action/CommonAction.class.php 第 25 行.
NOTIC: [8] Undefined index: wlm_mobile_type /webHome/LFWZ000390/www/zc/Mobile/Lib/Action/CommonAction.class.php 第 28 行.
NOTIC: [8] Undefined index: wlm_mobile_type /webHome/LFWZ000390/www/zc/Mobile/Lib/Action/CommonAction.class.php 第 25 行.
NOTIC: [8] Undefined index: wlm_mobile_type /webHome/LFWZ000390/www/zc/Mobile/Lib/Action/CommonAction.class.php 第 28 行.
NOTIC: [8] Undefined index: wlm_mobile_type /webHome/LFWZ000390/www/zc/Mobile/Lib/Action/CommonAction.class.php 第 25 行.
NOTIC: [8] Undefined index: wlm_mobile_type /webHome/LFWZ000390/www/zc/Mobile/Lib/Action/CommonAction.class.php 第 28 行.
NOTIC: [8] Undefined index: wlm_mobile_type /webHome/LFWZ000390/www/zc/Mobile/Lib/Action/CommonAction.class.php 第 25 行.
NOTIC: [8] Undefined index: wlm_mobile_type /webHome/LFWZ000390/www/zc/Mobile/Lib/Action/CommonAction.class.php 第 28 行.
NOTIC: [8] Undefined index: wlm_mobile_type /webHome/LFWZ000390/www/zc/Mobile/Lib/Action/CommonAction.class.php 第 25 行.
NOTIC: [8] Undefined index: wlm_mobile_type /webHome/LFWZ000390/www/zc/Mobile/Lib/Action/CommonAction.class.php 第 28 行.
NOTIC: [8] Undefined index: wlm_mobile_type /webHome/LFWZ000390/www/zc/Mobile/Lib/Action/CommonAction.class.php 第 25 行.
NOTIC: [8] Undefined index: wlm_mobile_type /webHome/LFWZ000390/www/zc/Mobile/Lib/Action/CommonAction.class.php 第 28 行.
NOTIC: [8] Undefined index: wlm_mobile_type /webHome/LFWZ000390/www/zc/Mobile/Lib/Action/CommonAction.class.php 第 25 行.
NOTIC: [8] Undefined index: wlm_mobile_type /webHome/LFWZ000390/www/zc/Mobile/Lib/Action/CommonAction.class.php 第 28 行.
NOTIC: [8] Undefined index: wlm_mobile_type /webHome/LFWZ000390/www/zc/Mobile/Lib/Action/CommonAction.class.php 第 25 行.
NOTIC: [8] Undefined index: wlm_mobile_type /webHome/LFWZ000390/www/zc/Mobile/Lib/Action/CommonAction.class.php 第 28 行.
NOTIC: [8] Undefined index: wlm_mobile_type /webHome/LFWZ000390/www/zc/Mobile/Lib/Action/CommonAction.class.php 第 25 行.
NOTIC: [8] Undefined index: wlm_mobile_type /webHome/LFWZ000390/www/zc/Mobile/Lib/Action/CommonAction.class.php 第 28 行.
SQL: SHOW COLUMNS FROM `fanwe_deal` [ RunTime:0.014022s ]
SQL: SELECT id,name,image,end_time,limit_price,brief,support_amount,user_name,user_id,province,city FROM `fanwe_deal` WHERE ( `is_effect` = 1 ) ORDER BY is_recommend desc,sort desc,id desc LIMIT 0,5   [ RunTime:0.002109s ]
INFO: [ view_parse ] --START--
NOTIC: [8] Undefined index: uid /webHome/LFWZ000390/www/zc/Mobile/Runtime/Cache/e324f3ed94e020837035f6928d7c067b.php 第 138 行.
NOTIC: [8] Undefined index: golist_url /webHome/LFWZ000390/www/zc/Mobile/Runtime/Cache/e324f3ed94e020837035f6928d7c067b.php 第 176 行.
NOTIC: [8] Undefined index: golist_url /webHome/LFWZ000390/www/zc/Mobile/Runtime/Cache/e324f3ed94e020837035f6928d7c067b.php 第 176 行.
NOTIC: [8] Undefined index: golist_url /webHome/LFWZ000390/www/zc/Mobile/Runtime/Cache/e324f3ed94e020837035f6928d7c067b.php 第 176 行.
NOTIC: [8] Undefined index: golist_url /webHome/LFWZ000390/www/zc/Mobile/Runtime/Cache/e324f3ed94e020837035f6928d7c067b.php 第 176 行.
NOTIC: [8] Undefined index: golist_url /webHome/LFWZ000390/www/zc/Mobile/Runtime/Cache/e324f3ed94e020837035f6928d7c067b.php 第 176 行.
NOTIC: [8] Undefined index: golist_url /webHome/LFWZ000390/www/zc/Mobile/Runtime/Cache/e324f3ed94e020837035f6928d7c067b.php 第 176 行.
NOTIC: [8] Undefined index: golist_url /webHome/LFWZ000390/www/zc/Mobile/Runtime/Cache/e324f3ed94e020837035f6928d7c067b.php 第 176 行.
NOTIC: [8] Undefined index: golist_url /webHome/LFWZ000390/www/zc/Mobile/Runtime/Cache/e324f3ed94e020837035f6928d7c067b.php 第 176 行.
NOTIC: [8] Undefined index: golist_url /webHome/LFWZ000390/www/zc/Mobile/Runtime/Cache/e324f3ed94e020837035f6928d7c067b.php 第 176 行.
NOTIC: [8] Undefined index: golist_url /webHome/LFWZ000390/www/zc/Mobile/Runtime/Cache/e324f3ed94e020837035f6928d7c067b.php 第 176 行.
NOTIC: [8] Undefined index: golist_url /webHome/LFWZ000390/www/zc/Mobile/Runtime/Cache/e324f3ed94e020837035f6928d7c067b.php 第 176 行.
INFO: ParseTemplate Behavior ::run [ RunTime:0.064916s ]
INFO: [ view_parse ] --END-- [ RunTime:0.065092s ]
INFO: [ view_filter ] --START--
INFO: ContentReplace Behavior ::run [ RunTime:0.001724s ]
INFO: TokenBuild Behavior ::run [ RunTime:0.005923s ]
INFO: WriteHtmlCache Behavior ::run [ RunTime:0.004156s ]
INFO: ShowRuntime Behavior ::run [ RunTime:0.000572s ]
INFO: [ view_filter ] --END-- [ RunTime:0.013004s ]
INFO: [ view_end ] --START--
INFO: ShowPageTrace Behavior ::run [ RunTime:0.000482s ]
INFO: [ view_end ] --END-- [ RunTime:0.000610s ]

[ 2015-07-12T16:54:23+08:00 ] 1.29.59.70 /zc/mobile.php?m=Deal&a=show&id=70
INFO: [ app_begin ] --START--
INFO: ReadHtmlCache Behavior ::run [ RunTime:0.000434s ]
INFO: [ app_begin ] --END-- [ RunTime:0.000562s ]
NOTIC: [2048] Declaration of DealAction::show() should be compatible with that of Action::show() /webHome/LFWZ000390/www/zc/Mobile/Lib/Action/DealAction.class.php 第 13 行.
SQL: SHOW COLUMNS FROM `fanwe_deal_cate` [ RunTime:0.001915s ]
SQL: SELECT * FROM `fanwe_deal_cate` ORDER BY id  [ RunTime:0.003427s ]
NOTIC: [8] Undefined index: uid /webHome/LFWZ000390/www/zc/Mobile/Lib/Action/DealAction.class.php 第 18 行.

[ 2015-07-12T16:54:23+08:00 ] 1.29.59.70 /zc/mobile.php?m=User&a=login
INFO: [ app_begin ] --START--
INFO: ReadHtmlCache Behavior ::run [ RunTime:0.000535s ]
INFO: [ app_begin ] --END-- [ RunTime:0.000666s ]
SQL: SHOW COLUMNS FROM `fanwe_deal_cate` [ RunTime:0.004717s ]
SQL: SELECT * FROM `fanwe_deal_cate` ORDER BY id  [ RunTime:0.001500s ]
INFO: [ view_parse ] --START--
NOTIC: [8] Undefined index: uid /webHome/LFWZ000390/www/zc/Mobile/Runtime/Cache/3f09c19aaee404737b66915351d540d1.php 第 128 行.
INFO: ParseTemplate Behavior ::run [ RunTime:0.024200s ]
INFO: [ view_parse ] --END-- [ RunTime:0.024388s ]
INFO: [ view_filter ] --START--
INFO: ContentReplace Behavior ::run [ RunTime:0.004015s ]
INFO: TokenBuild Behavior ::run [ RunTime:0.000728s ]
INFO: WriteHtmlCache Behavior ::run [ RunTime:0.000555s ]
INFO: ShowRuntime Behavior ::run [ RunTime:0.000431s ]
INFO: [ view_filter ] --END-- [ RunTime:0.006090s ]
INFO: [ view_end ] --START--
INFO: ShowPageTrace Behavior ::run [ RunTime:0.000444s ]
INFO: [ view_end ] --END-- [ RunTime:0.000610s ]

[ 2015-07-12T16:54:26+08:00 ] 1.29.59.70 /zc/mobile.php
INFO: [ app_begin ] --START--
INFO: ReadHtmlCache Behavior ::run [ RunTime:0.000471s ]
INFO: [ app_begin ] --END-- [ RunTime:0.000623s ]
SQL: SHOW COLUMNS FROM `fanwe_deal_cate` [ RunTime:0.013861s ]
SQL: SELECT * FROM `fanwe_deal_cate` ORDER BY id  [ RunTime:0.013473s ]
SQL: SHOW COLUMNS FROM `fanwe_deal` [ RunTime:0.004950s ]
SQL: SELECT id,name,image,end_time,limit_price,brief,support_amount,user_name,user_id,province,city FROM `fanwe_deal` WHERE ( `is_effect` = 1 ) ORDER BY is_recommend desc,sort desc,id desc LIMIT 0,5   [ RunTime:0.002266s ]
INFO: [ view_parse ] --START--
NOTIC: [8] Undefined index: uid /webHome/LFWZ000390/www/zc/Mobile/Runtime/Cache/e324f3ed94e020837035f6928d7c067b.php 第 138 行.
INFO: ParseTemplate Behavior ::run [ RunTime:0.080315s ]
INFO: [ view_parse ] --END-- [ RunTime:0.080502s ]
INFO: [ view_filter ] --START--
INFO: ContentReplace Behavior ::run [ RunTime:0.003107s ]
INFO: TokenBuild Behavior ::run [ RunTime:0.000837s ]
INFO: WriteHtmlCache Behavior ::run [ RunTime:0.000611s ]
INFO: ShowRuntime Behavior ::run [ RunTime:0.003842s ]
INFO: [ view_filter ] --END-- [ RunTime:0.009011s ]
INFO: [ view_end ] --START--
INFO: ShowPageTrace Behavior ::run [ RunTime:0.000681s ]
INFO: [ view_end ] --END-- [ RunTime:0.000780s ]

