[ 2015-07-21T15:36:36+08:00 ] 180.153.214.198 /zc/mobile.php
INFO: [ app_begin ] --START--
INFO: ReadHtmlCache Behavior ::run [ RunTime:0.000629s ]
INFO: [ app_begin ] --END-- [ RunTime:0.000786s ]
SQL: SHOW COLUMNS FROM `fanwe_deal_cate` [ RunTime:0.011874s ]
SQL: SELECT * FROM `fanwe_deal_cate` ORDER BY id  [ RunTime:0.001503s ]
NOTIC: [8] Undefined index: wlm_mobile_type /webHome/LFWZ000390/www/zc/Mobile/Lib/Action/CommonAction.class.php 第 25 行.
NOTIC: [8] Undefined index: wlm_mobile_type /webHome/LFWZ000390/www/zc/Mobile/Lib/Action/CommonAction.class.php 第 28 行.
NOTIC: [8] Undefined index: wlm_mobile_type /webHome/LFWZ000390/www/zc/Mobile/Lib/Action/CommonAction.class.php 第 25 行.
NOTIC: [8] Undefined index: wlm_mobile_type /webHome/LFWZ000390/www/zc/Mobile/Lib/Action/CommonAction.class.php 第 28 行.
NOTIC: [8] Undefined index: wlm_mobile_type /webHome/LFWZ000390/www/zc/Mobile/Lib/Action/CommonAction.class.php 第 25 行.
NOTIC: [8] Undefined index: wlm_mobile_type /webHome/LFWZ000390/www/zc/Mobile/Lib/Action/CommonAction.class.php 第 28 行.
NOTIC: [8] Undefined index: wlm_mobile_type /webHome/LFWZ000390/www/zc/Mobile/Lib/Action/CommonAction.class.php 第 25 行.
NOTIC: [8] Undefined index: wlm_mobile_type /webHome/LFWZ000390/www/zc/Mobile/Lib/Action/CommonAction.class.php 第 28 行.
NOTIC: [8] Undefined index: wlm_mobile_type /webHome/LFWZ000390/www/zc/Mobile/Lib/Action/CommonAction.class.php 第 25 行.
NOTIC: [8] Undefined index: wlm_mobile_type /webHome/LFWZ000390/www/zc/Mobile/Lib/Action/CommonAction.class.php 第 28 行.
NOTIC: [8] Undefined index: wlm_mobile_type /webHome/LFWZ000390/www/zc/Mobile/Lib/Action/CommonAction.class.php 第 25 行.
NOTIC: [8] Undefined index: wlm_mobile_type /webHome/LFWZ000390/www/zc/Mobile/Lib/Action/CommonAction.class.php 第 28 行.
NOTIC: [8] Undefined index: wlm_mobile_type /webHome/LFWZ000390/www/zc/Mobile/Lib/Action/CommonAction.class.php 第 25 行.
NOTIC: [8] Undefined index: wlm_mobile_type /webHome/LFWZ000390/www/zc/Mobile/Lib/Action/CommonAction.class.php 第 28 行.
NOTIC: [8] Undefined index: wlm_mobile_type /webHome/LFWZ000390/www/zc/Mobile/Lib/Action/CommonAction.class.php 第 25 行.
NOTIC: [8] Undefined index: wlm_mobile_type /webHome/LFWZ000390/www/zc/Mobile/Lib/Action/CommonAction.class.php 第 28 行.
NOTIC: [8] Undefined index: wlm_mobile_type /webHome/LFWZ000390/www/zc/Mobile/Lib/Action/CommonAction.class.php 第 25 行.
NOTIC: [8] Undefined index: wlm_mobile_type /webHome/LFWZ000390/www/zc/Mobile/Lib/Action/CommonAction.class.php 第 28 行.
SQL: SHOW COLUMNS FROM `fanwe_deal` [ RunTime:0.025820s ]
SQL: SELECT id,name,image,end_time,limit_price,brief,support_amount,user_name,user_id,province,city FROM `fanwe_deal` WHERE ( `is_effect` = 1 ) ORDER BY is_recommend desc,sort desc,id desc LIMIT 0,5   [ RunTime:0.002587s ]
INFO: [ view_parse ] --START--
NOTIC: [8] Undefined index: uid /webHome/LFWZ000390/www/zc/Mobile/Runtime/Cache/e324f3ed94e020837035f6928d7c067b.php 第 138 行.
NOTIC: [8] Undefined index: golist_url /webHome/LFWZ000390/www/zc/Mobile/Runtime/Cache/e324f3ed94e020837035f6928d7c067b.php 第 176 行.
NOTIC: [8] Undefined index: golist_url /webHome/LFWZ000390/www/zc/Mobile/Runtime/Cache/e324f3ed94e020837035f6928d7c067b.php 第 176 行.
NOTIC: [8] Undefined index: golist_url /webHome/LFWZ000390/www/zc/Mobile/Runtime/Cache/e324f3ed94e020837035f6928d7c067b.php 第 176 行.
NOTIC: [8] Undefined index: golist_url /webHome/LFWZ000390/www/zc/Mobile/Runtime/Cache/e324f3ed94e020837035f6928d7c067b.php 第 176 行.
NOTIC: [8] Undefined index: golist_url /webHome/LFWZ000390/www/zc/Mobile/Runtime/Cache/e324f3ed94e020837035f6928d7c067b.php 第 176 行.
NOTIC: [8] Undefined index: golist_url /webHome/LFWZ000390/www/zc/Mobile/Runtime/Cache/e324f3ed94e020837035f6928d7c067b.php 第 176 行.
NOTIC: [8] Undefined index: golist_url /webHome/LFWZ000390/www/zc/Mobile/Runtime/Cache/e324f3ed94e020837035f6928d7c067b.php 第 176 行.
NOTIC: [8] Undefined index: golist_url /webHome/LFWZ000390/www/zc/Mobile/Runtime/Cache/e324f3ed94e020837035f6928d7c067b.php 第 176 行.
NOTIC: [8] Undefined index: golist_url /webHome/LFWZ000390/www/zc/Mobile/Runtime/Cache/e324f3ed94e020837035f6928d7c067b.php 第 176 行.
INFO: ParseTemplate Behavior ::run [ RunTime:0.060157s ]
INFO: [ view_parse ] --END-- [ RunTime:0.060319s ]
INFO: [ view_filter ] --START--
INFO: ContentReplace Behavior ::run [ RunTime:0.000768s ]
INFO: TokenBuild Behavior ::run [ RunTime:0.003181s ]
INFO: WriteHtmlCache Behavior ::run [ RunTime:0.000376s ]
INFO: ShowRuntime Behavior ::run [ RunTime:0.000526s ]
INFO: [ view_filter ] --END-- [ RunTime:0.005259s ]
INFO: [ view_end ] --START--
INFO: ShowPageTrace Behavior ::run [ RunTime:0.000420s ]
INFO: [ view_end ] --END-- [ RunTime:0.000508s ]

[ 2015-07-21T15:45:26+08:00 ] 180.153.214.192 /zc/mobile.php
INFO: [ app_begin ] --START--
INFO: ReadHtmlCache Behavior ::run [ RunTime:0.000541s ]
INFO: [ app_begin ] --END-- [ RunTime:0.000914s ]
SQL: SHOW COLUMNS FROM `fanwe_deal_cate` [ RunTime:0.011855s ]
SQL: SELECT * FROM `fanwe_deal_cate` ORDER BY id  [ RunTime:0.002584s ]
NOTIC: [8] Undefined index: wlm_mobile_type /webHome/LFWZ000390/www/zc/Mobile/Lib/Action/CommonAction.class.php 第 25 行.
NOTIC: [8] Undefined index: wlm_mobile_type /webHome/LFWZ000390/www/zc/Mobile/Lib/Action/CommonAction.class.php 第 28 行.
NOTIC: [8] Undefined index: wlm_mobile_type /webHome/LFWZ000390/www/zc/Mobile/Lib/Action/CommonAction.class.php 第 25 行.
NOTIC: [8] Undefined index: wlm_mobile_type /webHome/LFWZ000390/www/zc/Mobile/Lib/Action/CommonAction.class.php 第 28 行.
NOTIC: [8] Undefined index: wlm_mobile_type /webHome/LFWZ000390/www/zc/Mobile/Lib/Action/CommonAction.class.php 第 25 行.
NOTIC: [8] Undefined index: wlm_mobile_type /webHome/LFWZ000390/www/zc/Mobile/Lib/Action/CommonAction.class.php 第 28 行.
NOTIC: [8] Undefined index: wlm_mobile_type /webHome/LFWZ000390/www/zc/Mobile/Lib/Action/CommonAction.class.php 第 25 行.
NOTIC: [8] Undefined index: wlm_mobile_type /webHome/LFWZ000390/www/zc/Mobile/Lib/Action/CommonAction.class.php 第 28 行.
NOTIC: [8] Undefined index: wlm_mobile_type /webHome/LFWZ000390/www/zc/Mobile/Lib/Action/CommonAction.class.php 第 25 行.
NOTIC: [8] Undefined index: wlm_mobile_type /webHome/LFWZ000390/www/zc/Mobile/Lib/Action/CommonAction.class.php 第 28 行.
NOTIC: [8] Undefined index: wlm_mobile_type /webHome/LFWZ000390/www/zc/Mobile/Lib/Action/CommonAction.class.php 第 25 行.
NOTIC: [8] Undefined index: wlm_mobile_type /webHome/LFWZ000390/www/zc/Mobile/Lib/Action/CommonAction.class.php 第 28 行.
NOTIC: [8] Undefined index: wlm_mobile_type /webHome/LFWZ000390/www/zc/Mobile/Lib/Action/CommonAction.class.php 第 25 行.
NOTIC: [8] Undefined index: wlm_mobile_type /webHome/LFWZ000390/www/zc/Mobile/Lib/Action/CommonAction.class.php 第 28 行.
NOTIC: [8] Undefined index: wlm_mobile_type /webHome/LFWZ000390/www/zc/Mobile/Lib/Action/CommonAction.class.php 第 25 行.
NOTIC: [8] Undefined index: wlm_mobile_type /webHome/LFWZ000390/www/zc/Mobile/Lib/Action/CommonAction.class.php 第 28 行.
NOTIC: [8] Undefined index: wlm_mobile_type /webHome/LFWZ000390/www/zc/Mobile/Lib/Action/CommonAction.class.php 第 25 行.
NOTIC: [8] Undefined index: wlm_mobile_type /webHome/LFWZ000390/www/zc/Mobile/Lib/Action/CommonAction.class.php 第 28 行.
SQL: SHOW COLUMNS FROM `fanwe_deal` [ RunTime:0.024963s ]
SQL: SELECT id,name,image,end_time,limit_price,brief,support_amount,user_name,user_id,province,city FROM `fanwe_deal` WHERE ( `is_effect` = 1 ) ORDER BY is_recommend desc,sort desc,id desc LIMIT 0,5   [ RunTime:0.006074s ]
INFO: [ view_parse ] --START--
NOTIC: [8] Undefined index: uid /webHome/LFWZ000390/www/zc/Mobile/Runtime/Cache/e324f3ed94e020837035f6928d7c067b.php 第 138 行.
NOTIC: [8] Undefined index: golist_url /webHome/LFWZ000390/www/zc/Mobile/Runtime/Cache/e324f3ed94e020837035f6928d7c067b.php 第 176 行.
NOTIC: [8] Undefined index: golist_url /webHome/LFWZ000390/www/zc/Mobile/Runtime/Cache/e324f3ed94e020837035f6928d7c067b.php 第 176 行.
NOTIC: [8] Undefined index: golist_url /webHome/LFWZ000390/www/zc/Mobile/Runtime/Cache/e324f3ed94e020837035f6928d7c067b.php 第 176 行.
NOTIC: [8] Undefined index: golist_url /webHome/LFWZ000390/www/zc/Mobile/Runtime/Cache/e324f3ed94e020837035f6928d7c067b.php 第 176 行.
NOTIC: [8] Undefined index: golist_url /webHome/LFWZ000390/www/zc/Mobile/Runtime/Cache/e324f3ed94e020837035f6928d7c067b.php 第 176 行.
NOTIC: [8] Undefined index: golist_url /webHome/LFWZ000390/www/zc/Mobile/Runtime/Cache/e324f3ed94e020837035f6928d7c067b.php 第 176 行.
NOTIC: [8] Undefined index: golist_url /webHome/LFWZ000390/www/zc/Mobile/Runtime/Cache/e324f3ed94e020837035f6928d7c067b.php 第 176 行.
NOTIC: [8] Undefined index: golist_url /webHome/LFWZ000390/www/zc/Mobile/Runtime/Cache/e324f3ed94e020837035f6928d7c067b.php 第 176 行.
NOTIC: [8] Undefined index: golist_url /webHome/LFWZ000390/www/zc/Mobile/Runtime/Cache/e324f3ed94e020837035f6928d7c067b.php 第 176 行.
INFO: ParseTemplate Behavior ::run [ RunTime:0.036630s ]
INFO: [ view_parse ] --END-- [ RunTime:0.036890s ]
INFO: [ view_filter ] --START--
INFO: ContentReplace Behavior ::run [ RunTime:0.000677s ]
INFO: TokenBuild Behavior ::run [ RunTime:0.000481s ]
INFO: WriteHtmlCache Behavior ::run [ RunTime:0.000391s ]
INFO: ShowRuntime Behavior ::run [ RunTime:0.000432s ]
INFO: [ view_filter ] --END-- [ RunTime:0.002292s ]
INFO: [ view_end ] --START--
INFO: ShowPageTrace Behavior ::run [ RunTime:0.000580s ]
INFO: [ view_end ] --END-- [ RunTime:0.000672s ]

[ 2015-07-21T15:47:12+08:00 ] 101.226.33.218 /zc/mobile.php
INFO: [ app_begin ] --START--
INFO: ReadHtmlCache Behavior ::run [ RunTime:0.002888s ]
INFO: [ app_begin ] --END-- [ RunTime:0.003040s ]
SQL: SHOW COLUMNS FROM `fanwe_deal_cate` [ RunTime:0.020890s ]
SQL: SELECT * FROM `fanwe_deal_cate` ORDER BY id  [ RunTime:0.003814s ]
NOTIC: [8] Undefined index: wlm_mobile_type /webHome/LFWZ000390/www/zc/Mobile/Lib/Action/CommonAction.class.php 第 25 行.
NOTIC: [8] Undefined index: wlm_mobile_type /webHome/LFWZ000390/www/zc/Mobile/Lib/Action/CommonAction.class.php 第 28 行.
NOTIC: [8] Undefined index: wlm_mobile_type /webHome/LFWZ000390/www/zc/Mobile/Lib/Action/CommonAction.class.php 第 25 行.
NOTIC: [8] Undefined index: wlm_mobile_type /webHome/LFWZ000390/www/zc/Mobile/Lib/Action/CommonAction.class.php 第 28 行.
NOTIC: [8] Undefined index: wlm_mobile_type /webHome/LFWZ000390/www/zc/Mobile/Lib/Action/CommonAction.class.php 第 25 行.
NOTIC: [8] Undefined index: wlm_mobile_type /webHome/LFWZ000390/www/zc/Mobile/Lib/Action/CommonAction.class.php 第 28 行.
NOTIC: [8] Undefined index: wlm_mobile_type /webHome/LFWZ000390/www/zc/Mobile/Lib/Action/CommonAction.class.php 第 25 行.
NOTIC: [8] Undefined index: wlm_mobile_type /webHome/LFWZ000390/www/zc/Mobile/Lib/Action/CommonAction.class.php 第 28 行.
NOTIC: [8] Undefined index: wlm_mobile_type /webHome/LFWZ000390/www/zc/Mobile/Lib/Action/CommonAction.class.php 第 25 行.
NOTIC: [8] Undefined index: wlm_mobile_type /webHome/LFWZ000390/www/zc/Mobile/Lib/Action/CommonAction.class.php 第 28 行.
NOTIC: [8] Undefined index: wlm_mobile_type /webHome/LFWZ000390/www/zc/Mobile/Lib/Action/CommonAction.class.php 第 25 行.
NOTIC: [8] Undefined index: wlm_mobile_type /webHome/LFWZ000390/www/zc/Mobile/Lib/Action/CommonAction.class.php 第 28 行.
NOTIC: [8] Undefined index: wlm_mobile_type /webHome/LFWZ000390/www/zc/Mobile/Lib/Action/CommonAction.class.php 第 25 行.
NOTIC: [8] Undefined index: wlm_mobile_type /webHome/LFWZ000390/www/zc/Mobile/Lib/Action/CommonAction.class.php 第 28 行.
NOTIC: [8] Undefined index: wlm_mobile_type /webHome/LFWZ000390/www/zc/Mobile/Lib/Action/CommonAction.class.php 第 25 行.
NOTIC: [8] Undefined index: wlm_mobile_type /webHome/LFWZ000390/www/zc/Mobile/Lib/Action/CommonAction.class.php 第 28 行.
NOTIC: [8] Undefined index: wlm_mobile_type /webHome/LFWZ000390/www/zc/Mobile/Lib/Action/CommonAction.class.php 第 25 行.
NOTIC: [8] Undefined index: wlm_mobile_type /webHome/LFWZ000390/www/zc/Mobile/Lib/Action/CommonAction.class.php 第 28 行.
SQL: SHOW COLUMNS FROM `fanwe_deal` [ RunTime:0.003593s ]
SQL: SELECT id,name,image,end_time,limit_price,brief,support_amount,user_name,user_id,province,city FROM `fanwe_deal` WHERE ( `is_effect` = 1 ) ORDER BY is_recommend desc,sort desc,id desc LIMIT 0,5   [ RunTime:0.003823s ]
INFO: [ view_parse ] --START--
NOTIC: [8] Undefined index: uid /webHome/LFWZ000390/www/zc/Mobile/Runtime/Cache/e324f3ed94e020837035f6928d7c067b.php 第 138 行.
NOTIC: [8] Undefined index: golist_url /webHome/LFWZ000390/www/zc/Mobile/Runtime/Cache/e324f3ed94e020837035f6928d7c067b.php 第 176 行.
NOTIC: [8] Undefined index: golist_url /webHome/LFWZ000390/www/zc/Mobile/Runtime/Cache/e324f3ed94e020837035f6928d7c067b.php 第 176 行.
NOTIC: [8] Undefined index: golist_url /webHome/LFWZ000390/www/zc/Mobile/Runtime/Cache/e324f3ed94e020837035f6928d7c067b.php 第 176 行.
NOTIC: [8] Undefined index: golist_url /webHome/LFWZ000390/www/zc/Mobile/Runtime/Cache/e324f3ed94e020837035f6928d7c067b.php 第 176 行.
NOTIC: [8] Undefined index: golist_url /webHome/LFWZ000390/www/zc/Mobile/Runtime/Cache/e324f3ed94e020837035f6928d7c067b.php 第 176 行.
NOTIC: [8] Undefined index: golist_url /webHome/LFWZ000390/www/zc/Mobile/Runtime/Cache/e324f3ed94e020837035f6928d7c067b.php 第 176 行.
NOTIC: [8] Undefined index: golist_url /webHome/LFWZ000390/www/zc/Mobile/Runtime/Cache/e324f3ed94e020837035f6928d7c067b.php 第 176 行.
NOTIC: [8] Undefined index: golist_url /webHome/LFWZ000390/www/zc/Mobile/Runtime/Cache/e324f3ed94e020837035f6928d7c067b.php 第 176 行.
NOTIC: [8] Undefined index: golist_url /webHome/LFWZ000390/www/zc/Mobile/Runtime/Cache/e324f3ed94e020837035f6928d7c067b.php 第 176 行.
INFO: ParseTemplate Behavior ::run [ RunTime:0.064196s ]
INFO: [ view_parse ] --END-- [ RunTime:0.064330s ]
INFO: [ view_filter ] --START--
INFO: ContentReplace Behavior ::run [ RunTime:0.000854s ]
INFO: TokenBuild Behavior ::run [ RunTime:0.000405s ]
INFO: WriteHtmlCache Behavior ::run [ RunTime:0.000396s ]
INFO: ShowRuntime Behavior ::run [ RunTime:0.000416s ]
INFO: [ view_filter ] --END-- [ RunTime:0.002345s ]
INFO: [ view_end ] --START--
INFO: ShowPageTrace Behavior ::run [ RunTime:0.000423s ]
INFO: [ view_end ] --END-- [ RunTime:0.000513s ]

