[ 2015-09-05T06:23:49+08:00 ] 207.46.13.122 /zc/mobile.php
INFO: [ app_begin ] --START--
INFO: ReadHtmlCache Behavior ::run [ RunTime:0.000335s ]
INFO: [ app_begin ] --END-- [ RunTime:0.000425s ]
SQL: SHOW COLUMNS FROM `fanwe_deal_cate` [ RunTime:0.002846s ]
SQL: SELECT * FROM `fanwe_deal_cate` ORDER BY id  [ RunTime:0.001698s ]
NOTIC: [8] Undefined index: wlm_mobile_type /webHome/LFWZ000390/www/zc/Mobile/Lib/Action/CommonAction.class.php 第 25 行.
NOTIC: [8] Undefined index: wlm_mobile_type /webHome/LFWZ000390/www/zc/Mobile/Lib/Action/CommonAction.class.php 第 28 行.
NOTIC: [8] Undefined index: wlm_mobile_type /webHome/LFWZ000390/www/zc/Mobile/Lib/Action/CommonAction.class.php 第 25 行.
NOTIC: [8] Undefined index: wlm_mobile_type /webHome/LFWZ000390/www/zc/Mobile/Lib/Action/CommonAction.class.php 第 28 行.
NOTIC: [8] Undefined index: wlm_mobile_type /webHome/LFWZ000390/www/zc/Mobile/Lib/Action/CommonAction.class.php 第 25 行.
NOTIC: [8] Undefined index: wlm_mobile_type /webHome/LFWZ000390/www/zc/Mobile/Lib/Action/CommonAction.class.php 第 28 行.
NOTIC: [8] Undefined index: wlm_mobile_type /webHome/LFWZ000390/www/zc/Mobile/Lib/Action/CommonAction.class.php 第 25 行.
NOTIC: [8] Undefined index: wlm_mobile_type /webHome/LFWZ000390/www/zc/Mobile/Lib/Action/CommonAction.class.php 第 28 行.
NOTIC: [8] Undefined index: wlm_mobile_type /webHome/LFWZ000390/www/zc/Mobile/Lib/Action/CommonAction.class.php 第 25 行.
NOTIC: [8] Undefined index: wlm_mobile_type /webHome/LFWZ000390/www/zc/Mobile/Lib/Action/CommonAction.class.php 第 28 行.
NOTIC: [8] Undefined index: wlm_mobile_type /webHome/LFWZ000390/www/zc/Mobile/Lib/Action/CommonAction.class.php 第 25 行.
NOTIC: [8] Undefined index: wlm_mobile_type /webHome/LFWZ000390/www/zc/Mobile/Lib/Action/CommonAction.class.php 第 28 行.
NOTIC: [8] Undefined index: wlm_mobile_type /webHome/LFWZ000390/www/zc/Mobile/Lib/Action/CommonAction.class.php 第 25 行.
NOTIC: [8] Undefined index: wlm_mobile_type /webHome/LFWZ000390/www/zc/Mobile/Lib/Action/CommonAction.class.php 第 28 行.
NOTIC: [8] Undefined index: wlm_mobile_type /webHome/LFWZ000390/www/zc/Mobile/Lib/Action/CommonAction.class.php 第 25 行.
NOTIC: [8] Undefined index: wlm_mobile_type /webHome/LFWZ000390/www/zc/Mobile/Lib/Action/CommonAction.class.php 第 28 行.
NOTIC: [8] Undefined index: wlm_mobile_type /webHome/LFWZ000390/www/zc/Mobile/Lib/Action/CommonAction.class.php 第 25 行.
NOTIC: [8] Undefined index: wlm_mobile_type /webHome/LFWZ000390/www/zc/Mobile/Lib/Action/CommonAction.class.php 第 28 行.
SQL: SHOW COLUMNS FROM `fanwe_deal` [ RunTime:0.003533s ]
SQL: SELECT id,name,image,end_time,limit_price,brief,support_amount,user_name,user_id,province,city FROM `fanwe_deal` WHERE ( `is_effect` = 1 ) ORDER BY is_recommend desc,sort desc,id desc LIMIT 0,5   [ RunTime:0.002395s ]
INFO: [ view_parse ] --START--
NOTIC: [8] Undefined index: uid /webHome/LFWZ000390/www/zc/Mobile/Runtime/Cache/e324f3ed94e020837035f6928d7c067b.php 第 148 行.
NOTIC: [8] Undefined index: golist_url /webHome/LFWZ000390/www/zc/Mobile/Runtime/Cache/e324f3ed94e020837035f6928d7c067b.php 第 185 行.
NOTIC: [8] Undefined index: golist_url /webHome/LFWZ000390/www/zc/Mobile/Runtime/Cache/e324f3ed94e020837035f6928d7c067b.php 第 185 行.
NOTIC: [8] Undefined index: golist_url /webHome/LFWZ000390/www/zc/Mobile/Runtime/Cache/e324f3ed94e020837035f6928d7c067b.php 第 185 行.
NOTIC: [8] Undefined index: golist_url /webHome/LFWZ000390/www/zc/Mobile/Runtime/Cache/e324f3ed94e020837035f6928d7c067b.php 第 185 行.
NOTIC: [8] Undefined index: golist_url /webHome/LFWZ000390/www/zc/Mobile/Runtime/Cache/e324f3ed94e020837035f6928d7c067b.php 第 185 行.
NOTIC: [8] Undefined index: golist_url /webHome/LFWZ000390/www/zc/Mobile/Runtime/Cache/e324f3ed94e020837035f6928d7c067b.php 第 185 行.
NOTIC: [8] Undefined index: golist_url /webHome/LFWZ000390/www/zc/Mobile/Runtime/Cache/e324f3ed94e020837035f6928d7c067b.php 第 185 行.
NOTIC: [8] Undefined index: golist_url /webHome/LFWZ000390/www/zc/Mobile/Runtime/Cache/e324f3ed94e020837035f6928d7c067b.php 第 186 行.
NOTIC: [8] Undefined index: golist_url /webHome/LFWZ000390/www/zc/Mobile/Runtime/Cache/e324f3ed94e020837035f6928d7c067b.php 第 185 行.
NOTIC: [8] Undefined index: golist_url /webHome/LFWZ000390/www/zc/Mobile/Runtime/Cache/e324f3ed94e020837035f6928d7c067b.php 第 185 行.
INFO: ParseTemplate Behavior ::run [ RunTime:0.025857s ]
INFO: [ view_parse ] --END-- [ RunTime:0.026017s ]
INFO: [ view_filter ] --START--
INFO: ContentReplace Behavior ::run [ RunTime:0.000631s ]
INFO: TokenBuild Behavior ::run [ RunTime:0.000396s ]
INFO: WriteHtmlCache Behavior ::run [ RunTime:0.000423s ]
INFO: ShowRuntime Behavior ::run [ RunTime:0.000425s ]
INFO: [ view_filter ] --END-- [ RunTime:0.002230s ]
INFO: [ view_end ] --START--
INFO: ShowPageTrace Behavior ::run [ RunTime:0.000397s ]
INFO: [ view_end ] --END-- [ RunTime:0.000519s ]

