[ 2015-06-07T01:19:44+08:00 ] 127.0.0.1 /zcw/mobile.php?m=Car&a=car
INFO: [ app_begin ] --START--
INFO: ReadHtmlCache Behavior ::run [ RunTime:0.012000s ]
INFO: [ app_begin ] --END-- [ RunTime:0.062003s ]
SQL: SHOW COLUMNS FROM `fanwe_car` [ RunTime:0.538031s ]
SQL: SELECT `deal_id` FROM `fanwe_car` WHERE ( uid=23 )  [ RunTime:0.016001s ]
SQL: SHOW COLUMNS FROM `fanwe_deal_cate` [ RunTime:0.087005s ]
SQL: SELECT * FROM `fanwe_deal_cate` ORDER BY id  [ RunTime:0.002000s ]
NOTIC: [8] Undefined variable: str E:\workspaceszend\zcw\Mobile\Lib\Action\CommonAction.class.php 第 44 行.
SQL: SHOW COLUMNS FROM `fanwe_deal` [ RunTime:0.205012s ]
SQL: SELECT * FROM `fanwe_deal` WHERE ( `is_effect` = 1 ) AND (  (`id` in(58))  ) ORDER BY sort desc,id desc  [ RunTime:0.172009s ]
INFO: [ view_parse ] --START--
NOTIC: [8] Undefined variable: info E:\workspaceszend\zcw\Mobile\Runtime\Cache\67efbb64a4ccf52ced3dab09d02f1e4d.php 第 197 行.
INFO: ParseTemplate Behavior ::run [ RunTime:0.094005s ]
INFO: [ view_parse ] --END-- [ RunTime:0.094005s ]
INFO: [ view_filter ] --START--
INFO: ContentReplace Behavior ::run [ RunTime:0.001000s ]
INFO: TokenBuild Behavior ::run [ RunTime:0.001001s ]
INFO: WriteHtmlCache Behavior ::run [ RunTime:0.001000s ]
INFO: ShowRuntime Behavior ::run [ RunTime:0.024001s ]
INFO: [ view_filter ] --END-- [ RunTime:0.027002s ]
INFO: [ view_end ] --START--
INFO: ShowPageTrace Behavior ::run [ RunTime:0.002000s ]
INFO: [ view_end ] --END-- [ RunTime:0.002000s ]

[ 2015-06-07T23:15:33+08:00 ] 127.0.0.1 /zcw/mobile.php
INFO: [ app_begin ] --START--
INFO: ReadHtmlCache Behavior ::run [ RunTime:0.001000s ]
INFO: [ app_begin ] --END-- [ RunTime:0.001000s ]
SQL: SHOW COLUMNS FROM `fanwe_deal_cate` [ RunTime:0.022001s ]
SQL: SELECT * FROM `fanwe_deal_cate` ORDER BY id  [ RunTime:0.002000s ]
NOTIC: [8] Undefined index: wlm_mobile_type E:\workspaceszend\zcw\Mobile\Lib\Action\CommonAction.class.php 第 25 行.
NOTIC: [8] Undefined index: wlm_mobile_type E:\workspaceszend\zcw\Mobile\Lib\Action\CommonAction.class.php 第 28 行.
NOTIC: [8] Undefined index: wlm_mobile_type E:\workspaceszend\zcw\Mobile\Lib\Action\CommonAction.class.php 第 25 行.
NOTIC: [8] Undefined index: wlm_mobile_type E:\workspaceszend\zcw\Mobile\Lib\Action\CommonAction.class.php 第 28 行.
NOTIC: [8] Undefined index: wlm_mobile_type E:\workspaceszend\zcw\Mobile\Lib\Action\CommonAction.class.php 第 25 行.
NOTIC: [8] Undefined index: wlm_mobile_type E:\workspaceszend\zcw\Mobile\Lib\Action\CommonAction.class.php 第 28 行.
NOTIC: [8] Undefined index: wlm_mobile_type E:\workspaceszend\zcw\Mobile\Lib\Action\CommonAction.class.php 第 25 行.
NOTIC: [8] Undefined index: wlm_mobile_type E:\workspaceszend\zcw\Mobile\Lib\Action\CommonAction.class.php 第 28 行.
NOTIC: [8] Undefined index: wlm_mobile_type E:\workspaceszend\zcw\Mobile\Lib\Action\CommonAction.class.php 第 25 行.
NOTIC: [8] Undefined index: wlm_mobile_type E:\workspaceszend\zcw\Mobile\Lib\Action\CommonAction.class.php 第 28 行.
NOTIC: [8] Undefined index: wlm_mobile_type E:\workspaceszend\zcw\Mobile\Lib\Action\CommonAction.class.php 第 25 行.
NOTIC: [8] Undefined index: wlm_mobile_type E:\workspaceszend\zcw\Mobile\Lib\Action\CommonAction.class.php 第 28 行.
NOTIC: [8] Undefined index: wlm_mobile_type E:\workspaceszend\zcw\Mobile\Lib\Action\CommonAction.class.php 第 25 行.
NOTIC: [8] Undefined index: wlm_mobile_type E:\workspaceszend\zcw\Mobile\Lib\Action\CommonAction.class.php 第 28 行.
NOTIC: [8] Undefined index: wlm_mobile_type E:\workspaceszend\zcw\Mobile\Lib\Action\CommonAction.class.php 第 25 行.
NOTIC: [8] Undefined index: wlm_mobile_type E:\workspaceszend\zcw\Mobile\Lib\Action\CommonAction.class.php 第 28 行.
NOTIC: [8] Undefined index: wlm_mobile_type E:\workspaceszend\zcw\Mobile\Lib\Action\CommonAction.class.php 第 25 行.
NOTIC: [8] Undefined index: wlm_mobile_type E:\workspaceszend\zcw\Mobile\Lib\Action\CommonAction.class.php 第 28 行.
NOTIC: [8] Undefined index: wlm_mobile_type E:\workspaceszend\zcw\Mobile\Lib\Action\CommonAction.class.php 第 25 行.
NOTIC: [8] Undefined index: wlm_mobile_type E:\workspaceszend\zcw\Mobile\Lib\Action\CommonAction.class.php 第 28 行.
SQL: SHOW COLUMNS FROM `fanwe_deal` [ RunTime:0.010001s ]
SQL: SELECT id,name,image,end_time,limit_price,brief,support_amount,user_name,user_id,province,city FROM `fanwe_deal` WHERE ( `is_effect` = 1 ) ORDER BY sort desc,id desc LIMIT 0,5   [ RunTime:0.002000s ]
INFO: [ view_parse ] --START--
NOTIC: [8] Undefined index: golist_url E:\workspaceszend\zcw\Mobile\Runtime\Cache\e324f3ed94e020837035f6928d7c067b.php 第 139 行.
NOTIC: [8] Undefined index: golist_url E:\workspaceszend\zcw\Mobile\Runtime\Cache\e324f3ed94e020837035f6928d7c067b.php 第 139 行.
NOTIC: [8] Undefined index: golist_url E:\workspaceszend\zcw\Mobile\Runtime\Cache\e324f3ed94e020837035f6928d7c067b.php 第 139 行.
NOTIC: [8] Undefined index: golist_url E:\workspaceszend\zcw\Mobile\Runtime\Cache\e324f3ed94e020837035f6928d7c067b.php 第 139 行.
NOTIC: [8] Undefined index: golist_url E:\workspaceszend\zcw\Mobile\Runtime\Cache\e324f3ed94e020837035f6928d7c067b.php 第 139 行.
NOTIC: [8] Undefined index: golist_url E:\workspaceszend\zcw\Mobile\Runtime\Cache\e324f3ed94e020837035f6928d7c067b.php 第 139 行.
NOTIC: [8] Undefined index: golist_url E:\workspaceszend\zcw\Mobile\Runtime\Cache\e324f3ed94e020837035f6928d7c067b.php 第 139 行.
NOTIC: [8] Undefined index: golist_url E:\workspaceszend\zcw\Mobile\Runtime\Cache\e324f3ed94e020837035f6928d7c067b.php 第 139 行.
NOTIC: [8] Undefined index: golist_url E:\workspaceszend\zcw\Mobile\Runtime\Cache\e324f3ed94e020837035f6928d7c067b.php 第 139 行.
NOTIC: [8] Undefined index: golist_url E:\workspaceszend\zcw\Mobile\Runtime\Cache\e324f3ed94e020837035f6928d7c067b.php 第 139 行.
INFO: ParseTemplate Behavior ::run [ RunTime:0.075005s ]
INFO: [ view_parse ] --END-- [ RunTime:0.075005s ]
INFO: [ view_filter ] --START--
INFO: ContentReplace Behavior ::run [ RunTime:0.001000s ]
INFO: TokenBuild Behavior ::run [ RunTime:0.001000s ]
INFO: WriteHtmlCache Behavior ::run [ RunTime:0.001000s ]
INFO: ShowRuntime Behavior ::run [ RunTime:0.001000s ]
INFO: [ view_filter ] --END-- [ RunTime:0.004000s ]
INFO: [ view_end ] --START--
INFO: ShowPageTrace Behavior ::run [ RunTime:0.002000s ]
INFO: [ view_end ] --END-- [ RunTime:0.002000s ]

[ 2015-06-07T23:15:46+08:00 ] 127.0.0.1 /zcw/mobile.php?m=Deal&a=show&id=63
INFO: [ app_begin ] --START--
INFO: ReadHtmlCache Behavior ::run [ RunTime:0.001000s ]
INFO: [ app_begin ] --END-- [ RunTime:0.001000s ]
NOTIC: [2048] Declaration of DealAction::show() should be compatible with that of Action::show() E:\workspaceszend\zcw\Mobile\Lib\Action\DealAction.class.php 第 13 行.
SQL: SHOW COLUMNS FROM `fanwe_deal_cate` [ RunTime:0.005001s ]
SQL: SELECT * FROM `fanwe_deal_cate` ORDER BY id  [ RunTime:0.001000s ]
NOTIC: [8] Undefined index: uid E:\workspaceszend\zcw\Mobile\Lib\Action\DealAction.class.php 第 18 行.

[ 2015-06-07T23:15:47+08:00 ] 127.0.0.1 /zcw/mobile.php?m=User&a=login
INFO: [ app_begin ] --START--
INFO: ReadHtmlCache Behavior ::run [ RunTime:0.001000s ]
INFO: [ app_begin ] --END-- [ RunTime:0.001000s ]
SQL: SHOW COLUMNS FROM `fanwe_deal_cate` [ RunTime:0.006000s ]
SQL: SELECT * FROM `fanwe_deal_cate` ORDER BY id  [ RunTime:0.002000s ]
INFO: [ view_parse ] --START--
INFO: ParseTemplate Behavior ::run [ RunTime:0.065004s ]
INFO: [ view_parse ] --END-- [ RunTime:0.065004s ]
INFO: [ view_filter ] --START--
INFO: ContentReplace Behavior ::run [ RunTime:0.002000s ]
INFO: TokenBuild Behavior ::run [ RunTime:0.001000s ]
INFO: WriteHtmlCache Behavior ::run [ RunTime:0.001000s ]
INFO: ShowRuntime Behavior ::run [ RunTime:0.002000s ]
INFO: [ view_filter ] --END-- [ RunTime:0.006000s ]
INFO: [ view_end ] --START--
INFO: ShowPageTrace Behavior ::run [ RunTime:0.001000s ]
INFO: [ view_end ] --END-- [ RunTime:0.002000s ]

[ 2015-06-07T23:15:56+08:00 ] 127.0.0.1 /zcw/mobile.php?m=User&a=do_login
INFO: [ app_begin ] --START--
INFO: ReadHtmlCache Behavior ::run [ RunTime:0.001000s ]
INFO: [ app_begin ] --END-- [ RunTime:0.002000s ]
SQL: SHOW COLUMNS FROM `fanwe_deal_cate` [ RunTime:0.008001s ]
SQL: SELECT * FROM `fanwe_deal_cate` ORDER BY id  [ RunTime:0.003000s ]
SQL: SHOW COLUMNS FROM `fanwe_user` [ RunTime:0.066004s ]
SQL: SELECT * FROM `fanwe_user` WHERE ( `user_name` = 'mengruo' ) AND ( `user_pwd` = '5cc137e9603f128de3c978f0000d54cf' ) LIMIT 1   [ RunTime:0.006000s ]
INFO: [ view_parse ] --START--
INFO: ParseTemplate Behavior ::run [ RunTime:0.072004s ]
INFO: [ view_parse ] --END-- [ RunTime:0.072004s ]
INFO: [ view_filter ] --START--
INFO: ContentReplace Behavior ::run [ RunTime:0.002000s ]
INFO: TokenBuild Behavior ::run [ RunTime:0.001000s ]
INFO: WriteHtmlCache Behavior ::run [ RunTime:0.001000s ]
INFO: ShowRuntime Behavior ::run [ RunTime:0.001000s ]
INFO: [ view_filter ] --END-- [ RunTime:0.006000s ]
INFO: [ view_end ] --START--
INFO: ShowPageTrace Behavior ::run [ RunTime:0.001000s ]
INFO: [ view_end ] --END-- [ RunTime:0.001000s ]

[ 2015-06-07T23:15:57+08:00 ] 127.0.0.1 /zcw/mobile.php?m=Index&a=index
INFO: [ app_begin ] --START--
INFO: ReadHtmlCache Behavior ::run [ RunTime:0.001000s ]
INFO: [ app_begin ] --END-- [ RunTime:0.001000s ]
SQL: SHOW COLUMNS FROM `fanwe_deal_cate` [ RunTime:0.008001s ]
SQL: SELECT * FROM `fanwe_deal_cate` ORDER BY id  [ RunTime:0.002000s ]
SQL: SHOW COLUMNS FROM `fanwe_deal` [ RunTime:0.009000s ]
SQL: SELECT id,name,image,end_time,limit_price,brief,support_amount,user_name,user_id,province,city FROM `fanwe_deal` WHERE ( `is_effect` = 1 ) ORDER BY sort desc,id desc LIMIT 0,5   [ RunTime:0.001000s ]
INFO: [ view_parse ] --START--
INFO: ParseTemplate Behavior ::run [ RunTime:0.023002s ]
INFO: [ view_parse ] --END-- [ RunTime:0.023002s ]
INFO: [ view_filter ] --START--
INFO: ContentReplace Behavior ::run [ RunTime:0.001000s ]
INFO: TokenBuild Behavior ::run [ RunTime:0.001000s ]
INFO: WriteHtmlCache Behavior ::run [ RunTime:0.001000s ]
INFO: ShowRuntime Behavior ::run [ RunTime:0.001000s ]
INFO: [ view_filter ] --END-- [ RunTime:0.004000s ]
INFO: [ view_end ] --START--
INFO: ShowPageTrace Behavior ::run [ RunTime:0.001000s ]
INFO: [ view_end ] --END-- [ RunTime:0.001000s ]

[ 2015-06-07T23:16:02+08:00 ] 127.0.0.1 /zcw/mobile.php?m=Deal&a=show&id=63
INFO: [ app_begin ] --START--
INFO: ReadHtmlCache Behavior ::run [ RunTime:0.002000s ]
INFO: [ app_begin ] --END-- [ RunTime:0.002000s ]
NOTIC: [2048] Declaration of DealAction::show() should be compatible with that of Action::show() E:\workspaceszend\zcw\Mobile\Lib\Action\DealAction.class.php 第 13 行.
SQL: SHOW COLUMNS FROM `fanwe_deal_cate` [ RunTime:0.007001s ]
SQL: SELECT * FROM `fanwe_deal_cate` ORDER BY id  [ RunTime:0.002000s ]
SQL: SHOW COLUMNS FROM `fanwe_deal` [ RunTime:0.010001s ]
SQL: SELECT * FROM `fanwe_deal` WHERE ( `id` = 63 ) AND ( `is_effect` = 1 ) LIMIT 1   [ RunTime:0.003000s ]
NOTIC: [8] Use of undefined constant __AIMG__ - assumed '__AIMG__' E:\workspaceszend\zcw\Mobile\Lib\Action\DealAction.class.php 第 37 行.
NOTIC: [8] Use of undefined constant needAmount - assumed 'needAmount' E:\workspaceszend\zcw\Mobile\Lib\Action\DealAction.class.php 第 48 行.
SQL: SHOW COLUMNS FROM `fanwe_deal_focus_log` [ RunTime:0.008000s ]
SQL: SELECT * FROM `fanwe_deal_focus_log` WHERE ( `user_id` = 23 ) AND ( `deal_id` = 63 ) LIMIT 1   [ RunTime:0.002000s ]
SQL: SELECT * FROM `fanwe_deal` WHERE ( deal_id=63 and isshow=1 ) LIMIT 1   [ RunTime:0.000000s ]
ERR: 1054:Unknown column 'deal_id' in 'where clause'
 [ SQL语句 ] : SELECT * FROM `fanwe_deal` WHERE ( deal_id=63 and isshow=1 ) LIMIT 1  
INFO: [ view_parse ] --START--
INFO: ParseTemplate Behavior ::run [ RunTime:0.047002s ]
INFO: [ view_parse ] --END-- [ RunTime:0.047002s ]
INFO: [ view_filter ] --START--
INFO: ContentReplace Behavior ::run [ RunTime:0.002000s ]
INFO: TokenBuild Behavior ::run [ RunTime:0.001000s ]
INFO: WriteHtmlCache Behavior ::run [ RunTime:0.001000s ]
INFO: ShowRuntime Behavior ::run [ RunTime:0.002001s ]
INFO: [ view_filter ] --END-- [ RunTime:0.006001s ]
INFO: [ view_end ] --START--
INFO: ShowPageTrace Behavior ::run [ RunTime:0.001000s ]
INFO: [ view_end ] --END-- [ RunTime:0.002000s ]

[ 2015-06-07T23:17:05+08:00 ] 127.0.0.1 /zcw/mobile.php?m=Deal&a=show&id=63
INFO: [ app_begin ] --START--
INFO: ReadHtmlCache Behavior ::run [ RunTime:0.001000s ]
INFO: [ app_begin ] --END-- [ RunTime:0.002000s ]
NOTIC: [2048] Declaration of DealAction::show() should be compatible with that of Action::show() E:\workspaceszend\zcw\Mobile\Lib\Action\DealAction.class.php 第 13 行.
SQL: SHOW COLUMNS FROM `fanwe_deal_cate` [ RunTime:0.006000s ]
SQL: SELECT * FROM `fanwe_deal_cate` ORDER BY id  [ RunTime:0.001000s ]
SQL: SHOW COLUMNS FROM `fanwe_deal` [ RunTime:0.007001s ]
SQL: SELECT * FROM `fanwe_deal` WHERE ( `id` = 63 ) AND ( `is_effect` = 1 ) LIMIT 1   [ RunTime:0.001000s ]
NOTIC: [8] Use of undefined constant __AIMG__ - assumed '__AIMG__' E:\workspaceszend\zcw\Mobile\Lib\Action\DealAction.class.php 第 37 行.
NOTIC: [8] Use of undefined constant needAmount - assumed 'needAmount' E:\workspaceszend\zcw\Mobile\Lib\Action\DealAction.class.php 第 48 行.
SQL: SHOW COLUMNS FROM `fanwe_deal_focus_log` [ RunTime:0.006000s ]
SQL: SELECT * FROM `fanwe_deal_focus_log` WHERE ( `user_id` = 23 ) AND ( `deal_id` = 63 ) LIMIT 1   [ RunTime:0.002000s ]
SQL: SELECT * FROM `fanwe_deal` WHERE ( deal_id=63 and isshow=1 ) LIMIT 1   [ RunTime:0.001000s ]
ERR: 1054:Unknown column 'deal_id' in 'where clause'
 [ SQL语句 ] : SELECT * FROM `fanwe_deal` WHERE ( deal_id=63 and isshow=1 ) LIMIT 1  
INFO: [ view_parse ] --START--
INFO: ParseTemplate Behavior ::run [ RunTime:0.026002s ]
INFO: [ view_parse ] --END-- [ RunTime:0.026002s ]
INFO: [ view_filter ] --START--
INFO: ContentReplace Behavior ::run [ RunTime:0.001000s ]
INFO: TokenBuild Behavior ::run [ RunTime:0.001000s ]
INFO: WriteHtmlCache Behavior ::run [ RunTime:0.001000s ]
INFO: ShowRuntime Behavior ::run [ RunTime:0.001000s ]
INFO: [ view_filter ] --END-- [ RunTime:0.004000s ]
INFO: [ view_end ] --START--
INFO: ShowPageTrace Behavior ::run [ RunTime:0.002000s ]
INFO: [ view_end ] --END-- [ RunTime:0.002000s ]

[ 2015-06-07T23:17:49+08:00 ] 127.0.0.1 /zcw/mobile.php?m=Deal&a=show&id=63
INFO: [ app_begin ] --START--
INFO: ReadHtmlCache Behavior ::run [ RunTime:0.001000s ]
INFO: [ app_begin ] --END-- [ RunTime:0.001000s ]
NOTIC: [2048] Declaration of DealAction::show() should be compatible with that of Action::show() E:\workspaceszend\zcw\Mobile\Lib\Action\DealAction.class.php 第 13 行.
SQL: SHOW COLUMNS FROM `fanwe_deal_cate` [ RunTime:0.005000s ]
SQL: SELECT * FROM `fanwe_deal_cate` ORDER BY id  [ RunTime:0.002000s ]
SQL: SHOW COLUMNS FROM `fanwe_deal` [ RunTime:0.008000s ]
SQL: SELECT * FROM `fanwe_deal` WHERE ( `id` = 63 ) AND ( `is_effect` = 1 ) LIMIT 1   [ RunTime:0.001000s ]
NOTIC: [8] Use of undefined constant __AIMG__ - assumed '__AIMG__' E:\workspaceszend\zcw\Mobile\Lib\Action\DealAction.class.php 第 37 行.
NOTIC: [8] Use of undefined constant needAmount - assumed 'needAmount' E:\workspaceszend\zcw\Mobile\Lib\Action\DealAction.class.php 第 48 行.
SQL: SHOW COLUMNS FROM `fanwe_deal_focus_log` [ RunTime:0.008001s ]
SQL: SELECT * FROM `fanwe_deal_focus_log` WHERE ( `user_id` = 23 ) AND ( `deal_id` = 63 ) LIMIT 1   [ RunTime:0.001000s ]
SQL: SELECT * FROM `fanwe_deal` WHERE ( deal_id=63 and isshow=1 ) LIMIT 1   [ RunTime:0.000000s ]
ERR: 1054:Unknown column 'deal_id' in 'where clause'
 [ SQL语句 ] : SELECT * FROM `fanwe_deal` WHERE ( deal_id=63 and isshow=1 ) LIMIT 1  
INFO: [ view_parse ] --START--
INFO: ParseTemplate Behavior ::run [ RunTime:0.020001s ]
INFO: [ view_parse ] --END-- [ RunTime:0.021001s ]
INFO: [ view_filter ] --START--
INFO: ContentReplace Behavior ::run [ RunTime:0.001000s ]
INFO: TokenBuild Behavior ::run [ RunTime:0.002000s ]
INFO: WriteHtmlCache Behavior ::run [ RunTime:0.000000s ]
INFO: ShowRuntime Behavior ::run [ RunTime:0.001000s ]
INFO: [ view_filter ] --END-- [ RunTime:0.004000s ]
INFO: [ view_end ] --START--
INFO: ShowPageTrace Behavior ::run [ RunTime:0.001000s ]
INFO: [ view_end ] --END-- [ RunTime:0.001000s ]

[ 2015-06-07T23:18:17+08:00 ] 127.0.0.1 /zcw/mobile.php?m=Deal&a=show&id=63
INFO: [ app_begin ] --START--
INFO: ReadHtmlCache Behavior ::run [ RunTime:0.000000s ]
INFO: [ app_begin ] --END-- [ RunTime:0.000000s ]
NOTIC: [2048] Declaration of DealAction::show() should be compatible with that of Action::show() E:\workspaceszend\zcw\Mobile\Lib\Action\DealAction.class.php 第 13 行.
SQL: SHOW COLUMNS FROM `fanwe_deal_cate` [ RunTime:0.005000s ]
SQL: SELECT * FROM `fanwe_deal_cate` ORDER BY id  [ RunTime:0.003000s ]
SQL: SHOW COLUMNS FROM `fanwe_deal` [ RunTime:0.007001s ]
SQL: SELECT * FROM `fanwe_deal` WHERE ( `id` = 63 ) AND ( `is_effect` = 1 ) LIMIT 1   [ RunTime:0.001000s ]
NOTIC: [8] Use of undefined constant __AIMG__ - assumed '__AIMG__' E:\workspaceszend\zcw\Mobile\Lib\Action\DealAction.class.php 第 37 行.
NOTIC: [8] Use of undefined constant needAmount - assumed 'needAmount' E:\workspaceszend\zcw\Mobile\Lib\Action\DealAction.class.php 第 48 行.
SQL: SHOW COLUMNS FROM `fanwe_deal_focus_log` [ RunTime:0.005000s ]
SQL: SELECT * FROM `fanwe_deal_focus_log` WHERE ( `user_id` = 23 ) AND ( `deal_id` = 63 ) LIMIT 1   [ RunTime:0.003000s ]
SQL: SELECT * FROM `fanwe_deal` WHERE ( deal_id=63 and isshow=1 ) LIMIT 1   [ RunTime:0.000000s ]
ERR: 1054:Unknown column 'deal_id' in 'where clause'
 [ SQL语句 ] : SELECT * FROM `fanwe_deal` WHERE ( deal_id=63 and isshow=1 ) LIMIT 1  
INFO: [ view_parse ] --START--
INFO: ParseTemplate Behavior ::run [ RunTime:0.029001s ]
INFO: [ view_parse ] --END-- [ RunTime:0.029001s ]
INFO: [ view_filter ] --START--
INFO: ContentReplace Behavior ::run [ RunTime:0.001000s ]
INFO: TokenBuild Behavior ::run [ RunTime:0.000000s ]
INFO: WriteHtmlCache Behavior ::run [ RunTime:0.001000s ]
INFO: ShowRuntime Behavior ::run [ RunTime:0.001000s ]
INFO: [ view_filter ] --END-- [ RunTime:0.004000s ]
INFO: [ view_end ] --START--
INFO: ShowPageTrace Behavior ::run [ RunTime:0.001000s ]
INFO: [ view_end ] --END-- [ RunTime:0.001000s ]

[ 2015-06-07T23:18:56+08:00 ] 127.0.0.1 /zcw/mobile.php?m=Deal&a=show&id=63
INFO: [ app_begin ] --START--
INFO: ReadHtmlCache Behavior ::run [ RunTime:0.001000s ]
INFO: [ app_begin ] --END-- [ RunTime:0.001000s ]
NOTIC: [2048] Declaration of DealAction::show() should be compatible with that of Action::show() E:\workspaceszend\zcw\Mobile\Lib\Action\DealAction.class.php 第 13 行.
SQL: SHOW COLUMNS FROM `fanwe_deal_cate` [ RunTime:0.007000s ]
SQL: SELECT * FROM `fanwe_deal_cate` ORDER BY id  [ RunTime:0.001000s ]
SQL: SHOW COLUMNS FROM `fanwe_deal` [ RunTime:0.006000s ]
SQL: SELECT * FROM `fanwe_deal` WHERE ( `id` = 63 ) AND ( `is_effect` = 1 ) LIMIT 1   [ RunTime:0.002000s ]
NOTIC: [8] Use of undefined constant __AIMG__ - assumed '__AIMG__' E:\workspaceszend\zcw\Mobile\Lib\Action\DealAction.class.php 第 37 行.
NOTIC: [8] Use of undefined constant needAmount - assumed 'needAmount' E:\workspaceszend\zcw\Mobile\Lib\Action\DealAction.class.php 第 48 行.
SQL: SHOW COLUMNS FROM `fanwe_deal_focus_log` [ RunTime:0.007001s ]
SQL: SELECT * FROM `fanwe_deal_focus_log` WHERE ( `user_id` = 23 ) AND ( `deal_id` = 63 ) LIMIT 1   [ RunTime:0.001000s ]
SQL: SELECT * FROM `fanwe_deal` WHERE ( deal_id=63 and isshow=1 ) LIMIT 1   [ RunTime:0.001000s ]
ERR: 1054:Unknown column 'deal_id' in 'where clause'
 [ SQL语句 ] : SELECT * FROM `fanwe_deal` WHERE ( deal_id=63 and isshow=1 ) LIMIT 1  
INFO: [ view_parse ] --START--
INFO: ParseTemplate Behavior ::run [ RunTime:0.024001s ]
INFO: [ view_parse ] --END-- [ RunTime:0.025001s ]
INFO: [ view_filter ] --START--
INFO: ContentReplace Behavior ::run [ RunTime:0.001000s ]
INFO: TokenBuild Behavior ::run [ RunTime:0.000000s ]
INFO: WriteHtmlCache Behavior ::run [ RunTime:0.001000s ]
INFO: ShowRuntime Behavior ::run [ RunTime:0.001000s ]
INFO: [ view_filter ] --END-- [ RunTime:0.003000s ]
INFO: [ view_end ] --START--
INFO: ShowPageTrace Behavior ::run [ RunTime:0.001000s ]
INFO: [ view_end ] --END-- [ RunTime:0.001000s ]

[ 2015-06-07T23:19:21+08:00 ] 127.0.0.1 /zcw/mobile.php?m=Deal&a=show&id=63
INFO: [ app_begin ] --START--
INFO: ReadHtmlCache Behavior ::run [ RunTime:0.001000s ]
INFO: [ app_begin ] --END-- [ RunTime:0.001000s ]
NOTIC: [2048] Declaration of DealAction::show() should be compatible with that of Action::show() E:\workspaceszend\zcw\Mobile\Lib\Action\DealAction.class.php 第 13 行.
SQL: SHOW COLUMNS FROM `fanwe_deal_cate` [ RunTime:0.005000s ]
SQL: SELECT * FROM `fanwe_deal_cate` ORDER BY id  [ RunTime:0.002000s ]
SQL: SHOW COLUMNS FROM `fanwe_deal` [ RunTime:0.015000s ]
SQL: SELECT * FROM `fanwe_deal` WHERE ( `id` = 63 ) AND ( `is_effect` = 1 ) LIMIT 1   [ RunTime:0.005001s ]
NOTIC: [8] Use of undefined constant __AIMG__ - assumed '__AIMG__' E:\workspaceszend\zcw\Mobile\Lib\Action\DealAction.class.php 第 37 行.
NOTIC: [8] Use of undefined constant needAmount - assumed 'needAmount' E:\workspaceszend\zcw\Mobile\Lib\Action\DealAction.class.php 第 48 行.
SQL: SHOW COLUMNS FROM `fanwe_deal_focus_log` [ RunTime:0.007000s ]
SQL: SELECT * FROM `fanwe_deal_focus_log` WHERE ( `user_id` = 23 ) AND ( `deal_id` = 63 ) LIMIT 1   [ RunTime:0.002000s ]
SQL: SELECT * FROM `fanwe_deal` WHERE ( deal_id=63 and isshow=1 ) LIMIT 1   [ RunTime:0.001000s ]
ERR: 1054:Unknown column 'deal_id' in 'where clause'
 [ SQL语句 ] : SELECT * FROM `fanwe_deal` WHERE ( deal_id=63 and isshow=1 ) LIMIT 1  
INFO: [ view_parse ] --START--
INFO: ParseTemplate Behavior ::run [ RunTime:0.037002s ]
INFO: [ view_parse ] --END-- [ RunTime:0.037002s ]
INFO: [ view_filter ] --START--
INFO: ContentReplace Behavior ::run [ RunTime:0.002001s ]
INFO: TokenBuild Behavior ::run [ RunTime:0.001000s ]
INFO: WriteHtmlCache Behavior ::run [ RunTime:0.001000s ]
INFO: ShowRuntime Behavior ::run [ RunTime:0.002000s ]
INFO: [ view_filter ] --END-- [ RunTime:0.007001s ]
INFO: [ view_end ] --START--
INFO: ShowPageTrace Behavior ::run [ RunTime:0.002000s ]
INFO: [ view_end ] --END-- [ RunTime:0.002000s ]

[ 2015-06-07T23:20:07+08:00 ] 127.0.0.1 /zcw/mobile.php?m=Deal&a=show&id=63
INFO: [ app_begin ] --START--
INFO: ReadHtmlCache Behavior ::run [ RunTime:0.001000s ]
INFO: [ app_begin ] --END-- [ RunTime:0.001000s ]
NOTIC: [2048] Declaration of DealAction::show() should be compatible with that of Action::show() E:\workspaceszend\zcw\Mobile\Lib\Action\DealAction.class.php 第 13 行.
SQL: SHOW COLUMNS FROM `fanwe_deal_cate` [ RunTime:0.006000s ]
SQL: SELECT * FROM `fanwe_deal_cate` ORDER BY id  [ RunTime:0.002000s ]
SQL: SHOW COLUMNS FROM `fanwe_deal` [ RunTime:0.007000s ]
SQL: SELECT * FROM `fanwe_deal` WHERE ( `id` = 63 ) AND ( `is_effect` = 1 ) LIMIT 1   [ RunTime:0.001000s ]
NOTIC: [8] Use of undefined constant __AIMG__ - assumed '__AIMG__' E:\workspaceszend\zcw\Mobile\Lib\Action\DealAction.class.php 第 37 行.
NOTIC: [8] Use of undefined constant needAmount - assumed 'needAmount' E:\workspaceszend\zcw\Mobile\Lib\Action\DealAction.class.php 第 48 行.
SQL: SHOW COLUMNS FROM `fanwe_deal_focus_log` [ RunTime:0.007001s ]
SQL: SELECT * FROM `fanwe_deal_focus_log` WHERE ( `user_id` = 23 ) AND ( `deal_id` = 63 ) LIMIT 1   [ RunTime:0.002000s ]
SQL: SELECT * FROM `fanwe_deal` WHERE ( deal_id=63 and isshow=1 ) LIMIT 1   [ RunTime:0.001000s ]
ERR: 1054:Unknown column 'deal_id' in 'where clause'
 [ SQL语句 ] : SELECT * FROM `fanwe_deal` WHERE ( deal_id=63 and isshow=1 ) LIMIT 1  
INFO: [ view_parse ] --START--
INFO: ParseTemplate Behavior ::run [ RunTime:0.022001s ]
INFO: [ view_parse ] --END-- [ RunTime:0.022001s ]
INFO: [ view_filter ] --START--
INFO: ContentReplace Behavior ::run [ RunTime:0.001000s ]
INFO: TokenBuild Behavior ::run [ RunTime:0.001000s ]
INFO: WriteHtmlCache Behavior ::run [ RunTime:0.001000s ]
INFO: ShowRuntime Behavior ::run [ RunTime:0.001000s ]
INFO: [ view_filter ] --END-- [ RunTime:0.004000s ]
INFO: [ view_end ] --START--
INFO: ShowPageTrace Behavior ::run [ RunTime:0.001000s ]
INFO: [ view_end ] --END-- [ RunTime:0.001000s ]

[ 2015-06-07T23:20:53+08:00 ] 127.0.0.1 /zcw/mobile.php?m=Deal&a=show&id=63
INFO: [ app_begin ] --START--
INFO: ReadHtmlCache Behavior ::run [ RunTime:0.002000s ]
INFO: [ app_begin ] --END-- [ RunTime:0.002000s ]
NOTIC: [2048] Declaration of DealAction::show() should be compatible with that of Action::show() E:\workspaceszend\zcw\Mobile\Lib\Action\DealAction.class.php 第 13 行.
SQL: SHOW COLUMNS FROM `fanwe_deal_cate` [ RunTime:0.005000s ]
SQL: SELECT * FROM `fanwe_deal_cate` ORDER BY id  [ RunTime:0.001000s ]
SQL: SHOW COLUMNS FROM `fanwe_deal` [ RunTime:0.007001s ]
SQL: SELECT * FROM `fanwe_deal` WHERE ( `id` = 63 ) AND ( `is_effect` = 1 ) LIMIT 1   [ RunTime:0.002000s ]
NOTIC: [8] Use of undefined constant __AIMG__ - assumed '__AIMG__' E:\workspaceszend\zcw\Mobile\Lib\Action\DealAction.class.php 第 37 行.
NOTIC: [8] Use of undefined constant needAmount - assumed 'needAmount' E:\workspaceszend\zcw\Mobile\Lib\Action\DealAction.class.php 第 48 行.
SQL: SHOW COLUMNS FROM `fanwe_deal_focus_log` [ RunTime:0.006000s ]
SQL: SELECT * FROM `fanwe_deal_focus_log` WHERE ( `user_id` = 23 ) AND ( `deal_id` = 63 ) LIMIT 1   [ RunTime:0.002000s ]
SQL: SELECT * FROM `fanwe_deal` WHERE ( deal_id=63 and isshow=1 ) LIMIT 1   [ RunTime:0.000000s ]
ERR: 1054:Unknown column 'deal_id' in 'where clause'
 [ SQL语句 ] : SELECT * FROM `fanwe_deal` WHERE ( deal_id=63 and isshow=1 ) LIMIT 1  
INFO: [ view_parse ] --START--
INFO: ParseTemplate Behavior ::run [ RunTime:0.021001s ]
INFO: [ view_parse ] --END-- [ RunTime:0.021001s ]
INFO: [ view_filter ] --START--
INFO: ContentReplace Behavior ::run [ RunTime:0.001001s ]
INFO: TokenBuild Behavior ::run [ RunTime:0.000000s ]
INFO: WriteHtmlCache Behavior ::run [ RunTime:0.001000s ]
INFO: ShowRuntime Behavior ::run [ RunTime:0.001000s ]
INFO: [ view_filter ] --END-- [ RunTime:0.003001s ]
INFO: [ view_end ] --START--
INFO: ShowPageTrace Behavior ::run [ RunTime:0.002000s ]
INFO: [ view_end ] --END-- [ RunTime:0.002000s ]

[ 2015-06-07T23:21:07+08:00 ] 127.0.0.1 /zcw/mobile.php?m=Deal&a=show&id=63
INFO: [ app_begin ] --START--
INFO: ReadHtmlCache Behavior ::run [ RunTime:0.002000s ]
INFO: [ app_begin ] --END-- [ RunTime:0.002000s ]
NOTIC: [2048] Declaration of DealAction::show() should be compatible with that of Action::show() E:\workspaceszend\zcw\Mobile\Lib\Action\DealAction.class.php 第 13 行.
SQL: SHOW COLUMNS FROM `fanwe_deal_cate` [ RunTime:0.007000s ]
SQL: SELECT * FROM `fanwe_deal_cate` ORDER BY id  [ RunTime:0.002000s ]
SQL: SHOW COLUMNS FROM `fanwe_deal` [ RunTime:0.009001s ]
SQL: SELECT * FROM `fanwe_deal` WHERE ( `id` = 63 ) AND ( `is_effect` = 1 ) LIMIT 1   [ RunTime:0.002000s ]
NOTIC: [8] Use of undefined constant __AIMG__ - assumed '__AIMG__' E:\workspaceszend\zcw\Mobile\Lib\Action\DealAction.class.php 第 37 行.
NOTIC: [8] Use of undefined constant needAmount - assumed 'needAmount' E:\workspaceszend\zcw\Mobile\Lib\Action\DealAction.class.php 第 48 行.
SQL: SHOW COLUMNS FROM `fanwe_deal_focus_log` [ RunTime:0.004000s ]
SQL: SELECT * FROM `fanwe_deal_focus_log` WHERE ( `user_id` = 23 ) AND ( `deal_id` = 63 ) LIMIT 1   [ RunTime:0.002000s ]
SQL: SELECT * FROM `fanwe_deal` WHERE ( deal_id=63 and isshow=1 ) LIMIT 1   [ RunTime:0.001000s ]
ERR: 1054:Unknown column 'deal_id' in 'where clause'
 [ SQL语句 ] : SELECT * FROM `fanwe_deal` WHERE ( deal_id=63 and isshow=1 ) LIMIT 1  
INFO: [ view_parse ] --START--
INFO: ParseTemplate Behavior ::run [ RunTime:0.027002s ]
INFO: [ view_parse ] --END-- [ RunTime:0.028002s ]
INFO: [ view_filter ] --START--
INFO: ContentReplace Behavior ::run [ RunTime:0.001000s ]
INFO: TokenBuild Behavior ::run [ RunTime:0.001000s ]
INFO: WriteHtmlCache Behavior ::run [ RunTime:0.001000s ]
INFO: ShowRuntime Behavior ::run [ RunTime:0.002000s ]
INFO: [ view_filter ] --END-- [ RunTime:0.005000s ]
INFO: [ view_end ] --START--
INFO: ShowPageTrace Behavior ::run [ RunTime:0.001000s ]
INFO: [ view_end ] --END-- [ RunTime:0.002000s ]

[ 2015-06-07T23:21:50+08:00 ] 127.0.0.1 /zcw/mobile.php?m=Deal&a=show&id=63
INFO: [ app_begin ] --START--
INFO: ReadHtmlCache Behavior ::run [ RunTime:0.001000s ]
INFO: [ app_begin ] --END-- [ RunTime:0.001000s ]
NOTIC: [2048] Declaration of DealAction::show() should be compatible with that of Action::show() E:\workspaceszend\zcw\Mobile\Lib\Action\DealAction.class.php 第 13 行.
SQL: SHOW COLUMNS FROM `fanwe_deal_cate` [ RunTime:0.005000s ]
SQL: SELECT * FROM `fanwe_deal_cate` ORDER BY id  [ RunTime:0.002000s ]
SQL: SHOW COLUMNS FROM `fanwe_deal` [ RunTime:0.008000s ]
SQL: SELECT * FROM `fanwe_deal` WHERE ( `id` = 63 ) AND ( `is_effect` = 1 ) LIMIT 1   [ RunTime:0.001000s ]
NOTIC: [8] Use of undefined constant __AIMG__ - assumed '__AIMG__' E:\workspaceszend\zcw\Mobile\Lib\Action\DealAction.class.php 第 37 行.
NOTIC: [8] Use of undefined constant needAmount - assumed 'needAmount' E:\workspaceszend\zcw\Mobile\Lib\Action\DealAction.class.php 第 48 行.
SQL: SHOW COLUMNS FROM `fanwe_deal_focus_log` [ RunTime:0.005001s ]
SQL: SELECT * FROM `fanwe_deal_focus_log` WHERE ( `user_id` = 23 ) AND ( `deal_id` = 63 ) LIMIT 1   [ RunTime:0.001000s ]
SQL: SELECT `x` FROM `fanwe_deal` WHERE ( deal_id=63 and isshow=1 ) LIMIT 1   [ RunTime:0.001000s ]
ERR: 1054:Unknown column 'x' in 'field list'
 [ SQL语句 ] : SELECT `x` FROM `fanwe_deal` WHERE ( deal_id=63 and isshow=1 ) LIMIT 1  
INFO: [ view_parse ] --START--
INFO: ParseTemplate Behavior ::run [ RunTime:0.026001s ]
INFO: [ view_parse ] --END-- [ RunTime:0.026001s ]
INFO: [ view_filter ] --START--
INFO: ContentReplace Behavior ::run [ RunTime:0.001000s ]
INFO: TokenBuild Behavior ::run [ RunTime:0.001000s ]
INFO: WriteHtmlCache Behavior ::run [ RunTime:0.001000s ]
INFO: ShowRuntime Behavior ::run [ RunTime:0.001000s ]
INFO: [ view_filter ] --END-- [ RunTime:0.004000s ]
INFO: [ view_end ] --START--
INFO: ShowPageTrace Behavior ::run [ RunTime:0.001001s ]
INFO: [ view_end ] --END-- [ RunTime:0.001001s ]

[ 2015-06-07T23:22:12+08:00 ] 127.0.0.1 /zcw/mobile.php?m=Deal&a=show&id=61
INFO: [ app_begin ] --START--
INFO: ReadHtmlCache Behavior ::run [ RunTime:0.001000s ]
INFO: [ app_begin ] --END-- [ RunTime:0.002000s ]
NOTIC: [2048] Declaration of DealAction::show() should be compatible with that of Action::show() E:\workspaceszend\zcw\Mobile\Lib\Action\DealAction.class.php 第 13 行.
SQL: SHOW COLUMNS FROM `fanwe_deal_cate` [ RunTime:0.006000s ]
SQL: SELECT * FROM `fanwe_deal_cate` ORDER BY id  [ RunTime:0.002000s ]
SQL: SHOW COLUMNS FROM `fanwe_deal` [ RunTime:0.008000s ]
SQL: SELECT * FROM `fanwe_deal` WHERE ( `id` = 61 ) AND ( `is_effect` = 1 ) LIMIT 1   [ RunTime:0.003000s ]
NOTIC: [8] Use of undefined constant __AIMG__ - assumed '__AIMG__' E:\workspaceszend\zcw\Mobile\Lib\Action\DealAction.class.php 第 37 行.
NOTIC: [8] Use of undefined constant needAmount - assumed 'needAmount' E:\workspaceszend\zcw\Mobile\Lib\Action\DealAction.class.php 第 48 行.
SQL: SHOW COLUMNS FROM `fanwe_deal_focus_log` [ RunTime:0.005001s ]
SQL: SELECT * FROM `fanwe_deal_focus_log` WHERE ( `user_id` = 23 ) AND ( `deal_id` = 61 ) LIMIT 1   [ RunTime:0.001000s ]
SQL: SELECT `x` FROM `fanwe_deal` WHERE ( deal_id=61 and isshow=1 ) LIMIT 1   [ RunTime:0.000000s ]
ERR: 1054:Unknown column 'x' in 'field list'
 [ SQL语句 ] : SELECT `x` FROM `fanwe_deal` WHERE ( deal_id=61 and isshow=1 ) LIMIT 1  
INFO: [ view_parse ] --START--
INFO: ParseTemplate Behavior ::run [ RunTime:0.023001s ]
INFO: [ view_parse ] --END-- [ RunTime:0.023001s ]
INFO: [ view_filter ] --START--
INFO: ContentReplace Behavior ::run [ RunTime:0.001000s ]
INFO: TokenBuild Behavior ::run [ RunTime:0.001000s ]
INFO: WriteHtmlCache Behavior ::run [ RunTime:0.001000s ]
INFO: ShowRuntime Behavior ::run [ RunTime:0.000000s ]
INFO: [ view_filter ] --END-- [ RunTime:0.003000s ]
INFO: [ view_end ] --START--
INFO: ShowPageTrace Behavior ::run [ RunTime:0.001000s ]
INFO: [ view_end ] --END-- [ RunTime:0.001000s ]

[ 2015-06-07T23:22:31+08:00 ] 127.0.0.1 /zcw/mobile.php?m=Deal&a=show&id=61
INFO: [ app_begin ] --START--
INFO: ReadHtmlCache Behavior ::run [ RunTime:0.001000s ]
INFO: [ app_begin ] --END-- [ RunTime:0.002000s ]
NOTIC: [2048] Declaration of DealAction::show() should be compatible with that of Action::show() E:\workspaceszend\zcw\Mobile\Lib\Action\DealAction.class.php 第 13 行.
SQL: SHOW COLUMNS FROM `fanwe_deal_cate` [ RunTime:0.005000s ]
SQL: SELECT * FROM `fanwe_deal_cate` ORDER BY id  [ RunTime:0.002000s ]
SQL: SHOW COLUMNS FROM `fanwe_deal` [ RunTime:0.007001s ]
SQL: SELECT * FROM `fanwe_deal` WHERE ( `id` = 61 ) AND ( `is_effect` = 1 ) LIMIT 1   [ RunTime:0.001000s ]
NOTIC: [8] Use of undefined constant __AIMG__ - assumed '__AIMG__' E:\workspaceszend\zcw\Mobile\Lib\Action\DealAction.class.php 第 37 行.
NOTIC: [8] Use of undefined constant needAmount - assumed 'needAmount' E:\workspaceszend\zcw\Mobile\Lib\Action\DealAction.class.php 第 48 行.
SQL: SHOW COLUMNS FROM `fanwe_deal_focus_log` [ RunTime:0.007000s ]
SQL: SELECT * FROM `fanwe_deal_focus_log` WHERE ( `user_id` = 23 ) AND ( `deal_id` = 61 ) LIMIT 1   [ RunTime:0.002001s ]
SQL: SELECT `x` FROM `fanwe_deal` WHERE ( deal_id=61 and isshow=1 ) LIMIT 1   [ RunTime:0.001000s ]
ERR: 1054:Unknown column 'x' in 'field list'
 [ SQL语句 ] : SELECT `x` FROM `fanwe_deal` WHERE ( deal_id=61 and isshow=1 ) LIMIT 1  

[ 2015-06-07T23:22:53+08:00 ] 127.0.0.1 /zcw/mobile.php?m=Deal&a=show&id=61
INFO: [ app_begin ] --START--
INFO: ReadHtmlCache Behavior ::run [ RunTime:0.001000s ]
INFO: [ app_begin ] --END-- [ RunTime:0.001000s ]
NOTIC: [2048] Declaration of DealAction::show() should be compatible with that of Action::show() E:\workspaceszend\zcw\Mobile\Lib\Action\DealAction.class.php 第 13 行.
SQL: SHOW COLUMNS FROM `fanwe_deal_cate` [ RunTime:0.006001s ]
SQL: SELECT * FROM `fanwe_deal_cate` ORDER BY id  [ RunTime:0.001000s ]
SQL: SHOW COLUMNS FROM `fanwe_deal` [ RunTime:0.012000s ]
SQL: SELECT * FROM `fanwe_deal` WHERE ( `id` = 61 ) AND ( `is_effect` = 1 ) LIMIT 1   [ RunTime:0.002000s ]
NOTIC: [8] Use of undefined constant __AIMG__ - assumed '__AIMG__' E:\workspaceszend\zcw\Mobile\Lib\Action\DealAction.class.php 第 37 行.
NOTIC: [8] Use of undefined constant needAmount - assumed 'needAmount' E:\workspaceszend\zcw\Mobile\Lib\Action\DealAction.class.php 第 48 行.
SQL: SHOW COLUMNS FROM `fanwe_deal_focus_log` [ RunTime:0.005000s ]
SQL: SELECT * FROM `fanwe_deal_focus_log` WHERE ( `user_id` = 23 ) AND ( `deal_id` = 61 ) LIMIT 1   [ RunTime:0.002000s ]
SQL: SELECT `x` FROM `fanwe_deal` WHERE ( deal_id=61 and isshow=1 ) LIMIT 1   [ RunTime:0.001000s ]
ERR: 1054:Unknown column 'x' in 'field list'
 [ SQL语句 ] : SELECT `x` FROM `fanwe_deal` WHERE ( deal_id=61 and isshow=1 ) LIMIT 1  

[ 2015-06-07T23:23:17+08:00 ] 127.0.0.1 /zcw/mobile.php?m=Deal&a=show&id=61
INFO: [ app_begin ] --START--
INFO: ReadHtmlCache Behavior ::run [ RunTime:0.001000s ]
INFO: [ app_begin ] --END-- [ RunTime:0.001000s ]
NOTIC: [2048] Declaration of DealAction::show() should be compatible with that of Action::show() E:\workspaceszend\zcw\Mobile\Lib\Action\DealAction.class.php 第 13 行.
SQL: SHOW COLUMNS FROM `fanwe_deal_cate` [ RunTime:0.005000s ]
SQL: SELECT * FROM `fanwe_deal_cate` ORDER BY id  [ RunTime:0.002000s ]
SQL: SHOW COLUMNS FROM `fanwe_deal` [ RunTime:0.008000s ]
SQL: SELECT * FROM `fanwe_deal` WHERE ( `id` = 61 ) AND ( `is_effect` = 1 ) LIMIT 1   [ RunTime:0.002000s ]
NOTIC: [8] Use of undefined constant __AIMG__ - assumed '__AIMG__' E:\workspaceszend\zcw\Mobile\Lib\Action\DealAction.class.php 第 37 行.
NOTIC: [8] Use of undefined constant needAmount - assumed 'needAmount' E:\workspaceszend\zcw\Mobile\Lib\Action\DealAction.class.php 第 48 行.
SQL: SHOW COLUMNS FROM `fanwe_deal_focus_log` [ RunTime:0.005000s ]
SQL: SELECT * FROM `fanwe_deal_focus_log` WHERE ( `user_id` = 23 ) AND ( `deal_id` = 61 ) LIMIT 1   [ RunTime:0.002001s ]
SQL: SHOW COLUMNS FROM `fanwe_dealmsg` [ RunTime:0.006000s ]
SQL: SELECT `x` FROM `fanwe_dealmsg` WHERE ( deal_id=61 and isshow=1 ) LIMIT 1   [ RunTime:0.001000s ]
INFO: [ view_parse ] --START--
INFO: ParseTemplate Behavior ::run [ RunTime:0.022001s ]
INFO: [ view_parse ] --END-- [ RunTime:0.022001s ]
INFO: [ view_filter ] --START--
INFO: ContentReplace Behavior ::run [ RunTime:0.001000s ]
INFO: TokenBuild Behavior ::run [ RunTime:0.001000s ]
INFO: WriteHtmlCache Behavior ::run [ RunTime:0.001000s ]
INFO: ShowRuntime Behavior ::run [ RunTime:0.001001s ]
INFO: [ view_filter ] --END-- [ RunTime:0.004001s ]
INFO: [ view_end ] --START--
INFO: ShowPageTrace Behavior ::run [ RunTime:0.001000s ]
INFO: [ view_end ] --END-- [ RunTime:0.001000s ]

[ 2015-06-07T23:24:25+08:00 ] 127.0.0.1 /zcw/mobile.php?m=Deal&a=show&id=61
INFO: [ app_begin ] --START--
INFO: ReadHtmlCache Behavior ::run [ RunTime:0.001000s ]
INFO: [ app_begin ] --END-- [ RunTime:0.001000s ]
NOTIC: [2048] Declaration of DealAction::show() should be compatible with that of Action::show() E:\workspaceszend\zcw\Mobile\Lib\Action\DealAction.class.php 第 13 行.
SQL: SHOW COLUMNS FROM `fanwe_deal_cate` [ RunTime:0.006001s ]
SQL: SELECT * FROM `fanwe_deal_cate` ORDER BY id  [ RunTime:0.002000s ]
SQL: SHOW COLUMNS FROM `fanwe_deal` [ RunTime:0.007000s ]
SQL: SELECT * FROM `fanwe_deal` WHERE ( `id` = 61 ) AND ( `is_effect` = 1 ) LIMIT 1   [ RunTime:0.001000s ]
NOTIC: [8] Use of undefined constant __AIMG__ - assumed '__AIMG__' E:\workspaceszend\zcw\Mobile\Lib\Action\DealAction.class.php 第 37 行.
NOTIC: [8] Use of undefined constant needAmount - assumed 'needAmount' E:\workspaceszend\zcw\Mobile\Lib\Action\DealAction.class.php 第 48 行.
SQL: SHOW COLUMNS FROM `fanwe_deal_focus_log` [ RunTime:0.005001s ]
SQL: SELECT * FROM `fanwe_deal_focus_log` WHERE ( `user_id` = 23 ) AND ( `deal_id` = 61 ) LIMIT 1   [ RunTime:0.002000s ]
SQL: SHOW COLUMNS FROM `fanwe_dealmsg` [ RunTime:0.004000s ]
SQL: SELECT `x` FROM `fanwe_dealmsg` WHERE ( deal_id=61 and isshow=1 ) LIMIT 1   [ RunTime:0.002000s ]
INFO: [ view_parse ] --START--
INFO: ParseTemplate Behavior ::run [ RunTime:0.022002s ]
INFO: [ view_parse ] --END-- [ RunTime:0.022002s ]
INFO: [ view_filter ] --START--
INFO: ContentReplace Behavior ::run [ RunTime:0.001000s ]
INFO: TokenBuild Behavior ::run [ RunTime:0.001000s ]
INFO: WriteHtmlCache Behavior ::run [ RunTime:0.000000s ]
INFO: ShowRuntime Behavior ::run [ RunTime:0.000000s ]
INFO: [ view_filter ] --END-- [ RunTime:0.003000s ]
INFO: [ view_end ] --START--
INFO: ShowPageTrace Behavior ::run [ RunTime:0.001000s ]
INFO: [ view_end ] --END-- [ RunTime:0.001000s ]

[ 2015-06-07T23:24:53+08:00 ] 127.0.0.1 /zcw/mobile.php?m=Deal&a=show&id=61
INFO: [ app_begin ] --START--
INFO: ReadHtmlCache Behavior ::run [ RunTime:0.001000s ]
INFO: [ app_begin ] --END-- [ RunTime:0.001000s ]
NOTIC: [2048] Declaration of DealAction::show() should be compatible with that of Action::show() E:\workspaceszend\zcw\Mobile\Lib\Action\DealAction.class.php 第 13 行.
SQL: SHOW COLUMNS FROM `fanwe_deal_cate` [ RunTime:0.006001s ]
SQL: SELECT * FROM `fanwe_deal_cate` ORDER BY id  [ RunTime:0.001000s ]
SQL: SHOW COLUMNS FROM `fanwe_deal` [ RunTime:0.008000s ]
SQL: SELECT * FROM `fanwe_deal` WHERE ( `id` = 61 ) AND ( `is_effect` = 1 ) LIMIT 1   [ RunTime:0.001000s ]
NOTIC: [8] Use of undefined constant __AIMG__ - assumed '__AIMG__' E:\workspaceszend\zcw\Mobile\Lib\Action\DealAction.class.php 第 37 行.
NOTIC: [8] Use of undefined constant needAmount - assumed 'needAmount' E:\workspaceszend\zcw\Mobile\Lib\Action\DealAction.class.php 第 48 行.
SQL: SHOW COLUMNS FROM `fanwe_deal_focus_log` [ RunTime:0.004000s ]
SQL: SELECT * FROM `fanwe_deal_focus_log` WHERE ( `user_id` = 23 ) AND ( `deal_id` = 61 ) LIMIT 1   [ RunTime:0.002000s ]
SQL: SHOW COLUMNS FROM `fanwe_dealmsg` [ RunTime:0.006000s ]
SQL: SELECT `x` FROM `fanwe_dealmsg` WHERE ( deal_id=61 and isshow=1 ) LIMIT 1   [ RunTime:0.001000s ]
INFO: [ view_parse ] --START--
INFO: ParseTemplate Behavior ::run [ RunTime:0.022001s ]
INFO: [ view_parse ] --END-- [ RunTime:0.022001s ]
INFO: [ view_filter ] --START--
INFO: ContentReplace Behavior ::run [ RunTime:0.001000s ]
INFO: TokenBuild Behavior ::run [ RunTime:0.000000s ]
INFO: WriteHtmlCache Behavior ::run [ RunTime:0.001000s ]
INFO: ShowRuntime Behavior ::run [ RunTime:0.001000s ]
INFO: [ view_filter ] --END-- [ RunTime:0.004000s ]
INFO: [ view_end ] --START--
INFO: ShowPageTrace Behavior ::run [ RunTime:0.001000s ]
INFO: [ view_end ] --END-- [ RunTime:0.001000s ]

[ 2015-06-07T23:25:25+08:00 ] 127.0.0.1 /zcw/mobile.php?m=Deal&a=show&id=61
INFO: [ app_begin ] --START--
INFO: ReadHtmlCache Behavior ::run [ RunTime:0.002000s ]
INFO: [ app_begin ] --END-- [ RunTime:0.003000s ]
NOTIC: [2048] Declaration of DealAction::show() should be compatible with that of Action::show() E:\workspaceszend\zcw\Mobile\Lib\Action\DealAction.class.php 第 13 行.
SQL: SHOW COLUMNS FROM `fanwe_deal_cate` [ RunTime:0.008000s ]
SQL: SELECT * FROM `fanwe_deal_cate` ORDER BY id  [ RunTime:0.002001s ]
SQL: SHOW COLUMNS FROM `fanwe_deal` [ RunTime:0.009000s ]
SQL: SELECT * FROM `fanwe_deal` WHERE ( `id` = 61 ) AND ( `is_effect` = 1 ) LIMIT 1   [ RunTime:0.001000s ]
NOTIC: [8] Use of undefined constant __AIMG__ - assumed '__AIMG__' E:\workspaceszend\zcw\Mobile\Lib\Action\DealAction.class.php 第 37 行.
NOTIC: [8] Use of undefined constant needAmount - assumed 'needAmount' E:\workspaceszend\zcw\Mobile\Lib\Action\DealAction.class.php 第 48 行.
SQL: SHOW COLUMNS FROM `fanwe_deal_focus_log` [ RunTime:0.004001s ]
SQL: SELECT * FROM `fanwe_deal_focus_log` WHERE ( `user_id` = 23 ) AND ( `deal_id` = 61 ) LIMIT 1   [ RunTime:0.002000s ]
SQL: SHOW COLUMNS FROM `fanwe_dealmsg` [ RunTime:0.005000s ]
SQL: SELECT `x` FROM `fanwe_dealmsg` WHERE ( deal_id=61 and isshow=1 ) LIMIT 1   [ RunTime:0.001000s ]
INFO: [ view_parse ] --START--
INFO: ParseTemplate Behavior ::run [ RunTime:0.024002s ]
INFO: [ view_parse ] --END-- [ RunTime:0.024002s ]
INFO: [ view_filter ] --START--
INFO: ContentReplace Behavior ::run [ RunTime:0.001000s ]
INFO: TokenBuild Behavior ::run [ RunTime:0.001000s ]
INFO: WriteHtmlCache Behavior ::run [ RunTime:0.001000s ]
INFO: ShowRuntime Behavior ::run [ RunTime:0.001000s ]
INFO: [ view_filter ] --END-- [ RunTime:0.004000s ]
INFO: [ view_end ] --START--
INFO: ShowPageTrace Behavior ::run [ RunTime:0.001000s ]
INFO: [ view_end ] --END-- [ RunTime:0.001000s ]

[ 2015-06-07T23:26:19+08:00 ] 127.0.0.1 /zcw/mobile.php?m=Deal&a=show&id=61
INFO: [ app_begin ] --START--
INFO: ReadHtmlCache Behavior ::run [ RunTime:0.001000s ]
INFO: [ app_begin ] --END-- [ RunTime:0.001000s ]
NOTIC: [2048] Declaration of DealAction::show() should be compatible with that of Action::show() E:\workspaceszend\zcw\Mobile\Lib\Action\DealAction.class.php 第 13 行.
SQL: SHOW COLUMNS FROM `fanwe_deal_cate` [ RunTime:0.005001s ]
SQL: SELECT * FROM `fanwe_deal_cate` ORDER BY id  [ RunTime:0.002000s ]
SQL: SHOW COLUMNS FROM `fanwe_deal` [ RunTime:0.007000s ]
SQL: SELECT * FROM `fanwe_deal` WHERE ( `id` = 61 ) AND ( `is_effect` = 1 ) LIMIT 1   [ RunTime:0.002000s ]
NOTIC: [8] Use of undefined constant __AIMG__ - assumed '__AIMG__' E:\workspaceszend\zcw\Mobile\Lib\Action\DealAction.class.php 第 37 行.
NOTIC: [8] Use of undefined constant needAmount - assumed 'needAmount' E:\workspaceszend\zcw\Mobile\Lib\Action\DealAction.class.php 第 48 行.
SQL: SHOW COLUMNS FROM `fanwe_deal_focus_log` [ RunTime:0.007001s ]
SQL: SELECT * FROM `fanwe_deal_focus_log` WHERE ( `user_id` = 23 ) AND ( `deal_id` = 61 ) LIMIT 1   [ RunTime:0.002000s ]
SQL: SHOW COLUMNS FROM `fanwe_dealmsg` [ RunTime:0.006000s ]
SQL: SELECT `x` FROM `fanwe_dealmsg` WHERE ( deal_id=61 and isshow=1 ) LIMIT 1   [ RunTime:0.002000s ]
INFO: [ view_parse ] --START--
INFO: ParseTemplate Behavior ::run [ RunTime:0.026002s ]
INFO: [ view_parse ] --END-- [ RunTime:0.026002s ]
INFO: [ view_filter ] --START--
INFO: ContentReplace Behavior ::run [ RunTime:0.001000s ]
INFO: TokenBuild Behavior ::run [ RunTime:0.002000s ]
INFO: WriteHtmlCache Behavior ::run [ RunTime:0.000000s ]
INFO: ShowRuntime Behavior ::run [ RunTime:0.002000s ]
INFO: [ view_filter ] --END-- [ RunTime:0.005000s ]
INFO: [ view_end ] --START--
INFO: ShowPageTrace Behavior ::run [ RunTime:0.002000s ]
INFO: [ view_end ] --END-- [ RunTime:0.002000s ]

[ 2015-06-07T23:27:08+08:00 ] 127.0.0.1 /zcw/mobile.php?m=Deal&a=show&id=61
INFO: [ app_begin ] --START--
INFO: ReadHtmlCache Behavior ::run [ RunTime:0.000000s ]
INFO: [ app_begin ] --END-- [ RunTime:0.000000s ]
NOTIC: [2048] Declaration of DealAction::show() should be compatible with that of Action::show() E:\workspaceszend\zcw\Mobile\Lib\Action\DealAction.class.php 第 13 行.
SQL: SHOW COLUMNS FROM `fanwe_deal_cate` [ RunTime:0.005001s ]
SQL: SELECT * FROM `fanwe_deal_cate` ORDER BY id  [ RunTime:0.002000s ]
SQL: SHOW COLUMNS FROM `fanwe_deal` [ RunTime:0.007000s ]
SQL: SELECT * FROM `fanwe_deal` WHERE ( `id` = 61 ) AND ( `is_effect` = 1 ) LIMIT 1   [ RunTime:0.001000s ]
NOTIC: [8] Use of undefined constant __AIMG__ - assumed '__AIMG__' E:\workspaceszend\zcw\Mobile\Lib\Action\DealAction.class.php 第 37 行.
NOTIC: [8] Use of undefined constant needAmount - assumed 'needAmount' E:\workspaceszend\zcw\Mobile\Lib\Action\DealAction.class.php 第 48 行.
SQL: SHOW COLUMNS FROM `fanwe_deal_focus_log` [ RunTime:0.005000s ]
SQL: SELECT * FROM `fanwe_deal_focus_log` WHERE ( `user_id` = 23 ) AND ( `deal_id` = 61 ) LIMIT 1   [ RunTime:0.001000s ]
SQL: SHOW COLUMNS FROM `fanwe_dealmsg` [ RunTime:0.006000s ]
SQL: SELECT `x` FROM `fanwe_dealmsg` WHERE ( deal_id=61 and isshow=1 ) LIMIT 1   [ RunTime:0.001000s ]
INFO: [ view_parse ] --START--
INFO: ParseTemplate Behavior ::run [ RunTime:0.019002s ]
INFO: [ view_parse ] --END-- [ RunTime:0.020002s ]
INFO: [ view_filter ] --START--
INFO: ContentReplace Behavior ::run [ RunTime:0.001000s ]
INFO: TokenBuild Behavior ::run [ RunTime:0.000000s ]
INFO: WriteHtmlCache Behavior ::run [ RunTime:0.001000s ]
INFO: ShowRuntime Behavior ::run [ RunTime:0.000000s ]
INFO: [ view_filter ] --END-- [ RunTime:0.002000s ]
INFO: [ view_end ] --START--
INFO: ShowPageTrace Behavior ::run [ RunTime:0.001000s ]
INFO: [ view_end ] --END-- [ RunTime:0.001000s ]

[ 2015-06-07T23:27:48+08:00 ] 127.0.0.1 /zcw/mobile.php?m=Deal&a=show&id=61
INFO: [ app_begin ] --START--
INFO: ReadHtmlCache Behavior ::run [ RunTime:0.002000s ]
INFO: [ app_begin ] --END-- [ RunTime:0.002000s ]
NOTIC: [2048] Declaration of DealAction::show() should be compatible with that of Action::show() E:\workspaceszend\zcw\Mobile\Lib\Action\DealAction.class.php 第 13 行.
SQL: SHOW COLUMNS FROM `fanwe_deal_cate` [ RunTime:0.007001s ]
SQL: SELECT * FROM `fanwe_deal_cate` ORDER BY id  [ RunTime:0.003000s ]
SQL: SHOW COLUMNS FROM `fanwe_deal` [ RunTime:0.008000s ]
SQL: SELECT * FROM `fanwe_deal` WHERE ( `id` = 61 ) AND ( `is_effect` = 1 ) LIMIT 1   [ RunTime:0.003001s ]
NOTIC: [8] Use of undefined constant __AIMG__ - assumed '__AIMG__' E:\workspaceszend\zcw\Mobile\Lib\Action\DealAction.class.php 第 37 行.
NOTIC: [8] Use of undefined constant needAmount - assumed 'needAmount' E:\workspaceszend\zcw\Mobile\Lib\Action\DealAction.class.php 第 48 行.
SQL: SHOW COLUMNS FROM `fanwe_deal_focus_log` [ RunTime:0.007000s ]
SQL: SELECT * FROM `fanwe_deal_focus_log` WHERE ( `user_id` = 23 ) AND ( `deal_id` = 61 ) LIMIT 1   [ RunTime:0.001000s ]
SQL: SHOW COLUMNS FROM `fanwe_dealmsg` [ RunTime:0.006001s ]
SQL: SELECT `x` FROM `fanwe_dealmsg` WHERE ( deal_id=61 and isshow=1 ) LIMIT 1   [ RunTime:0.002000s ]
INFO: [ view_parse ] --START--
INFO: ParseTemplate Behavior ::run [ RunTime:0.025001s ]
INFO: [ view_parse ] --END-- [ RunTime:0.026001s ]
INFO: [ view_filter ] --START--
INFO: ContentReplace Behavior ::run [ RunTime:0.004001s ]
INFO: TokenBuild Behavior ::run [ RunTime:0.001000s ]
INFO: WriteHtmlCache Behavior ::run [ RunTime:0.001000s ]
INFO: ShowRuntime Behavior ::run [ RunTime:0.001000s ]
INFO: [ view_filter ] --END-- [ RunTime:0.007001s ]
INFO: [ view_end ] --START--
INFO: ShowPageTrace Behavior ::run [ RunTime:0.001000s ]
INFO: [ view_end ] --END-- [ RunTime:0.001000s ]

[ 2015-06-07T23:28:13+08:00 ] 127.0.0.1 /zcw/mobile.php?m=Deal&a=show&id=61
INFO: [ app_begin ] --START--
INFO: ReadHtmlCache Behavior ::run [ RunTime:0.002000s ]
INFO: [ app_begin ] --END-- [ RunTime:0.002000s ]
NOTIC: [2048] Declaration of DealAction::show() should be compatible with that of Action::show() E:\workspaceszend\zcw\Mobile\Lib\Action\DealAction.class.php 第 13 行.
SQL: SHOW COLUMNS FROM `fanwe_deal_cate` [ RunTime:0.006001s ]
SQL: SELECT * FROM `fanwe_deal_cate` ORDER BY id  [ RunTime:0.002000s ]
SQL: SHOW COLUMNS FROM `fanwe_deal` [ RunTime:0.010000s ]
SQL: SELECT * FROM `fanwe_deal` WHERE ( `id` = 61 ) AND ( `is_effect` = 1 ) LIMIT 1   [ RunTime:0.003001s ]
NOTIC: [8] Use of undefined constant __AIMG__ - assumed '__AIMG__' E:\workspaceszend\zcw\Mobile\Lib\Action\DealAction.class.php 第 37 行.
NOTIC: [8] Use of undefined constant needAmount - assumed 'needAmount' E:\workspaceszend\zcw\Mobile\Lib\Action\DealAction.class.php 第 48 行.
SQL: SHOW COLUMNS FROM `fanwe_deal_focus_log` [ RunTime:0.007000s ]
SQL: SELECT * FROM `fanwe_deal_focus_log` WHERE ( `user_id` = 23 ) AND ( `deal_id` = 61 ) LIMIT 1   [ RunTime:0.003000s ]
SQL: SHOW COLUMNS FROM `fanwe_dealmsg` [ RunTime:0.006001s ]
SQL: SELECT `x` FROM `fanwe_dealmsg` WHERE ( deal_id=61 and isshow=1 ) LIMIT 1   [ RunTime:0.001000s ]
INFO: [ view_parse ] --START--
INFO: ParseTemplate Behavior ::run [ RunTime:0.032002s ]
INFO: [ view_parse ] --END-- [ RunTime:0.033002s ]
INFO: [ view_filter ] --START--
INFO: ContentReplace Behavior ::run [ RunTime:0.001000s ]
INFO: TokenBuild Behavior ::run [ RunTime:0.001000s ]
INFO: WriteHtmlCache Behavior ::run [ RunTime:0.000000s ]
INFO: ShowRuntime Behavior ::run [ RunTime:0.001000s ]
INFO: [ view_filter ] --END-- [ RunTime:0.004000s ]
INFO: [ view_end ] --START--
INFO: ShowPageTrace Behavior ::run [ RunTime:0.002000s ]
INFO: [ view_end ] --END-- [ RunTime:0.003000s ]

