[ 2015-07-02T11:46:16+08:00 ] 66.249.64.79 /zc/mobile.php
INFO: [ app_begin ] --START--
INFO: ReadHtmlCache Behavior ::run [ RunTime:0.000460s ]
INFO: [ app_begin ] --END-- [ RunTime:0.000619s ]
SQL: SHOW COLUMNS FROM `fanwe_deal_cate` [ RunTime:0.002480s ]
SQL: SELECT * FROM `fanwe_deal_cate` ORDER BY id  [ RunTime:0.002124s ]
NOTIC: [8] Undefined index: wlm_mobile_type /webHome/LFWZ000390/www/zc/Mobile/Lib/Action/CommonAction.class.php 第 25 行.
NOTIC: [8] Undefined index: wlm_mobile_type /webHome/LFWZ000390/www/zc/Mobile/Lib/Action/CommonAction.class.php 第 28 行.
NOTIC: [8] Undefined index: wlm_mobile_type /webHome/LFWZ000390/www/zc/Mobile/Lib/Action/CommonAction.class.php 第 25 行.
NOTIC: [8] Undefined index: wlm_mobile_type /webHome/LFWZ000390/www/zc/Mobile/Lib/Action/CommonAction.class.php 第 28 行.
NOTIC: [8] Undefined index: wlm_mobile_type /webHome/LFWZ000390/www/zc/Mobile/Lib/Action/CommonAction.class.php 第 25 行.
NOTIC: [8] Undefined index: wlm_mobile_type /webHome/LFWZ000390/www/zc/Mobile/Lib/Action/CommonAction.class.php 第 28 行.
NOTIC: [8] Undefined index: wlm_mobile_type /webHome/LFWZ000390/www/zc/Mobile/Lib/Action/CommonAction.class.php 第 25 行.
NOTIC: [8] Undefined index: wlm_mobile_type /webHome/LFWZ000390/www/zc/Mobile/Lib/Action/CommonAction.class.php 第 28 行.
NOTIC: [8] Undefined index: wlm_mobile_type /webHome/LFWZ000390/www/zc/Mobile/Lib/Action/CommonAction.class.php 第 25 行.
NOTIC: [8] Undefined index: wlm_mobile_type /webHome/LFWZ000390/www/zc/Mobile/Lib/Action/CommonAction.class.php 第 28 行.
NOTIC: [8] Undefined index: wlm_mobile_type /webHome/LFWZ000390/www/zc/Mobile/Lib/Action/CommonAction.class.php 第 25 行.
NOTIC: [8] Undefined index: wlm_mobile_type /webHome/LFWZ000390/www/zc/Mobile/Lib/Action/CommonAction.class.php 第 28 行.
NOTIC: [8] Undefined index: wlm_mobile_type /webHome/LFWZ000390/www/zc/Mobile/Lib/Action/CommonAction.class.php 第 25 行.
NOTIC: [8] Undefined index: wlm_mobile_type /webHome/LFWZ000390/www/zc/Mobile/Lib/Action/CommonAction.class.php 第 28 行.
NOTIC: [8] Undefined index: wlm_mobile_type /webHome/LFWZ000390/www/zc/Mobile/Lib/Action/CommonAction.class.php 第 25 行.
NOTIC: [8] Undefined index: wlm_mobile_type /webHome/LFWZ000390/www/zc/Mobile/Lib/Action/CommonAction.class.php 第 28 行.
NOTIC: [8] Undefined index: wlm_mobile_type /webHome/LFWZ000390/www/zc/Mobile/Lib/Action/CommonAction.class.php 第 25 行.
NOTIC: [8] Undefined index: wlm_mobile_type /webHome/LFWZ000390/www/zc/Mobile/Lib/Action/CommonAction.class.php 第 28 行.
NOTIC: [8] Undefined index: wlm_mobile_type /webHome/LFWZ000390/www/zc/Mobile/Lib/Action/CommonAction.class.php 第 25 行.
NOTIC: [8] Undefined index: wlm_mobile_type /webHome/LFWZ000390/www/zc/Mobile/Lib/Action/CommonAction.class.php 第 28 行.
SQL: SHOW COLUMNS FROM `fanwe_deal` [ RunTime:0.007612s ]
SQL: SELECT id,name,image,end_time,limit_price,brief,support_amount,user_name,user_id,province,city FROM `fanwe_deal` WHERE ( `is_effect` = 1 ) ORDER BY sort desc,id desc LIMIT 0,5   [ RunTime:0.001689s ]
INFO: [ view_parse ] --START--
NOTIC: [8] Undefined index: golist_url /webHome/LFWZ000390/www/zc/Mobile/Runtime/Cache/e324f3ed94e020837035f6928d7c067b.php 第 173 行.
NOTIC: [8] Undefined index: golist_url /webHome/LFWZ000390/www/zc/Mobile/Runtime/Cache/e324f3ed94e020837035f6928d7c067b.php 第 173 行.
NOTIC: [8] Undefined index: golist_url /webHome/LFWZ000390/www/zc/Mobile/Runtime/Cache/e324f3ed94e020837035f6928d7c067b.php 第 173 行.
NOTIC: [8] Undefined index: golist_url /webHome/LFWZ000390/www/zc/Mobile/Runtime/Cache/e324f3ed94e020837035f6928d7c067b.php 第 173 行.
NOTIC: [8] Undefined index: golist_url /webHome/LFWZ000390/www/zc/Mobile/Runtime/Cache/e324f3ed94e020837035f6928d7c067b.php 第 173 行.
NOTIC: [8] Undefined index: golist_url /webHome/LFWZ000390/www/zc/Mobile/Runtime/Cache/e324f3ed94e020837035f6928d7c067b.php 第 173 行.
NOTIC: [8] Undefined index: golist_url /webHome/LFWZ000390/www/zc/Mobile/Runtime/Cache/e324f3ed94e020837035f6928d7c067b.php 第 173 行.
NOTIC: [8] Undefined index: golist_url /webHome/LFWZ000390/www/zc/Mobile/Runtime/Cache/e324f3ed94e020837035f6928d7c067b.php 第 173 行.
NOTIC: [8] Undefined index: golist_url /webHome/LFWZ000390/www/zc/Mobile/Runtime/Cache/e324f3ed94e020837035f6928d7c067b.php 第 173 行.
NOTIC: [8] Undefined index: golist_url /webHome/LFWZ000390/www/zc/Mobile/Runtime/Cache/e324f3ed94e020837035f6928d7c067b.php 第 173 行.
INFO: ParseTemplate Behavior ::run [ RunTime:0.044737s ]
INFO: [ view_parse ] --END-- [ RunTime:0.044986s ]
INFO: [ view_filter ] --START--
INFO: ContentReplace Behavior ::run [ RunTime:0.001461s ]
INFO: TokenBuild Behavior ::run [ RunTime:0.000707s ]
INFO: WriteHtmlCache Behavior ::run [ RunTime:0.000494s ]
INFO: ShowRuntime Behavior ::run [ RunTime:0.000608s ]
INFO: [ view_filter ] --END-- [ RunTime:0.003788s ]
INFO: [ view_end ] --START--
INFO: ShowPageTrace Behavior ::run [ RunTime:0.000530s ]
INFO: [ view_end ] --END-- [ RunTime:0.000623s ]

