[ 2015-09-09T09:08:21+08:00 ] 112.65.193.13 /zc/mobile.php
INFO: [ app_begin ] --START--
INFO: ReadHtmlCache Behavior ::run [ RunTime:0.000438s ]
INFO: [ app_begin ] --END-- [ RunTime:0.000611s ]
SQL: SHOW COLUMNS FROM `fanwe_deal_cate` [ RunTime:0.002298s ]
SQL: SELECT * FROM `fanwe_deal_cate` ORDER BY id  [ RunTime:0.000851s ]
NOTIC: [8] Undefined index: wlm_mobile_type /webHome/LFWZ000390/www/zc/Mobile/Lib/Action/CommonAction.class.php 第 25 行.
NOTIC: [8] Undefined index: wlm_mobile_type /webHome/LFWZ000390/www/zc/Mobile/Lib/Action/CommonAction.class.php 第 28 行.
NOTIC: [8] Undefined index: wlm_mobile_type /webHome/LFWZ000390/www/zc/Mobile/Lib/Action/CommonAction.class.php 第 25 行.
NOTIC: [8] Undefined index: wlm_mobile_type /webHome/LFWZ000390/www/zc/Mobile/Lib/Action/CommonAction.class.php 第 28 行.
NOTIC: [8] Undefined index: wlm_mobile_type /webHome/LFWZ000390/www/zc/Mobile/Lib/Action/CommonAction.class.php 第 25 行.
NOTIC: [8] Undefined index: wlm_mobile_type /webHome/LFWZ000390/www/zc/Mobile/Lib/Action/CommonAction.class.php 第 28 行.
NOTIC: [8] Undefined index: wlm_mobile_type /webHome/LFWZ000390/www/zc/Mobile/Lib/Action/CommonAction.class.php 第 25 行.
NOTIC: [8] Undefined index: wlm_mobile_type /webHome/LFWZ000390/www/zc/Mobile/Lib/Action/CommonAction.class.php 第 28 行.
NOTIC: [8] Undefined index: wlm_mobile_type /webHome/LFWZ000390/www/zc/Mobile/Lib/Action/CommonAction.class.php 第 25 行.
NOTIC: [8] Undefined index: wlm_mobile_type /webHome/LFWZ000390/www/zc/Mobile/Lib/Action/CommonAction.class.php 第 28 行.
NOTIC: [8] Undefined index: wlm_mobile_type /webHome/LFWZ000390/www/zc/Mobile/Lib/Action/CommonAction.class.php 第 25 行.
NOTIC: [8] Undefined index: wlm_mobile_type /webHome/LFWZ000390/www/zc/Mobile/Lib/Action/CommonAction.class.php 第 28 行.
NOTIC: [8] Undefined index: wlm_mobile_type /webHome/LFWZ000390/www/zc/Mobile/Lib/Action/CommonAction.class.php 第 25 行.
NOTIC: [8] Undefined index: wlm_mobile_type /webHome/LFWZ000390/www/zc/Mobile/Lib/Action/CommonAction.class.php 第 28 行.
NOTIC: [8] Undefined index: wlm_mobile_type /webHome/LFWZ000390/www/zc/Mobile/Lib/Action/CommonAction.class.php 第 25 行.
NOTIC: [8] Undefined index: wlm_mobile_type /webHome/LFWZ000390/www/zc/Mobile/Lib/Action/CommonAction.class.php 第 28 行.
NOTIC: [8] Undefined index: wlm_mobile_type /webHome/LFWZ000390/www/zc/Mobile/Lib/Action/CommonAction.class.php 第 25 行.
NOTIC: [8] Undefined index: wlm_mobile_type /webHome/LFWZ000390/www/zc/Mobile/Lib/Action/CommonAction.class.php 第 28 行.
SQL: SHOW COLUMNS FROM `fanwe_deal` [ RunTime:0.002748s ]
SQL: SELECT id,name,image,end_time,limit_price,brief,support_amount,user_name,user_id,province,city FROM `fanwe_deal` WHERE ( `is_effect` = 1 ) ORDER BY is_recommend desc,sort desc,id desc LIMIT 0,5   [ RunTime:0.001224s ]
INFO: [ view_parse ] --START--
NOTIC: [8] Undefined index: uid /webHome/LFWZ000390/www/zc/Mobile/Runtime/Cache/e324f3ed94e020837035f6928d7c067b.php 第 145 行.
NOTIC: [8] Undefined index: golist_url /webHome/LFWZ000390/www/zc/Mobile/Runtime/Cache/e324f3ed94e020837035f6928d7c067b.php 第 182 行.
NOTIC: [8] Undefined index: golist_url /webHome/LFWZ000390/www/zc/Mobile/Runtime/Cache/e324f3ed94e020837035f6928d7c067b.php 第 182 行.
NOTIC: [8] Undefined index: golist_url /webHome/LFWZ000390/www/zc/Mobile/Runtime/Cache/e324f3ed94e020837035f6928d7c067b.php 第 182 行.
NOTIC: [8] Undefined index: golist_url /webHome/LFWZ000390/www/zc/Mobile/Runtime/Cache/e324f3ed94e020837035f6928d7c067b.php 第 182 行.
NOTIC: [8] Undefined index: golist_url /webHome/LFWZ000390/www/zc/Mobile/Runtime/Cache/e324f3ed94e020837035f6928d7c067b.php 第 182 行.
NOTIC: [8] Undefined index: golist_url /webHome/LFWZ000390/www/zc/Mobile/Runtime/Cache/e324f3ed94e020837035f6928d7c067b.php 第 182 行.
NOTIC: [8] Undefined index: golist_url /webHome/LFWZ000390/www/zc/Mobile/Runtime/Cache/e324f3ed94e020837035f6928d7c067b.php 第 182 行.
NOTIC: [8] Undefined index: golist_url /webHome/LFWZ000390/www/zc/Mobile/Runtime/Cache/e324f3ed94e020837035f6928d7c067b.php 第 183 行.
NOTIC: [8] Undefined index: golist_url /webHome/LFWZ000390/www/zc/Mobile/Runtime/Cache/e324f3ed94e020837035f6928d7c067b.php 第 182 行.
NOTIC: [8] Undefined index: golist_url /webHome/LFWZ000390/www/zc/Mobile/Runtime/Cache/e324f3ed94e020837035f6928d7c067b.php 第 182 行.
INFO: ParseTemplate Behavior ::run [ RunTime:0.020179s ]
INFO: [ view_parse ] --END-- [ RunTime:0.020291s ]
INFO: [ view_filter ] --START--
INFO: ContentReplace Behavior ::run [ RunTime:0.000666s ]
INFO: TokenBuild Behavior ::run [ RunTime:0.000497s ]
INFO: WriteHtmlCache Behavior ::run [ RunTime:0.000392s ]
INFO: ShowRuntime Behavior ::run [ RunTime:0.000463s ]
INFO: [ view_filter ] --END-- [ RunTime:0.002293s ]
INFO: [ view_end ] --START--
INFO: ShowPageTrace Behavior ::run [ RunTime:0.000430s ]
INFO: [ view_end ] --END-- [ RunTime:0.000517s ]

[ 2015-09-09T09:10:29+08:00 ] 112.64.235.248 /zc/mobile.php
INFO: [ app_begin ] --START--
INFO: ReadHtmlCache Behavior ::run [ RunTime:0.000507s ]
INFO: [ app_begin ] --END-- [ RunTime:0.000702s ]
SQL: SHOW COLUMNS FROM `fanwe_deal_cate` [ RunTime:0.001677s ]
SQL: SELECT * FROM `fanwe_deal_cate` ORDER BY id  [ RunTime:0.000735s ]
NOTIC: [8] Undefined index: wlm_mobile_type /webHome/LFWZ000390/www/zc/Mobile/Lib/Action/CommonAction.class.php 第 25 行.
NOTIC: [8] Undefined index: wlm_mobile_type /webHome/LFWZ000390/www/zc/Mobile/Lib/Action/CommonAction.class.php 第 28 行.
NOTIC: [8] Undefined index: wlm_mobile_type /webHome/LFWZ000390/www/zc/Mobile/Lib/Action/CommonAction.class.php 第 25 行.
NOTIC: [8] Undefined index: wlm_mobile_type /webHome/LFWZ000390/www/zc/Mobile/Lib/Action/CommonAction.class.php 第 28 行.
NOTIC: [8] Undefined index: wlm_mobile_type /webHome/LFWZ000390/www/zc/Mobile/Lib/Action/CommonAction.class.php 第 25 行.
NOTIC: [8] Undefined index: wlm_mobile_type /webHome/LFWZ000390/www/zc/Mobile/Lib/Action/CommonAction.class.php 第 28 行.
NOTIC: [8] Undefined index: wlm_mobile_type /webHome/LFWZ000390/www/zc/Mobile/Lib/Action/CommonAction.class.php 第 25 行.
NOTIC: [8] Undefined index: wlm_mobile_type /webHome/LFWZ000390/www/zc/Mobile/Lib/Action/CommonAction.class.php 第 28 行.
NOTIC: [8] Undefined index: wlm_mobile_type /webHome/LFWZ000390/www/zc/Mobile/Lib/Action/CommonAction.class.php 第 25 行.
NOTIC: [8] Undefined index: wlm_mobile_type /webHome/LFWZ000390/www/zc/Mobile/Lib/Action/CommonAction.class.php 第 28 行.
NOTIC: [8] Undefined index: wlm_mobile_type /webHome/LFWZ000390/www/zc/Mobile/Lib/Action/CommonAction.class.php 第 25 行.
NOTIC: [8] Undefined index: wlm_mobile_type /webHome/LFWZ000390/www/zc/Mobile/Lib/Action/CommonAction.class.php 第 28 行.
NOTIC: [8] Undefined index: wlm_mobile_type /webHome/LFWZ000390/www/zc/Mobile/Lib/Action/CommonAction.class.php 第 25 行.
NOTIC: [8] Undefined index: wlm_mobile_type /webHome/LFWZ000390/www/zc/Mobile/Lib/Action/CommonAction.class.php 第 28 行.
NOTIC: [8] Undefined index: wlm_mobile_type /webHome/LFWZ000390/www/zc/Mobile/Lib/Action/CommonAction.class.php 第 25 行.
NOTIC: [8] Undefined index: wlm_mobile_type /webHome/LFWZ000390/www/zc/Mobile/Lib/Action/CommonAction.class.php 第 28 行.
NOTIC: [8] Undefined index: wlm_mobile_type /webHome/LFWZ000390/www/zc/Mobile/Lib/Action/CommonAction.class.php 第 25 行.
NOTIC: [8] Undefined index: wlm_mobile_type /webHome/LFWZ000390/www/zc/Mobile/Lib/Action/CommonAction.class.php 第 28 行.
SQL: SHOW COLUMNS FROM `fanwe_deal` [ RunTime:0.002827s ]
SQL: SELECT id,name,image,end_time,limit_price,brief,support_amount,user_name,user_id,province,city FROM `fanwe_deal` WHERE ( `is_effect` = 1 ) ORDER BY is_recommend desc,sort desc,id desc LIMIT 0,5   [ RunTime:0.001173s ]
INFO: [ view_parse ] --START--
NOTIC: [8] Undefined index: uid /webHome/LFWZ000390/www/zc/Mobile/Runtime/Cache/e324f3ed94e020837035f6928d7c067b.php 第 145 行.
NOTIC: [8] Undefined index: golist_url /webHome/LFWZ000390/www/zc/Mobile/Runtime/Cache/e324f3ed94e020837035f6928d7c067b.php 第 182 行.
NOTIC: [8] Undefined index: golist_url /webHome/LFWZ000390/www/zc/Mobile/Runtime/Cache/e324f3ed94e020837035f6928d7c067b.php 第 182 行.
NOTIC: [8] Undefined index: golist_url /webHome/LFWZ000390/www/zc/Mobile/Runtime/Cache/e324f3ed94e020837035f6928d7c067b.php 第 182 行.
NOTIC: [8] Undefined index: golist_url /webHome/LFWZ000390/www/zc/Mobile/Runtime/Cache/e324f3ed94e020837035f6928d7c067b.php 第 182 行.
NOTIC: [8] Undefined index: golist_url /webHome/LFWZ000390/www/zc/Mobile/Runtime/Cache/e324f3ed94e020837035f6928d7c067b.php 第 182 行.
NOTIC: [8] Undefined index: golist_url /webHome/LFWZ000390/www/zc/Mobile/Runtime/Cache/e324f3ed94e020837035f6928d7c067b.php 第 182 行.
NOTIC: [8] Undefined index: golist_url /webHome/LFWZ000390/www/zc/Mobile/Runtime/Cache/e324f3ed94e020837035f6928d7c067b.php 第 182 行.
NOTIC: [8] Undefined index: golist_url /webHome/LFWZ000390/www/zc/Mobile/Runtime/Cache/e324f3ed94e020837035f6928d7c067b.php 第 183 行.
NOTIC: [8] Undefined index: golist_url /webHome/LFWZ000390/www/zc/Mobile/Runtime/Cache/e324f3ed94e020837035f6928d7c067b.php 第 182 行.
NOTIC: [8] Undefined index: golist_url /webHome/LFWZ000390/www/zc/Mobile/Runtime/Cache/e324f3ed94e020837035f6928d7c067b.php 第 182 行.
INFO: ParseTemplate Behavior ::run [ RunTime:0.021883s ]
INFO: [ view_parse ] --END-- [ RunTime:0.022045s ]
INFO: [ view_filter ] --START--
INFO: ContentReplace Behavior ::run [ RunTime:0.000755s ]
INFO: TokenBuild Behavior ::run [ RunTime:0.000538s ]
INFO: WriteHtmlCache Behavior ::run [ RunTime:0.000538s ]
INFO: ShowRuntime Behavior ::run [ RunTime:0.000544s ]
INFO: [ view_filter ] --END-- [ RunTime:0.002756s ]
INFO: [ view_end ] --START--
INFO: ShowPageTrace Behavior ::run [ RunTime:0.000448s ]
INFO: [ view_end ] --END-- [ RunTime:0.000573s ]

[ 2015-09-09T09:11:10+08:00 ] 180.153.163.211 /zc/mobile.php
INFO: [ app_begin ] --START--
INFO: ReadHtmlCache Behavior ::run [ RunTime:0.000508s ]
INFO: [ app_begin ] --END-- [ RunTime:0.000672s ]
SQL: SHOW COLUMNS FROM `fanwe_deal_cate` [ RunTime:0.003467s ]
SQL: SELECT * FROM `fanwe_deal_cate` ORDER BY id  [ RunTime:0.000693s ]
NOTIC: [8] Undefined index: wlm_mobile_type /webHome/LFWZ000390/www/zc/Mobile/Lib/Action/CommonAction.class.php 第 25 行.
NOTIC: [8] Undefined index: wlm_mobile_type /webHome/LFWZ000390/www/zc/Mobile/Lib/Action/CommonAction.class.php 第 28 行.
NOTIC: [8] Undefined index: wlm_mobile_type /webHome/LFWZ000390/www/zc/Mobile/Lib/Action/CommonAction.class.php 第 25 行.
NOTIC: [8] Undefined index: wlm_mobile_type /webHome/LFWZ000390/www/zc/Mobile/Lib/Action/CommonAction.class.php 第 28 行.
NOTIC: [8] Undefined index: wlm_mobile_type /webHome/LFWZ000390/www/zc/Mobile/Lib/Action/CommonAction.class.php 第 25 行.
NOTIC: [8] Undefined index: wlm_mobile_type /webHome/LFWZ000390/www/zc/Mobile/Lib/Action/CommonAction.class.php 第 28 行.
NOTIC: [8] Undefined index: wlm_mobile_type /webHome/LFWZ000390/www/zc/Mobile/Lib/Action/CommonAction.class.php 第 25 行.
NOTIC: [8] Undefined index: wlm_mobile_type /webHome/LFWZ000390/www/zc/Mobile/Lib/Action/CommonAction.class.php 第 28 行.
NOTIC: [8] Undefined index: wlm_mobile_type /webHome/LFWZ000390/www/zc/Mobile/Lib/Action/CommonAction.class.php 第 25 行.
NOTIC: [8] Undefined index: wlm_mobile_type /webHome/LFWZ000390/www/zc/Mobile/Lib/Action/CommonAction.class.php 第 28 行.
NOTIC: [8] Undefined index: wlm_mobile_type /webHome/LFWZ000390/www/zc/Mobile/Lib/Action/CommonAction.class.php 第 25 行.
NOTIC: [8] Undefined index: wlm_mobile_type /webHome/LFWZ000390/www/zc/Mobile/Lib/Action/CommonAction.class.php 第 28 行.
NOTIC: [8] Undefined index: wlm_mobile_type /webHome/LFWZ000390/www/zc/Mobile/Lib/Action/CommonAction.class.php 第 25 行.
NOTIC: [8] Undefined index: wlm_mobile_type /webHome/LFWZ000390/www/zc/Mobile/Lib/Action/CommonAction.class.php 第 28 行.
NOTIC: [8] Undefined index: wlm_mobile_type /webHome/LFWZ000390/www/zc/Mobile/Lib/Action/CommonAction.class.php 第 25 行.
NOTIC: [8] Undefined index: wlm_mobile_type /webHome/LFWZ000390/www/zc/Mobile/Lib/Action/CommonAction.class.php 第 28 行.
NOTIC: [8] Undefined index: wlm_mobile_type /webHome/LFWZ000390/www/zc/Mobile/Lib/Action/CommonAction.class.php 第 25 行.
NOTIC: [8] Undefined index: wlm_mobile_type /webHome/LFWZ000390/www/zc/Mobile/Lib/Action/CommonAction.class.php 第 28 行.
SQL: SHOW COLUMNS FROM `fanwe_deal` [ RunTime:0.004670s ]
SQL: SELECT id,name,image,end_time,limit_price,brief,support_amount,user_name,user_id,province,city FROM `fanwe_deal` WHERE ( `is_effect` = 1 ) ORDER BY is_recommend desc,sort desc,id desc LIMIT 0,5   [ RunTime:0.001515s ]
INFO: [ view_parse ] --START--
NOTIC: [8] Undefined index: uid /webHome/LFWZ000390/www/zc/Mobile/Runtime/Cache/e324f3ed94e020837035f6928d7c067b.php 第 145 行.
NOTIC: [8] Undefined index: golist_url /webHome/LFWZ000390/www/zc/Mobile/Runtime/Cache/e324f3ed94e020837035f6928d7c067b.php 第 182 行.
NOTIC: [8] Undefined index: golist_url /webHome/LFWZ000390/www/zc/Mobile/Runtime/Cache/e324f3ed94e020837035f6928d7c067b.php 第 182 行.
NOTIC: [8] Undefined index: golist_url /webHome/LFWZ000390/www/zc/Mobile/Runtime/Cache/e324f3ed94e020837035f6928d7c067b.php 第 182 行.
NOTIC: [8] Undefined index: golist_url /webHome/LFWZ000390/www/zc/Mobile/Runtime/Cache/e324f3ed94e020837035f6928d7c067b.php 第 182 行.
NOTIC: [8] Undefined index: golist_url /webHome/LFWZ000390/www/zc/Mobile/Runtime/Cache/e324f3ed94e020837035f6928d7c067b.php 第 182 行.
NOTIC: [8] Undefined index: golist_url /webHome/LFWZ000390/www/zc/Mobile/Runtime/Cache/e324f3ed94e020837035f6928d7c067b.php 第 182 行.
NOTIC: [8] Undefined index: golist_url /webHome/LFWZ000390/www/zc/Mobile/Runtime/Cache/e324f3ed94e020837035f6928d7c067b.php 第 182 行.
NOTIC: [8] Undefined index: golist_url /webHome/LFWZ000390/www/zc/Mobile/Runtime/Cache/e324f3ed94e020837035f6928d7c067b.php 第 183 行.
NOTIC: [8] Undefined index: golist_url /webHome/LFWZ000390/www/zc/Mobile/Runtime/Cache/e324f3ed94e020837035f6928d7c067b.php 第 182 行.
NOTIC: [8] Undefined index: golist_url /webHome/LFWZ000390/www/zc/Mobile/Runtime/Cache/e324f3ed94e020837035f6928d7c067b.php 第 182 行.
INFO: ParseTemplate Behavior ::run [ RunTime:0.023170s ]
INFO: [ view_parse ] --END-- [ RunTime:0.023288s ]
INFO: [ view_filter ] --START--
INFO: ContentReplace Behavior ::run [ RunTime:0.000731s ]
INFO: TokenBuild Behavior ::run [ RunTime:0.000563s ]
INFO: WriteHtmlCache Behavior ::run [ RunTime:0.000449s ]
INFO: ShowRuntime Behavior ::run [ RunTime:0.000502s ]
INFO: [ view_filter ] --END-- [ RunTime:0.002543s ]
INFO: [ view_end ] --START--
INFO: ShowPageTrace Behavior ::run [ RunTime:0.000467s ]
INFO: [ view_end ] --END-- [ RunTime:0.000562s ]

[ 2015-09-09T09:12:16+08:00 ] 101.226.33.219 /zc/mobile.php
INFO: [ app_begin ] --START--
INFO: ReadHtmlCache Behavior ::run [ RunTime:0.000428s ]
INFO: [ app_begin ] --END-- [ RunTime:0.000579s ]
SQL: SHOW COLUMNS FROM `fanwe_deal_cate` [ RunTime:0.002241s ]
SQL: SELECT * FROM `fanwe_deal_cate` ORDER BY id  [ RunTime:0.001237s ]
NOTIC: [8] Undefined index: wlm_mobile_type /webHome/LFWZ000390/www/zc/Mobile/Lib/Action/CommonAction.class.php 第 25 行.
NOTIC: [8] Undefined index: wlm_mobile_type /webHome/LFWZ000390/www/zc/Mobile/Lib/Action/CommonAction.class.php 第 28 行.
NOTIC: [8] Undefined index: wlm_mobile_type /webHome/LFWZ000390/www/zc/Mobile/Lib/Action/CommonAction.class.php 第 25 行.
NOTIC: [8] Undefined index: wlm_mobile_type /webHome/LFWZ000390/www/zc/Mobile/Lib/Action/CommonAction.class.php 第 28 行.
NOTIC: [8] Undefined index: wlm_mobile_type /webHome/LFWZ000390/www/zc/Mobile/Lib/Action/CommonAction.class.php 第 25 行.
NOTIC: [8] Undefined index: wlm_mobile_type /webHome/LFWZ000390/www/zc/Mobile/Lib/Action/CommonAction.class.php 第 28 行.
NOTIC: [8] Undefined index: wlm_mobile_type /webHome/LFWZ000390/www/zc/Mobile/Lib/Action/CommonAction.class.php 第 25 行.
NOTIC: [8] Undefined index: wlm_mobile_type /webHome/LFWZ000390/www/zc/Mobile/Lib/Action/CommonAction.class.php 第 28 行.
NOTIC: [8] Undefined index: wlm_mobile_type /webHome/LFWZ000390/www/zc/Mobile/Lib/Action/CommonAction.class.php 第 25 行.
NOTIC: [8] Undefined index: wlm_mobile_type /webHome/LFWZ000390/www/zc/Mobile/Lib/Action/CommonAction.class.php 第 28 行.
NOTIC: [8] Undefined index: wlm_mobile_type /webHome/LFWZ000390/www/zc/Mobile/Lib/Action/CommonAction.class.php 第 25 行.
NOTIC: [8] Undefined index: wlm_mobile_type /webHome/LFWZ000390/www/zc/Mobile/Lib/Action/CommonAction.class.php 第 28 行.
NOTIC: [8] Undefined index: wlm_mobile_type /webHome/LFWZ000390/www/zc/Mobile/Lib/Action/CommonAction.class.php 第 25 行.
NOTIC: [8] Undefined index: wlm_mobile_type /webHome/LFWZ000390/www/zc/Mobile/Lib/Action/CommonAction.class.php 第 28 行.
NOTIC: [8] Undefined index: wlm_mobile_type /webHome/LFWZ000390/www/zc/Mobile/Lib/Action/CommonAction.class.php 第 25 行.
NOTIC: [8] Undefined index: wlm_mobile_type /webHome/LFWZ000390/www/zc/Mobile/Lib/Action/CommonAction.class.php 第 28 行.
NOTIC: [8] Undefined index: wlm_mobile_type /webHome/LFWZ000390/www/zc/Mobile/Lib/Action/CommonAction.class.php 第 25 行.
NOTIC: [8] Undefined index: wlm_mobile_type /webHome/LFWZ000390/www/zc/Mobile/Lib/Action/CommonAction.class.php 第 28 行.
SQL: SHOW COLUMNS FROM `fanwe_deal` [ RunTime:0.003391s ]
SQL: SELECT id,name,image,end_time,limit_price,brief,support_amount,user_name,user_id,province,city FROM `fanwe_deal` WHERE ( `is_effect` = 1 ) ORDER BY is_recommend desc,sort desc,id desc LIMIT 0,5   [ RunTime:0.001298s ]
INFO: [ view_parse ] --START--
NOTIC: [8] Undefined index: uid /webHome/LFWZ000390/www/zc/Mobile/Runtime/Cache/e324f3ed94e020837035f6928d7c067b.php 第 145 行.
NOTIC: [8] Undefined index: golist_url /webHome/LFWZ000390/www/zc/Mobile/Runtime/Cache/e324f3ed94e020837035f6928d7c067b.php 第 182 行.
NOTIC: [8] Undefined index: golist_url /webHome/LFWZ000390/www/zc/Mobile/Runtime/Cache/e324f3ed94e020837035f6928d7c067b.php 第 182 行.
NOTIC: [8] Undefined index: golist_url /webHome/LFWZ000390/www/zc/Mobile/Runtime/Cache/e324f3ed94e020837035f6928d7c067b.php 第 182 行.
NOTIC: [8] Undefined index: golist_url /webHome/LFWZ000390/www/zc/Mobile/Runtime/Cache/e324f3ed94e020837035f6928d7c067b.php 第 182 行.
NOTIC: [8] Undefined index: golist_url /webHome/LFWZ000390/www/zc/Mobile/Runtime/Cache/e324f3ed94e020837035f6928d7c067b.php 第 182 行.
NOTIC: [8] Undefined index: golist_url /webHome/LFWZ000390/www/zc/Mobile/Runtime/Cache/e324f3ed94e020837035f6928d7c067b.php 第 182 行.
NOTIC: [8] Undefined index: golist_url /webHome/LFWZ000390/www/zc/Mobile/Runtime/Cache/e324f3ed94e020837035f6928d7c067b.php 第 182 行.
NOTIC: [8] Undefined index: golist_url /webHome/LFWZ000390/www/zc/Mobile/Runtime/Cache/e324f3ed94e020837035f6928d7c067b.php 第 183 行.
NOTIC: [8] Undefined index: golist_url /webHome/LFWZ000390/www/zc/Mobile/Runtime/Cache/e324f3ed94e020837035f6928d7c067b.php 第 182 行.
NOTIC: [8] Undefined index: golist_url /webHome/LFWZ000390/www/zc/Mobile/Runtime/Cache/e324f3ed94e020837035f6928d7c067b.php 第 182 行.
INFO: ParseTemplate Behavior ::run [ RunTime:0.018501s ]
INFO: [ view_parse ] --END-- [ RunTime:0.018612s ]
INFO: [ view_filter ] --START--
INFO: ContentReplace Behavior ::run [ RunTime:0.000646s ]
INFO: TokenBuild Behavior ::run [ RunTime:0.000428s ]
INFO: WriteHtmlCache Behavior ::run [ RunTime:0.000448s ]
INFO: ShowRuntime Behavior ::run [ RunTime:0.000444s ]
INFO: [ view_filter ] --END-- [ RunTime:0.002238s ]
INFO: [ view_end ] --START--
INFO: ShowPageTrace Behavior ::run [ RunTime:0.000423s ]
INFO: [ view_end ] --END-- [ RunTime:0.000510s ]

[ 2015-09-09T15:56:23+08:00 ] 111.199.75.111 /zc/mobile.php
INFO: [ app_begin ] --START--
INFO: ReadHtmlCache Behavior ::run [ RunTime:0.000230s ]
INFO: [ app_begin ] --END-- [ RunTime:0.000307s ]
SQL: SHOW COLUMNS FROM `fanwe_deal_cate` [ RunTime:0.000938s ]
SQL: SELECT * FROM `fanwe_deal_cate` ORDER BY id  [ RunTime:0.000564s ]
NOTIC: [8] Undefined index: wlm_mobile_type /webHome/LFWZ000390/www/zc/Mobile/Lib/Action/CommonAction.class.php 第 25 行.
NOTIC: [8] Undefined index: wlm_mobile_type /webHome/LFWZ000390/www/zc/Mobile/Lib/Action/CommonAction.class.php 第 28 行.
NOTIC: [8] Undefined index: wlm_mobile_type /webHome/LFWZ000390/www/zc/Mobile/Lib/Action/CommonAction.class.php 第 25 行.
NOTIC: [8] Undefined index: wlm_mobile_type /webHome/LFWZ000390/www/zc/Mobile/Lib/Action/CommonAction.class.php 第 28 行.
NOTIC: [8] Undefined index: wlm_mobile_type /webHome/LFWZ000390/www/zc/Mobile/Lib/Action/CommonAction.class.php 第 25 行.
NOTIC: [8] Undefined index: wlm_mobile_type /webHome/LFWZ000390/www/zc/Mobile/Lib/Action/CommonAction.class.php 第 28 行.
NOTIC: [8] Undefined index: wlm_mobile_type /webHome/LFWZ000390/www/zc/Mobile/Lib/Action/CommonAction.class.php 第 25 行.
NOTIC: [8] Undefined index: wlm_mobile_type /webHome/LFWZ000390/www/zc/Mobile/Lib/Action/CommonAction.class.php 第 28 行.
NOTIC: [8] Undefined index: wlm_mobile_type /webHome/LFWZ000390/www/zc/Mobile/Lib/Action/CommonAction.class.php 第 25 行.
NOTIC: [8] Undefined index: wlm_mobile_type /webHome/LFWZ000390/www/zc/Mobile/Lib/Action/CommonAction.class.php 第 28 行.
NOTIC: [8] Undefined index: wlm_mobile_type /webHome/LFWZ000390/www/zc/Mobile/Lib/Action/CommonAction.class.php 第 25 行.
NOTIC: [8] Undefined index: wlm_mobile_type /webHome/LFWZ000390/www/zc/Mobile/Lib/Action/CommonAction.class.php 第 28 行.
NOTIC: [8] Undefined index: wlm_mobile_type /webHome/LFWZ000390/www/zc/Mobile/Lib/Action/CommonAction.class.php 第 25 行.
NOTIC: [8] Undefined index: wlm_mobile_type /webHome/LFWZ000390/www/zc/Mobile/Lib/Action/CommonAction.class.php 第 28 行.
NOTIC: [8] Undefined index: wlm_mobile_type /webHome/LFWZ000390/www/zc/Mobile/Lib/Action/CommonAction.class.php 第 25 行.
NOTIC: [8] Undefined index: wlm_mobile_type /webHome/LFWZ000390/www/zc/Mobile/Lib/Action/CommonAction.class.php 第 28 行.
NOTIC: [8] Undefined index: wlm_mobile_type /webHome/LFWZ000390/www/zc/Mobile/Lib/Action/CommonAction.class.php 第 25 行.
NOTIC: [8] Undefined index: wlm_mobile_type /webHome/LFWZ000390/www/zc/Mobile/Lib/Action/CommonAction.class.php 第 28 行.
SQL: SHOW COLUMNS FROM `fanwe_deal` [ RunTime:0.001537s ]
SQL: SELECT id,name,image,end_time,limit_price,brief,support_amount,user_name,user_id,province,city FROM `fanwe_deal` WHERE ( `is_effect` = 1 ) ORDER BY is_recommend desc,sort desc,id desc LIMIT 0,5   [ RunTime:0.001132s ]
INFO: [ view_parse ] --START--
NOTIC: [8] Undefined index: uid /webHome/LFWZ000390/www/zc/Mobile/Runtime/Cache/e324f3ed94e020837035f6928d7c067b.php 第 145 行.
NOTIC: [8] Undefined index: golist_url /webHome/LFWZ000390/www/zc/Mobile/Runtime/Cache/e324f3ed94e020837035f6928d7c067b.php 第 182 行.
NOTIC: [8] Undefined index: golist_url /webHome/LFWZ000390/www/zc/Mobile/Runtime/Cache/e324f3ed94e020837035f6928d7c067b.php 第 182 行.
NOTIC: [8] Undefined index: golist_url /webHome/LFWZ000390/www/zc/Mobile/Runtime/Cache/e324f3ed94e020837035f6928d7c067b.php 第 182 行.
NOTIC: [8] Undefined index: golist_url /webHome/LFWZ000390/www/zc/Mobile/Runtime/Cache/e324f3ed94e020837035f6928d7c067b.php 第 182 行.
NOTIC: [8] Undefined index: golist_url /webHome/LFWZ000390/www/zc/Mobile/Runtime/Cache/e324f3ed94e020837035f6928d7c067b.php 第 182 行.
NOTIC: [8] Undefined index: golist_url /webHome/LFWZ000390/www/zc/Mobile/Runtime/Cache/e324f3ed94e020837035f6928d7c067b.php 第 182 行.
NOTIC: [8] Undefined index: golist_url /webHome/LFWZ000390/www/zc/Mobile/Runtime/Cache/e324f3ed94e020837035f6928d7c067b.php 第 182 行.
NOTIC: [8] Undefined index: golist_url /webHome/LFWZ000390/www/zc/Mobile/Runtime/Cache/e324f3ed94e020837035f6928d7c067b.php 第 183 行.
NOTIC: [8] Undefined index: golist_url /webHome/LFWZ000390/www/zc/Mobile/Runtime/Cache/e324f3ed94e020837035f6928d7c067b.php 第 182 行.
NOTIC: [8] Undefined index: golist_url /webHome/LFWZ000390/www/zc/Mobile/Runtime/Cache/e324f3ed94e020837035f6928d7c067b.php 第 182 行.
INFO: ParseTemplate Behavior ::run [ RunTime:0.011417s ]
INFO: [ view_parse ] --END-- [ RunTime:0.011485s ]
INFO: [ view_filter ] --START--
INFO: ContentReplace Behavior ::run [ RunTime:0.000361s ]
INFO: TokenBuild Behavior ::run [ RunTime:0.000235s ]
INFO: WriteHtmlCache Behavior ::run [ RunTime:0.000184s ]
INFO: ShowRuntime Behavior ::run [ RunTime:0.000251s ]
INFO: [ view_filter ] --END-- [ RunTime:0.001178s ]
INFO: [ view_end ] --START--
INFO: ShowPageTrace Behavior ::run [ RunTime:0.000217s ]
INFO: [ view_end ] --END-- [ RunTime:0.000265s ]

[ 2015-09-09T15:57:07+08:00 ] 111.199.75.111 /zc/mobile.php?m=User&a=login
INFO: [ app_begin ] --START--
INFO: ReadHtmlCache Behavior ::run [ RunTime:0.000275s ]
INFO: [ app_begin ] --END-- [ RunTime:0.000355s ]
SQL: SHOW COLUMNS FROM `fanwe_deal_cate` [ RunTime:0.001105s ]
SQL: SELECT * FROM `fanwe_deal_cate` ORDER BY id  [ RunTime:0.000740s ]
INFO: [ view_parse ] --START--
INFO: ParseTemplate Behavior ::run [ RunTime:0.004656s ]
INFO: [ view_parse ] --END-- [ RunTime:0.004737s ]
INFO: [ view_filter ] --START--
INFO: ContentReplace Behavior ::run [ RunTime:0.000286s ]
INFO: TokenBuild Behavior ::run [ RunTime:0.000221s ]
INFO: WriteHtmlCache Behavior ::run [ RunTime:0.000203s ]
INFO: ShowRuntime Behavior ::run [ RunTime:0.000263s ]
INFO: [ view_filter ] --END-- [ RunTime:0.001133s ]
INFO: [ view_end ] --START--
INFO: ShowPageTrace Behavior ::run [ RunTime:0.000218s ]
INFO: [ view_end ] --END-- [ RunTime:0.000268s ]

[ 2015-09-09T15:58:03+08:00 ] 111.199.75.111 /zc/mobile.php
INFO: [ app_begin ] --START--
INFO: ReadHtmlCache Behavior ::run [ RunTime:0.000248s ]
INFO: [ app_begin ] --END-- [ RunTime:0.000358s ]
SQL: SHOW COLUMNS FROM `fanwe_deal_cate` [ RunTime:0.000975s ]
SQL: SELECT * FROM `fanwe_deal_cate` ORDER BY id  [ RunTime:0.000554s ]
NOTIC: [8] Undefined index: wlm_mobile_type /webHome/LFWZ000390/www/zc/Mobile/Lib/Action/CommonAction.class.php 第 25 行.
NOTIC: [8] Undefined index: wlm_mobile_type /webHome/LFWZ000390/www/zc/Mobile/Lib/Action/CommonAction.class.php 第 28 行.
NOTIC: [8] Undefined index: wlm_mobile_type /webHome/LFWZ000390/www/zc/Mobile/Lib/Action/CommonAction.class.php 第 25 行.
NOTIC: [8] Undefined index: wlm_mobile_type /webHome/LFWZ000390/www/zc/Mobile/Lib/Action/CommonAction.class.php 第 28 行.
NOTIC: [8] Undefined index: wlm_mobile_type /webHome/LFWZ000390/www/zc/Mobile/Lib/Action/CommonAction.class.php 第 25 行.
NOTIC: [8] Undefined index: wlm_mobile_type /webHome/LFWZ000390/www/zc/Mobile/Lib/Action/CommonAction.class.php 第 28 行.
NOTIC: [8] Undefined index: wlm_mobile_type /webHome/LFWZ000390/www/zc/Mobile/Lib/Action/CommonAction.class.php 第 25 行.
NOTIC: [8] Undefined index: wlm_mobile_type /webHome/LFWZ000390/www/zc/Mobile/Lib/Action/CommonAction.class.php 第 28 行.
NOTIC: [8] Undefined index: wlm_mobile_type /webHome/LFWZ000390/www/zc/Mobile/Lib/Action/CommonAction.class.php 第 25 行.
NOTIC: [8] Undefined index: wlm_mobile_type /webHome/LFWZ000390/www/zc/Mobile/Lib/Action/CommonAction.class.php 第 28 行.
NOTIC: [8] Undefined index: wlm_mobile_type /webHome/LFWZ000390/www/zc/Mobile/Lib/Action/CommonAction.class.php 第 25 行.
NOTIC: [8] Undefined index: wlm_mobile_type /webHome/LFWZ000390/www/zc/Mobile/Lib/Action/CommonAction.class.php 第 28 行.
NOTIC: [8] Undefined index: wlm_mobile_type /webHome/LFWZ000390/www/zc/Mobile/Lib/Action/CommonAction.class.php 第 25 行.
NOTIC: [8] Undefined index: wlm_mobile_type /webHome/LFWZ000390/www/zc/Mobile/Lib/Action/CommonAction.class.php 第 28 行.
NOTIC: [8] Undefined index: wlm_mobile_type /webHome/LFWZ000390/www/zc/Mobile/Lib/Action/CommonAction.class.php 第 25 行.
NOTIC: [8] Undefined index: wlm_mobile_type /webHome/LFWZ000390/www/zc/Mobile/Lib/Action/CommonAction.class.php 第 28 行.
NOTIC: [8] Undefined index: wlm_mobile_type /webHome/LFWZ000390/www/zc/Mobile/Lib/Action/CommonAction.class.php 第 25 行.
NOTIC: [8] Undefined index: wlm_mobile_type /webHome/LFWZ000390/www/zc/Mobile/Lib/Action/CommonAction.class.php 第 28 行.
SQL: SHOW COLUMNS FROM `fanwe_deal` [ RunTime:0.002153s ]
SQL: SELECT id,name,image,end_time,limit_price,brief,support_amount,user_name,user_id,province,city FROM `fanwe_deal` WHERE ( `is_effect` = 1 ) ORDER BY is_recommend desc,sort desc,id desc LIMIT 0,5   [ RunTime:0.001076s ]
INFO: [ view_parse ] --START--
NOTIC: [8] Undefined index: uid /webHome/LFWZ000390/www/zc/Mobile/Runtime/Cache/e324f3ed94e020837035f6928d7c067b.php 第 145 行.
NOTIC: [8] Undefined index: golist_url /webHome/LFWZ000390/www/zc/Mobile/Runtime/Cache/e324f3ed94e020837035f6928d7c067b.php 第 182 行.
NOTIC: [8] Undefined index: golist_url /webHome/LFWZ000390/www/zc/Mobile/Runtime/Cache/e324f3ed94e020837035f6928d7c067b.php 第 182 行.
NOTIC: [8] Undefined index: golist_url /webHome/LFWZ000390/www/zc/Mobile/Runtime/Cache/e324f3ed94e020837035f6928d7c067b.php 第 182 行.
NOTIC: [8] Undefined index: golist_url /webHome/LFWZ000390/www/zc/Mobile/Runtime/Cache/e324f3ed94e020837035f6928d7c067b.php 第 182 行.
NOTIC: [8] Undefined index: golist_url /webHome/LFWZ000390/www/zc/Mobile/Runtime/Cache/e324f3ed94e020837035f6928d7c067b.php 第 182 行.
NOTIC: [8] Undefined index: golist_url /webHome/LFWZ000390/www/zc/Mobile/Runtime/Cache/e324f3ed94e020837035f6928d7c067b.php 第 182 行.
NOTIC: [8] Undefined index: golist_url /webHome/LFWZ000390/www/zc/Mobile/Runtime/Cache/e324f3ed94e020837035f6928d7c067b.php 第 182 行.
NOTIC: [8] Undefined index: golist_url /webHome/LFWZ000390/www/zc/Mobile/Runtime/Cache/e324f3ed94e020837035f6928d7c067b.php 第 183 行.
NOTIC: [8] Undefined index: golist_url /webHome/LFWZ000390/www/zc/Mobile/Runtime/Cache/e324f3ed94e020837035f6928d7c067b.php 第 182 行.
NOTIC: [8] Undefined index: golist_url /webHome/LFWZ000390/www/zc/Mobile/Runtime/Cache/e324f3ed94e020837035f6928d7c067b.php 第 182 行.
INFO: ParseTemplate Behavior ::run [ RunTime:0.010388s ]
INFO: [ view_parse ] --END-- [ RunTime:0.010475s ]
INFO: [ view_filter ] --START--
INFO: ContentReplace Behavior ::run [ RunTime:0.000317s ]
INFO: TokenBuild Behavior ::run [ RunTime:0.000229s ]
INFO: WriteHtmlCache Behavior ::run [ RunTime:0.000178s ]
INFO: ShowRuntime Behavior ::run [ RunTime:0.000283s ]
INFO: [ view_filter ] --END-- [ RunTime:0.001232s ]
INFO: [ view_end ] --START--
INFO: ShowPageTrace Behavior ::run [ RunTime:0.000250s ]
INFO: [ view_end ] --END-- [ RunTime:0.000296s ]

