[ 2015-08-25T00:03:18+08:00 ] 219.143.8.242 /zc/
INFO: [ app_begin ] --START--
INFO: ReadHtmlCache Behavior ::run [ RunTime:0.000510s ]
INFO: [ app_begin ] --END-- [ RunTime:0.000851s ]

[ 2015-08-25T00:04:46+08:00 ] 219.143.8.242 /zc/
INFO: [ app_begin ] --START--
INFO: ReadHtmlCache Behavior ::run [ RunTime:0.000484s ]
INFO: [ app_begin ] --END-- [ RunTime:0.000649s ]

[ 2015-08-25T00:17:46+08:00 ] 114.242.248.99 /zc/
INFO: [ app_begin ] --START--
INFO: ReadHtmlCache Behavior ::run [ RunTime:0.000690s ]
INFO: [ app_begin ] --END-- [ RunTime:0.006114s ]

[ 2015-08-25T00:33:06+08:00 ] 114.242.248.99 /zc/
INFO: [ app_begin ] --START--
INFO: ReadHtmlCache Behavior ::run [ RunTime:0.000358s ]
INFO: [ app_begin ] --END-- [ RunTime:0.000479s ]

[ 2015-08-25T00:54:52+08:00 ] 219.143.8.242 /zc/
INFO: [ app_begin ] --START--
INFO: ReadHtmlCache Behavior ::run [ RunTime:0.000440s ]
INFO: [ app_begin ] --END-- [ RunTime:0.000628s ]

[ 2015-08-25T00:58:36+08:00 ] 219.143.8.242 /zc/
INFO: [ app_begin ] --START--
INFO: ReadHtmlCache Behavior ::run [ RunTime:0.000764s ]
INFO: [ app_begin ] --END-- [ RunTime:0.002473s ]

[ 2015-08-25T00:58:51+08:00 ] 219.143.8.242 /zc/
INFO: [ app_begin ] --START--
INFO: ReadHtmlCache Behavior ::run [ RunTime:0.000478s ]
INFO: [ app_begin ] --END-- [ RunTime:0.000637s ]

[ 2015-08-25T01:04:24+08:00 ] 114.252.147.149 /zc/
INFO: [ app_begin ] --START--
INFO: ReadHtmlCache Behavior ::run [ RunTime:0.001737s ]
INFO: [ app_begin ] --END-- [ RunTime:0.001888s ]

[ 2015-08-25T01:06:02+08:00 ] 219.143.8.242 /zc/
INFO: [ app_begin ] --START--
INFO: ReadHtmlCache Behavior ::run [ RunTime:0.002362s ]
INFO: [ app_begin ] --END-- [ RunTime:0.002546s ]

[ 2015-08-25T01:06:20+08:00 ] 219.143.8.242 /zc/
INFO: [ app_begin ] --START--
INFO: ReadHtmlCache Behavior ::run [ RunTime:0.000628s ]
INFO: [ app_begin ] --END-- [ RunTime:0.000860s ]

[ 2015-08-25T02:05:04+08:00 ] 219.143.8.242 /zc/
INFO: [ app_begin ] --START--
INFO: ReadHtmlCache Behavior ::run [ RunTime:0.000530s ]
INFO: [ app_begin ] --END-- [ RunTime:0.000717s ]

[ 2015-08-25T02:05:51+08:00 ] 219.143.8.242 /zc/
INFO: [ app_begin ] --START--
INFO: ReadHtmlCache Behavior ::run [ RunTime:0.000501s ]
INFO: [ app_begin ] --END-- [ RunTime:0.000640s ]

[ 2015-08-25T02:18:17+08:00 ] 219.143.8.242 /zc/
INFO: [ app_begin ] --START--
INFO: ReadHtmlCache Behavior ::run [ RunTime:0.000454s ]
INFO: [ app_begin ] --END-- [ RunTime:0.000585s ]

[ 2015-08-25T04:50:42+08:00 ] 66.249.69.84 /zc/index.php?m=news&a=html&
INFO: [ app_begin ] --START--
INFO: ReadHtmlCache Behavior ::run [ RunTime:0.000504s ]
INFO: [ app_begin ] --END-- [ RunTime:0.000667s ]
ERR: 无法加载模块:news

[ 2015-08-25T06:19:23+08:00 ] 182.118.22.215 /zc/index.php?a=html&id=3&m=news
INFO: [ app_begin ] --START--
INFO: ReadHtmlCache Behavior ::run [ RunTime:0.000465s ]
INFO: [ app_begin ] --END-- [ RunTime:0.000596s ]
ERR: 无法加载模块:news

[ 2015-08-25T06:22:01+08:00 ] 182.118.25.202 /zc/index.php?a=html&id=1&m=News
INFO: [ app_begin ] --START--
INFO: ReadHtmlCache Behavior ::run [ RunTime:0.000636s ]
INFO: [ app_begin ] --END-- [ RunTime:0.000765s ]
SQL: SHOW COLUMNS FROM `fanwe_nav` [ RunTime:0.005110s ]
SQL: SELECT * FROM `fanwe_nav` ORDER BY sort  [ RunTime:0.002076s ]
SQL: SHOW COLUMNS FROM `fanwe_deal_cate` [ RunTime:0.004771s ]
SQL: SELECT * FROM `fanwe_deal_cate` ORDER BY id  [ RunTime:0.004353s ]
SQL: SHOW COLUMNS FROM `fanwe_deal_keyword` [ RunTime:0.005361s ]
SQL: SELECT * FROM `fanwe_deal_keyword` LIMIT 1   [ RunTime:0.002029s ]
SQL: SHOW COLUMNS FROM `fanwe_news` [ RunTime:0.004114s ]
SQL: SELECT * FROM `fanwe_news` WHERE ( `id` = 1 ) LIMIT 1   [ RunTime:0.022846s ]
INFO: [ view_parse ] --START--
NOTIC: [8] Undefined index: uid /webHome/LFWZ000390/www/zc/Zc/Runtime/Cache/012cdf2fa3ba4152d6d6173485c32ca8.php 第 98 行.
NOTIC: [8] Use of undefined constant id - assumed 'id' /webHome/LFWZ000390/www/zc/Zc/Runtime/Cache/012cdf2fa3ba4152d6d6173485c32ca8.php 第 142 行.
SQL: SELECT * FROM `fanwe_news` WHERE ( `id` < '1' ) LIMIT 1   [ RunTime:0.003197s ]
SQL: SELECT * FROM `fanwe_news` WHERE ( `id` > '1' ) LIMIT 1   [ RunTime:0.002640s ]
INFO: ParseTemplate Behavior ::run [ RunTime:0.025050s ]
INFO: [ view_parse ] --END-- [ RunTime:0.025199s ]
INFO: [ view_filter ] --START--
INFO: ContentReplace Behavior ::run [ RunTime:0.000613s ]
INFO: TokenBuild Behavior ::run [ RunTime:0.000421s ]
INFO: WriteHtmlCache Behavior ::run [ RunTime:0.000330s ]
INFO: ShowRuntime Behavior ::run [ RunTime:0.000394s ]
INFO: [ view_filter ] --END-- [ RunTime:0.002067s ]
INFO: [ view_end ] --START--
INFO: ShowPageTrace Behavior ::run [ RunTime:0.000363s ]
INFO: [ view_end ] --END-- [ RunTime:0.000449s ]

[ 2015-08-25T06:37:36+08:00 ] 66.249.69.20 /zc/index.php?m=News&a=html&id=31
INFO: [ app_begin ] --START--
INFO: ReadHtmlCache Behavior ::run [ RunTime:0.000609s ]
INFO: [ app_begin ] --END-- [ RunTime:0.000736s ]
SQL: SHOW COLUMNS FROM `fanwe_nav` [ RunTime:0.003667s ]
SQL: SELECT * FROM `fanwe_nav` ORDER BY sort  [ RunTime:0.006354s ]
SQL: SHOW COLUMNS FROM `fanwe_deal_cate` [ RunTime:0.002545s ]
SQL: SELECT * FROM `fanwe_deal_cate` ORDER BY id  [ RunTime:0.004011s ]
SQL: SHOW COLUMNS FROM `fanwe_deal_keyword` [ RunTime:0.007224s ]
SQL: SELECT * FROM `fanwe_deal_keyword` LIMIT 1   [ RunTime:0.001887s ]
SQL: SHOW COLUMNS FROM `fanwe_news` [ RunTime:0.002930s ]
SQL: SELECT * FROM `fanwe_news` WHERE ( `id` = 31 ) LIMIT 1   [ RunTime:0.002818s ]
INFO: [ view_parse ] --START--
NOTIC: [8] Undefined index: uid /webHome/LFWZ000390/www/zc/Zc/Runtime/Cache/012cdf2fa3ba4152d6d6173485c32ca8.php 第 98 行.
NOTIC: [8] Use of undefined constant id - assumed 'id' /webHome/LFWZ000390/www/zc/Zc/Runtime/Cache/012cdf2fa3ba4152d6d6173485c32ca8.php 第 142 行.
SQL: SELECT * FROM `fanwe_news` WHERE ( `id` < null ) LIMIT 1   [ RunTime:0.002888s ]
SQL: SELECT * FROM `fanwe_news` WHERE ( `id` > null ) LIMIT 1   [ RunTime:0.002390s ]
INFO: ParseTemplate Behavior ::run [ RunTime:0.052693s ]
INFO: [ view_parse ] --END-- [ RunTime:0.052857s ]
INFO: [ view_filter ] --START--
INFO: ContentReplace Behavior ::run [ RunTime:0.000621s ]
INFO: TokenBuild Behavior ::run [ RunTime:0.002537s ]
INFO: WriteHtmlCache Behavior ::run [ RunTime:0.000607s ]
INFO: ShowRuntime Behavior ::run [ RunTime:0.001416s ]
INFO: [ view_filter ] --END-- [ RunTime:0.008741s ]
INFO: [ view_end ] --START--
INFO: ShowPageTrace Behavior ::run [ RunTime:0.000521s ]
INFO: [ view_end ] --END-- [ RunTime:0.000619s ]

[ 2015-08-25T06:53:22+08:00 ] 66.249.69.20 /zc/index.php?m=News&a=html&id=30
INFO: [ app_begin ] --START--
INFO: ReadHtmlCache Behavior ::run [ RunTime:0.007714s ]
INFO: [ app_begin ] --END-- [ RunTime:0.007863s ]
SQL: SHOW COLUMNS FROM `fanwe_nav` [ RunTime:0.002513s ]
SQL: SELECT * FROM `fanwe_nav` ORDER BY sort  [ RunTime:0.001794s ]
SQL: SHOW COLUMNS FROM `fanwe_deal_cate` [ RunTime:0.002561s ]
SQL: SELECT * FROM `fanwe_deal_cate` ORDER BY id  [ RunTime:0.002389s ]
SQL: SHOW COLUMNS FROM `fanwe_deal_keyword` [ RunTime:0.002533s ]
SQL: SELECT * FROM `fanwe_deal_keyword` LIMIT 1   [ RunTime:0.003075s ]
SQL: SHOW COLUMNS FROM `fanwe_news` [ RunTime:0.002675s ]
SQL: SELECT * FROM `fanwe_news` WHERE ( `id` = 30 ) LIMIT 1   [ RunTime:0.001689s ]
INFO: [ view_parse ] --START--
NOTIC: [8] Undefined index: uid /webHome/LFWZ000390/www/zc/Zc/Runtime/Cache/012cdf2fa3ba4152d6d6173485c32ca8.php 第 98 行.
NOTIC: [8] Use of undefined constant id - assumed 'id' /webHome/LFWZ000390/www/zc/Zc/Runtime/Cache/012cdf2fa3ba4152d6d6173485c32ca8.php 第 142 行.
SQL: SELECT * FROM `fanwe_news` WHERE ( `id` < null ) LIMIT 1   [ RunTime:0.002195s ]
SQL: SELECT * FROM `fanwe_news` WHERE ( `id` > null ) LIMIT 1   [ RunTime:0.001700s ]
INFO: ParseTemplate Behavior ::run [ RunTime:0.051088s ]
INFO: [ view_parse ] --END-- [ RunTime:0.051207s ]
INFO: [ view_filter ] --START--
INFO: ContentReplace Behavior ::run [ RunTime:0.000682s ]
INFO: TokenBuild Behavior ::run [ RunTime:0.000433s ]
INFO: WriteHtmlCache Behavior ::run [ RunTime:0.000346s ]
INFO: ShowRuntime Behavior ::run [ RunTime:0.000442s ]
INFO: [ view_filter ] --END-- [ RunTime:0.002291s ]
INFO: [ view_end ] --START--
INFO: ShowPageTrace Behavior ::run [ RunTime:0.000393s ]
INFO: [ view_end ] --END-- [ RunTime:0.000513s ]

[ 2015-08-25T08:18:04+08:00 ] 66.249.69.76 /zc/index.php?m=News&a=html&id=2
INFO: [ app_begin ] --START--
INFO: ReadHtmlCache Behavior ::run [ RunTime:0.002748s ]
INFO: [ app_begin ] --END-- [ RunTime:0.002885s ]
SQL: SHOW COLUMNS FROM `fanwe_nav` [ RunTime:0.016567s ]
SQL: SELECT * FROM `fanwe_nav` ORDER BY sort  [ RunTime:0.002453s ]
SQL: SHOW COLUMNS FROM `fanwe_deal_cate` [ RunTime:0.003131s ]
SQL: SELECT * FROM `fanwe_deal_cate` ORDER BY id  [ RunTime:0.012096s ]
SQL: SHOW COLUMNS FROM `fanwe_deal_keyword` [ RunTime:0.009931s ]
SQL: SELECT * FROM `fanwe_deal_keyword` LIMIT 1   [ RunTime:0.011539s ]
SQL: SHOW COLUMNS FROM `fanwe_news` [ RunTime:0.006351s ]
SQL: SELECT * FROM `fanwe_news` WHERE ( `id` = 2 ) LIMIT 1   [ RunTime:0.011480s ]
INFO: [ view_parse ] --START--
NOTIC: [8] Undefined index: uid /webHome/LFWZ000390/www/zc/Zc/Runtime/Cache/012cdf2fa3ba4152d6d6173485c32ca8.php 第 98 行.
NOTIC: [8] Use of undefined constant id - assumed 'id' /webHome/LFWZ000390/www/zc/Zc/Runtime/Cache/012cdf2fa3ba4152d6d6173485c32ca8.php 第 142 行.
SQL: SELECT * FROM `fanwe_news` WHERE ( `id` < '2' ) LIMIT 1   [ RunTime:0.003078s ]
SQL: SELECT * FROM `fanwe_news` WHERE ( `id` > '2' ) LIMIT 1   [ RunTime:0.004810s ]
INFO: ParseTemplate Behavior ::run [ RunTime:0.076115s ]
INFO: [ view_parse ] --END-- [ RunTime:0.076217s ]
INFO: [ view_filter ] --START--
INFO: ContentReplace Behavior ::run [ RunTime:0.000496s ]
INFO: TokenBuild Behavior ::run [ RunTime:0.000360s ]
INFO: WriteHtmlCache Behavior ::run [ RunTime:0.000307s ]
INFO: ShowRuntime Behavior ::run [ RunTime:0.000500s ]
INFO: [ view_filter ] --END-- [ RunTime:0.001929s ]
INFO: [ view_end ] --START--
INFO: ShowPageTrace Behavior ::run [ RunTime:0.000421s ]
INFO: [ view_end ] --END-- [ RunTime:0.000523s ]

[ 2015-08-25T08:59:10+08:00 ] 114.242.248.99 /zc/
INFO: [ app_begin ] --START--
INFO: ReadHtmlCache Behavior ::run [ RunTime:0.000508s ]
INFO: [ app_begin ] --END-- [ RunTime:0.000657s ]

[ 2015-08-25T09:00:55+08:00 ] 114.242.248.99 /zc/
INFO: [ app_begin ] --START--
INFO: ReadHtmlCache Behavior ::run [ RunTime:0.000478s ]
INFO: [ app_begin ] --END-- [ RunTime:0.000880s ]

[ 2015-08-25T09:24:08+08:00 ] 106.39.223.98 /zc/
INFO: [ app_begin ] --START--
INFO: ReadHtmlCache Behavior ::run [ RunTime:0.000842s ]
INFO: [ app_begin ] --END-- [ RunTime:0.001075s ]

[ 2015-08-25T09:24:14+08:00 ] 106.39.223.98 /zc/
INFO: [ app_begin ] --START--
INFO: ReadHtmlCache Behavior ::run [ RunTime:0.000360s ]
INFO: [ app_begin ] --END-- [ RunTime:0.009791s ]

[ 2015-08-25T09:24:25+08:00 ] 106.39.223.98 /zc/
INFO: [ app_begin ] --START--
INFO: ReadHtmlCache Behavior ::run [ RunTime:0.000349s ]
INFO: [ app_begin ] --END-- [ RunTime:0.000455s ]

[ 2015-08-25T09:25:14+08:00 ] 106.39.223.98 /zc/
INFO: [ app_begin ] --START--
INFO: ReadHtmlCache Behavior ::run [ RunTime:0.013741s ]
INFO: [ app_begin ] --END-- [ RunTime:0.013884s ]

[ 2015-08-25T09:27:36+08:00 ] 180.153.205.253 /zc/
INFO: [ app_begin ] --START--
INFO: ReadHtmlCache Behavior ::run [ RunTime:0.000447s ]
INFO: [ app_begin ] --END-- [ RunTime:0.000571s ]

[ 2015-08-25T13:50:36+08:00 ] 114.253.55.200 /zc/
INFO: [ app_begin ] --START--
INFO: ReadHtmlCache Behavior ::run [ RunTime:0.000678s ]
INFO: [ app_begin ] --END-- [ RunTime:0.000892s ]

[ 2015-08-25T14:04:03+08:00 ] 101.226.66.187 /zc/
INFO: [ app_begin ] --START--
INFO: ReadHtmlCache Behavior ::run [ RunTime:0.000814s ]
INFO: [ app_begin ] --END-- [ RunTime:0.000965s ]

[ 2015-08-25T14:05:48+08:00 ] 61.148.243.233 /zc/
INFO: [ app_begin ] --START--
INFO: ReadHtmlCache Behavior ::run [ RunTime:0.000648s ]
INFO: [ app_begin ] --END-- [ RunTime:0.008693s ]

[ 2015-08-25T14:07:31+08:00 ] 114.253.55.200 /zc/
INFO: [ app_begin ] --START--
INFO: ReadHtmlCache Behavior ::run [ RunTime:0.000533s ]
INFO: [ app_begin ] --END-- [ RunTime:0.000654s ]

[ 2015-08-25T14:08:51+08:00 ] 112.64.235.249 /zc/
INFO: [ app_begin ] --START--
INFO: ReadHtmlCache Behavior ::run [ RunTime:0.000527s ]
INFO: [ app_begin ] --END-- [ RunTime:0.000665s ]

[ 2015-08-25T14:20:29+08:00 ] 117.136.47.110 /zc/
INFO: [ app_begin ] --START--
INFO: ReadHtmlCache Behavior ::run [ RunTime:0.010449s ]
INFO: [ app_begin ] --END-- [ RunTime:0.010604s ]

[ 2015-08-25T14:21:03+08:00 ] 117.136.47.110 /zc/
INFO: [ app_begin ] --START--
INFO: ReadHtmlCache Behavior ::run [ RunTime:0.000600s ]
INFO: [ app_begin ] --END-- [ RunTime:0.000721s ]

[ 2015-08-25T14:31:09+08:00 ] 66.249.69.84 /zc/index.php?m=User&a=register
INFO: [ app_begin ] --START--
INFO: ReadHtmlCache Behavior ::run [ RunTime:0.000544s ]
INFO: [ app_begin ] --END-- [ RunTime:0.000701s ]
SQL: SHOW COLUMNS FROM `fanwe_nav` [ RunTime:0.004432s ]
SQL: SELECT * FROM `fanwe_nav` ORDER BY sort  [ RunTime:0.001806s ]
SQL: SHOW COLUMNS FROM `fanwe_deal_cate` [ RunTime:0.004427s ]
SQL: SELECT * FROM `fanwe_deal_cate` ORDER BY id  [ RunTime:0.002088s ]
SQL: SHOW COLUMNS FROM `fanwe_deal_keyword` [ RunTime:0.006594s ]
SQL: SELECT * FROM `fanwe_deal_keyword` LIMIT 1   [ RunTime:0.002099s ]
INFO: [ view_parse ] --START--
NOTIC: [8] Undefined index: uid /webHome/LFWZ000390/www/zc/Zc/Runtime/Cache/5ca447943347623fc7c870efb9c9908d.php 第 80 行.
INFO: ParseTemplate Behavior ::run [ RunTime:0.042992s ]
INFO: [ view_parse ] --END-- [ RunTime:0.043143s ]
INFO: [ view_filter ] --START--
INFO: ContentReplace Behavior ::run [ RunTime:0.000536s ]
INFO: TokenBuild Behavior ::run [ RunTime:0.000511s ]
INFO: WriteHtmlCache Behavior ::run [ RunTime:0.000334s ]
INFO: ShowRuntime Behavior ::run [ RunTime:0.000530s ]
INFO: [ view_filter ] --END-- [ RunTime:0.002179s ]
INFO: [ view_end ] --START--
INFO: ShowPageTrace Behavior ::run [ RunTime:0.000392s ]
INFO: [ view_end ] --END-- [ RunTime:0.000482s ]

[ 2015-08-25T17:47:29+08:00 ] 106.37.8.169 /zc/
INFO: [ app_begin ] --START--
INFO: ReadHtmlCache Behavior ::run [ RunTime:0.000530s ]
INFO: [ app_begin ] --END-- [ RunTime:0.001079s ]

[ 2015-08-25T19:51:19+08:00 ] 218.12.179.217 /zc/
INFO: [ app_begin ] --START--
INFO: ReadHtmlCache Behavior ::run [ RunTime:0.000591s ]
INFO: [ app_begin ] --END-- [ RunTime:0.007667s ]

[ 2015-08-25T20:24:29+08:00 ] 106.118.77.78 /zc/
INFO: [ app_begin ] --START--
INFO: ReadHtmlCache Behavior ::run [ RunTime:0.000452s ]
INFO: [ app_begin ] --END-- [ RunTime:0.000579s ]

