[ 2015-08-30T04:36:46+08:00 ] 66.249.79.179 /zc/
INFO: [ app_begin ] --START--
INFO: ReadHtmlCache Behavior ::run [ RunTime:0.005317s ]
INFO: [ app_begin ] --END-- [ RunTime:0.005479s ]
SQL: SHOW COLUMNS FROM `fanwe_nav` [ RunTime:0.005072s ]
SQL: SELECT * FROM `fanwe_nav` ORDER BY sort  [ RunTime:0.003120s ]
SQL: SHOW COLUMNS FROM `fanwe_deal_cate` [ RunTime:0.009330s ]
SQL: SELECT * FROM `fanwe_deal_cate` ORDER BY id  [ RunTime:0.014344s ]
SQL: SHOW COLUMNS FROM `fanwe_deal_keyword` [ RunTime:0.005387s ]
SQL: SELECT * FROM `fanwe_deal_keyword` LIMIT 1   [ RunTime:0.002748s ]
SQL: SHOW COLUMNS FROM `fanwe_showindex` [ RunTime:0.003028s ]
SQL: SELECT * FROM `fanwe_showindex`  [ RunTime:0.002219s ]
SQL: SHOW COLUMNS FROM `fanwe_news` [ RunTime:0.009003s ]
SQL: SELECT * FROM `fanwe_news` ORDER BY addtime desc,rec desc LIMIT 0,5   [ RunTime:0.009265s ]
SQL: SHOW COLUMNS FROM `fanwe_company` [ RunTime:0.006435s ]
ERR: 1146:Table 'my1006252.fanwe_company' doesn't exist
 [ SQL语句 ] : SHOW COLUMNS FROM `fanwe_company`
SQL: SELECT * FROM `fanwe_company` LIMIT 1   [ RunTime:0.001774s ]
ERR: 1146:Table 'my1006252.fanwe_company' doesn't exist
 [ SQL语句 ] : SELECT * FROM `fanwe_company` LIMIT 1  
INFO: [ view_parse ] --START--
INFO: ParseTemplate Behavior ::run [ RunTime:0.046004s ]
INFO: [ view_parse ] --END-- [ RunTime:0.046142s ]
INFO: [ view_filter ] --START--
INFO: ContentReplace Behavior ::run [ RunTime:0.000636s ]
INFO: TokenBuild Behavior ::run [ RunTime:0.000441s ]
INFO: WriteHtmlCache Behavior ::run [ RunTime:0.000467s ]
INFO: ShowRuntime Behavior ::run [ RunTime:0.000444s ]
INFO: [ view_filter ] --END-- [ RunTime:0.002251s ]
INFO: [ view_end ] --START--
INFO: ShowPageTrace Behavior ::run [ RunTime:0.000602s ]
INFO: [ view_end ] --END-- [ RunTime:0.000692s ]

[ 2015-08-30T05:01:07+08:00 ] 88.198.16.153 /zc/index.php?m=News&a=html
INFO: [ app_begin ] --START--
INFO: ReadHtmlCache Behavior ::run [ RunTime:0.000537s ]
INFO: [ app_begin ] --END-- [ RunTime:0.000685s ]
SQL: SHOW COLUMNS FROM `fanwe_nav` [ RunTime:0.004440s ]
SQL: SELECT * FROM `fanwe_nav` ORDER BY sort  [ RunTime:0.002290s ]
SQL: SHOW COLUMNS FROM `fanwe_deal_cate` [ RunTime:0.003763s ]
SQL: SELECT * FROM `fanwe_deal_cate` ORDER BY id  [ RunTime:0.001929s ]
SQL: SHOW COLUMNS FROM `fanwe_deal_keyword` [ RunTime:0.003318s ]
SQL: SELECT * FROM `fanwe_deal_keyword` LIMIT 1   [ RunTime:0.002409s ]
NOTIC: [8] Undefined index: id /webHome/LFWZ000390/www/zc/Zc/Lib/Action/NewsAction.class.php 第 28 行.
SQL: SHOW COLUMNS FROM `fanwe_news` [ RunTime:0.005688s ]
SQL: SELECT * FROM `fanwe_news` WHERE ( `id` = null ) LIMIT 1   [ RunTime:0.013534s ]
INFO: [ view_parse ] --START--
NOTIC: [8] Undefined index: uid /webHome/LFWZ000390/www/zc/Zc/Runtime/Cache/012cdf2fa3ba4152d6d6173485c32ca8.php 第 98 行.
NOTIC: [8] Use of undefined constant id - assumed 'id' /webHome/LFWZ000390/www/zc/Zc/Runtime/Cache/012cdf2fa3ba4152d6d6173485c32ca8.php 第 142 行.
SQL: SELECT * FROM `fanwe_news` WHERE ( `id` < null ) LIMIT 1   [ RunTime:0.001200s ]
SQL: SELECT * FROM `fanwe_news` WHERE ( `id` > null ) LIMIT 1   [ RunTime:0.004642s ]
INFO: ParseTemplate Behavior ::run [ RunTime:0.036617s ]
INFO: [ view_parse ] --END-- [ RunTime:0.036782s ]
INFO: [ view_filter ] --START--
INFO: ContentReplace Behavior ::run [ RunTime:0.002856s ]
INFO: TokenBuild Behavior ::run [ RunTime:0.000518s ]
INFO: WriteHtmlCache Behavior ::run [ RunTime:0.000904s ]
INFO: ShowRuntime Behavior ::run [ RunTime:0.000414s ]
INFO: [ view_filter ] --END-- [ RunTime:0.004997s ]
INFO: [ view_end ] --START--
INFO: ShowPageTrace Behavior ::run [ RunTime:0.001626s ]
INFO: [ view_end ] --END-- [ RunTime:0.001812s ]

[ 2015-08-30T12:11:18+08:00 ] 27.189.139.129 /zc/
INFO: [ app_begin ] --START--
INFO: ReadHtmlCache Behavior ::run [ RunTime:0.000480s ]
INFO: [ app_begin ] --END-- [ RunTime:0.000666s ]

[ 2015-08-30T18:29:57+08:00 ] 123.125.71.76 /zc/index.php?m=News&a=html&id=22
INFO: [ app_begin ] --START--
INFO: ReadHtmlCache Behavior ::run [ RunTime:0.000959s ]
INFO: [ app_begin ] --END-- [ RunTime:0.001069s ]
SQL: SHOW COLUMNS FROM `fanwe_nav` [ RunTime:0.005338s ]
SQL: SELECT * FROM `fanwe_nav` ORDER BY sort  [ RunTime:0.001780s ]
SQL: SHOW COLUMNS FROM `fanwe_deal_cate` [ RunTime:0.002374s ]
SQL: SELECT * FROM `fanwe_deal_cate` ORDER BY id  [ RunTime:0.002532s ]
SQL: SHOW COLUMNS FROM `fanwe_deal_keyword` [ RunTime:0.003595s ]
SQL: SELECT * FROM `fanwe_deal_keyword` LIMIT 1   [ RunTime:0.005698s ]
SQL: SHOW COLUMNS FROM `fanwe_news` [ RunTime:0.015058s ]
SQL: SELECT * FROM `fanwe_news` WHERE ( `id` = 22 ) LIMIT 1   [ RunTime:0.001329s ]
INFO: [ view_parse ] --START--
NOTIC: [8] Undefined index: uid /webHome/LFWZ000390/www/zc/Zc/Runtime/Cache/012cdf2fa3ba4152d6d6173485c32ca8.php 第 98 行.
NOTIC: [8] Use of undefined constant id - assumed 'id' /webHome/LFWZ000390/www/zc/Zc/Runtime/Cache/012cdf2fa3ba4152d6d6173485c32ca8.php 第 142 行.
SQL: SELECT * FROM `fanwe_news` WHERE ( `id` < null ) LIMIT 1   [ RunTime:0.001333s ]
SQL: SELECT * FROM `fanwe_news` WHERE ( `id` > null ) LIMIT 1   [ RunTime:0.005198s ]
INFO: ParseTemplate Behavior ::run [ RunTime:0.084452s ]
INFO: [ view_parse ] --END-- [ RunTime:0.084605s ]
INFO: [ view_filter ] --START--
INFO: ContentReplace Behavior ::run [ RunTime:0.000633s ]
INFO: TokenBuild Behavior ::run [ RunTime:0.000400s ]
INFO: WriteHtmlCache Behavior ::run [ RunTime:0.000358s ]
INFO: ShowRuntime Behavior ::run [ RunTime:0.000404s ]
INFO: [ view_filter ] --END-- [ RunTime:0.002079s ]
INFO: [ view_end ] --START--
INFO: ShowPageTrace Behavior ::run [ RunTime:0.003899s ]
INFO: [ view_end ] --END-- [ RunTime:0.004098s ]

[ 2015-08-30T18:59:57+08:00 ] 123.125.71.51 /zc/index.php?m=News&a=html&id=25
INFO: [ app_begin ] --START--
INFO: ReadHtmlCache Behavior ::run [ RunTime:0.001650s ]
INFO: [ app_begin ] --END-- [ RunTime:0.001805s ]
SQL: SHOW COLUMNS FROM `fanwe_nav` [ RunTime:0.002512s ]
SQL: SELECT * FROM `fanwe_nav` ORDER BY sort  [ RunTime:0.013368s ]
SQL: SHOW COLUMNS FROM `fanwe_deal_cate` [ RunTime:0.004645s ]
SQL: SELECT * FROM `fanwe_deal_cate` ORDER BY id  [ RunTime:0.001640s ]
SQL: SHOW COLUMNS FROM `fanwe_deal_keyword` [ RunTime:0.003081s ]
SQL: SELECT * FROM `fanwe_deal_keyword` LIMIT 1   [ RunTime:0.001412s ]
SQL: SHOW COLUMNS FROM `fanwe_news` [ RunTime:0.003014s ]
SQL: SELECT * FROM `fanwe_news` WHERE ( `id` = 25 ) LIMIT 1   [ RunTime:0.001893s ]
INFO: [ view_parse ] --START--
NOTIC: [8] Undefined index: uid /webHome/LFWZ000390/www/zc/Zc/Runtime/Cache/012cdf2fa3ba4152d6d6173485c32ca8.php 第 98 行.
NOTIC: [8] Use of undefined constant id - assumed 'id' /webHome/LFWZ000390/www/zc/Zc/Runtime/Cache/012cdf2fa3ba4152d6d6173485c32ca8.php 第 142 行.
SQL: SELECT * FROM `fanwe_news` WHERE ( `id` < null ) LIMIT 1   [ RunTime:0.003314s ]
SQL: SELECT * FROM `fanwe_news` WHERE ( `id` > null ) LIMIT 1   [ RunTime:0.006184s ]
INFO: ParseTemplate Behavior ::run [ RunTime:0.039762s ]
INFO: [ view_parse ] --END-- [ RunTime:0.039881s ]
INFO: [ view_filter ] --START--
INFO: ContentReplace Behavior ::run [ RunTime:0.000585s ]
INFO: TokenBuild Behavior ::run [ RunTime:0.000403s ]
INFO: WriteHtmlCache Behavior ::run [ RunTime:0.000342s ]
INFO: ShowRuntime Behavior ::run [ RunTime:0.000479s ]
INFO: [ view_filter ] --END-- [ RunTime:0.002124s ]
INFO: [ view_end ] --START--
INFO: ShowPageTrace Behavior ::run [ RunTime:0.000433s ]
INFO: [ view_end ] --END-- [ RunTime:0.000543s ]

[ 2015-08-30T19:08:23+08:00 ] 42.156.138.65 /zc/index.php?a=html&id=4&m=News
INFO: [ app_begin ] --START--
INFO: ReadHtmlCache Behavior ::run [ RunTime:0.000450s ]
INFO: [ app_begin ] --END-- [ RunTime:0.000647s ]
SQL: SHOW COLUMNS FROM `fanwe_nav` [ RunTime:0.002971s ]
SQL: SELECT * FROM `fanwe_nav` ORDER BY sort  [ RunTime:0.003581s ]
SQL: SHOW COLUMNS FROM `fanwe_deal_cate` [ RunTime:0.004644s ]
SQL: SELECT * FROM `fanwe_deal_cate` ORDER BY id  [ RunTime:0.005576s ]
SQL: SHOW COLUMNS FROM `fanwe_deal_keyword` [ RunTime:0.003911s ]
SQL: SELECT * FROM `fanwe_deal_keyword` LIMIT 1   [ RunTime:0.008986s ]
SQL: SHOW COLUMNS FROM `fanwe_news` [ RunTime:0.008270s ]
SQL: SELECT * FROM `fanwe_news` WHERE ( `id` = 4 ) LIMIT 1   [ RunTime:0.015846s ]
INFO: [ view_parse ] --START--
NOTIC: [8] Undefined index: uid /webHome/LFWZ000390/www/zc/Zc/Runtime/Cache/012cdf2fa3ba4152d6d6173485c32ca8.php 第 98 行.
NOTIC: [8] Use of undefined constant id - assumed 'id' /webHome/LFWZ000390/www/zc/Zc/Runtime/Cache/012cdf2fa3ba4152d6d6173485c32ca8.php 第 142 行.
SQL: SELECT * FROM `fanwe_news` WHERE ( `id` < '4' ) LIMIT 1   [ RunTime:0.008326s ]
SQL: SELECT * FROM `fanwe_news` WHERE ( `id` > '4' ) LIMIT 1   [ RunTime:0.009223s ]
INFO: ParseTemplate Behavior ::run [ RunTime:0.077618s ]
INFO: [ view_parse ] --END-- [ RunTime:0.077774s ]
INFO: [ view_filter ] --START--
INFO: ContentReplace Behavior ::run [ RunTime:0.001826s ]
INFO: TokenBuild Behavior ::run [ RunTime:0.000780s ]
INFO: WriteHtmlCache Behavior ::run [ RunTime:0.008214s ]
INFO: ShowRuntime Behavior ::run [ RunTime:0.000692s ]
INFO: [ view_filter ] --END-- [ RunTime:0.012558s ]
INFO: [ view_end ] --START--
INFO: ShowPageTrace Behavior ::run [ RunTime:0.000557s ]
INFO: [ view_end ] --END-- [ RunTime:0.000645s ]

[ 2015-08-30T19:08:27+08:00 ] 42.156.137.65 /zc/index.php?a=html&id=6&m=News
INFO: [ app_begin ] --START--
INFO: ReadHtmlCache Behavior ::run [ RunTime:0.000499s ]
INFO: [ app_begin ] --END-- [ RunTime:0.000677s ]
SQL: SHOW COLUMNS FROM `fanwe_nav` [ RunTime:0.002928s ]
SQL: SELECT * FROM `fanwe_nav` ORDER BY sort  [ RunTime:0.007680s ]
SQL: SHOW COLUMNS FROM `fanwe_deal_cate` [ RunTime:0.014429s ]
SQL: SELECT * FROM `fanwe_deal_cate` ORDER BY id  [ RunTime:0.002033s ]
SQL: SHOW COLUMNS FROM `fanwe_deal_keyword` [ RunTime:0.002611s ]
SQL: SELECT * FROM `fanwe_deal_keyword` LIMIT 1   [ RunTime:0.001953s ]
SQL: SHOW COLUMNS FROM `fanwe_news` [ RunTime:0.003524s ]
SQL: SELECT * FROM `fanwe_news` WHERE ( `id` = 6 ) LIMIT 1   [ RunTime:0.004715s ]
INFO: [ view_parse ] --START--
NOTIC: [8] Undefined index: uid /webHome/LFWZ000390/www/zc/Zc/Runtime/Cache/012cdf2fa3ba4152d6d6173485c32ca8.php 第 98 行.
NOTIC: [8] Use of undefined constant id - assumed 'id' /webHome/LFWZ000390/www/zc/Zc/Runtime/Cache/012cdf2fa3ba4152d6d6173485c32ca8.php 第 142 行.
SQL: SELECT * FROM `fanwe_news` WHERE ( `id` < '6' ) LIMIT 1   [ RunTime:0.009216s ]
SQL: SELECT * FROM `fanwe_news` WHERE ( `id` > '6' ) LIMIT 1   [ RunTime:0.010960s ]
INFO: ParseTemplate Behavior ::run [ RunTime:0.052184s ]
INFO: [ view_parse ] --END-- [ RunTime:0.052309s ]
INFO: [ view_filter ] --START--
INFO: ContentReplace Behavior ::run [ RunTime:0.000672s ]
INFO: TokenBuild Behavior ::run [ RunTime:0.001139s ]
INFO: WriteHtmlCache Behavior ::run [ RunTime:0.000527s ]
INFO: ShowRuntime Behavior ::run [ RunTime:0.000464s ]
INFO: [ view_filter ] --END-- [ RunTime:0.003463s ]
INFO: [ view_end ] --START--
INFO: ShowPageTrace Behavior ::run [ RunTime:0.000450s ]
INFO: [ view_end ] --END-- [ RunTime:0.000551s ]

[ 2015-08-30T19:08:51+08:00 ] 42.120.161.65 /zc/index.php?a=html&id=9&m=News
INFO: [ app_begin ] --START--
INFO: ReadHtmlCache Behavior ::run [ RunTime:0.000421s ]
INFO: [ app_begin ] --END-- [ RunTime:0.000574s ]
SQL: SHOW COLUMNS FROM `fanwe_nav` [ RunTime:0.004463s ]
SQL: SELECT * FROM `fanwe_nav` ORDER BY sort  [ RunTime:0.002856s ]
SQL: SHOW COLUMNS FROM `fanwe_deal_cate` [ RunTime:0.002846s ]
SQL: SELECT * FROM `fanwe_deal_cate` ORDER BY id  [ RunTime:0.005875s ]
SQL: SHOW COLUMNS FROM `fanwe_deal_keyword` [ RunTime:0.003873s ]
SQL: SELECT * FROM `fanwe_deal_keyword` LIMIT 1   [ RunTime:0.006906s ]
SQL: SHOW COLUMNS FROM `fanwe_news` [ RunTime:0.008103s ]
SQL: SELECT * FROM `fanwe_news` WHERE ( `id` = 9 ) LIMIT 1   [ RunTime:0.003059s ]
INFO: [ view_parse ] --START--
NOTIC: [8] Undefined index: uid /webHome/LFWZ000390/www/zc/Zc/Runtime/Cache/012cdf2fa3ba4152d6d6173485c32ca8.php 第 98 行.
NOTIC: [8] Use of undefined constant id - assumed 'id' /webHome/LFWZ000390/www/zc/Zc/Runtime/Cache/012cdf2fa3ba4152d6d6173485c32ca8.php 第 142 行.
SQL: SELECT * FROM `fanwe_news` WHERE ( `id` < '9' ) LIMIT 1   [ RunTime:0.003122s ]
SQL: SELECT * FROM `fanwe_news` WHERE ( `id` > '9' ) LIMIT 1   [ RunTime:0.010282s ]
INFO: ParseTemplate Behavior ::run [ RunTime:0.044768s ]
INFO: [ view_parse ] --END-- [ RunTime:0.044885s ]
INFO: [ view_filter ] --START--
INFO: ContentReplace Behavior ::run [ RunTime:0.000686s ]
INFO: TokenBuild Behavior ::run [ RunTime:0.000393s ]
INFO: WriteHtmlCache Behavior ::run [ RunTime:0.000516s ]
INFO: ShowRuntime Behavior ::run [ RunTime:0.000593s ]
INFO: [ view_filter ] --END-- [ RunTime:0.002459s ]
INFO: [ view_end ] --START--
INFO: ShowPageTrace Behavior ::run [ RunTime:0.000427s ]
INFO: [ view_end ] --END-- [ RunTime:0.000521s ]

[ 2015-08-30T19:59:57+08:00 ] 220.181.108.104 /zc/index.php?m=News&a=html&id=8
INFO: [ app_begin ] --START--
INFO: ReadHtmlCache Behavior ::run [ RunTime:0.001801s ]
INFO: [ app_begin ] --END-- [ RunTime:0.001968s ]
SQL: SHOW COLUMNS FROM `fanwe_nav` [ RunTime:0.013187s ]
SQL: SELECT * FROM `fanwe_nav` ORDER BY sort  [ RunTime:0.003641s ]
SQL: SHOW COLUMNS FROM `fanwe_deal_cate` [ RunTime:0.002591s ]
SQL: SELECT * FROM `fanwe_deal_cate` ORDER BY id  [ RunTime:0.002529s ]
SQL: SHOW COLUMNS FROM `fanwe_deal_keyword` [ RunTime:0.003562s ]
SQL: SELECT * FROM `fanwe_deal_keyword` LIMIT 1   [ RunTime:0.004091s ]
SQL: SHOW COLUMNS FROM `fanwe_news` [ RunTime:0.003992s ]
SQL: SELECT * FROM `fanwe_news` WHERE ( `id` = 8 ) LIMIT 1   [ RunTime:0.006440s ]
INFO: [ view_parse ] --START--
NOTIC: [8] Undefined index: uid /webHome/LFWZ000390/www/zc/Zc/Runtime/Cache/012cdf2fa3ba4152d6d6173485c32ca8.php 第 98 行.
NOTIC: [8] Use of undefined constant id - assumed 'id' /webHome/LFWZ000390/www/zc/Zc/Runtime/Cache/012cdf2fa3ba4152d6d6173485c32ca8.php 第 142 行.
SQL: SELECT * FROM `fanwe_news` WHERE ( `id` < '8' ) LIMIT 1   [ RunTime:0.002234s ]
SQL: SELECT * FROM `fanwe_news` WHERE ( `id` > '8' ) LIMIT 1   [ RunTime:0.013149s ]
INFO: ParseTemplate Behavior ::run [ RunTime:0.055792s ]
INFO: [ view_parse ] --END-- [ RunTime:0.056151s ]
INFO: [ view_filter ] --START--
INFO: ContentReplace Behavior ::run [ RunTime:0.000937s ]
INFO: TokenBuild Behavior ::run [ RunTime:0.002783s ]
INFO: WriteHtmlCache Behavior ::run [ RunTime:0.001028s ]
INFO: ShowRuntime Behavior ::run [ RunTime:0.011358s ]
INFO: [ view_filter ] --END-- [ RunTime:0.021720s ]
INFO: [ view_end ] --START--
INFO: ShowPageTrace Behavior ::run [ RunTime:0.001001s ]
INFO: [ view_end ] --END-- [ RunTime:0.001115s ]

