[ 2015-06-22T02:10:42+08:00 ] 66.249.64.74 /zc/index.php?m=User&a=login
INFO: [ app_begin ] --START--
INFO: ReadHtmlCache Behavior ::run [ RunTime:0.000507s ]
INFO: [ app_begin ] --END-- [ RunTime:0.000638s ]

[ 2015-06-22T09:53:04+08:00 ] 66.249.64.79 /zc/index.php?m=User&a=login
INFO: [ app_begin ] --START--
INFO: ReadHtmlCache Behavior ::run [ RunTime:0.000406s ]
INFO: [ app_begin ] --END-- [ RunTime:0.000536s ]
SQL: SHOW COLUMNS FROM `fanwe_nav` [ RunTime:0.002324s ]
SQL: SELECT * FROM `fanwe_nav` ORDER BY sort  [ RunTime:0.001281s ]
SQL: SHOW COLUMNS FROM `fanwe_deal_cate` [ RunTime:0.008208s ]
SQL: SELECT * FROM `fanwe_deal_cate` ORDER BY id  [ RunTime:0.004903s ]
INFO: [ view_parse ] --START--
NOTIC: [8] Undefined index: uid /webHome/LFWZ000390/www/zc/Zc/Runtime/Cache/42b90be8e9c40e58e803cfb6a2f683e9.php 第 73 行.
INFO: ParseTemplate Behavior ::run [ RunTime:0.041134s ]
INFO: [ view_parse ] --END-- [ RunTime:0.041334s ]
INFO: [ view_filter ] --START--
INFO: ContentReplace Behavior ::run [ RunTime:0.000851s ]
INFO: TokenBuild Behavior ::run [ RunTime:0.003363s ]
INFO: WriteHtmlCache Behavior ::run [ RunTime:0.000534s ]
INFO: ShowRuntime Behavior ::run [ RunTime:0.000452s ]
INFO: [ view_filter ] --END-- [ RunTime:0.006061s ]
INFO: [ view_end ] --START--
INFO: ShowPageTrace Behavior ::run [ RunTime:0.000444s ]
INFO: [ view_end ] --END-- [ RunTime:0.000537s ]

[ 2015-06-22T10:40:02+08:00 ] 60.7.244.110 /zc/
INFO: [ app_begin ] --START--
INFO: ReadHtmlCache Behavior ::run [ RunTime:0.000451s ]
INFO: [ app_begin ] --END-- [ RunTime:0.000870s ]
SQL: SHOW COLUMNS FROM `fanwe_nav` [ RunTime:0.004808s ]
SQL: SELECT * FROM `fanwe_nav` ORDER BY sort  [ RunTime:0.007920s ]
SQL: SHOW COLUMNS FROM `fanwe_deal_cate` [ RunTime:0.004406s ]
SQL: SELECT * FROM `fanwe_deal_cate` ORDER BY id  [ RunTime:0.002724s ]
SQL: SHOW COLUMNS FROM `fanwe_showindex` [ RunTime:0.009077s ]
SQL: SELECT * FROM `fanwe_showindex`  [ RunTime:0.002674s ]
SQL: SHOW COLUMNS FROM `fanwe_deal` [ RunTime:0.008053s ]
SQL: SELECT id,name,image,end_time,limit_price,brief,support_amount,user_name,user_id,province,city,index_img FROM `fanwe_deal` WHERE ( `is_effect` = 1 ) ORDER BY sort desc,id desc LIMIT 0,7   [ RunTime:0.001474s ]
INFO: [ view_parse ] --START--
NOTIC: [8] Undefined index: uid /webHome/LFWZ000390/www/zc/Zc/Runtime/Cache/cc5c2cb31be8fd046a7cb83177e081f6.php 第 67 行.
INFO: ParseTemplate Behavior ::run [ RunTime:0.027212s ]
INFO: [ view_parse ] --END-- [ RunTime:0.027345s ]
INFO: [ view_filter ] --START--
INFO: ContentReplace Behavior ::run [ RunTime:0.004602s ]
INFO: TokenBuild Behavior ::run [ RunTime:0.000397s ]
INFO: WriteHtmlCache Behavior ::run [ RunTime:0.000690s ]
INFO: ShowRuntime Behavior ::run [ RunTime:0.000438s ]
INFO: [ view_filter ] --END-- [ RunTime:0.006486s ]
INFO: [ view_end ] --START--
INFO: ShowPageTrace Behavior ::run [ RunTime:0.000605s ]
INFO: [ view_end ] --END-- [ RunTime:0.000686s ]

[ 2015-06-22T10:40:21+08:00 ] 60.7.244.110 /zc/index.php?m=Deal&a=show&id=58
INFO: [ app_begin ] --START--
INFO: ReadHtmlCache Behavior ::run [ RunTime:0.000513s ]
INFO: [ app_begin ] --END-- [ RunTime:0.000695s ]
NOTIC: [2048] Declaration of DealAction::show() should be compatible with that of Action::show() /webHome/LFWZ000390/www/zc/Zc/Lib/Action/DealAction.class.php 第 13 行.
SQL: SHOW COLUMNS FROM `fanwe_nav` [ RunTime:0.003023s ]
SQL: SELECT * FROM `fanwe_nav` ORDER BY sort  [ RunTime:0.005017s ]
SQL: SHOW COLUMNS FROM `fanwe_deal_cate` [ RunTime:0.003476s ]
SQL: SELECT * FROM `fanwe_deal_cate` ORDER BY id  [ RunTime:0.002324s ]
SQL: SHOW COLUMNS FROM `fanwe_deal` [ RunTime:0.008238s ]
SQL: SELECT * FROM `fanwe_deal` WHERE ( `id` = 58 ) AND ( `is_effect` = 1 ) LIMIT 1   [ RunTime:0.011576s ]
NOTIC: [8] Use of undefined constant __IMGURL__ - assumed '__IMGURL__' /webHome/LFWZ000390/www/zc/Zc/Lib/Action/DealAction.class.php 第 49 行.
INFO: [ view_parse ] --START--
NOTIC: [8] Undefined index: uid /webHome/LFWZ000390/www/zc/Zc/Runtime/Cache/efb5c64f75c1153a2e4051e116761eb6.php 第 67 行.
INFO: ParseTemplate Behavior ::run [ RunTime:0.048015s ]
INFO: [ view_parse ] --END-- [ RunTime:0.048294s ]
INFO: [ view_filter ] --START--
INFO: ContentReplace Behavior ::run [ RunTime:0.004785s ]
INFO: TokenBuild Behavior ::run [ RunTime:0.000588s ]
INFO: WriteHtmlCache Behavior ::run [ RunTime:0.000416s ]
INFO: ShowRuntime Behavior ::run [ RunTime:0.000515s ]
INFO: [ view_filter ] --END-- [ RunTime:0.006633s ]
INFO: [ view_end ] --START--
INFO: ShowPageTrace Behavior ::run [ RunTime:0.000374s ]
INFO: [ view_end ] --END-- [ RunTime:0.000463s ]

[ 2015-06-22T10:42:19+08:00 ] 60.7.244.110 /zc/
INFO: [ app_begin ] --START--
INFO: ReadHtmlCache Behavior ::run [ RunTime:0.009448s ]
INFO: [ app_begin ] --END-- [ RunTime:0.009639s ]
SQL: SHOW COLUMNS FROM `fanwe_nav` [ RunTime:0.002760s ]
SQL: SELECT * FROM `fanwe_nav` ORDER BY sort  [ RunTime:0.001748s ]
SQL: SHOW COLUMNS FROM `fanwe_deal_cate` [ RunTime:0.003274s ]
SQL: SELECT * FROM `fanwe_deal_cate` ORDER BY id  [ RunTime:0.009912s ]
SQL: SHOW COLUMNS FROM `fanwe_showindex` [ RunTime:0.003318s ]
SQL: SELECT * FROM `fanwe_showindex`  [ RunTime:0.003341s ]
SQL: SHOW COLUMNS FROM `fanwe_deal` [ RunTime:0.005038s ]
SQL: SELECT id,name,image,end_time,limit_price,brief,support_amount,user_name,user_id,province,city,index_img FROM `fanwe_deal` WHERE ( `is_effect` = 1 ) ORDER BY sort desc,id desc LIMIT 0,7   [ RunTime:0.001660s ]
INFO: [ view_parse ] --START--
NOTIC: [8] Undefined index: uid /webHome/LFWZ000390/www/zc/Zc/Runtime/Cache/cc5c2cb31be8fd046a7cb83177e081f6.php 第 67 行.
INFO: ParseTemplate Behavior ::run [ RunTime:0.052734s ]
INFO: [ view_parse ] --END-- [ RunTime:0.052906s ]
INFO: [ view_filter ] --START--
INFO: ContentReplace Behavior ::run [ RunTime:0.000561s ]
INFO: TokenBuild Behavior ::run [ RunTime:0.000433s ]
INFO: WriteHtmlCache Behavior ::run [ RunTime:0.000312s ]
INFO: ShowRuntime Behavior ::run [ RunTime:0.001627s ]
INFO: [ view_filter ] --END-- [ RunTime:0.003209s ]
INFO: [ view_end ] --START--
INFO: ShowPageTrace Behavior ::run [ RunTime:0.000409s ]
INFO: [ view_end ] --END-- [ RunTime:0.000499s ]

[ 2015-06-22T12:41:12+08:00 ] 66.249.64.74 /zc/
INFO: [ app_begin ] --START--
INFO: ReadHtmlCache Behavior ::run [ RunTime:0.000434s ]
INFO: [ app_begin ] --END-- [ RunTime:0.000563s ]
SQL: SHOW COLUMNS FROM `fanwe_nav` [ RunTime:0.004105s ]
SQL: SELECT * FROM `fanwe_nav` ORDER BY sort  [ RunTime:0.001754s ]
SQL: SHOW COLUMNS FROM `fanwe_deal_cate` [ RunTime:0.001805s ]
SQL: SELECT * FROM `fanwe_deal_cate` ORDER BY id  [ RunTime:0.001568s ]
SQL: SHOW COLUMNS FROM `fanwe_showindex` [ RunTime:0.002765s ]
SQL: SELECT * FROM `fanwe_showindex`  [ RunTime:0.001390s ]
SQL: SHOW COLUMNS FROM `fanwe_deal` [ RunTime:0.007556s ]
SQL: SELECT id,name,image,end_time,limit_price,brief,support_amount,user_name,user_id,province,city,index_img FROM `fanwe_deal` WHERE ( `is_effect` = 1 ) ORDER BY sort desc,id desc LIMIT 0,7   [ RunTime:0.003406s ]
INFO: [ view_parse ] --START--
NOTIC: [8] Undefined index: uid /webHome/LFWZ000390/www/zc/Zc/Runtime/Cache/cc5c2cb31be8fd046a7cb83177e081f6.php 第 67 行.
INFO: ParseTemplate Behavior ::run [ RunTime:0.043394s ]
INFO: [ view_parse ] --END-- [ RunTime:0.043542s ]
INFO: [ view_filter ] --START--
INFO: ContentReplace Behavior ::run [ RunTime:0.000656s ]
INFO: TokenBuild Behavior ::run [ RunTime:0.000476s ]
INFO: WriteHtmlCache Behavior ::run [ RunTime:0.000360s ]
INFO: ShowRuntime Behavior ::run [ RunTime:0.000563s ]
INFO: [ view_filter ] --END-- [ RunTime:0.002382s ]
INFO: [ view_end ] --START--
INFO: ShowPageTrace Behavior ::run [ RunTime:0.000407s ]
INFO: [ view_end ] --END-- [ RunTime:0.000493s ]

[ 2015-06-22T17:42:40+08:00 ] 66.249.64.74 /zc/
INFO: [ app_begin ] --START--
INFO: ReadHtmlCache Behavior ::run [ RunTime:0.000442s ]
INFO: [ app_begin ] --END-- [ RunTime:0.000566s ]
SQL: SHOW COLUMNS FROM `fanwe_nav` [ RunTime:0.002331s ]
SQL: SELECT * FROM `fanwe_nav` ORDER BY sort  [ RunTime:0.001936s ]
SQL: SHOW COLUMNS FROM `fanwe_deal_cate` [ RunTime:0.002939s ]
SQL: SELECT * FROM `fanwe_deal_cate` ORDER BY id  [ RunTime:0.002947s ]
SQL: SHOW COLUMNS FROM `fanwe_showindex` [ RunTime:0.012918s ]
SQL: SELECT * FROM `fanwe_showindex`  [ RunTime:0.007322s ]
SQL: SHOW COLUMNS FROM `fanwe_deal` [ RunTime:0.004367s ]
SQL: SELECT id,name,image,end_time,limit_price,brief,support_amount,user_name,user_id,province,city,index_img FROM `fanwe_deal` WHERE ( `is_effect` = 1 ) ORDER BY sort desc,id desc LIMIT 0,7   [ RunTime:0.002697s ]
INFO: [ view_parse ] --START--
NOTIC: [8] Undefined index: uid /webHome/LFWZ000390/www/zc/Zc/Runtime/Cache/cc5c2cb31be8fd046a7cb83177e081f6.php 第 67 行.
INFO: ParseTemplate Behavior ::run [ RunTime:0.038445s ]
INFO: [ view_parse ] --END-- [ RunTime:0.038584s ]
INFO: [ view_filter ] --START--
INFO: ContentReplace Behavior ::run [ RunTime:0.000600s ]
INFO: TokenBuild Behavior ::run [ RunTime:0.000422s ]
INFO: WriteHtmlCache Behavior ::run [ RunTime:0.000434s ]
INFO: ShowRuntime Behavior ::run [ RunTime:0.000439s ]
INFO: [ view_filter ] --END-- [ RunTime:0.002166s ]
INFO: [ view_end ] --START--
INFO: ShowPageTrace Behavior ::run [ RunTime:0.000530s ]
INFO: [ view_end ] --END-- [ RunTime:0.006654s ]

[ 2015-06-22T20:15:46+08:00 ] 42.156.136.107 /zc/
INFO: [ app_begin ] --START--
INFO: ReadHtmlCache Behavior ::run [ RunTime:0.000506s ]
INFO: [ app_begin ] --END-- [ RunTime:0.000670s ]
SQL: SHOW COLUMNS FROM `fanwe_nav` [ RunTime:0.009190s ]
SQL: SELECT * FROM `fanwe_nav` ORDER BY sort  [ RunTime:0.005354s ]
SQL: SHOW COLUMNS FROM `fanwe_deal_cate` [ RunTime:0.002550s ]
SQL: SELECT * FROM `fanwe_deal_cate` ORDER BY id  [ RunTime:0.003719s ]
SQL: SHOW COLUMNS FROM `fanwe_showindex` [ RunTime:0.002885s ]
SQL: SELECT * FROM `fanwe_showindex`  [ RunTime:0.005405s ]
SQL: SHOW COLUMNS FROM `fanwe_deal` [ RunTime:0.005799s ]
SQL: SELECT id,name,image,end_time,limit_price,brief,support_amount,user_name,user_id,province,city,index_img FROM `fanwe_deal` WHERE ( `is_effect` = 1 ) ORDER BY sort desc,id desc LIMIT 0,7   [ RunTime:0.011917s ]
INFO: [ view_parse ] --START--
NOTIC: [8] Undefined index: uid /webHome/LFWZ000390/www/zc/Zc/Runtime/Cache/cc5c2cb31be8fd046a7cb83177e081f6.php 第 67 行.
INFO: ParseTemplate Behavior ::run [ RunTime:0.039103s ]
INFO: [ view_parse ] --END-- [ RunTime:0.039235s ]
INFO: [ view_filter ] --START--
INFO: ContentReplace Behavior ::run [ RunTime:0.000681s ]
INFO: TokenBuild Behavior ::run [ RunTime:0.000668s ]
INFO: WriteHtmlCache Behavior ::run [ RunTime:0.001512s ]
INFO: ShowRuntime Behavior ::run [ RunTime:0.001689s ]
INFO: [ view_filter ] --END-- [ RunTime:0.006485s ]
INFO: [ view_end ] --START--
INFO: ShowPageTrace Behavior ::run [ RunTime:0.006689s ]
INFO: [ view_end ] --END-- [ RunTime:0.007051s ]

[ 2015-06-22T22:31:17+08:00 ] 66.249.64.69 /zc/index.php?m=News&a=html&id=22
INFO: [ app_begin ] --START--
INFO: ReadHtmlCache Behavior ::run [ RunTime:0.001031s ]
INFO: [ app_begin ] --END-- [ RunTime:0.001171s ]
SQL: SHOW COLUMNS FROM `fanwe_nav` [ RunTime:0.005162s ]
SQL: SELECT * FROM `fanwe_nav` ORDER BY sort  [ RunTime:0.001634s ]
SQL: SHOW COLUMNS FROM `fanwe_deal_cate` [ RunTime:0.004186s ]
SQL: SELECT * FROM `fanwe_deal_cate` ORDER BY id  [ RunTime:0.004304s ]
SQL: SHOW COLUMNS FROM `fanwe_news` [ RunTime:0.003204s ]
SQL: SELECT * FROM `fanwe_news` WHERE ( `id` = 22 ) LIMIT 1   [ RunTime:0.007541s ]
INFO: [ view_parse ] --START--
NOTIC: [8] Undefined index: uid /webHome/LFWZ000390/www/zc/Zc/Runtime/Cache/012cdf2fa3ba4152d6d6173485c32ca8.php 第 95 行.
NOTIC: [8] Use of undefined constant id - assumed 'id' /webHome/LFWZ000390/www/zc/Zc/Runtime/Cache/012cdf2fa3ba4152d6d6173485c32ca8.php 第 129 行.
SQL: SELECT * FROM `fanwe_news` WHERE ( `id` < '22' ) LIMIT 1   [ RunTime:0.002359s ]
SQL: SELECT * FROM `fanwe_news` WHERE ( `id` > '22' ) LIMIT 1   [ RunTime:0.002627s ]
INFO: ParseTemplate Behavior ::run [ RunTime:0.038479s ]
INFO: [ view_parse ] --END-- [ RunTime:0.039009s ]
INFO: [ view_filter ] --START--
INFO: ContentReplace Behavior ::run [ RunTime:0.000683s ]
INFO: TokenBuild Behavior ::run [ RunTime:0.020086s ]
INFO: WriteHtmlCache Behavior ::run [ RunTime:0.000507s ]
INFO: ShowRuntime Behavior ::run [ RunTime:0.000537s ]
INFO: [ view_filter ] --END-- [ RunTime:0.022197s ]
INFO: [ view_end ] --START--
INFO: ShowPageTrace Behavior ::run [ RunTime:0.000449s ]
INFO: [ view_end ] --END-- [ RunTime:0.000544s ]

[ 2015-06-22T23:46:16+08:00 ] 66.249.64.201 /zc/
INFO: [ app_begin ] --START--
INFO: ReadHtmlCache Behavior ::run [ RunTime:0.000486s ]
INFO: [ app_begin ] --END-- [ RunTime:0.000617s ]
SQL: SHOW COLUMNS FROM `fanwe_nav` [ RunTime:0.002414s ]
SQL: SELECT * FROM `fanwe_nav` ORDER BY sort  [ RunTime:0.004043s ]
SQL: SHOW COLUMNS FROM `fanwe_deal_cate` [ RunTime:0.005977s ]
SQL: SELECT * FROM `fanwe_deal_cate` ORDER BY id  [ RunTime:0.005291s ]
SQL: SHOW COLUMNS FROM `fanwe_showindex` [ RunTime:0.003720s ]
SQL: SELECT * FROM `fanwe_showindex`  [ RunTime:0.002296s ]
SQL: SHOW COLUMNS FROM `fanwe_deal` [ RunTime:0.007766s ]
SQL: SELECT id,name,image,end_time,limit_price,brief,support_amount,user_name,user_id,province,city,index_img FROM `fanwe_deal` WHERE ( `is_effect` = 1 ) ORDER BY sort desc,id desc LIMIT 0,7   [ RunTime:0.010263s ]
INFO: [ view_parse ] --START--
NOTIC: [8] Undefined index: uid /webHome/LFWZ000390/www/zc/Zc/Runtime/Cache/cc5c2cb31be8fd046a7cb83177e081f6.php 第 67 行.
INFO: ParseTemplate Behavior ::run [ RunTime:0.040653s ]
INFO: [ view_parse ] --END-- [ RunTime:0.040800s ]
INFO: [ view_filter ] --START--
INFO: ContentReplace Behavior ::run [ RunTime:0.001282s ]
INFO: TokenBuild Behavior ::run [ RunTime:0.000464s ]
INFO: WriteHtmlCache Behavior ::run [ RunTime:0.000370s ]
INFO: ShowRuntime Behavior ::run [ RunTime:0.001581s ]
INFO: [ view_filter ] --END-- [ RunTime:0.004040s ]
INFO: [ view_end ] --START--
INFO: ShowPageTrace Behavior ::run [ RunTime:0.000521s ]
INFO: [ view_end ] --END-- [ RunTime:0.000621s ]

[ 2015-06-22T23:55:36+08:00 ] 66.249.64.196 /zc/index.php?m=News&a=html&id=1
INFO: [ app_begin ] --START--
INFO: ReadHtmlCache Behavior ::run [ RunTime:0.000434s ]
INFO: [ app_begin ] --END-- [ RunTime:0.000562s ]
SQL: SHOW COLUMNS FROM `fanwe_nav` [ RunTime:0.002991s ]
SQL: SELECT * FROM `fanwe_nav` ORDER BY sort  [ RunTime:0.002084s ]
SQL: SHOW COLUMNS FROM `fanwe_deal_cate` [ RunTime:0.002454s ]
SQL: SELECT * FROM `fanwe_deal_cate` ORDER BY id  [ RunTime:0.001758s ]
SQL: SHOW COLUMNS FROM `fanwe_news` [ RunTime:0.004222s ]
SQL: SELECT * FROM `fanwe_news` WHERE ( `id` = 1 ) LIMIT 1   [ RunTime:0.002394s ]
INFO: [ view_parse ] --START--
NOTIC: [8] Undefined index: uid /webHome/LFWZ000390/www/zc/Zc/Runtime/Cache/012cdf2fa3ba4152d6d6173485c32ca8.php 第 95 行.
NOTIC: [8] Use of undefined constant id - assumed 'id' /webHome/LFWZ000390/www/zc/Zc/Runtime/Cache/012cdf2fa3ba4152d6d6173485c32ca8.php 第 129 行.
SQL: SELECT * FROM `fanwe_news` WHERE ( `id` < '1' ) LIMIT 1   [ RunTime:0.001810s ]
SQL: SELECT * FROM `fanwe_news` WHERE ( `id` > '1' ) LIMIT 1   [ RunTime:0.001853s ]
INFO: ParseTemplate Behavior ::run [ RunTime:0.041893s ]
INFO: [ view_parse ] --END-- [ RunTime:0.044234s ]
INFO: [ view_filter ] --START--
INFO: ContentReplace Behavior ::run [ RunTime:0.000627s ]
INFO: TokenBuild Behavior ::run [ RunTime:0.000509s ]
INFO: WriteHtmlCache Behavior ::run [ RunTime:0.000405s ]
INFO: ShowRuntime Behavior ::run [ RunTime:0.000443s ]
INFO: [ view_filter ] --END-- [ RunTime:0.002372s ]
INFO: [ view_end ] --START--
INFO: ShowPageTrace Behavior ::run [ RunTime:0.000430s ]
INFO: [ view_end ] --END-- [ RunTime:0.000525s ]

