[ 2015-05-31T18:09:48+08:00 ] 127.0.0.1 /zcw/
INFO: [ app_begin ] --START--
INFO: ReadHtmlCache Behavior ::run [ RunTime:0.001000s ]
INFO: [ app_begin ] --END-- [ RunTime:0.032002s ]
SQL: SHOW COLUMNS FROM `fanwe_deal` [ RunTime:0.175010s ]
SQL: SELECT id,name,image,end_time,limit_price,brief,support_amount,user_name,user_id,province,city FROM `fanwe_deal` WHERE ( `is_effect` = 1 ) AND ( `is_recommend` = 1 ) ORDER BY sort desc,id desc LIMIT 0,5   [ RunTime:0.934053s ]
SQL: SELECT id,name,image,end_time,limit_price,brief,support_amount,user_name,user_id,province,city FROM `fanwe_deal` WHERE ( `is_effect` = 1 ) AND ( `is_classic` = 1 ) ORDER BY sort desc,id desc LIMIT 0,5   [ RunTime:0.001000s ]
INFO: [ view_parse ] --START--
SQL: SHOW COLUMNS FROM `fanwe_conf` [ RunTime:0.040002s ]
SQL: SELECT `value` FROM `fanwe_conf` WHERE ( `name` = 'SEO_TITLE' ) LIMIT 1   [ RunTime:0.023002s ]
SQL: SELECT `value` FROM `fanwe_conf` WHERE ( `name` = 'SEO_KEYWORD' ) LIMIT 1   [ RunTime:0.000000s ]
SQL: SELECT `value` FROM `fanwe_conf` WHERE ( `name` = 'SEO_DESCRIPTION' ) LIMIT 1   [ RunTime:0.001000s ]
SQL: SHOW COLUMNS FROM `fanwe_nav` [ RunTime:0.027001s ]
SQL: SELECT * FROM `fanwe_nav` ORDER BY sort  [ RunTime:0.002000s ]
SQL: SHOW COLUMNS FROM `fanwe_deal_cate` [ RunTime:0.042002s ]
SQL: SELECT * FROM `fanwe_deal_cate` ORDER BY id  [ RunTime:0.002000s ]
NOTIC: [8] Use of undefined constant id - assumed 'id' E:\workspaceszend\zcw\App\Runtime\Cache\f331a3f0d874c4248458495ef2c2c2d1.php 第 242 行.
NOTIC: [8] Use of undefined constant id - assumed 'id' E:\workspaceszend\zcw\App\Runtime\Cache\f331a3f0d874c4248458495ef2c2c2d1.php 第 246 行.
NOTIC: [8] Use of undefined constant support_amount - assumed 'support_amount' E:\workspaceszend\zcw\App\Runtime\Cache\f331a3f0d874c4248458495ef2c2c2d1.php 第 253 行.
NOTIC: [8] Use of undefined constant limit_price - assumed 'limit_price' E:\workspaceszend\zcw\App\Runtime\Cache\f331a3f0d874c4248458495ef2c2c2d1.php 第 253 行.
NOTIC: [8] Use of undefined constant support_amount - assumed 'support_amount' E:\workspaceszend\zcw\App\Runtime\Cache\f331a3f0d874c4248458495ef2c2c2d1.php 第 255 行.
NOTIC: [8] Use of undefined constant limit_price - assumed 'limit_price' E:\workspaceszend\zcw\App\Runtime\Cache\f331a3f0d874c4248458495ef2c2c2d1.php 第 255 行.
NOTIC: [8] Use of undefined constant id - assumed 'id' E:\workspaceszend\zcw\App\Runtime\Cache\f331a3f0d874c4248458495ef2c2c2d1.php 第 242 行.
NOTIC: [8] Use of undefined constant id - assumed 'id' E:\workspaceszend\zcw\App\Runtime\Cache\f331a3f0d874c4248458495ef2c2c2d1.php 第 246 行.
NOTIC: [8] Use of undefined constant support_amount - assumed 'support_amount' E:\workspaceszend\zcw\App\Runtime\Cache\f331a3f0d874c4248458495ef2c2c2d1.php 第 253 行.
NOTIC: [8] Use of undefined constant limit_price - assumed 'limit_price' E:\workspaceszend\zcw\App\Runtime\Cache\f331a3f0d874c4248458495ef2c2c2d1.php 第 253 行.
NOTIC: [8] Use of undefined constant support_amount - assumed 'support_amount' E:\workspaceszend\zcw\App\Runtime\Cache\f331a3f0d874c4248458495ef2c2c2d1.php 第 255 行.
NOTIC: [8] Use of undefined constant limit_price - assumed 'limit_price' E:\workspaceszend\zcw\App\Runtime\Cache\f331a3f0d874c4248458495ef2c2c2d1.php 第 255 行.
NOTIC: [8] Use of undefined constant id - assumed 'id' E:\workspaceszend\zcw\App\Runtime\Cache\f331a3f0d874c4248458495ef2c2c2d1.php 第 242 行.
NOTIC: [8] Use of undefined constant id - assumed 'id' E:\workspaceszend\zcw\App\Runtime\Cache\f331a3f0d874c4248458495ef2c2c2d1.php 第 246 行.
NOTIC: [8] Use of undefined constant support_amount - assumed 'support_amount' E:\workspaceszend\zcw\App\Runtime\Cache\f331a3f0d874c4248458495ef2c2c2d1.php 第 253 行.
NOTIC: [8] Use of undefined constant limit_price - assumed 'limit_price' E:\workspaceszend\zcw\App\Runtime\Cache\f331a3f0d874c4248458495ef2c2c2d1.php 第 253 行.
NOTIC: [8] Use of undefined constant support_amount - assumed 'support_amount' E:\workspaceszend\zcw\App\Runtime\Cache\f331a3f0d874c4248458495ef2c2c2d1.php 第 255 行.
NOTIC: [8] Use of undefined constant limit_price - assumed 'limit_price' E:\workspaceszend\zcw\App\Runtime\Cache\f331a3f0d874c4248458495ef2c2c2d1.php 第 255 行.
NOTIC: [8] Use of undefined constant id - assumed 'id' E:\workspaceszend\zcw\App\Runtime\Cache\f331a3f0d874c4248458495ef2c2c2d1.php 第 242 行.
NOTIC: [8] Use of undefined constant id - assumed 'id' E:\workspaceszend\zcw\App\Runtime\Cache\f331a3f0d874c4248458495ef2c2c2d1.php 第 246 行.
NOTIC: [8] Use of undefined constant support_amount - assumed 'support_amount' E:\workspaceszend\zcw\App\Runtime\Cache\f331a3f0d874c4248458495ef2c2c2d1.php 第 253 行.
NOTIC: [8] Use of undefined constant limit_price - assumed 'limit_price' E:\workspaceszend\zcw\App\Runtime\Cache\f331a3f0d874c4248458495ef2c2c2d1.php 第 253 行.
NOTIC: [8] Use of undefined constant support_amount - assumed 'support_amount' E:\workspaceszend\zcw\App\Runtime\Cache\f331a3f0d874c4248458495ef2c2c2d1.php 第 255 行.
NOTIC: [8] Use of undefined constant limit_price - assumed 'limit_price' E:\workspaceszend\zcw\App\Runtime\Cache\f331a3f0d874c4248458495ef2c2c2d1.php 第 255 行.
SQL: SELECT COUNT(*) AS tp_count FROM `fanwe_deal` LIMIT 1   [ RunTime:0.041003s ]
SQL: SELECT SUM(support_count) AS tp_sum FROM `fanwe_deal` LIMIT 1   [ RunTime:0.016001s ]
SQL: SELECT SUM(support_amount) AS tp_sum FROM `fanwe_deal` LIMIT 1   [ RunTime:0.002000s ]
NOTIC: [8] Use of undefined constant id - assumed 'id' E:\workspaceszend\zcw\App\Runtime\Cache\f331a3f0d874c4248458495ef2c2c2d1.php 第 352 行.
NOTIC: [8] Use of undefined constant id - assumed 'id' E:\workspaceszend\zcw\App\Runtime\Cache\f331a3f0d874c4248458495ef2c2c2d1.php 第 356 行.
NOTIC: [8] Use of undefined constant support_amount - assumed 'support_amount' E:\workspaceszend\zcw\App\Runtime\Cache\f331a3f0d874c4248458495ef2c2c2d1.php 第 363 行.
NOTIC: [8] Use of undefined constant limit_price - assumed 'limit_price' E:\workspaceszend\zcw\App\Runtime\Cache\f331a3f0d874c4248458495ef2c2c2d1.php 第 363 行.
NOTIC: [8] Use of undefined constant support_amount - assumed 'support_amount' E:\workspaceszend\zcw\App\Runtime\Cache\f331a3f0d874c4248458495ef2c2c2d1.php 第 365 行.
NOTIC: [8] Use of undefined constant limit_price - assumed 'limit_price' E:\workspaceszend\zcw\App\Runtime\Cache\f331a3f0d874c4248458495ef2c2c2d1.php 第 365 行.
NOTIC: [8] Use of undefined constant id - assumed 'id' E:\workspaceszend\zcw\App\Runtime\Cache\f331a3f0d874c4248458495ef2c2c2d1.php 第 352 行.
NOTIC: [8] Use of undefined constant id - assumed 'id' E:\workspaceszend\zcw\App\Runtime\Cache\f331a3f0d874c4248458495ef2c2c2d1.php 第 356 行.
NOTIC: [8] Use of undefined constant support_amount - assumed 'support_amount' E:\workspaceszend\zcw\App\Runtime\Cache\f331a3f0d874c4248458495ef2c2c2d1.php 第 363 行.
NOTIC: [8] Use of undefined constant limit_price - assumed 'limit_price' E:\workspaceszend\zcw\App\Runtime\Cache\f331a3f0d874c4248458495ef2c2c2d1.php 第 363 行.
NOTIC: [8] Use of undefined constant support_amount - assumed 'support_amount' E:\workspaceszend\zcw\App\Runtime\Cache\f331a3f0d874c4248458495ef2c2c2d1.php 第 365 行.
NOTIC: [8] Use of undefined constant limit_price - assumed 'limit_price' E:\workspaceszend\zcw\App\Runtime\Cache\f331a3f0d874c4248458495ef2c2c2d1.php 第 365 行.
NOTIC: [8] Use of undefined constant id - assumed 'id' E:\workspaceszend\zcw\App\Runtime\Cache\f331a3f0d874c4248458495ef2c2c2d1.php 第 352 行.
NOTIC: [8] Use of undefined constant id - assumed 'id' E:\workspaceszend\zcw\App\Runtime\Cache\f331a3f0d874c4248458495ef2c2c2d1.php 第 356 行.
NOTIC: [8] Use of undefined constant support_amount - assumed 'support_amount' E:\workspaceszend\zcw\App\Runtime\Cache\f331a3f0d874c4248458495ef2c2c2d1.php 第 363 行.
NOTIC: [8] Use of undefined constant limit_price - assumed 'limit_price' E:\workspaceszend\zcw\App\Runtime\Cache\f331a3f0d874c4248458495ef2c2c2d1.php 第 363 行.
NOTIC: [8] Use of undefined constant support_amount - assumed 'support_amount' E:\workspaceszend\zcw\App\Runtime\Cache\f331a3f0d874c4248458495ef2c2c2d1.php 第 365 行.
NOTIC: [8] Use of undefined constant limit_price - assumed 'limit_price' E:\workspaceszend\zcw\App\Runtime\Cache\f331a3f0d874c4248458495ef2c2c2d1.php 第 365 行.
SQL: SHOW COLUMNS FROM `fanwe_help` [ RunTime:0.037002s ]
SQL: SELECT * FROM `fanwe_help`  [ RunTime:0.017001s ]
SQL: SELECT `value` FROM `fanwe_conf` WHERE ( `name` = 'BEI_AN' ) LIMIT 1   [ RunTime:0.001000s ]
INFO: ParseTemplate Behavior ::run [ RunTime:0.742042s ]
INFO: [ view_parse ] --END-- [ RunTime:0.742042s ]
INFO: [ view_filter ] --START--
INFO: ContentReplace Behavior ::run [ RunTime:0.002000s ]
INFO: TokenBuild Behavior ::run [ RunTime:0.001000s ]
INFO: WriteHtmlCache Behavior ::run [ RunTime:0.001000s ]
INFO: ShowRuntime Behavior ::run [ RunTime:0.001000s ]
INFO: [ view_filter ] --END-- [ RunTime:0.005000s ]
INFO: [ view_end ] --START--
INFO: ShowPageTrace Behavior ::run [ RunTime:0.001000s ]
INFO: [ view_end ] --END-- [ RunTime:0.001000s ]

[ 2015-05-31T19:57:37+08:00 ] 127.0.0.1 /zcw/
INFO: [ app_begin ] --START--
INFO: ReadHtmlCache Behavior ::run [ RunTime:0.001000s ]
INFO: [ app_begin ] --END-- [ RunTime:0.001000s ]
SQL: SHOW COLUMNS FROM `fanwe_deal` [ RunTime:0.008001s ]
SQL: SELECT id,name,image,end_time,limit_price,brief,support_amount,user_name,user_id,province,city FROM `fanwe_deal` WHERE ( `is_effect` = 1 ) AND ( `is_recommend` = 1 ) ORDER BY sort desc,id desc LIMIT 0,5   [ RunTime:0.001000s ]
SQL: SELECT id,name,image,end_time,limit_price,brief,support_amount,user_name,user_id,province,city FROM `fanwe_deal` WHERE ( `is_effect` = 1 ) AND ( `is_classic` = 1 ) ORDER BY sort desc,id desc LIMIT 0,5   [ RunTime:0.000000s ]
INFO: [ view_parse ] --START--
SQL: SHOW COLUMNS FROM `fanwe_conf` [ RunTime:0.006001s ]
SQL: SELECT `value` FROM `fanwe_conf` WHERE ( `name` = 'SEO_TITLE' ) LIMIT 1   [ RunTime:0.001000s ]
SQL: SELECT `value` FROM `fanwe_conf` WHERE ( `name` = 'SEO_KEYWORD' ) LIMIT 1   [ RunTime:0.001000s ]
SQL: SELECT `value` FROM `fanwe_conf` WHERE ( `name` = 'SEO_DESCRIPTION' ) LIMIT 1   [ RunTime:0.001000s ]
SQL: SHOW COLUMNS FROM `fanwe_nav` [ RunTime:0.009000s ]
SQL: SELECT * FROM `fanwe_nav` ORDER BY sort  [ RunTime:0.001000s ]
SQL: SHOW COLUMNS FROM `fanwe_deal_cate` [ RunTime:0.006001s ]
SQL: SELECT * FROM `fanwe_deal_cate` ORDER BY id  [ RunTime:0.001000s ]
NOTIC: [8] Use of undefined constant id - assumed 'id' E:\workspaceszend\zcw\App\Runtime\Cache\f331a3f0d874c4248458495ef2c2c2d1.php 第 242 行.
NOTIC: [8] Use of undefined constant id - assumed 'id' E:\workspaceszend\zcw\App\Runtime\Cache\f331a3f0d874c4248458495ef2c2c2d1.php 第 246 行.
NOTIC: [8] Use of undefined constant support_amount - assumed 'support_amount' E:\workspaceszend\zcw\App\Runtime\Cache\f331a3f0d874c4248458495ef2c2c2d1.php 第 253 行.
NOTIC: [8] Use of undefined constant limit_price - assumed 'limit_price' E:\workspaceszend\zcw\App\Runtime\Cache\f331a3f0d874c4248458495ef2c2c2d1.php 第 253 行.
NOTIC: [8] Use of undefined constant support_amount - assumed 'support_amount' E:\workspaceszend\zcw\App\Runtime\Cache\f331a3f0d874c4248458495ef2c2c2d1.php 第 255 行.
NOTIC: [8] Use of undefined constant limit_price - assumed 'limit_price' E:\workspaceszend\zcw\App\Runtime\Cache\f331a3f0d874c4248458495ef2c2c2d1.php 第 255 行.
NOTIC: [8] Use of undefined constant id - assumed 'id' E:\workspaceszend\zcw\App\Runtime\Cache\f331a3f0d874c4248458495ef2c2c2d1.php 第 242 行.
NOTIC: [8] Use of undefined constant id - assumed 'id' E:\workspaceszend\zcw\App\Runtime\Cache\f331a3f0d874c4248458495ef2c2c2d1.php 第 246 行.
NOTIC: [8] Use of undefined constant support_amount - assumed 'support_amount' E:\workspaceszend\zcw\App\Runtime\Cache\f331a3f0d874c4248458495ef2c2c2d1.php 第 253 行.
NOTIC: [8] Use of undefined constant limit_price - assumed 'limit_price' E:\workspaceszend\zcw\App\Runtime\Cache\f331a3f0d874c4248458495ef2c2c2d1.php 第 253 行.
NOTIC: [8] Use of undefined constant support_amount - assumed 'support_amount' E:\workspaceszend\zcw\App\Runtime\Cache\f331a3f0d874c4248458495ef2c2c2d1.php 第 255 行.
NOTIC: [8] Use of undefined constant limit_price - assumed 'limit_price' E:\workspaceszend\zcw\App\Runtime\Cache\f331a3f0d874c4248458495ef2c2c2d1.php 第 255 行.
NOTIC: [8] Use of undefined constant id - assumed 'id' E:\workspaceszend\zcw\App\Runtime\Cache\f331a3f0d874c4248458495ef2c2c2d1.php 第 242 行.
NOTIC: [8] Use of undefined constant id - assumed 'id' E:\workspaceszend\zcw\App\Runtime\Cache\f331a3f0d874c4248458495ef2c2c2d1.php 第 246 行.
NOTIC: [8] Use of undefined constant support_amount - assumed 'support_amount' E:\workspaceszend\zcw\App\Runtime\Cache\f331a3f0d874c4248458495ef2c2c2d1.php 第 253 行.
NOTIC: [8] Use of undefined constant limit_price - assumed 'limit_price' E:\workspaceszend\zcw\App\Runtime\Cache\f331a3f0d874c4248458495ef2c2c2d1.php 第 253 行.
NOTIC: [8] Use of undefined constant support_amount - assumed 'support_amount' E:\workspaceszend\zcw\App\Runtime\Cache\f331a3f0d874c4248458495ef2c2c2d1.php 第 255 行.
NOTIC: [8] Use of undefined constant limit_price - assumed 'limit_price' E:\workspaceszend\zcw\App\Runtime\Cache\f331a3f0d874c4248458495ef2c2c2d1.php 第 255 行.
NOTIC: [8] Use of undefined constant id - assumed 'id' E:\workspaceszend\zcw\App\Runtime\Cache\f331a3f0d874c4248458495ef2c2c2d1.php 第 242 行.
NOTIC: [8] Use of undefined constant id - assumed 'id' E:\workspaceszend\zcw\App\Runtime\Cache\f331a3f0d874c4248458495ef2c2c2d1.php 第 246 行.
NOTIC: [8] Use of undefined constant support_amount - assumed 'support_amount' E:\workspaceszend\zcw\App\Runtime\Cache\f331a3f0d874c4248458495ef2c2c2d1.php 第 253 行.
NOTIC: [8] Use of undefined constant limit_price - assumed 'limit_price' E:\workspaceszend\zcw\App\Runtime\Cache\f331a3f0d874c4248458495ef2c2c2d1.php 第 253 行.
NOTIC: [8] Use of undefined constant support_amount - assumed 'support_amount' E:\workspaceszend\zcw\App\Runtime\Cache\f331a3f0d874c4248458495ef2c2c2d1.php 第 255 行.
NOTIC: [8] Use of undefined constant limit_price - assumed 'limit_price' E:\workspaceszend\zcw\App\Runtime\Cache\f331a3f0d874c4248458495ef2c2c2d1.php 第 255 行.
SQL: SELECT COUNT(*) AS tp_count FROM `fanwe_deal` LIMIT 1   [ RunTime:0.000000s ]
SQL: SELECT SUM(support_count) AS tp_sum FROM `fanwe_deal` LIMIT 1   [ RunTime:0.000000s ]
SQL: SELECT SUM(support_amount) AS tp_sum FROM `fanwe_deal` LIMIT 1   [ RunTime:0.000000s ]
NOTIC: [8] Use of undefined constant id - assumed 'id' E:\workspaceszend\zcw\App\Runtime\Cache\f331a3f0d874c4248458495ef2c2c2d1.php 第 352 行.
NOTIC: [8] Use of undefined constant id - assumed 'id' E:\workspaceszend\zcw\App\Runtime\Cache\f331a3f0d874c4248458495ef2c2c2d1.php 第 356 行.
NOTIC: [8] Use of undefined constant support_amount - assumed 'support_amount' E:\workspaceszend\zcw\App\Runtime\Cache\f331a3f0d874c4248458495ef2c2c2d1.php 第 363 行.
NOTIC: [8] Use of undefined constant limit_price - assumed 'limit_price' E:\workspaceszend\zcw\App\Runtime\Cache\f331a3f0d874c4248458495ef2c2c2d1.php 第 363 行.
NOTIC: [8] Use of undefined constant support_amount - assumed 'support_amount' E:\workspaceszend\zcw\App\Runtime\Cache\f331a3f0d874c4248458495ef2c2c2d1.php 第 365 行.
NOTIC: [8] Use of undefined constant limit_price - assumed 'limit_price' E:\workspaceszend\zcw\App\Runtime\Cache\f331a3f0d874c4248458495ef2c2c2d1.php 第 365 行.
NOTIC: [8] Use of undefined constant id - assumed 'id' E:\workspaceszend\zcw\App\Runtime\Cache\f331a3f0d874c4248458495ef2c2c2d1.php 第 352 行.
NOTIC: [8] Use of undefined constant id - assumed 'id' E:\workspaceszend\zcw\App\Runtime\Cache\f331a3f0d874c4248458495ef2c2c2d1.php 第 356 行.
NOTIC: [8] Use of undefined constant support_amount - assumed 'support_amount' E:\workspaceszend\zcw\App\Runtime\Cache\f331a3f0d874c4248458495ef2c2c2d1.php 第 363 行.
NOTIC: [8] Use of undefined constant limit_price - assumed 'limit_price' E:\workspaceszend\zcw\App\Runtime\Cache\f331a3f0d874c4248458495ef2c2c2d1.php 第 363 行.
NOTIC: [8] Use of undefined constant support_amount - assumed 'support_amount' E:\workspaceszend\zcw\App\Runtime\Cache\f331a3f0d874c4248458495ef2c2c2d1.php 第 365 行.
NOTIC: [8] Use of undefined constant limit_price - assumed 'limit_price' E:\workspaceszend\zcw\App\Runtime\Cache\f331a3f0d874c4248458495ef2c2c2d1.php 第 365 行.
NOTIC: [8] Use of undefined constant id - assumed 'id' E:\workspaceszend\zcw\App\Runtime\Cache\f331a3f0d874c4248458495ef2c2c2d1.php 第 352 行.
NOTIC: [8] Use of undefined constant id - assumed 'id' E:\workspaceszend\zcw\App\Runtime\Cache\f331a3f0d874c4248458495ef2c2c2d1.php 第 356 行.
NOTIC: [8] Use of undefined constant support_amount - assumed 'support_amount' E:\workspaceszend\zcw\App\Runtime\Cache\f331a3f0d874c4248458495ef2c2c2d1.php 第 363 行.
NOTIC: [8] Use of undefined constant limit_price - assumed 'limit_price' E:\workspaceszend\zcw\App\Runtime\Cache\f331a3f0d874c4248458495ef2c2c2d1.php 第 363 行.
NOTIC: [8] Use of undefined constant support_amount - assumed 'support_amount' E:\workspaceszend\zcw\App\Runtime\Cache\f331a3f0d874c4248458495ef2c2c2d1.php 第 365 行.
NOTIC: [8] Use of undefined constant limit_price - assumed 'limit_price' E:\workspaceszend\zcw\App\Runtime\Cache\f331a3f0d874c4248458495ef2c2c2d1.php 第 365 行.
SQL: SHOW COLUMNS FROM `fanwe_help` [ RunTime:0.006001s ]
SQL: SELECT * FROM `fanwe_help`  [ RunTime:0.001000s ]
SQL: SELECT `value` FROM `fanwe_conf` WHERE ( `name` = 'BEI_AN' ) LIMIT 1   [ RunTime:0.000000s ]
INFO: ParseTemplate Behavior ::run [ RunTime:0.082005s ]
INFO: [ view_parse ] --END-- [ RunTime:0.082005s ]
INFO: [ view_filter ] --START--
INFO: ContentReplace Behavior ::run [ RunTime:0.001000s ]
INFO: TokenBuild Behavior ::run [ RunTime:0.001000s ]
INFO: WriteHtmlCache Behavior ::run [ RunTime:0.000000s ]
INFO: ShowRuntime Behavior ::run [ RunTime:0.001000s ]
INFO: [ view_filter ] --END-- [ RunTime:0.005000s ]
INFO: [ view_end ] --START--
INFO: ShowPageTrace Behavior ::run [ RunTime:0.001000s ]
INFO: [ view_end ] --END-- [ RunTime:0.001000s ]

[ 2015-05-31T19:57:44+08:00 ] 127.0.0.1 /zcw/index.php?m=Deal&a=show&id=58
INFO: [ app_begin ] --START--
INFO: ReadHtmlCache Behavior ::run [ RunTime:0.002000s ]
INFO: [ app_begin ] --END-- [ RunTime:0.002000s ]
NOTIC: [2048] Declaration of DealAction::show() should be compatible with that of Action::show() E:\workspaceszend\zcw\App\Lib\Action\DealAction.class.php 第 13 行.
SQL: SHOW COLUMNS FROM `fanwe_deal` [ RunTime:0.006000s ]
SQL: SELECT * FROM `fanwe_deal` WHERE ( `id` = 58 ) AND ( `is_effect` = 1 ) LIMIT 1   [ RunTime:0.002000s ]
INFO: [ view_parse ] --START--
SQL: SHOW COLUMNS FROM `fanwe_nav` [ RunTime:0.004000s ]
SQL: SELECT * FROM `fanwe_nav` ORDER BY sort  [ RunTime:0.001001s ]
SQL: SHOW COLUMNS FROM `fanwe_deal_item` [ RunTime:0.049002s ]
SQL: SELECT * FROM `fanwe_deal_item` WHERE ( `deal_id` = 58 )  [ RunTime:0.002000s ]
SQL: SHOW COLUMNS FROM `fanwe_help` [ RunTime:0.004001s ]
SQL: SELECT * FROM `fanwe_help`  [ RunTime:0.001000s ]
SQL: SHOW COLUMNS FROM `fanwe_conf` [ RunTime:0.004000s ]
SQL: SELECT `value` FROM `fanwe_conf` WHERE ( `name` = 'BEI_AN' ) LIMIT 1   [ RunTime:0.001000s ]
INFO: ParseTemplate Behavior ::run [ RunTime:0.086005s ]
INFO: [ view_parse ] --END-- [ RunTime:0.087005s ]
INFO: [ view_filter ] --START--
INFO: ContentReplace Behavior ::run [ RunTime:0.001000s ]
INFO: TokenBuild Behavior ::run [ RunTime:0.001000s ]
INFO: WriteHtmlCache Behavior ::run [ RunTime:0.001000s ]
INFO: ShowRuntime Behavior ::run [ RunTime:0.000000s ]
INFO: [ view_filter ] --END-- [ RunTime:0.003000s ]
INFO: [ view_end ] --START--
INFO: ShowPageTrace Behavior ::run [ RunTime:0.001000s ]
INFO: [ view_end ] --END-- [ RunTime:0.002001s ]

[ 2015-05-31T20:15:14+08:00 ] 192.168.1.100 /zcw/
INFO: [ app_begin ] --START--
INFO: ReadHtmlCache Behavior ::run [ RunTime:0.000000s ]
INFO: [ app_begin ] --END-- [ RunTime:0.000000s ]

[ 2015-05-31T21:30:19+08:00 ] 127.0.0.1 /zcw/index.php?m=Deal&a=show&id=58
INFO: [ app_begin ] --START--
INFO: ReadHtmlCache Behavior ::run [ RunTime:0.002000s ]
INFO: [ app_begin ] --END-- [ RunTime:0.002000s ]
NOTIC: [2048] Declaration of DealAction::show() should be compatible with that of Action::show() E:\workspaceszend\zcw\App\Lib\Action\DealAction.class.php 第 13 行.
SQL: SHOW COLUMNS FROM `fanwe_deal` [ RunTime:0.894052s ]
SQL: SELECT * FROM `fanwe_deal` WHERE ( `id` = 58 ) AND ( `is_effect` = 1 ) LIMIT 1   [ RunTime:0.001000s ]
INFO: [ view_parse ] --START--
SQL: SHOW COLUMNS FROM `fanwe_nav` [ RunTime:0.437025s ]
SQL: SELECT * FROM `fanwe_nav` ORDER BY sort  [ RunTime:0.001000s ]
SQL: SHOW COLUMNS FROM `fanwe_deal_item` [ RunTime:0.294016s ]
SQL: SELECT * FROM `fanwe_deal_item` WHERE ( `deal_id` = 58 )  [ RunTime:0.001000s ]
SQL: SHOW COLUMNS FROM `fanwe_help` [ RunTime:0.164009s ]
SQL: SELECT * FROM `fanwe_help`  [ RunTime:0.053003s ]
SQL: SHOW COLUMNS FROM `fanwe_conf` [ RunTime:0.149008s ]
SQL: SELECT `value` FROM `fanwe_conf` WHERE ( `name` = 'BEI_AN' ) LIMIT 1   [ RunTime:0.001000s ]
INFO: ParseTemplate Behavior ::run [ RunTime:2.248129s ]
INFO: [ view_parse ] --END-- [ RunTime:2.248129s ]
INFO: [ view_filter ] --START--
INFO: ContentReplace Behavior ::run [ RunTime:0.001000s ]
INFO: TokenBuild Behavior ::run [ RunTime:0.001000s ]
INFO: WriteHtmlCache Behavior ::run [ RunTime:0.001000s ]
INFO: ShowRuntime Behavior ::run [ RunTime:0.023001s ]
INFO: [ view_filter ] --END-- [ RunTime:0.026001s ]
INFO: [ view_end ] --START--
INFO: ShowPageTrace Behavior ::run [ RunTime:0.001000s ]
INFO: [ view_end ] --END-- [ RunTime:0.001000s ]

