[ 2015-09-06T01:50:26+08:00 ] 123.125.71.69 /zc/index.php?m=News&a=index
INFO: [ app_begin ] --START--
INFO: ReadHtmlCache Behavior ::run [ RunTime:0.003575s ]
INFO: [ app_begin ] --END-- [ RunTime:0.003899s ]
SQL: SHOW COLUMNS FROM `fanwe_nav` [ RunTime:0.003108s ]
SQL: SELECT * FROM `fanwe_nav` ORDER BY sort  [ RunTime:0.001662s ]
SQL: SHOW COLUMNS FROM `fanwe_deal_cate` [ RunTime:0.009652s ]
SQL: SELECT * FROM `fanwe_deal_cate` ORDER BY id  [ RunTime:0.003501s ]
SQL: SHOW COLUMNS FROM `fanwe_deal_keyword` [ RunTime:0.009867s ]
SQL: SELECT * FROM `fanwe_deal_keyword` LIMIT 1   [ RunTime:0.002691s ]
SQL: SHOW COLUMNS FROM `fanwe_news` [ RunTime:0.005714s ]
SQL: SELECT COUNT(*) AS tp_count FROM `fanwe_news` WHERE ( `enable` = 1 ) LIMIT 1   [ RunTime:0.002043s ]
SQL: SELECT COUNT(*) AS tp_count FROM `fanwe_news` WHERE ( `enable` = 1 ) LIMIT 1   [ RunTime:0.007060s ]
SQL: SELECT * FROM `fanwe_news` ORDER BY addtime desc,rec desc LIMIT 0,10   [ RunTime:0.018620s ]
INFO: [ view_parse ] --START--
SQL: SHOW COLUMNS FROM `fanwe_conf` [ RunTime:0.007517s ]
SQL: SELECT `value` FROM `fanwe_conf` WHERE ( `name` = 'SEO_TITLE' ) LIMIT 1   [ RunTime:0.003465s ]
NOTIC: [8] Undefined index: uid /webHome/LFWZ000390/www/zc/Zc/Runtime/Cache/93be05964b36457006025cdbe2606e6a.php 第 107 行.
INFO: ParseTemplate Behavior ::run [ RunTime:0.052074s ]
INFO: [ view_parse ] --END-- [ RunTime:0.052300s ]
INFO: [ view_filter ] --START--
INFO: ContentReplace Behavior ::run [ RunTime:0.000866s ]
INFO: TokenBuild Behavior ::run [ RunTime:0.006768s ]
INFO: WriteHtmlCache Behavior ::run [ RunTime:0.000458s ]
INFO: ShowRuntime Behavior ::run [ RunTime:0.001288s ]
INFO: [ view_filter ] --END-- [ RunTime:0.009886s ]
INFO: [ view_end ] --START--
INFO: ShowPageTrace Behavior ::run [ RunTime:0.000548s ]
INFO: [ view_end ] --END-- [ RunTime:0.000651s ]

[ 2015-09-06T01:57:52+08:00 ] 66.249.75.166 /zc/index.php?m=news&a=html&
INFO: [ app_begin ] --START--
INFO: ReadHtmlCache Behavior ::run [ RunTime:0.000545s ]
INFO: [ app_begin ] --END-- [ RunTime:0.000700s ]
ERR: 无法加载模块:news

[ 2015-09-06T06:25:41+08:00 ] 144.76.29.162 /zc/index.php?m=Deals&a=index&tid=10
INFO: [ app_begin ] --START--
INFO: ReadHtmlCache Behavior ::run [ RunTime:0.000508s ]
INFO: [ app_begin ] --END-- [ RunTime:0.000640s ]
SQL: SHOW COLUMNS FROM `fanwe_nav` [ RunTime:0.002114s ]
SQL: SELECT * FROM `fanwe_nav` ORDER BY sort  [ RunTime:0.005882s ]
SQL: SHOW COLUMNS FROM `fanwe_deal_cate` [ RunTime:0.004463s ]
SQL: SELECT * FROM `fanwe_deal_cate` ORDER BY id  [ RunTime:0.011301s ]
SQL: SHOW COLUMNS FROM `fanwe_deal_keyword` [ RunTime:0.009174s ]
SQL: SELECT * FROM `fanwe_deal_keyword` LIMIT 1   [ RunTime:0.009081s ]
NOTIC: [8] Undefined index: uid /webHome/LFWZ000390/www/zc/Zc/Lib/Action/DealsAction.class.php 第 18 行.

[ 2015-09-06T06:25:43+08:00 ] 144.76.29.162 /zc/index.php?m=User&a=login
INFO: [ app_begin ] --START--
INFO: ReadHtmlCache Behavior ::run [ RunTime:0.000343s ]
INFO: [ app_begin ] --END-- [ RunTime:0.000537s ]
SQL: SHOW COLUMNS FROM `fanwe_nav` [ RunTime:0.003243s ]
SQL: SELECT * FROM `fanwe_nav` ORDER BY sort  [ RunTime:0.002145s ]
SQL: SHOW COLUMNS FROM `fanwe_deal_cate` [ RunTime:0.002446s ]
SQL: SELECT * FROM `fanwe_deal_cate` ORDER BY id  [ RunTime:0.002685s ]
SQL: SHOW COLUMNS FROM `fanwe_deal_keyword` [ RunTime:0.003515s ]
SQL: SELECT * FROM `fanwe_deal_keyword` LIMIT 1   [ RunTime:0.002160s ]
INFO: [ view_parse ] --START--
NOTIC: [8] Undefined index: uid /webHome/LFWZ000390/www/zc/Zc/Runtime/Cache/42b90be8e9c40e58e803cfb6a2f683e9.php 第 76 行.
INFO: ParseTemplate Behavior ::run [ RunTime:0.033970s ]
INFO: [ view_parse ] --END-- [ RunTime:0.034114s ]
INFO: [ view_filter ] --START--
INFO: ContentReplace Behavior ::run [ RunTime:0.000498s ]
INFO: TokenBuild Behavior ::run [ RunTime:0.000397s ]
INFO: WriteHtmlCache Behavior ::run [ RunTime:0.000330s ]
INFO: ShowRuntime Behavior ::run [ RunTime:0.000469s ]
INFO: [ view_filter ] --END-- [ RunTime:0.001960s ]
INFO: [ view_end ] --START--
INFO: ShowPageTrace Behavior ::run [ RunTime:0.000409s ]
INFO: [ view_end ] --END-- [ RunTime:0.000559s ]

[ 2015-09-06T06:25:45+08:00 ] 144.76.29.162 /zc/index.php?m=Deals&a=index&tid=12
INFO: [ app_begin ] --START--
INFO: ReadHtmlCache Behavior ::run [ RunTime:0.000570s ]
INFO: [ app_begin ] --END-- [ RunTime:0.000903s ]
SQL: SHOW COLUMNS FROM `fanwe_nav` [ RunTime:0.003972s ]
SQL: SELECT * FROM `fanwe_nav` ORDER BY sort  [ RunTime:0.004413s ]
SQL: SHOW COLUMNS FROM `fanwe_deal_cate` [ RunTime:0.002562s ]
SQL: SELECT * FROM `fanwe_deal_cate` ORDER BY id  [ RunTime:0.002442s ]
SQL: SHOW COLUMNS FROM `fanwe_deal_keyword` [ RunTime:0.002232s ]
SQL: SELECT * FROM `fanwe_deal_keyword` LIMIT 1   [ RunTime:0.001752s ]
NOTIC: [8] Undefined index: uid /webHome/LFWZ000390/www/zc/Zc/Lib/Action/DealsAction.class.php 第 18 行.

[ 2015-09-06T06:25:49+08:00 ] 144.76.29.162 /zc/index.php?m=User&a=login
INFO: [ app_begin ] --START--
INFO: ReadHtmlCache Behavior ::run [ RunTime:0.000474s ]
INFO: [ app_begin ] --END-- [ RunTime:0.000654s ]
SQL: SHOW COLUMNS FROM `fanwe_nav` [ RunTime:0.002456s ]
SQL: SELECT * FROM `fanwe_nav` ORDER BY sort  [ RunTime:0.012570s ]
SQL: SHOW COLUMNS FROM `fanwe_deal_cate` [ RunTime:0.002454s ]
SQL: SELECT * FROM `fanwe_deal_cate` ORDER BY id  [ RunTime:0.027235s ]
SQL: SHOW COLUMNS FROM `fanwe_deal_keyword` [ RunTime:0.017990s ]
SQL: SELECT * FROM `fanwe_deal_keyword` LIMIT 1   [ RunTime:0.002692s ]
INFO: [ view_parse ] --START--
NOTIC: [8] Undefined index: uid /webHome/LFWZ000390/www/zc/Zc/Runtime/Cache/42b90be8e9c40e58e803cfb6a2f683e9.php 第 76 行.
INFO: ParseTemplate Behavior ::run [ RunTime:0.030739s ]
INFO: [ view_parse ] --END-- [ RunTime:0.030924s ]
INFO: [ view_filter ] --START--
INFO: ContentReplace Behavior ::run [ RunTime:0.002785s ]
INFO: TokenBuild Behavior ::run [ RunTime:0.000593s ]
INFO: WriteHtmlCache Behavior ::run [ RunTime:0.000341s ]
INFO: ShowRuntime Behavior ::run [ RunTime:0.000576s ]
INFO: [ view_filter ] --END-- [ RunTime:0.004674s ]
INFO: [ view_end ] --START--
INFO: ShowPageTrace Behavior ::run [ RunTime:0.000527s ]
INFO: [ view_end ] --END-- [ RunTime:0.000676s ]

[ 2015-09-06T06:25:51+08:00 ] 144.76.29.162 /zc/index.php?m=Deals&a=index&tid=14
INFO: [ app_begin ] --START--
INFO: ReadHtmlCache Behavior ::run [ RunTime:0.000459s ]
INFO: [ app_begin ] --END-- [ RunTime:0.000617s ]
SQL: SHOW COLUMNS FROM `fanwe_nav` [ RunTime:0.005992s ]
SQL: SELECT * FROM `fanwe_nav` ORDER BY sort  [ RunTime:0.002018s ]
SQL: SHOW COLUMNS FROM `fanwe_deal_cate` [ RunTime:0.009672s ]
SQL: SELECT * FROM `fanwe_deal_cate` ORDER BY id  [ RunTime:0.002875s ]
SQL: SHOW COLUMNS FROM `fanwe_deal_keyword` [ RunTime:0.007389s ]
SQL: SELECT * FROM `fanwe_deal_keyword` LIMIT 1   [ RunTime:0.002387s ]
NOTIC: [8] Undefined index: uid /webHome/LFWZ000390/www/zc/Zc/Lib/Action/DealsAction.class.php 第 18 行.

[ 2015-09-06T06:25:53+08:00 ] 144.76.29.162 /zc/index.php?m=User&a=login
INFO: [ app_begin ] --START--
INFO: ReadHtmlCache Behavior ::run [ RunTime:0.000409s ]
INFO: [ app_begin ] --END-- [ RunTime:0.000717s ]
SQL: SHOW COLUMNS FROM `fanwe_nav` [ RunTime:0.002663s ]
SQL: SELECT * FROM `fanwe_nav` ORDER BY sort  [ RunTime:0.002200s ]
SQL: SHOW COLUMNS FROM `fanwe_deal_cate` [ RunTime:0.004343s ]
SQL: SELECT * FROM `fanwe_deal_cate` ORDER BY id  [ RunTime:0.004399s ]
SQL: SHOW COLUMNS FROM `fanwe_deal_keyword` [ RunTime:0.003420s ]
SQL: SELECT * FROM `fanwe_deal_keyword` LIMIT 1   [ RunTime:0.004351s ]
INFO: [ view_parse ] --START--
NOTIC: [8] Undefined index: uid /webHome/LFWZ000390/www/zc/Zc/Runtime/Cache/42b90be8e9c40e58e803cfb6a2f683e9.php 第 76 行.
INFO: ParseTemplate Behavior ::run [ RunTime:0.048264s ]
INFO: [ view_parse ] --END-- [ RunTime:0.048388s ]
INFO: [ view_filter ] --START--
INFO: ContentReplace Behavior ::run [ RunTime:0.000721s ]
INFO: TokenBuild Behavior ::run [ RunTime:0.000434s ]
INFO: WriteHtmlCache Behavior ::run [ RunTime:0.002180s ]
INFO: ShowRuntime Behavior ::run [ RunTime:0.005349s ]
INFO: [ view_filter ] --END-- [ RunTime:0.009816s ]
INFO: [ view_end ] --START--
INFO: ShowPageTrace Behavior ::run [ RunTime:0.004839s ]
INFO: [ view_end ] --END-- [ RunTime:0.005017s ]

[ 2015-09-06T06:25:55+08:00 ] 144.76.29.162 /zc/index.php?m=Deals&a=index&tid=4
INFO: [ app_begin ] --START--
INFO: ReadHtmlCache Behavior ::run [ RunTime:0.000834s ]
INFO: [ app_begin ] --END-- [ RunTime:0.000962s ]
SQL: SHOW COLUMNS FROM `fanwe_nav` [ RunTime:0.002684s ]
SQL: SELECT * FROM `fanwe_nav` ORDER BY sort  [ RunTime:0.009330s ]
SQL: SHOW COLUMNS FROM `fanwe_deal_cate` [ RunTime:0.002480s ]
SQL: SELECT * FROM `fanwe_deal_cate` ORDER BY id  [ RunTime:0.004018s ]
SQL: SHOW COLUMNS FROM `fanwe_deal_keyword` [ RunTime:0.002177s ]
SQL: SELECT * FROM `fanwe_deal_keyword` LIMIT 1   [ RunTime:0.003530s ]
NOTIC: [8] Undefined index: uid /webHome/LFWZ000390/www/zc/Zc/Lib/Action/DealsAction.class.php 第 18 行.

[ 2015-09-06T06:25:57+08:00 ] 144.76.29.162 /zc/index.php?m=User&a=login
INFO: [ app_begin ] --START--
INFO: ReadHtmlCache Behavior ::run [ RunTime:0.000386s ]
INFO: [ app_begin ] --END-- [ RunTime:0.000490s ]
SQL: SHOW COLUMNS FROM `fanwe_nav` [ RunTime:0.020890s ]
SQL: SELECT * FROM `fanwe_nav` ORDER BY sort  [ RunTime:0.002552s ]
SQL: SHOW COLUMNS FROM `fanwe_deal_cate` [ RunTime:0.002637s ]
SQL: SELECT * FROM `fanwe_deal_cate` ORDER BY id  [ RunTime:0.005503s ]
SQL: SHOW COLUMNS FROM `fanwe_deal_keyword` [ RunTime:0.010207s ]
SQL: SELECT * FROM `fanwe_deal_keyword` LIMIT 1   [ RunTime:0.002680s ]
INFO: [ view_parse ] --START--
NOTIC: [8] Undefined index: uid /webHome/LFWZ000390/www/zc/Zc/Runtime/Cache/42b90be8e9c40e58e803cfb6a2f683e9.php 第 76 行.
INFO: ParseTemplate Behavior ::run [ RunTime:0.025750s ]
INFO: [ view_parse ] --END-- [ RunTime:0.025902s ]
INFO: [ view_filter ] --START--
INFO: ContentReplace Behavior ::run [ RunTime:0.000658s ]
INFO: TokenBuild Behavior ::run [ RunTime:0.000381s ]
INFO: WriteHtmlCache Behavior ::run [ RunTime:0.000400s ]
INFO: ShowRuntime Behavior ::run [ RunTime:0.000480s ]
INFO: [ view_filter ] --END-- [ RunTime:0.002318s ]
INFO: [ view_end ] --START--
INFO: ShowPageTrace Behavior ::run [ RunTime:0.000408s ]
INFO: [ view_end ] --END-- [ RunTime:0.000505s ]

[ 2015-09-06T06:26:04+08:00 ] 144.76.29.162 /zc/index.php?m=Deals&a=index&tid=5
INFO: [ app_begin ] --START--
INFO: ReadHtmlCache Behavior ::run [ RunTime:0.000422s ]
INFO: [ app_begin ] --END-- [ RunTime:0.000595s ]
SQL: SHOW COLUMNS FROM `fanwe_nav` [ RunTime:0.002485s ]
SQL: SELECT * FROM `fanwe_nav` ORDER BY sort  [ RunTime:0.001622s ]
SQL: SHOW COLUMNS FROM `fanwe_deal_cate` [ RunTime:0.002393s ]
SQL: SELECT * FROM `fanwe_deal_cate` ORDER BY id  [ RunTime:0.001841s ]
SQL: SHOW COLUMNS FROM `fanwe_deal_keyword` [ RunTime:0.003412s ]
SQL: SELECT * FROM `fanwe_deal_keyword` LIMIT 1   [ RunTime:0.002284s ]
NOTIC: [8] Undefined index: uid /webHome/LFWZ000390/www/zc/Zc/Lib/Action/DealsAction.class.php 第 18 行.

[ 2015-09-06T06:26:06+08:00 ] 144.76.29.162 /zc/index.php?m=User&a=login
INFO: [ app_begin ] --START--
INFO: ReadHtmlCache Behavior ::run [ RunTime:0.000525s ]
INFO: [ app_begin ] --END-- [ RunTime:0.000702s ]
SQL: SHOW COLUMNS FROM `fanwe_nav` [ RunTime:0.003896s ]
SQL: SELECT * FROM `fanwe_nav` ORDER BY sort  [ RunTime:0.002224s ]
SQL: SHOW COLUMNS FROM `fanwe_deal_cate` [ RunTime:0.002217s ]
SQL: SELECT * FROM `fanwe_deal_cate` ORDER BY id  [ RunTime:0.007582s ]
SQL: SHOW COLUMNS FROM `fanwe_deal_keyword` [ RunTime:0.006928s ]
SQL: SELECT * FROM `fanwe_deal_keyword` LIMIT 1   [ RunTime:0.005885s ]
INFO: [ view_parse ] --START--
NOTIC: [8] Undefined index: uid /webHome/LFWZ000390/www/zc/Zc/Runtime/Cache/42b90be8e9c40e58e803cfb6a2f683e9.php 第 76 行.
INFO: ParseTemplate Behavior ::run [ RunTime:0.035999s ]
INFO: [ view_parse ] --END-- [ RunTime:0.036216s ]
INFO: [ view_filter ] --START--
INFO: ContentReplace Behavior ::run [ RunTime:0.000959s ]
INFO: TokenBuild Behavior ::run [ RunTime:0.000453s ]
INFO: WriteHtmlCache Behavior ::run [ RunTime:0.000574s ]
INFO: ShowRuntime Behavior ::run [ RunTime:0.000603s ]
INFO: [ view_filter ] --END-- [ RunTime:0.009500s ]
INFO: [ view_end ] --START--
INFO: ShowPageTrace Behavior ::run [ RunTime:0.000429s ]
INFO: [ view_end ] --END-- [ RunTime:0.000516s ]

[ 2015-09-06T06:26:09+08:00 ] 144.76.29.162 /zc/index.php?m=Deals&a=index&tid=6
INFO: [ app_begin ] --START--
INFO: ReadHtmlCache Behavior ::run [ RunTime:0.000442s ]
INFO: [ app_begin ] --END-- [ RunTime:0.000567s ]
SQL: SHOW COLUMNS FROM `fanwe_nav` [ RunTime:0.009841s ]
SQL: SELECT * FROM `fanwe_nav` ORDER BY sort  [ RunTime:0.003870s ]
SQL: SHOW COLUMNS FROM `fanwe_deal_cate` [ RunTime:0.003883s ]
SQL: SELECT * FROM `fanwe_deal_cate` ORDER BY id  [ RunTime:0.002829s ]
SQL: SHOW COLUMNS FROM `fanwe_deal_keyword` [ RunTime:0.006354s ]
SQL: SELECT * FROM `fanwe_deal_keyword` LIMIT 1   [ RunTime:0.001210s ]
NOTIC: [8] Undefined index: uid /webHome/LFWZ000390/www/zc/Zc/Lib/Action/DealsAction.class.php 第 18 行.

[ 2015-09-06T06:26:12+08:00 ] 144.76.29.162 /zc/index.php?m=User&a=login
INFO: [ app_begin ] --START--
INFO: ReadHtmlCache Behavior ::run [ RunTime:0.015509s ]
INFO: [ app_begin ] --END-- [ RunTime:0.015696s ]
SQL: SHOW COLUMNS FROM `fanwe_nav` [ RunTime:0.002309s ]
SQL: SELECT * FROM `fanwe_nav` ORDER BY sort  [ RunTime:0.002472s ]
SQL: SHOW COLUMNS FROM `fanwe_deal_cate` [ RunTime:0.002797s ]
SQL: SELECT * FROM `fanwe_deal_cate` ORDER BY id  [ RunTime:0.019815s ]
SQL: SHOW COLUMNS FROM `fanwe_deal_keyword` [ RunTime:0.002647s ]
SQL: SELECT * FROM `fanwe_deal_keyword` LIMIT 1   [ RunTime:0.002220s ]
INFO: [ view_parse ] --START--
NOTIC: [8] Undefined index: uid /webHome/LFWZ000390/www/zc/Zc/Runtime/Cache/42b90be8e9c40e58e803cfb6a2f683e9.php 第 76 行.
INFO: ParseTemplate Behavior ::run [ RunTime:0.045418s ]
INFO: [ view_parse ] --END-- [ RunTime:0.045544s ]
INFO: [ view_filter ] --START--
INFO: ContentReplace Behavior ::run [ RunTime:0.000535s ]
INFO: TokenBuild Behavior ::run [ RunTime:0.000403s ]
INFO: WriteHtmlCache Behavior ::run [ RunTime:0.000425s ]
INFO: ShowRuntime Behavior ::run [ RunTime:0.007688s ]
INFO: [ view_filter ] --END-- [ RunTime:0.009425s ]
INFO: [ view_end ] --START--
INFO: ShowPageTrace Behavior ::run [ RunTime:0.000446s ]
INFO: [ view_end ] --END-- [ RunTime:0.000535s ]

[ 2015-09-06T06:26:18+08:00 ] 144.76.29.162 /zc/index.php?m=Deals&a=index&tid=7
INFO: [ app_begin ] --START--
INFO: ReadHtmlCache Behavior ::run [ RunTime:0.000535s ]
INFO: [ app_begin ] --END-- [ RunTime:0.000669s ]
SQL: SHOW COLUMNS FROM `fanwe_nav` [ RunTime:0.003657s ]
SQL: SELECT * FROM `fanwe_nav` ORDER BY sort  [ RunTime:0.001977s ]
SQL: SHOW COLUMNS FROM `fanwe_deal_cate` [ RunTime:0.007795s ]
SQL: SELECT * FROM `fanwe_deal_cate` ORDER BY id  [ RunTime:0.001542s ]
SQL: SHOW COLUMNS FROM `fanwe_deal_keyword` [ RunTime:0.004683s ]
SQL: SELECT * FROM `fanwe_deal_keyword` LIMIT 1   [ RunTime:0.001405s ]
NOTIC: [8] Undefined index: uid /webHome/LFWZ000390/www/zc/Zc/Lib/Action/DealsAction.class.php 第 18 行.

[ 2015-09-06T06:26:20+08:00 ] 144.76.29.162 /zc/index.php?m=User&a=login
INFO: [ app_begin ] --START--
INFO: ReadHtmlCache Behavior ::run [ RunTime:0.000426s ]
INFO: [ app_begin ] --END-- [ RunTime:0.000609s ]
SQL: SHOW COLUMNS FROM `fanwe_nav` [ RunTime:0.002596s ]
SQL: SELECT * FROM `fanwe_nav` ORDER BY sort  [ RunTime:0.002335s ]
SQL: SHOW COLUMNS FROM `fanwe_deal_cate` [ RunTime:0.003292s ]
SQL: SELECT * FROM `fanwe_deal_cate` ORDER BY id  [ RunTime:0.002348s ]
SQL: SHOW COLUMNS FROM `fanwe_deal_keyword` [ RunTime:0.002103s ]
SQL: SELECT * FROM `fanwe_deal_keyword` LIMIT 1   [ RunTime:0.001545s ]
INFO: [ view_parse ] --START--
NOTIC: [8] Undefined index: uid /webHome/LFWZ000390/www/zc/Zc/Runtime/Cache/42b90be8e9c40e58e803cfb6a2f683e9.php 第 76 行.
INFO: ParseTemplate Behavior ::run [ RunTime:0.048087s ]
INFO: [ view_parse ] --END-- [ RunTime:0.048235s ]
INFO: [ view_filter ] --START--
INFO: ContentReplace Behavior ::run [ RunTime:0.000621s ]
INFO: TokenBuild Behavior ::run [ RunTime:0.000398s ]
INFO: WriteHtmlCache Behavior ::run [ RunTime:0.000354s ]
INFO: ShowRuntime Behavior ::run [ RunTime:0.000610s ]
INFO: [ view_filter ] --END-- [ RunTime:0.002300s ]
INFO: [ view_end ] --START--
INFO: ShowPageTrace Behavior ::run [ RunTime:0.000521s ]
INFO: [ view_end ] --END-- [ RunTime:0.000622s ]

[ 2015-09-06T06:26:22+08:00 ] 144.76.29.162 /zc/index.php?m=Deals&a=index&tid=8
INFO: [ app_begin ] --START--
INFO: ReadHtmlCache Behavior ::run [ RunTime:0.000626s ]
INFO: [ app_begin ] --END-- [ RunTime:0.000938s ]
SQL: SHOW COLUMNS FROM `fanwe_nav` [ RunTime:0.001759s ]
SQL: SELECT * FROM `fanwe_nav` ORDER BY sort  [ RunTime:0.001632s ]
SQL: SHOW COLUMNS FROM `fanwe_deal_cate` [ RunTime:0.003290s ]
SQL: SELECT * FROM `fanwe_deal_cate` ORDER BY id  [ RunTime:0.002037s ]
SQL: SHOW COLUMNS FROM `fanwe_deal_keyword` [ RunTime:0.002030s ]
SQL: SELECT * FROM `fanwe_deal_keyword` LIMIT 1   [ RunTime:0.002155s ]
NOTIC: [8] Undefined index: uid /webHome/LFWZ000390/www/zc/Zc/Lib/Action/DealsAction.class.php 第 18 行.

[ 2015-09-06T06:26:24+08:00 ] 144.76.29.162 /zc/index.php?m=User&a=login
INFO: [ app_begin ] --START--
INFO: ReadHtmlCache Behavior ::run [ RunTime:0.000516s ]
INFO: [ app_begin ] --END-- [ RunTime:0.000652s ]
SQL: SHOW COLUMNS FROM `fanwe_nav` [ RunTime:0.002554s ]
SQL: SELECT * FROM `fanwe_nav` ORDER BY sort  [ RunTime:0.002396s ]
SQL: SHOW COLUMNS FROM `fanwe_deal_cate` [ RunTime:0.002670s ]
SQL: SELECT * FROM `fanwe_deal_cate` ORDER BY id  [ RunTime:0.002563s ]
SQL: SHOW COLUMNS FROM `fanwe_deal_keyword` [ RunTime:0.003477s ]
SQL: SELECT * FROM `fanwe_deal_keyword` LIMIT 1   [ RunTime:0.006999s ]
INFO: [ view_parse ] --START--
NOTIC: [8] Undefined index: uid /webHome/LFWZ000390/www/zc/Zc/Runtime/Cache/42b90be8e9c40e58e803cfb6a2f683e9.php 第 76 行.
INFO: ParseTemplate Behavior ::run [ RunTime:0.023277s ]
INFO: [ view_parse ] --END-- [ RunTime:0.023459s ]
INFO: [ view_filter ] --START--
INFO: ContentReplace Behavior ::run [ RunTime:0.003828s ]
INFO: TokenBuild Behavior ::run [ RunTime:0.000465s ]
INFO: WriteHtmlCache Behavior ::run [ RunTime:0.000319s ]
INFO: ShowRuntime Behavior ::run [ RunTime:0.000446s ]
INFO: [ view_filter ] --END-- [ RunTime:0.006243s ]
INFO: [ view_end ] --START--
INFO: ShowPageTrace Behavior ::run [ RunTime:0.000408s ]
INFO: [ view_end ] --END-- [ RunTime:0.000500s ]

[ 2015-09-06T06:26:27+08:00 ] 144.76.29.162 /zc/index.php?m=Deals&a=index&tid=9
INFO: [ app_begin ] --START--
INFO: ReadHtmlCache Behavior ::run [ RunTime:0.000607s ]
INFO: [ app_begin ] --END-- [ RunTime:0.000843s ]
SQL: SHOW COLUMNS FROM `fanwe_nav` [ RunTime:0.002902s ]
SQL: SELECT * FROM `fanwe_nav` ORDER BY sort  [ RunTime:0.001122s ]
SQL: SHOW COLUMNS FROM `fanwe_deal_cate` [ RunTime:0.006769s ]
SQL: SELECT * FROM `fanwe_deal_cate` ORDER BY id  [ RunTime:0.010294s ]
SQL: SHOW COLUMNS FROM `fanwe_deal_keyword` [ RunTime:0.001777s ]
SQL: SELECT * FROM `fanwe_deal_keyword` LIMIT 1   [ RunTime:0.002537s ]
NOTIC: [8] Undefined index: uid /webHome/LFWZ000390/www/zc/Zc/Lib/Action/DealsAction.class.php 第 18 行.

[ 2015-09-06T06:26:30+08:00 ] 144.76.29.162 /zc/index.php?m=User&a=login
INFO: [ app_begin ] --START--
INFO: ReadHtmlCache Behavior ::run [ RunTime:0.000667s ]
INFO: [ app_begin ] --END-- [ RunTime:0.000827s ]
SQL: SHOW COLUMNS FROM `fanwe_nav` [ RunTime:0.005230s ]
SQL: SELECT * FROM `fanwe_nav` ORDER BY sort  [ RunTime:0.002628s ]
SQL: SHOW COLUMNS FROM `fanwe_deal_cate` [ RunTime:0.002341s ]
SQL: SELECT * FROM `fanwe_deal_cate` ORDER BY id  [ RunTime:0.002250s ]
SQL: SHOW COLUMNS FROM `fanwe_deal_keyword` [ RunTime:0.002675s ]
SQL: SELECT * FROM `fanwe_deal_keyword` LIMIT 1   [ RunTime:0.002036s ]
INFO: [ view_parse ] --START--
NOTIC: [8] Undefined index: uid /webHome/LFWZ000390/www/zc/Zc/Runtime/Cache/42b90be8e9c40e58e803cfb6a2f683e9.php 第 76 行.
INFO: ParseTemplate Behavior ::run [ RunTime:0.045545s ]
INFO: [ view_parse ] --END-- [ RunTime:0.045677s ]
INFO: [ view_filter ] --START--
INFO: ContentReplace Behavior ::run [ RunTime:0.004356s ]
INFO: TokenBuild Behavior ::run [ RunTime:0.000541s ]
INFO: WriteHtmlCache Behavior ::run [ RunTime:0.000515s ]
INFO: ShowRuntime Behavior ::run [ RunTime:0.000399s ]
INFO: [ view_filter ] --END-- [ RunTime:0.006160s ]
INFO: [ view_end ] --START--
INFO: ShowPageTrace Behavior ::run [ RunTime:0.000429s ]
INFO: [ view_end ] --END-- [ RunTime:0.000550s ]

[ 2015-09-06T06:26:33+08:00 ] 144.76.29.162 /zc/index.php?m=Deals&a=rec
INFO: [ app_begin ] --START--
INFO: ReadHtmlCache Behavior ::run [ RunTime:0.000531s ]
INFO: [ app_begin ] --END-- [ RunTime:0.000682s ]
SQL: SHOW COLUMNS FROM `fanwe_nav` [ RunTime:0.006656s ]
SQL: SELECT * FROM `fanwe_nav` ORDER BY sort  [ RunTime:0.001424s ]
SQL: SHOW COLUMNS FROM `fanwe_deal_cate` [ RunTime:0.002718s ]
SQL: SELECT * FROM `fanwe_deal_cate` ORDER BY id  [ RunTime:0.005711s ]
SQL: SHOW COLUMNS FROM `fanwe_deal_keyword` [ RunTime:0.002289s ]
SQL: SELECT * FROM `fanwe_deal_keyword` LIMIT 1   [ RunTime:0.002259s ]
NOTIC: [8] Undefined index: uid /webHome/LFWZ000390/www/zc/Zc/Lib/Action/DealsAction.class.php 第 61 行.

[ 2015-09-06T06:26:36+08:00 ] 144.76.29.162 /zc/index.php?m=User&a=login
INFO: [ app_begin ] --START--
INFO: ReadHtmlCache Behavior ::run [ RunTime:0.000407s ]
INFO: [ app_begin ] --END-- [ RunTime:0.000535s ]
SQL: SHOW COLUMNS FROM `fanwe_nav` [ RunTime:0.006905s ]
SQL: SELECT * FROM `fanwe_nav` ORDER BY sort  [ RunTime:0.002094s ]
SQL: SHOW COLUMNS FROM `fanwe_deal_cate` [ RunTime:0.002154s ]
SQL: SELECT * FROM `fanwe_deal_cate` ORDER BY id  [ RunTime:0.001856s ]
SQL: SHOW COLUMNS FROM `fanwe_deal_keyword` [ RunTime:0.002318s ]
SQL: SELECT * FROM `fanwe_deal_keyword` LIMIT 1   [ RunTime:0.001113s ]
INFO: [ view_parse ] --START--
NOTIC: [8] Undefined index: uid /webHome/LFWZ000390/www/zc/Zc/Runtime/Cache/42b90be8e9c40e58e803cfb6a2f683e9.php 第 76 行.
INFO: ParseTemplate Behavior ::run [ RunTime:0.038031s ]
INFO: [ view_parse ] --END-- [ RunTime:0.038155s ]
INFO: [ view_filter ] --START--
INFO: ContentReplace Behavior ::run [ RunTime:0.000767s ]
INFO: TokenBuild Behavior ::run [ RunTime:0.000414s ]
INFO: WriteHtmlCache Behavior ::run [ RunTime:0.000344s ]
INFO: ShowRuntime Behavior ::run [ RunTime:0.000445s ]
INFO: [ view_filter ] --END-- [ RunTime:0.002250s ]
INFO: [ view_end ] --START--
INFO: ShowPageTrace Behavior ::run [ RunTime:0.000505s ]
INFO: [ view_end ] --END-- [ RunTime:0.000595s ]

[ 2015-09-06T06:26:38+08:00 ] 144.76.29.162 /zc/index.php?m=News&a=html&id=1
INFO: [ app_begin ] --START--
INFO: ReadHtmlCache Behavior ::run [ RunTime:0.001876s ]
INFO: [ app_begin ] --END-- [ RunTime:0.002278s ]
SQL: SHOW COLUMNS FROM `fanwe_nav` [ RunTime:0.002820s ]
SQL: SELECT * FROM `fanwe_nav` ORDER BY sort  [ RunTime:0.002859s ]
SQL: SHOW COLUMNS FROM `fanwe_deal_cate` [ RunTime:0.002364s ]
SQL: SELECT * FROM `fanwe_deal_cate` ORDER BY id  [ RunTime:0.002419s ]
SQL: SHOW COLUMNS FROM `fanwe_deal_keyword` [ RunTime:0.002069s ]
SQL: SELECT * FROM `fanwe_deal_keyword` LIMIT 1   [ RunTime:0.001261s ]
SQL: SHOW COLUMNS FROM `fanwe_news` [ RunTime:0.004462s ]
SQL: SELECT * FROM `fanwe_news` WHERE ( `id` = 1 ) LIMIT 1   [ RunTime:0.010110s ]
INFO: [ view_parse ] --START--
NOTIC: [8] Undefined index: uid /webHome/LFWZ000390/www/zc/Zc/Runtime/Cache/012cdf2fa3ba4152d6d6173485c32ca8.php 第 98 行.
NOTIC: [8] Use of undefined constant id - assumed 'id' /webHome/LFWZ000390/www/zc/Zc/Runtime/Cache/012cdf2fa3ba4152d6d6173485c32ca8.php 第 142 行.
SQL: SELECT * FROM `fanwe_news` WHERE ( `id` < '1' ) LIMIT 1   [ RunTime:0.001393s ]
SQL: SELECT * FROM `fanwe_news` WHERE ( `id` > '1' ) LIMIT 1   [ RunTime:0.001358s ]
INFO: ParseTemplate Behavior ::run [ RunTime:0.026834s ]
INFO: [ view_parse ] --END-- [ RunTime:0.026956s ]
INFO: [ view_filter ] --START--
INFO: ContentReplace Behavior ::run [ RunTime:0.000622s ]
INFO: TokenBuild Behavior ::run [ RunTime:0.000433s ]
INFO: WriteHtmlCache Behavior ::run [ RunTime:0.000433s ]
INFO: ShowRuntime Behavior ::run [ RunTime:0.000471s ]
INFO: [ view_filter ] --END-- [ RunTime:0.002232s ]
INFO: [ view_end ] --START--
INFO: ShowPageTrace Behavior ::run [ RunTime:0.014659s ]
INFO: [ view_end ] --END-- [ RunTime:0.019682s ]

[ 2015-09-06T06:26:41+08:00 ] 144.76.29.162 /zc/index.php?m=News&a=html&id=2
INFO: [ app_begin ] --START--
INFO: ReadHtmlCache Behavior ::run [ RunTime:0.000697s ]
INFO: [ app_begin ] --END-- [ RunTime:0.000835s ]
SQL: SHOW COLUMNS FROM `fanwe_nav` [ RunTime:0.004611s ]
SQL: SELECT * FROM `fanwe_nav` ORDER BY sort  [ RunTime:0.002214s ]
SQL: SHOW COLUMNS FROM `fanwe_deal_cate` [ RunTime:0.002487s ]
SQL: SELECT * FROM `fanwe_deal_cate` ORDER BY id  [ RunTime:0.002105s ]
SQL: SHOW COLUMNS FROM `fanwe_deal_keyword` [ RunTime:0.002596s ]
SQL: SELECT * FROM `fanwe_deal_keyword` LIMIT 1   [ RunTime:0.002624s ]
SQL: SHOW COLUMNS FROM `fanwe_news` [ RunTime:0.004562s ]
SQL: SELECT * FROM `fanwe_news` WHERE ( `id` = 2 ) LIMIT 1   [ RunTime:0.004193s ]
INFO: [ view_parse ] --START--
NOTIC: [8] Undefined index: uid /webHome/LFWZ000390/www/zc/Zc/Runtime/Cache/012cdf2fa3ba4152d6d6173485c32ca8.php 第 98 行.
NOTIC: [8] Use of undefined constant id - assumed 'id' /webHome/LFWZ000390/www/zc/Zc/Runtime/Cache/012cdf2fa3ba4152d6d6173485c32ca8.php 第 142 行.
SQL: SELECT * FROM `fanwe_news` WHERE ( `id` < '2' ) LIMIT 1   [ RunTime:0.003281s ]
SQL: SELECT * FROM `fanwe_news` WHERE ( `id` > '2' ) LIMIT 1   [ RunTime:0.004754s ]
INFO: ParseTemplate Behavior ::run [ RunTime:0.055393s ]
INFO: [ view_parse ] --END-- [ RunTime:0.055550s ]
INFO: [ view_filter ] --START--
INFO: ContentReplace Behavior ::run [ RunTime:0.000706s ]
INFO: TokenBuild Behavior ::run [ RunTime:0.000480s ]
INFO: WriteHtmlCache Behavior ::run [ RunTime:0.000397s ]
INFO: ShowRuntime Behavior ::run [ RunTime:0.000514s ]
INFO: [ view_filter ] --END-- [ RunTime:0.002457s ]
INFO: [ view_end ] --START--
INFO: ShowPageTrace Behavior ::run [ RunTime:0.000468s ]
INFO: [ view_end ] --END-- [ RunTime:0.000718s ]

[ 2015-09-06T06:26:50+08:00 ] 144.76.29.162 /zc/index.php?m=News&a=html&id=3
INFO: [ app_begin ] --START--
INFO: ReadHtmlCache Behavior ::run [ RunTime:0.007333s ]
INFO: [ app_begin ] --END-- [ RunTime:0.008276s ]
SQL: SHOW COLUMNS FROM `fanwe_nav` [ RunTime:0.009357s ]
SQL: SELECT * FROM `fanwe_nav` ORDER BY sort  [ RunTime:0.003516s ]
SQL: SHOW COLUMNS FROM `fanwe_deal_cate` [ RunTime:0.002550s ]
SQL: SELECT * FROM `fanwe_deal_cate` ORDER BY id  [ RunTime:0.002185s ]
SQL: SHOW COLUMNS FROM `fanwe_deal_keyword` [ RunTime:0.003744s ]
SQL: SELECT * FROM `fanwe_deal_keyword` LIMIT 1   [ RunTime:0.002660s ]
SQL: SHOW COLUMNS FROM `fanwe_news` [ RunTime:0.017325s ]
SQL: SELECT * FROM `fanwe_news` WHERE ( `id` = 3 ) LIMIT 1   [ RunTime:0.001425s ]
INFO: [ view_parse ] --START--
NOTIC: [8] Undefined index: uid /webHome/LFWZ000390/www/zc/Zc/Runtime/Cache/012cdf2fa3ba4152d6d6173485c32ca8.php 第 98 行.
NOTIC: [8] Use of undefined constant id - assumed 'id' /webHome/LFWZ000390/www/zc/Zc/Runtime/Cache/012cdf2fa3ba4152d6d6173485c32ca8.php 第 142 行.
SQL: SELECT * FROM `fanwe_news` WHERE ( `id` < '3' ) LIMIT 1   [ RunTime:0.011701s ]
SQL: SELECT * FROM `fanwe_news` WHERE ( `id` > '3' ) LIMIT 1   [ RunTime:0.003463s ]
INFO: ParseTemplate Behavior ::run [ RunTime:0.044945s ]
INFO: [ view_parse ] --END-- [ RunTime:0.045067s ]
INFO: [ view_filter ] --START--
INFO: ContentReplace Behavior ::run [ RunTime:0.000605s ]
INFO: TokenBuild Behavior ::run [ RunTime:0.000405s ]
INFO: WriteHtmlCache Behavior ::run [ RunTime:0.000362s ]
INFO: ShowRuntime Behavior ::run [ RunTime:0.000412s ]
INFO: [ view_filter ] --END-- [ RunTime:0.002103s ]
INFO: [ view_end ] --START--
INFO: ShowPageTrace Behavior ::run [ RunTime:0.000407s ]
INFO: [ view_end ] --END-- [ RunTime:0.000497s ]

[ 2015-09-06T06:26:54+08:00 ] 144.76.29.162 /zc/index.php?m=News&a=html&id=4
INFO: [ app_begin ] --START--
INFO: ReadHtmlCache Behavior ::run [ RunTime:0.000606s ]
INFO: [ app_begin ] --END-- [ RunTime:0.000766s ]
SQL: SHOW COLUMNS FROM `fanwe_nav` [ RunTime:0.003606s ]
SQL: SELECT * FROM `fanwe_nav` ORDER BY sort  [ RunTime:0.002096s ]
SQL: SHOW COLUMNS FROM `fanwe_deal_cate` [ RunTime:0.002540s ]
SQL: SELECT * FROM `fanwe_deal_cate` ORDER BY id  [ RunTime:0.002852s ]
SQL: SHOW COLUMNS FROM `fanwe_deal_keyword` [ RunTime:0.001860s ]
SQL: SELECT * FROM `fanwe_deal_keyword` LIMIT 1   [ RunTime:0.000947s ]
SQL: SHOW COLUMNS FROM `fanwe_news` [ RunTime:0.005110s ]
SQL: SELECT * FROM `fanwe_news` WHERE ( `id` = 4 ) LIMIT 1   [ RunTime:0.006743s ]
INFO: [ view_parse ] --START--
NOTIC: [8] Undefined index: uid /webHome/LFWZ000390/www/zc/Zc/Runtime/Cache/012cdf2fa3ba4152d6d6173485c32ca8.php 第 98 行.
NOTIC: [8] Use of undefined constant id - assumed 'id' /webHome/LFWZ000390/www/zc/Zc/Runtime/Cache/012cdf2fa3ba4152d6d6173485c32ca8.php 第 142 行.
SQL: SELECT * FROM `fanwe_news` WHERE ( `id` < '4' ) LIMIT 1   [ RunTime:0.006670s ]
SQL: SELECT * FROM `fanwe_news` WHERE ( `id` > '4' ) LIMIT 1   [ RunTime:0.002975s ]
INFO: ParseTemplate Behavior ::run [ RunTime:0.034939s ]
INFO: [ view_parse ] --END-- [ RunTime:0.035117s ]
INFO: [ view_filter ] --START--
INFO: ContentReplace Behavior ::run [ RunTime:0.006942s ]
INFO: TokenBuild Behavior ::run [ RunTime:0.000547s ]
INFO: WriteHtmlCache Behavior ::run [ RunTime:0.000350s ]
INFO: ShowRuntime Behavior ::run [ RunTime:0.005810s ]
INFO: [ view_filter ] --END-- [ RunTime:0.014031s ]
INFO: [ view_end ] --START--
INFO: ShowPageTrace Behavior ::run [ RunTime:0.000479s ]
INFO: [ view_end ] --END-- [ RunTime:0.000575s ]

[ 2015-09-06T06:26:56+08:00 ] 144.76.29.162 /zc/index.php?m=News&a=html&id=5
INFO: [ app_begin ] --START--
INFO: ReadHtmlCache Behavior ::run [ RunTime:0.000498s ]
INFO: [ app_begin ] --END-- [ RunTime:0.000634s ]
SQL: SHOW COLUMNS FROM `fanwe_nav` [ RunTime:0.003246s ]
SQL: SELECT * FROM `fanwe_nav` ORDER BY sort  [ RunTime:0.011266s ]
SQL: SHOW COLUMNS FROM `fanwe_deal_cate` [ RunTime:0.005124s ]
SQL: SELECT * FROM `fanwe_deal_cate` ORDER BY id  [ RunTime:0.004342s ]
SQL: SHOW COLUMNS FROM `fanwe_deal_keyword` [ RunTime:0.002996s ]
SQL: SELECT * FROM `fanwe_deal_keyword` LIMIT 1   [ RunTime:0.001325s ]
SQL: SHOW COLUMNS FROM `fanwe_news` [ RunTime:0.006715s ]
SQL: SELECT * FROM `fanwe_news` WHERE ( `id` = 5 ) LIMIT 1   [ RunTime:0.002227s ]
INFO: [ view_parse ] --START--
NOTIC: [8] Undefined index: uid /webHome/LFWZ000390/www/zc/Zc/Runtime/Cache/012cdf2fa3ba4152d6d6173485c32ca8.php 第 98 行.
NOTIC: [8] Use of undefined constant id - assumed 'id' /webHome/LFWZ000390/www/zc/Zc/Runtime/Cache/012cdf2fa3ba4152d6d6173485c32ca8.php 第 142 行.
SQL: SELECT * FROM `fanwe_news` WHERE ( `id` < '5' ) LIMIT 1   [ RunTime:0.013168s ]
SQL: SELECT * FROM `fanwe_news` WHERE ( `id` > '5' ) LIMIT 1   [ RunTime:0.013031s ]
INFO: ParseTemplate Behavior ::run [ RunTime:0.063727s ]
INFO: [ view_parse ] --END-- [ RunTime:0.063903s ]
INFO: [ view_filter ] --START--
INFO: ContentReplace Behavior ::run [ RunTime:0.000604s ]
INFO: TokenBuild Behavior ::run [ RunTime:0.000428s ]
INFO: WriteHtmlCache Behavior ::run [ RunTime:0.000366s ]
INFO: ShowRuntime Behavior ::run [ RunTime:0.001556s ]
INFO: [ view_filter ] --END-- [ RunTime:0.003246s ]
INFO: [ view_end ] --START--
INFO: ShowPageTrace Behavior ::run [ RunTime:0.004097s ]
INFO: [ view_end ] --END-- [ RunTime:0.004350s ]

[ 2015-09-06T06:26:58+08:00 ] 144.76.29.162 /zc/index.php?m=User&a=register
INFO: [ app_begin ] --START--
INFO: ReadHtmlCache Behavior ::run [ RunTime:0.000933s ]
INFO: [ app_begin ] --END-- [ RunTime:0.001067s ]
SQL: SHOW COLUMNS FROM `fanwe_nav` [ RunTime:0.003027s ]
SQL: SELECT * FROM `fanwe_nav` ORDER BY sort  [ RunTime:0.002155s ]
SQL: SHOW COLUMNS FROM `fanwe_deal_cate` [ RunTime:0.007599s ]
SQL: SELECT * FROM `fanwe_deal_cate` ORDER BY id  [ RunTime:0.002608s ]
SQL: SHOW COLUMNS FROM `fanwe_deal_keyword` [ RunTime:0.002119s ]
SQL: SELECT * FROM `fanwe_deal_keyword` LIMIT 1   [ RunTime:0.001966s ]
INFO: [ view_parse ] --START--
NOTIC: [8] Undefined index: uid /webHome/LFWZ000390/www/zc/Zc/Runtime/Cache/5ca447943347623fc7c870efb9c9908d.php 第 80 行.
INFO: ParseTemplate Behavior ::run [ RunTime:0.050791s ]
INFO: [ view_parse ] --END-- [ RunTime:0.050938s ]
INFO: [ view_filter ] --START--
INFO: ContentReplace Behavior ::run [ RunTime:0.001479s ]
INFO: TokenBuild Behavior ::run [ RunTime:0.000617s ]
INFO: WriteHtmlCache Behavior ::run [ RunTime:0.001025s ]
INFO: ShowRuntime Behavior ::run [ RunTime:0.007402s ]
INFO: [ view_filter ] --END-- [ RunTime:0.010935s ]
INFO: [ view_end ] --START--
INFO: ShowPageTrace Behavior ::run [ RunTime:0.000575s ]
INFO: [ view_end ] --END-- [ RunTime:0.000670s ]

[ 2015-09-06T08:27:35+08:00 ] 66.249.75.166 /zc/index.php?m=News&a=html&id=10
INFO: [ app_begin ] --START--
INFO: ReadHtmlCache Behavior ::run [ RunTime:0.000702s ]
INFO: [ app_begin ] --END-- [ RunTime:0.002280s ]
SQL: SHOW COLUMNS FROM `fanwe_nav` [ RunTime:0.002380s ]
SQL: SELECT * FROM `fanwe_nav` ORDER BY sort  [ RunTime:0.002593s ]
SQL: SHOW COLUMNS FROM `fanwe_deal_cate` [ RunTime:0.007673s ]
SQL: SELECT * FROM `fanwe_deal_cate` ORDER BY id  [ RunTime:0.002868s ]
SQL: SHOW COLUMNS FROM `fanwe_deal_keyword` [ RunTime:0.007241s ]
SQL: SELECT * FROM `fanwe_deal_keyword` LIMIT 1   [ RunTime:0.002323s ]
SQL: SHOW COLUMNS FROM `fanwe_news` [ RunTime:0.005698s ]
SQL: SELECT * FROM `fanwe_news` WHERE ( `id` = 10 ) LIMIT 1   [ RunTime:0.003511s ]
INFO: [ view_parse ] --START--
NOTIC: [8] Undefined index: uid /webHome/LFWZ000390/www/zc/Zc/Runtime/Cache/012cdf2fa3ba4152d6d6173485c32ca8.php 第 98 行.
NOTIC: [8] Use of undefined constant id - assumed 'id' /webHome/LFWZ000390/www/zc/Zc/Runtime/Cache/012cdf2fa3ba4152d6d6173485c32ca8.php 第 142 行.
SQL: SELECT * FROM `fanwe_news` WHERE ( `id` < '10' ) LIMIT 1   [ RunTime:0.002910s ]
SQL: SELECT * FROM `fanwe_news` WHERE ( `id` > '10' ) LIMIT 1   [ RunTime:0.002156s ]
INFO: ParseTemplate Behavior ::run [ RunTime:0.037603s ]
INFO: [ view_parse ] --END-- [ RunTime:0.037721s ]
INFO: [ view_filter ] --START--
INFO: ContentReplace Behavior ::run [ RunTime:0.000598s ]
INFO: TokenBuild Behavior ::run [ RunTime:0.000416s ]
INFO: WriteHtmlCache Behavior ::run [ RunTime:0.000305s ]
INFO: ShowRuntime Behavior ::run [ RunTime:0.000400s ]
INFO: [ view_filter ] --END-- [ RunTime:0.002020s ]
INFO: [ view_end ] --START--
INFO: ShowPageTrace Behavior ::run [ RunTime:0.000395s ]
INFO: [ view_end ] --END-- [ RunTime:0.000488s ]

[ 2015-09-06T09:06:37+08:00 ] 198.27.66.185 /zc/index.php?m=Deals&a=index
INFO: [ app_begin ] --START--
INFO: ReadHtmlCache Behavior ::run [ RunTime:0.000467s ]
INFO: [ app_begin ] --END-- [ RunTime:0.000609s ]
SQL: SHOW COLUMNS FROM `fanwe_nav` [ RunTime:0.006977s ]
SQL: SELECT * FROM `fanwe_nav` ORDER BY sort  [ RunTime:0.003171s ]
SQL: SHOW COLUMNS FROM `fanwe_deal_cate` [ RunTime:0.003838s ]
SQL: SELECT * FROM `fanwe_deal_cate` ORDER BY id  [ RunTime:0.002912s ]
SQL: SHOW COLUMNS FROM `fanwe_deal_keyword` [ RunTime:0.002838s ]
SQL: SELECT * FROM `fanwe_deal_keyword` LIMIT 1   [ RunTime:0.002184s ]
NOTIC: [8] Undefined index: uid /webHome/LFWZ000390/www/zc/Zc/Lib/Action/DealsAction.class.php 第 18 行.

[ 2015-09-06T09:07:45+08:00 ] 198.27.66.185 /zc/index.php?m=User&a=login
INFO: [ app_begin ] --START--
INFO: ReadHtmlCache Behavior ::run [ RunTime:0.000669s ]
INFO: [ app_begin ] --END-- [ RunTime:0.005206s ]
NOTIC: [2] mysql_connect(): Unknown MySQL server host 'my1006252.xincache1.cn' (2) /webHome/LFWZ000390/www/zc/Core/Lib/Driver/Db/DbMysql.class.php 第 55 行.
ERR: Unknown MySQL server host 'my1006252.xincache1.cn' (2)

[ 2015-09-06T09:09:22+08:00 ] 198.27.66.185 /zc/index.php?m=Deals&a=index&tid=10
INFO: [ app_begin ] --START--
INFO: ReadHtmlCache Behavior ::run [ RunTime:0.000474s ]
INFO: [ app_begin ] --END-- [ RunTime:0.000631s ]
SQL: SHOW COLUMNS FROM `fanwe_nav` [ RunTime:0.002736s ]
SQL: SELECT * FROM `fanwe_nav` ORDER BY sort  [ RunTime:0.003609s ]
SQL: SHOW COLUMNS FROM `fanwe_deal_cate` [ RunTime:0.003285s ]
SQL: SELECT * FROM `fanwe_deal_cate` ORDER BY id  [ RunTime:0.004727s ]
SQL: SHOW COLUMNS FROM `fanwe_deal_keyword` [ RunTime:0.005394s ]
SQL: SELECT * FROM `fanwe_deal_keyword` LIMIT 1   [ RunTime:0.001810s ]
NOTIC: [8] Undefined index: uid /webHome/LFWZ000390/www/zc/Zc/Lib/Action/DealsAction.class.php 第 18 行.

[ 2015-09-06T09:10:06+08:00 ] 198.27.66.185 /zc/index.php?m=Deals&a=index&tid=14
INFO: [ app_begin ] --START--
INFO: ReadHtmlCache Behavior ::run [ RunTime:0.000550s ]
INFO: [ app_begin ] --END-- [ RunTime:0.002394s ]
SQL: SHOW COLUMNS FROM `fanwe_nav` [ RunTime:0.002998s ]
SQL: SELECT * FROM `fanwe_nav` ORDER BY sort  [ RunTime:0.011213s ]
SQL: SHOW COLUMNS FROM `fanwe_deal_cate` [ RunTime:0.003383s ]
SQL: SELECT * FROM `fanwe_deal_cate` ORDER BY id  [ RunTime:0.003119s ]
SQL: SHOW COLUMNS FROM `fanwe_deal_keyword` [ RunTime:0.002700s ]
SQL: SELECT * FROM `fanwe_deal_keyword` LIMIT 1   [ RunTime:0.009467s ]
NOTIC: [8] Undefined index: uid /webHome/LFWZ000390/www/zc/Zc/Lib/Action/DealsAction.class.php 第 18 行.

[ 2015-09-06T09:10:40+08:00 ] 198.27.66.185 /zc/index.php?m=User&a=login
INFO: [ app_begin ] --START--
INFO: ReadHtmlCache Behavior ::run [ RunTime:0.008807s ]
INFO: [ app_begin ] --END-- [ RunTime:0.015830s ]
SQL: SHOW COLUMNS FROM `fanwe_nav` [ RunTime:0.005611s ]
SQL: SELECT * FROM `fanwe_nav` ORDER BY sort  [ RunTime:0.002891s ]
SQL: SHOW COLUMNS FROM `fanwe_deal_cate` [ RunTime:0.002772s ]
SQL: SELECT * FROM `fanwe_deal_cate` ORDER BY id  [ RunTime:0.003290s ]
SQL: SHOW COLUMNS FROM `fanwe_deal_keyword` [ RunTime:0.005965s ]
SQL: SELECT * FROM `fanwe_deal_keyword` LIMIT 1   [ RunTime:0.001469s ]
INFO: [ view_parse ] --START--
NOTIC: [8] Undefined index: uid /webHome/LFWZ000390/www/zc/Zc/Runtime/Cache/42b90be8e9c40e58e803cfb6a2f683e9.php 第 76 行.
INFO: ParseTemplate Behavior ::run [ RunTime:0.028090s ]
INFO: [ view_parse ] --END-- [ RunTime:0.028221s ]
INFO: [ view_filter ] --START--
INFO: ContentReplace Behavior ::run [ RunTime:0.003737s ]
INFO: TokenBuild Behavior ::run [ RunTime:0.001184s ]
INFO: WriteHtmlCache Behavior ::run [ RunTime:0.000496s ]
INFO: ShowRuntime Behavior ::run [ RunTime:0.000477s ]
INFO: [ view_filter ] --END-- [ RunTime:0.006319s ]
INFO: [ view_end ] --START--
INFO: ShowPageTrace Behavior ::run [ RunTime:0.000528s ]
INFO: [ view_end ] --END-- [ RunTime:0.000650s ]

[ 2015-09-06T09:10:48+08:00 ] 198.27.66.185 /zc/index.php?m=Deals&a=index&tid=4
INFO: [ app_begin ] --START--
INFO: ReadHtmlCache Behavior ::run [ RunTime:0.000462s ]
INFO: [ app_begin ] --END-- [ RunTime:0.000706s ]
SQL: SHOW COLUMNS FROM `fanwe_nav` [ RunTime:0.003186s ]
SQL: SELECT * FROM `fanwe_nav` ORDER BY sort  [ RunTime:0.001385s ]
SQL: SHOW COLUMNS FROM `fanwe_deal_cate` [ RunTime:0.002796s ]
SQL: SELECT * FROM `fanwe_deal_cate` ORDER BY id  [ RunTime:0.002445s ]
SQL: SHOW COLUMNS FROM `fanwe_deal_keyword` [ RunTime:0.007599s ]
SQL: SELECT * FROM `fanwe_deal_keyword` LIMIT 1   [ RunTime:0.001683s ]
NOTIC: [8] Undefined index: uid /webHome/LFWZ000390/www/zc/Zc/Lib/Action/DealsAction.class.php 第 18 行.

[ 2015-09-06T09:10:53+08:00 ] 198.27.66.185 /zc/index.php?m=User&a=login
INFO: [ app_begin ] --START--
INFO: ReadHtmlCache Behavior ::run [ RunTime:0.000601s ]
INFO: [ app_begin ] --END-- [ RunTime:0.000795s ]
SQL: SHOW COLUMNS FROM `fanwe_nav` [ RunTime:0.006871s ]
SQL: SELECT * FROM `fanwe_nav` ORDER BY sort  [ RunTime:0.004620s ]
SQL: SHOW COLUMNS FROM `fanwe_deal_cate` [ RunTime:0.002329s ]
SQL: SELECT * FROM `fanwe_deal_cate` ORDER BY id  [ RunTime:0.001727s ]
SQL: SHOW COLUMNS FROM `fanwe_deal_keyword` [ RunTime:0.002836s ]
SQL: SELECT * FROM `fanwe_deal_keyword` LIMIT 1   [ RunTime:0.002139s ]
INFO: [ view_parse ] --START--
NOTIC: [8] Undefined index: uid /webHome/LFWZ000390/www/zc/Zc/Runtime/Cache/42b90be8e9c40e58e803cfb6a2f683e9.php 第 76 行.
INFO: ParseTemplate Behavior ::run [ RunTime:0.044628s ]
INFO: [ view_parse ] --END-- [ RunTime:0.044773s ]
INFO: [ view_filter ] --START--
INFO: ContentReplace Behavior ::run [ RunTime:0.000541s ]
INFO: TokenBuild Behavior ::run [ RunTime:0.000371s ]
INFO: WriteHtmlCache Behavior ::run [ RunTime:0.000402s ]
INFO: ShowRuntime Behavior ::run [ RunTime:0.000383s ]
INFO: [ view_filter ] --END-- [ RunTime:0.001948s ]
INFO: [ view_end ] --START--
INFO: ShowPageTrace Behavior ::run [ RunTime:0.000422s ]
INFO: [ view_end ] --END-- [ RunTime:0.000508s ]

[ 2015-09-06T09:10:56+08:00 ] 198.27.66.185 /zc/index.php?m=Deals&a=index&tid=5
INFO: [ app_begin ] --START--
INFO: ReadHtmlCache Behavior ::run [ RunTime:0.000430s ]
INFO: [ app_begin ] --END-- [ RunTime:0.000572s ]
SQL: SHOW COLUMNS FROM `fanwe_nav` [ RunTime:0.003873s ]
SQL: SELECT * FROM `fanwe_nav` ORDER BY sort  [ RunTime:0.004714s ]
SQL: SHOW COLUMNS FROM `fanwe_deal_cate` [ RunTime:0.002537s ]
SQL: SELECT * FROM `fanwe_deal_cate` ORDER BY id  [ RunTime:0.002393s ]
SQL: SHOW COLUMNS FROM `fanwe_deal_keyword` [ RunTime:0.003197s ]
SQL: SELECT * FROM `fanwe_deal_keyword` LIMIT 1   [ RunTime:0.002161s ]
NOTIC: [8] Undefined index: uid /webHome/LFWZ000390/www/zc/Zc/Lib/Action/DealsAction.class.php 第 18 行.

[ 2015-09-06T09:11:08+08:00 ] 198.27.66.185 /zc/index.php?m=User&a=login
INFO: [ app_begin ] --START--
INFO: ReadHtmlCache Behavior ::run [ RunTime:0.000671s ]
INFO: [ app_begin ] --END-- [ RunTime:0.002469s ]
SQL: SHOW COLUMNS FROM `fanwe_nav` [ RunTime:0.002986s ]
SQL: SELECT * FROM `fanwe_nav` ORDER BY sort  [ RunTime:0.001925s ]
SQL: SHOW COLUMNS FROM `fanwe_deal_cate` [ RunTime:0.002769s ]
SQL: SELECT * FROM `fanwe_deal_cate` ORDER BY id  [ RunTime:0.002287s ]
SQL: SHOW COLUMNS FROM `fanwe_deal_keyword` [ RunTime:0.002141s ]
SQL: SELECT * FROM `fanwe_deal_keyword` LIMIT 1   [ RunTime:0.002174s ]
INFO: [ view_parse ] --START--
NOTIC: [8] Undefined index: uid /webHome/LFWZ000390/www/zc/Zc/Runtime/Cache/42b90be8e9c40e58e803cfb6a2f683e9.php 第 76 行.
INFO: ParseTemplate Behavior ::run [ RunTime:0.040956s ]
INFO: [ view_parse ] --END-- [ RunTime:0.041118s ]
INFO: [ view_filter ] --START--
INFO: ContentReplace Behavior ::run [ RunTime:0.006584s ]
INFO: TokenBuild Behavior ::run [ RunTime:0.001267s ]
INFO: WriteHtmlCache Behavior ::run [ RunTime:0.000355s ]
INFO: ShowRuntime Behavior ::run [ RunTime:0.000443s ]
INFO: [ view_filter ] --END-- [ RunTime:0.009050s ]
INFO: [ view_end ] --START--
INFO: ShowPageTrace Behavior ::run [ RunTime:0.000415s ]
INFO: [ view_end ] --END-- [ RunTime:0.000562s ]

[ 2015-09-06T09:11:20+08:00 ] 198.27.66.185 /zc/index.php?m=Deals&a=index&tid=6
INFO: [ app_begin ] --START--
INFO: ReadHtmlCache Behavior ::run [ RunTime:0.000503s ]
INFO: [ app_begin ] --END-- [ RunTime:0.000663s ]
SQL: SHOW COLUMNS FROM `fanwe_nav` [ RunTime:0.003952s ]
SQL: SELECT * FROM `fanwe_nav` ORDER BY sort  [ RunTime:0.001783s ]
SQL: SHOW COLUMNS FROM `fanwe_deal_cate` [ RunTime:0.002401s ]
SQL: SELECT * FROM `fanwe_deal_cate` ORDER BY id  [ RunTime:0.004372s ]
SQL: SHOW COLUMNS FROM `fanwe_deal_keyword` [ RunTime:0.006722s ]
SQL: SELECT * FROM `fanwe_deal_keyword` LIMIT 1   [ RunTime:0.001354s ]
NOTIC: [8] Undefined index: uid /webHome/LFWZ000390/www/zc/Zc/Lib/Action/DealsAction.class.php 第 18 行.

[ 2015-09-06T09:11:26+08:00 ] 198.27.66.185 /zc/index.php?m=User&a=login
INFO: [ app_begin ] --START--
INFO: ReadHtmlCache Behavior ::run [ RunTime:0.000498s ]
INFO: [ app_begin ] --END-- [ RunTime:0.000623s ]
SQL: SHOW COLUMNS FROM `fanwe_nav` [ RunTime:0.002798s ]
SQL: SELECT * FROM `fanwe_nav` ORDER BY sort  [ RunTime:0.005619s ]
SQL: SHOW COLUMNS FROM `fanwe_deal_cate` [ RunTime:0.003260s ]
SQL: SELECT * FROM `fanwe_deal_cate` ORDER BY id  [ RunTime:0.003029s ]
SQL: SHOW COLUMNS FROM `fanwe_deal_keyword` [ RunTime:0.002693s ]
SQL: SELECT * FROM `fanwe_deal_keyword` LIMIT 1   [ RunTime:0.001767s ]
INFO: [ view_parse ] --START--
NOTIC: [8] Undefined index: uid /webHome/LFWZ000390/www/zc/Zc/Runtime/Cache/42b90be8e9c40e58e803cfb6a2f683e9.php 第 76 行.
INFO: ParseTemplate Behavior ::run [ RunTime:0.033198s ]
INFO: [ view_parse ] --END-- [ RunTime:0.033349s ]
INFO: [ view_filter ] --START--
INFO: ContentReplace Behavior ::run [ RunTime:0.001833s ]
INFO: TokenBuild Behavior ::run [ RunTime:0.009191s ]
INFO: WriteHtmlCache Behavior ::run [ RunTime:0.000377s ]
INFO: ShowRuntime Behavior ::run [ RunTime:0.000423s ]
INFO: [ view_filter ] --END-- [ RunTime:0.012194s ]
INFO: [ view_end ] --START--
INFO: ShowPageTrace Behavior ::run [ RunTime:0.000366s ]
INFO: [ view_end ] --END-- [ RunTime:0.000453s ]

[ 2015-09-06T09:11:33+08:00 ] 198.27.66.185 /zc/index.php?m=Deals&a=index&tid=7
INFO: [ app_begin ] --START--
INFO: ReadHtmlCache Behavior ::run [ RunTime:0.001366s ]
INFO: [ app_begin ] --END-- [ RunTime:0.001608s ]
SQL: SHOW COLUMNS FROM `fanwe_nav` [ RunTime:0.002559s ]
SQL: SELECT * FROM `fanwe_nav` ORDER BY sort  [ RunTime:0.004069s ]
SQL: SHOW COLUMNS FROM `fanwe_deal_cate` [ RunTime:0.002221s ]
SQL: SELECT * FROM `fanwe_deal_cate` ORDER BY id  [ RunTime:0.002021s ]
SQL: SHOW COLUMNS FROM `fanwe_deal_keyword` [ RunTime:0.005561s ]
SQL: SELECT * FROM `fanwe_deal_keyword` LIMIT 1   [ RunTime:0.000994s ]
NOTIC: [8] Undefined index: uid /webHome/LFWZ000390/www/zc/Zc/Lib/Action/DealsAction.class.php 第 18 行.

[ 2015-09-06T09:11:37+08:00 ] 198.27.66.185 /zc/index.php?m=User&a=login
INFO: [ app_begin ] --START--
INFO: ReadHtmlCache Behavior ::run [ RunTime:0.000511s ]
INFO: [ app_begin ] --END-- [ RunTime:0.000670s ]
SQL: SHOW COLUMNS FROM `fanwe_nav` [ RunTime:0.002445s ]
SQL: SELECT * FROM `fanwe_nav` ORDER BY sort  [ RunTime:0.002331s ]
SQL: SHOW COLUMNS FROM `fanwe_deal_cate` [ RunTime:0.003371s ]
SQL: SELECT * FROM `fanwe_deal_cate` ORDER BY id  [ RunTime:0.003350s ]
SQL: SHOW COLUMNS FROM `fanwe_deal_keyword` [ RunTime:0.004911s ]
SQL: SELECT * FROM `fanwe_deal_keyword` LIMIT 1   [ RunTime:0.001225s ]
INFO: [ view_parse ] --START--
NOTIC: [8] Undefined index: uid /webHome/LFWZ000390/www/zc/Zc/Runtime/Cache/42b90be8e9c40e58e803cfb6a2f683e9.php 第 76 行.
INFO: ParseTemplate Behavior ::run [ RunTime:0.031814s ]
INFO: [ view_parse ] --END-- [ RunTime:0.031927s ]
INFO: [ view_filter ] --START--
INFO: ContentReplace Behavior ::run [ RunTime:0.000465s ]
INFO: TokenBuild Behavior ::run [ RunTime:0.000392s ]
INFO: WriteHtmlCache Behavior ::run [ RunTime:0.000311s ]
INFO: ShowRuntime Behavior ::run [ RunTime:0.000474s ]
INFO: [ view_filter ] --END-- [ RunTime:0.002042s ]
INFO: [ view_end ] --START--
INFO: ShowPageTrace Behavior ::run [ RunTime:0.000444s ]
INFO: [ view_end ] --END-- [ RunTime:0.000543s ]

[ 2015-09-06T09:11:41+08:00 ] 198.27.66.185 /zc/index.php?m=Deals&a=index&tid=8
INFO: [ app_begin ] --START--
INFO: ReadHtmlCache Behavior ::run [ RunTime:0.000428s ]
INFO: [ app_begin ] --END-- [ RunTime:0.000546s ]
SQL: SHOW COLUMNS FROM `fanwe_nav` [ RunTime:0.003351s ]
SQL: SELECT * FROM `fanwe_nav` ORDER BY sort  [ RunTime:0.001975s ]
SQL: SHOW COLUMNS FROM `fanwe_deal_cate` [ RunTime:0.001826s ]
SQL: SELECT * FROM `fanwe_deal_cate` ORDER BY id  [ RunTime:0.007801s ]
SQL: SHOW COLUMNS FROM `fanwe_deal_keyword` [ RunTime:0.007631s ]
SQL: SELECT * FROM `fanwe_deal_keyword` LIMIT 1   [ RunTime:0.001949s ]
NOTIC: [8] Undefined index: uid /webHome/LFWZ000390/www/zc/Zc/Lib/Action/DealsAction.class.php 第 18 行.

[ 2015-09-06T09:11:45+08:00 ] 198.27.66.185 /zc/index.php?m=User&a=login
INFO: [ app_begin ] --START--
INFO: ReadHtmlCache Behavior ::run [ RunTime:0.000425s ]
INFO: [ app_begin ] --END-- [ RunTime:0.000545s ]
SQL: SHOW COLUMNS FROM `fanwe_nav` [ RunTime:0.003362s ]
SQL: SELECT * FROM `fanwe_nav` ORDER BY sort  [ RunTime:0.003690s ]
SQL: SHOW COLUMNS FROM `fanwe_deal_cate` [ RunTime:0.002530s ]
SQL: SELECT * FROM `fanwe_deal_cate` ORDER BY id  [ RunTime:0.000728s ]
SQL: SHOW COLUMNS FROM `fanwe_deal_keyword` [ RunTime:0.008572s ]
SQL: SELECT * FROM `fanwe_deal_keyword` LIMIT 1   [ RunTime:0.023874s ]
INFO: [ view_parse ] --START--
NOTIC: [8] Undefined index: uid /webHome/LFWZ000390/www/zc/Zc/Runtime/Cache/42b90be8e9c40e58e803cfb6a2f683e9.php 第 76 行.
INFO: ParseTemplate Behavior ::run [ RunTime:0.064159s ]
INFO: [ view_parse ] --END-- [ RunTime:0.064306s ]
INFO: [ view_filter ] --START--
INFO: ContentReplace Behavior ::run [ RunTime:0.004566s ]
INFO: TokenBuild Behavior ::run [ RunTime:0.000454s ]
INFO: WriteHtmlCache Behavior ::run [ RunTime:0.000380s ]
INFO: ShowRuntime Behavior ::run [ RunTime:0.000419s ]
INFO: [ view_filter ] --END-- [ RunTime:0.006328s ]
INFO: [ view_end ] --START--
INFO: ShowPageTrace Behavior ::run [ RunTime:0.000497s ]
INFO: [ view_end ] --END-- [ RunTime:0.000591s ]

[ 2015-09-06T09:11:52+08:00 ] 198.27.66.185 /zc/index.php?m=Deals&a=index&tid=9
INFO: [ app_begin ] --START--
INFO: ReadHtmlCache Behavior ::run [ RunTime:0.000562s ]
INFO: [ app_begin ] --END-- [ RunTime:0.000704s ]
SQL: SHOW COLUMNS FROM `fanwe_nav` [ RunTime:0.002341s ]
SQL: SELECT * FROM `fanwe_nav` ORDER BY sort  [ RunTime:0.000795s ]
SQL: SHOW COLUMNS FROM `fanwe_deal_cate` [ RunTime:0.005119s ]
SQL: SELECT * FROM `fanwe_deal_cate` ORDER BY id  [ RunTime:0.001561s ]
SQL: SHOW COLUMNS FROM `fanwe_deal_keyword` [ RunTime:0.002744s ]
SQL: SELECT * FROM `fanwe_deal_keyword` LIMIT 1   [ RunTime:0.001571s ]
NOTIC: [8] Undefined index: uid /webHome/LFWZ000390/www/zc/Zc/Lib/Action/DealsAction.class.php 第 18 行.

[ 2015-09-06T09:12:02+08:00 ] 198.27.66.185 /zc/index.php?m=User&a=login
INFO: [ app_begin ] --START--
INFO: ReadHtmlCache Behavior ::run [ RunTime:0.001413s ]
INFO: [ app_begin ] --END-- [ RunTime:0.001531s ]
SQL: SHOW COLUMNS FROM `fanwe_nav` [ RunTime:0.004507s ]
SQL: SELECT * FROM `fanwe_nav` ORDER BY sort  [ RunTime:0.003853s ]
SQL: SHOW COLUMNS FROM `fanwe_deal_cate` [ RunTime:0.004854s ]
SQL: SELECT * FROM `fanwe_deal_cate` ORDER BY id  [ RunTime:0.002251s ]
SQL: SHOW COLUMNS FROM `fanwe_deal_keyword` [ RunTime:0.002236s ]
SQL: SELECT * FROM `fanwe_deal_keyword` LIMIT 1   [ RunTime:0.002862s ]
INFO: [ view_parse ] --START--
NOTIC: [8] Undefined index: uid /webHome/LFWZ000390/www/zc/Zc/Runtime/Cache/42b90be8e9c40e58e803cfb6a2f683e9.php 第 76 行.
INFO: ParseTemplate Behavior ::run [ RunTime:0.067662s ]
INFO: [ view_parse ] --END-- [ RunTime:0.070234s ]
INFO: [ view_filter ] --START--
INFO: ContentReplace Behavior ::run [ RunTime:0.007476s ]
INFO: TokenBuild Behavior ::run [ RunTime:0.000487s ]
INFO: WriteHtmlCache Behavior ::run [ RunTime:0.000379s ]
INFO: ShowRuntime Behavior ::run [ RunTime:0.000383s ]
INFO: [ view_filter ] --END-- [ RunTime:0.009031s ]
INFO: [ view_end ] --START--
INFO: ShowPageTrace Behavior ::run [ RunTime:0.000400s ]
INFO: [ view_end ] --END-- [ RunTime:0.000481s ]

[ 2015-09-06T09:12:10+08:00 ] 198.27.66.185 /zc/index.php?m=Deals&a=rec
INFO: [ app_begin ] --START--
INFO: ReadHtmlCache Behavior ::run [ RunTime:0.000490s ]
INFO: [ app_begin ] --END-- [ RunTime:0.000643s ]
SQL: SHOW COLUMNS FROM `fanwe_nav` [ RunTime:0.002905s ]
SQL: SELECT * FROM `fanwe_nav` ORDER BY sort  [ RunTime:0.002103s ]
SQL: SHOW COLUMNS FROM `fanwe_deal_cate` [ RunTime:0.004484s ]
SQL: SELECT * FROM `fanwe_deal_cate` ORDER BY id  [ RunTime:0.001307s ]
SQL: SHOW COLUMNS FROM `fanwe_deal_keyword` [ RunTime:0.003821s ]
SQL: SELECT * FROM `fanwe_deal_keyword` LIMIT 1   [ RunTime:0.001787s ]
NOTIC: [8] Undefined index: uid /webHome/LFWZ000390/www/zc/Zc/Lib/Action/DealsAction.class.php 第 61 行.

[ 2015-09-06T09:12:15+08:00 ] 198.27.66.185 /zc/index.php?m=User&a=login
INFO: [ app_begin ] --START--
INFO: ReadHtmlCache Behavior ::run [ RunTime:0.000613s ]
INFO: [ app_begin ] --END-- [ RunTime:0.000876s ]
SQL: SHOW COLUMNS FROM `fanwe_nav` [ RunTime:0.003430s ]
SQL: SELECT * FROM `fanwe_nav` ORDER BY sort  [ RunTime:0.003009s ]
SQL: SHOW COLUMNS FROM `fanwe_deal_cate` [ RunTime:0.003975s ]
SQL: SELECT * FROM `fanwe_deal_cate` ORDER BY id  [ RunTime:0.003250s ]
SQL: SHOW COLUMNS FROM `fanwe_deal_keyword` [ RunTime:0.006837s ]
SQL: SELECT * FROM `fanwe_deal_keyword` LIMIT 1   [ RunTime:0.006165s ]
INFO: [ view_parse ] --START--
NOTIC: [8] Undefined index: uid /webHome/LFWZ000390/www/zc/Zc/Runtime/Cache/42b90be8e9c40e58e803cfb6a2f683e9.php 第 76 行.
INFO: ParseTemplate Behavior ::run [ RunTime:0.044071s ]
INFO: [ view_parse ] --END-- [ RunTime:0.045144s ]
INFO: [ view_filter ] --START--
INFO: ContentReplace Behavior ::run [ RunTime:0.001182s ]
INFO: TokenBuild Behavior ::run [ RunTime:0.000544s ]
INFO: WriteHtmlCache Behavior ::run [ RunTime:0.000399s ]
INFO: ShowRuntime Behavior ::run [ RunTime:0.000748s ]
INFO: [ view_filter ] --END-- [ RunTime:0.003176s ]
INFO: [ view_end ] --START--
INFO: ShowPageTrace Behavior ::run [ RunTime:0.002069s ]
INFO: [ view_end ] --END-- [ RunTime:0.002264s ]

[ 2015-09-06T09:12:21+08:00 ] 198.27.66.185 /zc/index.php?m=Index&a=index
INFO: [ app_begin ] --START--
INFO: ReadHtmlCache Behavior ::run [ RunTime:0.000453s ]
INFO: [ app_begin ] --END-- [ RunTime:0.000600s ]
SQL: SHOW COLUMNS FROM `fanwe_nav` [ RunTime:0.002610s ]
SQL: SELECT * FROM `fanwe_nav` ORDER BY sort  [ RunTime:0.002523s ]
SQL: SHOW COLUMNS FROM `fanwe_deal_cate` [ RunTime:0.011218s ]
SQL: SELECT * FROM `fanwe_deal_cate` ORDER BY id  [ RunTime:0.001929s ]
SQL: SHOW COLUMNS FROM `fanwe_deal_keyword` [ RunTime:0.003652s ]
SQL: SELECT * FROM `fanwe_deal_keyword` LIMIT 1   [ RunTime:0.013434s ]
SQL: SHOW COLUMNS FROM `fanwe_showindex` [ RunTime:0.002892s ]
SQL: SELECT * FROM `fanwe_showindex`  [ RunTime:0.002262s ]
SQL: SHOW COLUMNS FROM `fanwe_news` [ RunTime:0.004839s ]
SQL: SELECT * FROM `fanwe_news` ORDER BY addtime desc,rec desc LIMIT 0,5   [ RunTime:0.010333s ]
SQL: SHOW COLUMNS FROM `fanwe_company` [ RunTime:0.002540s ]
ERR: 1146:Table 'my1006252.fanwe_company' doesn't exist
 [ SQL语句 ] : SHOW COLUMNS FROM `fanwe_company`
SQL: SELECT * FROM `fanwe_company` LIMIT 1   [ RunTime:0.002054s ]
ERR: 1146:Table 'my1006252.fanwe_company' doesn't exist
 [ SQL语句 ] : SELECT * FROM `fanwe_company` LIMIT 1  
INFO: [ view_parse ] --START--
INFO: ParseTemplate Behavior ::run [ RunTime:0.024563s ]
INFO: [ view_parse ] --END-- [ RunTime:0.024826s ]
INFO: [ view_filter ] --START--
INFO: ContentReplace Behavior ::run [ RunTime:0.000825s ]
INFO: TokenBuild Behavior ::run [ RunTime:0.000562s ]
INFO: WriteHtmlCache Behavior ::run [ RunTime:0.000460s ]
INFO: ShowRuntime Behavior ::run [ RunTime:0.004392s ]
INFO: [ view_filter ] --END-- [ RunTime:0.006576s ]
INFO: [ view_end ] --START--
INFO: ShowPageTrace Behavior ::run [ RunTime:0.000520s ]
INFO: [ view_end ] --END-- [ RunTime:0.000716s ]

[ 2015-09-06T09:12:30+08:00 ] 198.27.66.185 /zc/index.php?m=News&a=html
INFO: [ app_begin ] --START--
INFO: ReadHtmlCache Behavior ::run [ RunTime:0.000415s ]
INFO: [ app_begin ] --END-- [ RunTime:0.000591s ]
SQL: SHOW COLUMNS FROM `fanwe_nav` [ RunTime:0.002851s ]
SQL: SELECT * FROM `fanwe_nav` ORDER BY sort  [ RunTime:0.001605s ]
SQL: SHOW COLUMNS FROM `fanwe_deal_cate` [ RunTime:0.002716s ]
SQL: SELECT * FROM `fanwe_deal_cate` ORDER BY id  [ RunTime:0.003308s ]
SQL: SHOW COLUMNS FROM `fanwe_deal_keyword` [ RunTime:0.002591s ]
SQL: SELECT * FROM `fanwe_deal_keyword` LIMIT 1   [ RunTime:0.003009s ]
NOTIC: [8] Undefined index: id /webHome/LFWZ000390/www/zc/Zc/Lib/Action/NewsAction.class.php 第 28 行.
SQL: SHOW COLUMNS FROM `fanwe_news` [ RunTime:0.004526s ]
SQL: SELECT * FROM `fanwe_news` WHERE ( `id` = null ) LIMIT 1   [ RunTime:0.009470s ]
INFO: [ view_parse ] --START--
NOTIC: [8] Undefined index: uid /webHome/LFWZ000390/www/zc/Zc/Runtime/Cache/012cdf2fa3ba4152d6d6173485c32ca8.php 第 98 行.
NOTIC: [8] Use of undefined constant id - assumed 'id' /webHome/LFWZ000390/www/zc/Zc/Runtime/Cache/012cdf2fa3ba4152d6d6173485c32ca8.php 第 142 行.
SQL: SELECT * FROM `fanwe_news` WHERE ( `id` < null ) LIMIT 1   [ RunTime:0.005745s ]
SQL: SELECT * FROM `fanwe_news` WHERE ( `id` > null ) LIMIT 1   [ RunTime:0.002695s ]
INFO: ParseTemplate Behavior ::run [ RunTime:0.050893s ]
INFO: [ view_parse ] --END-- [ RunTime:0.051029s ]
INFO: [ view_filter ] --START--
INFO: ContentReplace Behavior ::run [ RunTime:0.000830s ]
INFO: TokenBuild Behavior ::run [ RunTime:0.000477s ]
INFO: WriteHtmlCache Behavior ::run [ RunTime:0.000379s ]
INFO: ShowRuntime Behavior ::run [ RunTime:0.003670s ]
INFO: [ view_filter ] --END-- [ RunTime:0.005714s ]
INFO: [ view_end ] --START--
INFO: ShowPageTrace Behavior ::run [ RunTime:0.010272s ]
INFO: [ view_end ] --END-- [ RunTime:0.010441s ]

[ 2015-09-06T09:12:33+08:00 ] 198.27.66.185 /zc/index.php?m=News&a=index
INFO: [ app_begin ] --START--
INFO: ReadHtmlCache Behavior ::run [ RunTime:0.000468s ]
INFO: [ app_begin ] --END-- [ RunTime:0.000655s ]
SQL: SHOW COLUMNS FROM `fanwe_nav` [ RunTime:0.002267s ]
SQL: SELECT * FROM `fanwe_nav` ORDER BY sort  [ RunTime:0.001784s ]
SQL: SHOW COLUMNS FROM `fanwe_deal_cate` [ RunTime:0.001982s ]
SQL: SELECT * FROM `fanwe_deal_cate` ORDER BY id  [ RunTime:0.003332s ]
SQL: SHOW COLUMNS FROM `fanwe_deal_keyword` [ RunTime:0.005443s ]
SQL: SELECT * FROM `fanwe_deal_keyword` LIMIT 1   [ RunTime:0.001513s ]
SQL: SHOW COLUMNS FROM `fanwe_news` [ RunTime:0.006070s ]
SQL: SELECT COUNT(*) AS tp_count FROM `fanwe_news` WHERE ( `enable` = 1 ) LIMIT 1   [ RunTime:0.003342s ]
SQL: SELECT COUNT(*) AS tp_count FROM `fanwe_news` WHERE ( `enable` = 1 ) LIMIT 1   [ RunTime:0.002649s ]
SQL: SELECT * FROM `fanwe_news` ORDER BY addtime desc,rec desc LIMIT 0,10   [ RunTime:0.018685s ]
INFO: [ view_parse ] --START--
SQL: SHOW COLUMNS FROM `fanwe_conf` [ RunTime:0.006994s ]
SQL: SELECT `value` FROM `fanwe_conf` WHERE ( `name` = 'SEO_TITLE' ) LIMIT 1   [ RunTime:0.006790s ]
NOTIC: [8] Undefined index: uid /webHome/LFWZ000390/www/zc/Zc/Runtime/Cache/93be05964b36457006025cdbe2606e6a.php 第 107 行.
INFO: ParseTemplate Behavior ::run [ RunTime:0.064993s ]
INFO: [ view_parse ] --END-- [ RunTime:0.065135s ]
INFO: [ view_filter ] --START--
INFO: ContentReplace Behavior ::run [ RunTime:0.000903s ]
INFO: TokenBuild Behavior ::run [ RunTime:0.000453s ]
INFO: WriteHtmlCache Behavior ::run [ RunTime:0.000418s ]
INFO: ShowRuntime Behavior ::run [ RunTime:0.000877s ]
INFO: [ view_filter ] --END-- [ RunTime:0.002940s ]
INFO: [ view_end ] --START--
INFO: ShowPageTrace Behavior ::run [ RunTime:0.000438s ]
INFO: [ view_end ] --END-- [ RunTime:0.000552s ]

[ 2015-09-06T09:12:37+08:00 ] 198.27.66.185 /zc/index.php?m=User&a=login
INFO: [ app_begin ] --START--
INFO: ReadHtmlCache Behavior ::run [ RunTime:0.000503s ]
INFO: [ app_begin ] --END-- [ RunTime:0.000618s ]
SQL: SHOW COLUMNS FROM `fanwe_nav` [ RunTime:0.004295s ]
SQL: SELECT * FROM `fanwe_nav` ORDER BY sort  [ RunTime:0.000914s ]
SQL: SHOW COLUMNS FROM `fanwe_deal_cate` [ RunTime:0.003648s ]
SQL: SELECT * FROM `fanwe_deal_cate` ORDER BY id  [ RunTime:0.001108s ]
SQL: SHOW COLUMNS FROM `fanwe_deal_keyword` [ RunTime:0.002356s ]
SQL: SELECT * FROM `fanwe_deal_keyword` LIMIT 1   [ RunTime:0.003847s ]
INFO: [ view_parse ] --START--
NOTIC: [8] Undefined index: uid /webHome/LFWZ000390/www/zc/Zc/Runtime/Cache/42b90be8e9c40e58e803cfb6a2f683e9.php 第 76 行.
INFO: ParseTemplate Behavior ::run [ RunTime:0.041827s ]
INFO: [ view_parse ] --END-- [ RunTime:0.042081s ]
INFO: [ view_filter ] --START--
INFO: ContentReplace Behavior ::run [ RunTime:0.005741s ]
INFO: TokenBuild Behavior ::run [ RunTime:0.001067s ]
INFO: WriteHtmlCache Behavior ::run [ RunTime:0.000648s ]
INFO: ShowRuntime Behavior ::run [ RunTime:0.000523s ]
INFO: [ view_filter ] --END-- [ RunTime:0.008552s ]
INFO: [ view_end ] --START--
INFO: ShowPageTrace Behavior ::run [ RunTime:0.004028s ]
INFO: [ view_end ] --END-- [ RunTime:0.004210s ]

[ 2015-09-06T09:12:44+08:00 ] 198.27.66.185 /zc/index.php?m=User&a=register
INFO: [ app_begin ] --START--
INFO: ReadHtmlCache Behavior ::run [ RunTime:0.000507s ]
INFO: [ app_begin ] --END-- [ RunTime:0.000693s ]
SQL: SHOW COLUMNS FROM `fanwe_nav` [ RunTime:0.001786s ]
SQL: SELECT * FROM `fanwe_nav` ORDER BY sort  [ RunTime:0.001426s ]
SQL: SHOW COLUMNS FROM `fanwe_deal_cate` [ RunTime:0.004188s ]
SQL: SELECT * FROM `fanwe_deal_cate` ORDER BY id  [ RunTime:0.002972s ]
SQL: SHOW COLUMNS FROM `fanwe_deal_keyword` [ RunTime:0.002010s ]
SQL: SELECT * FROM `fanwe_deal_keyword` LIMIT 1   [ RunTime:0.001870s ]
INFO: [ view_parse ] --START--
NOTIC: [8] Undefined index: uid /webHome/LFWZ000390/www/zc/Zc/Runtime/Cache/5ca447943347623fc7c870efb9c9908d.php 第 80 行.
INFO: ParseTemplate Behavior ::run [ RunTime:0.040289s ]
INFO: [ view_parse ] --END-- [ RunTime:0.040410s ]
INFO: [ view_filter ] --START--
INFO: ContentReplace Behavior ::run [ RunTime:0.000626s ]
INFO: TokenBuild Behavior ::run [ RunTime:0.020545s ]
INFO: WriteHtmlCache Behavior ::run [ RunTime:0.003893s ]
INFO: ShowRuntime Behavior ::run [ RunTime:0.000503s ]
INFO: [ view_filter ] --END-- [ RunTime:0.026096s ]
INFO: [ view_end ] --START--
INFO: ShowPageTrace Behavior ::run [ RunTime:0.000404s ]
INFO: [ view_end ] --END-- [ RunTime:0.000492s ]

[ 2015-09-06T16:41:26+08:00 ] 123.125.71.53 /zc/index.php?m=News&a=index
INFO: [ app_begin ] --START--
INFO: ReadHtmlCache Behavior ::run [ RunTime:0.000294s ]
INFO: [ app_begin ] --END-- [ RunTime:0.000440s ]
SQL: SHOW COLUMNS FROM `fanwe_nav` [ RunTime:0.002804s ]
SQL: SELECT * FROM `fanwe_nav` ORDER BY sort  [ RunTime:0.001060s ]
SQL: SHOW COLUMNS FROM `fanwe_deal_cate` [ RunTime:0.001486s ]
SQL: SELECT * FROM `fanwe_deal_cate` ORDER BY id  [ RunTime:0.001010s ]
SQL: SHOW COLUMNS FROM `fanwe_deal_keyword` [ RunTime:0.001570s ]
SQL: SELECT * FROM `fanwe_deal_keyword` LIMIT 1   [ RunTime:0.000857s ]
SQL: SHOW COLUMNS FROM `fanwe_news` [ RunTime:0.001911s ]
SQL: SELECT COUNT(*) AS tp_count FROM `fanwe_news` WHERE ( `enable` = 1 ) LIMIT 1   [ RunTime:0.000957s ]
SQL: SELECT COUNT(*) AS tp_count FROM `fanwe_news` WHERE ( `enable` = 1 ) LIMIT 1   [ RunTime:0.000723s ]
SQL: SELECT * FROM `fanwe_news` ORDER BY addtime desc,rec desc LIMIT 0,10   [ RunTime:0.004577s ]
INFO: [ view_parse ] --START--
SQL: SHOW COLUMNS FROM `fanwe_conf` [ RunTime:0.002105s ]
SQL: SELECT `value` FROM `fanwe_conf` WHERE ( `name` = 'SEO_TITLE' ) LIMIT 1   [ RunTime:0.000811s ]
NOTIC: [8] Undefined index: uid /webHome/LFWZ000390/www/zc/Zc/Runtime/Cache/93be05964b36457006025cdbe2606e6a.php 第 107 行.
INFO: ParseTemplate Behavior ::run [ RunTime:0.029791s ]
INFO: [ view_parse ] --END-- [ RunTime:0.029920s ]
INFO: [ view_filter ] --START--
INFO: ContentReplace Behavior ::run [ RunTime:0.000779s ]
INFO: TokenBuild Behavior ::run [ RunTime:0.000483s ]
INFO: WriteHtmlCache Behavior ::run [ RunTime:0.000409s ]
INFO: ShowRuntime Behavior ::run [ RunTime:0.000529s ]
INFO: [ view_filter ] --END-- [ RunTime:0.002559s ]
INFO: [ view_end ] --START--
INFO: ShowPageTrace Behavior ::run [ RunTime:0.000469s ]
INFO: [ view_end ] --END-- [ RunTime:0.000608s ]

