[ 2015-09-01T08:37:26+08:00 ] 58.18.157.240 /zc/
INFO: [ app_begin ] --START--
INFO: ReadHtmlCache Behavior ::run [ RunTime:0.000520s ]
INFO: [ app_begin ] --END-- [ RunTime:0.000649s ]

[ 2015-09-01T08:37:32+08:00 ] 58.18.157.240 /zc/
INFO: [ app_begin ] --START--
INFO: ReadHtmlCache Behavior ::run [ RunTime:0.006555s ]
INFO: [ app_begin ] --END-- [ RunTime:0.006705s ]

[ 2015-09-01T08:37:59+08:00 ] 58.18.157.240 /zc/
INFO: [ app_begin ] --START--
INFO: ReadHtmlCache Behavior ::run [ RunTime:0.001647s ]
INFO: [ app_begin ] --END-- [ RunTime:0.001962s ]

[ 2015-09-01T08:38:03+08:00 ] 58.18.157.240 /zc/
INFO: [ app_begin ] --START--
INFO: ReadHtmlCache Behavior ::run [ RunTime:0.000504s ]
INFO: [ app_begin ] --END-- [ RunTime:0.000641s ]

[ 2015-09-01T08:38:31+08:00 ] 58.18.157.240 /zc/
INFO: [ app_begin ] --START--
INFO: ReadHtmlCache Behavior ::run [ RunTime:0.006828s ]
INFO: [ app_begin ] --END-- [ RunTime:0.006974s ]

[ 2015-09-01T08:39:40+08:00 ] 58.18.157.240 /zc/
INFO: [ app_begin ] --START--
INFO: ReadHtmlCache Behavior ::run [ RunTime:0.000359s ]
INFO: [ app_begin ] --END-- [ RunTime:0.000488s ]

[ 2015-09-01T09:29:32+08:00 ] 123.121.33.27 /zc/
INFO: [ app_begin ] --START--
INFO: ReadHtmlCache Behavior ::run [ RunTime:0.000460s ]
INFO: [ app_begin ] --END-- [ RunTime:0.000607s ]
SQL: SHOW COLUMNS FROM `fanwe_nav` [ RunTime:0.005277s ]
SQL: SELECT * FROM `fanwe_nav` ORDER BY sort  [ RunTime:0.001285s ]
SQL: SHOW COLUMNS FROM `fanwe_deal_cate` [ RunTime:0.003161s ]
SQL: SELECT * FROM `fanwe_deal_cate` ORDER BY id  [ RunTime:0.011627s ]
SQL: SHOW COLUMNS FROM `fanwe_deal_keyword` [ RunTime:0.004230s ]
SQL: SELECT * FROM `fanwe_deal_keyword` LIMIT 1   [ RunTime:0.001314s ]
SQL: SHOW COLUMNS FROM `fanwe_showindex` [ RunTime:0.008125s ]
SQL: SELECT * FROM `fanwe_showindex`  [ RunTime:0.002617s ]
SQL: SHOW COLUMNS FROM `fanwe_news` [ RunTime:0.004274s ]
SQL: SELECT * FROM `fanwe_news` ORDER BY addtime desc,rec desc LIMIT 0,5   [ RunTime:0.012413s ]
SQL: SHOW COLUMNS FROM `fanwe_company` [ RunTime:0.002150s ]
ERR: 1146:Table 'my1006252.fanwe_company' doesn't exist
 [ SQL语句 ] : SHOW COLUMNS FROM `fanwe_company`
SQL: SELECT * FROM `fanwe_company` LIMIT 1   [ RunTime:0.002710s ]
ERR: 1146:Table 'my1006252.fanwe_company' doesn't exist
 [ SQL语句 ] : SELECT * FROM `fanwe_company` LIMIT 1  
INFO: [ view_parse ] --START--
INFO: ParseTemplate Behavior ::run [ RunTime:0.039591s ]
INFO: [ view_parse ] --END-- [ RunTime:0.039786s ]
INFO: [ view_filter ] --START--
INFO: ContentReplace Behavior ::run [ RunTime:0.001057s ]
INFO: TokenBuild Behavior ::run [ RunTime:0.000439s ]
INFO: WriteHtmlCache Behavior ::run [ RunTime:0.000428s ]
INFO: ShowRuntime Behavior ::run [ RunTime:0.000499s ]
INFO: [ view_filter ] --END-- [ RunTime:0.002743s ]
INFO: [ view_end ] --START--
INFO: ShowPageTrace Behavior ::run [ RunTime:0.000554s ]
INFO: [ view_end ] --END-- [ RunTime:0.000669s ]

[ 2015-09-01T09:30:00+08:00 ] 123.121.33.27 /zc/
INFO: [ app_begin ] --START--
INFO: ReadHtmlCache Behavior ::run [ RunTime:0.000648s ]
INFO: [ app_begin ] --END-- [ RunTime:0.000832s ]
SQL: SHOW COLUMNS FROM `fanwe_nav` [ RunTime:0.002402s ]
SQL: SELECT * FROM `fanwe_nav` ORDER BY sort  [ RunTime:0.002090s ]
SQL: SHOW COLUMNS FROM `fanwe_deal_cate` [ RunTime:0.003164s ]
SQL: SELECT * FROM `fanwe_deal_cate` ORDER BY id  [ RunTime:0.005446s ]
SQL: SHOW COLUMNS FROM `fanwe_deal_keyword` [ RunTime:0.010346s ]
SQL: SELECT * FROM `fanwe_deal_keyword` LIMIT 1   [ RunTime:0.010374s ]
SQL: SHOW COLUMNS FROM `fanwe_showindex` [ RunTime:0.009649s ]
SQL: SELECT * FROM `fanwe_showindex`  [ RunTime:0.010317s ]
SQL: SHOW COLUMNS FROM `fanwe_news` [ RunTime:0.002569s ]
SQL: SELECT * FROM `fanwe_news` ORDER BY addtime desc,rec desc LIMIT 0,5   [ RunTime:0.019014s ]
SQL: SHOW COLUMNS FROM `fanwe_company` [ RunTime:0.002944s ]
ERR: 1146:Table 'my1006252.fanwe_company' doesn't exist
 [ SQL语句 ] : SHOW COLUMNS FROM `fanwe_company`
SQL: SELECT * FROM `fanwe_company` LIMIT 1   [ RunTime:0.001581s ]
ERR: 1146:Table 'my1006252.fanwe_company' doesn't exist
 [ SQL语句 ] : SELECT * FROM `fanwe_company` LIMIT 1  
INFO: [ view_parse ] --START--
INFO: ParseTemplate Behavior ::run [ RunTime:0.036937s ]
INFO: [ view_parse ] --END-- [ RunTime:0.037086s ]
INFO: [ view_filter ] --START--
INFO: ContentReplace Behavior ::run [ RunTime:0.000593s ]
INFO: TokenBuild Behavior ::run [ RunTime:0.000571s ]
INFO: WriteHtmlCache Behavior ::run [ RunTime:0.000404s ]
INFO: ShowRuntime Behavior ::run [ RunTime:0.000578s ]
INFO: [ view_filter ] --END-- [ RunTime:0.002457s ]
INFO: [ view_end ] --START--
INFO: ShowPageTrace Behavior ::run [ RunTime:0.000449s ]
INFO: [ view_end ] --END-- [ RunTime:0.000534s ]

[ 2015-09-01T09:30:17+08:00 ] 123.121.33.27 /zc/
INFO: [ app_begin ] --START--
INFO: ReadHtmlCache Behavior ::run [ RunTime:0.000411s ]
INFO: [ app_begin ] --END-- [ RunTime:0.000570s ]
SQL: SHOW COLUMNS FROM `fanwe_nav` [ RunTime:0.003950s ]
SQL: SELECT * FROM `fanwe_nav` ORDER BY sort  [ RunTime:0.016820s ]
SQL: SHOW COLUMNS FROM `fanwe_deal_cate` [ RunTime:0.005781s ]
SQL: SELECT * FROM `fanwe_deal_cate` ORDER BY id  [ RunTime:0.002764s ]
SQL: SHOW COLUMNS FROM `fanwe_deal_keyword` [ RunTime:0.004097s ]
SQL: SELECT * FROM `fanwe_deal_keyword` LIMIT 1   [ RunTime:0.002436s ]
SQL: SHOW COLUMNS FROM `fanwe_showindex` [ RunTime:0.009825s ]
SQL: SELECT * FROM `fanwe_showindex`  [ RunTime:0.003872s ]
SQL: SHOW COLUMNS FROM `fanwe_news` [ RunTime:0.003397s ]
SQL: SELECT * FROM `fanwe_news` ORDER BY addtime desc,rec desc LIMIT 0,5   [ RunTime:0.015040s ]
SQL: SHOW COLUMNS FROM `fanwe_company` [ RunTime:0.002325s ]
ERR: 1146:Table 'my1006252.fanwe_company' doesn't exist
 [ SQL语句 ] : SHOW COLUMNS FROM `fanwe_company`
SQL: SELECT * FROM `fanwe_company` LIMIT 1   [ RunTime:0.002372s ]
ERR: 1146:Table 'my1006252.fanwe_company' doesn't exist
 [ SQL语句 ] : SELECT * FROM `fanwe_company` LIMIT 1  
INFO: [ view_parse ] --START--
INFO: ParseTemplate Behavior ::run [ RunTime:0.017564s ]
INFO: [ view_parse ] --END-- [ RunTime:0.017725s ]
INFO: [ view_filter ] --START--
INFO: ContentReplace Behavior ::run [ RunTime:0.002327s ]
INFO: TokenBuild Behavior ::run [ RunTime:0.000437s ]
INFO: WriteHtmlCache Behavior ::run [ RunTime:0.001744s ]
INFO: ShowRuntime Behavior ::run [ RunTime:0.000538s ]
INFO: [ view_filter ] --END-- [ RunTime:0.005552s ]
INFO: [ view_end ] --START--
INFO: ShowPageTrace Behavior ::run [ RunTime:0.000460s ]
INFO: [ view_end ] --END-- [ RunTime:0.000558s ]

[ 2015-09-01T11:37:48+08:00 ] 123.121.33.27 /zc/
INFO: [ app_begin ] --START--
INFO: ReadHtmlCache Behavior ::run [ RunTime:0.000485s ]
INFO: [ app_begin ] --END-- [ RunTime:0.000622s ]

[ 2015-09-01T11:46:11+08:00 ] 123.121.33.27 /zc/
INFO: [ app_begin ] --START--
INFO: ReadHtmlCache Behavior ::run [ RunTime:0.000497s ]
INFO: [ app_begin ] --END-- [ RunTime:0.000718s ]

[ 2015-09-01T13:20:37+08:00 ] 101.226.169.212 /zc/index.php?a=index&m=News&p=2
INFO: [ app_begin ] --START--
INFO: ReadHtmlCache Behavior ::run [ RunTime:0.000267s ]
INFO: [ app_begin ] --END-- [ RunTime:0.000368s ]
SQL: SHOW COLUMNS FROM `fanwe_nav` [ RunTime:0.002471s ]
SQL: SELECT * FROM `fanwe_nav` ORDER BY sort  [ RunTime:0.001640s ]
SQL: SHOW COLUMNS FROM `fanwe_deal_cate` [ RunTime:0.003037s ]
SQL: SELECT * FROM `fanwe_deal_cate` ORDER BY id  [ RunTime:0.001176s ]
SQL: SHOW COLUMNS FROM `fanwe_deal_keyword` [ RunTime:0.004439s ]
SQL: SELECT * FROM `fanwe_deal_keyword` LIMIT 1   [ RunTime:0.005534s ]
SQL: SHOW COLUMNS FROM `fanwe_news` [ RunTime:0.002891s ]
SQL: SELECT COUNT(*) AS tp_count FROM `fanwe_news` WHERE ( `enable` = 1 ) LIMIT 1   [ RunTime:0.002146s ]
SQL: SELECT COUNT(*) AS tp_count FROM `fanwe_news` WHERE ( `enable` = 1 ) LIMIT 1   [ RunTime:0.001960s ]
SQL: SELECT * FROM `fanwe_news` ORDER BY addtime desc,rec desc LIMIT 0,10   [ RunTime:0.033862s ]
INFO: [ view_parse ] --START--
SQL: SHOW COLUMNS FROM `fanwe_conf` [ RunTime:0.009452s ]
SQL: SELECT `value` FROM `fanwe_conf` WHERE ( `name` = 'SEO_TITLE' ) LIMIT 1   [ RunTime:0.001573s ]
NOTIC: [8] Undefined index: uid /webHome/LFWZ000390/www/zc/Zc/Runtime/Cache/93be05964b36457006025cdbe2606e6a.php 第 107 行.
INFO: ParseTemplate Behavior ::run [ RunTime:0.047536s ]
INFO: [ view_parse ] --END-- [ RunTime:0.047697s ]
INFO: [ view_filter ] --START--
INFO: ContentReplace Behavior ::run [ RunTime:0.000898s ]
INFO: TokenBuild Behavior ::run [ RunTime:0.000690s ]
INFO: WriteHtmlCache Behavior ::run [ RunTime:0.000344s ]
INFO: ShowRuntime Behavior ::run [ RunTime:0.009233s ]
INFO: [ view_filter ] --END-- [ RunTime:0.011498s ]
INFO: [ view_end ] --START--
INFO: ShowPageTrace Behavior ::run [ RunTime:0.000519s ]
INFO: [ view_end ] --END-- [ RunTime:0.000648s ]

[ 2015-09-01T13:41:28+08:00 ] 123.121.33.27 /zc/
INFO: [ app_begin ] --START--
INFO: ReadHtmlCache Behavior ::run [ RunTime:0.008119s ]
INFO: [ app_begin ] --END-- [ RunTime:0.008315s ]

[ 2015-09-01T13:42:12+08:00 ] 123.121.33.27 /zc/
INFO: [ app_begin ] --START--
INFO: ReadHtmlCache Behavior ::run [ RunTime:0.000444s ]
INFO: [ app_begin ] --END-- [ RunTime:0.000569s ]

[ 2015-09-01T13:45:22+08:00 ] 123.121.33.27 /zc/
INFO: [ app_begin ] --START--
INFO: ReadHtmlCache Behavior ::run [ RunTime:0.000490s ]
INFO: [ app_begin ] --END-- [ RunTime:0.000623s ]

[ 2015-09-01T13:46:40+08:00 ] 123.121.33.27 /zc/
INFO: [ app_begin ] --START--
INFO: ReadHtmlCache Behavior ::run [ RunTime:0.000489s ]
INFO: [ app_begin ] --END-- [ RunTime:0.000624s ]

[ 2015-09-01T13:47:21+08:00 ] 123.121.33.27 /zc/
INFO: [ app_begin ] --START--
INFO: ReadHtmlCache Behavior ::run [ RunTime:0.000468s ]
INFO: [ app_begin ] --END-- [ RunTime:0.000695s ]

[ 2015-09-01T13:48:37+08:00 ] 123.121.33.27 /zc/
INFO: [ app_begin ] --START--
INFO: ReadHtmlCache Behavior ::run [ RunTime:0.000352s ]
INFO: [ app_begin ] --END-- [ RunTime:0.000467s ]

[ 2015-09-01T13:51:29+08:00 ] 123.121.33.27 /zc/
INFO: [ app_begin ] --START--
INFO: ReadHtmlCache Behavior ::run [ RunTime:0.001172s ]
INFO: [ app_begin ] --END-- [ RunTime:0.001875s ]

[ 2015-09-01T13:51:59+08:00 ] 123.121.33.27 /zc/
INFO: [ app_begin ] --START--
INFO: ReadHtmlCache Behavior ::run [ RunTime:0.001199s ]
INFO: [ app_begin ] --END-- [ RunTime:0.001377s ]

[ 2015-09-01T13:52:39+08:00 ] 123.121.33.27 /zc/
INFO: [ app_begin ] --START--
INFO: ReadHtmlCache Behavior ::run [ RunTime:0.000552s ]
INFO: [ app_begin ] --END-- [ RunTime:0.000767s ]

[ 2015-09-01T13:53:46+08:00 ] 123.121.33.27 /zc/
INFO: [ app_begin ] --START--
INFO: ReadHtmlCache Behavior ::run [ RunTime:0.000549s ]
INFO: [ app_begin ] --END-- [ RunTime:0.000680s ]

[ 2015-09-01T13:55:54+08:00 ] 123.121.33.27 /zc/
INFO: [ app_begin ] --START--
INFO: ReadHtmlCache Behavior ::run [ RunTime:0.010605s ]
INFO: [ app_begin ] --END-- [ RunTime:0.019116s ]

[ 2015-09-01T13:57:34+08:00 ] 123.121.33.27 /zc/
INFO: [ app_begin ] --START--
INFO: ReadHtmlCache Behavior ::run [ RunTime:0.000434s ]
INFO: [ app_begin ] --END-- [ RunTime:0.000609s ]

[ 2015-09-01T13:58:48+08:00 ] 101.226.93.234 /zc/
INFO: [ app_begin ] --START--
INFO: ReadHtmlCache Behavior ::run [ RunTime:0.000459s ]
INFO: [ app_begin ] --END-- [ RunTime:0.000588s ]

[ 2015-09-01T14:02:57+08:00 ] 123.121.33.27 /zc/
INFO: [ app_begin ] --START--
INFO: ReadHtmlCache Behavior ::run [ RunTime:0.000409s ]
INFO: [ app_begin ] --END-- [ RunTime:0.000535s ]

[ 2015-09-01T14:20:04+08:00 ] 123.121.33.27 /zc/
INFO: [ app_begin ] --START--
INFO: ReadHtmlCache Behavior ::run [ RunTime:0.000447s ]
INFO: [ app_begin ] --END-- [ RunTime:0.011908s ]
SQL: SHOW COLUMNS FROM `fanwe_nav` [ RunTime:0.007221s ]
SQL: SELECT * FROM `fanwe_nav` ORDER BY sort  [ RunTime:0.003972s ]
SQL: SHOW COLUMNS FROM `fanwe_deal_cate` [ RunTime:0.005921s ]
SQL: SELECT * FROM `fanwe_deal_cate` ORDER BY id  [ RunTime:0.002028s ]
SQL: SHOW COLUMNS FROM `fanwe_deal_keyword` [ RunTime:0.018198s ]
SQL: SELECT * FROM `fanwe_deal_keyword` LIMIT 1   [ RunTime:0.001737s ]
SQL: SHOW COLUMNS FROM `fanwe_showindex` [ RunTime:0.010784s ]
SQL: SELECT * FROM `fanwe_showindex`  [ RunTime:0.002032s ]
SQL: SHOW COLUMNS FROM `fanwe_news` [ RunTime:0.010603s ]
SQL: SELECT * FROM `fanwe_news` ORDER BY addtime desc,rec desc LIMIT 0,5   [ RunTime:0.004987s ]
SQL: SHOW COLUMNS FROM `fanwe_company` [ RunTime:0.002532s ]
ERR: 1146:Table 'my1006252.fanwe_company' doesn't exist
 [ SQL语句 ] : SHOW COLUMNS FROM `fanwe_company`
SQL: SELECT * FROM `fanwe_company` LIMIT 1   [ RunTime:0.002258s ]
ERR: 1146:Table 'my1006252.fanwe_company' doesn't exist
 [ SQL语句 ] : SELECT * FROM `fanwe_company` LIMIT 1  
INFO: [ view_parse ] --START--
INFO: ParseTemplate Behavior ::run [ RunTime:0.033178s ]
INFO: [ view_parse ] --END-- [ RunTime:0.033314s ]
INFO: [ view_filter ] --START--
INFO: ContentReplace Behavior ::run [ RunTime:0.011426s ]
INFO: TokenBuild Behavior ::run [ RunTime:0.000552s ]
INFO: WriteHtmlCache Behavior ::run [ RunTime:0.000423s ]
INFO: ShowRuntime Behavior ::run [ RunTime:0.000420s ]
INFO: [ view_filter ] --END-- [ RunTime:0.013207s ]
INFO: [ view_end ] --START--
INFO: ShowPageTrace Behavior ::run [ RunTime:0.000448s ]
INFO: [ view_end ] --END-- [ RunTime:0.000590s ]

[ 2015-09-01T15:04:38+08:00 ] 123.121.33.27 /zc/
INFO: [ app_begin ] --START--
INFO: ReadHtmlCache Behavior ::run [ RunTime:0.000655s ]
INFO: [ app_begin ] --END-- [ RunTime:0.000808s ]

[ 2015-09-01T15:10:26+08:00 ] 123.121.33.27 /zc/
INFO: [ app_begin ] --START--
INFO: ReadHtmlCache Behavior ::run [ RunTime:0.000437s ]
INFO: [ app_begin ] --END-- [ RunTime:0.000553s ]

[ 2015-09-01T15:18:38+08:00 ] 123.121.33.27 /zc/
INFO: [ app_begin ] --START--
INFO: ReadHtmlCache Behavior ::run [ RunTime:0.008678s ]
INFO: [ app_begin ] --END-- [ RunTime:0.010880s ]

[ 2015-09-01T15:18:48+08:00 ] 123.121.33.27 /zc/
INFO: [ app_begin ] --START--
INFO: ReadHtmlCache Behavior ::run [ RunTime:0.001799s ]
INFO: [ app_begin ] --END-- [ RunTime:0.001949s ]

[ 2015-09-01T15:19:47+08:00 ] 123.121.33.27 /zc/
INFO: [ app_begin ] --START--
INFO: ReadHtmlCache Behavior ::run [ RunTime:0.000421s ]
INFO: [ app_begin ] --END-- [ RunTime:0.000547s ]

[ 2015-09-01T17:13:16+08:00 ] 123.125.71.109 /zc/
INFO: [ app_begin ] --START--
INFO: ReadHtmlCache Behavior ::run [ RunTime:0.000458s ]
INFO: [ app_begin ] --END-- [ RunTime:0.000603s ]
SQL: SHOW COLUMNS FROM `fanwe_nav` [ RunTime:0.002339s ]
SQL: SELECT * FROM `fanwe_nav` ORDER BY sort  [ RunTime:0.001708s ]
SQL: SHOW COLUMNS FROM `fanwe_deal_cate` [ RunTime:0.002682s ]
SQL: SELECT * FROM `fanwe_deal_cate` ORDER BY id  [ RunTime:0.001369s ]
SQL: SHOW COLUMNS FROM `fanwe_deal_keyword` [ RunTime:0.002182s ]
SQL: SELECT * FROM `fanwe_deal_keyword` LIMIT 1   [ RunTime:0.002181s ]
SQL: SHOW COLUMNS FROM `fanwe_showindex` [ RunTime:0.003236s ]
SQL: SELECT * FROM `fanwe_showindex`  [ RunTime:0.005742s ]
SQL: SHOW COLUMNS FROM `fanwe_news` [ RunTime:0.002485s ]
SQL: SELECT * FROM `fanwe_news` ORDER BY addtime desc,rec desc LIMIT 0,5   [ RunTime:0.014057s ]
SQL: SHOW COLUMNS FROM `fanwe_company` [ RunTime:0.002477s ]
ERR: 1146:Table 'my1006252.fanwe_company' doesn't exist
 [ SQL语句 ] : SHOW COLUMNS FROM `fanwe_company`
SQL: SELECT * FROM `fanwe_company` LIMIT 1   [ RunTime:0.001487s ]
ERR: 1146:Table 'my1006252.fanwe_company' doesn't exist
 [ SQL语句 ] : SELECT * FROM `fanwe_company` LIMIT 1  
INFO: [ view_parse ] --START--
INFO: ParseTemplate Behavior ::run [ RunTime:0.062245s ]
INFO: [ view_parse ] --END-- [ RunTime:0.062487s ]
INFO: [ view_filter ] --START--
INFO: ContentReplace Behavior ::run [ RunTime:0.000682s ]
INFO: TokenBuild Behavior ::run [ RunTime:0.000441s ]
INFO: WriteHtmlCache Behavior ::run [ RunTime:0.000415s ]
INFO: ShowRuntime Behavior ::run [ RunTime:0.000454s ]
INFO: [ view_filter ] --END-- [ RunTime:0.002259s ]
INFO: [ view_end ] --START--
INFO: ShowPageTrace Behavior ::run [ RunTime:0.000466s ]
INFO: [ view_end ] --END-- [ RunTime:0.000550s ]

[ 2015-09-01T17:13:24+08:00 ] 220.181.108.75 /zc/
INFO: [ app_begin ] --START--
INFO: ReadHtmlCache Behavior ::run [ RunTime:0.000741s ]
INFO: [ app_begin ] --END-- [ RunTime:0.001397s ]
SQL: SHOW COLUMNS FROM `fanwe_nav` [ RunTime:0.003286s ]
SQL: SELECT * FROM `fanwe_nav` ORDER BY sort  [ RunTime:0.001935s ]
SQL: SHOW COLUMNS FROM `fanwe_deal_cate` [ RunTime:0.002070s ]
SQL: SELECT * FROM `fanwe_deal_cate` ORDER BY id  [ RunTime:0.002265s ]
SQL: SHOW COLUMNS FROM `fanwe_deal_keyword` [ RunTime:0.007326s ]
SQL: SELECT * FROM `fanwe_deal_keyword` LIMIT 1   [ RunTime:0.002367s ]
SQL: SHOW COLUMNS FROM `fanwe_showindex` [ RunTime:0.004089s ]
SQL: SELECT * FROM `fanwe_showindex`  [ RunTime:0.002855s ]
SQL: SHOW COLUMNS FROM `fanwe_news` [ RunTime:0.007244s ]
SQL: SELECT * FROM `fanwe_news` ORDER BY addtime desc,rec desc LIMIT 0,5   [ RunTime:0.012869s ]
SQL: SHOW COLUMNS FROM `fanwe_company` [ RunTime:0.001935s ]
ERR: 1146:Table 'my1006252.fanwe_company' doesn't exist
 [ SQL语句 ] : SHOW COLUMNS FROM `fanwe_company`
SQL: SELECT * FROM `fanwe_company` LIMIT 1   [ RunTime:0.004829s ]
ERR: 1146:Table 'my1006252.fanwe_company' doesn't exist
 [ SQL语句 ] : SELECT * FROM `fanwe_company` LIMIT 1  
INFO: [ view_parse ] --START--
INFO: ParseTemplate Behavior ::run [ RunTime:0.038875s ]
INFO: [ view_parse ] --END-- [ RunTime:0.043896s ]
INFO: [ view_filter ] --START--
INFO: ContentReplace Behavior ::run [ RunTime:0.000745s ]
INFO: TokenBuild Behavior ::run [ RunTime:0.000528s ]
INFO: WriteHtmlCache Behavior ::run [ RunTime:0.000388s ]
INFO: ShowRuntime Behavior ::run [ RunTime:0.000500s ]
INFO: [ view_filter ] --END-- [ RunTime:0.002546s ]
INFO: [ view_end ] --START--
INFO: ShowPageTrace Behavior ::run [ RunTime:0.000471s ]
INFO: [ view_end ] --END-- [ RunTime:0.000558s ]

[ 2015-09-01T21:03:05+08:00 ] 123.125.71.84 /zc/index.php?m=News&a=index
INFO: [ app_begin ] --START--
INFO: ReadHtmlCache Behavior ::run [ RunTime:0.000389s ]
INFO: [ app_begin ] --END-- [ RunTime:0.000517s ]
SQL: SHOW COLUMNS FROM `fanwe_nav` [ RunTime:0.003628s ]
SQL: SELECT * FROM `fanwe_nav` ORDER BY sort  [ RunTime:0.004343s ]
SQL: SHOW COLUMNS FROM `fanwe_deal_cate` [ RunTime:0.003934s ]
SQL: SELECT * FROM `fanwe_deal_cate` ORDER BY id  [ RunTime:0.001997s ]
SQL: SHOW COLUMNS FROM `fanwe_deal_keyword` [ RunTime:0.003744s ]
SQL: SELECT * FROM `fanwe_deal_keyword` LIMIT 1   [ RunTime:0.003100s ]
SQL: SHOW COLUMNS FROM `fanwe_news` [ RunTime:0.004346s ]
SQL: SELECT COUNT(*) AS tp_count FROM `fanwe_news` WHERE ( `enable` = 1 ) LIMIT 1   [ RunTime:0.002773s ]
SQL: SELECT COUNT(*) AS tp_count FROM `fanwe_news` WHERE ( `enable` = 1 ) LIMIT 1   [ RunTime:0.011297s ]
SQL: SELECT * FROM `fanwe_news` ORDER BY addtime desc,rec desc LIMIT 0,10   [ RunTime:0.034752s ]
INFO: [ view_parse ] --START--
SQL: SHOW COLUMNS FROM `fanwe_conf` [ RunTime:0.004734s ]
SQL: SELECT `value` FROM `fanwe_conf` WHERE ( `name` = 'SEO_TITLE' ) LIMIT 1   [ RunTime:0.007920s ]
NOTIC: [8] Undefined index: uid /webHome/LFWZ000390/www/zc/Zc/Runtime/Cache/93be05964b36457006025cdbe2606e6a.php 第 107 行.
INFO: ParseTemplate Behavior ::run [ RunTime:0.181321s ]
INFO: [ view_parse ] --END-- [ RunTime:0.181460s ]
INFO: [ view_filter ] --START--
INFO: ContentReplace Behavior ::run [ RunTime:0.007135s ]
INFO: TokenBuild Behavior ::run [ RunTime:0.000596s ]
INFO: WriteHtmlCache Behavior ::run [ RunTime:0.000346s ]
INFO: ShowRuntime Behavior ::run [ RunTime:0.000448s ]
INFO: [ view_filter ] --END-- [ RunTime:0.008836s ]
INFO: [ view_end ] --START--
INFO: ShowPageTrace Behavior ::run [ RunTime:0.000508s ]
INFO: [ view_end ] --END-- [ RunTime:0.000592s ]

[ 2015-09-01T21:24:12+08:00 ] 68.180.229.246 /zc/index.php?m=Deals&a=index&tid=8
INFO: [ app_begin ] --START--
INFO: ReadHtmlCache Behavior ::run [ RunTime:0.000520s ]
INFO: [ app_begin ] --END-- [ RunTime:0.000777s ]
SQL: SHOW COLUMNS FROM `fanwe_nav` [ RunTime:0.003073s ]
SQL: SELECT * FROM `fanwe_nav` ORDER BY sort  [ RunTime:0.002341s ]
SQL: SHOW COLUMNS FROM `fanwe_deal_cate` [ RunTime:0.006291s ]
SQL: SELECT * FROM `fanwe_deal_cate` ORDER BY id  [ RunTime:0.005422s ]
SQL: SHOW COLUMNS FROM `fanwe_deal_keyword` [ RunTime:0.006062s ]
SQL: SELECT * FROM `fanwe_deal_keyword` LIMIT 1   [ RunTime:0.002162s ]
NOTIC: [8] Undefined index: uid /webHome/LFWZ000390/www/zc/Zc/Lib/Action/DealsAction.class.php 第 18 行.

[ 2015-09-01T21:24:18+08:00 ] 68.180.229.246 /zc/index.php?m=User&a=login
INFO: [ app_begin ] --START--
INFO: ReadHtmlCache Behavior ::run [ RunTime:0.000416s ]
INFO: [ app_begin ] --END-- [ RunTime:0.000563s ]
SQL: SHOW COLUMNS FROM `fanwe_nav` [ RunTime:0.003009s ]
SQL: SELECT * FROM `fanwe_nav` ORDER BY sort  [ RunTime:0.001745s ]
SQL: SHOW COLUMNS FROM `fanwe_deal_cate` [ RunTime:0.002577s ]
SQL: SELECT * FROM `fanwe_deal_cate` ORDER BY id  [ RunTime:0.002699s ]
SQL: SHOW COLUMNS FROM `fanwe_deal_keyword` [ RunTime:0.003274s ]
SQL: SELECT * FROM `fanwe_deal_keyword` LIMIT 1   [ RunTime:0.001654s ]
INFO: [ view_parse ] --START--
NOTIC: [8] Undefined index: uid /webHome/LFWZ000390/www/zc/Zc/Runtime/Cache/42b90be8e9c40e58e803cfb6a2f683e9.php 第 76 行.
INFO: ParseTemplate Behavior ::run [ RunTime:0.041350s ]
INFO: [ view_parse ] --END-- [ RunTime:0.041889s ]
INFO: [ view_filter ] --START--
INFO: ContentReplace Behavior ::run [ RunTime:0.000641s ]
INFO: TokenBuild Behavior ::run [ RunTime:0.006733s ]
INFO: WriteHtmlCache Behavior ::run [ RunTime:0.000510s ]
INFO: ShowRuntime Behavior ::run [ RunTime:0.000508s ]
INFO: [ view_filter ] --END-- [ RunTime:0.008979s ]
INFO: [ view_end ] --START--
INFO: ShowPageTrace Behavior ::run [ RunTime:0.000639s ]
INFO: [ view_end ] --END-- [ RunTime:0.000776s ]

[ 2015-09-01T22:45:35+08:00 ] 66.249.79.172 /zc/
INFO: [ app_begin ] --START--
INFO: ReadHtmlCache Behavior ::run [ RunTime:0.000802s ]
INFO: [ app_begin ] --END-- [ RunTime:0.000990s ]

[ 2015-09-01T23:00:36+08:00 ] 66.249.79.172 /zc/index.php?m=News&a=html&
INFO: [ app_begin ] --START--
INFO: ReadHtmlCache Behavior ::run [ RunTime:0.000500s ]
INFO: [ app_begin ] --END-- [ RunTime:0.000645s ]

[ 2015-09-01T23:15:37+08:00 ] 66.249.79.172 /zc/index.php?m=news&a=html&
INFO: [ app_begin ] --START--
INFO: ReadHtmlCache Behavior ::run [ RunTime:0.000571s ]
INFO: [ app_begin ] --END-- [ RunTime:0.000700s ]
ERR: 无法加载模块:news

