[ 2015-09-29T08:27:19+08:00 ] 157.55.39.95 /zc/
INFO: [ app_begin ] --START--
INFO: ReadHtmlCache Behavior ::run [ RunTime:0.000479s ]
INFO: [ app_begin ] --END-- [ RunTime:0.000613s ]
SQL: SHOW COLUMNS FROM `fanwe_nav` [ RunTime:0.001865s ]
SQL: SELECT * FROM `fanwe_nav` ORDER BY sort  [ RunTime:0.000857s ]
SQL: SHOW COLUMNS FROM `fanwe_deal_cate` [ RunTime:0.001588s ]
SQL: SELECT * FROM `fanwe_deal_cate` ORDER BY id  [ RunTime:0.000579s ]
SQL: SHOW COLUMNS FROM `fanwe_deal_keyword` [ RunTime:0.001367s ]
SQL: SELECT * FROM `fanwe_deal_keyword` LIMIT 1   [ RunTime:0.000628s ]
SQL: SHOW COLUMNS FROM `fanwe_showindex` [ RunTime:0.001495s ]
SQL: SELECT * FROM `fanwe_showindex`  [ RunTime:0.001007s ]
SQL: SHOW COLUMNS FROM `fanwe_news` [ RunTime:0.001412s ]
SQL: SELECT * FROM `fanwe_news` ORDER BY addtime desc,rec desc LIMIT 0,5   [ RunTime:0.003342s ]
SQL: SHOW COLUMNS FROM `fanwe_company` [ RunTime:0.001220s ]
ERR: 1146:Table 'my1006252.fanwe_company' doesn't exist
 [ SQL语句 ] : SHOW COLUMNS FROM `fanwe_company`
SQL: SELECT * FROM `fanwe_company` LIMIT 1   [ RunTime:0.000710s ]
ERR: 1146:Table 'my1006252.fanwe_company' doesn't exist
 [ SQL语句 ] : SELECT * FROM `fanwe_company` LIMIT 1  
INFO: [ view_parse ] --START--
INFO: ParseTemplate Behavior ::run [ RunTime:0.012808s ]
INFO: [ view_parse ] --END-- [ RunTime:0.012949s ]
INFO: [ view_filter ] --START--
INFO: ContentReplace Behavior ::run [ RunTime:0.000524s ]
INFO: TokenBuild Behavior ::run [ RunTime:0.000508s ]
INFO: WriteHtmlCache Behavior ::run [ RunTime:0.000379s ]
INFO: ShowRuntime Behavior ::run [ RunTime:0.000538s ]
INFO: [ view_filter ] --END-- [ RunTime:0.002231s ]
INFO: [ view_end ] --START--
INFO: ShowPageTrace Behavior ::run [ RunTime:0.000413s ]
INFO: [ view_end ] --END-- [ RunTime:0.000502s ]

[ 2015-09-29T11:14:56+08:00 ] 68.180.228.172 /zc/index.php?m=Deal&a=show&id=72
INFO: [ app_begin ] --START--
INFO: ReadHtmlCache Behavior ::run [ RunTime:0.000459s ]
INFO: [ app_begin ] --END-- [ RunTime:0.000616s ]
NOTIC: [2048] Declaration of DealAction::show() should be compatible with that of Action::show() /webHome/LFWZ000390/www/zc/Zc/Lib/Action/DealAction.class.php 第 13 行.
SQL: SHOW COLUMNS FROM `fanwe_nav` [ RunTime:0.002944s ]
SQL: SELECT * FROM `fanwe_nav` ORDER BY sort  [ RunTime:0.000908s ]
SQL: SHOW COLUMNS FROM `fanwe_deal_cate` [ RunTime:0.001707s ]
SQL: SELECT * FROM `fanwe_deal_cate` ORDER BY id  [ RunTime:0.000664s ]
SQL: SHOW COLUMNS FROM `fanwe_deal_keyword` [ RunTime:0.001616s ]
SQL: SELECT * FROM `fanwe_deal_keyword` LIMIT 1   [ RunTime:0.000597s ]
NOTIC: [8] Undefined index: uid /webHome/LFWZ000390/www/zc/Zc/Lib/Action/DealAction.class.php 第 18 行.

[ 2015-09-29T11:14:57+08:00 ] 68.180.228.172 /zc/index.php?m=User&a=login
INFO: [ app_begin ] --START--
INFO: ReadHtmlCache Behavior ::run [ RunTime:0.000544s ]
INFO: [ app_begin ] --END-- [ RunTime:0.000762s ]
SQL: SHOW COLUMNS FROM `fanwe_nav` [ RunTime:0.001714s ]
SQL: SELECT * FROM `fanwe_nav` ORDER BY sort  [ RunTime:0.000806s ]
SQL: SHOW COLUMNS FROM `fanwe_deal_cate` [ RunTime:0.001374s ]
SQL: SELECT * FROM `fanwe_deal_cate` ORDER BY id  [ RunTime:0.001208s ]
SQL: SHOW COLUMNS FROM `fanwe_deal_keyword` [ RunTime:0.001413s ]
SQL: SELECT * FROM `fanwe_deal_keyword` LIMIT 1   [ RunTime:0.000641s ]
INFO: [ view_parse ] --START--
NOTIC: [8] Undefined index: uid /webHome/LFWZ000390/www/zc/Zc/Runtime/Cache/42b90be8e9c40e58e803cfb6a2f683e9.php 第 76 行.
INFO: ParseTemplate Behavior ::run [ RunTime:0.015344s ]
INFO: [ view_parse ] --END-- [ RunTime:0.015495s ]
INFO: [ view_filter ] --START--
INFO: ContentReplace Behavior ::run [ RunTime:0.000627s ]
INFO: TokenBuild Behavior ::run [ RunTime:0.000423s ]
INFO: WriteHtmlCache Behavior ::run [ RunTime:0.000380s ]
INFO: ShowRuntime Behavior ::run [ RunTime:0.000721s ]
INFO: [ view_filter ] --END-- [ RunTime:0.002512s ]
INFO: [ view_end ] --START--
INFO: ShowPageTrace Behavior ::run [ RunTime:0.000415s ]
INFO: [ view_end ] --END-- [ RunTime:0.000507s ]

[ 2015-09-29T15:05:30+08:00 ] 61.148.243.108 /zc/
INFO: [ app_begin ] --START--
INFO: ReadHtmlCache Behavior ::run [ RunTime:0.000500s ]
INFO: [ app_begin ] --END-- [ RunTime:0.000766s ]

[ 2015-09-29T20:12:50+08:00 ] 178.255.215.93 /zc/index.php?m=News&a=html&id=7
INFO: [ app_begin ] --START--
INFO: ReadHtmlCache Behavior ::run [ RunTime:0.000728s ]
INFO: [ app_begin ] --END-- [ RunTime:0.000917s ]
SQL: SHOW COLUMNS FROM `fanwe_nav` [ RunTime:0.001815s ]
SQL: SELECT * FROM `fanwe_nav` ORDER BY sort  [ RunTime:0.000738s ]
SQL: SHOW COLUMNS FROM `fanwe_deal_cate` [ RunTime:0.001435s ]
SQL: SELECT * FROM `fanwe_deal_cate` ORDER BY id  [ RunTime:0.000599s ]
SQL: SHOW COLUMNS FROM `fanwe_deal_keyword` [ RunTime:0.001889s ]
SQL: SELECT * FROM `fanwe_deal_keyword` LIMIT 1   [ RunTime:0.000791s ]
SQL: SHOW COLUMNS FROM `fanwe_news` [ RunTime:0.001628s ]
SQL: SELECT * FROM `fanwe_news` WHERE ( `id` = 7 ) LIMIT 1   [ RunTime:0.001474s ]
INFO: [ view_parse ] --START--
NOTIC: [8] Undefined index: uid /webHome/LFWZ000390/www/zc/Zc/Runtime/Cache/012cdf2fa3ba4152d6d6173485c32ca8.php 第 98 行.
NOTIC: [8] Use of undefined constant id - assumed 'id' /webHome/LFWZ000390/www/zc/Zc/Runtime/Cache/012cdf2fa3ba4152d6d6173485c32ca8.php 第 142 行.
SQL: SELECT * FROM `fanwe_news` WHERE ( `id` < '7' ) LIMIT 1   [ RunTime:0.001192s ]
SQL: SELECT * FROM `fanwe_news` WHERE ( `id` > '7' ) LIMIT 1   [ RunTime:0.001855s ]
INFO: ParseTemplate Behavior ::run [ RunTime:0.022440s ]
INFO: [ view_parse ] --END-- [ RunTime:0.022564s ]
INFO: [ view_filter ] --START--
INFO: ContentReplace Behavior ::run [ RunTime:0.000747s ]
INFO: TokenBuild Behavior ::run [ RunTime:0.000492s ]
INFO: WriteHtmlCache Behavior ::run [ RunTime:0.000447s ]
INFO: ShowRuntime Behavior ::run [ RunTime:0.000528s ]
INFO: [ view_filter ] --END-- [ RunTime:0.002530s ]
INFO: [ view_end ] --START--
INFO: ShowPageTrace Behavior ::run [ RunTime:0.000500s ]
INFO: [ view_end ] --END-- [ RunTime:0.000799s ]

[ 2015-09-29T20:26:35+08:00 ] 198.27.82.146 /zc/index.php?m=Deals&a=index&tid=10
INFO: [ app_begin ] --START--
INFO: ReadHtmlCache Behavior ::run [ RunTime:0.000541s ]
INFO: [ app_begin ] --END-- [ RunTime:0.000707s ]
SQL: SHOW COLUMNS FROM `fanwe_nav` [ RunTime:0.001927s ]
SQL: SELECT * FROM `fanwe_nav` ORDER BY sort  [ RunTime:0.000736s ]
SQL: SHOW COLUMNS FROM `fanwe_deal_cate` [ RunTime:0.001461s ]
SQL: SELECT * FROM `fanwe_deal_cate` ORDER BY id  [ RunTime:0.000858s ]
SQL: SHOW COLUMNS FROM `fanwe_deal_keyword` [ RunTime:0.001518s ]
SQL: SELECT * FROM `fanwe_deal_keyword` LIMIT 1   [ RunTime:0.000528s ]
NOTIC: [8] Undefined index: uid /webHome/LFWZ000390/www/zc/Zc/Lib/Action/DealsAction.class.php 第 18 行.

[ 2015-09-29T20:26:37+08:00 ] 198.27.82.146 /zc/index.php?m=User&a=login
INFO: [ app_begin ] --START--
INFO: ReadHtmlCache Behavior ::run [ RunTime:0.000502s ]
INFO: [ app_begin ] --END-- [ RunTime:0.000643s ]
SQL: SHOW COLUMNS FROM `fanwe_nav` [ RunTime:0.002381s ]
SQL: SELECT * FROM `fanwe_nav` ORDER BY sort  [ RunTime:0.000554s ]
SQL: SHOW COLUMNS FROM `fanwe_deal_cate` [ RunTime:0.001412s ]
SQL: SELECT * FROM `fanwe_deal_cate` ORDER BY id  [ RunTime:0.000852s ]
SQL: SHOW COLUMNS FROM `fanwe_deal_keyword` [ RunTime:0.001287s ]
SQL: SELECT * FROM `fanwe_deal_keyword` LIMIT 1   [ RunTime:0.000704s ]
INFO: [ view_parse ] --START--
NOTIC: [8] Undefined index: uid /webHome/LFWZ000390/www/zc/Zc/Runtime/Cache/42b90be8e9c40e58e803cfb6a2f683e9.php 第 76 行.
INFO: ParseTemplate Behavior ::run [ RunTime:0.014891s ]
INFO: [ view_parse ] --END-- [ RunTime:0.015028s ]
INFO: [ view_filter ] --START--
INFO: ContentReplace Behavior ::run [ RunTime:0.000573s ]
INFO: TokenBuild Behavior ::run [ RunTime:0.000428s ]
INFO: WriteHtmlCache Behavior ::run [ RunTime:0.000386s ]
INFO: ShowRuntime Behavior ::run [ RunTime:0.000503s ]
INFO: [ view_filter ] --END-- [ RunTime:0.002190s ]
INFO: [ view_end ] --START--
INFO: ShowPageTrace Behavior ::run [ RunTime:0.000428s ]
INFO: [ view_end ] --END-- [ RunTime:0.000522s ]

[ 2015-09-29T20:27:29+08:00 ] 198.27.82.146 /zc/index.php?m=Deals&a=index&tid=12
INFO: [ app_begin ] --START--
INFO: ReadHtmlCache Behavior ::run [ RunTime:0.000457s ]
INFO: [ app_begin ] --END-- [ RunTime:0.000586s ]
SQL: SHOW COLUMNS FROM `fanwe_nav` [ RunTime:0.002651s ]
SQL: SELECT * FROM `fanwe_nav` ORDER BY sort  [ RunTime:0.000843s ]
SQL: SHOW COLUMNS FROM `fanwe_deal_cate` [ RunTime:0.002350s ]
SQL: SELECT * FROM `fanwe_deal_cate` ORDER BY id  [ RunTime:0.001218s ]
SQL: SHOW COLUMNS FROM `fanwe_deal_keyword` [ RunTime:0.001339s ]
SQL: SELECT * FROM `fanwe_deal_keyword` LIMIT 1   [ RunTime:0.000548s ]
NOTIC: [8] Undefined index: uid /webHome/LFWZ000390/www/zc/Zc/Lib/Action/DealsAction.class.php 第 18 行.

[ 2015-09-29T20:27:33+08:00 ] 198.27.82.146 /zc/index.php?m=User&a=login
INFO: [ app_begin ] --START--
INFO: ReadHtmlCache Behavior ::run [ RunTime:0.000434s ]
INFO: [ app_begin ] --END-- [ RunTime:0.000561s ]
SQL: SHOW COLUMNS FROM `fanwe_nav` [ RunTime:0.001887s ]
SQL: SELECT * FROM `fanwe_nav` ORDER BY sort  [ RunTime:0.001313s ]
SQL: SHOW COLUMNS FROM `fanwe_deal_cate` [ RunTime:0.001584s ]
SQL: SELECT * FROM `fanwe_deal_cate` ORDER BY id  [ RunTime:0.000747s ]
SQL: SHOW COLUMNS FROM `fanwe_deal_keyword` [ RunTime:0.001616s ]
SQL: SELECT * FROM `fanwe_deal_keyword` LIMIT 1   [ RunTime:0.001044s ]
INFO: [ view_parse ] --START--
NOTIC: [8] Undefined index: uid /webHome/LFWZ000390/www/zc/Zc/Runtime/Cache/42b90be8e9c40e58e803cfb6a2f683e9.php 第 76 行.
INFO: ParseTemplate Behavior ::run [ RunTime:0.015487s ]
INFO: [ view_parse ] --END-- [ RunTime:0.015634s ]
INFO: [ view_filter ] --START--
INFO: ContentReplace Behavior ::run [ RunTime:0.000523s ]
INFO: TokenBuild Behavior ::run [ RunTime:0.000403s ]
INFO: WriteHtmlCache Behavior ::run [ RunTime:0.000434s ]
INFO: ShowRuntime Behavior ::run [ RunTime:0.000481s ]
INFO: [ view_filter ] --END-- [ RunTime:0.002111s ]
INFO: [ view_end ] --START--
INFO: ShowPageTrace Behavior ::run [ RunTime:0.000432s ]
INFO: [ view_end ] --END-- [ RunTime:0.000521s ]

[ 2015-09-29T20:27:35+08:00 ] 198.27.82.146 /zc/index.php?m=Deals&a=index&tid=14
INFO: [ app_begin ] --START--
INFO: ReadHtmlCache Behavior ::run [ RunTime:0.000490s ]
INFO: [ app_begin ] --END-- [ RunTime:0.000620s ]
SQL: SHOW COLUMNS FROM `fanwe_nav` [ RunTime:0.001816s ]
SQL: SELECT * FROM `fanwe_nav` ORDER BY sort  [ RunTime:0.000988s ]
SQL: SHOW COLUMNS FROM `fanwe_deal_cate` [ RunTime:0.001722s ]
SQL: SELECT * FROM `fanwe_deal_cate` ORDER BY id  [ RunTime:0.000892s ]
SQL: SHOW COLUMNS FROM `fanwe_deal_keyword` [ RunTime:0.001356s ]
SQL: SELECT * FROM `fanwe_deal_keyword` LIMIT 1   [ RunTime:0.000725s ]
NOTIC: [8] Undefined index: uid /webHome/LFWZ000390/www/zc/Zc/Lib/Action/DealsAction.class.php 第 18 行.

[ 2015-09-29T20:27:41+08:00 ] 198.27.82.146 /zc/index.php?m=User&a=login
INFO: [ app_begin ] --START--
INFO: ReadHtmlCache Behavior ::run [ RunTime:0.000465s ]
INFO: [ app_begin ] --END-- [ RunTime:0.000626s ]
SQL: SHOW COLUMNS FROM `fanwe_nav` [ RunTime:0.002343s ]
SQL: SELECT * FROM `fanwe_nav` ORDER BY sort  [ RunTime:0.000709s ]
SQL: SHOW COLUMNS FROM `fanwe_deal_cate` [ RunTime:0.002263s ]
SQL: SELECT * FROM `fanwe_deal_cate` ORDER BY id  [ RunTime:0.000752s ]
SQL: SHOW COLUMNS FROM `fanwe_deal_keyword` [ RunTime:0.001377s ]
SQL: SELECT * FROM `fanwe_deal_keyword` LIMIT 1   [ RunTime:0.000778s ]
INFO: [ view_parse ] --START--
NOTIC: [8] Undefined index: uid /webHome/LFWZ000390/www/zc/Zc/Runtime/Cache/42b90be8e9c40e58e803cfb6a2f683e9.php 第 76 行.
INFO: ParseTemplate Behavior ::run [ RunTime:0.015006s ]
INFO: [ view_parse ] --END-- [ RunTime:0.015120s ]
INFO: [ view_filter ] --START--
INFO: ContentReplace Behavior ::run [ RunTime:0.000519s ]
INFO: TokenBuild Behavior ::run [ RunTime:0.000514s ]
INFO: WriteHtmlCache Behavior ::run [ RunTime:0.000418s ]
INFO: ShowRuntime Behavior ::run [ RunTime:0.000579s ]
INFO: [ view_filter ] --END-- [ RunTime:0.002365s ]
INFO: [ view_end ] --START--
INFO: ShowPageTrace Behavior ::run [ RunTime:0.000428s ]
INFO: [ view_end ] --END-- [ RunTime:0.000526s ]

[ 2015-09-29T20:27:57+08:00 ] 198.27.82.146 /zc/index.php?m=Deals&a=index&tid=4
INFO: [ app_begin ] --START--
INFO: ReadHtmlCache Behavior ::run [ RunTime:0.000441s ]
INFO: [ app_begin ] --END-- [ RunTime:0.000598s ]
SQL: SHOW COLUMNS FROM `fanwe_nav` [ RunTime:0.002314s ]
SQL: SELECT * FROM `fanwe_nav` ORDER BY sort  [ RunTime:0.000753s ]
SQL: SHOW COLUMNS FROM `fanwe_deal_cate` [ RunTime:0.001638s ]
SQL: SELECT * FROM `fanwe_deal_cate` ORDER BY id  [ RunTime:0.000735s ]
SQL: SHOW COLUMNS FROM `fanwe_deal_keyword` [ RunTime:0.001112s ]
SQL: SELECT * FROM `fanwe_deal_keyword` LIMIT 1   [ RunTime:0.000707s ]
NOTIC: [8] Undefined index: uid /webHome/LFWZ000390/www/zc/Zc/Lib/Action/DealsAction.class.php 第 18 行.

[ 2015-09-29T20:28:02+08:00 ] 198.27.82.146 /zc/index.php?m=User&a=login
INFO: [ app_begin ] --START--
INFO: ReadHtmlCache Behavior ::run [ RunTime:0.000443s ]
INFO: [ app_begin ] --END-- [ RunTime:0.000585s ]
SQL: SHOW COLUMNS FROM `fanwe_nav` [ RunTime:0.002066s ]
SQL: SELECT * FROM `fanwe_nav` ORDER BY sort  [ RunTime:0.001068s ]
SQL: SHOW COLUMNS FROM `fanwe_deal_cate` [ RunTime:0.001610s ]
SQL: SELECT * FROM `fanwe_deal_cate` ORDER BY id  [ RunTime:0.001015s ]
SQL: SHOW COLUMNS FROM `fanwe_deal_keyword` [ RunTime:0.001626s ]
SQL: SELECT * FROM `fanwe_deal_keyword` LIMIT 1   [ RunTime:0.000845s ]
INFO: [ view_parse ] --START--
NOTIC: [8] Undefined index: uid /webHome/LFWZ000390/www/zc/Zc/Runtime/Cache/42b90be8e9c40e58e803cfb6a2f683e9.php 第 76 行.
INFO: ParseTemplate Behavior ::run [ RunTime:0.015569s ]
INFO: [ view_parse ] --END-- [ RunTime:0.015690s ]
INFO: [ view_filter ] --START--
INFO: ContentReplace Behavior ::run [ RunTime:0.000715s ]
INFO: TokenBuild Behavior ::run [ RunTime:0.000431s ]
INFO: WriteHtmlCache Behavior ::run [ RunTime:0.000467s ]
INFO: ShowRuntime Behavior ::run [ RunTime:0.000534s ]
INFO: [ view_filter ] --END-- [ RunTime:0.002432s ]
INFO: [ view_end ] --START--
INFO: ShowPageTrace Behavior ::run [ RunTime:0.000408s ]
INFO: [ view_end ] --END-- [ RunTime:0.000564s ]

[ 2015-09-29T22:45:35+08:00 ] 69.30.250.178 /zc/index.php?m=news&a=html&id=5
INFO: [ app_begin ] --START--
INFO: ReadHtmlCache Behavior ::run [ RunTime:0.000585s ]
INFO: [ app_begin ] --END-- [ RunTime:0.000754s ]
ERR: 无法加载模块:news

