[ 2015-09-19T04:52:53+08:00 ] 51.254.97.218 /zc/index.php?m=news&a=html&id=1
INFO: [ app_begin ] --START--
INFO: ReadHtmlCache Behavior ::run [ RunTime:0.000533s ]
INFO: [ app_begin ] --END-- [ RunTime:0.000670s ]
ERR: 无法加载模块:news

[ 2015-09-19T04:52:55+08:00 ] 51.254.97.218 /zc/index.php?m=news&a=html&id=7
INFO: [ app_begin ] --START--
INFO: ReadHtmlCache Behavior ::run [ RunTime:0.000512s ]
INFO: [ app_begin ] --END-- [ RunTime:0.000678s ]
ERR: 无法加载模块:news

[ 2015-09-19T04:52:57+08:00 ] 51.254.97.218 /zc/index.php?m=news&a=html&id=8
INFO: [ app_begin ] --START--
INFO: ReadHtmlCache Behavior ::run [ RunTime:0.000589s ]
INFO: [ app_begin ] --END-- [ RunTime:0.000752s ]
ERR: 无法加载模块:news

[ 2015-09-19T04:52:58+08:00 ] 51.254.97.218 /zc/index.php?m=news&a=html&id=9
INFO: [ app_begin ] --START--
INFO: ReadHtmlCache Behavior ::run [ RunTime:0.000520s ]
INFO: [ app_begin ] --END-- [ RunTime:0.000673s ]
ERR: 无法加载模块:news

[ 2015-09-19T07:50:40+08:00 ] 182.118.21.232 /zc/index.php?a=index&m=Index
INFO: [ app_begin ] --START--
INFO: ReadHtmlCache Behavior ::run [ RunTime:0.000481s ]
INFO: [ app_begin ] --END-- [ RunTime:0.000628s ]
SQL: SHOW COLUMNS FROM `fanwe_nav` [ RunTime:0.001619s ]
SQL: SELECT * FROM `fanwe_nav` ORDER BY sort  [ RunTime:0.000906s ]
SQL: SHOW COLUMNS FROM `fanwe_deal_cate` [ RunTime:0.001455s ]
SQL: SELECT * FROM `fanwe_deal_cate` ORDER BY id  [ RunTime:0.000666s ]
SQL: SHOW COLUMNS FROM `fanwe_deal_keyword` [ RunTime:0.001373s ]
SQL: SELECT * FROM `fanwe_deal_keyword` LIMIT 1   [ RunTime:0.000756s ]
SQL: SHOW COLUMNS FROM `fanwe_showindex` [ RunTime:0.001502s ]
SQL: SELECT * FROM `fanwe_showindex`  [ RunTime:0.001053s ]
SQL: SHOW COLUMNS FROM `fanwe_news` [ RunTime:0.001367s ]
SQL: SELECT * FROM `fanwe_news` ORDER BY addtime desc,rec desc LIMIT 0,5   [ RunTime:0.003056s ]
SQL: SHOW COLUMNS FROM `fanwe_company` [ RunTime:0.001065s ]
ERR: 1146:Table 'my1006252.fanwe_company' doesn't exist
 [ SQL语句 ] : SHOW COLUMNS FROM `fanwe_company`
SQL: SELECT * FROM `fanwe_company` LIMIT 1   [ RunTime:0.000522s ]
ERR: 1146:Table 'my1006252.fanwe_company' doesn't exist
 [ SQL语句 ] : SELECT * FROM `fanwe_company` LIMIT 1  
INFO: [ view_parse ] --START--
INFO: ParseTemplate Behavior ::run [ RunTime:0.014914s ]
INFO: [ view_parse ] --END-- [ RunTime:0.015026s ]
INFO: [ view_filter ] --START--
INFO: ContentReplace Behavior ::run [ RunTime:0.000616s ]
INFO: TokenBuild Behavior ::run [ RunTime:0.000475s ]
INFO: WriteHtmlCache Behavior ::run [ RunTime:0.000472s ]
INFO: ShowRuntime Behavior ::run [ RunTime:0.000606s ]
INFO: [ view_filter ] --END-- [ RunTime:0.002475s ]
INFO: [ view_end ] --START--
INFO: ShowPageTrace Behavior ::run [ RunTime:0.000478s ]
INFO: [ view_end ] --END-- [ RunTime:0.000570s ]

[ 2015-09-19T13:12:50+08:00 ] 220.181.108.76 /zc/index.php?m=News&a=html&id=7
INFO: [ app_begin ] --START--
INFO: ReadHtmlCache Behavior ::run [ RunTime:0.000476s ]
INFO: [ app_begin ] --END-- [ RunTime:0.000603s ]
SQL: SHOW COLUMNS FROM `fanwe_nav` [ RunTime:0.002055s ]
SQL: SELECT * FROM `fanwe_nav` ORDER BY sort  [ RunTime:0.000848s ]
SQL: SHOW COLUMNS FROM `fanwe_deal_cate` [ RunTime:0.001589s ]
SQL: SELECT * FROM `fanwe_deal_cate` ORDER BY id  [ RunTime:0.000964s ]
SQL: SHOW COLUMNS FROM `fanwe_deal_keyword` [ RunTime:0.001507s ]
SQL: SELECT * FROM `fanwe_deal_keyword` LIMIT 1   [ RunTime:0.000873s ]
SQL: SHOW COLUMNS FROM `fanwe_news` [ RunTime:0.001560s ]
SQL: SELECT * FROM `fanwe_news` WHERE ( `id` = 7 ) LIMIT 1   [ RunTime:0.002098s ]
INFO: [ view_parse ] --START--
NOTIC: [8] Undefined index: uid /webHome/LFWZ000390/www/zc/Zc/Runtime/Cache/012cdf2fa3ba4152d6d6173485c32ca8.php 第 98 行.
NOTIC: [8] Use of undefined constant id - assumed 'id' /webHome/LFWZ000390/www/zc/Zc/Runtime/Cache/012cdf2fa3ba4152d6d6173485c32ca8.php 第 142 行.
SQL: SELECT * FROM `fanwe_news` WHERE ( `id` < '7' ) LIMIT 1   [ RunTime:0.009864s ]
SQL: SELECT * FROM `fanwe_news` WHERE ( `id` > '7' ) LIMIT 1   [ RunTime:0.001406s ]
INFO: ParseTemplate Behavior ::run [ RunTime:0.031565s ]
INFO: [ view_parse ] --END-- [ RunTime:0.031717s ]
INFO: [ view_filter ] --START--
INFO: ContentReplace Behavior ::run [ RunTime:0.000727s ]
INFO: TokenBuild Behavior ::run [ RunTime:0.000473s ]
INFO: WriteHtmlCache Behavior ::run [ RunTime:0.000452s ]
INFO: ShowRuntime Behavior ::run [ RunTime:0.000487s ]
INFO: [ view_filter ] --END-- [ RunTime:0.002421s ]
INFO: [ view_end ] --START--
INFO: ShowPageTrace Behavior ::run [ RunTime:0.000482s ]
INFO: [ view_end ] --END-- [ RunTime:0.000614s ]

[ 2015-09-19T15:42:59+08:00 ] 144.76.8.132 /zc/index.php?m=news&a=html&id=1
INFO: [ app_begin ] --START--
INFO: ReadHtmlCache Behavior ::run [ RunTime:0.000428s ]
INFO: [ app_begin ] --END-- [ RunTime:0.000580s ]
ERR: 无法加载模块:news

[ 2015-09-19T15:43:00+08:00 ] 144.76.8.132 /zc/index.php?m=news&a=html&id=7
INFO: [ app_begin ] --START--
INFO: ReadHtmlCache Behavior ::run [ RunTime:0.000517s ]
INFO: [ app_begin ] --END-- [ RunTime:0.000678s ]
ERR: 无法加载模块:news

[ 2015-09-19T15:43:02+08:00 ] 144.76.8.132 /zc/index.php?m=news&a=html&id=8
INFO: [ app_begin ] --START--
INFO: ReadHtmlCache Behavior ::run [ RunTime:0.000504s ]
INFO: [ app_begin ] --END-- [ RunTime:0.000657s ]
ERR: 无法加载模块:news

[ 2015-09-19T15:43:04+08:00 ] 144.76.8.132 /zc/index.php?m=news&a=html&id=9
INFO: [ app_begin ] --START--
INFO: ReadHtmlCache Behavior ::run [ RunTime:0.000463s ]
INFO: [ app_begin ] --END-- [ RunTime:0.000590s ]
ERR: 无法加载模块:news

[ 2015-09-19T18:26:45+08:00 ] 42.156.139.21 /zc/
INFO: [ app_begin ] --START--
INFO: ReadHtmlCache Behavior ::run [ RunTime:0.000508s ]
INFO: [ app_begin ] --END-- [ RunTime:0.000636s ]
SQL: SHOW COLUMNS FROM `fanwe_nav` [ RunTime:0.001613s ]
SQL: SELECT * FROM `fanwe_nav` ORDER BY sort  [ RunTime:0.000729s ]
SQL: SHOW COLUMNS FROM `fanwe_deal_cate` [ RunTime:0.001783s ]
SQL: SELECT * FROM `fanwe_deal_cate` ORDER BY id  [ RunTime:0.000827s ]
SQL: SHOW COLUMNS FROM `fanwe_deal_keyword` [ RunTime:0.001609s ]
SQL: SELECT * FROM `fanwe_deal_keyword` LIMIT 1   [ RunTime:0.000735s ]
SQL: SHOW COLUMNS FROM `fanwe_showindex` [ RunTime:0.001649s ]
SQL: SELECT * FROM `fanwe_showindex`  [ RunTime:0.001581s ]
SQL: SHOW COLUMNS FROM `fanwe_news` [ RunTime:0.001783s ]
SQL: SELECT * FROM `fanwe_news` ORDER BY addtime desc,rec desc LIMIT 0,5   [ RunTime:0.003497s ]
SQL: SHOW COLUMNS FROM `fanwe_company` [ RunTime:0.001131s ]
ERR: 1146:Table 'my1006252.fanwe_company' doesn't exist
 [ SQL语句 ] : SHOW COLUMNS FROM `fanwe_company`
SQL: SELECT * FROM `fanwe_company` LIMIT 1   [ RunTime:0.000573s ]
ERR: 1146:Table 'my1006252.fanwe_company' doesn't exist
 [ SQL语句 ] : SELECT * FROM `fanwe_company` LIMIT 1  
INFO: [ view_parse ] --START--
INFO: ParseTemplate Behavior ::run [ RunTime:0.018601s ]
INFO: [ view_parse ] --END-- [ RunTime:0.018747s ]
INFO: [ view_filter ] --START--
INFO: ContentReplace Behavior ::run [ RunTime:0.000550s ]
INFO: TokenBuild Behavior ::run [ RunTime:0.000635s ]
INFO: WriteHtmlCache Behavior ::run [ RunTime:0.000481s ]
INFO: ShowRuntime Behavior ::run [ RunTime:0.000463s ]
INFO: [ view_filter ] --END-- [ RunTime:0.002439s ]
INFO: [ view_end ] --START--
INFO: ShowPageTrace Behavior ::run [ RunTime:0.000455s ]
INFO: [ view_end ] --END-- [ RunTime:0.000545s ]

[ 2015-09-19T20:51:29+08:00 ] 78.46.174.197 /zc/index.php?m=news&a=html&id=8
INFO: [ app_begin ] --START--
INFO: ReadHtmlCache Behavior ::run [ RunTime:0.000472s ]
INFO: [ app_begin ] --END-- [ RunTime:0.000624s ]
ERR: 无法加载模块:news

[ 2015-09-19T22:24:58+08:00 ] 95.91.45.195 /zc/index.php?m=news&a=html&id=1
INFO: [ app_begin ] --START--
INFO: ReadHtmlCache Behavior ::run [ RunTime:0.000434s ]
INFO: [ app_begin ] --END-- [ RunTime:0.000590s ]
ERR: 无法加载模块:news

[ 2015-09-19T22:25:38+08:00 ] 95.91.45.195 /zc/index.php?m=news&a=html&id=1
INFO: [ app_begin ] --START--
INFO: ReadHtmlCache Behavior ::run [ RunTime:0.000234s ]
INFO: [ app_begin ] --END-- [ RunTime:0.000310s ]
ERR: 无法加载模块:news

[ 2015-09-19T22:26:01+08:00 ] 95.91.45.195 /zc/index.php?m=news&a=html&id=7
INFO: [ app_begin ] --START--
INFO: ReadHtmlCache Behavior ::run [ RunTime:0.000618s ]
INFO: [ app_begin ] --END-- [ RunTime:0.000777s ]
ERR: 无法加载模块:news

[ 2015-09-19T22:26:04+08:00 ] 95.91.45.195 /zc/index.php?m=news&a=html&id=9
INFO: [ app_begin ] --START--
INFO: ReadHtmlCache Behavior ::run [ RunTime:0.000897s ]
INFO: [ app_begin ] --END-- [ RunTime:0.001123s ]
ERR: 无法加载模块:news

