[ 2015-06-24T01:34:22+08:00 ] 66.249.64.196 /zc/index.php?m=News&a=html&id=29
INFO: [ app_begin ] --START--
INFO: ReadHtmlCache Behavior ::run [ RunTime:0.000535s ]
INFO: [ app_begin ] --END-- [ RunTime:0.000733s ]
SQL: SHOW COLUMNS FROM `fanwe_nav` [ RunTime:0.003551s ]
SQL: SELECT * FROM `fanwe_nav` ORDER BY sort  [ RunTime:0.002054s ]
SQL: SHOW COLUMNS FROM `fanwe_deal_cate` [ RunTime:0.006431s ]
SQL: SELECT * FROM `fanwe_deal_cate` ORDER BY id  [ RunTime:0.004127s ]
SQL: SHOW COLUMNS FROM `fanwe_news` [ RunTime:0.003656s ]
SQL: SELECT * FROM `fanwe_news` WHERE ( `id` = 29 ) LIMIT 1   [ RunTime:0.016086s ]
INFO: [ view_parse ] --START--
NOTIC: [8] Undefined index: uid /webHome/LFWZ000390/www/zc/Zc/Runtime/Cache/012cdf2fa3ba4152d6d6173485c32ca8.php 第 95 行.
NOTIC: [8] Use of undefined constant id - assumed 'id' /webHome/LFWZ000390/www/zc/Zc/Runtime/Cache/012cdf2fa3ba4152d6d6173485c32ca8.php 第 129 行.
SQL: SELECT * FROM `fanwe_news` WHERE ( `id` < '29' ) LIMIT 1   [ RunTime:0.008285s ]
SQL: SELECT * FROM `fanwe_news` WHERE ( `id` > '29' ) LIMIT 1   [ RunTime:0.002258s ]
INFO: ParseTemplate Behavior ::run [ RunTime:0.069878s ]
INFO: [ view_parse ] --END-- [ RunTime:0.070038s ]
INFO: [ view_filter ] --START--
INFO: ContentReplace Behavior ::run [ RunTime:0.000725s ]
INFO: TokenBuild Behavior ::run [ RunTime:0.000501s ]
INFO: WriteHtmlCache Behavior ::run [ RunTime:0.014334s ]
INFO: ShowRuntime Behavior ::run [ RunTime:0.000819s ]
INFO: [ view_filter ] --END-- [ RunTime:0.016790s ]
INFO: [ view_end ] --START--
INFO: ShowPageTrace Behavior ::run [ RunTime:0.000308s ]
INFO: [ view_end ] --END-- [ RunTime:0.000364s ]

[ 2015-06-24T01:43:40+08:00 ] 66.249.64.206 /zc/index.php?m=News&a=html&id=22
INFO: [ app_begin ] --START--
INFO: ReadHtmlCache Behavior ::run [ RunTime:0.000513s ]
INFO: [ app_begin ] --END-- [ RunTime:0.000643s ]

[ 2015-06-24T02:37:10+08:00 ] 66.249.64.206 /zc/index.php?m=News&a=html&id=27
INFO: [ app_begin ] --START--
INFO: ReadHtmlCache Behavior ::run [ RunTime:0.000463s ]
INFO: [ app_begin ] --END-- [ RunTime:0.000617s ]
SQL: SHOW COLUMNS FROM `fanwe_nav` [ RunTime:0.002302s ]
SQL: SELECT * FROM `fanwe_nav` ORDER BY sort  [ RunTime:0.002639s ]
SQL: SHOW COLUMNS FROM `fanwe_deal_cate` [ RunTime:0.004643s ]
SQL: SELECT * FROM `fanwe_deal_cate` ORDER BY id  [ RunTime:0.008494s ]
SQL: SHOW COLUMNS FROM `fanwe_news` [ RunTime:0.011850s ]
SQL: SELECT * FROM `fanwe_news` WHERE ( `id` = 27 ) LIMIT 1   [ RunTime:0.001393s ]
INFO: [ view_parse ] --START--
NOTIC: [8] Undefined index: uid /webHome/LFWZ000390/www/zc/Zc/Runtime/Cache/012cdf2fa3ba4152d6d6173485c32ca8.php 第 95 行.
NOTIC: [8] Use of undefined constant id - assumed 'id' /webHome/LFWZ000390/www/zc/Zc/Runtime/Cache/012cdf2fa3ba4152d6d6173485c32ca8.php 第 129 行.
SQL: SELECT * FROM `fanwe_news` WHERE ( `id` < '27' ) LIMIT 1   [ RunTime:0.001887s ]
SQL: SELECT * FROM `fanwe_news` WHERE ( `id` > '27' ) LIMIT 1   [ RunTime:0.001250s ]
INFO: ParseTemplate Behavior ::run [ RunTime:0.041853s ]
INFO: [ view_parse ] --END-- [ RunTime:0.041992s ]
INFO: [ view_filter ] --START--
INFO: ContentReplace Behavior ::run [ RunTime:0.002314s ]
INFO: TokenBuild Behavior ::run [ RunTime:0.000412s ]
INFO: WriteHtmlCache Behavior ::run [ RunTime:0.000363s ]
INFO: ShowRuntime Behavior ::run [ RunTime:0.000400s ]
INFO: [ view_filter ] --END-- [ RunTime:0.003815s ]
INFO: [ view_end ] --START--
INFO: ShowPageTrace Behavior ::run [ RunTime:0.000382s ]
INFO: [ view_end ] --END-- [ RunTime:0.000472s ]

[ 2015-06-24T03:16:50+08:00 ] 66.249.64.196 /zc/
INFO: [ app_begin ] --START--
INFO: ReadHtmlCache Behavior ::run [ RunTime:0.000647s ]
INFO: [ app_begin ] --END-- [ RunTime:0.000781s ]
SQL: SHOW COLUMNS FROM `fanwe_nav` [ RunTime:0.004009s ]
SQL: SELECT * FROM `fanwe_nav` ORDER BY sort  [ RunTime:0.005754s ]
SQL: SHOW COLUMNS FROM `fanwe_deal_cate` [ RunTime:0.006736s ]
SQL: SELECT * FROM `fanwe_deal_cate` ORDER BY id  [ RunTime:0.006982s ]
SQL: SHOW COLUMNS FROM `fanwe_showindex` [ RunTime:0.002455s ]
SQL: SELECT * FROM `fanwe_showindex`  [ RunTime:0.002264s ]
SQL: SHOW COLUMNS FROM `fanwe_deal` [ RunTime:0.013524s ]
SQL: SELECT id,name,image,end_time,limit_price,brief,support_amount,user_name,user_id,province,city,index_img FROM `fanwe_deal` WHERE ( `is_effect` = 1 ) ORDER BY sort desc,id desc LIMIT 0,7   [ RunTime:0.003250s ]
INFO: [ view_parse ] --START--
NOTIC: [8] Undefined index: uid /webHome/LFWZ000390/www/zc/Zc/Runtime/Cache/cc5c2cb31be8fd046a7cb83177e081f6.php 第 67 行.
INFO: ParseTemplate Behavior ::run [ RunTime:0.051548s ]
INFO: [ view_parse ] --END-- [ RunTime:0.051682s ]
INFO: [ view_filter ] --START--
INFO: ContentReplace Behavior ::run [ RunTime:0.000654s ]
INFO: TokenBuild Behavior ::run [ RunTime:0.000621s ]
INFO: WriteHtmlCache Behavior ::run [ RunTime:0.000375s ]
INFO: ShowRuntime Behavior ::run [ RunTime:0.000581s ]
INFO: [ view_filter ] --END-- [ RunTime:0.002505s ]
INFO: [ view_end ] --START--
INFO: ShowPageTrace Behavior ::run [ RunTime:0.000423s ]
INFO: [ view_end ] --END-- [ RunTime:0.000513s ]

[ 2015-06-24T03:23:24+08:00 ] 66.249.64.206 /zc/
INFO: [ app_begin ] --START--
INFO: ReadHtmlCache Behavior ::run [ RunTime:0.000400s ]
INFO: [ app_begin ] --END-- [ RunTime:0.000525s ]
SQL: SHOW COLUMNS FROM `fanwe_nav` [ RunTime:0.002323s ]
SQL: SELECT * FROM `fanwe_nav` ORDER BY sort  [ RunTime:0.003320s ]
SQL: SHOW COLUMNS FROM `fanwe_deal_cate` [ RunTime:0.002867s ]
SQL: SELECT * FROM `fanwe_deal_cate` ORDER BY id  [ RunTime:0.002295s ]
SQL: SHOW COLUMNS FROM `fanwe_showindex` [ RunTime:0.002805s ]
SQL: SELECT * FROM `fanwe_showindex`  [ RunTime:0.001963s ]
SQL: SHOW COLUMNS FROM `fanwe_deal` [ RunTime:0.007965s ]
SQL: SELECT id,name,image,end_time,limit_price,brief,support_amount,user_name,user_id,province,city,index_img FROM `fanwe_deal` WHERE ( `is_effect` = 1 ) ORDER BY sort desc,id desc LIMIT 0,7   [ RunTime:0.002837s ]
INFO: [ view_parse ] --START--
NOTIC: [8] Undefined index: uid /webHome/LFWZ000390/www/zc/Zc/Runtime/Cache/cc5c2cb31be8fd046a7cb83177e081f6.php 第 67 行.
INFO: ParseTemplate Behavior ::run [ RunTime:0.054440s ]
INFO: [ view_parse ] --END-- [ RunTime:0.054588s ]
INFO: [ view_filter ] --START--
INFO: ContentReplace Behavior ::run [ RunTime:0.001824s ]
INFO: TokenBuild Behavior ::run [ RunTime:0.000554s ]
INFO: WriteHtmlCache Behavior ::run [ RunTime:0.000504s ]
INFO: ShowRuntime Behavior ::run [ RunTime:0.000468s ]
INFO: [ view_filter ] --END-- [ RunTime:0.004780s ]
INFO: [ view_end ] --START--
INFO: ShowPageTrace Behavior ::run [ RunTime:0.000490s ]
INFO: [ view_end ] --END-- [ RunTime:0.000616s ]

[ 2015-06-24T08:02:47+08:00 ] 66.249.64.201 /zc/
INFO: [ app_begin ] --START--
INFO: ReadHtmlCache Behavior ::run [ RunTime:0.000529s ]
INFO: [ app_begin ] --END-- [ RunTime:0.000710s ]
SQL: SHOW COLUMNS FROM `fanwe_nav` [ RunTime:0.003699s ]
SQL: SELECT * FROM `fanwe_nav` ORDER BY sort  [ RunTime:0.001513s ]
SQL: SHOW COLUMNS FROM `fanwe_deal_cate` [ RunTime:0.004799s ]
SQL: SELECT * FROM `fanwe_deal_cate` ORDER BY id  [ RunTime:0.001861s ]
SQL: SHOW COLUMNS FROM `fanwe_showindex` [ RunTime:0.003784s ]
SQL: SELECT * FROM `fanwe_showindex`  [ RunTime:0.002319s ]
SQL: SHOW COLUMNS FROM `fanwe_deal` [ RunTime:0.006153s ]
SQL: SELECT id,name,image,end_time,limit_price,brief,support_amount,user_name,user_id,province,city,index_img FROM `fanwe_deal` WHERE ( `is_effect` = 1 ) ORDER BY sort desc,id desc LIMIT 0,7   [ RunTime:0.007821s ]
INFO: [ view_parse ] --START--
NOTIC: [8] Undefined index: uid /webHome/LFWZ000390/www/zc/Zc/Runtime/Cache/cc5c2cb31be8fd046a7cb83177e081f6.php 第 67 行.
INFO: ParseTemplate Behavior ::run [ RunTime:0.041142s ]
INFO: [ view_parse ] --END-- [ RunTime:0.041268s ]
INFO: [ view_filter ] --START--
INFO: ContentReplace Behavior ::run [ RunTime:0.003158s ]
INFO: TokenBuild Behavior ::run [ RunTime:0.000532s ]
INFO: WriteHtmlCache Behavior ::run [ RunTime:0.002193s ]
INFO: ShowRuntime Behavior ::run [ RunTime:0.004409s ]
INFO: [ view_filter ] --END-- [ RunTime:0.010879s ]
INFO: [ view_end ] --START--
INFO: ShowPageTrace Behavior ::run [ RunTime:0.000970s ]
INFO: [ view_end ] --END-- [ RunTime:0.001181s ]

[ 2015-06-24T09:07:22+08:00 ] 66.249.64.201 /zc/
INFO: [ app_begin ] --START--
INFO: ReadHtmlCache Behavior ::run [ RunTime:0.000425s ]
INFO: [ app_begin ] --END-- [ RunTime:0.000551s ]

[ 2015-06-24T13:31:40+08:00 ] 66.249.64.206 /zc/
INFO: [ app_begin ] --START--
INFO: ReadHtmlCache Behavior ::run [ RunTime:0.000454s ]
INFO: [ app_begin ] --END-- [ RunTime:0.008487s ]
SQL: SHOW COLUMNS FROM `fanwe_nav` [ RunTime:0.007121s ]
SQL: SELECT * FROM `fanwe_nav` ORDER BY sort  [ RunTime:0.001374s ]
SQL: SHOW COLUMNS FROM `fanwe_deal_cate` [ RunTime:0.003178s ]
SQL: SELECT * FROM `fanwe_deal_cate` ORDER BY id  [ RunTime:0.001642s ]
SQL: SHOW COLUMNS FROM `fanwe_showindex` [ RunTime:0.002948s ]
SQL: SELECT * FROM `fanwe_showindex`  [ RunTime:0.001407s ]
SQL: SHOW COLUMNS FROM `fanwe_deal` [ RunTime:0.007011s ]
SQL: SELECT id,name,image,end_time,limit_price,brief,support_amount,user_name,user_id,province,city,index_img FROM `fanwe_deal` WHERE ( `is_effect` = 1 ) ORDER BY sort desc,id desc LIMIT 0,7   [ RunTime:0.003045s ]
INFO: [ view_parse ] --START--
NOTIC: [8] Undefined index: uid /webHome/LFWZ000390/www/zc/Zc/Runtime/Cache/cc5c2cb31be8fd046a7cb83177e081f6.php 第 67 行.
INFO: ParseTemplate Behavior ::run [ RunTime:0.059711s ]
INFO: [ view_parse ] --END-- [ RunTime:0.059866s ]
INFO: [ view_filter ] --START--
INFO: ContentReplace Behavior ::run [ RunTime:0.000826s ]
INFO: TokenBuild Behavior ::run [ RunTime:0.001259s ]
INFO: WriteHtmlCache Behavior ::run [ RunTime:0.000394s ]
INFO: ShowRuntime Behavior ::run [ RunTime:0.006428s ]
INFO: [ view_filter ] --END-- [ RunTime:0.009388s ]
INFO: [ view_end ] --START--
INFO: ShowPageTrace Behavior ::run [ RunTime:0.000422s ]
INFO: [ view_end ] --END-- [ RunTime:0.000578s ]

[ 2015-06-24T13:57:44+08:00 ] 118.144.89.1 /zc/
INFO: [ app_begin ] --START--
INFO: ReadHtmlCache Behavior ::run [ RunTime:0.000559s ]
INFO: [ app_begin ] --END-- [ RunTime:0.000736s ]
SQL: SHOW COLUMNS FROM `fanwe_nav` [ RunTime:0.003070s ]
SQL: SELECT * FROM `fanwe_nav` ORDER BY sort  [ RunTime:0.001947s ]
SQL: SHOW COLUMNS FROM `fanwe_deal_cate` [ RunTime:0.002586s ]
SQL: SELECT * FROM `fanwe_deal_cate` ORDER BY id  [ RunTime:0.002067s ]
SQL: SHOW COLUMNS FROM `fanwe_showindex` [ RunTime:0.003268s ]
SQL: SELECT * FROM `fanwe_showindex`  [ RunTime:0.002326s ]
SQL: SHOW COLUMNS FROM `fanwe_deal` [ RunTime:0.003676s ]
SQL: SELECT id,name,image,end_time,limit_price,brief,support_amount,user_name,user_id,province,city,index_img FROM `fanwe_deal` WHERE ( `is_effect` = 1 ) ORDER BY sort desc,id desc LIMIT 0,7   [ RunTime:0.004338s ]
INFO: [ view_parse ] --START--
NOTIC: [8] Undefined index: uid /webHome/LFWZ000390/www/zc/Zc/Runtime/Cache/cc5c2cb31be8fd046a7cb83177e081f6.php 第 67 行.
INFO: ParseTemplate Behavior ::run [ RunTime:0.025485s ]
INFO: [ view_parse ] --END-- [ RunTime:0.025666s ]
INFO: [ view_filter ] --START--
INFO: ContentReplace Behavior ::run [ RunTime:0.000627s ]
INFO: TokenBuild Behavior ::run [ RunTime:0.002371s ]
INFO: WriteHtmlCache Behavior ::run [ RunTime:0.000368s ]
INFO: ShowRuntime Behavior ::run [ RunTime:0.000664s ]
INFO: [ view_filter ] --END-- [ RunTime:0.004441s ]
INFO: [ view_end ] --START--
INFO: ShowPageTrace Behavior ::run [ RunTime:0.002275s ]
INFO: [ view_end ] --END-- [ RunTime:0.002513s ]

[ 2015-06-24T13:57:46+08:00 ] 118.144.89.1 /zc/
INFO: [ app_begin ] --START--
INFO: ReadHtmlCache Behavior ::run [ RunTime:0.004126s ]
INFO: [ app_begin ] --END-- [ RunTime:0.004359s ]
SQL: SHOW COLUMNS FROM `fanwe_nav` [ RunTime:0.001490s ]
SQL: SELECT * FROM `fanwe_nav` ORDER BY sort  [ RunTime:0.002215s ]
SQL: SHOW COLUMNS FROM `fanwe_deal_cate` [ RunTime:0.002354s ]
SQL: SELECT * FROM `fanwe_deal_cate` ORDER BY id  [ RunTime:0.002068s ]
SQL: SHOW COLUMNS FROM `fanwe_showindex` [ RunTime:0.011171s ]
SQL: SELECT * FROM `fanwe_showindex`  [ RunTime:0.001789s ]
SQL: SHOW COLUMNS FROM `fanwe_deal` [ RunTime:0.006862s ]
SQL: SELECT id,name,image,end_time,limit_price,brief,support_amount,user_name,user_id,province,city,index_img FROM `fanwe_deal` WHERE ( `is_effect` = 1 ) ORDER BY sort desc,id desc LIMIT 0,7   [ RunTime:0.004073s ]
INFO: [ view_parse ] --START--
NOTIC: [8] Undefined index: uid /webHome/LFWZ000390/www/zc/Zc/Runtime/Cache/cc5c2cb31be8fd046a7cb83177e081f6.php 第 67 行.
INFO: ParseTemplate Behavior ::run [ RunTime:0.047114s ]
INFO: [ view_parse ] --END-- [ RunTime:0.048505s ]
INFO: [ view_filter ] --START--
INFO: ContentReplace Behavior ::run [ RunTime:0.000633s ]
INFO: TokenBuild Behavior ::run [ RunTime:0.000478s ]
INFO: WriteHtmlCache Behavior ::run [ RunTime:0.000372s ]
INFO: ShowRuntime Behavior ::run [ RunTime:0.000292s ]
INFO: [ view_filter ] --END-- [ RunTime:0.002021s ]
INFO: [ view_end ] --START--
INFO: ShowPageTrace Behavior ::run [ RunTime:0.000296s ]
INFO: [ view_end ] --END-- [ RunTime:0.000363s ]

[ 2015-06-24T14:14:41+08:00 ] 66.249.64.196 /zc/index.php?m=News&a=html&id=27
INFO: [ app_begin ] --START--
INFO: ReadHtmlCache Behavior ::run [ RunTime:0.000847s ]
INFO: [ app_begin ] --END-- [ RunTime:0.000985s ]

[ 2015-06-24T14:34:55+08:00 ] 101.226.66.172 /zc/
INFO: [ app_begin ] --START--
INFO: ReadHtmlCache Behavior ::run [ RunTime:0.000522s ]
INFO: [ app_begin ] --END-- [ RunTime:0.000661s ]

[ 2015-06-24T14:34:56+08:00 ] 111.199.74.32 /zc/
INFO: [ app_begin ] --START--
INFO: ReadHtmlCache Behavior ::run [ RunTime:0.000448s ]
INFO: [ app_begin ] --END-- [ RunTime:0.000579s ]
SQL: SHOW COLUMNS FROM `fanwe_nav` [ RunTime:0.003552s ]
SQL: SELECT * FROM `fanwe_nav` ORDER BY sort  [ RunTime:0.002025s ]
SQL: SHOW COLUMNS FROM `fanwe_deal_cate` [ RunTime:0.002165s ]
SQL: SELECT * FROM `fanwe_deal_cate` ORDER BY id  [ RunTime:0.006608s ]
SQL: SHOW COLUMNS FROM `fanwe_showindex` [ RunTime:0.003481s ]
SQL: SELECT * FROM `fanwe_showindex`  [ RunTime:0.002550s ]
SQL: SHOW COLUMNS FROM `fanwe_deal` [ RunTime:0.005057s ]
SQL: SELECT id,name,image,end_time,limit_price,brief,support_amount,user_name,user_id,province,city,index_img FROM `fanwe_deal` WHERE ( `is_effect` = 1 ) ORDER BY sort desc,id desc LIMIT 0,7   [ RunTime:0.002910s ]
INFO: [ view_parse ] --START--
NOTIC: [8] Undefined index: uid /webHome/LFWZ000390/www/zc/Zc/Runtime/Cache/cc5c2cb31be8fd046a7cb83177e081f6.php 第 67 行.
INFO: ParseTemplate Behavior ::run [ RunTime:0.056359s ]
INFO: [ view_parse ] --END-- [ RunTime:0.056506s ]
INFO: [ view_filter ] --START--
INFO: ContentReplace Behavior ::run [ RunTime:0.000735s ]
INFO: TokenBuild Behavior ::run [ RunTime:0.000574s ]
INFO: WriteHtmlCache Behavior ::run [ RunTime:0.000419s ]
INFO: ShowRuntime Behavior ::run [ RunTime:0.006596s ]
INFO: [ view_filter ] --END-- [ RunTime:0.008632s ]
INFO: [ view_end ] --START--
INFO: ShowPageTrace Behavior ::run [ RunTime:0.000571s ]
INFO: [ view_end ] --END-- [ RunTime:0.000655s ]

[ 2015-06-24T14:35:19+08:00 ] 111.199.74.32 /zc/index.php?m=Index&a=index
INFO: [ app_begin ] --START--
INFO: ReadHtmlCache Behavior ::run [ RunTime:0.000455s ]
INFO: [ app_begin ] --END-- [ RunTime:0.000604s ]
SQL: SHOW COLUMNS FROM `fanwe_nav` [ RunTime:0.002469s ]
SQL: SELECT * FROM `fanwe_nav` ORDER BY sort  [ RunTime:0.002526s ]
SQL: SHOW COLUMNS FROM `fanwe_deal_cate` [ RunTime:0.005401s ]
SQL: SELECT * FROM `fanwe_deal_cate` ORDER BY id  [ RunTime:0.002895s ]
SQL: SHOW COLUMNS FROM `fanwe_showindex` [ RunTime:0.009683s ]
SQL: SELECT * FROM `fanwe_showindex`  [ RunTime:0.002330s ]
SQL: SHOW COLUMNS FROM `fanwe_deal` [ RunTime:0.003091s ]
SQL: SELECT id,name,image,end_time,limit_price,brief,support_amount,user_name,user_id,province,city,index_img FROM `fanwe_deal` WHERE ( `is_effect` = 1 ) ORDER BY sort desc,id desc LIMIT 0,7   [ RunTime:0.001832s ]
INFO: [ view_parse ] --START--
NOTIC: [8] Undefined index: uid /webHome/LFWZ000390/www/zc/Zc/Runtime/Cache/cc5c2cb31be8fd046a7cb83177e081f6.php 第 67 行.
INFO: ParseTemplate Behavior ::run [ RunTime:0.035753s ]
INFO: [ view_parse ] --END-- [ RunTime:0.035884s ]
INFO: [ view_filter ] --START--
INFO: ContentReplace Behavior ::run [ RunTime:0.001840s ]
INFO: TokenBuild Behavior ::run [ RunTime:0.001278s ]
INFO: WriteHtmlCache Behavior ::run [ RunTime:0.000473s ]
INFO: ShowRuntime Behavior ::run [ RunTime:0.002761s ]
INFO: [ view_filter ] --END-- [ RunTime:0.007080s ]
INFO: [ view_end ] --START--
INFO: ShowPageTrace Behavior ::run [ RunTime:0.000482s ]
INFO: [ view_end ] --END-- [ RunTime:0.000577s ]

[ 2015-06-24T14:35:43+08:00 ] 180.153.206.33 /zc/index.php?m=Deals&a=index
INFO: [ app_begin ] --START--
INFO: ReadHtmlCache Behavior ::run [ RunTime:0.000595s ]
INFO: [ app_begin ] --END-- [ RunTime:0.000874s ]

[ 2015-06-24T14:35:44+08:00 ] 111.199.74.32 /zc/index.php?m=Index&a=index
INFO: [ app_begin ] --START--
INFO: ReadHtmlCache Behavior ::run [ RunTime:0.000451s ]
INFO: [ app_begin ] --END-- [ RunTime:0.000578s ]
SQL: SHOW COLUMNS FROM `fanwe_nav` [ RunTime:0.003225s ]
SQL: SELECT * FROM `fanwe_nav` ORDER BY sort  [ RunTime:0.002543s ]
SQL: SHOW COLUMNS FROM `fanwe_deal_cate` [ RunTime:0.003911s ]
SQL: SELECT * FROM `fanwe_deal_cate` ORDER BY id  [ RunTime:0.001792s ]
SQL: SHOW COLUMNS FROM `fanwe_showindex` [ RunTime:0.004018s ]
SQL: SELECT * FROM `fanwe_showindex`  [ RunTime:0.001116s ]
SQL: SHOW COLUMNS FROM `fanwe_deal` [ RunTime:0.004856s ]
SQL: SELECT id,name,image,end_time,limit_price,brief,support_amount,user_name,user_id,province,city,index_img FROM `fanwe_deal` WHERE ( `is_effect` = 1 ) ORDER BY sort desc,id desc LIMIT 0,7   [ RunTime:0.004269s ]
INFO: [ view_parse ] --START--
NOTIC: [8] Undefined index: uid /webHome/LFWZ000390/www/zc/Zc/Runtime/Cache/cc5c2cb31be8fd046a7cb83177e081f6.php 第 67 行.
INFO: ParseTemplate Behavior ::run [ RunTime:0.051741s ]
INFO: [ view_parse ] --END-- [ RunTime:0.051871s ]
INFO: [ view_filter ] --START--
INFO: ContentReplace Behavior ::run [ RunTime:0.000694s ]
INFO: TokenBuild Behavior ::run [ RunTime:0.000419s ]
INFO: WriteHtmlCache Behavior ::run [ RunTime:0.000478s ]
INFO: ShowRuntime Behavior ::run [ RunTime:0.009759s ]
INFO: [ view_filter ] --END-- [ RunTime:0.012376s ]
INFO: [ view_end ] --START--
INFO: ShowPageTrace Behavior ::run [ RunTime:0.000747s ]
INFO: [ view_end ] --END-- [ RunTime:0.000931s ]

[ 2015-06-24T14:35:45+08:00 ] 111.199.74.32 /zc/index.php?m=Deals&a=index
INFO: [ app_begin ] --START--
INFO: ReadHtmlCache Behavior ::run [ RunTime:0.010482s ]
INFO: [ app_begin ] --END-- [ RunTime:0.010870s ]
SQL: SHOW COLUMNS FROM `fanwe_nav` [ RunTime:0.001727s ]
SQL: SELECT * FROM `fanwe_nav` ORDER BY sort  [ RunTime:0.001726s ]
SQL: SHOW COLUMNS FROM `fanwe_deal_cate` [ RunTime:0.003307s ]
SQL: SELECT * FROM `fanwe_deal_cate` ORDER BY id  [ RunTime:0.002215s ]
NOTIC: [8] Undefined index: uid /webHome/LFWZ000390/www/zc/Zc/Lib/Action/DealsAction.class.php 第 18 行.

[ 2015-06-24T14:35:47+08:00 ] 111.199.74.32 /zc/index.php?m=User&a=login
INFO: [ app_begin ] --START--
INFO: ReadHtmlCache Behavior ::run [ RunTime:0.000471s ]
INFO: [ app_begin ] --END-- [ RunTime:0.000627s ]
SQL: SHOW COLUMNS FROM `fanwe_nav` [ RunTime:0.002682s ]
SQL: SELECT * FROM `fanwe_nav` ORDER BY sort  [ RunTime:0.009280s ]
SQL: SHOW COLUMNS FROM `fanwe_deal_cate` [ RunTime:0.008103s ]
SQL: SELECT * FROM `fanwe_deal_cate` ORDER BY id  [ RunTime:0.002343s ]
INFO: [ view_parse ] --START--
NOTIC: [8] Undefined index: uid /webHome/LFWZ000390/www/zc/Zc/Runtime/Cache/42b90be8e9c40e58e803cfb6a2f683e9.php 第 73 行.
INFO: ParseTemplate Behavior ::run [ RunTime:0.041355s ]
INFO: [ view_parse ] --END-- [ RunTime:0.041585s ]
INFO: [ view_filter ] --START--
INFO: ContentReplace Behavior ::run [ RunTime:0.000664s ]
INFO: TokenBuild Behavior ::run [ RunTime:0.000600s ]
INFO: WriteHtmlCache Behavior ::run [ RunTime:0.000340s ]
INFO: ShowRuntime Behavior ::run [ RunTime:0.010339s ]
INFO: [ view_filter ] --END-- [ RunTime:0.012255s ]
INFO: [ view_end ] --START--
INFO: ShowPageTrace Behavior ::run [ RunTime:0.003477s ]
INFO: [ view_end ] --END-- [ RunTime:0.003709s ]

[ 2015-06-24T14:35:49+08:00 ] 111.199.74.32 /zc/index.php?m=Deals&a=rec
INFO: [ app_begin ] --START--
INFO: ReadHtmlCache Behavior ::run [ RunTime:0.000537s ]
INFO: [ app_begin ] --END-- [ RunTime:0.000664s ]
SQL: SHOW COLUMNS FROM `fanwe_nav` [ RunTime:0.014566s ]
SQL: SELECT * FROM `fanwe_nav` ORDER BY sort  [ RunTime:0.002622s ]
SQL: SHOW COLUMNS FROM `fanwe_deal_cate` [ RunTime:0.002558s ]
SQL: SELECT * FROM `fanwe_deal_cate` ORDER BY id  [ RunTime:0.002072s ]
NOTIC: [8] Undefined index: uid /webHome/LFWZ000390/www/zc/Zc/Lib/Action/DealsAction.class.php 第 43 行.

[ 2015-06-24T14:35:50+08:00 ] 111.199.74.32 /zc/index.php?m=User&a=login
INFO: [ app_begin ] --START--
INFO: ReadHtmlCache Behavior ::run [ RunTime:0.000578s ]
INFO: [ app_begin ] --END-- [ RunTime:0.003154s ]
SQL: SHOW COLUMNS FROM `fanwe_nav` [ RunTime:0.008556s ]
SQL: SELECT * FROM `fanwe_nav` ORDER BY sort  [ RunTime:0.004768s ]
SQL: SHOW COLUMNS FROM `fanwe_deal_cate` [ RunTime:0.003102s ]
SQL: SELECT * FROM `fanwe_deal_cate` ORDER BY id  [ RunTime:0.002723s ]
INFO: [ view_parse ] --START--
NOTIC: [8] Undefined index: uid /webHome/LFWZ000390/www/zc/Zc/Runtime/Cache/42b90be8e9c40e58e803cfb6a2f683e9.php 第 73 行.
INFO: ParseTemplate Behavior ::run [ RunTime:0.046802s ]
INFO: [ view_parse ] --END-- [ RunTime:0.047030s ]
INFO: [ view_filter ] --START--
INFO: ContentReplace Behavior ::run [ RunTime:0.000627s ]
INFO: TokenBuild Behavior ::run [ RunTime:0.000517s ]
INFO: WriteHtmlCache Behavior ::run [ RunTime:0.000361s ]
INFO: ShowRuntime Behavior ::run [ RunTime:0.000452s ]
INFO: [ view_filter ] --END-- [ RunTime:0.002224s ]
INFO: [ view_end ] --START--
INFO: ShowPageTrace Behavior ::run [ RunTime:0.002932s ]
INFO: [ view_end ] --END-- [ RunTime:0.003106s ]

[ 2015-06-24T14:36:53+08:00 ] 111.199.74.32 /zc/index.php?m=Index&a=index
INFO: [ app_begin ] --START--
INFO: ReadHtmlCache Behavior ::run [ RunTime:0.000435s ]
INFO: [ app_begin ] --END-- [ RunTime:0.000570s ]
SQL: SHOW COLUMNS FROM `fanwe_nav` [ RunTime:0.003873s ]
SQL: SELECT * FROM `fanwe_nav` ORDER BY sort  [ RunTime:0.002155s ]
SQL: SHOW COLUMNS FROM `fanwe_deal_cate` [ RunTime:0.004161s ]
SQL: SELECT * FROM `fanwe_deal_cate` ORDER BY id  [ RunTime:0.003824s ]
SQL: SHOW COLUMNS FROM `fanwe_showindex` [ RunTime:0.005324s ]
SQL: SELECT * FROM `fanwe_showindex`  [ RunTime:0.002554s ]
SQL: SHOW COLUMNS FROM `fanwe_deal` [ RunTime:0.006684s ]
SQL: SELECT id,name,image,end_time,limit_price,brief,support_amount,user_name,user_id,province,city,index_img FROM `fanwe_deal` WHERE ( `is_effect` = 1 ) ORDER BY sort desc,id desc LIMIT 0,7   [ RunTime:0.002180s ]
INFO: [ view_parse ] --START--
NOTIC: [8] Undefined index: uid /webHome/LFWZ000390/www/zc/Zc/Runtime/Cache/cc5c2cb31be8fd046a7cb83177e081f6.php 第 67 行.
INFO: ParseTemplate Behavior ::run [ RunTime:0.060553s ]
INFO: [ view_parse ] --END-- [ RunTime:0.060690s ]
INFO: [ view_filter ] --START--
INFO: ContentReplace Behavior ::run [ RunTime:0.000952s ]
INFO: TokenBuild Behavior ::run [ RunTime:0.000961s ]
INFO: WriteHtmlCache Behavior ::run [ RunTime:0.000943s ]
INFO: ShowRuntime Behavior ::run [ RunTime:0.000508s ]
INFO: [ view_filter ] --END-- [ RunTime:0.005516s ]
INFO: [ view_end ] --START--
INFO: ShowPageTrace Behavior ::run [ RunTime:0.000400s ]
INFO: [ view_end ] --END-- [ RunTime:0.000634s ]

[ 2015-06-24T14:37:02+08:00 ] 111.199.74.32 /zc/index.php?m=Deals&a=rec
INFO: [ app_begin ] --START--
INFO: ReadHtmlCache Behavior ::run [ RunTime:0.000443s ]
INFO: [ app_begin ] --END-- [ RunTime:0.000572s ]
SQL: SHOW COLUMNS FROM `fanwe_nav` [ RunTime:0.004123s ]
SQL: SELECT * FROM `fanwe_nav` ORDER BY sort  [ RunTime:0.007019s ]
SQL: SHOW COLUMNS FROM `fanwe_deal_cate` [ RunTime:0.015446s ]
SQL: SELECT * FROM `fanwe_deal_cate` ORDER BY id  [ RunTime:0.001331s ]
NOTIC: [8] Undefined index: uid /webHome/LFWZ000390/www/zc/Zc/Lib/Action/DealsAction.class.php 第 43 行.

[ 2015-06-24T14:37:02+08:00 ] 111.199.74.32 /zc/index.php?m=User&a=login
INFO: [ app_begin ] --START--
INFO: ReadHtmlCache Behavior ::run [ RunTime:0.000506s ]
INFO: [ app_begin ] --END-- [ RunTime:0.000852s ]
SQL: SHOW COLUMNS FROM `fanwe_nav` [ RunTime:0.002733s ]
SQL: SELECT * FROM `fanwe_nav` ORDER BY sort  [ RunTime:0.002028s ]
SQL: SHOW COLUMNS FROM `fanwe_deal_cate` [ RunTime:0.002576s ]
SQL: SELECT * FROM `fanwe_deal_cate` ORDER BY id  [ RunTime:0.003006s ]
INFO: [ view_parse ] --START--
NOTIC: [8] Undefined index: uid /webHome/LFWZ000390/www/zc/Zc/Runtime/Cache/42b90be8e9c40e58e803cfb6a2f683e9.php 第 73 行.
INFO: ParseTemplate Behavior ::run [ RunTime:0.023330s ]
INFO: [ view_parse ] --END-- [ RunTime:0.023460s ]
INFO: [ view_filter ] --START--
INFO: ContentReplace Behavior ::run [ RunTime:0.000731s ]
INFO: TokenBuild Behavior ::run [ RunTime:0.000884s ]
INFO: WriteHtmlCache Behavior ::run [ RunTime:0.000417s ]
INFO: ShowRuntime Behavior ::run [ RunTime:0.000545s ]
INFO: [ view_filter ] --END-- [ RunTime:0.002881s ]
INFO: [ view_end ] --START--
INFO: ShowPageTrace Behavior ::run [ RunTime:0.000603s ]
INFO: [ view_end ] --END-- [ RunTime:0.000697s ]

[ 2015-06-24T14:37:07+08:00 ] 111.199.74.32 /zc/index.php?m=News&a=index
INFO: [ app_begin ] --START--
INFO: ReadHtmlCache Behavior ::run [ RunTime:0.001559s ]
INFO: [ app_begin ] --END-- [ RunTime:0.018448s ]
SQL: SHOW COLUMNS FROM `fanwe_nav` [ RunTime:0.003079s ]
SQL: SELECT * FROM `fanwe_nav` ORDER BY sort  [ RunTime:0.008190s ]
SQL: SHOW COLUMNS FROM `fanwe_deal_cate` [ RunTime:0.003941s ]
SQL: SELECT * FROM `fanwe_deal_cate` ORDER BY id  [ RunTime:0.004434s ]
SQL: SHOW COLUMNS FROM `fanwe_news` [ RunTime:0.003598s ]
SQL: SELECT COUNT(*) AS tp_count FROM `fanwe_news` WHERE ( `enable` = 1 ) LIMIT 1   [ RunTime:0.002045s ]
SQL: SELECT COUNT(*) AS tp_count FROM `fanwe_news` WHERE ( `enable` = 1 ) LIMIT 1   [ RunTime:0.002594s ]
SQL: SELECT * FROM `fanwe_news` ORDER BY addtime desc,rec desc LIMIT 0,10   [ RunTime:0.005800s ]
INFO: [ view_parse ] --START--
SQL: SHOW COLUMNS FROM `fanwe_conf` [ RunTime:0.002672s ]
SQL: SELECT `value` FROM `fanwe_conf` WHERE ( `name` = 'SEO_TITLE' ) LIMIT 1   [ RunTime:0.002644s ]
NOTIC: [8] Undefined index: uid /webHome/LFWZ000390/www/zc/Zc/Runtime/Cache/93be05964b36457006025cdbe2606e6a.php 第 103 行.
INFO: ParseTemplate Behavior ::run [ RunTime:0.050651s ]
INFO: [ view_parse ] --END-- [ RunTime:0.050857s ]
INFO: [ view_filter ] --START--
INFO: ContentReplace Behavior ::run [ RunTime:0.000707s ]
INFO: TokenBuild Behavior ::run [ RunTime:0.000427s ]
INFO: WriteHtmlCache Behavior ::run [ RunTime:0.000324s ]
INFO: ShowRuntime Behavior ::run [ RunTime:0.000467s ]
INFO: [ view_filter ] --END-- [ RunTime:0.002220s ]
INFO: [ view_end ] --START--
INFO: ShowPageTrace Behavior ::run [ RunTime:0.000362s ]
INFO: [ view_end ] --END-- [ RunTime:0.000450s ]

[ 2015-06-24T14:41:15+08:00 ] 111.199.74.32 /zc/
INFO: [ app_begin ] --START--
INFO: ReadHtmlCache Behavior ::run [ RunTime:0.000484s ]
INFO: [ app_begin ] --END-- [ RunTime:0.000645s ]
SQL: SHOW COLUMNS FROM `fanwe_nav` [ RunTime:0.004118s ]
SQL: SELECT * FROM `fanwe_nav` ORDER BY sort  [ RunTime:0.004220s ]
SQL: SHOW COLUMNS FROM `fanwe_deal_cate` [ RunTime:0.004502s ]
SQL: SELECT * FROM `fanwe_deal_cate` ORDER BY id  [ RunTime:0.002253s ]
SQL: SHOW COLUMNS FROM `fanwe_showindex` [ RunTime:0.005352s ]
SQL: SELECT * FROM `fanwe_showindex`  [ RunTime:0.003311s ]
SQL: SHOW COLUMNS FROM `fanwe_deal` [ RunTime:0.006317s ]
SQL: SELECT id,name,image,end_time,limit_price,brief,support_amount,user_name,user_id,province,city,index_img FROM `fanwe_deal` WHERE ( `is_effect` = 1 ) ORDER BY sort desc,id desc LIMIT 0,7   [ RunTime:0.004318s ]
INFO: [ view_parse ] --START--
NOTIC: [8] Undefined index: uid /webHome/LFWZ000390/www/zc/Zc/Runtime/Cache/cc5c2cb31be8fd046a7cb83177e081f6.php 第 67 行.
INFO: ParseTemplate Behavior ::run [ RunTime:0.047909s ]
INFO: [ view_parse ] --END-- [ RunTime:0.048072s ]
INFO: [ view_filter ] --START--
INFO: ContentReplace Behavior ::run [ RunTime:0.002131s ]
INFO: TokenBuild Behavior ::run [ RunTime:0.003483s ]
INFO: WriteHtmlCache Behavior ::run [ RunTime:0.000443s ]
INFO: ShowRuntime Behavior ::run [ RunTime:0.000450s ]
INFO: [ view_filter ] --END-- [ RunTime:0.007206s ]
INFO: [ view_end ] --START--
INFO: ShowPageTrace Behavior ::run [ RunTime:0.000361s ]
INFO: [ view_end ] --END-- [ RunTime:0.000443s ]

[ 2015-06-24T14:41:25+08:00 ] 111.199.74.32 /zc/index.php?m=Deals&a=index&tid=1
INFO: [ app_begin ] --START--
INFO: ReadHtmlCache Behavior ::run [ RunTime:0.000477s ]
INFO: [ app_begin ] --END-- [ RunTime:0.000708s ]
SQL: SHOW COLUMNS FROM `fanwe_nav` [ RunTime:0.003396s ]
SQL: SELECT * FROM `fanwe_nav` ORDER BY sort  [ RunTime:0.002057s ]
SQL: SHOW COLUMNS FROM `fanwe_deal_cate` [ RunTime:0.002659s ]
SQL: SELECT * FROM `fanwe_deal_cate` ORDER BY id  [ RunTime:0.002224s ]
NOTIC: [8] Undefined index: uid /webHome/LFWZ000390/www/zc/Zc/Lib/Action/DealsAction.class.php 第 18 行.

[ 2015-06-24T14:41:28+08:00 ] 111.199.74.32 /zc/index.php?m=User&a=login
INFO: [ app_begin ] --START--
INFO: ReadHtmlCache Behavior ::run [ RunTime:0.000602s ]
INFO: [ app_begin ] --END-- [ RunTime:0.000741s ]
SQL: SHOW COLUMNS FROM `fanwe_nav` [ RunTime:0.003809s ]
SQL: SELECT * FROM `fanwe_nav` ORDER BY sort  [ RunTime:0.002168s ]
SQL: SHOW COLUMNS FROM `fanwe_deal_cate` [ RunTime:0.005358s ]
SQL: SELECT * FROM `fanwe_deal_cate` ORDER BY id  [ RunTime:0.002063s ]
INFO: [ view_parse ] --START--
NOTIC: [8] Undefined index: uid /webHome/LFWZ000390/www/zc/Zc/Runtime/Cache/42b90be8e9c40e58e803cfb6a2f683e9.php 第 73 行.
INFO: ParseTemplate Behavior ::run [ RunTime:0.029111s ]
INFO: [ view_parse ] --END-- [ RunTime:0.029307s ]
INFO: [ view_filter ] --START--
INFO: ContentReplace Behavior ::run [ RunTime:0.000581s ]
INFO: TokenBuild Behavior ::run [ RunTime:0.000370s ]
INFO: WriteHtmlCache Behavior ::run [ RunTime:0.000413s ]
INFO: ShowRuntime Behavior ::run [ RunTime:0.000390s ]
INFO: [ view_filter ] --END-- [ RunTime:0.002019s ]
INFO: [ view_end ] --START--
INFO: ShowPageTrace Behavior ::run [ RunTime:0.000552s ]
INFO: [ view_end ] --END-- [ RunTime:0.000641s ]

[ 2015-06-24T14:41:35+08:00 ] 111.199.74.32 /zc/index.php?m=Deals&a=rec
INFO: [ app_begin ] --START--
INFO: ReadHtmlCache Behavior ::run [ RunTime:0.000442s ]
INFO: [ app_begin ] --END-- [ RunTime:0.000687s ]
SQL: SHOW COLUMNS FROM `fanwe_nav` [ RunTime:0.006984s ]
SQL: SELECT * FROM `fanwe_nav` ORDER BY sort  [ RunTime:0.008318s ]
SQL: SHOW COLUMNS FROM `fanwe_deal_cate` [ RunTime:0.003866s ]
SQL: SELECT * FROM `fanwe_deal_cate` ORDER BY id  [ RunTime:0.006143s ]
NOTIC: [8] Undefined index: uid /webHome/LFWZ000390/www/zc/Zc/Lib/Action/DealsAction.class.php 第 43 行.

[ 2015-06-24T14:41:35+08:00 ] 111.199.74.32 /zc/index.php?m=User&a=login
INFO: [ app_begin ] --START--
INFO: ReadHtmlCache Behavior ::run [ RunTime:0.000465s ]
INFO: [ app_begin ] --END-- [ RunTime:0.000598s ]
SQL: SHOW COLUMNS FROM `fanwe_nav` [ RunTime:0.003372s ]
SQL: SELECT * FROM `fanwe_nav` ORDER BY sort  [ RunTime:0.002449s ]
SQL: SHOW COLUMNS FROM `fanwe_deal_cate` [ RunTime:0.003887s ]
SQL: SELECT * FROM `fanwe_deal_cate` ORDER BY id  [ RunTime:0.002254s ]
INFO: [ view_parse ] --START--
NOTIC: [8] Undefined index: uid /webHome/LFWZ000390/www/zc/Zc/Runtime/Cache/42b90be8e9c40e58e803cfb6a2f683e9.php 第 73 行.
INFO: ParseTemplate Behavior ::run [ RunTime:0.020034s ]
INFO: [ view_parse ] --END-- [ RunTime:0.020186s ]
INFO: [ view_filter ] --START--
INFO: ContentReplace Behavior ::run [ RunTime:0.000605s ]
INFO: TokenBuild Behavior ::run [ RunTime:0.001000s ]
INFO: WriteHtmlCache Behavior ::run [ RunTime:0.000408s ]
INFO: ShowRuntime Behavior ::run [ RunTime:0.003361s ]
INFO: [ view_filter ] --END-- [ RunTime:0.006472s ]
INFO: [ view_end ] --START--
INFO: ShowPageTrace Behavior ::run [ RunTime:0.002929s ]
INFO: [ view_end ] --END-- [ RunTime:0.003312s ]

[ 2015-06-24T14:41:43+08:00 ] 111.199.74.32 /zc/index.php?m=News&a=index
INFO: [ app_begin ] --START--
INFO: ReadHtmlCache Behavior ::run [ RunTime:0.000687s ]
INFO: [ app_begin ] --END-- [ RunTime:0.000817s ]
SQL: SHOW COLUMNS FROM `fanwe_nav` [ RunTime:0.003186s ]
SQL: SELECT * FROM `fanwe_nav` ORDER BY sort  [ RunTime:0.005950s ]
SQL: SHOW COLUMNS FROM `fanwe_deal_cate` [ RunTime:0.004889s ]
SQL: SELECT * FROM `fanwe_deal_cate` ORDER BY id  [ RunTime:0.000767s ]
SQL: SHOW COLUMNS FROM `fanwe_news` [ RunTime:0.008797s ]
SQL: SELECT COUNT(*) AS tp_count FROM `fanwe_news` WHERE ( `enable` = 1 ) LIMIT 1   [ RunTime:0.003564s ]
SQL: SELECT COUNT(*) AS tp_count FROM `fanwe_news` WHERE ( `enable` = 1 ) LIMIT 1   [ RunTime:0.005741s ]
SQL: SELECT * FROM `fanwe_news` ORDER BY addtime desc,rec desc LIMIT 0,10   [ RunTime:0.005875s ]
INFO: [ view_parse ] --START--
SQL: SHOW COLUMNS FROM `fanwe_conf` [ RunTime:0.012403s ]
SQL: SELECT `value` FROM `fanwe_conf` WHERE ( `name` = 'SEO_TITLE' ) LIMIT 1   [ RunTime:0.002087s ]
NOTIC: [8] Undefined index: uid /webHome/LFWZ000390/www/zc/Zc/Runtime/Cache/93be05964b36457006025cdbe2606e6a.php 第 103 行.
INFO: ParseTemplate Behavior ::run [ RunTime:0.049210s ]
INFO: [ view_parse ] --END-- [ RunTime:0.049390s ]
INFO: [ view_filter ] --START--
INFO: ContentReplace Behavior ::run [ RunTime:0.000785s ]
INFO: TokenBuild Behavior ::run [ RunTime:0.000407s ]
INFO: WriteHtmlCache Behavior ::run [ RunTime:0.000487s ]
INFO: ShowRuntime Behavior ::run [ RunTime:0.000559s ]
INFO: [ view_filter ] --END-- [ RunTime:0.003703s ]
INFO: [ view_end ] --START--
INFO: ShowPageTrace Behavior ::run [ RunTime:0.000437s ]
INFO: [ view_end ] --END-- [ RunTime:0.000574s ]

[ 2015-06-24T14:42:07+08:00 ] 111.199.74.32 /zc/index.php?m=Deals&a=rec
INFO: [ app_begin ] --START--
INFO: ReadHtmlCache Behavior ::run [ RunTime:0.000393s ]
INFO: [ app_begin ] --END-- [ RunTime:0.000510s ]
SQL: SHOW COLUMNS FROM `fanwe_nav` [ RunTime:0.002537s ]
SQL: SELECT * FROM `fanwe_nav` ORDER BY sort  [ RunTime:0.001464s ]
SQL: SHOW COLUMNS FROM `fanwe_deal_cate` [ RunTime:0.001978s ]
SQL: SELECT * FROM `fanwe_deal_cate` ORDER BY id  [ RunTime:0.003508s ]
NOTIC: [8] Undefined index: uid /webHome/LFWZ000390/www/zc/Zc/Lib/Action/DealsAction.class.php 第 43 行.

[ 2015-06-24T14:42:07+08:00 ] 111.199.74.32 /zc/index.php?m=User&a=login
INFO: [ app_begin ] --START--
INFO: ReadHtmlCache Behavior ::run [ RunTime:0.000565s ]
INFO: [ app_begin ] --END-- [ RunTime:0.000697s ]
SQL: SHOW COLUMNS FROM `fanwe_nav` [ RunTime:0.006357s ]
SQL: SELECT * FROM `fanwe_nav` ORDER BY sort  [ RunTime:0.002248s ]
SQL: SHOW COLUMNS FROM `fanwe_deal_cate` [ RunTime:0.003367s ]
SQL: SELECT * FROM `fanwe_deal_cate` ORDER BY id  [ RunTime:0.002534s ]
INFO: [ view_parse ] --START--
NOTIC: [8] Undefined index: uid /webHome/LFWZ000390/www/zc/Zc/Runtime/Cache/42b90be8e9c40e58e803cfb6a2f683e9.php 第 73 行.
INFO: ParseTemplate Behavior ::run [ RunTime:0.053505s ]
INFO: [ view_parse ] --END-- [ RunTime:0.053651s ]
INFO: [ view_filter ] --START--
INFO: ContentReplace Behavior ::run [ RunTime:0.000621s ]
INFO: TokenBuild Behavior ::run [ RunTime:0.000405s ]
INFO: WriteHtmlCache Behavior ::run [ RunTime:0.000608s ]
INFO: ShowRuntime Behavior ::run [ RunTime:0.000466s ]
INFO: [ view_filter ] --END-- [ RunTime:0.002406s ]
INFO: [ view_end ] --START--
INFO: ShowPageTrace Behavior ::run [ RunTime:0.000533s ]
INFO: [ view_end ] --END-- [ RunTime:0.000735s ]

[ 2015-06-24T14:42:12+08:00 ] 111.199.74.32 /zc/index.php?m=Deals&a=index&tid=4
INFO: [ app_begin ] --START--
INFO: ReadHtmlCache Behavior ::run [ RunTime:0.000479s ]
INFO: [ app_begin ] --END-- [ RunTime:0.000642s ]
SQL: SHOW COLUMNS FROM `fanwe_nav` [ RunTime:0.003157s ]
SQL: SELECT * FROM `fanwe_nav` ORDER BY sort  [ RunTime:0.001731s ]
SQL: SHOW COLUMNS FROM `fanwe_deal_cate` [ RunTime:0.002233s ]
SQL: SELECT * FROM `fanwe_deal_cate` ORDER BY id  [ RunTime:0.002637s ]
NOTIC: [8] Undefined index: uid /webHome/LFWZ000390/www/zc/Zc/Lib/Action/DealsAction.class.php 第 18 行.

[ 2015-06-24T14:42:12+08:00 ] 111.199.74.32 /zc/index.php?m=User&a=login
INFO: [ app_begin ] --START--
INFO: ReadHtmlCache Behavior ::run [ RunTime:0.000478s ]
INFO: [ app_begin ] --END-- [ RunTime:0.000644s ]
SQL: SHOW COLUMNS FROM `fanwe_nav` [ RunTime:0.003436s ]
SQL: SELECT * FROM `fanwe_nav` ORDER BY sort  [ RunTime:0.004399s ]
SQL: SHOW COLUMNS FROM `fanwe_deal_cate` [ RunTime:0.002411s ]
SQL: SELECT * FROM `fanwe_deal_cate` ORDER BY id  [ RunTime:0.001585s ]
INFO: [ view_parse ] --START--
NOTIC: [8] Undefined index: uid /webHome/LFWZ000390/www/zc/Zc/Runtime/Cache/42b90be8e9c40e58e803cfb6a2f683e9.php 第 73 行.
INFO: ParseTemplate Behavior ::run [ RunTime:0.061323s ]
INFO: [ view_parse ] --END-- [ RunTime:0.061485s ]
INFO: [ view_filter ] --START--
INFO: ContentReplace Behavior ::run [ RunTime:0.000516s ]
INFO: TokenBuild Behavior ::run [ RunTime:0.000436s ]
INFO: WriteHtmlCache Behavior ::run [ RunTime:0.000353s ]
INFO: ShowRuntime Behavior ::run [ RunTime:0.000402s ]
INFO: [ view_filter ] --END-- [ RunTime:0.002609s ]
INFO: [ view_end ] --START--
INFO: ShowPageTrace Behavior ::run [ RunTime:0.000420s ]
INFO: [ view_end ] --END-- [ RunTime:0.000519s ]

[ 2015-06-24T14:42:20+08:00 ] 111.199.74.32 /zc/index.php?m=Index&a=index
INFO: [ app_begin ] --START--
INFO: ReadHtmlCache Behavior ::run [ RunTime:0.000524s ]
INFO: [ app_begin ] --END-- [ RunTime:0.000659s ]
SQL: SHOW COLUMNS FROM `fanwe_nav` [ RunTime:0.002658s ]
SQL: SELECT * FROM `fanwe_nav` ORDER BY sort  [ RunTime:0.001840s ]
SQL: SHOW COLUMNS FROM `fanwe_deal_cate` [ RunTime:0.003320s ]
SQL: SELECT * FROM `fanwe_deal_cate` ORDER BY id  [ RunTime:0.001981s ]
SQL: SHOW COLUMNS FROM `fanwe_showindex` [ RunTime:0.008924s ]
SQL: SELECT * FROM `fanwe_showindex`  [ RunTime:0.002980s ]
SQL: SHOW COLUMNS FROM `fanwe_deal` [ RunTime:0.008524s ]
SQL: SELECT id,name,image,end_time,limit_price,brief,support_amount,user_name,user_id,province,city,index_img FROM `fanwe_deal` WHERE ( `is_effect` = 1 ) ORDER BY sort desc,id desc LIMIT 0,7   [ RunTime:0.005720s ]
INFO: [ view_parse ] --START--
NOTIC: [8] Undefined index: uid /webHome/LFWZ000390/www/zc/Zc/Runtime/Cache/cc5c2cb31be8fd046a7cb83177e081f6.php 第 67 行.
INFO: ParseTemplate Behavior ::run [ RunTime:0.051681s ]
INFO: [ view_parse ] --END-- [ RunTime:0.051853s ]
INFO: [ view_filter ] --START--
INFO: ContentReplace Behavior ::run [ RunTime:0.000544s ]
INFO: TokenBuild Behavior ::run [ RunTime:0.000471s ]
INFO: WriteHtmlCache Behavior ::run [ RunTime:0.000362s ]
INFO: ShowRuntime Behavior ::run [ RunTime:0.000443s ]
INFO: [ view_filter ] --END-- [ RunTime:0.002089s ]
INFO: [ view_end ] --START--
INFO: ShowPageTrace Behavior ::run [ RunTime:0.000401s ]
INFO: [ view_end ] --END-- [ RunTime:0.000491s ]

[ 2015-06-24T14:42:50+08:00 ] 111.199.74.32 /zc/index.php?m=Deals&a=index&tid=7
INFO: [ app_begin ] --START--
INFO: ReadHtmlCache Behavior ::run [ RunTime:0.000415s ]
INFO: [ app_begin ] --END-- [ RunTime:0.000539s ]
SQL: SHOW COLUMNS FROM `fanwe_nav` [ RunTime:0.004733s ]
SQL: SELECT * FROM `fanwe_nav` ORDER BY sort  [ RunTime:0.002033s ]
SQL: SHOW COLUMNS FROM `fanwe_deal_cate` [ RunTime:0.003576s ]
SQL: SELECT * FROM `fanwe_deal_cate` ORDER BY id  [ RunTime:0.005666s ]
NOTIC: [8] Undefined index: uid /webHome/LFWZ000390/www/zc/Zc/Lib/Action/DealsAction.class.php 第 18 行.

[ 2015-06-24T14:42:52+08:00 ] 111.199.74.32 /zc/index.php?m=User&a=login
INFO: [ app_begin ] --START--
INFO: ReadHtmlCache Behavior ::run [ RunTime:0.000425s ]
INFO: [ app_begin ] --END-- [ RunTime:0.000553s ]
SQL: SHOW COLUMNS FROM `fanwe_nav` [ RunTime:0.002069s ]
SQL: SELECT * FROM `fanwe_nav` ORDER BY sort  [ RunTime:0.001668s ]
SQL: SHOW COLUMNS FROM `fanwe_deal_cate` [ RunTime:0.004514s ]
SQL: SELECT * FROM `fanwe_deal_cate` ORDER BY id  [ RunTime:0.002616s ]
INFO: [ view_parse ] --START--
NOTIC: [8] Undefined index: uid /webHome/LFWZ000390/www/zc/Zc/Runtime/Cache/42b90be8e9c40e58e803cfb6a2f683e9.php 第 73 行.
INFO: ParseTemplate Behavior ::run [ RunTime:0.033434s ]
INFO: [ view_parse ] --END-- [ RunTime:0.033607s ]
INFO: [ view_filter ] --START--
INFO: ContentReplace Behavior ::run [ RunTime:0.000560s ]
INFO: TokenBuild Behavior ::run [ RunTime:0.000493s ]
INFO: WriteHtmlCache Behavior ::run [ RunTime:0.000329s ]
INFO: ShowRuntime Behavior ::run [ RunTime:0.000466s ]
INFO: [ view_filter ] --END-- [ RunTime:0.002118s ]
INFO: [ view_end ] --START--
INFO: ShowPageTrace Behavior ::run [ RunTime:0.000373s ]
INFO: [ view_end ] --END-- [ RunTime:0.000464s ]

[ 2015-06-24T14:42:55+08:00 ] 111.199.74.32 /zc/index.php?m=Index&a=index
INFO: [ app_begin ] --START--
INFO: ReadHtmlCache Behavior ::run [ RunTime:0.002119s ]
INFO: [ app_begin ] --END-- [ RunTime:0.004749s ]
SQL: SHOW COLUMNS FROM `fanwe_nav` [ RunTime:0.013159s ]
SQL: SELECT * FROM `fanwe_nav` ORDER BY sort  [ RunTime:0.003106s ]
SQL: SHOW COLUMNS FROM `fanwe_deal_cate` [ RunTime:0.004858s ]
SQL: SELECT * FROM `fanwe_deal_cate` ORDER BY id  [ RunTime:0.003214s ]
SQL: SHOW COLUMNS FROM `fanwe_showindex` [ RunTime:0.002067s ]
SQL: SELECT * FROM `fanwe_showindex`  [ RunTime:0.003539s ]
SQL: SHOW COLUMNS FROM `fanwe_deal` [ RunTime:0.005916s ]
SQL: SELECT id,name,image,end_time,limit_price,brief,support_amount,user_name,user_id,province,city,index_img FROM `fanwe_deal` WHERE ( `is_effect` = 1 ) ORDER BY sort desc,id desc LIMIT 0,7   [ RunTime:0.010699s ]
INFO: [ view_parse ] --START--
NOTIC: [8] Undefined index: uid /webHome/LFWZ000390/www/zc/Zc/Runtime/Cache/cc5c2cb31be8fd046a7cb83177e081f6.php 第 67 行.
INFO: ParseTemplate Behavior ::run [ RunTime:0.078150s ]
INFO: [ view_parse ] --END-- [ RunTime:0.079862s ]
INFO: [ view_filter ] --START--
INFO: ContentReplace Behavior ::run [ RunTime:0.020773s ]
INFO: TokenBuild Behavior ::run [ RunTime:0.000515s ]
INFO: WriteHtmlCache Behavior ::run [ RunTime:0.000346s ]
INFO: ShowRuntime Behavior ::run [ RunTime:0.000411s ]
INFO: [ view_filter ] --END-- [ RunTime:0.022554s ]
INFO: [ view_end ] --START--
INFO: ShowPageTrace Behavior ::run [ RunTime:0.000420s ]
INFO: [ view_end ] --END-- [ RunTime:0.000513s ]

[ 2015-06-24T14:43:11+08:00 ] 111.199.74.32 /zc/index.php?m=Index&a=index
INFO: [ app_begin ] --START--
INFO: ReadHtmlCache Behavior ::run [ RunTime:0.000487s ]
INFO: [ app_begin ] --END-- [ RunTime:0.000619s ]
SQL: SHOW COLUMNS FROM `fanwe_nav` [ RunTime:0.002034s ]
SQL: SELECT * FROM `fanwe_nav` ORDER BY sort  [ RunTime:0.005519s ]
SQL: SHOW COLUMNS FROM `fanwe_deal_cate` [ RunTime:0.002953s ]
SQL: SELECT * FROM `fanwe_deal_cate` ORDER BY id  [ RunTime:0.002036s ]
SQL: SHOW COLUMNS FROM `fanwe_showindex` [ RunTime:0.007076s ]
SQL: SELECT * FROM `fanwe_showindex`  [ RunTime:0.002656s ]
SQL: SHOW COLUMNS FROM `fanwe_deal` [ RunTime:0.014908s ]
SQL: SELECT id,name,image,end_time,limit_price,brief,support_amount,user_name,user_id,province,city,index_img FROM `fanwe_deal` WHERE ( `is_effect` = 1 ) ORDER BY sort desc,id desc LIMIT 0,7   [ RunTime:0.008547s ]
INFO: [ view_parse ] --START--
NOTIC: [8] Undefined index: uid /webHome/LFWZ000390/www/zc/Zc/Runtime/Cache/cc5c2cb31be8fd046a7cb83177e081f6.php 第 67 行.
INFO: ParseTemplate Behavior ::run [ RunTime:0.034681s ]
INFO: [ view_parse ] --END-- [ RunTime:0.034807s ]
INFO: [ view_filter ] --START--
INFO: ContentReplace Behavior ::run [ RunTime:0.000567s ]
INFO: TokenBuild Behavior ::run [ RunTime:0.000382s ]
INFO: WriteHtmlCache Behavior ::run [ RunTime:0.000538s ]
INFO: ShowRuntime Behavior ::run [ RunTime:0.000405s ]
INFO: [ view_filter ] --END-- [ RunTime:0.002193s ]
INFO: [ view_end ] --START--
INFO: ShowPageTrace Behavior ::run [ RunTime:0.000380s ]
INFO: [ view_end ] --END-- [ RunTime:0.000553s ]

[ 2015-06-24T14:43:14+08:00 ] 111.199.74.32 /zc/index.php?m=Index&a=index
INFO: [ app_begin ] --START--
INFO: ReadHtmlCache Behavior ::run [ RunTime:0.000430s ]
INFO: [ app_begin ] --END-- [ RunTime:0.005727s ]
SQL: SHOW COLUMNS FROM `fanwe_nav` [ RunTime:0.002922s ]
SQL: SELECT * FROM `fanwe_nav` ORDER BY sort  [ RunTime:0.004165s ]
SQL: SHOW COLUMNS FROM `fanwe_deal_cate` [ RunTime:0.006420s ]
SQL: SELECT * FROM `fanwe_deal_cate` ORDER BY id  [ RunTime:0.001913s ]
SQL: SHOW COLUMNS FROM `fanwe_showindex` [ RunTime:0.003289s ]
SQL: SELECT * FROM `fanwe_showindex`  [ RunTime:0.006496s ]
SQL: SHOW COLUMNS FROM `fanwe_deal` [ RunTime:0.006192s ]
SQL: SELECT id,name,image,end_time,limit_price,brief,support_amount,user_name,user_id,province,city,index_img FROM `fanwe_deal` WHERE ( `is_effect` = 1 ) ORDER BY sort desc,id desc LIMIT 0,7   [ RunTime:0.002106s ]
INFO: [ view_parse ] --START--
NOTIC: [8] Undefined index: uid /webHome/LFWZ000390/www/zc/Zc/Runtime/Cache/cc5c2cb31be8fd046a7cb83177e081f6.php 第 67 行.
INFO: ParseTemplate Behavior ::run [ RunTime:0.035423s ]
INFO: [ view_parse ] --END-- [ RunTime:0.035560s ]
INFO: [ view_filter ] --START--
INFO: ContentReplace Behavior ::run [ RunTime:0.000954s ]
INFO: TokenBuild Behavior ::run [ RunTime:0.000458s ]
INFO: WriteHtmlCache Behavior ::run [ RunTime:0.000357s ]
INFO: ShowRuntime Behavior ::run [ RunTime:0.000465s ]
INFO: [ view_filter ] --END-- [ RunTime:0.002550s ]
INFO: [ view_end ] --START--
INFO: ShowPageTrace Behavior ::run [ RunTime:0.000611s ]
INFO: [ view_end ] --END-- [ RunTime:0.000786s ]

[ 2015-06-24T14:44:05+08:00 ] 111.199.74.32 /zc/
INFO: [ app_begin ] --START--
INFO: ReadHtmlCache Behavior ::run [ RunTime:0.000405s ]
INFO: [ app_begin ] --END-- [ RunTime:0.000535s ]
SQL: SHOW COLUMNS FROM `fanwe_nav` [ RunTime:0.008409s ]
SQL: SELECT * FROM `fanwe_nav` ORDER BY sort  [ RunTime:0.002346s ]
SQL: SHOW COLUMNS FROM `fanwe_deal_cate` [ RunTime:0.003730s ]
SQL: SELECT * FROM `fanwe_deal_cate` ORDER BY id  [ RunTime:0.001868s ]
SQL: SHOW COLUMNS FROM `fanwe_showindex` [ RunTime:0.003407s ]
SQL: SELECT * FROM `fanwe_showindex`  [ RunTime:0.009601s ]
SQL: SHOW COLUMNS FROM `fanwe_deal` [ RunTime:0.003668s ]
SQL: SELECT id,name,image,end_time,limit_price,brief,support_amount,user_name,user_id,province,city,index_img FROM `fanwe_deal` WHERE ( `is_effect` = 1 ) ORDER BY sort desc,id desc LIMIT 0,7   [ RunTime:0.012604s ]
INFO: [ view_parse ] --START--
NOTIC: [8] Undefined index: uid /webHome/LFWZ000390/www/zc/Zc/Runtime/Cache/cc5c2cb31be8fd046a7cb83177e081f6.php 第 67 行.
INFO: ParseTemplate Behavior ::run [ RunTime:0.053973s ]
INFO: [ view_parse ] --END-- [ RunTime:0.054109s ]
INFO: [ view_filter ] --START--
INFO: ContentReplace Behavior ::run [ RunTime:0.012997s ]
INFO: TokenBuild Behavior ::run [ RunTime:0.000356s ]
INFO: WriteHtmlCache Behavior ::run [ RunTime:0.000415s ]
INFO: ShowRuntime Behavior ::run [ RunTime:0.000398s ]
INFO: [ view_filter ] --END-- [ RunTime:0.014451s ]
INFO: [ view_end ] --START--
INFO: ShowPageTrace Behavior ::run [ RunTime:0.000375s ]
INFO: [ view_end ] --END-- [ RunTime:0.000469s ]

[ 2015-06-24T14:48:51+08:00 ] 101.226.66.192 /zc/index.php?m=Index&a=index
INFO: [ app_begin ] --START--
INFO: ReadHtmlCache Behavior ::run [ RunTime:0.001783s ]
INFO: [ app_begin ] --END-- [ RunTime:0.002119s ]

[ 2015-06-24T14:49:18+08:00 ] 180.153.214.188 /zc/index.php?m=Deals&a=rec
INFO: [ app_begin ] --START--
INFO: ReadHtmlCache Behavior ::run [ RunTime:0.000557s ]
INFO: [ app_begin ] --END-- [ RunTime:0.000899s ]

[ 2015-06-24T14:50:37+08:00 ] 101.226.51.229 /zc/index.php?m=News&a=index
INFO: [ app_begin ] --START--
INFO: ReadHtmlCache Behavior ::run [ RunTime:0.000486s ]
INFO: [ app_begin ] --END-- [ RunTime:0.000639s ]

[ 2015-06-24T14:55:56+08:00 ] 111.199.74.32 /zc/
INFO: [ app_begin ] --START--
INFO: ReadHtmlCache Behavior ::run [ RunTime:0.001289s ]
INFO: [ app_begin ] --END-- [ RunTime:0.001442s ]
SQL: SHOW COLUMNS FROM `fanwe_nav` [ RunTime:0.009592s ]
SQL: SELECT * FROM `fanwe_nav` ORDER BY sort  [ RunTime:0.002097s ]
SQL: SHOW COLUMNS FROM `fanwe_deal_cate` [ RunTime:0.011995s ]
SQL: SELECT * FROM `fanwe_deal_cate` ORDER BY id  [ RunTime:0.018154s ]
SQL: SHOW COLUMNS FROM `fanwe_showindex` [ RunTime:0.008945s ]
SQL: SELECT * FROM `fanwe_showindex`  [ RunTime:0.003349s ]
SQL: SHOW COLUMNS FROM `fanwe_deal` [ RunTime:0.003264s ]
SQL: SELECT id,name,image,end_time,limit_price,brief,support_amount,user_name,user_id,province,city,index_img FROM `fanwe_deal` WHERE ( `is_effect` = 1 ) ORDER BY sort desc,id desc LIMIT 0,7   [ RunTime:0.004991s ]
INFO: [ view_parse ] --START--
NOTIC: [8] Undefined index: uid /webHome/LFWZ000390/www/zc/Zc/Runtime/Cache/cc5c2cb31be8fd046a7cb83177e081f6.php 第 67 行.
INFO: ParseTemplate Behavior ::run [ RunTime:0.049660s ]
INFO: [ view_parse ] --END-- [ RunTime:0.049814s ]
INFO: [ view_filter ] --START--
INFO: ContentReplace Behavior ::run [ RunTime:0.000714s ]
INFO: TokenBuild Behavior ::run [ RunTime:0.004804s ]
INFO: WriteHtmlCache Behavior ::run [ RunTime:0.001076s ]
INFO: ShowRuntime Behavior ::run [ RunTime:0.000562s ]
INFO: [ view_filter ] --END-- [ RunTime:0.007700s ]
INFO: [ view_end ] --START--
INFO: ShowPageTrace Behavior ::run [ RunTime:0.000637s ]
INFO: [ view_end ] --END-- [ RunTime:0.000767s ]

[ 2015-06-24T14:55:58+08:00 ] 111.199.74.32 /zc/
INFO: [ app_begin ] --START--
INFO: ReadHtmlCache Behavior ::run [ RunTime:0.000412s ]
INFO: [ app_begin ] --END-- [ RunTime:0.000541s ]
SQL: SHOW COLUMNS FROM `fanwe_nav` [ RunTime:0.004600s ]
SQL: SELECT * FROM `fanwe_nav` ORDER BY sort  [ RunTime:0.001866s ]
SQL: SHOW COLUMNS FROM `fanwe_deal_cate` [ RunTime:0.005562s ]
SQL: SELECT * FROM `fanwe_deal_cate` ORDER BY id  [ RunTime:0.002573s ]
SQL: SHOW COLUMNS FROM `fanwe_showindex` [ RunTime:0.003150s ]
SQL: SELECT * FROM `fanwe_showindex`  [ RunTime:0.002517s ]
SQL: SHOW COLUMNS FROM `fanwe_deal` [ RunTime:0.003228s ]
SQL: SELECT id,name,image,end_time,limit_price,brief,support_amount,user_name,user_id,province,city,index_img FROM `fanwe_deal` WHERE ( `is_effect` = 1 ) ORDER BY sort desc,id desc LIMIT 0,7   [ RunTime:0.003038s ]
INFO: [ view_parse ] --START--
NOTIC: [8] Undefined index: uid /webHome/LFWZ000390/www/zc/Zc/Runtime/Cache/cc5c2cb31be8fd046a7cb83177e081f6.php 第 67 行.
INFO: ParseTemplate Behavior ::run [ RunTime:0.046992s ]
INFO: [ view_parse ] --END-- [ RunTime:0.047124s ]
INFO: [ view_filter ] --START--
INFO: ContentReplace Behavior ::run [ RunTime:0.000577s ]
INFO: TokenBuild Behavior ::run [ RunTime:0.000434s ]
INFO: WriteHtmlCache Behavior ::run [ RunTime:0.000421s ]
INFO: ShowRuntime Behavior ::run [ RunTime:0.006158s ]
INFO: [ view_filter ] --END-- [ RunTime:0.007989s ]
INFO: [ view_end ] --START--
INFO: ShowPageTrace Behavior ::run [ RunTime:0.000447s ]
INFO: [ view_end ] --END-- [ RunTime:0.000550s ]

[ 2015-06-24T14:57:53+08:00 ] 111.199.74.32 /zc/
INFO: [ app_begin ] --START--
INFO: ReadHtmlCache Behavior ::run [ RunTime:0.000445s ]
INFO: [ app_begin ] --END-- [ RunTime:0.000577s ]
SQL: SHOW COLUMNS FROM `fanwe_nav` [ RunTime:0.005840s ]
SQL: SELECT * FROM `fanwe_nav` ORDER BY sort  [ RunTime:0.018359s ]
SQL: SHOW COLUMNS FROM `fanwe_deal_cate` [ RunTime:0.002227s ]
SQL: SELECT * FROM `fanwe_deal_cate` ORDER BY id  [ RunTime:0.001776s ]
SQL: SHOW COLUMNS FROM `fanwe_showindex` [ RunTime:0.006061s ]
SQL: SELECT * FROM `fanwe_showindex`  [ RunTime:0.001942s ]
SQL: SHOW COLUMNS FROM `fanwe_deal` [ RunTime:0.007006s ]
SQL: SELECT id,name,image,end_time,limit_price,brief,support_amount,user_name,user_id,province,city,index_img FROM `fanwe_deal` WHERE ( `is_effect` = 1 ) ORDER BY sort desc,id desc LIMIT 0,7   [ RunTime:0.012127s ]
INFO: [ view_parse ] --START--
NOTIC: [8] Undefined index: uid /webHome/LFWZ000390/www/zc/Zc/Runtime/Cache/cc5c2cb31be8fd046a7cb83177e081f6.php 第 67 行.
INFO: ParseTemplate Behavior ::run [ RunTime:0.029381s ]
INFO: [ view_parse ] --END-- [ RunTime:0.029551s ]
INFO: [ view_filter ] --START--
INFO: ContentReplace Behavior ::run [ RunTime:0.000627s ]
INFO: TokenBuild Behavior ::run [ RunTime:0.000408s ]
INFO: WriteHtmlCache Behavior ::run [ RunTime:0.000347s ]
INFO: ShowRuntime Behavior ::run [ RunTime:0.000494s ]
INFO: [ view_filter ] --END-- [ RunTime:0.002263s ]
INFO: [ view_end ] --START--
INFO: ShowPageTrace Behavior ::run [ RunTime:0.000417s ]
INFO: [ view_end ] --END-- [ RunTime:0.000507s ]

[ 2015-06-24T14:57:53+08:00 ] 111.199.74.32 /zc/
INFO: [ app_begin ] --START--
INFO: ReadHtmlCache Behavior ::run [ RunTime:0.000356s ]
INFO: [ app_begin ] --END-- [ RunTime:0.000501s ]
SQL: SHOW COLUMNS FROM `fanwe_nav` [ RunTime:0.003045s ]
SQL: SELECT * FROM `fanwe_nav` ORDER BY sort  [ RunTime:0.003128s ]
SQL: SHOW COLUMNS FROM `fanwe_deal_cate` [ RunTime:0.002663s ]
SQL: SELECT * FROM `fanwe_deal_cate` ORDER BY id  [ RunTime:0.003158s ]
SQL: SHOW COLUMNS FROM `fanwe_showindex` [ RunTime:0.001858s ]
SQL: SELECT * FROM `fanwe_showindex`  [ RunTime:0.002024s ]
SQL: SHOW COLUMNS FROM `fanwe_deal` [ RunTime:0.004889s ]
SQL: SELECT id,name,image,end_time,limit_price,brief,support_amount,user_name,user_id,province,city,index_img FROM `fanwe_deal` WHERE ( `is_effect` = 1 ) ORDER BY sort desc,id desc LIMIT 0,7   [ RunTime:0.002667s ]
INFO: [ view_parse ] --START--
NOTIC: [8] Undefined index: uid /webHome/LFWZ000390/www/zc/Zc/Runtime/Cache/cc5c2cb31be8fd046a7cb83177e081f6.php 第 67 行.
INFO: ParseTemplate Behavior ::run [ RunTime:0.033927s ]
INFO: [ view_parse ] --END-- [ RunTime:0.034125s ]
INFO: [ view_filter ] --START--
INFO: ContentReplace Behavior ::run [ RunTime:0.000615s ]
INFO: TokenBuild Behavior ::run [ RunTime:0.000455s ]
INFO: WriteHtmlCache Behavior ::run [ RunTime:0.009106s ]
INFO: ShowRuntime Behavior ::run [ RunTime:0.001670s ]
INFO: [ view_filter ] --END-- [ RunTime:0.012550s ]
INFO: [ view_end ] --START--
INFO: ShowPageTrace Behavior ::run [ RunTime:0.000596s ]
INFO: [ view_end ] --END-- [ RunTime:0.000688s ]

[ 2015-06-24T15:09:26+08:00 ] 112.64.235.245 /zc/
INFO: [ app_begin ] --START--
INFO: ReadHtmlCache Behavior ::run [ RunTime:0.000642s ]
INFO: [ app_begin ] --END-- [ RunTime:0.000772s ]

[ 2015-06-24T15:32:12+08:00 ] 111.199.74.32 /zc/
INFO: [ app_begin ] --START--
INFO: ReadHtmlCache Behavior ::run [ RunTime:0.000477s ]
INFO: [ app_begin ] --END-- [ RunTime:0.000607s ]
SQL: SHOW COLUMNS FROM `fanwe_nav` [ RunTime:0.002572s ]
SQL: SELECT * FROM `fanwe_nav` ORDER BY sort  [ RunTime:0.002038s ]
SQL: SHOW COLUMNS FROM `fanwe_deal_cate` [ RunTime:0.002307s ]
SQL: SELECT * FROM `fanwe_deal_cate` ORDER BY id  [ RunTime:0.002071s ]
SQL: SHOW COLUMNS FROM `fanwe_showindex` [ RunTime:0.002553s ]
SQL: SELECT * FROM `fanwe_showindex`  [ RunTime:0.004096s ]
SQL: SHOW COLUMNS FROM `fanwe_deal` [ RunTime:0.005710s ]
SQL: SELECT id,name,image,end_time,limit_price,brief,support_amount,user_name,user_id,province,city,index_img FROM `fanwe_deal` WHERE ( `is_effect` = 1 ) ORDER BY sort desc,id desc LIMIT 0,7   [ RunTime:0.003751s ]
INFO: [ view_parse ] --START--
NOTIC: [8] Undefined index: uid /webHome/LFWZ000390/www/zc/Zc/Runtime/Cache/cc5c2cb31be8fd046a7cb83177e081f6.php 第 67 行.
INFO: ParseTemplate Behavior ::run [ RunTime:0.052195s ]
INFO: [ view_parse ] --END-- [ RunTime:0.052363s ]
INFO: [ view_filter ] --START--
INFO: ContentReplace Behavior ::run [ RunTime:0.000766s ]
INFO: TokenBuild Behavior ::run [ RunTime:0.001023s ]
INFO: WriteHtmlCache Behavior ::run [ RunTime:0.000494s ]
INFO: ShowRuntime Behavior ::run [ RunTime:0.000466s ]
INFO: [ view_filter ] --END-- [ RunTime:0.003168s ]
INFO: [ view_end ] --START--
INFO: ShowPageTrace Behavior ::run [ RunTime:0.000580s ]
INFO: [ view_end ] --END-- [ RunTime:0.000678s ]

[ 2015-06-24T15:32:15+08:00 ] 111.199.74.32 /zc/
INFO: [ app_begin ] --START--
INFO: ReadHtmlCache Behavior ::run [ RunTime:0.000415s ]
INFO: [ app_begin ] --END-- [ RunTime:0.000650s ]
SQL: SHOW COLUMNS FROM `fanwe_nav` [ RunTime:0.002845s ]
SQL: SELECT * FROM `fanwe_nav` ORDER BY sort  [ RunTime:0.002678s ]
SQL: SHOW COLUMNS FROM `fanwe_deal_cate` [ RunTime:0.004777s ]
SQL: SELECT * FROM `fanwe_deal_cate` ORDER BY id  [ RunTime:0.013338s ]
SQL: SHOW COLUMNS FROM `fanwe_showindex` [ RunTime:0.010346s ]
SQL: SELECT * FROM `fanwe_showindex`  [ RunTime:0.002645s ]
SQL: SHOW COLUMNS FROM `fanwe_deal` [ RunTime:0.005274s ]
SQL: SELECT id,name,image,end_time,limit_price,brief,support_amount,user_name,user_id,province,city,index_img FROM `fanwe_deal` WHERE ( `is_effect` = 1 ) ORDER BY sort desc,id desc LIMIT 0,7   [ RunTime:0.002521s ]
INFO: [ view_parse ] --START--
NOTIC: [8] Undefined index: uid /webHome/LFWZ000390/www/zc/Zc/Runtime/Cache/cc5c2cb31be8fd046a7cb83177e081f6.php 第 67 行.
INFO: ParseTemplate Behavior ::run [ RunTime:0.044684s ]
INFO: [ view_parse ] --END-- [ RunTime:0.044857s ]
INFO: [ view_filter ] --START--
INFO: ContentReplace Behavior ::run [ RunTime:0.000597s ]
INFO: TokenBuild Behavior ::run [ RunTime:0.000520s ]
INFO: WriteHtmlCache Behavior ::run [ RunTime:0.000352s ]
INFO: ShowRuntime Behavior ::run [ RunTime:0.000489s ]
INFO: [ view_filter ] --END-- [ RunTime:0.002259s ]
INFO: [ view_end ] --START--
INFO: ShowPageTrace Behavior ::run [ RunTime:0.000375s ]
INFO: [ view_end ] --END-- [ RunTime:0.000469s ]

[ 2015-06-24T16:10:44+08:00 ] 66.249.64.206 /zc/
INFO: [ app_begin ] --START--
INFO: ReadHtmlCache Behavior ::run [ RunTime:0.000434s ]
INFO: [ app_begin ] --END-- [ RunTime:0.000584s ]
SQL: SHOW COLUMNS FROM `fanwe_nav` [ RunTime:0.003426s ]
SQL: SELECT * FROM `fanwe_nav` ORDER BY sort  [ RunTime:0.003661s ]
SQL: SHOW COLUMNS FROM `fanwe_deal_cate` [ RunTime:0.003340s ]
SQL: SELECT * FROM `fanwe_deal_cate` ORDER BY id  [ RunTime:0.001411s ]
SQL: SHOW COLUMNS FROM `fanwe_showindex` [ RunTime:0.004064s ]
SQL: SELECT * FROM `fanwe_showindex`  [ RunTime:0.002282s ]
SQL: SHOW COLUMNS FROM `fanwe_deal` [ RunTime:0.006940s ]
SQL: SELECT id,name,image,end_time,limit_price,brief,support_amount,user_name,user_id,province,city,index_img FROM `fanwe_deal` WHERE ( `is_effect` = 1 ) ORDER BY sort desc,id desc LIMIT 0,7   [ RunTime:0.013701s ]
INFO: [ view_parse ] --START--
NOTIC: [8] Undefined index: uid /webHome/LFWZ000390/www/zc/Zc/Runtime/Cache/cc5c2cb31be8fd046a7cb83177e081f6.php 第 67 行.
INFO: ParseTemplate Behavior ::run [ RunTime:0.046576s ]
INFO: [ view_parse ] --END-- [ RunTime:0.046741s ]
INFO: [ view_filter ] --START--
INFO: ContentReplace Behavior ::run [ RunTime:0.000743s ]
INFO: TokenBuild Behavior ::run [ RunTime:0.000448s ]
INFO: WriteHtmlCache Behavior ::run [ RunTime:0.001651s ]
INFO: ShowRuntime Behavior ::run [ RunTime:0.000754s ]
INFO: [ view_filter ] --END-- [ RunTime:0.003972s ]
INFO: [ view_end ] --START--
INFO: ShowPageTrace Behavior ::run [ RunTime:0.000473s ]
INFO: [ view_end ] --END-- [ RunTime:0.000609s ]

[ 2015-06-24T17:09:57+08:00 ] 66.249.64.196 /zc/
INFO: [ app_begin ] --START--
INFO: ReadHtmlCache Behavior ::run [ RunTime:0.000568s ]
INFO: [ app_begin ] --END-- [ RunTime:0.000763s ]
SQL: SHOW COLUMNS FROM `fanwe_nav` [ RunTime:0.002884s ]
SQL: SELECT * FROM `fanwe_nav` ORDER BY sort  [ RunTime:0.002569s ]
SQL: SHOW COLUMNS FROM `fanwe_deal_cate` [ RunTime:0.002185s ]
SQL: SELECT * FROM `fanwe_deal_cate` ORDER BY id  [ RunTime:0.001261s ]
SQL: SHOW COLUMNS FROM `fanwe_showindex` [ RunTime:0.007682s ]
SQL: SELECT * FROM `fanwe_showindex`  [ RunTime:0.002261s ]
SQL: SHOW COLUMNS FROM `fanwe_deal` [ RunTime:0.014506s ]
SQL: SELECT id,name,image,end_time,limit_price,brief,support_amount,user_name,user_id,province,city,index_img FROM `fanwe_deal` WHERE ( `is_effect` = 1 ) ORDER BY sort desc,id desc LIMIT 0,7   [ RunTime:0.004318s ]
INFO: [ view_parse ] --START--
NOTIC: [8] Undefined index: uid /webHome/LFWZ000390/www/zc/Zc/Runtime/Cache/cc5c2cb31be8fd046a7cb83177e081f6.php 第 67 行.
INFO: ParseTemplate Behavior ::run [ RunTime:0.025124s ]
INFO: [ view_parse ] --END-- [ RunTime:0.025245s ]
INFO: [ view_filter ] --START--
INFO: ContentReplace Behavior ::run [ RunTime:0.000571s ]
INFO: TokenBuild Behavior ::run [ RunTime:0.012261s ]
INFO: WriteHtmlCache Behavior ::run [ RunTime:0.000400s ]
INFO: ShowRuntime Behavior ::run [ RunTime:0.000489s ]
INFO: [ view_filter ] --END-- [ RunTime:0.014200s ]
INFO: [ view_end ] --START--
INFO: ShowPageTrace Behavior ::run [ RunTime:0.000419s ]
INFO: [ view_end ] --END-- [ RunTime:0.000513s ]

[ 2015-06-24T18:27:28+08:00 ] 66.249.64.201 /zc/index.php?m=User&a=login
INFO: [ app_begin ] --START--
INFO: ReadHtmlCache Behavior ::run [ RunTime:0.000400s ]
INFO: [ app_begin ] --END-- [ RunTime:0.000682s ]
SQL: SHOW COLUMNS FROM `fanwe_nav` [ RunTime:0.002703s ]
SQL: SELECT * FROM `fanwe_nav` ORDER BY sort  [ RunTime:0.001706s ]
SQL: SHOW COLUMNS FROM `fanwe_deal_cate` [ RunTime:0.001819s ]
SQL: SELECT * FROM `fanwe_deal_cate` ORDER BY id  [ RunTime:0.001936s ]
INFO: [ view_parse ] --START--
NOTIC: [8] Undefined index: uid /webHome/LFWZ000390/www/zc/Zc/Runtime/Cache/42b90be8e9c40e58e803cfb6a2f683e9.php 第 73 行.
INFO: ParseTemplate Behavior ::run [ RunTime:0.025309s ]
INFO: [ view_parse ] --END-- [ RunTime:0.025760s ]
INFO: [ view_filter ] --START--
INFO: ContentReplace Behavior ::run [ RunTime:0.000977s ]
INFO: TokenBuild Behavior ::run [ RunTime:0.000429s ]
INFO: WriteHtmlCache Behavior ::run [ RunTime:0.000389s ]
INFO: ShowRuntime Behavior ::run [ RunTime:0.000436s ]
INFO: [ view_filter ] --END-- [ RunTime:0.002544s ]
INFO: [ view_end ] --START--
INFO: ShowPageTrace Behavior ::run [ RunTime:0.000438s ]
INFO: [ view_end ] --END-- [ RunTime:0.000548s ]

[ 2015-06-24T20:08:49+08:00 ] 42.156.137.107 /zc/index.php?a=register&m=User
INFO: [ app_begin ] --START--
INFO: ReadHtmlCache Behavior ::run [ RunTime:0.000446s ]
INFO: [ app_begin ] --END-- [ RunTime:0.000622s ]
SQL: SHOW COLUMNS FROM `fanwe_nav` [ RunTime:0.002517s ]
SQL: SELECT * FROM `fanwe_nav` ORDER BY sort  [ RunTime:0.001854s ]
SQL: SHOW COLUMNS FROM `fanwe_deal_cate` [ RunTime:0.002305s ]
SQL: SELECT * FROM `fanwe_deal_cate` ORDER BY id  [ RunTime:0.001579s ]
INFO: [ view_parse ] --START--
NOTIC: [8] Undefined index: uid /webHome/LFWZ000390/www/zc/Zc/Runtime/Cache/5ca447943347623fc7c870efb9c9908d.php 第 77 行.
INFO: ParseTemplate Behavior ::run [ RunTime:0.028880s ]
INFO: [ view_parse ] --END-- [ RunTime:0.029011s ]
INFO: [ view_filter ] --START--
INFO: ContentReplace Behavior ::run [ RunTime:0.000691s ]
INFO: TokenBuild Behavior ::run [ RunTime:0.000396s ]
INFO: WriteHtmlCache Behavior ::run [ RunTime:0.000585s ]
INFO: ShowRuntime Behavior ::run [ RunTime:0.000445s ]
INFO: [ view_filter ] --END-- [ RunTime:0.002929s ]
INFO: [ view_end ] --START--
INFO: ShowPageTrace Behavior ::run [ RunTime:0.002331s ]
INFO: [ view_end ] --END-- [ RunTime:0.002450s ]

[ 2015-06-24T20:08:51+08:00 ] 42.156.138.107 /zc/index.php?a=show&id=61&m=Deal
INFO: [ app_begin ] --START--
INFO: ReadHtmlCache Behavior ::run [ RunTime:0.000780s ]
INFO: [ app_begin ] --END-- [ RunTime:0.007929s ]
NOTIC: [2048] Declaration of DealAction::show() should be compatible with that of Action::show() /webHome/LFWZ000390/www/zc/Zc/Lib/Action/DealAction.class.php 第 13 行.
SQL: SHOW COLUMNS FROM `fanwe_nav` [ RunTime:0.003028s ]
SQL: SELECT * FROM `fanwe_nav` ORDER BY sort  [ RunTime:0.001417s ]
SQL: SHOW COLUMNS FROM `fanwe_deal_cate` [ RunTime:0.003137s ]
SQL: SELECT * FROM `fanwe_deal_cate` ORDER BY id  [ RunTime:0.001680s ]
SQL: SHOW COLUMNS FROM `fanwe_deal` [ RunTime:0.003562s ]
SQL: SELECT * FROM `fanwe_deal` WHERE ( `id` = 61 ) AND ( `is_effect` = 1 ) LIMIT 1   [ RunTime:0.002305s ]
NOTIC: [8] Use of undefined constant needAmount - assumed 'needAmount' /webHome/LFWZ000390/www/zc/Zc/Lib/Action/DealAction.class.php 第 41 行.
NOTIC: [8] Use of undefined constant __IMGURL__ - assumed '__IMGURL__' /webHome/LFWZ000390/www/zc/Zc/Lib/Action/DealAction.class.php 第 49 行.
INFO: [ view_parse ] --START--
NOTIC: [8] Undefined index: uid /webHome/LFWZ000390/www/zc/Zc/Runtime/Cache/efb5c64f75c1153a2e4051e116761eb6.php 第 67 行.
INFO: ParseTemplate Behavior ::run [ RunTime:0.046857s ]
INFO: [ view_parse ] --END-- [ RunTime:0.047027s ]
INFO: [ view_filter ] --START--
INFO: ContentReplace Behavior ::run [ RunTime:0.000516s ]
INFO: TokenBuild Behavior ::run [ RunTime:0.005959s ]
INFO: WriteHtmlCache Behavior ::run [ RunTime:0.000483s ]
INFO: ShowRuntime Behavior ::run [ RunTime:0.000501s ]
INFO: [ view_filter ] --END-- [ RunTime:0.007772s ]
INFO: [ view_end ] --START--
INFO: ShowPageTrace Behavior ::run [ RunTime:0.000391s ]
INFO: [ view_end ] --END-- [ RunTime:0.000610s ]

[ 2015-06-24T20:08:52+08:00 ] 42.156.139.107 /zc/index.php?a=show&id=65&m=Deal
INFO: [ app_begin ] --START--
INFO: ReadHtmlCache Behavior ::run [ RunTime:0.000402s ]
INFO: [ app_begin ] --END-- [ RunTime:0.000527s ]
NOTIC: [2048] Declaration of DealAction::show() should be compatible with that of Action::show() /webHome/LFWZ000390/www/zc/Zc/Lib/Action/DealAction.class.php 第 13 行.
SQL: SHOW COLUMNS FROM `fanwe_nav` [ RunTime:0.004288s ]
SQL: SELECT * FROM `fanwe_nav` ORDER BY sort  [ RunTime:0.009235s ]
SQL: SHOW COLUMNS FROM `fanwe_deal_cate` [ RunTime:0.006124s ]
SQL: SELECT * FROM `fanwe_deal_cate` ORDER BY id  [ RunTime:0.001377s ]
SQL: SHOW COLUMNS FROM `fanwe_deal` [ RunTime:0.005515s ]
SQL: SELECT * FROM `fanwe_deal` WHERE ( `id` = 65 ) AND ( `is_effect` = 1 ) LIMIT 1   [ RunTime:0.001927s ]
NOTIC: [8] Use of undefined constant needAmount - assumed 'needAmount' /webHome/LFWZ000390/www/zc/Zc/Lib/Action/DealAction.class.php 第 41 行.
NOTIC: [8] Use of undefined constant __IMGURL__ - assumed '__IMGURL__' /webHome/LFWZ000390/www/zc/Zc/Lib/Action/DealAction.class.php 第 49 行.
INFO: [ view_parse ] --START--
NOTIC: [8] Undefined index: uid /webHome/LFWZ000390/www/zc/Zc/Runtime/Cache/efb5c64f75c1153a2e4051e116761eb6.php 第 67 行.
INFO: ParseTemplate Behavior ::run [ RunTime:0.018183s ]
INFO: [ view_parse ] --END-- [ RunTime:0.018344s ]
INFO: [ view_filter ] --START--
INFO: ContentReplace Behavior ::run [ RunTime:0.000505s ]
INFO: TokenBuild Behavior ::run [ RunTime:0.000414s ]
INFO: WriteHtmlCache Behavior ::run [ RunTime:0.000325s ]
INFO: ShowRuntime Behavior ::run [ RunTime:0.000370s ]
INFO: [ view_filter ] --END-- [ RunTime:0.001903s ]
INFO: [ view_end ] --START--
INFO: ShowPageTrace Behavior ::run [ RunTime:0.000243s ]
INFO: [ view_end ] --END-- [ RunTime:0.000310s ]

[ 2015-06-24T20:08:57+08:00 ] 42.156.136.107 /zc/index.php?a=show&id=57&m=Deal
INFO: [ app_begin ] --START--
INFO: ReadHtmlCache Behavior ::run [ RunTime:0.000840s ]
INFO: [ app_begin ] --END-- [ RunTime:0.001494s ]
NOTIC: [2048] Declaration of DealAction::show() should be compatible with that of Action::show() /webHome/LFWZ000390/www/zc/Zc/Lib/Action/DealAction.class.php 第 13 行.
SQL: SHOW COLUMNS FROM `fanwe_nav` [ RunTime:0.006511s ]
SQL: SELECT * FROM `fanwe_nav` ORDER BY sort  [ RunTime:0.002887s ]
SQL: SHOW COLUMNS FROM `fanwe_deal_cate` [ RunTime:0.012104s ]
SQL: SELECT * FROM `fanwe_deal_cate` ORDER BY id  [ RunTime:0.020491s ]
SQL: SHOW COLUMNS FROM `fanwe_deal` [ RunTime:0.004111s ]
SQL: SELECT * FROM `fanwe_deal` WHERE ( `id` = 57 ) AND ( `is_effect` = 1 ) LIMIT 1   [ RunTime:0.002622s ]
NOTIC: [8] Use of undefined constant __IMGURL__ - assumed '__IMGURL__' /webHome/LFWZ000390/www/zc/Zc/Lib/Action/DealAction.class.php 第 49 行.
INFO: [ view_parse ] --START--
NOTIC: [8] Undefined index: uid /webHome/LFWZ000390/www/zc/Zc/Runtime/Cache/efb5c64f75c1153a2e4051e116761eb6.php 第 67 行.
INFO: ParseTemplate Behavior ::run [ RunTime:0.022045s ]
INFO: [ view_parse ] --END-- [ RunTime:0.022220s ]
INFO: [ view_filter ] --START--
INFO: ContentReplace Behavior ::run [ RunTime:0.000568s ]
INFO: TokenBuild Behavior ::run [ RunTime:0.000439s ]
INFO: WriteHtmlCache Behavior ::run [ RunTime:0.000376s ]
INFO: ShowRuntime Behavior ::run [ RunTime:0.000471s ]
INFO: [ view_filter ] --END-- [ RunTime:0.002151s ]
INFO: [ view_end ] --START--
INFO: ShowPageTrace Behavior ::run [ RunTime:0.000378s ]
INFO: [ view_end ] --END-- [ RunTime:0.000518s ]

[ 2015-06-24T20:09:03+08:00 ] 42.120.161.107 /zc/index.php?a=index&m=Index
INFO: [ app_begin ] --START--
INFO: ReadHtmlCache Behavior ::run [ RunTime:0.000346s ]
INFO: [ app_begin ] --END-- [ RunTime:0.000450s ]
SQL: SHOW COLUMNS FROM `fanwe_nav` [ RunTime:0.002371s ]
SQL: SELECT * FROM `fanwe_nav` ORDER BY sort  [ RunTime:0.001692s ]
SQL: SHOW COLUMNS FROM `fanwe_deal_cate` [ RunTime:0.003032s ]
SQL: SELECT * FROM `fanwe_deal_cate` ORDER BY id  [ RunTime:0.011188s ]
SQL: SHOW COLUMNS FROM `fanwe_showindex` [ RunTime:0.003185s ]
SQL: SELECT * FROM `fanwe_showindex`  [ RunTime:0.003577s ]
SQL: SHOW COLUMNS FROM `fanwe_deal` [ RunTime:0.004988s ]
SQL: SELECT id,name,image,end_time,limit_price,brief,support_amount,user_name,user_id,province,city,index_img FROM `fanwe_deal` WHERE ( `is_effect` = 1 ) ORDER BY sort desc,id desc LIMIT 0,7   [ RunTime:0.001908s ]
INFO: [ view_parse ] --START--
NOTIC: [8] Undefined index: uid /webHome/LFWZ000390/www/zc/Zc/Runtime/Cache/cc5c2cb31be8fd046a7cb83177e081f6.php 第 67 行.
INFO: ParseTemplate Behavior ::run [ RunTime:0.064047s ]
INFO: [ view_parse ] --END-- [ RunTime:0.064207s ]
INFO: [ view_filter ] --START--
INFO: ContentReplace Behavior ::run [ RunTime:0.000691s ]
INFO: TokenBuild Behavior ::run [ RunTime:0.000355s ]
INFO: WriteHtmlCache Behavior ::run [ RunTime:0.002563s ]
INFO: ShowRuntime Behavior ::run [ RunTime:0.000413s ]
INFO: [ view_filter ] --END-- [ RunTime:0.004292s ]
INFO: [ view_end ] --START--
INFO: ShowPageTrace Behavior ::run [ RunTime:0.004058s ]
INFO: [ view_end ] --END-- [ RunTime:0.004180s ]

[ 2015-06-24T20:09:15+08:00 ] 42.156.136.107 /zc/index.php?a=index&m=Deals&tid=10
INFO: [ app_begin ] --START--
INFO: ReadHtmlCache Behavior ::run [ RunTime:0.000439s ]
INFO: [ app_begin ] --END-- [ RunTime:0.000686s ]
SQL: SHOW COLUMNS FROM `fanwe_nav` [ RunTime:0.002595s ]
SQL: SELECT * FROM `fanwe_nav` ORDER BY sort  [ RunTime:0.001667s ]
SQL: SHOW COLUMNS FROM `fanwe_deal_cate` [ RunTime:0.002922s ]
SQL: SELECT * FROM `fanwe_deal_cate` ORDER BY id  [ RunTime:0.001874s ]
NOTIC: [8] Undefined index: uid /webHome/LFWZ000390/www/zc/Zc/Lib/Action/DealsAction.class.php 第 18 行.

[ 2015-06-24T20:09:16+08:00 ] 42.120.161.107 /zc/index.php?a=index&m=Deals&tid=8
INFO: [ app_begin ] --START--
INFO: ReadHtmlCache Behavior ::run [ RunTime:0.000551s ]
INFO: [ app_begin ] --END-- [ RunTime:0.000707s ]
SQL: SHOW COLUMNS FROM `fanwe_nav` [ RunTime:0.002613s ]
SQL: SELECT * FROM `fanwe_nav` ORDER BY sort  [ RunTime:0.001320s ]
SQL: SHOW COLUMNS FROM `fanwe_deal_cate` [ RunTime:0.002950s ]
SQL: SELECT * FROM `fanwe_deal_cate` ORDER BY id  [ RunTime:0.005796s ]
NOTIC: [8] Undefined index: uid /webHome/LFWZ000390/www/zc/Zc/Lib/Action/DealsAction.class.php 第 18 行.

[ 2015-06-24T20:09:17+08:00 ] 42.156.136.107 /zc/index.php?m=User&a=login
INFO: [ app_begin ] --START--
INFO: ReadHtmlCache Behavior ::run [ RunTime:0.000448s ]
INFO: [ app_begin ] --END-- [ RunTime:0.000570s ]
SQL: SHOW COLUMNS FROM `fanwe_nav` [ RunTime:0.003894s ]
SQL: SELECT * FROM `fanwe_nav` ORDER BY sort  [ RunTime:0.002103s ]
SQL: SHOW COLUMNS FROM `fanwe_deal_cate` [ RunTime:0.002447s ]
SQL: SELECT * FROM `fanwe_deal_cate` ORDER BY id  [ RunTime:0.002200s ]
INFO: [ view_parse ] --START--
NOTIC: [8] Undefined index: uid /webHome/LFWZ000390/www/zc/Zc/Runtime/Cache/42b90be8e9c40e58e803cfb6a2f683e9.php 第 73 行.
INFO: ParseTemplate Behavior ::run [ RunTime:0.033111s ]
INFO: [ view_parse ] --END-- [ RunTime:0.033247s ]
INFO: [ view_filter ] --START--
INFO: ContentReplace Behavior ::run [ RunTime:0.000507s ]
INFO: TokenBuild Behavior ::run [ RunTime:0.024133s ]
INFO: WriteHtmlCache Behavior ::run [ RunTime:0.000629s ]
INFO: ShowRuntime Behavior ::run [ RunTime:0.000527s ]
INFO: [ view_filter ] --END-- [ RunTime:0.026330s ]
INFO: [ view_end ] --START--
INFO: ShowPageTrace Behavior ::run [ RunTime:0.000385s ]
INFO: [ view_end ] --END-- [ RunTime:0.000480s ]

[ 2015-06-24T20:09:23+08:00 ] 42.120.161.107 /zc/index.php?m=User&a=login
INFO: [ app_begin ] --START--
INFO: ReadHtmlCache Behavior ::run [ RunTime:0.000452s ]
INFO: [ app_begin ] --END-- [ RunTime:0.000582s ]
SQL: SHOW COLUMNS FROM `fanwe_nav` [ RunTime:0.003748s ]
SQL: SELECT * FROM `fanwe_nav` ORDER BY sort  [ RunTime:0.004080s ]
SQL: SHOW COLUMNS FROM `fanwe_deal_cate` [ RunTime:0.003746s ]
SQL: SELECT * FROM `fanwe_deal_cate` ORDER BY id  [ RunTime:0.002359s ]
INFO: [ view_parse ] --START--
NOTIC: [8] Undefined index: uid /webHome/LFWZ000390/www/zc/Zc/Runtime/Cache/42b90be8e9c40e58e803cfb6a2f683e9.php 第 73 行.
INFO: ParseTemplate Behavior ::run [ RunTime:0.036332s ]
INFO: [ view_parse ] --END-- [ RunTime:0.036458s ]
INFO: [ view_filter ] --START--
INFO: ContentReplace Behavior ::run [ RunTime:0.006945s ]
INFO: TokenBuild Behavior ::run [ RunTime:0.003541s ]
INFO: WriteHtmlCache Behavior ::run [ RunTime:0.012301s ]
INFO: ShowRuntime Behavior ::run [ RunTime:0.000552s ]
INFO: [ view_filter ] --END-- [ RunTime:0.023970s ]
INFO: [ view_end ] --START--
INFO: ShowPageTrace Behavior ::run [ RunTime:0.000444s ]
INFO: [ view_end ] --END-- [ RunTime:0.000569s ]

[ 2015-06-24T20:19:26+08:00 ] 66.249.67.91 /zc/
INFO: [ app_begin ] --START--
INFO: ReadHtmlCache Behavior ::run [ RunTime:0.000550s ]
INFO: [ app_begin ] --END-- [ RunTime:0.000704s ]
SQL: SHOW COLUMNS FROM `fanwe_nav` [ RunTime:0.002980s ]
SQL: SELECT * FROM `fanwe_nav` ORDER BY sort  [ RunTime:0.001778s ]
SQL: SHOW COLUMNS FROM `fanwe_deal_cate` [ RunTime:0.005409s ]
SQL: SELECT * FROM `fanwe_deal_cate` ORDER BY id  [ RunTime:0.002188s ]
SQL: SHOW COLUMNS FROM `fanwe_showindex` [ RunTime:0.003773s ]
SQL: SELECT * FROM `fanwe_showindex`  [ RunTime:0.001568s ]
SQL: SHOW COLUMNS FROM `fanwe_deal` [ RunTime:0.004835s ]
SQL: SELECT id,name,image,end_time,limit_price,brief,support_amount,user_name,user_id,province,city,index_img FROM `fanwe_deal` WHERE ( `is_effect` = 1 ) ORDER BY sort desc,id desc LIMIT 0,7   [ RunTime:0.003097s ]
INFO: [ view_parse ] --START--
NOTIC: [8] Undefined index: uid /webHome/LFWZ000390/www/zc/Zc/Runtime/Cache/cc5c2cb31be8fd046a7cb83177e081f6.php 第 67 行.
INFO: ParseTemplate Behavior ::run [ RunTime:0.063019s ]
INFO: [ view_parse ] --END-- [ RunTime:0.063159s ]
INFO: [ view_filter ] --START--
INFO: ContentReplace Behavior ::run [ RunTime:0.001028s ]
INFO: TokenBuild Behavior ::run [ RunTime:0.000869s ]
INFO: WriteHtmlCache Behavior ::run [ RunTime:0.000506s ]
INFO: ShowRuntime Behavior ::run [ RunTime:0.000631s ]
INFO: [ view_filter ] --END-- [ RunTime:0.003470s ]
INFO: [ view_end ] --START--
INFO: ShowPageTrace Behavior ::run [ RunTime:0.000514s ]
INFO: [ view_end ] --END-- [ RunTime:0.000612s ]

