[ 2015-05-18T18:26:09+08:00 ] 127.0.0.1 /zcw/
INFO: [ app_begin ] --START--
INFO: ReadHtmlCache Behavior ::run [ RunTime:0.012513s ]
INFO: [ app_begin ] --END-- [ RunTime:0.013007s ]
SQL: SHOW COLUMNS FROM `fanwe_deal` [ RunTime:0.040313s ]
SQL: SELECT id,name,image,end_time,limit_price,brief,support_amount,user_name,user_id,province,city FROM `fanwe_deal` WHERE ( `is_effect` = 1 ) AND ( `is_recommend` = 1 ) ORDER BY sort desc,id desc LIMIT 0,5   [ RunTime:0.053022s ]
SQL: SELECT id,name,image,end_time,limit_price,brief,support_amount,user_name,user_id,province,city FROM `fanwe_deal` WHERE ( `is_effect` = 1 ) AND ( `is_classic` = 1 ) ORDER BY sort desc,id desc LIMIT 0,5   [ RunTime:0.001162s ]
INFO: [ view_parse ] --START--
SQL: SHOW COLUMNS FROM `fanwe_conf` [ RunTime:0.009048s ]
SQL: SELECT `value` FROM `fanwe_conf` WHERE ( `name` = 'SEO_TITLE' ) LIMIT 1   [ RunTime:0.001219s ]
SQL: SELECT `value` FROM `fanwe_conf` WHERE ( `name` = 'SEO_KEYWORD' ) LIMIT 1   [ RunTime:0.000319s ]
SQL: SELECT `value` FROM `fanwe_conf` WHERE ( `name` = 'SEO_DESCRIPTION' ) LIMIT 1   [ RunTime:0.000378s ]
SQL: SHOW COLUMNS FROM `fanwe_nav` [ RunTime:0.021946s ]
SQL: SELECT * FROM `fanwe_nav` ORDER BY sort  [ RunTime:0.000580s ]
SQL: SHOW COLUMNS FROM `fanwe_deal_cate` [ RunTime:0.005496s ]
SQL: SELECT * FROM `fanwe_deal_cate` ORDER BY id  [ RunTime:0.000403s ]
NOTIC: [8] Use of undefined constant id - assumed 'id' G:\wamp\www\zcw\App\Runtime\Cache\f331a3f0d874c4248458495ef2c2c2d1.php 第 242 行.
NOTIC: [8] Use of undefined constant id - assumed 'id' G:\wamp\www\zcw\App\Runtime\Cache\f331a3f0d874c4248458495ef2c2c2d1.php 第 246 行.
NOTIC: [8] Use of undefined constant support_amount - assumed 'support_amount' G:\wamp\www\zcw\App\Runtime\Cache\f331a3f0d874c4248458495ef2c2c2d1.php 第 253 行.
NOTIC: [8] Use of undefined constant limit_price - assumed 'limit_price' G:\wamp\www\zcw\App\Runtime\Cache\f331a3f0d874c4248458495ef2c2c2d1.php 第 253 行.
NOTIC: [8] Use of undefined constant support_amount - assumed 'support_amount' G:\wamp\www\zcw\App\Runtime\Cache\f331a3f0d874c4248458495ef2c2c2d1.php 第 255 行.
NOTIC: [8] Use of undefined constant limit_price - assumed 'limit_price' G:\wamp\www\zcw\App\Runtime\Cache\f331a3f0d874c4248458495ef2c2c2d1.php 第 255 行.
NOTIC: [8] Use of undefined constant id - assumed 'id' G:\wamp\www\zcw\App\Runtime\Cache\f331a3f0d874c4248458495ef2c2c2d1.php 第 242 行.
NOTIC: [8] Use of undefined constant id - assumed 'id' G:\wamp\www\zcw\App\Runtime\Cache\f331a3f0d874c4248458495ef2c2c2d1.php 第 246 行.
NOTIC: [8] Use of undefined constant support_amount - assumed 'support_amount' G:\wamp\www\zcw\App\Runtime\Cache\f331a3f0d874c4248458495ef2c2c2d1.php 第 253 行.
NOTIC: [8] Use of undefined constant limit_price - assumed 'limit_price' G:\wamp\www\zcw\App\Runtime\Cache\f331a3f0d874c4248458495ef2c2c2d1.php 第 253 行.
NOTIC: [8] Use of undefined constant support_amount - assumed 'support_amount' G:\wamp\www\zcw\App\Runtime\Cache\f331a3f0d874c4248458495ef2c2c2d1.php 第 255 行.
NOTIC: [8] Use of undefined constant limit_price - assumed 'limit_price' G:\wamp\www\zcw\App\Runtime\Cache\f331a3f0d874c4248458495ef2c2c2d1.php 第 255 行.
NOTIC: [8] Use of undefined constant id - assumed 'id' G:\wamp\www\zcw\App\Runtime\Cache\f331a3f0d874c4248458495ef2c2c2d1.php 第 242 行.
NOTIC: [8] Use of undefined constant id - assumed 'id' G:\wamp\www\zcw\App\Runtime\Cache\f331a3f0d874c4248458495ef2c2c2d1.php 第 246 行.
NOTIC: [8] Use of undefined constant support_amount - assumed 'support_amount' G:\wamp\www\zcw\App\Runtime\Cache\f331a3f0d874c4248458495ef2c2c2d1.php 第 253 行.
NOTIC: [8] Use of undefined constant limit_price - assumed 'limit_price' G:\wamp\www\zcw\App\Runtime\Cache\f331a3f0d874c4248458495ef2c2c2d1.php 第 253 行.
NOTIC: [8] Use of undefined constant support_amount - assumed 'support_amount' G:\wamp\www\zcw\App\Runtime\Cache\f331a3f0d874c4248458495ef2c2c2d1.php 第 255 行.
NOTIC: [8] Use of undefined constant limit_price - assumed 'limit_price' G:\wamp\www\zcw\App\Runtime\Cache\f331a3f0d874c4248458495ef2c2c2d1.php 第 255 行.
NOTIC: [8] Use of undefined constant id - assumed 'id' G:\wamp\www\zcw\App\Runtime\Cache\f331a3f0d874c4248458495ef2c2c2d1.php 第 242 行.
NOTIC: [8] Use of undefined constant id - assumed 'id' G:\wamp\www\zcw\App\Runtime\Cache\f331a3f0d874c4248458495ef2c2c2d1.php 第 246 行.
NOTIC: [8] Use of undefined constant support_amount - assumed 'support_amount' G:\wamp\www\zcw\App\Runtime\Cache\f331a3f0d874c4248458495ef2c2c2d1.php 第 253 行.
NOTIC: [8] Use of undefined constant limit_price - assumed 'limit_price' G:\wamp\www\zcw\App\Runtime\Cache\f331a3f0d874c4248458495ef2c2c2d1.php 第 253 行.
NOTIC: [8] Use of undefined constant support_amount - assumed 'support_amount' G:\wamp\www\zcw\App\Runtime\Cache\f331a3f0d874c4248458495ef2c2c2d1.php 第 255 行.
NOTIC: [8] Use of undefined constant limit_price - assumed 'limit_price' G:\wamp\www\zcw\App\Runtime\Cache\f331a3f0d874c4248458495ef2c2c2d1.php 第 255 行.
SQL: SELECT COUNT(*) AS tp_count FROM `fanwe_deal` LIMIT 1   [ RunTime:0.007832s ]
SQL: SELECT SUM(support_count) AS tp_sum FROM `fanwe_deal` LIMIT 1   [ RunTime:0.000570s ]
SQL: SELECT SUM(support_amount) AS tp_sum FROM `fanwe_deal` LIMIT 1   [ RunTime:0.000502s ]
NOTIC: [8] Use of undefined constant id - assumed 'id' G:\wamp\www\zcw\App\Runtime\Cache\f331a3f0d874c4248458495ef2c2c2d1.php 第 352 行.
NOTIC: [8] Use of undefined constant id - assumed 'id' G:\wamp\www\zcw\App\Runtime\Cache\f331a3f0d874c4248458495ef2c2c2d1.php 第 356 行.
NOTIC: [8] Use of undefined constant support_amount - assumed 'support_amount' G:\wamp\www\zcw\App\Runtime\Cache\f331a3f0d874c4248458495ef2c2c2d1.php 第 363 行.
NOTIC: [8] Use of undefined constant limit_price - assumed 'limit_price' G:\wamp\www\zcw\App\Runtime\Cache\f331a3f0d874c4248458495ef2c2c2d1.php 第 363 行.
NOTIC: [8] Use of undefined constant support_amount - assumed 'support_amount' G:\wamp\www\zcw\App\Runtime\Cache\f331a3f0d874c4248458495ef2c2c2d1.php 第 365 行.
NOTIC: [8] Use of undefined constant limit_price - assumed 'limit_price' G:\wamp\www\zcw\App\Runtime\Cache\f331a3f0d874c4248458495ef2c2c2d1.php 第 365 行.
NOTIC: [8] Use of undefined constant id - assumed 'id' G:\wamp\www\zcw\App\Runtime\Cache\f331a3f0d874c4248458495ef2c2c2d1.php 第 352 行.
NOTIC: [8] Use of undefined constant id - assumed 'id' G:\wamp\www\zcw\App\Runtime\Cache\f331a3f0d874c4248458495ef2c2c2d1.php 第 356 行.
NOTIC: [8] Use of undefined constant support_amount - assumed 'support_amount' G:\wamp\www\zcw\App\Runtime\Cache\f331a3f0d874c4248458495ef2c2c2d1.php 第 363 行.
NOTIC: [8] Use of undefined constant limit_price - assumed 'limit_price' G:\wamp\www\zcw\App\Runtime\Cache\f331a3f0d874c4248458495ef2c2c2d1.php 第 363 行.
NOTIC: [8] Use of undefined constant support_amount - assumed 'support_amount' G:\wamp\www\zcw\App\Runtime\Cache\f331a3f0d874c4248458495ef2c2c2d1.php 第 365 行.
NOTIC: [8] Use of undefined constant limit_price - assumed 'limit_price' G:\wamp\www\zcw\App\Runtime\Cache\f331a3f0d874c4248458495ef2c2c2d1.php 第 365 行.
NOTIC: [8] Use of undefined constant id - assumed 'id' G:\wamp\www\zcw\App\Runtime\Cache\f331a3f0d874c4248458495ef2c2c2d1.php 第 352 行.
NOTIC: [8] Use of undefined constant id - assumed 'id' G:\wamp\www\zcw\App\Runtime\Cache\f331a3f0d874c4248458495ef2c2c2d1.php 第 356 行.
NOTIC: [8] Use of undefined constant support_amount - assumed 'support_amount' G:\wamp\www\zcw\App\Runtime\Cache\f331a3f0d874c4248458495ef2c2c2d1.php 第 363 行.
NOTIC: [8] Use of undefined constant limit_price - assumed 'limit_price' G:\wamp\www\zcw\App\Runtime\Cache\f331a3f0d874c4248458495ef2c2c2d1.php 第 363 行.
NOTIC: [8] Use of undefined constant support_amount - assumed 'support_amount' G:\wamp\www\zcw\App\Runtime\Cache\f331a3f0d874c4248458495ef2c2c2d1.php 第 365 行.
NOTIC: [8] Use of undefined constant limit_price - assumed 'limit_price' G:\wamp\www\zcw\App\Runtime\Cache\f331a3f0d874c4248458495ef2c2c2d1.php 第 365 行.
SQL: SHOW COLUMNS FROM `fanwe_help` [ RunTime:0.014819s ]
SQL: SELECT * FROM `fanwe_help`  [ RunTime:0.007365s ]
SQL: SELECT `value` FROM `fanwe_conf` WHERE ( `name` = 'BEI_AN' ) LIMIT 1   [ RunTime:0.000382s ]
INFO: ParseTemplate Behavior ::run [ RunTime:0.157201s ]
INFO: [ view_parse ] --END-- [ RunTime:0.157324s ]
INFO: [ view_filter ] --START--
INFO: ContentReplace Behavior ::run [ RunTime:0.006344s ]
INFO: TokenBuild Behavior ::run [ RunTime:0.005540s ]
INFO: WriteHtmlCache Behavior ::run [ RunTime:0.000982s ]
INFO: ShowRuntime Behavior ::run [ RunTime:0.000878s ]
INFO: [ view_filter ] --END-- [ RunTime:0.013971s ]
INFO: [ view_end ] --START--
INFO: ShowPageTrace Behavior ::run [ RunTime:0.003997s ]
INFO: [ view_end ] --END-- [ RunTime:0.004068s ]

