[ 2015-08-26T01:26:58+08:00 ] 123.116.195.192 /zc/
INFO: [ app_begin ] --START--
INFO: ReadHtmlCache Behavior ::run [ RunTime:0.000483s ]
INFO: [ app_begin ] --END-- [ RunTime:0.000613s ]

[ 2015-08-26T01:54:42+08:00 ] 112.90.78.22 /zc/index.php
INFO: [ app_begin ] --START--
INFO: ReadHtmlCache Behavior ::run [ RunTime:0.000476s ]
INFO: [ app_begin ] --END-- [ RunTime:0.000708s ]

[ 2015-08-26T01:54:43+08:00 ] 180.153.206.31 /zc/index.php
INFO: [ app_begin ] --START--
INFO: ReadHtmlCache Behavior ::run [ RunTime:0.000476s ]
INFO: [ app_begin ] --END-- [ RunTime:0.000604s ]

[ 2015-08-26T06:57:32+08:00 ] 101.226.166.201 /zc/index.php?a=html&id=3&m=news
INFO: [ app_begin ] --START--
INFO: ReadHtmlCache Behavior ::run [ RunTime:0.001118s ]
INFO: [ app_begin ] --END-- [ RunTime:0.001415s ]
ERR: 无法加载模块:news

[ 2015-08-26T08:49:57+08:00 ] 101.226.167.235 /zc/index.php?a=html&id=7&m=news
INFO: [ app_begin ] --START--
INFO: ReadHtmlCache Behavior ::run [ RunTime:0.004476s ]
INFO: [ app_begin ] --END-- [ RunTime:0.004636s ]
ERR: 无法加载模块:news

[ 2015-08-26T09:18:31+08:00 ] 123.121.4.218 /zc/
INFO: [ app_begin ] --START--
INFO: ReadHtmlCache Behavior ::run [ RunTime:0.000502s ]
INFO: [ app_begin ] --END-- [ RunTime:0.000776s ]

[ 2015-08-26T14:32:49+08:00 ] 123.121.4.218 /zc/
INFO: [ app_begin ] --START--
INFO: ReadHtmlCache Behavior ::run [ RunTime:0.000455s ]
INFO: [ app_begin ] --END-- [ RunTime:0.000601s ]

[ 2015-08-26T15:00:54+08:00 ] 123.121.4.218 /zc/
INFO: [ app_begin ] --START--
INFO: ReadHtmlCache Behavior ::run [ RunTime:0.000944s ]
INFO: [ app_begin ] --END-- [ RunTime:0.001087s ]

[ 2015-08-26T15:00:54+08:00 ] 180.153.201.212 /zc/
INFO: [ app_begin ] --START--
INFO: ReadHtmlCache Behavior ::run [ RunTime:0.000428s ]
INFO: [ app_begin ] --END-- [ RunTime:0.000575s ]

[ 2015-08-26T15:01:14+08:00 ] 66.249.73.211 /zc/index.php?m=Deal&a=add
INFO: [ app_begin ] --START--
INFO: ReadHtmlCache Behavior ::run [ RunTime:0.002651s ]
INFO: [ app_begin ] --END-- [ RunTime:0.002801s ]
NOTIC: [2048] Declaration of DealAction::show() should be compatible with that of Action::show() /webHome/LFWZ000390/www/zc/Zc/Lib/Action/DealAction.class.php 第 13 行.
SQL: SHOW COLUMNS FROM `fanwe_nav` [ RunTime:0.018996s ]
SQL: SELECT * FROM `fanwe_nav` ORDER BY sort  [ RunTime:0.002092s ]
SQL: SHOW COLUMNS FROM `fanwe_deal_cate` [ RunTime:0.005479s ]
SQL: SELECT * FROM `fanwe_deal_cate` ORDER BY id  [ RunTime:0.001046s ]
SQL: SHOW COLUMNS FROM `fanwe_deal_keyword` [ RunTime:0.005131s ]
SQL: SELECT * FROM `fanwe_deal_keyword` LIMIT 1   [ RunTime:0.001075s ]
SQL: SELECT * FROM `fanwe_deal_cate` ORDER BY id  [ RunTime:0.007877s ]
INFO: [ view_parse ] --START--
NOTIC: [8] Undefined index: uid /webHome/LFWZ000390/www/zc/Zc/Runtime/Cache/39a1ef86b9cb11575469eaf83ff495f3.php 第 96 行.
INFO: ParseTemplate Behavior ::run [ RunTime:0.059616s ]
INFO: [ view_parse ] --END-- [ RunTime:0.059754s ]
INFO: [ view_filter ] --START--
INFO: ContentReplace Behavior ::run [ RunTime:0.000541s ]
INFO: TokenBuild Behavior ::run [ RunTime:0.000433s ]
INFO: WriteHtmlCache Behavior ::run [ RunTime:0.004499s ]
INFO: ShowRuntime Behavior ::run [ RunTime:0.000661s ]
INFO: [ view_filter ] --END-- [ RunTime:0.006507s ]
INFO: [ view_end ] --START--
INFO: ShowPageTrace Behavior ::run [ RunTime:0.000719s ]
INFO: [ view_end ] --END-- [ RunTime:0.000846s ]

[ 2015-08-26T15:32:40+08:00 ] 66.249.73.211 /zc/
INFO: [ app_begin ] --START--
INFO: ReadHtmlCache Behavior ::run [ RunTime:0.000474s ]
INFO: [ app_begin ] --END-- [ RunTime:0.000664s ]
SQL: SHOW COLUMNS FROM `fanwe_nav` [ RunTime:0.002494s ]
SQL: SELECT * FROM `fanwe_nav` ORDER BY sort  [ RunTime:0.001644s ]
SQL: SHOW COLUMNS FROM `fanwe_deal_cate` [ RunTime:0.014735s ]
SQL: SELECT * FROM `fanwe_deal_cate` ORDER BY id  [ RunTime:0.012042s ]
SQL: SHOW COLUMNS FROM `fanwe_deal_keyword` [ RunTime:0.001787s ]
SQL: SELECT * FROM `fanwe_deal_keyword` LIMIT 1   [ RunTime:0.002092s ]
SQL: SHOW COLUMNS FROM `fanwe_showindex` [ RunTime:0.008993s ]
SQL: SELECT * FROM `fanwe_showindex`  [ RunTime:0.003416s ]
SQL: SHOW COLUMNS FROM `fanwe_news` [ RunTime:0.006314s ]
SQL: SELECT * FROM `fanwe_news` ORDER BY addtime desc,rec desc LIMIT 0,5   [ RunTime:0.015113s ]
SQL: SHOW COLUMNS FROM `fanwe_company` [ RunTime:0.002709s ]
ERR: 1146:Table 'my1006252.fanwe_company' doesn't exist
 [ SQL语句 ] : SHOW COLUMNS FROM `fanwe_company`
SQL: SELECT * FROM `fanwe_company` LIMIT 1   [ RunTime:0.001156s ]
ERR: 1146:Table 'my1006252.fanwe_company' doesn't exist
 [ SQL语句 ] : SELECT * FROM `fanwe_company` LIMIT 1  
INFO: [ view_parse ] --START--
INFO: ParseTemplate Behavior ::run [ RunTime:0.024337s ]
INFO: [ view_parse ] --END-- [ RunTime:0.024630s ]
INFO: [ view_filter ] --START--
INFO: ContentReplace Behavior ::run [ RunTime:0.000603s ]
INFO: TokenBuild Behavior ::run [ RunTime:0.000630s ]
INFO: WriteHtmlCache Behavior ::run [ RunTime:0.000528s ]
INFO: ShowRuntime Behavior ::run [ RunTime:0.000663s ]
INFO: [ view_filter ] --END-- [ RunTime:0.002697s ]
INFO: [ view_end ] --START--
INFO: ShowPageTrace Behavior ::run [ RunTime:0.000432s ]
INFO: [ view_end ] --END-- [ RunTime:0.000550s ]

[ 2015-08-26T17:31:43+08:00 ] 116.116.161.216 /zc/
INFO: [ app_begin ] --START--
INFO: ReadHtmlCache Behavior ::run [ RunTime:0.000546s ]
INFO: [ app_begin ] --END-- [ RunTime:0.000732s ]

[ 2015-08-26T17:32:50+08:00 ] 66.249.73.211 /zc/index.php?m=Deals&a=rec
INFO: [ app_begin ] --START--
INFO: ReadHtmlCache Behavior ::run [ RunTime:0.000590s ]
INFO: [ app_begin ] --END-- [ RunTime:0.000723s ]
SQL: SHOW COLUMNS FROM `fanwe_nav` [ RunTime:0.002859s ]
SQL: SELECT * FROM `fanwe_nav` ORDER BY sort  [ RunTime:0.002787s ]
SQL: SHOW COLUMNS FROM `fanwe_deal_cate` [ RunTime:0.002596s ]
SQL: SELECT * FROM `fanwe_deal_cate` ORDER BY id  [ RunTime:0.001831s ]
SQL: SHOW COLUMNS FROM `fanwe_deal_keyword` [ RunTime:0.003799s ]
SQL: SELECT * FROM `fanwe_deal_keyword` LIMIT 1   [ RunTime:0.001150s ]
NOTIC: [8] Undefined index: uid /webHome/LFWZ000390/www/zc/Zc/Lib/Action/DealsAction.class.php 第 61 行.

[ 2015-08-26T17:32:51+08:00 ] 66.249.73.211 /zc/index.php?m=User&a=login
INFO: [ app_begin ] --START--
INFO: ReadHtmlCache Behavior ::run [ RunTime:0.000599s ]
INFO: [ app_begin ] --END-- [ RunTime:0.000726s ]
SQL: SHOW COLUMNS FROM `fanwe_nav` [ RunTime:0.002489s ]
SQL: SELECT * FROM `fanwe_nav` ORDER BY sort  [ RunTime:0.001577s ]
SQL: SHOW COLUMNS FROM `fanwe_deal_cate` [ RunTime:0.003078s ]
SQL: SELECT * FROM `fanwe_deal_cate` ORDER BY id  [ RunTime:0.001249s ]
SQL: SHOW COLUMNS FROM `fanwe_deal_keyword` [ RunTime:0.002330s ]
SQL: SELECT * FROM `fanwe_deal_keyword` LIMIT 1   [ RunTime:0.000920s ]
INFO: [ view_parse ] --START--
NOTIC: [8] Undefined index: uid /webHome/LFWZ000390/www/zc/Zc/Runtime/Cache/42b90be8e9c40e58e803cfb6a2f683e9.php 第 76 行.
INFO: ParseTemplate Behavior ::run [ RunTime:0.031360s ]
INFO: [ view_parse ] --END-- [ RunTime:0.031486s ]
INFO: [ view_filter ] --START--
INFO: ContentReplace Behavior ::run [ RunTime:0.000831s ]
INFO: TokenBuild Behavior ::run [ RunTime:0.000416s ]
INFO: WriteHtmlCache Behavior ::run [ RunTime:0.007220s ]
INFO: ShowRuntime Behavior ::run [ RunTime:0.000472s ]
INFO: [ view_filter ] --END-- [ RunTime:0.009429s ]
INFO: [ view_end ] --START--
INFO: ShowPageTrace Behavior ::run [ RunTime:0.000449s ]
INFO: [ view_end ] --END-- [ RunTime:0.001044s ]

[ 2015-08-26T18:48:35+08:00 ] 66.249.73.195 /zc/index.php?m=Index&a=index
INFO: [ app_begin ] --START--
INFO: ReadHtmlCache Behavior ::run [ RunTime:0.012071s ]
INFO: [ app_begin ] --END-- [ RunTime:0.012274s ]
SQL: SHOW COLUMNS FROM `fanwe_nav` [ RunTime:0.002772s ]
SQL: SELECT * FROM `fanwe_nav` ORDER BY sort  [ RunTime:0.003325s ]
SQL: SHOW COLUMNS FROM `fanwe_deal_cate` [ RunTime:0.003596s ]
SQL: SELECT * FROM `fanwe_deal_cate` ORDER BY id  [ RunTime:0.002414s ]
SQL: SHOW COLUMNS FROM `fanwe_deal_keyword` [ RunTime:0.002832s ]
SQL: SELECT * FROM `fanwe_deal_keyword` LIMIT 1   [ RunTime:0.007277s ]
SQL: SHOW COLUMNS FROM `fanwe_showindex` [ RunTime:0.002133s ]
SQL: SELECT * FROM `fanwe_showindex`  [ RunTime:0.002572s ]
SQL: SHOW COLUMNS FROM `fanwe_news` [ RunTime:0.005812s ]
SQL: SELECT * FROM `fanwe_news` ORDER BY addtime desc,rec desc LIMIT 0,5   [ RunTime:0.014703s ]
SQL: SHOW COLUMNS FROM `fanwe_company` [ RunTime:0.003399s ]
ERR: 1146:Table 'my1006252.fanwe_company' doesn't exist
 [ SQL语句 ] : SHOW COLUMNS FROM `fanwe_company`
SQL: SELECT * FROM `fanwe_company` LIMIT 1   [ RunTime:0.001615s ]
ERR: 1146:Table 'my1006252.fanwe_company' doesn't exist
 [ SQL语句 ] : SELECT * FROM `fanwe_company` LIMIT 1  
INFO: [ view_parse ] --START--
INFO: ParseTemplate Behavior ::run [ RunTime:0.020864s ]
INFO: [ view_parse ] --END-- [ RunTime:0.021022s ]
INFO: [ view_filter ] --START--
INFO: ContentReplace Behavior ::run [ RunTime:0.000902s ]
INFO: TokenBuild Behavior ::run [ RunTime:0.000915s ]
INFO: WriteHtmlCache Behavior ::run [ RunTime:0.000670s ]
INFO: ShowRuntime Behavior ::run [ RunTime:0.000489s ]
INFO: [ view_filter ] --END-- [ RunTime:0.003653s ]
INFO: [ view_end ] --START--
INFO: ShowPageTrace Behavior ::run [ RunTime:0.000540s ]
INFO: [ view_end ] --END-- [ RunTime:0.000641s ]

[ 2015-08-26T20:04:23+08:00 ] 66.249.65.88 /zc/index.php?m=News&a=html&
INFO: [ app_begin ] --START--
INFO: ReadHtmlCache Behavior ::run [ RunTime:0.008281s ]
INFO: [ app_begin ] --END-- [ RunTime:0.011114s ]
SQL: SHOW COLUMNS FROM `fanwe_nav` [ RunTime:0.002583s ]
SQL: SELECT * FROM `fanwe_nav` ORDER BY sort  [ RunTime:0.005326s ]
SQL: SHOW COLUMNS FROM `fanwe_deal_cate` [ RunTime:0.002251s ]
SQL: SELECT * FROM `fanwe_deal_cate` ORDER BY id  [ RunTime:0.003212s ]
SQL: SHOW COLUMNS FROM `fanwe_deal_keyword` [ RunTime:0.002667s ]
SQL: SELECT * FROM `fanwe_deal_keyword` LIMIT 1   [ RunTime:0.011767s ]
NOTIC: [8] Undefined index: id /webHome/LFWZ000390/www/zc/Zc/Lib/Action/NewsAction.class.php 第 28 行.
SQL: SHOW COLUMNS FROM `fanwe_news` [ RunTime:0.003413s ]
SQL: SELECT * FROM `fanwe_news` WHERE ( `id` = null ) LIMIT 1   [ RunTime:0.002014s ]
INFO: [ view_parse ] --START--
NOTIC: [8] Undefined index: uid /webHome/LFWZ000390/www/zc/Zc/Runtime/Cache/012cdf2fa3ba4152d6d6173485c32ca8.php 第 98 行.
NOTIC: [8] Use of undefined constant id - assumed 'id' /webHome/LFWZ000390/www/zc/Zc/Runtime/Cache/012cdf2fa3ba4152d6d6173485c32ca8.php 第 142 行.
SQL: SELECT * FROM `fanwe_news` WHERE ( `id` < null ) LIMIT 1   [ RunTime:0.008594s ]
SQL: SELECT * FROM `fanwe_news` WHERE ( `id` > null ) LIMIT 1   [ RunTime:0.009750s ]
INFO: ParseTemplate Behavior ::run [ RunTime:0.058231s ]
INFO: [ view_parse ] --END-- [ RunTime:0.058420s ]
INFO: [ view_filter ] --START--
INFO: ContentReplace Behavior ::run [ RunTime:0.001767s ]
INFO: TokenBuild Behavior ::run [ RunTime:0.000674s ]
INFO: WriteHtmlCache Behavior ::run [ RunTime:0.000343s ]
INFO: ShowRuntime Behavior ::run [ RunTime:0.000508s ]
INFO: [ view_filter ] --END-- [ RunTime:0.003805s ]
INFO: [ view_end ] --START--
INFO: ShowPageTrace Behavior ::run [ RunTime:0.000463s ]
INFO: [ view_end ] --END-- [ RunTime:0.000581s ]

[ 2015-08-26T20:08:37+08:00 ] 123.121.4.218 /zc/
INFO: [ app_begin ] --START--
INFO: ReadHtmlCache Behavior ::run [ RunTime:0.000321s ]
INFO: [ app_begin ] --END-- [ RunTime:0.000448s ]

[ 2015-08-26T20:08:53+08:00 ] 123.121.4.218 /zc/
INFO: [ app_begin ] --START--
INFO: ReadHtmlCache Behavior ::run [ RunTime:0.000557s ]
INFO: [ app_begin ] --END-- [ RunTime:0.000801s ]

[ 2015-08-26T20:09:11+08:00 ] 123.121.4.218 /zc/
INFO: [ app_begin ] --START--
INFO: ReadHtmlCache Behavior ::run [ RunTime:0.005461s ]
INFO: [ app_begin ] --END-- [ RunTime:0.006738s ]

[ 2015-08-26T20:11:07+08:00 ] 123.121.4.218 /zc/
INFO: [ app_begin ] --START--
INFO: ReadHtmlCache Behavior ::run [ RunTime:0.002076s ]
INFO: [ app_begin ] --END-- [ RunTime:0.002403s ]

[ 2015-08-26T20:40:05+08:00 ] 123.121.4.218 /zc/
INFO: [ app_begin ] --START--
INFO: ReadHtmlCache Behavior ::run [ RunTime:0.000686s ]
INFO: [ app_begin ] --END-- [ RunTime:0.000816s ]

[ 2015-08-26T20:40:48+08:00 ] 123.121.4.218 /zc/
INFO: [ app_begin ] --START--
INFO: ReadHtmlCache Behavior ::run [ RunTime:0.000440s ]
INFO: [ app_begin ] --END-- [ RunTime:0.000563s ]

[ 2015-08-26T20:42:24+08:00 ] 123.121.4.218 /zc/
INFO: [ app_begin ] --START--
INFO: ReadHtmlCache Behavior ::run [ RunTime:0.000458s ]
INFO: [ app_begin ] --END-- [ RunTime:0.000706s ]

[ 2015-08-26T21:20:09+08:00 ] 66.249.73.195 /zc/index.php?m=Deal&a=show&id=64
INFO: [ app_begin ] --START--
INFO: ReadHtmlCache Behavior ::run [ RunTime:0.001079s ]
INFO: [ app_begin ] --END-- [ RunTime:0.001274s ]
NOTIC: [2048] Declaration of DealAction::show() should be compatible with that of Action::show() /webHome/LFWZ000390/www/zc/Zc/Lib/Action/DealAction.class.php 第 13 行.
SQL: SHOW COLUMNS FROM `fanwe_nav` [ RunTime:0.022152s ]
SQL: SELECT * FROM `fanwe_nav` ORDER BY sort  [ RunTime:0.005103s ]
SQL: SHOW COLUMNS FROM `fanwe_deal_cate` [ RunTime:0.002648s ]
SQL: SELECT * FROM `fanwe_deal_cate` ORDER BY id  [ RunTime:0.001876s ]
SQL: SHOW COLUMNS FROM `fanwe_deal_keyword` [ RunTime:0.004618s ]
SQL: SELECT * FROM `fanwe_deal_keyword` LIMIT 1   [ RunTime:0.004210s ]
NOTIC: [8] Undefined index: uid /webHome/LFWZ000390/www/zc/Zc/Lib/Action/DealAction.class.php 第 18 行.

[ 2015-08-26T21:23:00+08:00 ] 120.6.188.166 /zc/
INFO: [ app_begin ] --START--
INFO: ReadHtmlCache Behavior ::run [ RunTime:0.000877s ]
INFO: [ app_begin ] --END-- [ RunTime:0.001016s ]

[ 2015-08-26T21:23:01+08:00 ] 120.6.188.166 /zc/
INFO: [ app_begin ] --START--
INFO: ReadHtmlCache Behavior ::run [ RunTime:0.000504s ]
INFO: [ app_begin ] --END-- [ RunTime:0.000654s ]

[ 2015-08-26T21:23:01+08:00 ] 120.6.188.166 /zc/
INFO: [ app_begin ] --START--
INFO: ReadHtmlCache Behavior ::run [ RunTime:0.000445s ]
INFO: [ app_begin ] --END-- [ RunTime:0.000736s ]

[ 2015-08-26T22:35:56+08:00 ] 66.249.73.203 /zc/index.php?m=Deal&a=show&id=65
INFO: [ app_begin ] --START--
INFO: ReadHtmlCache Behavior ::run [ RunTime:0.000415s ]
INFO: [ app_begin ] --END-- [ RunTime:0.000552s ]
NOTIC: [2048] Declaration of DealAction::show() should be compatible with that of Action::show() /webHome/LFWZ000390/www/zc/Zc/Lib/Action/DealAction.class.php 第 13 行.
SQL: SHOW COLUMNS FROM `fanwe_nav` [ RunTime:0.002841s ]
SQL: SELECT * FROM `fanwe_nav` ORDER BY sort  [ RunTime:0.010101s ]
SQL: SHOW COLUMNS FROM `fanwe_deal_cate` [ RunTime:0.003529s ]
SQL: SELECT * FROM `fanwe_deal_cate` ORDER BY id  [ RunTime:0.003042s ]
SQL: SHOW COLUMNS FROM `fanwe_deal_keyword` [ RunTime:0.014169s ]
SQL: SELECT * FROM `fanwe_deal_keyword` LIMIT 1   [ RunTime:0.001942s ]
NOTIC: [8] Undefined index: uid /webHome/LFWZ000390/www/zc/Zc/Lib/Action/DealAction.class.php 第 18 行.

[ 2015-08-26T23:51:43+08:00 ] 66.249.73.195 /zc/index.php?m=Deal&a=show&id=57
INFO: [ app_begin ] --START--
INFO: ReadHtmlCache Behavior ::run [ RunTime:0.000749s ]
INFO: [ app_begin ] --END-- [ RunTime:0.000890s ]
NOTIC: [2048] Declaration of DealAction::show() should be compatible with that of Action::show() /webHome/LFWZ000390/www/zc/Zc/Lib/Action/DealAction.class.php 第 13 行.
SQL: SHOW COLUMNS FROM `fanwe_nav` [ RunTime:0.002190s ]
SQL: SELECT * FROM `fanwe_nav` ORDER BY sort  [ RunTime:0.008452s ]
SQL: SHOW COLUMNS FROM `fanwe_deal_cate` [ RunTime:0.003640s ]
SQL: SELECT * FROM `fanwe_deal_cate` ORDER BY id  [ RunTime:0.001887s ]
SQL: SHOW COLUMNS FROM `fanwe_deal_keyword` [ RunTime:0.005265s ]
SQL: SELECT * FROM `fanwe_deal_keyword` LIMIT 1   [ RunTime:0.002619s ]
NOTIC: [8] Undefined index: uid /webHome/LFWZ000390/www/zc/Zc/Lib/Action/DealAction.class.php 第 18 行.

