[ 2015-08-12T02:08:31+08:00 ] 182.118.20.219 /zc/index.php?a=html&id=4&m=News
INFO: [ app_begin ] --START--
INFO: ReadHtmlCache Behavior ::run [ RunTime:0.000560s ]
INFO: [ app_begin ] --END-- [ RunTime:0.000766s ]
SQL: SHOW COLUMNS FROM `fanwe_nav` [ RunTime:0.005357s ]
SQL: SELECT * FROM `fanwe_nav` ORDER BY sort  [ RunTime:0.001398s ]
SQL: SHOW COLUMNS FROM `fanwe_deal_cate` [ RunTime:0.003417s ]
SQL: SELECT * FROM `fanwe_deal_cate` ORDER BY id  [ RunTime:0.001706s ]
SQL: SHOW COLUMNS FROM `fanwe_deal_keyword` [ RunTime:0.002726s ]
SQL: SELECT * FROM `fanwe_deal_keyword` LIMIT 1   [ RunTime:0.001317s ]
SQL: SHOW COLUMNS FROM `fanwe_news` [ RunTime:0.001771s ]
SQL: SELECT * FROM `fanwe_news` WHERE ( `id` = 4 ) LIMIT 1   [ RunTime:0.005390s ]
INFO: [ view_parse ] --START--
NOTIC: [8] Undefined index: uid /webHome/LFWZ000390/www/zc/Zc/Runtime/Cache/012cdf2fa3ba4152d6d6173485c32ca8.php 第 98 行.
NOTIC: [8] Use of undefined constant id - assumed 'id' /webHome/LFWZ000390/www/zc/Zc/Runtime/Cache/012cdf2fa3ba4152d6d6173485c32ca8.php 第 142 行.
SQL: SELECT * FROM `fanwe_news` WHERE ( `id` < '4' ) LIMIT 1   [ RunTime:0.002366s ]
SQL: SELECT * FROM `fanwe_news` WHERE ( `id` > '4' ) LIMIT 1   [ RunTime:0.001891s ]
INFO: ParseTemplate Behavior ::run [ RunTime:0.064725s ]
INFO: [ view_parse ] --END-- [ RunTime:0.064897s ]
INFO: [ view_filter ] --START--
INFO: ContentReplace Behavior ::run [ RunTime:0.000835s ]
INFO: TokenBuild Behavior ::run [ RunTime:0.000508s ]
INFO: WriteHtmlCache Behavior ::run [ RunTime:0.000387s ]
INFO: ShowRuntime Behavior ::run [ RunTime:0.000485s ]
INFO: [ view_filter ] --END-- [ RunTime:0.002481s ]
INFO: [ view_end ] --START--
INFO: ShowPageTrace Behavior ::run [ RunTime:0.000883s ]
INFO: [ view_end ] --END-- [ RunTime:0.001099s ]

[ 2015-08-12T02:55:14+08:00 ] 101.226.168.197 /zc/index.php?a=html&id=25&m=News
INFO: [ app_begin ] --START--
INFO: ReadHtmlCache Behavior ::run [ RunTime:0.000437s ]
INFO: [ app_begin ] --END-- [ RunTime:0.000569s ]
SQL: SHOW COLUMNS FROM `fanwe_nav` [ RunTime:0.004156s ]
SQL: SELECT * FROM `fanwe_nav` ORDER BY sort  [ RunTime:0.013430s ]
SQL: SHOW COLUMNS FROM `fanwe_deal_cate` [ RunTime:0.002466s ]
SQL: SELECT * FROM `fanwe_deal_cate` ORDER BY id  [ RunTime:0.003089s ]
SQL: SHOW COLUMNS FROM `fanwe_deal_keyword` [ RunTime:0.003792s ]
SQL: SELECT * FROM `fanwe_deal_keyword` LIMIT 1   [ RunTime:0.005975s ]
SQL: SHOW COLUMNS FROM `fanwe_news` [ RunTime:0.013306s ]
SQL: SELECT * FROM `fanwe_news` WHERE ( `id` = 25 ) LIMIT 1   [ RunTime:0.004337s ]
INFO: [ view_parse ] --START--
NOTIC: [8] Undefined index: uid /webHome/LFWZ000390/www/zc/Zc/Runtime/Cache/012cdf2fa3ba4152d6d6173485c32ca8.php 第 98 行.
NOTIC: [8] Use of undefined constant id - assumed 'id' /webHome/LFWZ000390/www/zc/Zc/Runtime/Cache/012cdf2fa3ba4152d6d6173485c32ca8.php 第 142 行.
SQL: SELECT * FROM `fanwe_news` WHERE ( `id` < null ) LIMIT 1   [ RunTime:0.002661s ]
SQL: SELECT * FROM `fanwe_news` WHERE ( `id` > null ) LIMIT 1   [ RunTime:0.003175s ]
INFO: ParseTemplate Behavior ::run [ RunTime:0.071060s ]
INFO: [ view_parse ] --END-- [ RunTime:0.072016s ]
INFO: [ view_filter ] --START--
INFO: ContentReplace Behavior ::run [ RunTime:0.001783s ]
INFO: TokenBuild Behavior ::run [ RunTime:0.006004s ]
INFO: WriteHtmlCache Behavior ::run [ RunTime:0.000705s ]
INFO: ShowRuntime Behavior ::run [ RunTime:0.000507s ]
INFO: [ view_filter ] --END-- [ RunTime:0.010397s ]
INFO: [ view_end ] --START--
INFO: ShowPageTrace Behavior ::run [ RunTime:0.000436s ]
INFO: [ view_end ] --END-- [ RunTime:0.000568s ]

[ 2015-08-12T02:59:18+08:00 ] 101.226.166.199 /zc/index.php?a=html&id=23&m=News
INFO: [ app_begin ] --START--
INFO: ReadHtmlCache Behavior ::run [ RunTime:0.000558s ]
INFO: [ app_begin ] --END-- [ RunTime:0.000688s ]
SQL: SHOW COLUMNS FROM `fanwe_nav` [ RunTime:0.002905s ]
SQL: SELECT * FROM `fanwe_nav` ORDER BY sort  [ RunTime:0.004478s ]
SQL: SHOW COLUMNS FROM `fanwe_deal_cate` [ RunTime:0.003024s ]
SQL: SELECT * FROM `fanwe_deal_cate` ORDER BY id  [ RunTime:0.001478s ]
SQL: SHOW COLUMNS FROM `fanwe_deal_keyword` [ RunTime:0.002645s ]
SQL: SELECT * FROM `fanwe_deal_keyword` LIMIT 1   [ RunTime:0.001887s ]
SQL: SHOW COLUMNS FROM `fanwe_news` [ RunTime:0.005502s ]
SQL: SELECT * FROM `fanwe_news` WHERE ( `id` = 23 ) LIMIT 1   [ RunTime:0.006450s ]
INFO: [ view_parse ] --START--
NOTIC: [8] Undefined index: uid /webHome/LFWZ000390/www/zc/Zc/Runtime/Cache/012cdf2fa3ba4152d6d6173485c32ca8.php 第 98 行.
NOTIC: [8] Use of undefined constant id - assumed 'id' /webHome/LFWZ000390/www/zc/Zc/Runtime/Cache/012cdf2fa3ba4152d6d6173485c32ca8.php 第 142 行.
SQL: SELECT * FROM `fanwe_news` WHERE ( `id` < null ) LIMIT 1   [ RunTime:0.010692s ]
SQL: SELECT * FROM `fanwe_news` WHERE ( `id` > null ) LIMIT 1   [ RunTime:0.002863s ]
INFO: ParseTemplate Behavior ::run [ RunTime:0.047202s ]
INFO: [ view_parse ] --END-- [ RunTime:0.047318s ]
INFO: [ view_filter ] --START--
INFO: ContentReplace Behavior ::run [ RunTime:0.000604s ]
INFO: TokenBuild Behavior ::run [ RunTime:0.000380s ]
INFO: WriteHtmlCache Behavior ::run [ RunTime:0.000377s ]
INFO: ShowRuntime Behavior ::run [ RunTime:0.000399s ]
INFO: [ view_filter ] --END-- [ RunTime:0.002025s ]
INFO: [ view_end ] --START--
INFO: ShowPageTrace Behavior ::run [ RunTime:0.000424s ]
INFO: [ view_end ] --END-- [ RunTime:0.000515s ]

[ 2015-08-12T08:01:18+08:00 ] 68.180.228.172 /zc/index.php?m=Deal&a=show&id=72
INFO: [ app_begin ] --START--
INFO: ReadHtmlCache Behavior ::run [ RunTime:0.000400s ]
INFO: [ app_begin ] --END-- [ RunTime:0.000526s ]
NOTIC: [2048] Declaration of DealAction::show() should be compatible with that of Action::show() /webHome/LFWZ000390/www/zc/Zc/Lib/Action/DealAction.class.php 第 13 行.
SQL: SHOW COLUMNS FROM `fanwe_nav` [ RunTime:0.008787s ]
SQL: SELECT * FROM `fanwe_nav` ORDER BY sort  [ RunTime:0.004950s ]
SQL: SHOW COLUMNS FROM `fanwe_deal_cate` [ RunTime:0.006603s ]
SQL: SELECT * FROM `fanwe_deal_cate` ORDER BY id  [ RunTime:0.015864s ]
SQL: SHOW COLUMNS FROM `fanwe_deal_keyword` [ RunTime:0.003477s ]
SQL: SELECT * FROM `fanwe_deal_keyword` LIMIT 1   [ RunTime:0.008585s ]
NOTIC: [8] Undefined index: uid /webHome/LFWZ000390/www/zc/Zc/Lib/Action/DealAction.class.php 第 18 行.

[ 2015-08-12T08:01:28+08:00 ] 68.180.228.172 /zc/index.php?m=User&a=login
INFO: [ app_begin ] --START--
INFO: ReadHtmlCache Behavior ::run [ RunTime:0.000714s ]
INFO: [ app_begin ] --END-- [ RunTime:0.000879s ]
SQL: SHOW COLUMNS FROM `fanwe_nav` [ RunTime:0.005693s ]
SQL: SELECT * FROM `fanwe_nav` ORDER BY sort  [ RunTime:0.005154s ]
SQL: SHOW COLUMNS FROM `fanwe_deal_cate` [ RunTime:0.008712s ]
SQL: SELECT * FROM `fanwe_deal_cate` ORDER BY id  [ RunTime:0.000679s ]
SQL: SHOW COLUMNS FROM `fanwe_deal_keyword` [ RunTime:0.011730s ]
SQL: SELECT * FROM `fanwe_deal_keyword` LIMIT 1   [ RunTime:0.007762s ]
INFO: [ view_parse ] --START--
NOTIC: [8] Undefined index: uid /webHome/LFWZ000390/www/zc/Zc/Runtime/Cache/42b90be8e9c40e58e803cfb6a2f683e9.php 第 76 行.
INFO: ParseTemplate Behavior ::run [ RunTime:0.045260s ]
INFO: [ view_parse ] --END-- [ RunTime:0.045412s ]
INFO: [ view_filter ] --START--
INFO: ContentReplace Behavior ::run [ RunTime:0.000594s ]
INFO: TokenBuild Behavior ::run [ RunTime:0.013471s ]
INFO: WriteHtmlCache Behavior ::run [ RunTime:0.000514s ]
INFO: ShowRuntime Behavior ::run [ RunTime:0.000442s ]
INFO: [ view_filter ] --END-- [ RunTime:0.015394s ]
INFO: [ view_end ] --START--
INFO: ShowPageTrace Behavior ::run [ RunTime:0.000416s ]
INFO: [ view_end ] --END-- [ RunTime:0.000505s ]

[ 2015-08-12T10:15:50+08:00 ] 66.249.75.76 /zc/index.php?m=News&a=html&id=30
INFO: [ app_begin ] --START--
INFO: ReadHtmlCache Behavior ::run [ RunTime:0.000474s ]
INFO: [ app_begin ] --END-- [ RunTime:0.000606s ]
SQL: SHOW COLUMNS FROM `fanwe_nav` [ RunTime:0.007669s ]
SQL: SELECT * FROM `fanwe_nav` ORDER BY sort  [ RunTime:0.002029s ]
SQL: SHOW COLUMNS FROM `fanwe_deal_cate` [ RunTime:0.005417s ]
SQL: SELECT * FROM `fanwe_deal_cate` ORDER BY id  [ RunTime:0.010801s ]
SQL: SHOW COLUMNS FROM `fanwe_deal_keyword` [ RunTime:0.008139s ]
SQL: SELECT * FROM `fanwe_deal_keyword` LIMIT 1   [ RunTime:0.001623s ]
SQL: SHOW COLUMNS FROM `fanwe_news` [ RunTime:0.007699s ]
SQL: SELECT * FROM `fanwe_news` WHERE ( `id` = 30 ) LIMIT 1   [ RunTime:0.002256s ]
INFO: [ view_parse ] --START--
NOTIC: [8] Undefined index: uid /webHome/LFWZ000390/www/zc/Zc/Runtime/Cache/012cdf2fa3ba4152d6d6173485c32ca8.php 第 98 行.
NOTIC: [8] Use of undefined constant id - assumed 'id' /webHome/LFWZ000390/www/zc/Zc/Runtime/Cache/012cdf2fa3ba4152d6d6173485c32ca8.php 第 142 行.
SQL: SELECT * FROM `fanwe_news` WHERE ( `id` < null ) LIMIT 1   [ RunTime:0.003280s ]
SQL: SELECT * FROM `fanwe_news` WHERE ( `id` > null ) LIMIT 1   [ RunTime:0.002382s ]
INFO: ParseTemplate Behavior ::run [ RunTime:0.053373s ]
INFO: [ view_parse ] --END-- [ RunTime:0.053493s ]
INFO: [ view_filter ] --START--
INFO: ContentReplace Behavior ::run [ RunTime:0.000642s ]
INFO: TokenBuild Behavior ::run [ RunTime:0.000383s ]
INFO: WriteHtmlCache Behavior ::run [ RunTime:0.000506s ]
INFO: ShowRuntime Behavior ::run [ RunTime:0.000430s ]
INFO: [ view_filter ] --END-- [ RunTime:0.002278s ]
INFO: [ view_end ] --START--
INFO: ShowPageTrace Behavior ::run [ RunTime:0.000409s ]
INFO: [ view_end ] --END-- [ RunTime:0.000504s ]

[ 2015-08-12T10:42:10+08:00 ] 58.18.159.91 /zc/
INFO: [ app_begin ] --START--
INFO: ReadHtmlCache Behavior ::run [ RunTime:0.000485s ]
INFO: [ app_begin ] --END-- [ RunTime:0.000639s ]
SQL: SHOW COLUMNS FROM `fanwe_nav` [ RunTime:0.008584s ]
SQL: SELECT * FROM `fanwe_nav` ORDER BY sort  [ RunTime:0.001516s ]
SQL: SHOW COLUMNS FROM `fanwe_deal_cate` [ RunTime:0.002440s ]
SQL: SELECT * FROM `fanwe_deal_cate` ORDER BY id  [ RunTime:0.007630s ]
SQL: SHOW COLUMNS FROM `fanwe_deal_keyword` [ RunTime:0.002532s ]
SQL: SELECT * FROM `fanwe_deal_keyword` LIMIT 1   [ RunTime:0.002002s ]
SQL: SHOW COLUMNS FROM `fanwe_showindex` [ RunTime:0.005372s ]
SQL: SELECT * FROM `fanwe_showindex`  [ RunTime:0.008366s ]
SQL: SHOW COLUMNS FROM `fanwe_deal` [ RunTime:0.006906s ]
SQL: SELECT id,name,image,end_time,limit_price,brief,support_amount,user_name,user_id,province,city,index_img FROM `fanwe_deal` WHERE ( `is_effect` = 1 ) ORDER BY sort desc,id desc LIMIT 0,7   [ RunTime:0.006981s ]
INFO: [ view_parse ] --START--
NOTIC: [8] Undefined index: uid /webHome/LFWZ000390/www/zc/Zc/Runtime/Cache/cc5c2cb31be8fd046a7cb83177e081f6.php 第 70 行.
INFO: ParseTemplate Behavior ::run [ RunTime:0.027110s ]
INFO: [ view_parse ] --END-- [ RunTime:0.027240s ]
INFO: [ view_filter ] --START--
INFO: ContentReplace Behavior ::run [ RunTime:0.000705s ]
INFO: TokenBuild Behavior ::run [ RunTime:0.000577s ]
INFO: WriteHtmlCache Behavior ::run [ RunTime:0.000354s ]
INFO: ShowRuntime Behavior ::run [ RunTime:0.000654s ]
INFO: [ view_filter ] --END-- [ RunTime:0.002714s ]
INFO: [ view_end ] --START--
INFO: ShowPageTrace Behavior ::run [ RunTime:0.000610s ]
INFO: [ view_end ] --END-- [ RunTime:0.000697s ]

[ 2015-08-12T10:42:25+08:00 ] 58.18.159.91 /zc/index.php?m=Deal&a=show&id=67
INFO: [ app_begin ] --START--
INFO: ReadHtmlCache Behavior ::run [ RunTime:0.000566s ]
INFO: [ app_begin ] --END-- [ RunTime:0.000702s ]
NOTIC: [2048] Declaration of DealAction::show() should be compatible with that of Action::show() /webHome/LFWZ000390/www/zc/Zc/Lib/Action/DealAction.class.php 第 13 行.
SQL: SHOW COLUMNS FROM `fanwe_nav` [ RunTime:0.002791s ]
SQL: SELECT * FROM `fanwe_nav` ORDER BY sort  [ RunTime:0.002349s ]
SQL: SHOW COLUMNS FROM `fanwe_deal_cate` [ RunTime:0.007315s ]
SQL: SELECT * FROM `fanwe_deal_cate` ORDER BY id  [ RunTime:0.002008s ]
SQL: SHOW COLUMNS FROM `fanwe_deal_keyword` [ RunTime:0.003419s ]
SQL: SELECT * FROM `fanwe_deal_keyword` LIMIT 1   [ RunTime:0.011937s ]
NOTIC: [8] Undefined index: uid /webHome/LFWZ000390/www/zc/Zc/Lib/Action/DealAction.class.php 第 18 行.

[ 2015-08-12T10:42:27+08:00 ] 58.18.159.91 /zc/index.php?m=User&a=login
INFO: [ app_begin ] --START--
INFO: ReadHtmlCache Behavior ::run [ RunTime:0.000603s ]
INFO: [ app_begin ] --END-- [ RunTime:0.001230s ]
SQL: SHOW COLUMNS FROM `fanwe_nav` [ RunTime:0.003528s ]
SQL: SELECT * FROM `fanwe_nav` ORDER BY sort  [ RunTime:0.005835s ]
SQL: SHOW COLUMNS FROM `fanwe_deal_cate` [ RunTime:0.003092s ]
SQL: SELECT * FROM `fanwe_deal_cate` ORDER BY id  [ RunTime:0.001554s ]
SQL: SHOW COLUMNS FROM `fanwe_deal_keyword` [ RunTime:0.003616s ]
SQL: SELECT * FROM `fanwe_deal_keyword` LIMIT 1   [ RunTime:0.002282s ]
INFO: [ view_parse ] --START--
NOTIC: [8] Undefined index: uid /webHome/LFWZ000390/www/zc/Zc/Runtime/Cache/42b90be8e9c40e58e803cfb6a2f683e9.php 第 76 行.
INFO: ParseTemplate Behavior ::run [ RunTime:0.033608s ]
INFO: [ view_parse ] --END-- [ RunTime:0.033756s ]
INFO: [ view_filter ] --START--
INFO: ContentReplace Behavior ::run [ RunTime:0.000498s ]
INFO: TokenBuild Behavior ::run [ RunTime:0.002635s ]
INFO: WriteHtmlCache Behavior ::run [ RunTime:0.000400s ]
INFO: ShowRuntime Behavior ::run [ RunTime:0.000482s ]
INFO: [ view_filter ] --END-- [ RunTime:0.004390s ]
INFO: [ view_end ] --START--
INFO: ShowPageTrace Behavior ::run [ RunTime:0.000463s ]
INFO: [ view_end ] --END-- [ RunTime:0.000581s ]

[ 2015-08-12T10:59:04+08:00 ] 58.18.159.91 /zc/
INFO: [ app_begin ] --START--
INFO: ReadHtmlCache Behavior ::run [ RunTime:0.000602s ]
INFO: [ app_begin ] --END-- [ RunTime:0.000810s ]
SQL: SHOW COLUMNS FROM `fanwe_nav` [ RunTime:0.007877s ]
SQL: SELECT * FROM `fanwe_nav` ORDER BY sort  [ RunTime:0.003581s ]
SQL: SHOW COLUMNS FROM `fanwe_deal_cate` [ RunTime:0.005255s ]
SQL: SELECT * FROM `fanwe_deal_cate` ORDER BY id  [ RunTime:0.003806s ]
SQL: SHOW COLUMNS FROM `fanwe_deal_keyword` [ RunTime:0.009351s ]
SQL: SELECT * FROM `fanwe_deal_keyword` LIMIT 1   [ RunTime:0.002305s ]
SQL: SHOW COLUMNS FROM `fanwe_showindex` [ RunTime:0.005635s ]
SQL: SELECT * FROM `fanwe_showindex`  [ RunTime:0.004685s ]
SQL: SHOW COLUMNS FROM `fanwe_deal` [ RunTime:0.012718s ]
SQL: SELECT id,name,image,end_time,limit_price,brief,support_amount,user_name,user_id,province,city,index_img FROM `fanwe_deal` WHERE ( `is_effect` = 1 ) ORDER BY sort desc,id desc LIMIT 0,7   [ RunTime:0.001590s ]
INFO: [ view_parse ] --START--
NOTIC: [8] Undefined index: uid /webHome/LFWZ000390/www/zc/Zc/Runtime/Cache/cc5c2cb31be8fd046a7cb83177e081f6.php 第 70 行.
INFO: ParseTemplate Behavior ::run [ RunTime:0.026887s ]
INFO: [ view_parse ] --END-- [ RunTime:0.027018s ]
INFO: [ view_filter ] --START--
INFO: ContentReplace Behavior ::run [ RunTime:0.000559s ]
INFO: TokenBuild Behavior ::run [ RunTime:0.009687s ]
INFO: WriteHtmlCache Behavior ::run [ RunTime:0.000437s ]
INFO: ShowRuntime Behavior ::run [ RunTime:0.000883s ]
INFO: [ view_filter ] --END-- [ RunTime:0.012199s ]
INFO: [ view_end ] --START--
INFO: ShowPageTrace Behavior ::run [ RunTime:0.003645s ]
INFO: [ view_end ] --END-- [ RunTime:0.003853s ]

[ 2015-08-12T10:59:09+08:00 ] 58.18.159.91 /zc/index.php?m=Deal&a=show&id=67
INFO: [ app_begin ] --START--
INFO: ReadHtmlCache Behavior ::run [ RunTime:0.000466s ]
INFO: [ app_begin ] --END-- [ RunTime:0.000743s ]
NOTIC: [2048] Declaration of DealAction::show() should be compatible with that of Action::show() /webHome/LFWZ000390/www/zc/Zc/Lib/Action/DealAction.class.php 第 13 行.
SQL: SHOW COLUMNS FROM `fanwe_nav` [ RunTime:0.002858s ]
SQL: SELECT * FROM `fanwe_nav` ORDER BY sort  [ RunTime:0.001664s ]
SQL: SHOW COLUMNS FROM `fanwe_deal_cate` [ RunTime:0.002483s ]
SQL: SELECT * FROM `fanwe_deal_cate` ORDER BY id  [ RunTime:0.001275s ]
SQL: SHOW COLUMNS FROM `fanwe_deal_keyword` [ RunTime:0.004358s ]
SQL: SELECT * FROM `fanwe_deal_keyword` LIMIT 1   [ RunTime:0.001480s ]
NOTIC: [8] Undefined index: uid /webHome/LFWZ000390/www/zc/Zc/Lib/Action/DealAction.class.php 第 18 行.

[ 2015-08-12T10:59:09+08:00 ] 58.18.159.91 /zc/index.php?m=User&a=login
INFO: [ app_begin ] --START--
INFO: ReadHtmlCache Behavior ::run [ RunTime:0.001929s ]
INFO: [ app_begin ] --END-- [ RunTime:0.002131s ]
SQL: SHOW COLUMNS FROM `fanwe_nav` [ RunTime:0.003165s ]
SQL: SELECT * FROM `fanwe_nav` ORDER BY sort  [ RunTime:0.002077s ]
SQL: SHOW COLUMNS FROM `fanwe_deal_cate` [ RunTime:0.005454s ]
SQL: SELECT * FROM `fanwe_deal_cate` ORDER BY id  [ RunTime:0.001853s ]
SQL: SHOW COLUMNS FROM `fanwe_deal_keyword` [ RunTime:0.003842s ]
SQL: SELECT * FROM `fanwe_deal_keyword` LIMIT 1   [ RunTime:0.003509s ]
INFO: [ view_parse ] --START--
NOTIC: [8] Undefined index: uid /webHome/LFWZ000390/www/zc/Zc/Runtime/Cache/42b90be8e9c40e58e803cfb6a2f683e9.php 第 76 行.
INFO: ParseTemplate Behavior ::run [ RunTime:0.032485s ]
INFO: [ view_parse ] --END-- [ RunTime:0.032611s ]
INFO: [ view_filter ] --START--
INFO: ContentReplace Behavior ::run [ RunTime:0.001304s ]
INFO: TokenBuild Behavior ::run [ RunTime:0.000412s ]
INFO: WriteHtmlCache Behavior ::run [ RunTime:0.000325s ]
INFO: ShowRuntime Behavior ::run [ RunTime:0.000467s ]
INFO: [ view_filter ] --END-- [ RunTime:0.002854s ]
INFO: [ view_end ] --START--
INFO: ShowPageTrace Behavior ::run [ RunTime:0.000389s ]
INFO: [ view_end ] --END-- [ RunTime:0.000484s ]

[ 2015-08-12T10:59:10+08:00 ] 58.18.159.91 /zc/index.php?m=Deal&a=show&id=67
INFO: [ app_begin ] --START--
INFO: ReadHtmlCache Behavior ::run [ RunTime:0.000384s ]
INFO: [ app_begin ] --END-- [ RunTime:0.000565s ]
NOTIC: [2048] Declaration of DealAction::show() should be compatible with that of Action::show() /webHome/LFWZ000390/www/zc/Zc/Lib/Action/DealAction.class.php 第 13 行.
SQL: SHOW COLUMNS FROM `fanwe_nav` [ RunTime:0.002284s ]
SQL: SELECT * FROM `fanwe_nav` ORDER BY sort  [ RunTime:0.002278s ]
SQL: SHOW COLUMNS FROM `fanwe_deal_cate` [ RunTime:0.010965s ]
SQL: SELECT * FROM `fanwe_deal_cate` ORDER BY id  [ RunTime:0.006632s ]
SQL: SHOW COLUMNS FROM `fanwe_deal_keyword` [ RunTime:0.003412s ]
SQL: SELECT * FROM `fanwe_deal_keyword` LIMIT 1   [ RunTime:0.001967s ]
NOTIC: [8] Undefined index: uid /webHome/LFWZ000390/www/zc/Zc/Lib/Action/DealAction.class.php 第 18 行.

[ 2015-08-12T10:59:12+08:00 ] 58.18.159.91 /zc/index.php?m=User&a=login
INFO: [ app_begin ] --START--
INFO: ReadHtmlCache Behavior ::run [ RunTime:0.001667s ]
INFO: [ app_begin ] --END-- [ RunTime:0.002127s ]
SQL: SHOW COLUMNS FROM `fanwe_nav` [ RunTime:0.005853s ]
SQL: SELECT * FROM `fanwe_nav` ORDER BY sort  [ RunTime:0.002150s ]
SQL: SHOW COLUMNS FROM `fanwe_deal_cate` [ RunTime:0.001996s ]
SQL: SELECT * FROM `fanwe_deal_cate` ORDER BY id  [ RunTime:0.004426s ]
SQL: SHOW COLUMNS FROM `fanwe_deal_keyword` [ RunTime:0.002376s ]
SQL: SELECT * FROM `fanwe_deal_keyword` LIMIT 1   [ RunTime:0.004616s ]
INFO: [ view_parse ] --START--
NOTIC: [8] Undefined index: uid /webHome/LFWZ000390/www/zc/Zc/Runtime/Cache/42b90be8e9c40e58e803cfb6a2f683e9.php 第 76 行.
INFO: ParseTemplate Behavior ::run [ RunTime:0.020531s ]
INFO: [ view_parse ] --END-- [ RunTime:0.020693s ]
INFO: [ view_filter ] --START--
INFO: ContentReplace Behavior ::run [ RunTime:0.000546s ]
INFO: TokenBuild Behavior ::run [ RunTime:0.000523s ]
INFO: WriteHtmlCache Behavior ::run [ RunTime:0.000418s ]
INFO: ShowRuntime Behavior ::run [ RunTime:0.011279s ]
INFO: [ view_filter ] --END-- [ RunTime:0.013155s ]
INFO: [ view_end ] --START--
INFO: ShowPageTrace Behavior ::run [ RunTime:0.000957s ]
INFO: [ view_end ] --END-- [ RunTime:0.001098s ]

[ 2015-08-12T10:59:14+08:00 ] 58.18.159.91 /zc/index.php?m=Deal&a=show&id=67
INFO: [ app_begin ] --START--
INFO: ReadHtmlCache Behavior ::run [ RunTime:0.005803s ]
INFO: [ app_begin ] --END-- [ RunTime:0.005941s ]
NOTIC: [2048] Declaration of DealAction::show() should be compatible with that of Action::show() /webHome/LFWZ000390/www/zc/Zc/Lib/Action/DealAction.class.php 第 13 行.
SQL: SHOW COLUMNS FROM `fanwe_nav` [ RunTime:0.006265s ]
SQL: SELECT * FROM `fanwe_nav` ORDER BY sort  [ RunTime:0.006827s ]
SQL: SHOW COLUMNS FROM `fanwe_deal_cate` [ RunTime:0.003197s ]
SQL: SELECT * FROM `fanwe_deal_cate` ORDER BY id  [ RunTime:0.015081s ]
SQL: SHOW COLUMNS FROM `fanwe_deal_keyword` [ RunTime:0.006423s ]
SQL: SELECT * FROM `fanwe_deal_keyword` LIMIT 1   [ RunTime:0.004861s ]
NOTIC: [8] Undefined index: uid /webHome/LFWZ000390/www/zc/Zc/Lib/Action/DealAction.class.php 第 18 行.

[ 2015-08-12T10:59:14+08:00 ] 58.18.159.91 /zc/index.php?m=Deal&a=show&id=67
INFO: [ app_begin ] --START--
INFO: ReadHtmlCache Behavior ::run [ RunTime:0.000506s ]
INFO: [ app_begin ] --END-- [ RunTime:0.000706s ]
NOTIC: [2048] Declaration of DealAction::show() should be compatible with that of Action::show() /webHome/LFWZ000390/www/zc/Zc/Lib/Action/DealAction.class.php 第 13 行.
SQL: SHOW COLUMNS FROM `fanwe_nav` [ RunTime:0.009162s ]
SQL: SELECT * FROM `fanwe_nav` ORDER BY sort  [ RunTime:0.009190s ]
SQL: SHOW COLUMNS FROM `fanwe_deal_cate` [ RunTime:0.003582s ]
SQL: SELECT * FROM `fanwe_deal_cate` ORDER BY id  [ RunTime:0.001269s ]
SQL: SHOW COLUMNS FROM `fanwe_deal_keyword` [ RunTime:0.007934s ]
SQL: SELECT * FROM `fanwe_deal_keyword` LIMIT 1   [ RunTime:0.005558s ]
NOTIC: [8] Undefined index: uid /webHome/LFWZ000390/www/zc/Zc/Lib/Action/DealAction.class.php 第 18 行.

[ 2015-08-12T10:59:14+08:00 ] 58.18.159.91 /zc/index.php?m=Deal&a=show&id=67
INFO: [ app_begin ] --START--
INFO: ReadHtmlCache Behavior ::run [ RunTime:0.000473s ]
INFO: [ app_begin ] --END-- [ RunTime:0.000734s ]
NOTIC: [2048] Declaration of DealAction::show() should be compatible with that of Action::show() /webHome/LFWZ000390/www/zc/Zc/Lib/Action/DealAction.class.php 第 13 行.
SQL: SHOW COLUMNS FROM `fanwe_nav` [ RunTime:0.002807s ]
SQL: SELECT * FROM `fanwe_nav` ORDER BY sort  [ RunTime:0.004883s ]
SQL: SHOW COLUMNS FROM `fanwe_deal_cate` [ RunTime:0.003797s ]
SQL: SELECT * FROM `fanwe_deal_cate` ORDER BY id  [ RunTime:0.002585s ]
SQL: SHOW COLUMNS FROM `fanwe_deal_keyword` [ RunTime:0.001874s ]
SQL: SELECT * FROM `fanwe_deal_keyword` LIMIT 1   [ RunTime:0.003922s ]
NOTIC: [8] Undefined index: uid /webHome/LFWZ000390/www/zc/Zc/Lib/Action/DealAction.class.php 第 18 行.

[ 2015-08-12T10:59:14+08:00 ] 58.18.159.91 /zc/index.php?m=Deal&a=show&id=67
INFO: [ app_begin ] --START--
INFO: ReadHtmlCache Behavior ::run [ RunTime:0.000584s ]
INFO: [ app_begin ] --END-- [ RunTime:0.000765s ]
NOTIC: [2048] Declaration of DealAction::show() should be compatible with that of Action::show() /webHome/LFWZ000390/www/zc/Zc/Lib/Action/DealAction.class.php 第 13 行.
SQL: SHOW COLUMNS FROM `fanwe_nav` [ RunTime:0.003285s ]
SQL: SELECT * FROM `fanwe_nav` ORDER BY sort  [ RunTime:0.003213s ]
SQL: SHOW COLUMNS FROM `fanwe_deal_cate` [ RunTime:0.001939s ]
SQL: SELECT * FROM `fanwe_deal_cate` ORDER BY id  [ RunTime:0.002360s ]
SQL: SHOW COLUMNS FROM `fanwe_deal_keyword` [ RunTime:0.003644s ]
SQL: SELECT * FROM `fanwe_deal_keyword` LIMIT 1   [ RunTime:0.001960s ]
NOTIC: [8] Undefined index: uid /webHome/LFWZ000390/www/zc/Zc/Lib/Action/DealAction.class.php 第 18 行.

[ 2015-08-12T10:59:14+08:00 ] 58.18.159.91 /zc/index.php?m=User&a=login
INFO: [ app_begin ] --START--
INFO: ReadHtmlCache Behavior ::run [ RunTime:0.000785s ]
INFO: [ app_begin ] --END-- [ RunTime:0.008213s ]
SQL: SHOW COLUMNS FROM `fanwe_nav` [ RunTime:0.005061s ]
SQL: SELECT * FROM `fanwe_nav` ORDER BY sort  [ RunTime:0.006330s ]
SQL: SHOW COLUMNS FROM `fanwe_deal_cate` [ RunTime:0.011679s ]
SQL: SELECT * FROM `fanwe_deal_cate` ORDER BY id  [ RunTime:0.001854s ]
SQL: SHOW COLUMNS FROM `fanwe_deal_keyword` [ RunTime:0.001889s ]
SQL: SELECT * FROM `fanwe_deal_keyword` LIMIT 1   [ RunTime:0.006185s ]
INFO: [ view_parse ] --START--
NOTIC: [8] Undefined index: uid /webHome/LFWZ000390/www/zc/Zc/Runtime/Cache/42b90be8e9c40e58e803cfb6a2f683e9.php 第 76 行.
INFO: ParseTemplate Behavior ::run [ RunTime:0.048841s ]
INFO: [ view_parse ] --END-- [ RunTime:0.049005s ]
INFO: [ view_filter ] --START--
INFO: ContentReplace Behavior ::run [ RunTime:0.000945s ]
INFO: TokenBuild Behavior ::run [ RunTime:0.013082s ]
INFO: WriteHtmlCache Behavior ::run [ RunTime:0.000581s ]
INFO: ShowRuntime Behavior ::run [ RunTime:0.000499s ]
INFO: [ view_filter ] --END-- [ RunTime:0.015485s ]
INFO: [ view_end ] --START--
INFO: ShowPageTrace Behavior ::run [ RunTime:0.000527s ]
INFO: [ view_end ] --END-- [ RunTime:0.000653s ]

[ 2015-08-12T10:59:18+08:00 ] 58.18.159.91 /zc/index.php?m=User&a=do_login
INFO: [ app_begin ] --START--
INFO: ReadHtmlCache Behavior ::run [ RunTime:0.000489s ]
INFO: [ app_begin ] --END-- [ RunTime:0.000659s ]
SQL: SHOW COLUMNS FROM `fanwe_nav` [ RunTime:0.002645s ]
SQL: SELECT * FROM `fanwe_nav` ORDER BY sort  [ RunTime:0.001336s ]
SQL: SHOW COLUMNS FROM `fanwe_deal_cate` [ RunTime:0.010003s ]
SQL: SELECT * FROM `fanwe_deal_cate` ORDER BY id  [ RunTime:0.006916s ]
SQL: SHOW COLUMNS FROM `fanwe_deal_keyword` [ RunTime:0.002389s ]
SQL: SELECT * FROM `fanwe_deal_keyword` LIMIT 1   [ RunTime:0.003226s ]
SQL: SHOW COLUMNS FROM `fanwe_user` [ RunTime:0.004158s ]
SQL: SELECT * FROM `fanwe_user` WHERE ( `user_name` = '请输入您的帐号' ) AND ( `user_pwd` = 'd67c7cad3a5c4c9ae68fa0f61eb1fa42' ) LIMIT 1   [ RunTime:0.008022s ]
INFO: [ view_parse ] --START--
NOTIC: [8] Undefined variable: message /webHome/LFWZ000390/www/zc/Zc/Runtime/Cache/a9a9ac390b925ab97eb3629c0ddb69a4.php 第 23 行.
INFO: ParseTemplate Behavior ::run [ RunTime:0.013340s ]
INFO: [ view_parse ] --END-- [ RunTime:0.013506s ]
INFO: [ view_filter ] --START--
INFO: ContentReplace Behavior ::run [ RunTime:0.000511s ]
INFO: TokenBuild Behavior ::run [ RunTime:0.000543s ]
INFO: WriteHtmlCache Behavior ::run [ RunTime:0.000405s ]
INFO: ShowRuntime Behavior ::run [ RunTime:0.000523s ]
INFO: [ view_filter ] --END-- [ RunTime:0.002258s ]
INFO: [ view_end ] --START--
INFO: ShowPageTrace Behavior ::run [ RunTime:0.000430s ]
INFO: [ view_end ] --END-- [ RunTime:0.000560s ]

[ 2015-08-12T10:59:29+08:00 ] 58.18.159.91 /zc/index.php?m=Deals&a=rec
INFO: [ app_begin ] --START--
INFO: ReadHtmlCache Behavior ::run [ RunTime:0.000790s ]
INFO: [ app_begin ] --END-- [ RunTime:0.000931s ]
SQL: SHOW COLUMNS FROM `fanwe_nav` [ RunTime:0.010130s ]
SQL: SELECT * FROM `fanwe_nav` ORDER BY sort  [ RunTime:0.002082s ]
SQL: SHOW COLUMNS FROM `fanwe_deal_cate` [ RunTime:0.017243s ]
SQL: SELECT * FROM `fanwe_deal_cate` ORDER BY id  [ RunTime:0.003380s ]
SQL: SHOW COLUMNS FROM `fanwe_deal_keyword` [ RunTime:0.002975s ]
SQL: SELECT * FROM `fanwe_deal_keyword` LIMIT 1   [ RunTime:0.001851s ]
NOTIC: [8] Undefined index: uid /webHome/LFWZ000390/www/zc/Zc/Lib/Action/DealsAction.class.php 第 55 行.

[ 2015-08-12T10:59:30+08:00 ] 58.18.159.91 /zc/index.php?m=User&a=login
INFO: [ app_begin ] --START--
INFO: ReadHtmlCache Behavior ::run [ RunTime:0.000431s ]
INFO: [ app_begin ] --END-- [ RunTime:0.000527s ]
SQL: SHOW COLUMNS FROM `fanwe_nav` [ RunTime:0.004749s ]
SQL: SELECT * FROM `fanwe_nav` ORDER BY sort  [ RunTime:0.007808s ]
SQL: SHOW COLUMNS FROM `fanwe_deal_cate` [ RunTime:0.003654s ]
SQL: SELECT * FROM `fanwe_deal_cate` ORDER BY id  [ RunTime:0.004651s ]
SQL: SHOW COLUMNS FROM `fanwe_deal_keyword` [ RunTime:0.002875s ]
SQL: SELECT * FROM `fanwe_deal_keyword` LIMIT 1   [ RunTime:0.002963s ]
INFO: [ view_parse ] --START--
NOTIC: [8] Undefined index: uid /webHome/LFWZ000390/www/zc/Zc/Runtime/Cache/42b90be8e9c40e58e803cfb6a2f683e9.php 第 76 行.
INFO: ParseTemplate Behavior ::run [ RunTime:0.021873s ]
INFO: [ view_parse ] --END-- [ RunTime:0.021996s ]
INFO: [ view_filter ] --START--
INFO: ContentReplace Behavior ::run [ RunTime:0.000535s ]
INFO: TokenBuild Behavior ::run [ RunTime:0.000439s ]
INFO: WriteHtmlCache Behavior ::run [ RunTime:0.000383s ]
INFO: ShowRuntime Behavior ::run [ RunTime:0.005799s ]
INFO: [ view_filter ] --END-- [ RunTime:0.007521s ]
INFO: [ view_end ] --START--
INFO: ShowPageTrace Behavior ::run [ RunTime:0.010991s ]
INFO: [ view_end ] --END-- [ RunTime:0.011117s ]

[ 2015-08-12T15:30:43+08:00 ] 58.18.159.91 /zc/
INFO: [ app_begin ] --START--
INFO: ReadHtmlCache Behavior ::run [ RunTime:0.000536s ]
INFO: [ app_begin ] --END-- [ RunTime:0.005732s ]
SQL: SHOW COLUMNS FROM `fanwe_nav` [ RunTime:0.006610s ]
SQL: SELECT * FROM `fanwe_nav` ORDER BY sort  [ RunTime:0.001814s ]
SQL: SHOW COLUMNS FROM `fanwe_deal_cate` [ RunTime:0.002945s ]
SQL: SELECT * FROM `fanwe_deal_cate` ORDER BY id  [ RunTime:0.002487s ]
SQL: SHOW COLUMNS FROM `fanwe_deal_keyword` [ RunTime:0.004038s ]
SQL: SELECT * FROM `fanwe_deal_keyword` LIMIT 1   [ RunTime:0.001713s ]
SQL: SHOW COLUMNS FROM `fanwe_showindex` [ RunTime:0.002399s ]
SQL: SELECT * FROM `fanwe_showindex`  [ RunTime:0.002186s ]
SQL: SHOW COLUMNS FROM `fanwe_deal` [ RunTime:0.011483s ]
SQL: SELECT id,name,image,end_time,limit_price,brief,support_amount,user_name,user_id,province,city,index_img FROM `fanwe_deal` WHERE ( `is_effect` = 1 ) ORDER BY sort desc,id desc LIMIT 0,7   [ RunTime:0.010809s ]
INFO: [ view_parse ] --START--
NOTIC: [8] Undefined index: uid /webHome/LFWZ000390/www/zc/Zc/Runtime/Cache/cc5c2cb31be8fd046a7cb83177e081f6.php 第 70 行.
INFO: ParseTemplate Behavior ::run [ RunTime:0.073126s ]
INFO: [ view_parse ] --END-- [ RunTime:0.073306s ]
INFO: [ view_filter ] --START--
INFO: ContentReplace Behavior ::run [ RunTime:0.001141s ]
INFO: TokenBuild Behavior ::run [ RunTime:0.000492s ]
INFO: WriteHtmlCache Behavior ::run [ RunTime:0.000409s ]
INFO: ShowRuntime Behavior ::run [ RunTime:0.008938s ]
INFO: [ view_filter ] --END-- [ RunTime:0.011307s ]
INFO: [ view_end ] --START--
INFO: ShowPageTrace Behavior ::run [ RunTime:0.000428s ]
INFO: [ view_end ] --END-- [ RunTime:0.000527s ]

[ 2015-08-12T15:31:35+08:00 ] 58.18.159.91 /zc/index.php?m=Deals&a=index&tid=6
INFO: [ app_begin ] --START--
INFO: ReadHtmlCache Behavior ::run [ RunTime:0.000513s ]
INFO: [ app_begin ] --END-- [ RunTime:0.000672s ]
SQL: SHOW COLUMNS FROM `fanwe_nav` [ RunTime:0.002351s ]
SQL: SELECT * FROM `fanwe_nav` ORDER BY sort  [ RunTime:0.002111s ]
SQL: SHOW COLUMNS FROM `fanwe_deal_cate` [ RunTime:0.002947s ]
SQL: SELECT * FROM `fanwe_deal_cate` ORDER BY id  [ RunTime:0.001615s ]
SQL: SHOW COLUMNS FROM `fanwe_deal_keyword` [ RunTime:0.007277s ]
SQL: SELECT * FROM `fanwe_deal_keyword` LIMIT 1   [ RunTime:0.001853s ]
NOTIC: [8] Undefined index: uid /webHome/LFWZ000390/www/zc/Zc/Lib/Action/DealsAction.class.php 第 18 行.

[ 2015-08-12T15:31:36+08:00 ] 58.18.159.91 /zc/index.php?m=User&a=login
INFO: [ app_begin ] --START--
INFO: ReadHtmlCache Behavior ::run [ RunTime:0.000486s ]
INFO: [ app_begin ] --END-- [ RunTime:0.000642s ]
SQL: SHOW COLUMNS FROM `fanwe_nav` [ RunTime:0.001882s ]
SQL: SELECT * FROM `fanwe_nav` ORDER BY sort  [ RunTime:0.004913s ]
SQL: SHOW COLUMNS FROM `fanwe_deal_cate` [ RunTime:0.001838s ]
SQL: SELECT * FROM `fanwe_deal_cate` ORDER BY id  [ RunTime:0.001436s ]
SQL: SHOW COLUMNS FROM `fanwe_deal_keyword` [ RunTime:0.003591s ]
SQL: SELECT * FROM `fanwe_deal_keyword` LIMIT 1   [ RunTime:0.001497s ]
INFO: [ view_parse ] --START--
NOTIC: [8] Undefined index: uid /webHome/LFWZ000390/www/zc/Zc/Runtime/Cache/42b90be8e9c40e58e803cfb6a2f683e9.php 第 76 行.
INFO: ParseTemplate Behavior ::run [ RunTime:0.019529s ]
INFO: [ view_parse ] --END-- [ RunTime:0.019653s ]
INFO: [ view_filter ] --START--
INFO: ContentReplace Behavior ::run [ RunTime:0.006044s ]
INFO: TokenBuild Behavior ::run [ RunTime:0.000747s ]
INFO: WriteHtmlCache Behavior ::run [ RunTime:0.000442s ]
INFO: ShowRuntime Behavior ::run [ RunTime:0.000570s ]
INFO: [ view_filter ] --END-- [ RunTime:0.008192s ]
INFO: [ view_end ] --START--
INFO: ShowPageTrace Behavior ::run [ RunTime:0.002702s ]
INFO: [ view_end ] --END-- [ RunTime:0.002820s ]

[ 2015-08-12T15:31:46+08:00 ] 58.18.159.91 /zc/index.php?m=Deals&a=index&tid=7
INFO: [ app_begin ] --START--
INFO: ReadHtmlCache Behavior ::run [ RunTime:0.000491s ]
INFO: [ app_begin ] --END-- [ RunTime:0.000626s ]
SQL: SHOW COLUMNS FROM `fanwe_nav` [ RunTime:0.002519s ]
SQL: SELECT * FROM `fanwe_nav` ORDER BY sort  [ RunTime:0.005110s ]
SQL: SHOW COLUMNS FROM `fanwe_deal_cate` [ RunTime:0.003486s ]
SQL: SELECT * FROM `fanwe_deal_cate` ORDER BY id  [ RunTime:0.002848s ]
SQL: SHOW COLUMNS FROM `fanwe_deal_keyword` [ RunTime:0.004374s ]
SQL: SELECT * FROM `fanwe_deal_keyword` LIMIT 1   [ RunTime:0.005214s ]
NOTIC: [8] Undefined index: uid /webHome/LFWZ000390/www/zc/Zc/Lib/Action/DealsAction.class.php 第 18 行.

[ 2015-08-12T15:31:48+08:00 ] 58.18.159.91 /zc/index.php?m=User&a=login
INFO: [ app_begin ] --START--
INFO: ReadHtmlCache Behavior ::run [ RunTime:0.000565s ]
INFO: [ app_begin ] --END-- [ RunTime:0.000709s ]
SQL: SHOW COLUMNS FROM `fanwe_nav` [ RunTime:0.008158s ]
SQL: SELECT * FROM `fanwe_nav` ORDER BY sort  [ RunTime:0.001092s ]
SQL: SHOW COLUMNS FROM `fanwe_deal_cate` [ RunTime:0.004876s ]
SQL: SELECT * FROM `fanwe_deal_cate` ORDER BY id  [ RunTime:0.001533s ]
SQL: SHOW COLUMNS FROM `fanwe_deal_keyword` [ RunTime:0.002315s ]
SQL: SELECT * FROM `fanwe_deal_keyword` LIMIT 1   [ RunTime:0.003832s ]
INFO: [ view_parse ] --START--
NOTIC: [8] Undefined index: uid /webHome/LFWZ000390/www/zc/Zc/Runtime/Cache/42b90be8e9c40e58e803cfb6a2f683e9.php 第 76 行.
INFO: ParseTemplate Behavior ::run [ RunTime:0.029695s ]
INFO: [ view_parse ] --END-- [ RunTime:0.029843s ]
INFO: [ view_filter ] --START--
INFO: ContentReplace Behavior ::run [ RunTime:0.000506s ]
INFO: TokenBuild Behavior ::run [ RunTime:0.000416s ]
INFO: WriteHtmlCache Behavior ::run [ RunTime:0.000326s ]
INFO: ShowRuntime Behavior ::run [ RunTime:0.000487s ]
INFO: [ view_filter ] --END-- [ RunTime:0.002002s ]
INFO: [ view_end ] --START--
INFO: ShowPageTrace Behavior ::run [ RunTime:0.000383s ]
INFO: [ view_end ] --END-- [ RunTime:0.000475s ]

[ 2015-08-12T15:31:48+08:00 ] 58.18.159.91 /zc/index.php?m=Deals&a=index&tid=7
INFO: [ app_begin ] --START--
INFO: ReadHtmlCache Behavior ::run [ RunTime:0.000640s ]
INFO: [ app_begin ] --END-- [ RunTime:0.000761s ]
SQL: SHOW COLUMNS FROM `fanwe_nav` [ RunTime:0.004474s ]
SQL: SELECT * FROM `fanwe_nav` ORDER BY sort  [ RunTime:0.002014s ]
SQL: SHOW COLUMNS FROM `fanwe_deal_cate` [ RunTime:0.002492s ]
SQL: SELECT * FROM `fanwe_deal_cate` ORDER BY id  [ RunTime:0.001615s ]
SQL: SHOW COLUMNS FROM `fanwe_deal_keyword` [ RunTime:0.002228s ]
SQL: SELECT * FROM `fanwe_deal_keyword` LIMIT 1   [ RunTime:0.003707s ]
NOTIC: [8] Undefined index: uid /webHome/LFWZ000390/www/zc/Zc/Lib/Action/DealsAction.class.php 第 18 行.

[ 2015-08-12T15:31:57+08:00 ] 58.18.159.91 /zc/index.php?m=User&a=login
INFO: [ app_begin ] --START--
INFO: ReadHtmlCache Behavior ::run [ RunTime:0.000524s ]
INFO: [ app_begin ] --END-- [ RunTime:0.000645s ]
SQL: SHOW COLUMNS FROM `fanwe_nav` [ RunTime:0.009475s ]
SQL: SELECT * FROM `fanwe_nav` ORDER BY sort  [ RunTime:0.003376s ]
SQL: SHOW COLUMNS FROM `fanwe_deal_cate` [ RunTime:0.003641s ]
SQL: SELECT * FROM `fanwe_deal_cate` ORDER BY id  [ RunTime:0.002830s ]
SQL: SHOW COLUMNS FROM `fanwe_deal_keyword` [ RunTime:0.005484s ]
SQL: SELECT * FROM `fanwe_deal_keyword` LIMIT 1   [ RunTime:0.003067s ]
INFO: [ view_parse ] --START--
NOTIC: [8] Undefined index: uid /webHome/LFWZ000390/www/zc/Zc/Runtime/Cache/42b90be8e9c40e58e803cfb6a2f683e9.php 第 76 行.
INFO: ParseTemplate Behavior ::run [ RunTime:0.040095s ]
INFO: [ view_parse ] --END-- [ RunTime:0.040265s ]
INFO: [ view_filter ] --START--
INFO: ContentReplace Behavior ::run [ RunTime:0.000522s ]
INFO: TokenBuild Behavior ::run [ RunTime:0.000449s ]
INFO: WriteHtmlCache Behavior ::run [ RunTime:0.000488s ]
INFO: ShowRuntime Behavior ::run [ RunTime:0.000584s ]
INFO: [ view_filter ] --END-- [ RunTime:0.002382s ]
INFO: [ view_end ] --START--
INFO: ShowPageTrace Behavior ::run [ RunTime:0.009297s ]
INFO: [ view_end ] --END-- [ RunTime:0.011956s ]

[ 2015-08-12T15:32:03+08:00 ] 58.18.159.91 /zc/index.php?m=User&a=do_login
INFO: [ app_begin ] --START--
INFO: ReadHtmlCache Behavior ::run [ RunTime:0.000482s ]
INFO: [ app_begin ] --END-- [ RunTime:0.000611s ]
SQL: SHOW COLUMNS FROM `fanwe_nav` [ RunTime:0.003154s ]
SQL: SELECT * FROM `fanwe_nav` ORDER BY sort  [ RunTime:0.003788s ]
SQL: SHOW COLUMNS FROM `fanwe_deal_cate` [ RunTime:0.003564s ]
SQL: SELECT * FROM `fanwe_deal_cate` ORDER BY id  [ RunTime:0.002394s ]
SQL: SHOW COLUMNS FROM `fanwe_deal_keyword` [ RunTime:0.004115s ]
SQL: SELECT * FROM `fanwe_deal_keyword` LIMIT 1   [ RunTime:0.001258s ]
SQL: SHOW COLUMNS FROM `fanwe_user` [ RunTime:0.004339s ]
SQL: SELECT * FROM `fanwe_user` WHERE ( `user_name` = '请输入您的帐号' ) AND ( `user_pwd` = 'd67c7cad3a5c4c9ae68fa0f61eb1fa42' ) LIMIT 1   [ RunTime:0.004907s ]
INFO: [ view_parse ] --START--
NOTIC: [8] Undefined variable: message /webHome/LFWZ000390/www/zc/Zc/Runtime/Cache/a9a9ac390b925ab97eb3629c0ddb69a4.php 第 23 行.
INFO: ParseTemplate Behavior ::run [ RunTime:0.005300s ]
INFO: [ view_parse ] --END-- [ RunTime:0.005431s ]
INFO: [ view_filter ] --START--
INFO: ContentReplace Behavior ::run [ RunTime:0.000513s ]
INFO: TokenBuild Behavior ::run [ RunTime:0.000487s ]
INFO: WriteHtmlCache Behavior ::run [ RunTime:0.000506s ]
INFO: ShowRuntime Behavior ::run [ RunTime:0.000494s ]
INFO: [ view_filter ] --END-- [ RunTime:0.002351s ]
INFO: [ view_end ] --START--
INFO: ShowPageTrace Behavior ::run [ RunTime:0.000412s ]
INFO: [ view_end ] --END-- [ RunTime:0.000521s ]

[ 2015-08-12T16:34:42+08:00 ] 121.57.184.252 /zc/
INFO: [ app_begin ] --START--
INFO: ReadHtmlCache Behavior ::run [ RunTime:0.000559s ]
INFO: [ app_begin ] --END-- [ RunTime:0.000722s ]

[ 2015-08-12T16:34:57+08:00 ] 121.57.184.252 /zc/
INFO: [ app_begin ] --START--
INFO: ReadHtmlCache Behavior ::run [ RunTime:0.000482s ]
INFO: [ app_begin ] --END-- [ RunTime:0.000615s ]

[ 2015-08-12T16:34:58+08:00 ] 101.226.68.217 /zc/
INFO: [ app_begin ] --START--
INFO: ReadHtmlCache Behavior ::run [ RunTime:0.000525s ]
INFO: [ app_begin ] --END-- [ RunTime:0.000659s ]

[ 2015-08-12T16:51:14+08:00 ] 58.18.159.91 /zc/
INFO: [ app_begin ] --START--
INFO: ReadHtmlCache Behavior ::run [ RunTime:0.000524s ]
INFO: [ app_begin ] --END-- [ RunTime:0.000656s ]

[ 2015-08-12T17:55:51+08:00 ] 111.126.187.180 /zc/
INFO: [ app_begin ] --START--
INFO: ReadHtmlCache Behavior ::run [ RunTime:0.000607s ]
INFO: [ app_begin ] --END-- [ RunTime:0.000742s ]
SQL: SHOW COLUMNS FROM `fanwe_nav` [ RunTime:0.003587s ]
SQL: SELECT * FROM `fanwe_nav` ORDER BY sort  [ RunTime:0.001321s ]
SQL: SHOW COLUMNS FROM `fanwe_deal_cate` [ RunTime:0.004993s ]
SQL: SELECT * FROM `fanwe_deal_cate` ORDER BY id  [ RunTime:0.001449s ]
SQL: SHOW COLUMNS FROM `fanwe_deal_keyword` [ RunTime:0.003066s ]
SQL: SELECT * FROM `fanwe_deal_keyword` LIMIT 1   [ RunTime:0.005791s ]
SQL: SHOW COLUMNS FROM `fanwe_showindex` [ RunTime:0.010883s ]
SQL: SELECT * FROM `fanwe_showindex`  [ RunTime:0.001390s ]
SQL: SHOW COLUMNS FROM `fanwe_deal` [ RunTime:0.006919s ]
SQL: SELECT id,name,image,end_time,limit_price,brief,support_amount,user_name,user_id,province,city,index_img FROM `fanwe_deal` WHERE ( `is_effect` = 1 ) ORDER BY sort desc,id desc LIMIT 0,7   [ RunTime:0.003800s ]
INFO: [ view_parse ] --START--
NOTIC: [8] Undefined index: uid /webHome/LFWZ000390/www/zc/Zc/Runtime/Cache/cc5c2cb31be8fd046a7cb83177e081f6.php 第 70 行.
INFO: ParseTemplate Behavior ::run [ RunTime:0.068820s ]
INFO: [ view_parse ] --END-- [ RunTime:0.068976s ]
INFO: [ view_filter ] --START--
INFO: ContentReplace Behavior ::run [ RunTime:0.000731s ]
INFO: TokenBuild Behavior ::run [ RunTime:0.003361s ]
INFO: WriteHtmlCache Behavior ::run [ RunTime:0.000597s ]
INFO: ShowRuntime Behavior ::run [ RunTime:0.000555s ]
INFO: [ view_filter ] --END-- [ RunTime:0.005729s ]
INFO: [ view_end ] --START--
INFO: ShowPageTrace Behavior ::run [ RunTime:0.000551s ]
INFO: [ view_end ] --END-- [ RunTime:0.000672s ]

[ 2015-08-12T17:56:02+08:00 ] 111.126.187.180 /zc/index.php?m=Deals&a=rec
INFO: [ app_begin ] --START--
INFO: ReadHtmlCache Behavior ::run [ RunTime:0.000444s ]
INFO: [ app_begin ] --END-- [ RunTime:0.000558s ]
SQL: SHOW COLUMNS FROM `fanwe_nav` [ RunTime:0.002558s ]
SQL: SELECT * FROM `fanwe_nav` ORDER BY sort  [ RunTime:0.002004s ]
SQL: SHOW COLUMNS FROM `fanwe_deal_cate` [ RunTime:0.003155s ]
SQL: SELECT * FROM `fanwe_deal_cate` ORDER BY id  [ RunTime:0.001477s ]
SQL: SHOW COLUMNS FROM `fanwe_deal_keyword` [ RunTime:0.019306s ]
SQL: SELECT * FROM `fanwe_deal_keyword` LIMIT 1   [ RunTime:0.012822s ]
NOTIC: [8] Undefined index: uid /webHome/LFWZ000390/www/zc/Zc/Lib/Action/DealsAction.class.php 第 55 行.

[ 2015-08-12T17:56:05+08:00 ] 111.126.187.180 /zc/index.php?m=User&a=login
INFO: [ app_begin ] --START--
INFO: ReadHtmlCache Behavior ::run [ RunTime:0.000574s ]
INFO: [ app_begin ] --END-- [ RunTime:0.000873s ]
SQL: SHOW COLUMNS FROM `fanwe_nav` [ RunTime:0.002439s ]
SQL: SELECT * FROM `fanwe_nav` ORDER BY sort  [ RunTime:0.007752s ]
SQL: SHOW COLUMNS FROM `fanwe_deal_cate` [ RunTime:0.002510s ]
SQL: SELECT * FROM `fanwe_deal_cate` ORDER BY id  [ RunTime:0.013289s ]
SQL: SHOW COLUMNS FROM `fanwe_deal_keyword` [ RunTime:0.002024s ]
SQL: SELECT * FROM `fanwe_deal_keyword` LIMIT 1   [ RunTime:0.002762s ]
INFO: [ view_parse ] --START--
NOTIC: [8] Undefined index: uid /webHome/LFWZ000390/www/zc/Zc/Runtime/Cache/42b90be8e9c40e58e803cfb6a2f683e9.php 第 76 行.
INFO: ParseTemplate Behavior ::run [ RunTime:0.025470s ]
INFO: [ view_parse ] --END-- [ RunTime:0.025597s ]
INFO: [ view_filter ] --START--
INFO: ContentReplace Behavior ::run [ RunTime:0.000537s ]
INFO: TokenBuild Behavior ::run [ RunTime:0.000415s ]
INFO: WriteHtmlCache Behavior ::run [ RunTime:0.000340s ]
INFO: ShowRuntime Behavior ::run [ RunTime:0.000483s ]
INFO: [ view_filter ] --END-- [ RunTime:0.002130s ]
INFO: [ view_end ] --START--
INFO: ShowPageTrace Behavior ::run [ RunTime:0.006763s ]
INFO: [ view_end ] --END-- [ RunTime:0.006908s ]

[ 2015-08-12T17:56:12+08:00 ] 111.126.187.180 /zc/index.php?m=Index&a=index
INFO: [ app_begin ] --START--
INFO: ReadHtmlCache Behavior ::run [ RunTime:0.000670s ]
INFO: [ app_begin ] --END-- [ RunTime:0.000870s ]
SQL: SHOW COLUMNS FROM `fanwe_nav` [ RunTime:0.003327s ]
SQL: SELECT * FROM `fanwe_nav` ORDER BY sort  [ RunTime:0.001184s ]
SQL: SHOW COLUMNS FROM `fanwe_deal_cate` [ RunTime:0.003063s ]
SQL: SELECT * FROM `fanwe_deal_cate` ORDER BY id  [ RunTime:0.002164s ]
SQL: SHOW COLUMNS FROM `fanwe_deal_keyword` [ RunTime:0.002787s ]
SQL: SELECT * FROM `fanwe_deal_keyword` LIMIT 1   [ RunTime:0.003141s ]
SQL: SHOW COLUMNS FROM `fanwe_showindex` [ RunTime:0.003261s ]
SQL: SELECT * FROM `fanwe_showindex`  [ RunTime:0.006775s ]
SQL: SHOW COLUMNS FROM `fanwe_deal` [ RunTime:0.006185s ]
SQL: SELECT id,name,image,end_time,limit_price,brief,support_amount,user_name,user_id,province,city,index_img FROM `fanwe_deal` WHERE ( `is_effect` = 1 ) ORDER BY sort desc,id desc LIMIT 0,7   [ RunTime:0.002961s ]
INFO: [ view_parse ] --START--
NOTIC: [8] Undefined index: uid /webHome/LFWZ000390/www/zc/Zc/Runtime/Cache/cc5c2cb31be8fd046a7cb83177e081f6.php 第 70 行.
INFO: ParseTemplate Behavior ::run [ RunTime:0.034188s ]
INFO: [ view_parse ] --END-- [ RunTime:0.034326s ]
INFO: [ view_filter ] --START--
INFO: ContentReplace Behavior ::run [ RunTime:0.000675s ]
INFO: TokenBuild Behavior ::run [ RunTime:0.000474s ]
INFO: WriteHtmlCache Behavior ::run [ RunTime:0.000357s ]
INFO: ShowRuntime Behavior ::run [ RunTime:0.000451s ]
INFO: [ view_filter ] --END-- [ RunTime:0.002281s ]
INFO: [ view_end ] --START--
INFO: ShowPageTrace Behavior ::run [ RunTime:0.000403s ]
INFO: [ view_end ] --END-- [ RunTime:0.000498s ]

[ 2015-08-12T17:56:14+08:00 ] 111.126.187.180 /zc/index.php?m=Index&a=index
INFO: [ app_begin ] --START--
INFO: ReadHtmlCache Behavior ::run [ RunTime:0.000448s ]
INFO: [ app_begin ] --END-- [ RunTime:0.000586s ]
SQL: SHOW COLUMNS FROM `fanwe_nav` [ RunTime:0.006548s ]
SQL: SELECT * FROM `fanwe_nav` ORDER BY sort  [ RunTime:0.001739s ]
SQL: SHOW COLUMNS FROM `fanwe_deal_cate` [ RunTime:0.002319s ]
SQL: SELECT * FROM `fanwe_deal_cate` ORDER BY id  [ RunTime:0.002410s ]
SQL: SHOW COLUMNS FROM `fanwe_deal_keyword` [ RunTime:0.002011s ]
SQL: SELECT * FROM `fanwe_deal_keyword` LIMIT 1   [ RunTime:0.003481s ]
SQL: SHOW COLUMNS FROM `fanwe_showindex` [ RunTime:0.002020s ]
SQL: SELECT * FROM `fanwe_showindex`  [ RunTime:0.001801s ]
SQL: SHOW COLUMNS FROM `fanwe_deal` [ RunTime:0.003238s ]
SQL: SELECT id,name,image,end_time,limit_price,brief,support_amount,user_name,user_id,province,city,index_img FROM `fanwe_deal` WHERE ( `is_effect` = 1 ) ORDER BY sort desc,id desc LIMIT 0,7   [ RunTime:0.003011s ]
INFO: [ view_parse ] --START--
NOTIC: [8] Undefined index: uid /webHome/LFWZ000390/www/zc/Zc/Runtime/Cache/cc5c2cb31be8fd046a7cb83177e081f6.php 第 70 行.
INFO: ParseTemplate Behavior ::run [ RunTime:0.039110s ]
INFO: [ view_parse ] --END-- [ RunTime:0.043950s ]
INFO: [ view_filter ] --START--
INFO: ContentReplace Behavior ::run [ RunTime:0.000785s ]
INFO: TokenBuild Behavior ::run [ RunTime:0.000417s ]
INFO: WriteHtmlCache Behavior ::run [ RunTime:0.000333s ]
INFO: ShowRuntime Behavior ::run [ RunTime:0.000469s ]
INFO: [ view_filter ] --END-- [ RunTime:0.002283s ]
INFO: [ view_end ] --START--
INFO: ShowPageTrace Behavior ::run [ RunTime:0.000400s ]
INFO: [ view_end ] --END-- [ RunTime:0.000490s ]

[ 2015-08-12T17:56:16+08:00 ] 111.126.187.180 /zc/index.php?m=Index&a=index
INFO: [ app_begin ] --START--
INFO: ReadHtmlCache Behavior ::run [ RunTime:0.000467s ]
INFO: [ app_begin ] --END-- [ RunTime:0.000601s ]
SQL: SHOW COLUMNS FROM `fanwe_nav` [ RunTime:0.003380s ]
SQL: SELECT * FROM `fanwe_nav` ORDER BY sort  [ RunTime:0.001503s ]
SQL: SHOW COLUMNS FROM `fanwe_deal_cate` [ RunTime:0.007597s ]
SQL: SELECT * FROM `fanwe_deal_cate` ORDER BY id  [ RunTime:0.001605s ]
SQL: SHOW COLUMNS FROM `fanwe_deal_keyword` [ RunTime:0.001669s ]
SQL: SELECT * FROM `fanwe_deal_keyword` LIMIT 1   [ RunTime:0.004046s ]
SQL: SHOW COLUMNS FROM `fanwe_showindex` [ RunTime:0.004514s ]
SQL: SELECT * FROM `fanwe_showindex`  [ RunTime:0.002389s ]
SQL: SHOW COLUMNS FROM `fanwe_deal` [ RunTime:0.009280s ]
SQL: SELECT id,name,image,end_time,limit_price,brief,support_amount,user_name,user_id,province,city,index_img FROM `fanwe_deal` WHERE ( `is_effect` = 1 ) ORDER BY sort desc,id desc LIMIT 0,7   [ RunTime:0.003025s ]
INFO: [ view_parse ] --START--
NOTIC: [8] Undefined index: uid /webHome/LFWZ000390/www/zc/Zc/Runtime/Cache/cc5c2cb31be8fd046a7cb83177e081f6.php 第 70 行.
INFO: ParseTemplate Behavior ::run [ RunTime:0.023773s ]
INFO: [ view_parse ] --END-- [ RunTime:0.023924s ]
INFO: [ view_filter ] --START--
INFO: ContentReplace Behavior ::run [ RunTime:0.000728s ]
INFO: TokenBuild Behavior ::run [ RunTime:0.000505s ]
INFO: WriteHtmlCache Behavior ::run [ RunTime:0.000439s ]
INFO: ShowRuntime Behavior ::run [ RunTime:0.000668s ]
INFO: [ view_filter ] --END-- [ RunTime:0.002655s ]
INFO: [ view_end ] --START--
INFO: ShowPageTrace Behavior ::run [ RunTime:0.000374s ]
INFO: [ view_end ] --END-- [ RunTime:0.000525s ]

[ 2015-08-12T17:56:18+08:00 ] 111.126.187.180 /zc/index.php?m=Index&a=index
INFO: [ app_begin ] --START--
INFO: ReadHtmlCache Behavior ::run [ RunTime:0.000439s ]
INFO: [ app_begin ] --END-- [ RunTime:0.000569s ]
SQL: SHOW COLUMNS FROM `fanwe_nav` [ RunTime:0.002587s ]
SQL: SELECT * FROM `fanwe_nav` ORDER BY sort  [ RunTime:0.003332s ]
SQL: SHOW COLUMNS FROM `fanwe_deal_cate` [ RunTime:0.004152s ]
SQL: SELECT * FROM `fanwe_deal_cate` ORDER BY id  [ RunTime:0.007784s ]
SQL: SHOW COLUMNS FROM `fanwe_deal_keyword` [ RunTime:0.006948s ]
SQL: SELECT * FROM `fanwe_deal_keyword` LIMIT 1   [ RunTime:0.002618s ]
SQL: SHOW COLUMNS FROM `fanwe_showindex` [ RunTime:0.003902s ]
SQL: SELECT * FROM `fanwe_showindex`  [ RunTime:0.002087s ]
SQL: SHOW COLUMNS FROM `fanwe_deal` [ RunTime:0.004458s ]
SQL: SELECT id,name,image,end_time,limit_price,brief,support_amount,user_name,user_id,province,city,index_img FROM `fanwe_deal` WHERE ( `is_effect` = 1 ) ORDER BY sort desc,id desc LIMIT 0,7   [ RunTime:0.002658s ]
INFO: [ view_parse ] --START--
NOTIC: [8] Undefined index: uid /webHome/LFWZ000390/www/zc/Zc/Runtime/Cache/cc5c2cb31be8fd046a7cb83177e081f6.php 第 70 行.
INFO: ParseTemplate Behavior ::run [ RunTime:0.065791s ]
INFO: [ view_parse ] --END-- [ RunTime:0.065933s ]
INFO: [ view_filter ] --START--
INFO: ContentReplace Behavior ::run [ RunTime:0.000721s ]
INFO: TokenBuild Behavior ::run [ RunTime:0.000440s ]
INFO: WriteHtmlCache Behavior ::run [ RunTime:0.011196s ]
INFO: ShowRuntime Behavior ::run [ RunTime:0.000607s ]
INFO: [ view_filter ] --END-- [ RunTime:0.013290s ]
INFO: [ view_end ] --START--
INFO: ShowPageTrace Behavior ::run [ RunTime:0.000387s ]
INFO: [ view_end ] --END-- [ RunTime:0.000482s ]

[ 2015-08-12T17:56:21+08:00 ] 111.126.187.180 /zc/index.php?m=Deal&a=show&id=70
INFO: [ app_begin ] --START--
INFO: ReadHtmlCache Behavior ::run [ RunTime:0.000421s ]
INFO: [ app_begin ] --END-- [ RunTime:0.000551s ]
NOTIC: [2048] Declaration of DealAction::show() should be compatible with that of Action::show() /webHome/LFWZ000390/www/zc/Zc/Lib/Action/DealAction.class.php 第 13 行.
SQL: SHOW COLUMNS FROM `fanwe_nav` [ RunTime:0.006694s ]
SQL: SELECT * FROM `fanwe_nav` ORDER BY sort  [ RunTime:0.003303s ]
SQL: SHOW COLUMNS FROM `fanwe_deal_cate` [ RunTime:0.003509s ]
SQL: SELECT * FROM `fanwe_deal_cate` ORDER BY id  [ RunTime:0.004478s ]
SQL: SHOW COLUMNS FROM `fanwe_deal_keyword` [ RunTime:0.007525s ]
SQL: SELECT * FROM `fanwe_deal_keyword` LIMIT 1   [ RunTime:0.001954s ]
NOTIC: [8] Undefined index: uid /webHome/LFWZ000390/www/zc/Zc/Lib/Action/DealAction.class.php 第 18 行.

[ 2015-08-12T17:56:22+08:00 ] 111.126.187.180 /zc/index.php?m=User&a=login
INFO: [ app_begin ] --START--
INFO: ReadHtmlCache Behavior ::run [ RunTime:0.000453s ]
INFO: [ app_begin ] --END-- [ RunTime:0.000582s ]
SQL: SHOW COLUMNS FROM `fanwe_nav` [ RunTime:0.003372s ]
SQL: SELECT * FROM `fanwe_nav` ORDER BY sort  [ RunTime:0.002065s ]
SQL: SHOW COLUMNS FROM `fanwe_deal_cate` [ RunTime:0.004564s ]
SQL: SELECT * FROM `fanwe_deal_cate` ORDER BY id  [ RunTime:0.001448s ]
SQL: SHOW COLUMNS FROM `fanwe_deal_keyword` [ RunTime:0.002028s ]
SQL: SELECT * FROM `fanwe_deal_keyword` LIMIT 1   [ RunTime:0.001356s ]
INFO: [ view_parse ] --START--
NOTIC: [8] Undefined index: uid /webHome/LFWZ000390/www/zc/Zc/Runtime/Cache/42b90be8e9c40e58e803cfb6a2f683e9.php 第 76 行.
INFO: ParseTemplate Behavior ::run [ RunTime:0.025244s ]
INFO: [ view_parse ] --END-- [ RunTime:0.025384s ]
INFO: [ view_filter ] --START--
INFO: ContentReplace Behavior ::run [ RunTime:0.000895s ]
INFO: TokenBuild Behavior ::run [ RunTime:0.000593s ]
INFO: WriteHtmlCache Behavior ::run [ RunTime:0.000346s ]
INFO: ShowRuntime Behavior ::run [ RunTime:0.000850s ]
INFO: [ view_filter ] --END-- [ RunTime:0.003040s ]
INFO: [ view_end ] --START--
INFO: ShowPageTrace Behavior ::run [ RunTime:0.000552s ]
INFO: [ view_end ] --END-- [ RunTime:0.000647s ]

[ 2015-08-12T17:56:24+08:00 ] 123.118.208.101 /zc/
INFO: [ app_begin ] --START--
INFO: ReadHtmlCache Behavior ::run [ RunTime:0.000605s ]
INFO: [ app_begin ] --END-- [ RunTime:0.000766s ]
SQL: SHOW COLUMNS FROM `fanwe_nav` [ RunTime:0.007027s ]
SQL: SELECT * FROM `fanwe_nav` ORDER BY sort  [ RunTime:0.002342s ]
SQL: SHOW COLUMNS FROM `fanwe_deal_cate` [ RunTime:0.004025s ]
SQL: SELECT * FROM `fanwe_deal_cate` ORDER BY id  [ RunTime:0.001441s ]
SQL: SHOW COLUMNS FROM `fanwe_deal_keyword` [ RunTime:0.002243s ]
SQL: SELECT * FROM `fanwe_deal_keyword` LIMIT 1   [ RunTime:0.001424s ]
SQL: SHOW COLUMNS FROM `fanwe_showindex` [ RunTime:0.003780s ]
SQL: SELECT * FROM `fanwe_showindex`  [ RunTime:0.003403s ]
SQL: SHOW COLUMNS FROM `fanwe_deal` [ RunTime:0.006856s ]
SQL: SELECT id,name,image,end_time,limit_price,brief,support_amount,user_name,user_id,province,city,index_img FROM `fanwe_deal` WHERE ( `is_effect` = 1 ) ORDER BY sort desc,id desc LIMIT 0,7   [ RunTime:0.001750s ]
INFO: [ view_parse ] --START--
NOTIC: [8] Undefined index: uid /webHome/LFWZ000390/www/zc/Zc/Runtime/Cache/cc5c2cb31be8fd046a7cb83177e081f6.php 第 70 行.
INFO: ParseTemplate Behavior ::run [ RunTime:0.059495s ]
INFO: [ view_parse ] --END-- [ RunTime:0.059617s ]
INFO: [ view_filter ] --START--
INFO: ContentReplace Behavior ::run [ RunTime:0.000560s ]
INFO: TokenBuild Behavior ::run [ RunTime:0.000383s ]
INFO: WriteHtmlCache Behavior ::run [ RunTime:0.000411s ]
INFO: ShowRuntime Behavior ::run [ RunTime:0.000426s ]
INFO: [ view_filter ] --END-- [ RunTime:0.002040s ]
INFO: [ view_end ] --START--
INFO: ShowPageTrace Behavior ::run [ RunTime:0.000433s ]
INFO: [ view_end ] --END-- [ RunTime:0.000524s ]

[ 2015-08-12T17:56:44+08:00 ] 111.126.187.180 /zc/index.php?m=User&a=register
INFO: [ app_begin ] --START--
INFO: ReadHtmlCache Behavior ::run [ RunTime:0.001171s ]
INFO: [ app_begin ] --END-- [ RunTime:0.001330s ]
SQL: SHOW COLUMNS FROM `fanwe_nav` [ RunTime:0.002404s ]
SQL: SELECT * FROM `fanwe_nav` ORDER BY sort  [ RunTime:0.003938s ]
SQL: SHOW COLUMNS FROM `fanwe_deal_cate` [ RunTime:0.003821s ]
SQL: SELECT * FROM `fanwe_deal_cate` ORDER BY id  [ RunTime:0.002243s ]
SQL: SHOW COLUMNS FROM `fanwe_deal_keyword` [ RunTime:0.002663s ]
SQL: SELECT * FROM `fanwe_deal_keyword` LIMIT 1   [ RunTime:0.002108s ]
INFO: [ view_parse ] --START--
NOTIC: [8] Undefined index: uid /webHome/LFWZ000390/www/zc/Zc/Runtime/Cache/5ca447943347623fc7c870efb9c9908d.php 第 80 行.
INFO: ParseTemplate Behavior ::run [ RunTime:0.034405s ]
INFO: [ view_parse ] --END-- [ RunTime:0.034523s ]
INFO: [ view_filter ] --START--
INFO: ContentReplace Behavior ::run [ RunTime:0.000451s ]
INFO: TokenBuild Behavior ::run [ RunTime:0.000379s ]
INFO: WriteHtmlCache Behavior ::run [ RunTime:0.007352s ]
INFO: ShowRuntime Behavior ::run [ RunTime:0.000473s ]
INFO: [ view_filter ] --END-- [ RunTime:0.008949s ]
INFO: [ view_end ] --START--
INFO: ShowPageTrace Behavior ::run [ RunTime:0.000425s ]
INFO: [ view_end ] --END-- [ RunTime:0.000522s ]

[ 2015-08-12T17:56:52+08:00 ] 111.126.187.180 /zc/index.php?m=Index&a=index
INFO: [ app_begin ] --START--
INFO: ReadHtmlCache Behavior ::run [ RunTime:0.001477s ]
INFO: [ app_begin ] --END-- [ RunTime:0.001625s ]
SQL: SHOW COLUMNS FROM `fanwe_nav` [ RunTime:0.010502s ]
SQL: SELECT * FROM `fanwe_nav` ORDER BY sort  [ RunTime:0.001580s ]
SQL: SHOW COLUMNS FROM `fanwe_deal_cate` [ RunTime:0.002525s ]
SQL: SELECT * FROM `fanwe_deal_cate` ORDER BY id  [ RunTime:0.001721s ]
SQL: SHOW COLUMNS FROM `fanwe_deal_keyword` [ RunTime:0.004422s ]
SQL: SELECT * FROM `fanwe_deal_keyword` LIMIT 1   [ RunTime:0.005373s ]
SQL: SHOW COLUMNS FROM `fanwe_showindex` [ RunTime:0.003424s ]
SQL: SELECT * FROM `fanwe_showindex`  [ RunTime:0.001023s ]
SQL: SHOW COLUMNS FROM `fanwe_deal` [ RunTime:0.003940s ]
SQL: SELECT id,name,image,end_time,limit_price,brief,support_amount,user_name,user_id,province,city,index_img FROM `fanwe_deal` WHERE ( `is_effect` = 1 ) ORDER BY sort desc,id desc LIMIT 0,7   [ RunTime:0.003722s ]
INFO: [ view_parse ] --START--
NOTIC: [8] Undefined index: uid /webHome/LFWZ000390/www/zc/Zc/Runtime/Cache/cc5c2cb31be8fd046a7cb83177e081f6.php 第 70 行.
INFO: ParseTemplate Behavior ::run [ RunTime:0.044454s ]
INFO: [ view_parse ] --END-- [ RunTime:0.044636s ]
INFO: [ view_filter ] --START--
INFO: ContentReplace Behavior ::run [ RunTime:0.000696s ]
INFO: TokenBuild Behavior ::run [ RunTime:0.000459s ]
INFO: WriteHtmlCache Behavior ::run [ RunTime:0.000464s ]
INFO: ShowRuntime Behavior ::run [ RunTime:0.000471s ]
INFO: [ view_filter ] --END-- [ RunTime:0.002375s ]
INFO: [ view_end ] --START--
INFO: ShowPageTrace Behavior ::run [ RunTime:0.000536s ]
INFO: [ view_end ] --END-- [ RunTime:0.000649s ]

[ 2015-08-12T18:07:36+08:00 ] 123.118.208.101 /zc/
INFO: [ app_begin ] --START--
INFO: ReadHtmlCache Behavior ::run [ RunTime:0.003719s ]
INFO: [ app_begin ] --END-- [ RunTime:0.009461s ]
SQL: SHOW COLUMNS FROM `fanwe_nav` [ RunTime:0.002854s ]
SQL: SELECT * FROM `fanwe_nav` ORDER BY sort  [ RunTime:0.005670s ]
SQL: SHOW COLUMNS FROM `fanwe_deal_cate` [ RunTime:0.004934s ]
SQL: SELECT * FROM `fanwe_deal_cate` ORDER BY id  [ RunTime:0.003441s ]
SQL: SHOW COLUMNS FROM `fanwe_deal_keyword` [ RunTime:0.005160s ]
SQL: SELECT * FROM `fanwe_deal_keyword` LIMIT 1   [ RunTime:0.007608s ]
SQL: SHOW COLUMNS FROM `fanwe_showindex` [ RunTime:0.005534s ]
SQL: SELECT * FROM `fanwe_showindex`  [ RunTime:0.001241s ]
SQL: SHOW COLUMNS FROM `fanwe_deal` [ RunTime:0.009111s ]
SQL: SELECT id,name,image,end_time,limit_price,brief,support_amount,user_name,user_id,province,city,index_img FROM `fanwe_deal` WHERE ( `is_effect` = 1 ) ORDER BY sort desc,id desc LIMIT 0,7   [ RunTime:0.002653s ]
INFO: [ view_parse ] --START--
NOTIC: [8] Undefined index: uid /webHome/LFWZ000390/www/zc/Zc/Runtime/Cache/cc5c2cb31be8fd046a7cb83177e081f6.php 第 70 行.
INFO: ParseTemplate Behavior ::run [ RunTime:0.060713s ]
INFO: [ view_parse ] --END-- [ RunTime:0.060835s ]
INFO: [ view_filter ] --START--
INFO: ContentReplace Behavior ::run [ RunTime:0.000678s ]
INFO: TokenBuild Behavior ::run [ RunTime:0.001276s ]
INFO: WriteHtmlCache Behavior ::run [ RunTime:0.000640s ]
INFO: ShowRuntime Behavior ::run [ RunTime:0.006433s ]
INFO: [ view_filter ] --END-- [ RunTime:0.009989s ]
INFO: [ view_end ] --START--
INFO: ShowPageTrace Behavior ::run [ RunTime:0.000495s ]
INFO: [ view_end ] --END-- [ RunTime:0.000601s ]

[ 2015-08-12T19:45:56+08:00 ] 106.118.102.4 /zc/
INFO: [ app_begin ] --START--
INFO: ReadHtmlCache Behavior ::run [ RunTime:0.000664s ]
INFO: [ app_begin ] --END-- [ RunTime:0.000833s ]

[ 2015-08-12T20:06:34+08:00 ] 111.126.187.180 /zc/
INFO: [ app_begin ] --START--
INFO: ReadHtmlCache Behavior ::run [ RunTime:0.017954s ]
INFO: [ app_begin ] --END-- [ RunTime:0.018176s ]

[ 2015-08-12T20:47:36+08:00 ] 120.202.152.81 /zc/
INFO: [ app_begin ] --START--
INFO: ReadHtmlCache Behavior ::run [ RunTime:0.000504s ]
INFO: [ app_begin ] --END-- [ RunTime:0.000648s ]

