[ 2015-09-03T00:23:17+08:00 ] 66.249.79.165 /zc/index.php?m=News&a=html&id=3
INFO: [ app_begin ] --START--
INFO: ReadHtmlCache Behavior ::run [ RunTime:0.000531s ]
INFO: [ app_begin ] --END-- [ RunTime:0.000674s ]
SQL: SHOW COLUMNS FROM `fanwe_nav` [ RunTime:0.003985s ]
SQL: SELECT * FROM `fanwe_nav` ORDER BY sort  [ RunTime:0.002684s ]
SQL: SHOW COLUMNS FROM `fanwe_deal_cate` [ RunTime:0.008015s ]
SQL: SELECT * FROM `fanwe_deal_cate` ORDER BY id  [ RunTime:0.005649s ]
SQL: SHOW COLUMNS FROM `fanwe_deal_keyword` [ RunTime:0.002954s ]
SQL: SELECT * FROM `fanwe_deal_keyword` LIMIT 1   [ RunTime:0.001301s ]
SQL: SHOW COLUMNS FROM `fanwe_news` [ RunTime:0.003494s ]
SQL: SELECT * FROM `fanwe_news` WHERE ( `id` = 3 ) LIMIT 1   [ RunTime:0.007360s ]
INFO: [ view_parse ] --START--
NOTIC: [8] Undefined index: uid /webHome/LFWZ000390/www/zc/Zc/Runtime/Cache/012cdf2fa3ba4152d6d6173485c32ca8.php 第 98 行.
NOTIC: [8] Use of undefined constant id - assumed 'id' /webHome/LFWZ000390/www/zc/Zc/Runtime/Cache/012cdf2fa3ba4152d6d6173485c32ca8.php 第 142 行.
SQL: SELECT * FROM `fanwe_news` WHERE ( `id` < '3' ) LIMIT 1   [ RunTime:0.002065s ]
SQL: SELECT * FROM `fanwe_news` WHERE ( `id` > '3' ) LIMIT 1   [ RunTime:0.002783s ]
INFO: ParseTemplate Behavior ::run [ RunTime:0.027992s ]
INFO: [ view_parse ] --END-- [ RunTime:0.028107s ]
INFO: [ view_filter ] --START--
INFO: ContentReplace Behavior ::run [ RunTime:0.000696s ]
INFO: TokenBuild Behavior ::run [ RunTime:0.000753s ]
INFO: WriteHtmlCache Behavior ::run [ RunTime:0.006189s ]
INFO: ShowRuntime Behavior ::run [ RunTime:0.000598s ]
INFO: [ view_filter ] --END-- [ RunTime:0.008673s ]
INFO: [ view_end ] --START--
INFO: ShowPageTrace Behavior ::run [ RunTime:0.000438s ]
INFO: [ view_end ] --END-- [ RunTime:0.000526s ]

[ 2015-09-03T01:52:44+08:00 ] 199.58.86.209 /zc/index.php?m=news&a=html&id=1
INFO: [ app_begin ] --START--
INFO: ReadHtmlCache Behavior ::run [ RunTime:0.001746s ]
INFO: [ app_begin ] --END-- [ RunTime:0.001953s ]
ERR: 无法加载模块:news

[ 2015-09-03T01:52:46+08:00 ] 199.58.86.209 /zc/index.php?m=news&a=html&id=10
INFO: [ app_begin ] --START--
INFO: ReadHtmlCache Behavior ::run [ RunTime:0.000321s ]
INFO: [ app_begin ] --END-- [ RunTime:0.000428s ]
ERR: 无法加载模块:news

[ 2015-09-03T01:52:48+08:00 ] 199.58.86.209 /zc/index.php?m=news&a=html&id=7
INFO: [ app_begin ] --START--
INFO: ReadHtmlCache Behavior ::run [ RunTime:0.000408s ]
INFO: [ app_begin ] --END-- [ RunTime:0.000537s ]
ERR: 无法加载模块:news

[ 2015-09-03T01:52:50+08:00 ] 199.58.86.209 /zc/index.php?m=news&a=html&id=8
INFO: [ app_begin ] --START--
INFO: ReadHtmlCache Behavior ::run [ RunTime:0.000421s ]
INFO: [ app_begin ] --END-- [ RunTime:0.000585s ]
ERR: 无法加载模块:news

[ 2015-09-03T01:52:52+08:00 ] 199.58.86.209 /zc/index.php?m=news&a=html&id=9
INFO: [ app_begin ] --START--
INFO: ReadHtmlCache Behavior ::run [ RunTime:0.000537s ]
INFO: [ app_begin ] --END-- [ RunTime:0.001412s ]
ERR: 无法加载模块:news

[ 2015-09-03T04:48:22+08:00 ] 123.125.71.54 /zc/index.php?m=Index&a=index
INFO: [ app_begin ] --START--
INFO: ReadHtmlCache Behavior ::run [ RunTime:0.000427s ]
INFO: [ app_begin ] --END-- [ RunTime:0.000552s ]
SQL: SHOW COLUMNS FROM `fanwe_nav` [ RunTime:0.012207s ]
SQL: SELECT * FROM `fanwe_nav` ORDER BY sort  [ RunTime:0.002619s ]
SQL: SHOW COLUMNS FROM `fanwe_deal_cate` [ RunTime:0.011212s ]
SQL: SELECT * FROM `fanwe_deal_cate` ORDER BY id  [ RunTime:0.002656s ]
SQL: SHOW COLUMNS FROM `fanwe_deal_keyword` [ RunTime:0.002061s ]
SQL: SELECT * FROM `fanwe_deal_keyword` LIMIT 1   [ RunTime:0.001714s ]
SQL: SHOW COLUMNS FROM `fanwe_showindex` [ RunTime:0.002741s ]
SQL: SELECT * FROM `fanwe_showindex`  [ RunTime:0.004468s ]
SQL: SHOW COLUMNS FROM `fanwe_news` [ RunTime:0.009485s ]
SQL: SELECT * FROM `fanwe_news` ORDER BY addtime desc,rec desc LIMIT 0,5   [ RunTime:0.022596s ]
SQL: SHOW COLUMNS FROM `fanwe_company` [ RunTime:0.002584s ]
ERR: 1146:Table 'my1006252.fanwe_company' doesn't exist
 [ SQL语句 ] : SHOW COLUMNS FROM `fanwe_company`
SQL: SELECT * FROM `fanwe_company` LIMIT 1   [ RunTime:0.001885s ]
ERR: 1146:Table 'my1006252.fanwe_company' doesn't exist
 [ SQL语句 ] : SELECT * FROM `fanwe_company` LIMIT 1  
INFO: [ view_parse ] --START--
INFO: ParseTemplate Behavior ::run [ RunTime:0.042153s ]
INFO: [ view_parse ] --END-- [ RunTime:0.042295s ]
INFO: [ view_filter ] --START--
INFO: ContentReplace Behavior ::run [ RunTime:0.000590s ]
INFO: TokenBuild Behavior ::run [ RunTime:0.000490s ]
INFO: WriteHtmlCache Behavior ::run [ RunTime:0.000459s ]
INFO: ShowRuntime Behavior ::run [ RunTime:0.000455s ]
INFO: [ view_filter ] --END-- [ RunTime:0.002274s ]
INFO: [ view_end ] --START--
INFO: ShowPageTrace Behavior ::run [ RunTime:0.000502s ]
INFO: [ view_end ] --END-- [ RunTime:0.000732s ]

[ 2015-09-03T04:48:34+08:00 ] 123.125.71.34 /zc/index.php?m=Index&a=index
INFO: [ app_begin ] --START--
INFO: ReadHtmlCache Behavior ::run [ RunTime:0.008152s ]
INFO: [ app_begin ] --END-- [ RunTime:0.008330s ]
SQL: SHOW COLUMNS FROM `fanwe_nav` [ RunTime:0.002830s ]
SQL: SELECT * FROM `fanwe_nav` ORDER BY sort  [ RunTime:0.002443s ]
SQL: SHOW COLUMNS FROM `fanwe_deal_cate` [ RunTime:0.003064s ]
SQL: SELECT * FROM `fanwe_deal_cate` ORDER BY id  [ RunTime:0.007399s ]
SQL: SHOW COLUMNS FROM `fanwe_deal_keyword` [ RunTime:0.004419s ]
SQL: SELECT * FROM `fanwe_deal_keyword` LIMIT 1   [ RunTime:0.004379s ]
SQL: SHOW COLUMNS FROM `fanwe_showindex` [ RunTime:0.003332s ]
SQL: SELECT * FROM `fanwe_showindex`  [ RunTime:0.001831s ]
SQL: SHOW COLUMNS FROM `fanwe_news` [ RunTime:0.005756s ]
SQL: SELECT * FROM `fanwe_news` ORDER BY addtime desc,rec desc LIMIT 0,5   [ RunTime:0.012017s ]
SQL: SHOW COLUMNS FROM `fanwe_company` [ RunTime:0.007068s ]
ERR: 1146:Table 'my1006252.fanwe_company' doesn't exist
 [ SQL语句 ] : SHOW COLUMNS FROM `fanwe_company`
SQL: SELECT * FROM `fanwe_company` LIMIT 1   [ RunTime:0.001143s ]
ERR: 1146:Table 'my1006252.fanwe_company' doesn't exist
 [ SQL语句 ] : SELECT * FROM `fanwe_company` LIMIT 1  
INFO: [ view_parse ] --START--
INFO: ParseTemplate Behavior ::run [ RunTime:0.037860s ]
INFO: [ view_parse ] --END-- [ RunTime:0.038021s ]
INFO: [ view_filter ] --START--
INFO: ContentReplace Behavior ::run [ RunTime:0.000542s ]
INFO: TokenBuild Behavior ::run [ RunTime:0.000464s ]
INFO: WriteHtmlCache Behavior ::run [ RunTime:0.000343s ]
INFO: ShowRuntime Behavior ::run [ RunTime:0.000540s ]
INFO: [ view_filter ] --END-- [ RunTime:0.002270s ]
INFO: [ view_end ] --START--
INFO: ShowPageTrace Behavior ::run [ RunTime:0.005239s ]
INFO: [ view_end ] --END-- [ RunTime:0.010440s ]

[ 2015-09-03T06:20:56+08:00 ] 123.125.71.80 /zc/index.php?m=News&a=index
INFO: [ app_begin ] --START--
INFO: ReadHtmlCache Behavior ::run [ RunTime:0.000485s ]
INFO: [ app_begin ] --END-- [ RunTime:0.000665s ]
SQL: SHOW COLUMNS FROM `fanwe_nav` [ RunTime:0.007649s ]
SQL: SELECT * FROM `fanwe_nav` ORDER BY sort  [ RunTime:0.001693s ]
SQL: SHOW COLUMNS FROM `fanwe_deal_cate` [ RunTime:0.010318s ]
SQL: SELECT * FROM `fanwe_deal_cate` ORDER BY id  [ RunTime:0.007963s ]
SQL: SHOW COLUMNS FROM `fanwe_deal_keyword` [ RunTime:0.002782s ]
SQL: SELECT * FROM `fanwe_deal_keyword` LIMIT 1   [ RunTime:0.002336s ]
SQL: SHOW COLUMNS FROM `fanwe_news` [ RunTime:0.008053s ]
SQL: SELECT COUNT(*) AS tp_count FROM `fanwe_news` WHERE ( `enable` = 1 ) LIMIT 1   [ RunTime:0.001708s ]
SQL: SELECT COUNT(*) AS tp_count FROM `fanwe_news` WHERE ( `enable` = 1 ) LIMIT 1   [ RunTime:0.001868s ]
SQL: SELECT * FROM `fanwe_news` ORDER BY addtime desc,rec desc LIMIT 0,10   [ RunTime:0.016558s ]
INFO: [ view_parse ] --START--
SQL: SHOW COLUMNS FROM `fanwe_conf` [ RunTime:0.007891s ]
SQL: SELECT `value` FROM `fanwe_conf` WHERE ( `name` = 'SEO_TITLE' ) LIMIT 1   [ RunTime:0.001343s ]
NOTIC: [8] Undefined index: uid /webHome/LFWZ000390/www/zc/Zc/Runtime/Cache/93be05964b36457006025cdbe2606e6a.php 第 107 行.
INFO: ParseTemplate Behavior ::run [ RunTime:0.079728s ]
INFO: [ view_parse ] --END-- [ RunTime:0.079867s ]
INFO: [ view_filter ] --START--
INFO: ContentReplace Behavior ::run [ RunTime:0.001409s ]
INFO: TokenBuild Behavior ::run [ RunTime:0.000981s ]
INFO: WriteHtmlCache Behavior ::run [ RunTime:0.000362s ]
INFO: ShowRuntime Behavior ::run [ RunTime:0.000642s ]
INFO: [ view_filter ] --END-- [ RunTime:0.004140s ]
INFO: [ view_end ] --START--
INFO: ShowPageTrace Behavior ::run [ RunTime:0.000433s ]
INFO: [ view_end ] --END-- [ RunTime:0.000531s ]

[ 2015-09-03T09:20:56+08:00 ] 123.125.71.31 /zc/
INFO: [ app_begin ] --START--
INFO: ReadHtmlCache Behavior ::run [ RunTime:0.002028s ]
INFO: [ app_begin ] --END-- [ RunTime:0.002179s ]
SQL: SHOW COLUMNS FROM `fanwe_nav` [ RunTime:0.002720s ]
SQL: SELECT * FROM `fanwe_nav` ORDER BY sort  [ RunTime:0.002093s ]
SQL: SHOW COLUMNS FROM `fanwe_deal_cate` [ RunTime:0.005188s ]
SQL: SELECT * FROM `fanwe_deal_cate` ORDER BY id  [ RunTime:0.001992s ]
SQL: SHOW COLUMNS FROM `fanwe_deal_keyword` [ RunTime:0.003008s ]
SQL: SELECT * FROM `fanwe_deal_keyword` LIMIT 1   [ RunTime:0.001717s ]
SQL: SHOW COLUMNS FROM `fanwe_showindex` [ RunTime:0.008722s ]
SQL: SELECT * FROM `fanwe_showindex`  [ RunTime:0.004015s ]
SQL: SHOW COLUMNS FROM `fanwe_news` [ RunTime:0.002809s ]
SQL: SELECT * FROM `fanwe_news` ORDER BY addtime desc,rec desc LIMIT 0,5   [ RunTime:0.008269s ]
SQL: SHOW COLUMNS FROM `fanwe_company` [ RunTime:0.002268s ]
ERR: 1146:Table 'my1006252.fanwe_company' doesn't exist
 [ SQL语句 ] : SHOW COLUMNS FROM `fanwe_company`
SQL: SELECT * FROM `fanwe_company` LIMIT 1   [ RunTime:0.002242s ]
ERR: 1146:Table 'my1006252.fanwe_company' doesn't exist
 [ SQL语句 ] : SELECT * FROM `fanwe_company` LIMIT 1  
INFO: [ view_parse ] --START--
INFO: ParseTemplate Behavior ::run [ RunTime:0.037585s ]
INFO: [ view_parse ] --END-- [ RunTime:0.037745s ]
INFO: [ view_filter ] --START--
INFO: ContentReplace Behavior ::run [ RunTime:0.000609s ]
INFO: TokenBuild Behavior ::run [ RunTime:0.000413s ]
INFO: WriteHtmlCache Behavior ::run [ RunTime:0.005011s ]
INFO: ShowRuntime Behavior ::run [ RunTime:0.000567s ]
INFO: [ view_filter ] --END-- [ RunTime:0.006915s ]
INFO: [ view_end ] --START--
INFO: ShowPageTrace Behavior ::run [ RunTime:0.000502s ]
INFO: [ view_end ] --END-- [ RunTime:0.000596s ]

[ 2015-09-03T09:20:57+08:00 ] 220.181.108.178 /zc/
INFO: [ app_begin ] --START--
INFO: ReadHtmlCache Behavior ::run [ RunTime:0.000544s ]
INFO: [ app_begin ] --END-- [ RunTime:0.000671s ]
SQL: SHOW COLUMNS FROM `fanwe_nav` [ RunTime:0.001667s ]
SQL: SELECT * FROM `fanwe_nav` ORDER BY sort  [ RunTime:0.001612s ]
SQL: SHOW COLUMNS FROM `fanwe_deal_cate` [ RunTime:0.006539s ]
SQL: SELECT * FROM `fanwe_deal_cate` ORDER BY id  [ RunTime:0.001539s ]
SQL: SHOW COLUMNS FROM `fanwe_deal_keyword` [ RunTime:0.002439s ]
SQL: SELECT * FROM `fanwe_deal_keyword` LIMIT 1   [ RunTime:0.001614s ]
SQL: SHOW COLUMNS FROM `fanwe_showindex` [ RunTime:0.004901s ]
SQL: SELECT * FROM `fanwe_showindex`  [ RunTime:0.003545s ]
SQL: SHOW COLUMNS FROM `fanwe_news` [ RunTime:0.005419s ]
SQL: SELECT * FROM `fanwe_news` ORDER BY addtime desc,rec desc LIMIT 0,5   [ RunTime:0.016506s ]
SQL: SHOW COLUMNS FROM `fanwe_company` [ RunTime:0.009724s ]
ERR: 1146:Table 'my1006252.fanwe_company' doesn't exist
 [ SQL语句 ] : SHOW COLUMNS FROM `fanwe_company`
SQL: SELECT * FROM `fanwe_company` LIMIT 1   [ RunTime:0.002909s ]
ERR: 1146:Table 'my1006252.fanwe_company' doesn't exist
 [ SQL语句 ] : SELECT * FROM `fanwe_company` LIMIT 1  
INFO: [ view_parse ] --START--
INFO: ParseTemplate Behavior ::run [ RunTime:0.045238s ]
INFO: [ view_parse ] --END-- [ RunTime:0.045374s ]
INFO: [ view_filter ] --START--
INFO: ContentReplace Behavior ::run [ RunTime:0.000624s ]
INFO: TokenBuild Behavior ::run [ RunTime:0.000419s ]
INFO: WriteHtmlCache Behavior ::run [ RunTime:0.000392s ]
INFO: ShowRuntime Behavior ::run [ RunTime:0.000437s ]
INFO: [ view_filter ] --END-- [ RunTime:0.002230s ]
INFO: [ view_end ] --START--
INFO: ShowPageTrace Behavior ::run [ RunTime:0.000504s ]
INFO: [ view_end ] --END-- [ RunTime:0.000593s ]

[ 2015-09-03T14:38:25+08:00 ] 66.249.67.91 /zc/index.php?m=Deal&a=show&id=62
INFO: [ app_begin ] --START--
INFO: ReadHtmlCache Behavior ::run [ RunTime:0.000526s ]
INFO: [ app_begin ] --END-- [ RunTime:0.000690s ]
NOTIC: [2048] Declaration of DealAction::show() should be compatible with that of Action::show() /webHome/LFWZ000390/www/zc/Zc/Lib/Action/DealAction.class.php 第 13 行.
SQL: SHOW COLUMNS FROM `fanwe_nav` [ RunTime:0.003387s ]
SQL: SELECT * FROM `fanwe_nav` ORDER BY sort  [ RunTime:0.002182s ]
SQL: SHOW COLUMNS FROM `fanwe_deal_cate` [ RunTime:0.003772s ]
SQL: SELECT * FROM `fanwe_deal_cate` ORDER BY id  [ RunTime:0.004158s ]
SQL: SHOW COLUMNS FROM `fanwe_deal_keyword` [ RunTime:0.003232s ]
SQL: SELECT * FROM `fanwe_deal_keyword` LIMIT 1   [ RunTime:0.002279s ]
NOTIC: [8] Undefined index: uid /webHome/LFWZ000390/www/zc/Zc/Lib/Action/DealAction.class.php 第 18 行.

[ 2015-09-03T14:38:25+08:00 ] 66.249.67.97 /zc/index.php?m=User&a=login
INFO: [ app_begin ] --START--
INFO: ReadHtmlCache Behavior ::run [ RunTime:0.000555s ]
INFO: [ app_begin ] --END-- [ RunTime:0.000686s ]
SQL: SHOW COLUMNS FROM `fanwe_nav` [ RunTime:0.004664s ]
SQL: SELECT * FROM `fanwe_nav` ORDER BY sort  [ RunTime:0.002632s ]
SQL: SHOW COLUMNS FROM `fanwe_deal_cate` [ RunTime:0.002605s ]
SQL: SELECT * FROM `fanwe_deal_cate` ORDER BY id  [ RunTime:0.002751s ]
SQL: SHOW COLUMNS FROM `fanwe_deal_keyword` [ RunTime:0.002495s ]
SQL: SELECT * FROM `fanwe_deal_keyword` LIMIT 1   [ RunTime:0.001969s ]
INFO: [ view_parse ] --START--
NOTIC: [8] Undefined index: uid /webHome/LFWZ000390/www/zc/Zc/Runtime/Cache/42b90be8e9c40e58e803cfb6a2f683e9.php 第 76 行.
INFO: ParseTemplate Behavior ::run [ RunTime:0.032415s ]
INFO: [ view_parse ] --END-- [ RunTime:0.032565s ]
INFO: [ view_filter ] --START--
INFO: ContentReplace Behavior ::run [ RunTime:0.015895s ]
INFO: TokenBuild Behavior ::run [ RunTime:0.000542s ]
INFO: WriteHtmlCache Behavior ::run [ RunTime:0.000360s ]
INFO: ShowRuntime Behavior ::run [ RunTime:0.000424s ]
INFO: [ view_filter ] --END-- [ RunTime:0.017723s ]
INFO: [ view_end ] --START--
INFO: ShowPageTrace Behavior ::run [ RunTime:0.000397s ]
INFO: [ view_end ] --END-- [ RunTime:0.000486s ]

[ 2015-09-03T18:23:50+08:00 ] 182.118.20.205 /zc/index.php?a=html&id=9&m=News
INFO: [ app_begin ] --START--
INFO: ReadHtmlCache Behavior ::run [ RunTime:0.000466s ]
INFO: [ app_begin ] --END-- [ RunTime:0.000597s ]
SQL: SHOW COLUMNS FROM `fanwe_nav` [ RunTime:0.007943s ]
SQL: SELECT * FROM `fanwe_nav` ORDER BY sort  [ RunTime:0.002620s ]
SQL: SHOW COLUMNS FROM `fanwe_deal_cate` [ RunTime:0.004027s ]
SQL: SELECT * FROM `fanwe_deal_cate` ORDER BY id  [ RunTime:0.009405s ]
SQL: SHOW COLUMNS FROM `fanwe_deal_keyword` [ RunTime:0.008214s ]
SQL: SELECT * FROM `fanwe_deal_keyword` LIMIT 1   [ RunTime:0.002699s ]
SQL: SHOW COLUMNS FROM `fanwe_news` [ RunTime:0.003829s ]
SQL: SELECT * FROM `fanwe_news` WHERE ( `id` = 9 ) LIMIT 1   [ RunTime:0.007777s ]
INFO: [ view_parse ] --START--
NOTIC: [8] Undefined index: uid /webHome/LFWZ000390/www/zc/Zc/Runtime/Cache/012cdf2fa3ba4152d6d6173485c32ca8.php 第 98 行.
NOTIC: [8] Use of undefined constant id - assumed 'id' /webHome/LFWZ000390/www/zc/Zc/Runtime/Cache/012cdf2fa3ba4152d6d6173485c32ca8.php 第 142 行.
SQL: SELECT * FROM `fanwe_news` WHERE ( `id` < '9' ) LIMIT 1   [ RunTime:0.002145s ]
SQL: SELECT * FROM `fanwe_news` WHERE ( `id` > '9' ) LIMIT 1   [ RunTime:0.004918s ]
INFO: ParseTemplate Behavior ::run [ RunTime:0.042155s ]
INFO: [ view_parse ] --END-- [ RunTime:0.042299s ]
INFO: [ view_filter ] --START--
INFO: ContentReplace Behavior ::run [ RunTime:0.000675s ]
INFO: TokenBuild Behavior ::run [ RunTime:0.000435s ]
INFO: WriteHtmlCache Behavior ::run [ RunTime:0.000390s ]
INFO: ShowRuntime Behavior ::run [ RunTime:0.000463s ]
INFO: [ view_filter ] --END-- [ RunTime:0.002236s ]
INFO: [ view_end ] --START--
INFO: ShowPageTrace Behavior ::run [ RunTime:0.000435s ]
INFO: [ view_end ] --END-- [ RunTime:0.000531s ]

[ 2015-09-03T18:24:10+08:00 ] 182.118.20.162 /zc/index.php?a=index&m=News
INFO: [ app_begin ] --START--
INFO: ReadHtmlCache Behavior ::run [ RunTime:0.000389s ]
INFO: [ app_begin ] --END-- [ RunTime:0.000492s ]
SQL: SHOW COLUMNS FROM `fanwe_nav` [ RunTime:0.002541s ]
SQL: SELECT * FROM `fanwe_nav` ORDER BY sort  [ RunTime:0.017236s ]
SQL: SHOW COLUMNS FROM `fanwe_deal_cate` [ RunTime:0.013569s ]
SQL: SELECT * FROM `fanwe_deal_cate` ORDER BY id  [ RunTime:0.002024s ]
SQL: SHOW COLUMNS FROM `fanwe_deal_keyword` [ RunTime:0.006151s ]
SQL: SELECT * FROM `fanwe_deal_keyword` LIMIT 1   [ RunTime:0.002466s ]
SQL: SHOW COLUMNS FROM `fanwe_news` [ RunTime:0.009518s ]
SQL: SELECT COUNT(*) AS tp_count FROM `fanwe_news` WHERE ( `enable` = 1 ) LIMIT 1   [ RunTime:0.002337s ]
SQL: SELECT COUNT(*) AS tp_count FROM `fanwe_news` WHERE ( `enable` = 1 ) LIMIT 1   [ RunTime:0.002358s ]
SQL: SELECT * FROM `fanwe_news` ORDER BY addtime desc,rec desc LIMIT 0,10   [ RunTime:0.037187s ]
INFO: [ view_parse ] --START--
SQL: SHOW COLUMNS FROM `fanwe_conf` [ RunTime:0.002406s ]
SQL: SELECT `value` FROM `fanwe_conf` WHERE ( `name` = 'SEO_TITLE' ) LIMIT 1   [ RunTime:0.007225s ]
NOTIC: [8] Undefined index: uid /webHome/LFWZ000390/www/zc/Zc/Runtime/Cache/93be05964b36457006025cdbe2606e6a.php 第 107 行.
INFO: ParseTemplate Behavior ::run [ RunTime:0.057135s ]
INFO: [ view_parse ] --END-- [ RunTime:0.057280s ]
INFO: [ view_filter ] --START--
INFO: ContentReplace Behavior ::run [ RunTime:0.000839s ]
INFO: TokenBuild Behavior ::run [ RunTime:0.018217s ]
INFO: WriteHtmlCache Behavior ::run [ RunTime:0.000705s ]
INFO: ShowRuntime Behavior ::run [ RunTime:0.000572s ]
INFO: [ view_filter ] --END-- [ RunTime:0.020807s ]
INFO: [ view_end ] --START--
INFO: ShowPageTrace Behavior ::run [ RunTime:0.000483s ]
INFO: [ view_end ] --END-- [ RunTime:0.000751s ]

[ 2015-09-03T19:43:27+08:00 ] 118.186.207.44 /zc/
INFO: [ app_begin ] --START--
INFO: ReadHtmlCache Behavior ::run [ RunTime:0.000457s ]
INFO: [ app_begin ] --END-- [ RunTime:0.000619s ]

[ 2015-09-03T19:43:39+08:00 ] 118.186.207.44 /zc/
INFO: [ app_begin ] --START--
INFO: ReadHtmlCache Behavior ::run [ RunTime:0.000438s ]
INFO: [ app_begin ] --END-- [ RunTime:0.000562s ]

[ 2015-09-03T20:01:14+08:00 ] 220.181.108.121 /zc/index.php?m=Index&a=index
INFO: [ app_begin ] --START--
INFO: ReadHtmlCache Behavior ::run [ RunTime:0.004790s ]
INFO: [ app_begin ] --END-- [ RunTime:0.004931s ]
SQL: SHOW COLUMNS FROM `fanwe_nav` [ RunTime:0.015306s ]
SQL: SELECT * FROM `fanwe_nav` ORDER BY sort  [ RunTime:0.003104s ]
SQL: SHOW COLUMNS FROM `fanwe_deal_cate` [ RunTime:0.002113s ]
SQL: SELECT * FROM `fanwe_deal_cate` ORDER BY id  [ RunTime:0.009124s ]
SQL: SHOW COLUMNS FROM `fanwe_deal_keyword` [ RunTime:0.003633s ]
SQL: SELECT * FROM `fanwe_deal_keyword` LIMIT 1   [ RunTime:0.003192s ]
SQL: SHOW COLUMNS FROM `fanwe_showindex` [ RunTime:0.003285s ]
SQL: SELECT * FROM `fanwe_showindex`  [ RunTime:0.002588s ]
SQL: SHOW COLUMNS FROM `fanwe_news` [ RunTime:0.002152s ]
SQL: SELECT * FROM `fanwe_news` ORDER BY addtime desc,rec desc LIMIT 0,5   [ RunTime:0.009825s ]
SQL: SHOW COLUMNS FROM `fanwe_company` [ RunTime:0.013783s ]
ERR: 1146:Table 'my1006252.fanwe_company' doesn't exist
 [ SQL语句 ] : SHOW COLUMNS FROM `fanwe_company`
SQL: SELECT * FROM `fanwe_company` LIMIT 1   [ RunTime:0.001857s ]
ERR: 1146:Table 'my1006252.fanwe_company' doesn't exist
 [ SQL语句 ] : SELECT * FROM `fanwe_company` LIMIT 1  
INFO: [ view_parse ] --START--
INFO: ParseTemplate Behavior ::run [ RunTime:0.059038s ]
INFO: [ view_parse ] --END-- [ RunTime:0.059227s ]
INFO: [ view_filter ] --START--
INFO: ContentReplace Behavior ::run [ RunTime:0.000683s ]
INFO: TokenBuild Behavior ::run [ RunTime:0.000617s ]
INFO: WriteHtmlCache Behavior ::run [ RunTime:0.000527s ]
INFO: ShowRuntime Behavior ::run [ RunTime:0.000531s ]
INFO: [ view_filter ] --END-- [ RunTime:0.002733s ]
INFO: [ view_end ] --START--
INFO: ShowPageTrace Behavior ::run [ RunTime:0.013548s ]
INFO: [ view_end ] --END-- [ RunTime:0.013725s ]

[ 2015-09-03T21:39:44+08:00 ] 183.198.21.97 /zc/
INFO: [ app_begin ] --START--
INFO: ReadHtmlCache Behavior ::run [ RunTime:0.000393s ]
INFO: [ app_begin ] --END-- [ RunTime:0.000506s ]

