[ 2015-07-20T03:01:44+08:00 ] 123.179.185.241 /zc/
INFO: [ app_begin ] --START--
INFO: ReadHtmlCache Behavior ::run [ RunTime:0.000487s ]
INFO: [ app_begin ] --END-- [ RunTime:0.000616s ]

[ 2015-07-20T07:09:43+08:00 ] 66.249.67.103 /zc/
INFO: [ app_begin ] --START--
INFO: ReadHtmlCache Behavior ::run [ RunTime:0.000538s ]
INFO: [ app_begin ] --END-- [ RunTime:0.000709s ]
SQL: SHOW COLUMNS FROM `fanwe_nav` [ RunTime:0.003087s ]
SQL: SELECT * FROM `fanwe_nav` ORDER BY sort  [ RunTime:0.001324s ]
SQL: SHOW COLUMNS FROM `fanwe_deal_cate` [ RunTime:0.002947s ]
SQL: SELECT * FROM `fanwe_deal_cate` ORDER BY id  [ RunTime:0.006849s ]
SQL: SHOW COLUMNS FROM `fanwe_deal_keyword` [ RunTime:0.002469s ]
SQL: SELECT * FROM `fanwe_deal_keyword` LIMIT 1   [ RunTime:0.007028s ]
SQL: SHOW COLUMNS FROM `fanwe_showindex` [ RunTime:0.003530s ]
SQL: SELECT * FROM `fanwe_showindex`  [ RunTime:0.015963s ]
SQL: SHOW COLUMNS FROM `fanwe_deal` [ RunTime:0.003991s ]
SQL: SELECT id,name,image,end_time,limit_price,brief,support_amount,user_name,user_id,province,city,index_img FROM `fanwe_deal` WHERE ( `is_effect` = 1 ) ORDER BY sort desc,id desc LIMIT 0,7   [ RunTime:0.009073s ]
INFO: [ view_parse ] --START--
NOTIC: [8] Undefined index: uid /webHome/LFWZ000390/www/zc/Zc/Runtime/Cache/cc5c2cb31be8fd046a7cb83177e081f6.php 第 70 行.
INFO: ParseTemplate Behavior ::run [ RunTime:0.029973s ]
INFO: [ view_parse ] --END-- [ RunTime:0.030163s ]
INFO: [ view_filter ] --START--
INFO: ContentReplace Behavior ::run [ RunTime:0.000645s ]
INFO: TokenBuild Behavior ::run [ RunTime:0.010785s ]
INFO: WriteHtmlCache Behavior ::run [ RunTime:0.000480s ]
INFO: ShowRuntime Behavior ::run [ RunTime:0.000439s ]
INFO: [ view_filter ] --END-- [ RunTime:0.012668s ]
INFO: [ view_end ] --START--
INFO: ShowPageTrace Behavior ::run [ RunTime:0.000382s ]
INFO: [ view_end ] --END-- [ RunTime:0.000476s ]

[ 2015-07-20T07:10:28+08:00 ] 66.249.67.29 /zc/index.php?m=Deal&a=show&id=69
INFO: [ app_begin ] --START--
INFO: ReadHtmlCache Behavior ::run [ RunTime:0.000618s ]
INFO: [ app_begin ] --END-- [ RunTime:0.000758s ]
NOTIC: [2048] Declaration of DealAction::show() should be compatible with that of Action::show() /webHome/LFWZ000390/www/zc/Zc/Lib/Action/DealAction.class.php 第 13 行.
SQL: SHOW COLUMNS FROM `fanwe_nav` [ RunTime:0.002783s ]
SQL: SELECT * FROM `fanwe_nav` ORDER BY sort  [ RunTime:0.001611s ]
SQL: SHOW COLUMNS FROM `fanwe_deal_cate` [ RunTime:0.002697s ]
SQL: SELECT * FROM `fanwe_deal_cate` ORDER BY id  [ RunTime:0.002306s ]
SQL: SHOW COLUMNS FROM `fanwe_deal_keyword` [ RunTime:0.008142s ]
SQL: SELECT * FROM `fanwe_deal_keyword` LIMIT 1   [ RunTime:0.002928s ]
NOTIC: [8] Undefined index: uid /webHome/LFWZ000390/www/zc/Zc/Lib/Action/DealAction.class.php 第 18 行.

[ 2015-07-20T07:10:30+08:00 ] 66.249.67.36 /zc/index.php?m=User&a=login
INFO: [ app_begin ] --START--
INFO: ReadHtmlCache Behavior ::run [ RunTime:0.000512s ]
INFO: [ app_begin ] --END-- [ RunTime:0.000676s ]
SQL: SHOW COLUMNS FROM `fanwe_nav` [ RunTime:0.003598s ]
SQL: SELECT * FROM `fanwe_nav` ORDER BY sort  [ RunTime:0.002249s ]
SQL: SHOW COLUMNS FROM `fanwe_deal_cate` [ RunTime:0.002952s ]
SQL: SELECT * FROM `fanwe_deal_cate` ORDER BY id  [ RunTime:0.001907s ]
SQL: SHOW COLUMNS FROM `fanwe_deal_keyword` [ RunTime:0.006283s ]
SQL: SELECT * FROM `fanwe_deal_keyword` LIMIT 1   [ RunTime:0.002684s ]
INFO: [ view_parse ] --START--
NOTIC: [8] Undefined index: uid /webHome/LFWZ000390/www/zc/Zc/Runtime/Cache/42b90be8e9c40e58e803cfb6a2f683e9.php 第 76 行.
INFO: ParseTemplate Behavior ::run [ RunTime:0.033183s ]
INFO: [ view_parse ] --END-- [ RunTime:0.033330s ]
INFO: [ view_filter ] --START--
INFO: ContentReplace Behavior ::run [ RunTime:0.000578s ]
INFO: TokenBuild Behavior ::run [ RunTime:0.000472s ]
INFO: WriteHtmlCache Behavior ::run [ RunTime:0.000423s ]
INFO: ShowRuntime Behavior ::run [ RunTime:0.000487s ]
INFO: [ view_filter ] --END-- [ RunTime:0.002233s ]
INFO: [ view_end ] --START--
INFO: ShowPageTrace Behavior ::run [ RunTime:0.000454s ]
INFO: [ view_end ] --END-- [ RunTime:0.000551s ]

[ 2015-07-20T08:56:09+08:00 ] 101.226.169.207 /zc/index.php?a=index&m=Deals&tid=14
INFO: [ app_begin ] --START--
INFO: ReadHtmlCache Behavior ::run [ RunTime:0.004619s ]
INFO: [ app_begin ] --END-- [ RunTime:0.004842s ]
SQL: SHOW COLUMNS FROM `fanwe_nav` [ RunTime:0.004063s ]
SQL: SELECT * FROM `fanwe_nav` ORDER BY sort  [ RunTime:0.002401s ]
SQL: SHOW COLUMNS FROM `fanwe_deal_cate` [ RunTime:0.009729s ]
SQL: SELECT * FROM `fanwe_deal_cate` ORDER BY id  [ RunTime:0.004470s ]
SQL: SHOW COLUMNS FROM `fanwe_deal_keyword` [ RunTime:0.006120s ]
SQL: SELECT * FROM `fanwe_deal_keyword` LIMIT 1   [ RunTime:0.001804s ]
NOTIC: [8] Undefined index: uid /webHome/LFWZ000390/www/zc/Zc/Lib/Action/DealsAction.class.php 第 18 行.

[ 2015-07-20T08:56:10+08:00 ] 101.226.169.210 /zc/index.php?m=User&a=login
INFO: [ app_begin ] --START--
INFO: ReadHtmlCache Behavior ::run [ RunTime:0.000908s ]
INFO: [ app_begin ] --END-- [ RunTime:0.003209s ]
SQL: SHOW COLUMNS FROM `fanwe_nav` [ RunTime:0.002465s ]
SQL: SELECT * FROM `fanwe_nav` ORDER BY sort  [ RunTime:0.001647s ]
SQL: SHOW COLUMNS FROM `fanwe_deal_cate` [ RunTime:0.012347s ]
SQL: SELECT * FROM `fanwe_deal_cate` ORDER BY id  [ RunTime:0.008092s ]
SQL: SHOW COLUMNS FROM `fanwe_deal_keyword` [ RunTime:0.012816s ]
SQL: SELECT * FROM `fanwe_deal_keyword` LIMIT 1   [ RunTime:0.002010s ]
INFO: [ view_parse ] --START--
NOTIC: [8] Undefined index: uid /webHome/LFWZ000390/www/zc/Zc/Runtime/Cache/42b90be8e9c40e58e803cfb6a2f683e9.php 第 76 行.
INFO: ParseTemplate Behavior ::run [ RunTime:0.059892s ]
INFO: [ view_parse ] --END-- [ RunTime:0.060018s ]
INFO: [ view_filter ] --START--
INFO: ContentReplace Behavior ::run [ RunTime:0.000621s ]
INFO: TokenBuild Behavior ::run [ RunTime:0.000460s ]
INFO: WriteHtmlCache Behavior ::run [ RunTime:0.000364s ]
INFO: ShowRuntime Behavior ::run [ RunTime:0.000447s ]
INFO: [ view_filter ] --END-- [ RunTime:0.002197s ]
INFO: [ view_end ] --START--
INFO: ShowPageTrace Behavior ::run [ RunTime:0.000418s ]
INFO: [ view_end ] --END-- [ RunTime:0.000506s ]

[ 2015-07-20T08:57:51+08:00 ] 101.226.168.205 /zc/index.php?a=index&m=Deals&tid=9
INFO: [ app_begin ] --START--
INFO: ReadHtmlCache Behavior ::run [ RunTime:0.000444s ]
INFO: [ app_begin ] --END-- [ RunTime:0.000574s ]
SQL: SHOW COLUMNS FROM `fanwe_nav` [ RunTime:0.017484s ]
SQL: SELECT * FROM `fanwe_nav` ORDER BY sort  [ RunTime:0.001783s ]
SQL: SHOW COLUMNS FROM `fanwe_deal_cate` [ RunTime:0.002190s ]
SQL: SELECT * FROM `fanwe_deal_cate` ORDER BY id  [ RunTime:0.002154s ]
SQL: SHOW COLUMNS FROM `fanwe_deal_keyword` [ RunTime:0.007753s ]
SQL: SELECT * FROM `fanwe_deal_keyword` LIMIT 1   [ RunTime:0.001994s ]
NOTIC: [8] Undefined index: uid /webHome/LFWZ000390/www/zc/Zc/Lib/Action/DealsAction.class.php 第 18 行.

[ 2015-07-20T08:57:56+08:00 ] 101.226.168.206 /zc/index.php?m=User&a=login
INFO: [ app_begin ] --START--
INFO: ReadHtmlCache Behavior ::run [ RunTime:0.000653s ]
INFO: [ app_begin ] --END-- [ RunTime:0.000784s ]
SQL: SHOW COLUMNS FROM `fanwe_nav` [ RunTime:0.010821s ]
SQL: SELECT * FROM `fanwe_nav` ORDER BY sort  [ RunTime:0.001717s ]
SQL: SHOW COLUMNS FROM `fanwe_deal_cate` [ RunTime:0.001891s ]
SQL: SELECT * FROM `fanwe_deal_cate` ORDER BY id  [ RunTime:0.001930s ]
SQL: SHOW COLUMNS FROM `fanwe_deal_keyword` [ RunTime:0.002365s ]
SQL: SELECT * FROM `fanwe_deal_keyword` LIMIT 1   [ RunTime:0.002550s ]
INFO: [ view_parse ] --START--
NOTIC: [8] Undefined index: uid /webHome/LFWZ000390/www/zc/Zc/Runtime/Cache/42b90be8e9c40e58e803cfb6a2f683e9.php 第 76 行.
INFO: ParseTemplate Behavior ::run [ RunTime:0.030445s ]
INFO: [ view_parse ] --END-- [ RunTime:0.030645s ]
INFO: [ view_filter ] --START--
INFO: ContentReplace Behavior ::run [ RunTime:0.000572s ]
INFO: TokenBuild Behavior ::run [ RunTime:0.000399s ]
INFO: WriteHtmlCache Behavior ::run [ RunTime:0.000410s ]
INFO: ShowRuntime Behavior ::run [ RunTime:0.000425s ]
INFO: [ view_filter ] --END-- [ RunTime:0.002066s ]
INFO: [ view_end ] --START--
INFO: ShowPageTrace Behavior ::run [ RunTime:0.000402s ]
INFO: [ view_end ] --END-- [ RunTime:0.000487s ]

[ 2015-07-20T08:58:23+08:00 ] 101.226.169.218 /zc/index.php?a=index&m=Deals&tid=2
INFO: [ app_begin ] --START--
INFO: ReadHtmlCache Behavior ::run [ RunTime:0.000423s ]
INFO: [ app_begin ] --END-- [ RunTime:0.000573s ]
SQL: SHOW COLUMNS FROM `fanwe_nav` [ RunTime:0.003720s ]
SQL: SELECT * FROM `fanwe_nav` ORDER BY sort  [ RunTime:0.001409s ]
SQL: SHOW COLUMNS FROM `fanwe_deal_cate` [ RunTime:0.002446s ]
SQL: SELECT * FROM `fanwe_deal_cate` ORDER BY id  [ RunTime:0.002554s ]
SQL: SHOW COLUMNS FROM `fanwe_deal_keyword` [ RunTime:0.016251s ]
SQL: SELECT * FROM `fanwe_deal_keyword` LIMIT 1   [ RunTime:0.001571s ]
NOTIC: [8] Undefined index: uid /webHome/LFWZ000390/www/zc/Zc/Lib/Action/DealsAction.class.php 第 18 行.

[ 2015-07-20T08:58:23+08:00 ] 101.226.169.218 /zc/index.php?m=User&a=login
INFO: [ app_begin ] --START--
INFO: ReadHtmlCache Behavior ::run [ RunTime:0.003348s ]
INFO: [ app_begin ] --END-- [ RunTime:0.003527s ]
SQL: SHOW COLUMNS FROM `fanwe_nav` [ RunTime:0.002309s ]
SQL: SELECT * FROM `fanwe_nav` ORDER BY sort  [ RunTime:0.002405s ]
SQL: SHOW COLUMNS FROM `fanwe_deal_cate` [ RunTime:0.001982s ]
SQL: SELECT * FROM `fanwe_deal_cate` ORDER BY id  [ RunTime:0.001372s ]
SQL: SHOW COLUMNS FROM `fanwe_deal_keyword` [ RunTime:0.003500s ]
SQL: SELECT * FROM `fanwe_deal_keyword` LIMIT 1   [ RunTime:0.001661s ]
INFO: [ view_parse ] --START--
NOTIC: [8] Undefined index: uid /webHome/LFWZ000390/www/zc/Zc/Runtime/Cache/42b90be8e9c40e58e803cfb6a2f683e9.php 第 76 行.
INFO: ParseTemplate Behavior ::run [ RunTime:0.045038s ]
INFO: [ view_parse ] --END-- [ RunTime:0.045216s ]
INFO: [ view_filter ] --START--
INFO: ContentReplace Behavior ::run [ RunTime:0.000862s ]
INFO: TokenBuild Behavior ::run [ RunTime:0.003480s ]
INFO: WriteHtmlCache Behavior ::run [ RunTime:0.000521s ]
INFO: ShowRuntime Behavior ::run [ RunTime:0.000552s ]
INFO: [ view_filter ] --END-- [ RunTime:0.005731s ]
INFO: [ view_end ] --START--
INFO: ShowPageTrace Behavior ::run [ RunTime:0.000380s ]
INFO: [ view_end ] --END-- [ RunTime:0.000550s ]

[ 2015-07-20T09:06:50+08:00 ] 182.118.25.212 /zc/index.php?a=index&m=Deals&tid=3
INFO: [ app_begin ] --START--
INFO: ReadHtmlCache Behavior ::run [ RunTime:0.000497s ]
INFO: [ app_begin ] --END-- [ RunTime:0.000662s ]
SQL: SHOW COLUMNS FROM `fanwe_nav` [ RunTime:0.002915s ]
SQL: SELECT * FROM `fanwe_nav` ORDER BY sort  [ RunTime:0.005093s ]
SQL: SHOW COLUMNS FROM `fanwe_deal_cate` [ RunTime:0.003158s ]
SQL: SELECT * FROM `fanwe_deal_cate` ORDER BY id  [ RunTime:0.003975s ]
SQL: SHOW COLUMNS FROM `fanwe_deal_keyword` [ RunTime:0.003077s ]
SQL: SELECT * FROM `fanwe_deal_keyword` LIMIT 1   [ RunTime:0.008814s ]
NOTIC: [8] Undefined index: uid /webHome/LFWZ000390/www/zc/Zc/Lib/Action/DealsAction.class.php 第 18 行.

[ 2015-07-20T09:06:51+08:00 ] 182.118.25.212 /zc/index.php?m=User&a=login
INFO: [ app_begin ] --START--
INFO: ReadHtmlCache Behavior ::run [ RunTime:0.000448s ]
INFO: [ app_begin ] --END-- [ RunTime:0.000634s ]
SQL: SHOW COLUMNS FROM `fanwe_nav` [ RunTime:0.011595s ]
SQL: SELECT * FROM `fanwe_nav` ORDER BY sort  [ RunTime:0.001266s ]
SQL: SHOW COLUMNS FROM `fanwe_deal_cate` [ RunTime:0.001973s ]
SQL: SELECT * FROM `fanwe_deal_cate` ORDER BY id  [ RunTime:0.001707s ]
SQL: SHOW COLUMNS FROM `fanwe_deal_keyword` [ RunTime:0.009172s ]
SQL: SELECT * FROM `fanwe_deal_keyword` LIMIT 1   [ RunTime:0.000922s ]
INFO: [ view_parse ] --START--
NOTIC: [8] Undefined index: uid /webHome/LFWZ000390/www/zc/Zc/Runtime/Cache/42b90be8e9c40e58e803cfb6a2f683e9.php 第 76 行.
INFO: ParseTemplate Behavior ::run [ RunTime:0.021565s ]
INFO: [ view_parse ] --END-- [ RunTime:0.021694s ]
INFO: [ view_filter ] --START--
INFO: ContentReplace Behavior ::run [ RunTime:0.000548s ]
INFO: TokenBuild Behavior ::run [ RunTime:0.000674s ]
INFO: WriteHtmlCache Behavior ::run [ RunTime:0.000520s ]
INFO: ShowRuntime Behavior ::run [ RunTime:0.000495s ]
INFO: [ view_filter ] --END-- [ RunTime:0.002547s ]
INFO: [ view_end ] --START--
INFO: ShowPageTrace Behavior ::run [ RunTime:0.000444s ]
INFO: [ view_end ] --END-- [ RunTime:0.000530s ]

[ 2015-07-20T09:09:50+08:00 ] 182.118.22.219 /zc/index.php?a=index&m=Deals&tid=12
INFO: [ app_begin ] --START--
INFO: ReadHtmlCache Behavior ::run [ RunTime:0.000415s ]
INFO: [ app_begin ] --END-- [ RunTime:0.000554s ]
SQL: SHOW COLUMNS FROM `fanwe_nav` [ RunTime:0.006724s ]
SQL: SELECT * FROM `fanwe_nav` ORDER BY sort  [ RunTime:0.001697s ]
SQL: SHOW COLUMNS FROM `fanwe_deal_cate` [ RunTime:0.004214s ]
SQL: SELECT * FROM `fanwe_deal_cate` ORDER BY id  [ RunTime:0.006175s ]
SQL: SHOW COLUMNS FROM `fanwe_deal_keyword` [ RunTime:0.005782s ]
SQL: SELECT * FROM `fanwe_deal_keyword` LIMIT 1   [ RunTime:0.006987s ]
NOTIC: [8] Undefined index: uid /webHome/LFWZ000390/www/zc/Zc/Lib/Action/DealsAction.class.php 第 18 行.

[ 2015-07-20T09:09:52+08:00 ] 182.118.22.219 /zc/index.php?m=User&a=login
INFO: [ app_begin ] --START--
INFO: ReadHtmlCache Behavior ::run [ RunTime:0.000490s ]
INFO: [ app_begin ] --END-- [ RunTime:0.000664s ]
SQL: SHOW COLUMNS FROM `fanwe_nav` [ RunTime:0.003012s ]
SQL: SELECT * FROM `fanwe_nav` ORDER BY sort  [ RunTime:0.010881s ]
SQL: SHOW COLUMNS FROM `fanwe_deal_cate` [ RunTime:0.001856s ]
SQL: SELECT * FROM `fanwe_deal_cate` ORDER BY id  [ RunTime:0.004916s ]
SQL: SHOW COLUMNS FROM `fanwe_deal_keyword` [ RunTime:0.006940s ]
SQL: SELECT * FROM `fanwe_deal_keyword` LIMIT 1   [ RunTime:0.001132s ]
INFO: [ view_parse ] --START--
NOTIC: [8] Undefined index: uid /webHome/LFWZ000390/www/zc/Zc/Runtime/Cache/42b90be8e9c40e58e803cfb6a2f683e9.php 第 76 行.
INFO: ParseTemplate Behavior ::run [ RunTime:0.015531s ]
INFO: [ view_parse ] --END-- [ RunTime:0.015677s ]
INFO: [ view_filter ] --START--
INFO: ContentReplace Behavior ::run [ RunTime:0.000550s ]
INFO: TokenBuild Behavior ::run [ RunTime:0.000452s ]
INFO: WriteHtmlCache Behavior ::run [ RunTime:0.000487s ]
INFO: ShowRuntime Behavior ::run [ RunTime:0.000521s ]
INFO: [ view_filter ] --END-- [ RunTime:0.002295s ]
INFO: [ view_end ] --START--
INFO: ShowPageTrace Behavior ::run [ RunTime:0.003964s ]
INFO: [ view_end ] --END-- [ RunTime:0.004133s ]

[ 2015-07-20T09:09:54+08:00 ] 182.118.21.207 /zc/index.php?a=register&m=User
INFO: [ app_begin ] --START--
INFO: ReadHtmlCache Behavior ::run [ RunTime:0.011567s ]
INFO: [ app_begin ] --END-- [ RunTime:0.011783s ]
SQL: SHOW COLUMNS FROM `fanwe_nav` [ RunTime:0.002163s ]
SQL: SELECT * FROM `fanwe_nav` ORDER BY sort  [ RunTime:0.002640s ]
SQL: SHOW COLUMNS FROM `fanwe_deal_cate` [ RunTime:0.006910s ]
SQL: SELECT * FROM `fanwe_deal_cate` ORDER BY id  [ RunTime:0.001655s ]
SQL: SHOW COLUMNS FROM `fanwe_deal_keyword` [ RunTime:0.002743s ]
SQL: SELECT * FROM `fanwe_deal_keyword` LIMIT 1   [ RunTime:0.001620s ]
INFO: [ view_parse ] --START--
NOTIC: [8] Undefined index: uid /webHome/LFWZ000390/www/zc/Zc/Runtime/Cache/5ca447943347623fc7c870efb9c9908d.php 第 80 行.
INFO: ParseTemplate Behavior ::run [ RunTime:0.017581s ]
INFO: [ view_parse ] --END-- [ RunTime:0.017764s ]
INFO: [ view_filter ] --START--
INFO: ContentReplace Behavior ::run [ RunTime:0.002123s ]
INFO: TokenBuild Behavior ::run [ RunTime:0.000571s ]
INFO: WriteHtmlCache Behavior ::run [ RunTime:0.000375s ]
INFO: ShowRuntime Behavior ::run [ RunTime:0.000969s ]
INFO: [ view_filter ] --END-- [ RunTime:0.004418s ]
INFO: [ view_end ] --START--
INFO: ShowPageTrace Behavior ::run [ RunTime:0.000502s ]
INFO: [ view_end ] --END-- [ RunTime:0.000591s ]

[ 2015-07-20T10:16:24+08:00 ] 66.249.67.91 /zc/
INFO: [ app_begin ] --START--
INFO: ReadHtmlCache Behavior ::run [ RunTime:0.000449s ]
INFO: [ app_begin ] --END-- [ RunTime:0.000611s ]
SQL: SHOW COLUMNS FROM `fanwe_nav` [ RunTime:0.002766s ]
SQL: SELECT * FROM `fanwe_nav` ORDER BY sort  [ RunTime:0.002246s ]
SQL: SHOW COLUMNS FROM `fanwe_deal_cate` [ RunTime:0.004371s ]
SQL: SELECT * FROM `fanwe_deal_cate` ORDER BY id  [ RunTime:0.002828s ]
SQL: SHOW COLUMNS FROM `fanwe_deal_keyword` [ RunTime:0.003023s ]
SQL: SELECT * FROM `fanwe_deal_keyword` LIMIT 1   [ RunTime:0.001582s ]
SQL: SHOW COLUMNS FROM `fanwe_showindex` [ RunTime:0.002839s ]
SQL: SELECT * FROM `fanwe_showindex`  [ RunTime:0.002309s ]
SQL: SHOW COLUMNS FROM `fanwe_deal` [ RunTime:0.011035s ]
SQL: SELECT id,name,image,end_time,limit_price,brief,support_amount,user_name,user_id,province,city,index_img FROM `fanwe_deal` WHERE ( `is_effect` = 1 ) ORDER BY sort desc,id desc LIMIT 0,7   [ RunTime:0.005219s ]
INFO: [ view_parse ] --START--
NOTIC: [8] Undefined index: uid /webHome/LFWZ000390/www/zc/Zc/Runtime/Cache/cc5c2cb31be8fd046a7cb83177e081f6.php 第 70 行.
INFO: ParseTemplate Behavior ::run [ RunTime:0.040067s ]
INFO: [ view_parse ] --END-- [ RunTime:0.040220s ]
INFO: [ view_filter ] --START--
INFO: ContentReplace Behavior ::run [ RunTime:0.000555s ]
INFO: TokenBuild Behavior ::run [ RunTime:0.000550s ]
INFO: WriteHtmlCache Behavior ::run [ RunTime:0.000390s ]
INFO: ShowRuntime Behavior ::run [ RunTime:0.000540s ]
INFO: [ view_filter ] --END-- [ RunTime:0.002423s ]
INFO: [ view_end ] --START--
INFO: ShowPageTrace Behavior ::run [ RunTime:0.000587s ]
INFO: [ view_end ] --END-- [ RunTime:0.000686s ]

[ 2015-07-20T15:00:38+08:00 ] 14.17.34.189 /zc/index.php?m=News&a=html&id=2
INFO: [ app_begin ] --START--
INFO: ReadHtmlCache Behavior ::run [ RunTime:0.001590s ]
INFO: [ app_begin ] --END-- [ RunTime:0.001743s ]

[ 2015-07-20T16:39:22+08:00 ] 106.39.253.228 /zc/
INFO: [ app_begin ] --START--
INFO: ReadHtmlCache Behavior ::run [ RunTime:0.000634s ]
INFO: [ app_begin ] --END-- [ RunTime:0.000876s ]
SQL: SHOW COLUMNS FROM `fanwe_nav` [ RunTime:0.003075s ]
SQL: SELECT * FROM `fanwe_nav` ORDER BY sort  [ RunTime:0.002259s ]
SQL: SHOW COLUMNS FROM `fanwe_deal_cate` [ RunTime:0.013138s ]
SQL: SELECT * FROM `fanwe_deal_cate` ORDER BY id  [ RunTime:0.002484s ]
SQL: SHOW COLUMNS FROM `fanwe_deal_keyword` [ RunTime:0.003050s ]
SQL: SELECT * FROM `fanwe_deal_keyword` LIMIT 1   [ RunTime:0.001807s ]
SQL: SHOW COLUMNS FROM `fanwe_showindex` [ RunTime:0.005362s ]
SQL: SELECT * FROM `fanwe_showindex`  [ RunTime:0.002746s ]
SQL: SHOW COLUMNS FROM `fanwe_deal` [ RunTime:0.008153s ]
SQL: SELECT id,name,image,end_time,limit_price,brief,support_amount,user_name,user_id,province,city,index_img FROM `fanwe_deal` WHERE ( `is_effect` = 1 ) ORDER BY sort desc,id desc LIMIT 0,7   [ RunTime:0.003027s ]
INFO: [ view_parse ] --START--
NOTIC: [8] Undefined index: uid /webHome/LFWZ000390/www/zc/Zc/Runtime/Cache/cc5c2cb31be8fd046a7cb83177e081f6.php 第 70 行.
INFO: ParseTemplate Behavior ::run [ RunTime:0.070465s ]
INFO: [ view_parse ] --END-- [ RunTime:0.070598s ]
INFO: [ view_filter ] --START--
INFO: ContentReplace Behavior ::run [ RunTime:0.000585s ]
INFO: TokenBuild Behavior ::run [ RunTime:0.000436s ]
INFO: WriteHtmlCache Behavior ::run [ RunTime:0.000326s ]
INFO: ShowRuntime Behavior ::run [ RunTime:0.000403s ]
INFO: [ view_filter ] --END-- [ RunTime:0.002024s ]
INFO: [ view_end ] --START--
INFO: ShowPageTrace Behavior ::run [ RunTime:0.009311s ]
INFO: [ view_end ] --END-- [ RunTime:0.009487s ]

[ 2015-07-20T20:20:51+08:00 ] 66.249.67.103 /zc/
INFO: [ app_begin ] --START--
INFO: ReadHtmlCache Behavior ::run [ RunTime:0.005610s ]
INFO: [ app_begin ] --END-- [ RunTime:0.005760s ]
SQL: SHOW COLUMNS FROM `fanwe_nav` [ RunTime:0.004696s ]
SQL: SELECT * FROM `fanwe_nav` ORDER BY sort  [ RunTime:0.001993s ]
SQL: SHOW COLUMNS FROM `fanwe_deal_cate` [ RunTime:0.004736s ]
SQL: SELECT * FROM `fanwe_deal_cate` ORDER BY id  [ RunTime:0.006390s ]
SQL: SHOW COLUMNS FROM `fanwe_deal_keyword` [ RunTime:0.015830s ]
SQL: SELECT * FROM `fanwe_deal_keyword` LIMIT 1   [ RunTime:0.001934s ]
SQL: SHOW COLUMNS FROM `fanwe_showindex` [ RunTime:0.004168s ]
SQL: SELECT * FROM `fanwe_showindex`  [ RunTime:0.012041s ]
SQL: SHOW COLUMNS FROM `fanwe_deal` [ RunTime:0.004235s ]
SQL: SELECT id,name,image,end_time,limit_price,brief,support_amount,user_name,user_id,province,city,index_img FROM `fanwe_deal` WHERE ( `is_effect` = 1 ) ORDER BY sort desc,id desc LIMIT 0,7   [ RunTime:0.003303s ]
INFO: [ view_parse ] --START--
NOTIC: [8] Undefined index: uid /webHome/LFWZ000390/www/zc/Zc/Runtime/Cache/cc5c2cb31be8fd046a7cb83177e081f6.php 第 70 行.
INFO: ParseTemplate Behavior ::run [ RunTime:0.056050s ]
INFO: [ view_parse ] --END-- [ RunTime:0.059764s ]
INFO: [ view_filter ] --START--
INFO: ContentReplace Behavior ::run [ RunTime:0.000781s ]
INFO: TokenBuild Behavior ::run [ RunTime:0.000513s ]
INFO: WriteHtmlCache Behavior ::run [ RunTime:0.000689s ]
INFO: ShowRuntime Behavior ::run [ RunTime:0.000547s ]
INFO: [ view_filter ] --END-- [ RunTime:0.002913s ]
INFO: [ view_end ] --START--
INFO: ShowPageTrace Behavior ::run [ RunTime:0.005676s ]
INFO: [ view_end ] --END-- [ RunTime:0.005898s ]

[ 2015-07-20T22:45:20+08:00 ] 66.249.75.218 /zc/
INFO: [ app_begin ] --START--
INFO: ReadHtmlCache Behavior ::run [ RunTime:0.000341s ]
INFO: [ app_begin ] --END-- [ RunTime:0.000444s ]
SQL: SHOW COLUMNS FROM `fanwe_nav` [ RunTime:0.026435s ]
SQL: SELECT * FROM `fanwe_nav` ORDER BY sort  [ RunTime:0.001433s ]
SQL: SHOW COLUMNS FROM `fanwe_deal_cate` [ RunTime:0.007413s ]
SQL: SELECT * FROM `fanwe_deal_cate` ORDER BY id  [ RunTime:0.001658s ]
SQL: SHOW COLUMNS FROM `fanwe_deal_keyword` [ RunTime:0.003260s ]
SQL: SELECT * FROM `fanwe_deal_keyword` LIMIT 1   [ RunTime:0.005718s ]
SQL: SHOW COLUMNS FROM `fanwe_showindex` [ RunTime:0.004162s ]
SQL: SELECT * FROM `fanwe_showindex`  [ RunTime:0.004000s ]
SQL: SHOW COLUMNS FROM `fanwe_deal` [ RunTime:0.004988s ]
SQL: SELECT id,name,image,end_time,limit_price,brief,support_amount,user_name,user_id,province,city,index_img FROM `fanwe_deal` WHERE ( `is_effect` = 1 ) ORDER BY sort desc,id desc LIMIT 0,7   [ RunTime:0.003798s ]
INFO: [ view_parse ] --START--
NOTIC: [8] Undefined index: uid /webHome/LFWZ000390/www/zc/Zc/Runtime/Cache/cc5c2cb31be8fd046a7cb83177e081f6.php 第 70 行.
INFO: ParseTemplate Behavior ::run [ RunTime:0.053809s ]
INFO: [ view_parse ] --END-- [ RunTime:0.053948s ]
INFO: [ view_filter ] --START--
INFO: ContentReplace Behavior ::run [ RunTime:0.002192s ]
INFO: TokenBuild Behavior ::run [ RunTime:0.000792s ]
INFO: WriteHtmlCache Behavior ::run [ RunTime:0.000808s ]
INFO: ShowRuntime Behavior ::run [ RunTime:0.000651s ]
INFO: [ view_filter ] --END-- [ RunTime:0.007492s ]
INFO: [ view_end ] --START--
INFO: ShowPageTrace Behavior ::run [ RunTime:0.000479s ]
INFO: [ view_end ] --END-- [ RunTime:0.000901s ]

[ 2015-07-20T23:15:31+08:00 ] 116.9.43.103 /zc/
INFO: [ app_begin ] --START--
INFO: ReadHtmlCache Behavior ::run [ RunTime:0.000597s ]
INFO: [ app_begin ] --END-- [ RunTime:0.000735s ]

[ 2015-07-20T23:17:23+08:00 ] 180.153.206.13 /zc/
INFO: [ app_begin ] --START--
INFO: ReadHtmlCache Behavior ::run [ RunTime:0.000503s ]
INFO: [ app_begin ] --END-- [ RunTime:0.000643s ]

[ 2015-07-20T23:17:23+08:00 ] 116.9.43.103 /zc/
INFO: [ app_begin ] --START--
INFO: ReadHtmlCache Behavior ::run [ RunTime:0.000475s ]
INFO: [ app_begin ] --END-- [ RunTime:0.006116s ]

[ 2015-07-20T23:43:00+08:00 ] 124.237.122.220 /zc/
INFO: [ app_begin ] --START--
INFO: ReadHtmlCache Behavior ::run [ RunTime:0.000466s ]
INFO: [ app_begin ] --END-- [ RunTime:0.000599s ]
SQL: SHOW COLUMNS FROM `fanwe_nav` [ RunTime:0.008987s ]
SQL: SELECT * FROM `fanwe_nav` ORDER BY sort  [ RunTime:0.006073s ]
SQL: SHOW COLUMNS FROM `fanwe_deal_cate` [ RunTime:0.005569s ]
SQL: SELECT * FROM `fanwe_deal_cate` ORDER BY id  [ RunTime:0.001002s ]
SQL: SHOW COLUMNS FROM `fanwe_deal_keyword` [ RunTime:0.002107s ]
SQL: SELECT * FROM `fanwe_deal_keyword` LIMIT 1   [ RunTime:0.001239s ]
SQL: SHOW COLUMNS FROM `fanwe_showindex` [ RunTime:0.002851s ]
SQL: SELECT * FROM `fanwe_showindex`  [ RunTime:0.003321s ]
SQL: SHOW COLUMNS FROM `fanwe_deal` [ RunTime:0.021405s ]
SQL: SELECT id,name,image,end_time,limit_price,brief,support_amount,user_name,user_id,province,city,index_img FROM `fanwe_deal` WHERE ( `is_effect` = 1 ) ORDER BY sort desc,id desc LIMIT 0,7   [ RunTime:0.002017s ]
INFO: [ view_parse ] --START--
NOTIC: [8] Undefined index: uid /webHome/LFWZ000390/www/zc/Zc/Runtime/Cache/cc5c2cb31be8fd046a7cb83177e081f6.php 第 70 行.
INFO: ParseTemplate Behavior ::run [ RunTime:0.053122s ]
INFO: [ view_parse ] --END-- [ RunTime:0.053253s ]
INFO: [ view_filter ] --START--
INFO: ContentReplace Behavior ::run [ RunTime:0.000943s ]
INFO: TokenBuild Behavior ::run [ RunTime:0.000879s ]
INFO: WriteHtmlCache Behavior ::run [ RunTime:0.002629s ]
INFO: ShowRuntime Behavior ::run [ RunTime:0.003042s ]
INFO: [ view_filter ] --END-- [ RunTime:0.009768s ]
INFO: [ view_end ] --START--
INFO: ShowPageTrace Behavior ::run [ RunTime:0.000610s ]
INFO: [ view_end ] --END-- [ RunTime:0.000714s ]

[ 2015-07-20T23:43:04+08:00 ] 124.237.122.220 /zc/index.php?m=Deal&a=show&id=71
INFO: [ app_begin ] --START--
INFO: ReadHtmlCache Behavior ::run [ RunTime:0.005734s ]
INFO: [ app_begin ] --END-- [ RunTime:0.007436s ]
NOTIC: [2048] Declaration of DealAction::show() should be compatible with that of Action::show() /webHome/LFWZ000390/www/zc/Zc/Lib/Action/DealAction.class.php 第 13 行.
SQL: SHOW COLUMNS FROM `fanwe_nav` [ RunTime:0.003073s ]
SQL: SELECT * FROM `fanwe_nav` ORDER BY sort  [ RunTime:0.007193s ]
SQL: SHOW COLUMNS FROM `fanwe_deal_cate` [ RunTime:0.003565s ]
SQL: SELECT * FROM `fanwe_deal_cate` ORDER BY id  [ RunTime:0.001358s ]
SQL: SHOW COLUMNS FROM `fanwe_deal_keyword` [ RunTime:0.003986s ]
SQL: SELECT * FROM `fanwe_deal_keyword` LIMIT 1   [ RunTime:0.005725s ]
NOTIC: [8] Undefined index: uid /webHome/LFWZ000390/www/zc/Zc/Lib/Action/DealAction.class.php 第 18 行.

[ 2015-07-20T23:43:05+08:00 ] 124.237.122.220 /zc/index.php?m=User&a=login
INFO: [ app_begin ] --START--
INFO: ReadHtmlCache Behavior ::run [ RunTime:0.000447s ]
INFO: [ app_begin ] --END-- [ RunTime:0.000570s ]
SQL: SHOW COLUMNS FROM `fanwe_nav` [ RunTime:0.008756s ]
SQL: SELECT * FROM `fanwe_nav` ORDER BY sort  [ RunTime:0.002904s ]
SQL: SHOW COLUMNS FROM `fanwe_deal_cate` [ RunTime:0.001734s ]
SQL: SELECT * FROM `fanwe_deal_cate` ORDER BY id  [ RunTime:0.002685s ]
SQL: SHOW COLUMNS FROM `fanwe_deal_keyword` [ RunTime:0.033787s ]
SQL: SELECT * FROM `fanwe_deal_keyword` LIMIT 1   [ RunTime:0.001506s ]
INFO: [ view_parse ] --START--
NOTIC: [8] Undefined index: uid /webHome/LFWZ000390/www/zc/Zc/Runtime/Cache/42b90be8e9c40e58e803cfb6a2f683e9.php 第 76 行.
INFO: ParseTemplate Behavior ::run [ RunTime:0.020301s ]
INFO: [ view_parse ] --END-- [ RunTime:0.020408s ]
INFO: [ view_filter ] --START--
INFO: ContentReplace Behavior ::run [ RunTime:0.011345s ]
INFO: TokenBuild Behavior ::run [ RunTime:0.000612s ]
INFO: WriteHtmlCache Behavior ::run [ RunTime:0.000411s ]
INFO: ShowRuntime Behavior ::run [ RunTime:0.001289s ]
INFO: [ view_filter ] --END-- [ RunTime:0.014031s ]
INFO: [ view_end ] --START--
INFO: ShowPageTrace Behavior ::run [ RunTime:0.000450s ]
INFO: [ view_end ] --END-- [ RunTime:0.000547s ]

[ 2015-07-20T23:43:31+08:00 ] 124.237.122.220 /zc/index.php?m=Deals&a=index&tid=4
INFO: [ app_begin ] --START--
INFO: ReadHtmlCache Behavior ::run [ RunTime:0.001483s ]
INFO: [ app_begin ] --END-- [ RunTime:0.001653s ]
SQL: SHOW COLUMNS FROM `fanwe_nav` [ RunTime:0.002576s ]
SQL: SELECT * FROM `fanwe_nav` ORDER BY sort  [ RunTime:0.002794s ]
SQL: SHOW COLUMNS FROM `fanwe_deal_cate` [ RunTime:0.002711s ]
SQL: SELECT * FROM `fanwe_deal_cate` ORDER BY id  [ RunTime:0.002230s ]
SQL: SHOW COLUMNS FROM `fanwe_deal_keyword` [ RunTime:0.002822s ]
SQL: SELECT * FROM `fanwe_deal_keyword` LIMIT 1   [ RunTime:0.002227s ]
NOTIC: [8] Undefined index: uid /webHome/LFWZ000390/www/zc/Zc/Lib/Action/DealsAction.class.php 第 18 行.

[ 2015-07-20T23:43:31+08:00 ] 124.237.122.220 /zc/index.php?m=User&a=login
INFO: [ app_begin ] --START--
INFO: ReadHtmlCache Behavior ::run [ RunTime:0.013259s ]
INFO: [ app_begin ] --END-- [ RunTime:0.016484s ]
SQL: SHOW COLUMNS FROM `fanwe_nav` [ RunTime:0.005648s ]
SQL: SELECT * FROM `fanwe_nav` ORDER BY sort  [ RunTime:0.002276s ]
SQL: SHOW COLUMNS FROM `fanwe_deal_cate` [ RunTime:0.004608s ]
SQL: SELECT * FROM `fanwe_deal_cate` ORDER BY id  [ RunTime:0.001462s ]
SQL: SHOW COLUMNS FROM `fanwe_deal_keyword` [ RunTime:0.007210s ]
SQL: SELECT * FROM `fanwe_deal_keyword` LIMIT 1   [ RunTime:0.014497s ]
INFO: [ view_parse ] --START--
NOTIC: [8] Undefined index: uid /webHome/LFWZ000390/www/zc/Zc/Runtime/Cache/42b90be8e9c40e58e803cfb6a2f683e9.php 第 76 行.
INFO: ParseTemplate Behavior ::run [ RunTime:0.032306s ]
INFO: [ view_parse ] --END-- [ RunTime:0.032462s ]
INFO: [ view_filter ] --START--
INFO: ContentReplace Behavior ::run [ RunTime:0.000896s ]
INFO: TokenBuild Behavior ::run [ RunTime:0.000795s ]
INFO: WriteHtmlCache Behavior ::run [ RunTime:0.000563s ]
INFO: ShowRuntime Behavior ::run [ RunTime:0.004268s ]
INFO: [ view_filter ] --END-- [ RunTime:0.006868s ]
INFO: [ view_end ] --START--
INFO: ShowPageTrace Behavior ::run [ RunTime:0.002592s ]
INFO: [ view_end ] --END-- [ RunTime:0.002742s ]

[ 2015-07-20T23:43:39+08:00 ] 124.237.122.220 /zc/index.php?m=Deals&a=rec
INFO: [ app_begin ] --START--
INFO: ReadHtmlCache Behavior ::run [ RunTime:0.000575s ]
INFO: [ app_begin ] --END-- [ RunTime:0.000717s ]
SQL: SHOW COLUMNS FROM `fanwe_nav` [ RunTime:0.003118s ]
SQL: SELECT * FROM `fanwe_nav` ORDER BY sort  [ RunTime:0.001223s ]
SQL: SHOW COLUMNS FROM `fanwe_deal_cate` [ RunTime:0.002628s ]
SQL: SELECT * FROM `fanwe_deal_cate` ORDER BY id  [ RunTime:0.001200s ]
SQL: SHOW COLUMNS FROM `fanwe_deal_keyword` [ RunTime:0.002251s ]
SQL: SELECT * FROM `fanwe_deal_keyword` LIMIT 1   [ RunTime:0.002004s ]
NOTIC: [8] Undefined index: uid /webHome/LFWZ000390/www/zc/Zc/Lib/Action/DealsAction.class.php 第 55 行.

[ 2015-07-20T23:43:40+08:00 ] 124.237.122.220 /zc/index.php?m=User&a=login
INFO: [ app_begin ] --START--
INFO: ReadHtmlCache Behavior ::run [ RunTime:0.000643s ]
INFO: [ app_begin ] --END-- [ RunTime:0.000803s ]
SQL: SHOW COLUMNS FROM `fanwe_nav` [ RunTime:0.004908s ]
SQL: SELECT * FROM `fanwe_nav` ORDER BY sort  [ RunTime:0.001979s ]
SQL: SHOW COLUMNS FROM `fanwe_deal_cate` [ RunTime:0.006237s ]
SQL: SELECT * FROM `fanwe_deal_cate` ORDER BY id  [ RunTime:0.005174s ]
SQL: SHOW COLUMNS FROM `fanwe_deal_keyword` [ RunTime:0.001947s ]
SQL: SELECT * FROM `fanwe_deal_keyword` LIMIT 1   [ RunTime:0.000896s ]
INFO: [ view_parse ] --START--
NOTIC: [8] Undefined index: uid /webHome/LFWZ000390/www/zc/Zc/Runtime/Cache/42b90be8e9c40e58e803cfb6a2f683e9.php 第 76 行.
INFO: ParseTemplate Behavior ::run [ RunTime:0.047257s ]
INFO: [ view_parse ] --END-- [ RunTime:0.047384s ]
INFO: [ view_filter ] --START--
INFO: ContentReplace Behavior ::run [ RunTime:0.001130s ]
INFO: TokenBuild Behavior ::run [ RunTime:0.000485s ]
INFO: WriteHtmlCache Behavior ::run [ RunTime:0.000409s ]
INFO: ShowRuntime Behavior ::run [ RunTime:0.000428s ]
INFO: [ view_filter ] --END-- [ RunTime:0.002795s ]
INFO: [ view_end ] --START--
INFO: ShowPageTrace Behavior ::run [ RunTime:0.000413s ]
INFO: [ view_end ] --END-- [ RunTime:0.000551s ]

[ 2015-07-20T23:43:49+08:00 ] 124.237.122.220 /zc/index.php?m=Deals&a=index&tid=5
INFO: [ app_begin ] --START--
INFO: ReadHtmlCache Behavior ::run [ RunTime:0.000485s ]
INFO: [ app_begin ] --END-- [ RunTime:0.000624s ]
SQL: SHOW COLUMNS FROM `fanwe_nav` [ RunTime:0.008738s ]
SQL: SELECT * FROM `fanwe_nav` ORDER BY sort  [ RunTime:0.001710s ]
SQL: SHOW COLUMNS FROM `fanwe_deal_cate` [ RunTime:0.025438s ]
SQL: SELECT * FROM `fanwe_deal_cate` ORDER BY id  [ RunTime:0.009253s ]
SQL: SHOW COLUMNS FROM `fanwe_deal_keyword` [ RunTime:0.007415s ]
SQL: SELECT * FROM `fanwe_deal_keyword` LIMIT 1   [ RunTime:0.001968s ]
NOTIC: [8] Undefined index: uid /webHome/LFWZ000390/www/zc/Zc/Lib/Action/DealsAction.class.php 第 18 行.

[ 2015-07-20T23:43:50+08:00 ] 124.237.122.220 /zc/index.php?m=User&a=login
INFO: [ app_begin ] --START--
INFO: ReadHtmlCache Behavior ::run [ RunTime:0.000524s ]
INFO: [ app_begin ] --END-- [ RunTime:0.000694s ]
SQL: SHOW COLUMNS FROM `fanwe_nav` [ RunTime:0.003807s ]
SQL: SELECT * FROM `fanwe_nav` ORDER BY sort  [ RunTime:0.002408s ]
SQL: SHOW COLUMNS FROM `fanwe_deal_cate` [ RunTime:0.002197s ]
SQL: SELECT * FROM `fanwe_deal_cate` ORDER BY id  [ RunTime:0.002991s ]
SQL: SHOW COLUMNS FROM `fanwe_deal_keyword` [ RunTime:0.003153s ]
SQL: SELECT * FROM `fanwe_deal_keyword` LIMIT 1   [ RunTime:0.003420s ]
INFO: [ view_parse ] --START--
NOTIC: [8] Undefined index: uid /webHome/LFWZ000390/www/zc/Zc/Runtime/Cache/42b90be8e9c40e58e803cfb6a2f683e9.php 第 76 行.
INFO: ParseTemplate Behavior ::run [ RunTime:0.027901s ]
INFO: [ view_parse ] --END-- [ RunTime:0.028025s ]
INFO: [ view_filter ] --START--
INFO: ContentReplace Behavior ::run [ RunTime:0.000540s ]
INFO: TokenBuild Behavior ::run [ RunTime:0.000405s ]
INFO: WriteHtmlCache Behavior ::run [ RunTime:0.012454s ]
INFO: ShowRuntime Behavior ::run [ RunTime:0.000602s ]
INFO: [ view_filter ] --END-- [ RunTime:0.014297s ]
INFO: [ view_end ] --START--
INFO: ShowPageTrace Behavior ::run [ RunTime:0.000429s ]
INFO: [ view_end ] --END-- [ RunTime:0.000530s ]

[ 2015-07-20T23:44:02+08:00 ] 124.237.122.220 /zc/index.php?m=Deals&a=index&tid=9
INFO: [ app_begin ] --START--
INFO: ReadHtmlCache Behavior ::run [ RunTime:0.000439s ]
INFO: [ app_begin ] --END-- [ RunTime:0.000624s ]
SQL: SHOW COLUMNS FROM `fanwe_nav` [ RunTime:0.002872s ]
SQL: SELECT * FROM `fanwe_nav` ORDER BY sort  [ RunTime:0.001470s ]
SQL: SHOW COLUMNS FROM `fanwe_deal_cate` [ RunTime:0.003370s ]
SQL: SELECT * FROM `fanwe_deal_cate` ORDER BY id  [ RunTime:0.001942s ]
SQL: SHOW COLUMNS FROM `fanwe_deal_keyword` [ RunTime:0.002268s ]
SQL: SELECT * FROM `fanwe_deal_keyword` LIMIT 1   [ RunTime:0.001340s ]
NOTIC: [8] Undefined index: uid /webHome/LFWZ000390/www/zc/Zc/Lib/Action/DealsAction.class.php 第 18 行.

[ 2015-07-20T23:44:08+08:00 ] 124.237.122.220 /zc/index.php?m=User&a=login
INFO: [ app_begin ] --START--
INFO: ReadHtmlCache Behavior ::run [ RunTime:0.000515s ]
INFO: [ app_begin ] --END-- [ RunTime:0.000697s ]
SQL: SHOW COLUMNS FROM `fanwe_nav` [ RunTime:0.006098s ]
SQL: SELECT * FROM `fanwe_nav` ORDER BY sort  [ RunTime:0.003236s ]
SQL: SHOW COLUMNS FROM `fanwe_deal_cate` [ RunTime:0.004253s ]
SQL: SELECT * FROM `fanwe_deal_cate` ORDER BY id  [ RunTime:0.011463s ]
SQL: SHOW COLUMNS FROM `fanwe_deal_keyword` [ RunTime:0.007351s ]
SQL: SELECT * FROM `fanwe_deal_keyword` LIMIT 1   [ RunTime:0.006369s ]
INFO: [ view_parse ] --START--
NOTIC: [8] Undefined index: uid /webHome/LFWZ000390/www/zc/Zc/Runtime/Cache/42b90be8e9c40e58e803cfb6a2f683e9.php 第 76 行.
INFO: ParseTemplate Behavior ::run [ RunTime:0.043334s ]
INFO: [ view_parse ] --END-- [ RunTime:0.043508s ]
INFO: [ view_filter ] --START--
INFO: ContentReplace Behavior ::run [ RunTime:0.000529s ]
INFO: TokenBuild Behavior ::run [ RunTime:0.000512s ]
INFO: WriteHtmlCache Behavior ::run [ RunTime:0.000378s ]
INFO: ShowRuntime Behavior ::run [ RunTime:0.000471s ]
INFO: [ view_filter ] --END-- [ RunTime:0.006491s ]
INFO: [ view_end ] --START--
INFO: ShowPageTrace Behavior ::run [ RunTime:0.000542s ]
INFO: [ view_end ] --END-- [ RunTime:0.000641s ]

[ 2015-07-20T23:44:08+08:00 ] 124.237.122.220 /zc/index.php?m=Deals&a=index&tid=9
INFO: [ app_begin ] --START--
INFO: ReadHtmlCache Behavior ::run [ RunTime:0.003463s ]
INFO: [ app_begin ] --END-- [ RunTime:0.003724s ]
SQL: SHOW COLUMNS FROM `fanwe_nav` [ RunTime:0.003034s ]
SQL: SELECT * FROM `fanwe_nav` ORDER BY sort  [ RunTime:0.001625s ]
SQL: SHOW COLUMNS FROM `fanwe_deal_cate` [ RunTime:0.002321s ]
SQL: SELECT * FROM `fanwe_deal_cate` ORDER BY id  [ RunTime:0.006690s ]
SQL: SHOW COLUMNS FROM `fanwe_deal_keyword` [ RunTime:0.002503s ]
SQL: SELECT * FROM `fanwe_deal_keyword` LIMIT 1   [ RunTime:0.006939s ]
NOTIC: [8] Undefined index: uid /webHome/LFWZ000390/www/zc/Zc/Lib/Action/DealsAction.class.php 第 18 行.

[ 2015-07-20T23:44:09+08:00 ] 124.237.122.220 /zc/index.php?m=User&a=login
INFO: [ app_begin ] --START--
INFO: ReadHtmlCache Behavior ::run [ RunTime:0.000468s ]
INFO: [ app_begin ] --END-- [ RunTime:0.000676s ]
SQL: SHOW COLUMNS FROM `fanwe_nav` [ RunTime:0.003755s ]
SQL: SELECT * FROM `fanwe_nav` ORDER BY sort  [ RunTime:0.002298s ]
SQL: SHOW COLUMNS FROM `fanwe_deal_cate` [ RunTime:0.003076s ]
SQL: SELECT * FROM `fanwe_deal_cate` ORDER BY id  [ RunTime:0.013945s ]
SQL: SHOW COLUMNS FROM `fanwe_deal_keyword` [ RunTime:0.002211s ]
SQL: SELECT * FROM `fanwe_deal_keyword` LIMIT 1   [ RunTime:0.017112s ]
INFO: [ view_parse ] --START--
NOTIC: [8] Undefined index: uid /webHome/LFWZ000390/www/zc/Zc/Runtime/Cache/42b90be8e9c40e58e803cfb6a2f683e9.php 第 76 行.
INFO: ParseTemplate Behavior ::run [ RunTime:0.025266s ]
INFO: [ view_parse ] --END-- [ RunTime:0.025408s ]
INFO: [ view_filter ] --START--
INFO: ContentReplace Behavior ::run [ RunTime:0.000555s ]
INFO: TokenBuild Behavior ::run [ RunTime:0.000410s ]
INFO: WriteHtmlCache Behavior ::run [ RunTime:0.000360s ]
INFO: ShowRuntime Behavior ::run [ RunTime:0.000567s ]
INFO: [ view_filter ] --END-- [ RunTime:0.002259s ]
INFO: [ view_end ] --START--
INFO: ShowPageTrace Behavior ::run [ RunTime:0.000578s ]
INFO: [ view_end ] --END-- [ RunTime:0.000723s ]

[ 2015-07-20T23:44:10+08:00 ] 124.237.122.220 /zc/index.php?m=Index&a=index
INFO: [ app_begin ] --START--
INFO: ReadHtmlCache Behavior ::run [ RunTime:0.002615s ]
INFO: [ app_begin ] --END-- [ RunTime:0.015439s ]
SQL: SHOW COLUMNS FROM `fanwe_nav` [ RunTime:0.007102s ]
SQL: SELECT * FROM `fanwe_nav` ORDER BY sort  [ RunTime:0.008546s ]
SQL: SHOW COLUMNS FROM `fanwe_deal_cate` [ RunTime:0.001857s ]
SQL: SELECT * FROM `fanwe_deal_cate` ORDER BY id  [ RunTime:0.001722s ]
SQL: SHOW COLUMNS FROM `fanwe_deal_keyword` [ RunTime:0.006946s ]
SQL: SELECT * FROM `fanwe_deal_keyword` LIMIT 1   [ RunTime:0.002013s ]
SQL: SHOW COLUMNS FROM `fanwe_showindex` [ RunTime:0.006226s ]
SQL: SELECT * FROM `fanwe_showindex`  [ RunTime:0.002753s ]
SQL: SHOW COLUMNS FROM `fanwe_deal` [ RunTime:0.010561s ]
SQL: SELECT id,name,image,end_time,limit_price,brief,support_amount,user_name,user_id,province,city,index_img FROM `fanwe_deal` WHERE ( `is_effect` = 1 ) ORDER BY sort desc,id desc LIMIT 0,7   [ RunTime:0.003456s ]
INFO: [ view_parse ] --START--
NOTIC: [8] Undefined index: uid /webHome/LFWZ000390/www/zc/Zc/Runtime/Cache/cc5c2cb31be8fd046a7cb83177e081f6.php 第 70 行.
INFO: ParseTemplate Behavior ::run [ RunTime:0.047861s ]
INFO: [ view_parse ] --END-- [ RunTime:0.048048s ]
INFO: [ view_filter ] --START--
INFO: ContentReplace Behavior ::run [ RunTime:0.000622s ]
INFO: TokenBuild Behavior ::run [ RunTime:0.000393s ]
INFO: WriteHtmlCache Behavior ::run [ RunTime:0.000514s ]
INFO: ShowRuntime Behavior ::run [ RunTime:0.000447s ]
INFO: [ view_filter ] --END-- [ RunTime:0.002282s ]
INFO: [ view_end ] --START--
INFO: ShowPageTrace Behavior ::run [ RunTime:0.000401s ]
INFO: [ view_end ] --END-- [ RunTime:0.000492s ]

[ 2015-07-20T23:44:15+08:00 ] 124.237.122.220 /zc/index.php?m=Deal&a=show&id=67
INFO: [ app_begin ] --START--
INFO: ReadHtmlCache Behavior ::run [ RunTime:0.000474s ]
INFO: [ app_begin ] --END-- [ RunTime:0.000619s ]
NOTIC: [2048] Declaration of DealAction::show() should be compatible with that of Action::show() /webHome/LFWZ000390/www/zc/Zc/Lib/Action/DealAction.class.php 第 13 行.
SQL: SHOW COLUMNS FROM `fanwe_nav` [ RunTime:0.005561s ]
SQL: SELECT * FROM `fanwe_nav` ORDER BY sort  [ RunTime:0.002507s ]
SQL: SHOW COLUMNS FROM `fanwe_deal_cate` [ RunTime:0.002709s ]
SQL: SELECT * FROM `fanwe_deal_cate` ORDER BY id  [ RunTime:0.002860s ]
SQL: SHOW COLUMNS FROM `fanwe_deal_keyword` [ RunTime:0.002333s ]
SQL: SELECT * FROM `fanwe_deal_keyword` LIMIT 1   [ RunTime:0.001768s ]
NOTIC: [8] Undefined index: uid /webHome/LFWZ000390/www/zc/Zc/Lib/Action/DealAction.class.php 第 18 行.

[ 2015-07-20T23:44:16+08:00 ] 124.237.122.220 /zc/index.php?m=User&a=login
INFO: [ app_begin ] --START--
INFO: ReadHtmlCache Behavior ::run [ RunTime:0.000517s ]
INFO: [ app_begin ] --END-- [ RunTime:0.000693s ]
SQL: SHOW COLUMNS FROM `fanwe_nav` [ RunTime:0.002978s ]
SQL: SELECT * FROM `fanwe_nav` ORDER BY sort  [ RunTime:0.002756s ]
SQL: SHOW COLUMNS FROM `fanwe_deal_cate` [ RunTime:0.005908s ]
SQL: SELECT * FROM `fanwe_deal_cate` ORDER BY id  [ RunTime:0.006988s ]
SQL: SHOW COLUMNS FROM `fanwe_deal_keyword` [ RunTime:0.003053s ]
SQL: SELECT * FROM `fanwe_deal_keyword` LIMIT 1   [ RunTime:0.001581s ]
INFO: [ view_parse ] --START--
NOTIC: [8] Undefined index: uid /webHome/LFWZ000390/www/zc/Zc/Runtime/Cache/42b90be8e9c40e58e803cfb6a2f683e9.php 第 76 行.
INFO: ParseTemplate Behavior ::run [ RunTime:0.033335s ]
INFO: [ view_parse ] --END-- [ RunTime:0.033463s ]
INFO: [ view_filter ] --START--
INFO: ContentReplace Behavior ::run [ RunTime:0.000643s ]
INFO: TokenBuild Behavior ::run [ RunTime:0.000497s ]
INFO: WriteHtmlCache Behavior ::run [ RunTime:0.000452s ]
INFO: ShowRuntime Behavior ::run [ RunTime:0.000609s ]
INFO: [ view_filter ] --END-- [ RunTime:0.002659s ]
INFO: [ view_end ] --START--
INFO: ShowPageTrace Behavior ::run [ RunTime:0.000437s ]
INFO: [ view_end ] --END-- [ RunTime:0.000529s ]

[ 2015-07-20T23:44:36+08:00 ] 124.237.122.220 /zc/index.php?m=User&a=do_login
INFO: [ app_begin ] --START--
INFO: ReadHtmlCache Behavior ::run [ RunTime:0.016437s ]
INFO: [ app_begin ] --END-- [ RunTime:0.016593s ]
SQL: SHOW COLUMNS FROM `fanwe_nav` [ RunTime:0.005372s ]
SQL: SELECT * FROM `fanwe_nav` ORDER BY sort  [ RunTime:0.002050s ]
SQL: SHOW COLUMNS FROM `fanwe_deal_cate` [ RunTime:0.002977s ]
SQL: SELECT * FROM `fanwe_deal_cate` ORDER BY id  [ RunTime:0.001832s ]
SQL: SHOW COLUMNS FROM `fanwe_deal_keyword` [ RunTime:0.002508s ]
SQL: SELECT * FROM `fanwe_deal_keyword` LIMIT 1   [ RunTime:0.001392s ]
SQL: SHOW COLUMNS FROM `fanwe_user` [ RunTime:0.003771s ]
SQL: SELECT * FROM `fanwe_user` WHERE ( `user_name` = '请输入您的帐号' ) AND ( `user_pwd` = 'd67c7cad3a5c4c9ae68fa0f61eb1fa42' ) LIMIT 1   [ RunTime:0.010476s ]
INFO: [ view_parse ] --START--
NOTIC: [8] Undefined variable: message /webHome/LFWZ000390/www/zc/Zc/Runtime/Cache/a9a9ac390b925ab97eb3629c0ddb69a4.php 第 23 行.
INFO: ParseTemplate Behavior ::run [ RunTime:0.013127s ]
INFO: [ view_parse ] --END-- [ RunTime:0.013364s ]
INFO: [ view_filter ] --START--
INFO: ContentReplace Behavior ::run [ RunTime:0.000663s ]
INFO: TokenBuild Behavior ::run [ RunTime:0.000691s ]
INFO: WriteHtmlCache Behavior ::run [ RunTime:0.000417s ]
INFO: ShowRuntime Behavior ::run [ RunTime:0.002010s ]
INFO: [ view_filter ] --END-- [ RunTime:0.004336s ]
INFO: [ view_end ] --START--
INFO: ShowPageTrace Behavior ::run [ RunTime:0.000509s ]
INFO: [ view_end ] --END-- [ RunTime:0.005961s ]

