[ 2015-06-30T01:07:14+08:00 ] 66.249.65.179 /zc/index.php?m=Deal&a=show&id=61
INFO: [ app_begin ] --START--
INFO: ReadHtmlCache Behavior ::run [ RunTime:0.000447s ]
INFO: [ app_begin ] --END-- [ RunTime:0.000580s ]
NOTIC: [2048] Declaration of DealAction::show() should be compatible with that of Action::show() /webHome/LFWZ000390/www/zc/Zc/Lib/Action/DealAction.class.php 第 13 行.

[ 2015-06-30T01:37:02+08:00 ] 66.249.65.179 /zc/
INFO: [ app_begin ] --START--
INFO: ReadHtmlCache Behavior ::run [ RunTime:0.000621s ]
INFO: [ app_begin ] --END-- [ RunTime:0.002985s ]
SQL: SHOW COLUMNS FROM `fanwe_nav` [ RunTime:0.004663s ]
SQL: SELECT * FROM `fanwe_nav` ORDER BY sort  [ RunTime:0.001810s ]
SQL: SHOW COLUMNS FROM `fanwe_deal_cate` [ RunTime:0.002750s ]
SQL: SELECT * FROM `fanwe_deal_cate` ORDER BY id  [ RunTime:0.002430s ]
SQL: SHOW COLUMNS FROM `fanwe_showindex` [ RunTime:0.003420s ]
SQL: SELECT * FROM `fanwe_showindex`  [ RunTime:0.002547s ]
SQL: SHOW COLUMNS FROM `fanwe_deal` [ RunTime:0.012059s ]
SQL: SELECT id,name,image,end_time,limit_price,brief,support_amount,user_name,user_id,province,city,index_img FROM `fanwe_deal` WHERE ( `is_effect` = 1 ) ORDER BY sort desc,id desc LIMIT 0,7   [ RunTime:0.005235s ]
INFO: [ view_parse ] --START--
NOTIC: [8] Undefined index: uid /webHome/LFWZ000390/www/zc/Zc/Runtime/Cache/cc5c2cb31be8fd046a7cb83177e081f6.php 第 67 行.
INFO: ParseTemplate Behavior ::run [ RunTime:0.047300s ]
INFO: [ view_parse ] --END-- [ RunTime:0.047790s ]
INFO: [ view_filter ] --START--
INFO: ContentReplace Behavior ::run [ RunTime:0.000781s ]
INFO: TokenBuild Behavior ::run [ RunTime:0.000512s ]
INFO: WriteHtmlCache Behavior ::run [ RunTime:0.000366s ]
INFO: ShowRuntime Behavior ::run [ RunTime:0.000509s ]
INFO: [ view_filter ] --END-- [ RunTime:0.002460s ]
INFO: [ view_end ] --START--
INFO: ShowPageTrace Behavior ::run [ RunTime:0.000413s ]
INFO: [ view_end ] --END-- [ RunTime:0.000534s ]

[ 2015-06-30T03:58:07+08:00 ] 66.249.65.179 /zc/index.php?m=News&a=html&id=8
INFO: [ app_begin ] --START--
INFO: ReadHtmlCache Behavior ::run [ RunTime:0.000612s ]
INFO: [ app_begin ] --END-- [ RunTime:0.000776s ]

[ 2015-06-30T05:59:34+08:00 ] 66.249.65.172 /zc/index.php?m=Deals&a=rec
INFO: [ app_begin ] --START--
INFO: ReadHtmlCache Behavior ::run [ RunTime:0.000559s ]
INFO: [ app_begin ] --END-- [ RunTime:0.000703s ]
SQL: SHOW COLUMNS FROM `fanwe_nav` [ RunTime:0.003281s ]
SQL: SELECT * FROM `fanwe_nav` ORDER BY sort  [ RunTime:0.009189s ]
SQL: SHOW COLUMNS FROM `fanwe_deal_cate` [ RunTime:0.002828s ]
SQL: SELECT * FROM `fanwe_deal_cate` ORDER BY id  [ RunTime:0.002004s ]
NOTIC: [8] Undefined index: uid /webHome/LFWZ000390/www/zc/Zc/Lib/Action/DealsAction.class.php 第 40 行.

[ 2015-06-30T05:59:41+08:00 ] 66.249.65.172 /zc/index.php?m=Deals&a=index
INFO: [ app_begin ] --START--
INFO: ReadHtmlCache Behavior ::run [ RunTime:0.008084s ]
INFO: [ app_begin ] --END-- [ RunTime:0.008222s ]
SQL: SHOW COLUMNS FROM `fanwe_nav` [ RunTime:0.002752s ]
SQL: SELECT * FROM `fanwe_nav` ORDER BY sort  [ RunTime:0.002130s ]
SQL: SHOW COLUMNS FROM `fanwe_deal_cate` [ RunTime:0.002195s ]
SQL: SELECT * FROM `fanwe_deal_cate` ORDER BY id  [ RunTime:0.005731s ]
NOTIC: [8] Undefined index: uid /webHome/LFWZ000390/www/zc/Zc/Lib/Action/DealsAction.class.php 第 18 行.

[ 2015-06-30T05:59:41+08:00 ] 66.249.65.172 /zc/index.php?m=Deal&a=show&id=61
INFO: [ app_begin ] --START--
INFO: ReadHtmlCache Behavior ::run [ RunTime:0.000701s ]
INFO: [ app_begin ] --END-- [ RunTime:0.001251s ]
NOTIC: [2048] Declaration of DealAction::show() should be compatible with that of Action::show() /webHome/LFWZ000390/www/zc/Zc/Lib/Action/DealAction.class.php 第 13 行.
SQL: SHOW COLUMNS FROM `fanwe_nav` [ RunTime:0.002529s ]
SQL: SELECT * FROM `fanwe_nav` ORDER BY sort  [ RunTime:0.003413s ]
SQL: SHOW COLUMNS FROM `fanwe_deal_cate` [ RunTime:0.003351s ]
SQL: SELECT * FROM `fanwe_deal_cate` ORDER BY id  [ RunTime:0.000975s ]
NOTIC: [8] Undefined index: uid /webHome/LFWZ000390/www/zc/Zc/Lib/Action/DealAction.class.php 第 18 行.

[ 2015-06-30T05:59:43+08:00 ] 66.249.65.172 /zc/index.php?m=User&a=login
INFO: [ app_begin ] --START--
INFO: ReadHtmlCache Behavior ::run [ RunTime:0.001203s ]
INFO: [ app_begin ] --END-- [ RunTime:0.001482s ]
SQL: SHOW COLUMNS FROM `fanwe_nav` [ RunTime:0.006590s ]
SQL: SELECT * FROM `fanwe_nav` ORDER BY sort  [ RunTime:0.006426s ]
SQL: SHOW COLUMNS FROM `fanwe_deal_cate` [ RunTime:0.002414s ]
SQL: SELECT * FROM `fanwe_deal_cate` ORDER BY id  [ RunTime:0.008264s ]
INFO: [ view_parse ] --START--
NOTIC: [8] Undefined index: uid /webHome/LFWZ000390/www/zc/Zc/Runtime/Cache/42b90be8e9c40e58e803cfb6a2f683e9.php 第 73 行.
INFO: ParseTemplate Behavior ::run [ RunTime:0.042977s ]
INFO: [ view_parse ] --END-- [ RunTime:0.043145s ]
INFO: [ view_filter ] --START--
INFO: ContentReplace Behavior ::run [ RunTime:0.000555s ]
INFO: TokenBuild Behavior ::run [ RunTime:0.000696s ]
INFO: WriteHtmlCache Behavior ::run [ RunTime:0.000387s ]
INFO: ShowRuntime Behavior ::run [ RunTime:0.011917s ]
INFO: [ view_filter ] --END-- [ RunTime:0.013958s ]
INFO: [ view_end ] --START--
INFO: ShowPageTrace Behavior ::run [ RunTime:0.000585s ]
INFO: [ view_end ] --END-- [ RunTime:0.000677s ]

[ 2015-06-30T07:27:40+08:00 ] 66.249.65.165 /zc/index.php?m=Index&a=index
INFO: [ app_begin ] --START--
INFO: ReadHtmlCache Behavior ::run [ RunTime:0.000684s ]
INFO: [ app_begin ] --END-- [ RunTime:0.000910s ]
SQL: SHOW COLUMNS FROM `fanwe_nav` [ RunTime:0.003942s ]
SQL: SELECT * FROM `fanwe_nav` ORDER BY sort  [ RunTime:0.001141s ]
SQL: SHOW COLUMNS FROM `fanwe_deal_cate` [ RunTime:0.002765s ]
SQL: SELECT * FROM `fanwe_deal_cate` ORDER BY id  [ RunTime:0.004803s ]
SQL: SHOW COLUMNS FROM `fanwe_showindex` [ RunTime:0.003307s ]
SQL: SELECT * FROM `fanwe_showindex`  [ RunTime:0.001504s ]
SQL: SHOW COLUMNS FROM `fanwe_deal` [ RunTime:0.010904s ]
SQL: SELECT id,name,image,end_time,limit_price,brief,support_amount,user_name,user_id,province,city,index_img FROM `fanwe_deal` WHERE ( `is_effect` = 1 ) ORDER BY sort desc,id desc LIMIT 0,7   [ RunTime:0.018890s ]
INFO: [ view_parse ] --START--
NOTIC: [8] Undefined index: uid /webHome/LFWZ000390/www/zc/Zc/Runtime/Cache/cc5c2cb31be8fd046a7cb83177e081f6.php 第 67 行.
INFO: ParseTemplate Behavior ::run [ RunTime:0.060153s ]
INFO: [ view_parse ] --END-- [ RunTime:0.060352s ]
INFO: [ view_filter ] --START--
INFO: ContentReplace Behavior ::run [ RunTime:0.000585s ]
INFO: TokenBuild Behavior ::run [ RunTime:0.011829s ]
INFO: WriteHtmlCache Behavior ::run [ RunTime:0.000439s ]
INFO: ShowRuntime Behavior ::run [ RunTime:0.000469s ]
INFO: [ view_filter ] --END-- [ RunTime:0.013681s ]
INFO: [ view_end ] --START--
INFO: ShowPageTrace Behavior ::run [ RunTime:0.000518s ]
INFO: [ view_end ] --END-- [ RunTime:0.000660s ]

[ 2015-06-30T07:32:15+08:00 ] 66.249.65.165 /zc/index.php?m=Deal&a=show&id=62
INFO: [ app_begin ] --START--
INFO: ReadHtmlCache Behavior ::run [ RunTime:0.000534s ]
INFO: [ app_begin ] --END-- [ RunTime:0.000671s ]
NOTIC: [2048] Declaration of DealAction::show() should be compatible with that of Action::show() /webHome/LFWZ000390/www/zc/Zc/Lib/Action/DealAction.class.php 第 13 行.
SQL: SHOW COLUMNS FROM `fanwe_nav` [ RunTime:0.007678s ]
SQL: SELECT * FROM `fanwe_nav` ORDER BY sort  [ RunTime:0.001804s ]
SQL: SHOW COLUMNS FROM `fanwe_deal_cate` [ RunTime:0.017019s ]
SQL: SELECT * FROM `fanwe_deal_cate` ORDER BY id  [ RunTime:0.009069s ]
NOTIC: [8] Undefined index: uid /webHome/LFWZ000390/www/zc/Zc/Lib/Action/DealAction.class.php 第 18 行.

[ 2015-06-30T07:41:51+08:00 ] 66.249.65.172 /zc/index.php?m=News&a=index
INFO: [ app_begin ] --START--
INFO: ReadHtmlCache Behavior ::run [ RunTime:0.000485s ]
INFO: [ app_begin ] --END-- [ RunTime:0.000682s ]
SQL: SHOW COLUMNS FROM `fanwe_nav` [ RunTime:0.002500s ]
SQL: SELECT * FROM `fanwe_nav` ORDER BY sort  [ RunTime:0.001776s ]
SQL: SHOW COLUMNS FROM `fanwe_deal_cate` [ RunTime:0.004596s ]
SQL: SELECT * FROM `fanwe_deal_cate` ORDER BY id  [ RunTime:0.002172s ]
SQL: SHOW COLUMNS FROM `fanwe_news` [ RunTime:0.011136s ]
SQL: SELECT COUNT(*) AS tp_count FROM `fanwe_news` WHERE ( `enable` = 1 ) LIMIT 1   [ RunTime:0.002762s ]
SQL: SELECT COUNT(*) AS tp_count FROM `fanwe_news` WHERE ( `enable` = 1 ) LIMIT 1   [ RunTime:0.002099s ]
SQL: SELECT * FROM `fanwe_news` ORDER BY addtime desc,rec desc LIMIT 0,10   [ RunTime:0.005172s ]
INFO: [ view_parse ] --START--
SQL: SHOW COLUMNS FROM `fanwe_conf` [ RunTime:0.013682s ]
SQL: SELECT `value` FROM `fanwe_conf` WHERE ( `name` = 'SEO_TITLE' ) LIMIT 1   [ RunTime:0.003886s ]
NOTIC: [8] Undefined index: uid /webHome/LFWZ000390/www/zc/Zc/Runtime/Cache/93be05964b36457006025cdbe2606e6a.php 第 103 行.
INFO: ParseTemplate Behavior ::run [ RunTime:0.074529s ]
INFO: [ view_parse ] --END-- [ RunTime:0.074724s ]
INFO: [ view_filter ] --START--
INFO: ContentReplace Behavior ::run [ RunTime:0.000870s ]
INFO: TokenBuild Behavior ::run [ RunTime:0.001249s ]
INFO: WriteHtmlCache Behavior ::run [ RunTime:0.000431s ]
INFO: ShowRuntime Behavior ::run [ RunTime:0.008682s ]
INFO: [ view_filter ] --END-- [ RunTime:0.013816s ]
INFO: [ view_end ] --START--
INFO: ShowPageTrace Behavior ::run [ RunTime:0.000650s ]
INFO: [ view_end ] --END-- [ RunTime:0.000843s ]

[ 2015-06-30T09:33:21+08:00 ] 101.254.19.155 /zc/
INFO: [ app_begin ] --START--
INFO: ReadHtmlCache Behavior ::run [ RunTime:0.002482s ]
INFO: [ app_begin ] --END-- [ RunTime:0.002627s ]
SQL: SHOW COLUMNS FROM `fanwe_nav` [ RunTime:0.002696s ]
SQL: SELECT * FROM `fanwe_nav` ORDER BY sort  [ RunTime:0.002289s ]
SQL: SHOW COLUMNS FROM `fanwe_deal_cate` [ RunTime:0.002843s ]
SQL: SELECT * FROM `fanwe_deal_cate` ORDER BY id  [ RunTime:0.001396s ]
SQL: SHOW COLUMNS FROM `fanwe_showindex` [ RunTime:0.004151s ]
SQL: SELECT * FROM `fanwe_showindex`  [ RunTime:0.002205s ]
SQL: SHOW COLUMNS FROM `fanwe_deal` [ RunTime:0.007265s ]
SQL: SELECT id,name,image,end_time,limit_price,brief,support_amount,user_name,user_id,province,city,index_img FROM `fanwe_deal` WHERE ( `is_effect` = 1 ) ORDER BY sort desc,id desc LIMIT 0,7   [ RunTime:0.006017s ]
INFO: [ view_parse ] --START--
NOTIC: [8] Undefined index: uid /webHome/LFWZ000390/www/zc/Zc/Runtime/Cache/cc5c2cb31be8fd046a7cb83177e081f6.php 第 67 行.
INFO: ParseTemplate Behavior ::run [ RunTime:0.037400s ]
INFO: [ view_parse ] --END-- [ RunTime:0.037737s ]
INFO: [ view_filter ] --START--
INFO: ContentReplace Behavior ::run [ RunTime:0.000614s ]
INFO: TokenBuild Behavior ::run [ RunTime:0.000463s ]
INFO: WriteHtmlCache Behavior ::run [ RunTime:0.000451s ]
INFO: ShowRuntime Behavior ::run [ RunTime:0.000531s ]
INFO: [ view_filter ] --END-- [ RunTime:0.002530s ]
INFO: [ view_end ] --START--
INFO: ShowPageTrace Behavior ::run [ RunTime:0.000645s ]
INFO: [ view_end ] --END-- [ RunTime:0.000745s ]

[ 2015-06-30T09:33:25+08:00 ] 101.254.19.155 /zc/
INFO: [ app_begin ] --START--
INFO: ReadHtmlCache Behavior ::run [ RunTime:0.000288s ]
INFO: [ app_begin ] --END-- [ RunTime:0.000388s ]
SQL: SHOW COLUMNS FROM `fanwe_nav` [ RunTime:0.008996s ]
SQL: SELECT * FROM `fanwe_nav` ORDER BY sort  [ RunTime:0.001772s ]
SQL: SHOW COLUMNS FROM `fanwe_deal_cate` [ RunTime:0.006196s ]
SQL: SELECT * FROM `fanwe_deal_cate` ORDER BY id  [ RunTime:0.002529s ]
SQL: SHOW COLUMNS FROM `fanwe_showindex` [ RunTime:0.003000s ]
SQL: SELECT * FROM `fanwe_showindex`  [ RunTime:0.000985s ]
SQL: SHOW COLUMNS FROM `fanwe_deal` [ RunTime:0.007102s ]
SQL: SELECT id,name,image,end_time,limit_price,brief,support_amount,user_name,user_id,province,city,index_img FROM `fanwe_deal` WHERE ( `is_effect` = 1 ) ORDER BY sort desc,id desc LIMIT 0,7   [ RunTime:0.002491s ]
INFO: [ view_parse ] --START--
NOTIC: [8] Undefined index: uid /webHome/LFWZ000390/www/zc/Zc/Runtime/Cache/cc5c2cb31be8fd046a7cb83177e081f6.php 第 67 行.
INFO: ParseTemplate Behavior ::run [ RunTime:0.048987s ]
INFO: [ view_parse ] --END-- [ RunTime:0.049121s ]
INFO: [ view_filter ] --START--
INFO: ContentReplace Behavior ::run [ RunTime:0.006806s ]
INFO: TokenBuild Behavior ::run [ RunTime:0.000585s ]
INFO: WriteHtmlCache Behavior ::run [ RunTime:0.000459s ]
INFO: ShowRuntime Behavior ::run [ RunTime:0.000493s ]
INFO: [ view_filter ] --END-- [ RunTime:0.008747s ]
INFO: [ view_end ] --START--
INFO: ShowPageTrace Behavior ::run [ RunTime:0.000453s ]
INFO: [ view_end ] --END-- [ RunTime:0.000576s ]

[ 2015-06-30T09:33:38+08:00 ] 101.254.19.155 /zc/index.php?m=Index&a=index
INFO: [ app_begin ] --START--
INFO: ReadHtmlCache Behavior ::run [ RunTime:0.005438s ]
INFO: [ app_begin ] --END-- [ RunTime:0.005751s ]
SQL: SHOW COLUMNS FROM `fanwe_nav` [ RunTime:0.003066s ]
SQL: SELECT * FROM `fanwe_nav` ORDER BY sort  [ RunTime:0.002007s ]
SQL: SHOW COLUMNS FROM `fanwe_deal_cate` [ RunTime:0.004911s ]
SQL: SELECT * FROM `fanwe_deal_cate` ORDER BY id  [ RunTime:0.001944s ]
SQL: SHOW COLUMNS FROM `fanwe_showindex` [ RunTime:0.005342s ]
SQL: SELECT * FROM `fanwe_showindex`  [ RunTime:0.002555s ]
SQL: SHOW COLUMNS FROM `fanwe_deal` [ RunTime:0.004794s ]
SQL: SELECT id,name,image,end_time,limit_price,brief,support_amount,user_name,user_id,province,city,index_img FROM `fanwe_deal` WHERE ( `is_effect` = 1 ) ORDER BY sort desc,id desc LIMIT 0,7   [ RunTime:0.003121s ]
INFO: [ view_parse ] --START--
NOTIC: [8] Undefined index: uid /webHome/LFWZ000390/www/zc/Zc/Runtime/Cache/cc5c2cb31be8fd046a7cb83177e081f6.php 第 67 行.
INFO: ParseTemplate Behavior ::run [ RunTime:0.059843s ]
INFO: [ view_parse ] --END-- [ RunTime:0.059967s ]
INFO: [ view_filter ] --START--
INFO: ContentReplace Behavior ::run [ RunTime:0.015879s ]
INFO: TokenBuild Behavior ::run [ RunTime:0.000452s ]
INFO: WriteHtmlCache Behavior ::run [ RunTime:0.000389s ]
INFO: ShowRuntime Behavior ::run [ RunTime:0.000505s ]
INFO: [ view_filter ] --END-- [ RunTime:0.017525s ]
INFO: [ view_end ] --START--
INFO: ShowPageTrace Behavior ::run [ RunTime:0.003842s ]
INFO: [ view_end ] --END-- [ RunTime:0.003972s ]

[ 2015-06-30T09:33:38+08:00 ] 101.254.19.155 /zc/
INFO: [ app_begin ] --START--
INFO: ReadHtmlCache Behavior ::run [ RunTime:0.000493s ]
INFO: [ app_begin ] --END-- [ RunTime:0.000642s ]
SQL: SHOW COLUMNS FROM `fanwe_nav` [ RunTime:0.005101s ]
SQL: SELECT * FROM `fanwe_nav` ORDER BY sort  [ RunTime:0.002512s ]
SQL: SHOW COLUMNS FROM `fanwe_deal_cate` [ RunTime:0.002692s ]
SQL: SELECT * FROM `fanwe_deal_cate` ORDER BY id  [ RunTime:0.001669s ]
SQL: SHOW COLUMNS FROM `fanwe_showindex` [ RunTime:0.004476s ]
SQL: SELECT * FROM `fanwe_showindex`  [ RunTime:0.014877s ]
SQL: SHOW COLUMNS FROM `fanwe_deal` [ RunTime:0.003782s ]
SQL: SELECT id,name,image,end_time,limit_price,brief,support_amount,user_name,user_id,province,city,index_img FROM `fanwe_deal` WHERE ( `is_effect` = 1 ) ORDER BY sort desc,id desc LIMIT 0,7   [ RunTime:0.005360s ]
INFO: [ view_parse ] --START--
NOTIC: [8] Undefined index: uid /webHome/LFWZ000390/www/zc/Zc/Runtime/Cache/cc5c2cb31be8fd046a7cb83177e081f6.php 第 67 行.
INFO: ParseTemplate Behavior ::run [ RunTime:0.041130s ]
INFO: [ view_parse ] --END-- [ RunTime:0.041262s ]
INFO: [ view_filter ] --START--
INFO: ContentReplace Behavior ::run [ RunTime:0.000624s ]
INFO: TokenBuild Behavior ::run [ RunTime:0.004484s ]
INFO: WriteHtmlCache Behavior ::run [ RunTime:0.000367s ]
INFO: ShowRuntime Behavior ::run [ RunTime:0.000461s ]
INFO: [ view_filter ] --END-- [ RunTime:0.006322s ]
INFO: [ view_end ] --START--
INFO: ShowPageTrace Behavior ::run [ RunTime:0.000356s ]
INFO: [ view_end ] --END-- [ RunTime:0.000450s ]

[ 2015-06-30T09:33:39+08:00 ] 101.254.19.155 /zc/
INFO: [ app_begin ] --START--
INFO: ReadHtmlCache Behavior ::run [ RunTime:0.000477s ]
INFO: [ app_begin ] --END-- [ RunTime:0.000665s ]
SQL: SHOW COLUMNS FROM `fanwe_nav` [ RunTime:0.001899s ]
SQL: SELECT * FROM `fanwe_nav` ORDER BY sort  [ RunTime:0.001345s ]
SQL: SHOW COLUMNS FROM `fanwe_deal_cate` [ RunTime:0.002193s ]
SQL: SELECT * FROM `fanwe_deal_cate` ORDER BY id  [ RunTime:0.004332s ]
SQL: SHOW COLUMNS FROM `fanwe_showindex` [ RunTime:0.002802s ]
SQL: SELECT * FROM `fanwe_showindex`  [ RunTime:0.002844s ]
SQL: SHOW COLUMNS FROM `fanwe_deal` [ RunTime:0.023599s ]
SQL: SELECT id,name,image,end_time,limit_price,brief,support_amount,user_name,user_id,province,city,index_img FROM `fanwe_deal` WHERE ( `is_effect` = 1 ) ORDER BY sort desc,id desc LIMIT 0,7   [ RunTime:0.002510s ]
INFO: [ view_parse ] --START--
NOTIC: [8] Undefined index: uid /webHome/LFWZ000390/www/zc/Zc/Runtime/Cache/cc5c2cb31be8fd046a7cb83177e081f6.php 第 67 行.
INFO: ParseTemplate Behavior ::run [ RunTime:0.030192s ]
INFO: [ view_parse ] --END-- [ RunTime:0.030322s ]
INFO: [ view_filter ] --START--
INFO: ContentReplace Behavior ::run [ RunTime:0.000580s ]
INFO: TokenBuild Behavior ::run [ RunTime:0.000376s ]
INFO: WriteHtmlCache Behavior ::run [ RunTime:0.000308s ]
INFO: ShowRuntime Behavior ::run [ RunTime:0.000468s ]
INFO: [ view_filter ] --END-- [ RunTime:0.002107s ]
INFO: [ view_end ] --START--
INFO: ShowPageTrace Behavior ::run [ RunTime:0.000420s ]
INFO: [ view_end ] --END-- [ RunTime:0.000525s ]

[ 2015-06-30T09:33:44+08:00 ] 101.254.19.155 /zc/index.php?m=Deals&a=index
INFO: [ app_begin ] --START--
INFO: ReadHtmlCache Behavior ::run [ RunTime:0.000474s ]
INFO: [ app_begin ] --END-- [ RunTime:0.000598s ]
SQL: SHOW COLUMNS FROM `fanwe_nav` [ RunTime:0.005196s ]
SQL: SELECT * FROM `fanwe_nav` ORDER BY sort  [ RunTime:0.002306s ]
SQL: SHOW COLUMNS FROM `fanwe_deal_cate` [ RunTime:0.002998s ]
SQL: SELECT * FROM `fanwe_deal_cate` ORDER BY id  [ RunTime:0.001245s ]
NOTIC: [8] Undefined index: uid /webHome/LFWZ000390/www/zc/Zc/Lib/Action/DealsAction.class.php 第 18 行.

[ 2015-06-30T09:33:44+08:00 ] 101.254.19.155 /zc/index.php?m=User&a=login
INFO: [ app_begin ] --START--
INFO: ReadHtmlCache Behavior ::run [ RunTime:0.000394s ]
INFO: [ app_begin ] --END-- [ RunTime:0.000524s ]
SQL: SHOW COLUMNS FROM `fanwe_nav` [ RunTime:0.001916s ]
SQL: SELECT * FROM `fanwe_nav` ORDER BY sort  [ RunTime:0.001841s ]
SQL: SHOW COLUMNS FROM `fanwe_deal_cate` [ RunTime:0.002888s ]
SQL: SELECT * FROM `fanwe_deal_cate` ORDER BY id  [ RunTime:0.001462s ]
INFO: [ view_parse ] --START--
NOTIC: [8] Undefined index: uid /webHome/LFWZ000390/www/zc/Zc/Runtime/Cache/42b90be8e9c40e58e803cfb6a2f683e9.php 第 73 行.
INFO: ParseTemplate Behavior ::run [ RunTime:0.053548s ]
INFO: [ view_parse ] --END-- [ RunTime:0.053721s ]
INFO: [ view_filter ] --START--
INFO: ContentReplace Behavior ::run [ RunTime:0.000600s ]
INFO: TokenBuild Behavior ::run [ RunTime:0.000453s ]
INFO: WriteHtmlCache Behavior ::run [ RunTime:0.000370s ]
INFO: ShowRuntime Behavior ::run [ RunTime:0.000458s ]
INFO: [ view_filter ] --END-- [ RunTime:0.002145s ]
INFO: [ view_end ] --START--
INFO: ShowPageTrace Behavior ::run [ RunTime:0.000416s ]
INFO: [ view_end ] --END-- [ RunTime:0.000505s ]

[ 2015-06-30T09:33:48+08:00 ] 101.254.19.155 /zc/index.php?m=News&a=index
INFO: [ app_begin ] --START--
INFO: ReadHtmlCache Behavior ::run [ RunTime:0.004582s ]
INFO: [ app_begin ] --END-- [ RunTime:0.004778s ]
SQL: SHOW COLUMNS FROM `fanwe_nav` [ RunTime:0.002431s ]
SQL: SELECT * FROM `fanwe_nav` ORDER BY sort  [ RunTime:0.002417s ]
SQL: SHOW COLUMNS FROM `fanwe_deal_cate` [ RunTime:0.002492s ]
SQL: SELECT * FROM `fanwe_deal_cate` ORDER BY id  [ RunTime:0.000700s ]
SQL: SHOW COLUMNS FROM `fanwe_news` [ RunTime:0.003205s ]
SQL: SELECT COUNT(*) AS tp_count FROM `fanwe_news` WHERE ( `enable` = 1 ) LIMIT 1   [ RunTime:0.007227s ]
SQL: SELECT COUNT(*) AS tp_count FROM `fanwe_news` WHERE ( `enable` = 1 ) LIMIT 1   [ RunTime:0.002211s ]
SQL: SELECT * FROM `fanwe_news` ORDER BY addtime desc,rec desc LIMIT 0,10   [ RunTime:0.007854s ]
INFO: [ view_parse ] --START--
SQL: SHOW COLUMNS FROM `fanwe_conf` [ RunTime:0.006295s ]
SQL: SELECT `value` FROM `fanwe_conf` WHERE ( `name` = 'SEO_TITLE' ) LIMIT 1   [ RunTime:0.003292s ]
NOTIC: [8] Undefined index: uid /webHome/LFWZ000390/www/zc/Zc/Runtime/Cache/93be05964b36457006025cdbe2606e6a.php 第 103 行.
INFO: ParseTemplate Behavior ::run [ RunTime:0.057524s ]
INFO: [ view_parse ] --END-- [ RunTime:0.057743s ]
INFO: [ view_filter ] --START--
INFO: ContentReplace Behavior ::run [ RunTime:0.000723s ]
INFO: TokenBuild Behavior ::run [ RunTime:0.000534s ]
INFO: WriteHtmlCache Behavior ::run [ RunTime:0.000340s ]
INFO: ShowRuntime Behavior ::run [ RunTime:0.000596s ]
INFO: [ view_filter ] --END-- [ RunTime:0.002471s ]
INFO: [ view_end ] --START--
INFO: ShowPageTrace Behavior ::run [ RunTime:0.000404s ]
INFO: [ view_end ] --END-- [ RunTime:0.000502s ]

[ 2015-06-30T12:14:50+08:00 ] 66.249.65.172 /zc/
INFO: [ app_begin ] --START--
INFO: ReadHtmlCache Behavior ::run [ RunTime:0.000596s ]
INFO: [ app_begin ] --END-- [ RunTime:0.000740s ]
SQL: SHOW COLUMNS FROM `fanwe_nav` [ RunTime:0.006390s ]
SQL: SELECT * FROM `fanwe_nav` ORDER BY sort  [ RunTime:0.010584s ]
SQL: SHOW COLUMNS FROM `fanwe_deal_cate` [ RunTime:0.003242s ]
SQL: SELECT * FROM `fanwe_deal_cate` ORDER BY id  [ RunTime:0.001979s ]
SQL: SHOW COLUMNS FROM `fanwe_showindex` [ RunTime:0.002701s ]
SQL: SELECT * FROM `fanwe_showindex`  [ RunTime:0.012063s ]
SQL: SHOW COLUMNS FROM `fanwe_deal` [ RunTime:0.015325s ]
SQL: SELECT id,name,image,end_time,limit_price,brief,support_amount,user_name,user_id,province,city,index_img FROM `fanwe_deal` WHERE ( `is_effect` = 1 ) ORDER BY sort desc,id desc LIMIT 0,7   [ RunTime:0.005403s ]
INFO: [ view_parse ] --START--
NOTIC: [8] Undefined index: uid /webHome/LFWZ000390/www/zc/Zc/Runtime/Cache/cc5c2cb31be8fd046a7cb83177e081f6.php 第 67 行.
INFO: ParseTemplate Behavior ::run [ RunTime:0.068673s ]
INFO: [ view_parse ] --END-- [ RunTime:0.069002s ]
INFO: [ view_filter ] --START--
INFO: ContentReplace Behavior ::run [ RunTime:0.000667s ]
INFO: TokenBuild Behavior ::run [ RunTime:0.000718s ]
INFO: WriteHtmlCache Behavior ::run [ RunTime:0.001700s ]
INFO: ShowRuntime Behavior ::run [ RunTime:0.001731s ]
INFO: [ view_filter ] --END-- [ RunTime:0.005730s ]
INFO: [ view_end ] --START--
INFO: ShowPageTrace Behavior ::run [ RunTime:0.000988s ]
INFO: [ view_end ] --END-- [ RunTime:0.001545s ]

[ 2015-06-30T13:28:22+08:00 ] 66.249.65.165 /zc/index.php?m=Deal&a=show&id=58
INFO: [ app_begin ] --START--
INFO: ReadHtmlCache Behavior ::run [ RunTime:0.002386s ]
INFO: [ app_begin ] --END-- [ RunTime:0.003994s ]
NOTIC: [2048] Declaration of DealAction::show() should be compatible with that of Action::show() /webHome/LFWZ000390/www/zc/Zc/Lib/Action/DealAction.class.php 第 13 行.

[ 2015-06-30T14:01:36+08:00 ] 66.249.65.179 /zc/index.php?m=News&a=html&id=1
INFO: [ app_begin ] --START--
INFO: ReadHtmlCache Behavior ::run [ RunTime:0.006946s ]
INFO: [ app_begin ] --END-- [ RunTime:0.007117s ]
SQL: SHOW COLUMNS FROM `fanwe_nav` [ RunTime:0.003859s ]
SQL: SELECT * FROM `fanwe_nav` ORDER BY sort  [ RunTime:0.002589s ]
SQL: SHOW COLUMNS FROM `fanwe_deal_cate` [ RunTime:0.002568s ]
SQL: SELECT * FROM `fanwe_deal_cate` ORDER BY id  [ RunTime:0.001953s ]
SQL: SHOW COLUMNS FROM `fanwe_news` [ RunTime:0.005992s ]
SQL: SELECT * FROM `fanwe_news` WHERE ( `id` = 1 ) LIMIT 1   [ RunTime:0.002311s ]
INFO: [ view_parse ] --START--
NOTIC: [8] Undefined index: uid /webHome/LFWZ000390/www/zc/Zc/Runtime/Cache/012cdf2fa3ba4152d6d6173485c32ca8.php 第 95 行.
NOTIC: [8] Use of undefined constant id - assumed 'id' /webHome/LFWZ000390/www/zc/Zc/Runtime/Cache/012cdf2fa3ba4152d6d6173485c32ca8.php 第 129 行.
SQL: SELECT * FROM `fanwe_news` WHERE ( `id` < '1' ) LIMIT 1   [ RunTime:0.005674s ]
SQL: SELECT * FROM `fanwe_news` WHERE ( `id` > '1' ) LIMIT 1   [ RunTime:0.001907s ]
INFO: ParseTemplate Behavior ::run [ RunTime:0.037165s ]
INFO: [ view_parse ] --END-- [ RunTime:0.037543s ]
INFO: [ view_filter ] --START--
INFO: ContentReplace Behavior ::run [ RunTime:0.000690s ]
INFO: TokenBuild Behavior ::run [ RunTime:0.000478s ]
INFO: WriteHtmlCache Behavior ::run [ RunTime:0.000798s ]
INFO: ShowRuntime Behavior ::run [ RunTime:0.001874s ]
INFO: [ view_filter ] --END-- [ RunTime:0.009332s ]
INFO: [ view_end ] --START--
INFO: ShowPageTrace Behavior ::run [ RunTime:0.000466s ]
INFO: [ view_end ] --END-- [ RunTime:0.000567s ]

[ 2015-06-30T16:31:40+08:00 ] 66.249.65.165 /zc/
INFO: [ app_begin ] --START--
INFO: ReadHtmlCache Behavior ::run [ RunTime:0.000659s ]
INFO: [ app_begin ] --END-- [ RunTime:0.000914s ]
SQL: SHOW COLUMNS FROM `fanwe_nav` [ RunTime:0.005502s ]
SQL: SELECT * FROM `fanwe_nav` ORDER BY sort  [ RunTime:0.001836s ]
SQL: SHOW COLUMNS FROM `fanwe_deal_cate` [ RunTime:0.001956s ]
SQL: SELECT * FROM `fanwe_deal_cate` ORDER BY id  [ RunTime:0.001843s ]
SQL: SHOW COLUMNS FROM `fanwe_showindex` [ RunTime:0.003063s ]
SQL: SELECT * FROM `fanwe_showindex`  [ RunTime:0.002561s ]
SQL: SHOW COLUMNS FROM `fanwe_deal` [ RunTime:0.007325s ]
SQL: SELECT id,name,image,end_time,limit_price,brief,support_amount,user_name,user_id,province,city,index_img FROM `fanwe_deal` WHERE ( `is_effect` = 1 ) ORDER BY sort desc,id desc LIMIT 0,7   [ RunTime:0.001640s ]
INFO: [ view_parse ] --START--
NOTIC: [8] Undefined index: uid /webHome/LFWZ000390/www/zc/Zc/Runtime/Cache/cc5c2cb31be8fd046a7cb83177e081f6.php 第 67 行.
INFO: ParseTemplate Behavior ::run [ RunTime:0.050545s ]
INFO: [ view_parse ] --END-- [ RunTime:0.051381s ]
INFO: [ view_filter ] --START--
INFO: ContentReplace Behavior ::run [ RunTime:0.000544s ]
INFO: TokenBuild Behavior ::run [ RunTime:0.000462s ]
INFO: WriteHtmlCache Behavior ::run [ RunTime:0.000374s ]
INFO: ShowRuntime Behavior ::run [ RunTime:0.004309s ]
INFO: [ view_filter ] --END-- [ RunTime:0.006052s ]
INFO: [ view_end ] --START--
INFO: ShowPageTrace Behavior ::run [ RunTime:0.000546s ]
INFO: [ view_end ] --END-- [ RunTime:0.000664s ]

[ 2015-06-30T18:30:56+08:00 ] 42.156.137.107 /zc/index.php?a=register&m=User
INFO: [ app_begin ] --START--
INFO: ReadHtmlCache Behavior ::run [ RunTime:0.000542s ]
INFO: [ app_begin ] --END-- [ RunTime:0.000702s ]
SQL: SHOW COLUMNS FROM `fanwe_nav` [ RunTime:0.003566s ]
SQL: SELECT * FROM `fanwe_nav` ORDER BY sort  [ RunTime:0.001697s ]
SQL: SHOW COLUMNS FROM `fanwe_deal_cate` [ RunTime:0.002907s ]
SQL: SELECT * FROM `fanwe_deal_cate` ORDER BY id  [ RunTime:0.003067s ]
INFO: [ view_parse ] --START--
NOTIC: [8] Undefined index: uid /webHome/LFWZ000390/www/zc/Zc/Runtime/Cache/5ca447943347623fc7c870efb9c9908d.php 第 77 行.
INFO: ParseTemplate Behavior ::run [ RunTime:0.044441s ]
INFO: [ view_parse ] --END-- [ RunTime:0.044574s ]
INFO: [ view_filter ] --START--
INFO: ContentReplace Behavior ::run [ RunTime:0.000576s ]
INFO: TokenBuild Behavior ::run [ RunTime:0.000440s ]
INFO: WriteHtmlCache Behavior ::run [ RunTime:0.000255s ]
INFO: ShowRuntime Behavior ::run [ RunTime:0.008795s ]
INFO: [ view_filter ] --END-- [ RunTime:0.010415s ]
INFO: [ view_end ] --START--
INFO: ShowPageTrace Behavior ::run [ RunTime:0.007284s ]
INFO: [ view_end ] --END-- [ RunTime:0.007419s ]

[ 2015-06-30T19:44:43+08:00 ] 66.249.65.165 /zc/index.php?m=Deal&a=show&id=63
INFO: [ app_begin ] --START--
INFO: ReadHtmlCache Behavior ::run [ RunTime:0.000549s ]
INFO: [ app_begin ] --END-- [ RunTime:0.000712s ]
NOTIC: [2048] Declaration of DealAction::show() should be compatible with that of Action::show() /webHome/LFWZ000390/www/zc/Zc/Lib/Action/DealAction.class.php 第 13 行.
SQL: SHOW COLUMNS FROM `fanwe_nav` [ RunTime:0.002350s ]
SQL: SELECT * FROM `fanwe_nav` ORDER BY sort  [ RunTime:0.002343s ]
SQL: SHOW COLUMNS FROM `fanwe_deal_cate` [ RunTime:0.005410s ]
SQL: SELECT * FROM `fanwe_deal_cate` ORDER BY id  [ RunTime:0.003366s ]
NOTIC: [8] Undefined index: uid /webHome/LFWZ000390/www/zc/Zc/Lib/Action/DealAction.class.php 第 18 行.

[ 2015-06-30T20:42:57+08:00 ] 42.156.137.107 /zc/index.php?a=html&m=news
INFO: [ app_begin ] --START--
INFO: ReadHtmlCache Behavior ::run [ RunTime:0.000459s ]
INFO: [ app_begin ] --END-- [ RunTime:0.000687s ]
ERR: 无法加载模块:news

[ 2015-06-30T20:43:15+08:00 ] 42.156.139.107 /zc/index.php?a=html&id=23&m=news
INFO: [ app_begin ] --START--
INFO: ReadHtmlCache Behavior ::run [ RunTime:0.000514s ]
INFO: [ app_begin ] --END-- [ RunTime:0.000665s ]
ERR: 无法加载模块:news

[ 2015-06-30T20:43:46+08:00 ] 42.156.138.107 /zc/index.php?a=html&id=24&m=news
INFO: [ app_begin ] --START--
INFO: ReadHtmlCache Behavior ::run [ RunTime:0.000527s ]
INFO: [ app_begin ] --END-- [ RunTime:0.000700s ]
ERR: 无法加载模块:news

[ 2015-06-30T20:44:04+08:00 ] 42.120.160.107 /zc/index.php?a=index&m=News&p=2
INFO: [ app_begin ] --START--
INFO: ReadHtmlCache Behavior ::run [ RunTime:0.003467s ]
INFO: [ app_begin ] --END-- [ RunTime:0.003678s ]
SQL: SHOW COLUMNS FROM `fanwe_nav` [ RunTime:0.005660s ]
SQL: SELECT * FROM `fanwe_nav` ORDER BY sort  [ RunTime:0.009573s ]
SQL: SHOW COLUMNS FROM `fanwe_deal_cate` [ RunTime:0.003624s ]
SQL: SELECT * FROM `fanwe_deal_cate` ORDER BY id  [ RunTime:0.003772s ]
SQL: SHOW COLUMNS FROM `fanwe_news` [ RunTime:0.007181s ]
SQL: SELECT COUNT(*) AS tp_count FROM `fanwe_news` WHERE ( `enable` = 1 ) LIMIT 1   [ RunTime:0.001668s ]
SQL: SELECT COUNT(*) AS tp_count FROM `fanwe_news` WHERE ( `enable` = 1 ) LIMIT 1   [ RunTime:0.002691s ]
SQL: SELECT * FROM `fanwe_news` ORDER BY addtime desc,rec desc LIMIT 10,10   [ RunTime:0.008968s ]
INFO: [ view_parse ] --START--
SQL: SHOW COLUMNS FROM `fanwe_conf` [ RunTime:0.003801s ]
SQL: SELECT `value` FROM `fanwe_conf` WHERE ( `name` = 'SEO_TITLE' ) LIMIT 1   [ RunTime:0.001914s ]
NOTIC: [8] Undefined index: uid /webHome/LFWZ000390/www/zc/Zc/Runtime/Cache/93be05964b36457006025cdbe2606e6a.php 第 103 行.
INFO: ParseTemplate Behavior ::run [ RunTime:0.061100s ]
INFO: [ view_parse ] --END-- [ RunTime:0.065492s ]
INFO: [ view_filter ] --START--
INFO: ContentReplace Behavior ::run [ RunTime:0.000856s ]
INFO: TokenBuild Behavior ::run [ RunTime:0.001467s ]
INFO: WriteHtmlCache Behavior ::run [ RunTime:0.000415s ]
INFO: ShowRuntime Behavior ::run [ RunTime:0.000622s ]
INFO: [ view_filter ] --END-- [ RunTime:0.003706s ]
INFO: [ view_end ] --START--
INFO: ShowPageTrace Behavior ::run [ RunTime:0.002381s ]
INFO: [ view_end ] --END-- [ RunTime:0.002603s ]

[ 2015-06-30T20:44:11+08:00 ] 42.120.161.107 /zc/index.php?a=html&id=27&m=News
INFO: [ app_begin ] --START--
INFO: ReadHtmlCache Behavior ::run [ RunTime:0.000501s ]
INFO: [ app_begin ] --END-- [ RunTime:0.000625s ]
SQL: SHOW COLUMNS FROM `fanwe_nav` [ RunTime:0.002925s ]
SQL: SELECT * FROM `fanwe_nav` ORDER BY sort  [ RunTime:0.003527s ]
SQL: SHOW COLUMNS FROM `fanwe_deal_cate` [ RunTime:0.006945s ]
SQL: SELECT * FROM `fanwe_deal_cate` ORDER BY id  [ RunTime:0.001715s ]
SQL: SHOW COLUMNS FROM `fanwe_news` [ RunTime:0.002296s ]
SQL: SELECT * FROM `fanwe_news` WHERE ( `id` = 27 ) LIMIT 1   [ RunTime:0.002268s ]
INFO: [ view_parse ] --START--
NOTIC: [8] Undefined index: uid /webHome/LFWZ000390/www/zc/Zc/Runtime/Cache/012cdf2fa3ba4152d6d6173485c32ca8.php 第 95 行.
NOTIC: [8] Use of undefined constant id - assumed 'id' /webHome/LFWZ000390/www/zc/Zc/Runtime/Cache/012cdf2fa3ba4152d6d6173485c32ca8.php 第 129 行.
SQL: SELECT * FROM `fanwe_news` WHERE ( `id` < '27' ) LIMIT 1   [ RunTime:0.002568s ]
SQL: SELECT * FROM `fanwe_news` WHERE ( `id` > '27' ) LIMIT 1   [ RunTime:0.001939s ]
INFO: ParseTemplate Behavior ::run [ RunTime:0.042188s ]
INFO: [ view_parse ] --END-- [ RunTime:0.042304s ]
INFO: [ view_filter ] --START--
INFO: ContentReplace Behavior ::run [ RunTime:0.000548s ]
INFO: TokenBuild Behavior ::run [ RunTime:0.000398s ]
INFO: WriteHtmlCache Behavior ::run [ RunTime:0.000320s ]
INFO: ShowRuntime Behavior ::run [ RunTime:0.003214s ]
INFO: [ view_filter ] --END-- [ RunTime:0.004788s ]
INFO: [ view_end ] --START--
INFO: ShowPageTrace Behavior ::run [ RunTime:0.000503s ]
INFO: [ view_end ] --END-- [ RunTime:0.000686s ]

[ 2015-06-30T20:55:52+08:00 ] 66.249.65.165 /zc/index.php?m=News&a=html&id=29
INFO: [ app_begin ] --START--
INFO: ReadHtmlCache Behavior ::run [ RunTime:0.011373s ]
INFO: [ app_begin ] --END-- [ RunTime:0.011556s ]
SQL: SHOW COLUMNS FROM `fanwe_nav` [ RunTime:0.002813s ]
SQL: SELECT * FROM `fanwe_nav` ORDER BY sort  [ RunTime:0.004424s ]
SQL: SHOW COLUMNS FROM `fanwe_deal_cate` [ RunTime:0.002230s ]
SQL: SELECT * FROM `fanwe_deal_cate` ORDER BY id  [ RunTime:0.001096s ]
SQL: SHOW COLUMNS FROM `fanwe_news` [ RunTime:0.004020s ]
SQL: SELECT * FROM `fanwe_news` WHERE ( `id` = 29 ) LIMIT 1   [ RunTime:0.022659s ]
INFO: [ view_parse ] --START--
NOTIC: [8] Undefined index: uid /webHome/LFWZ000390/www/zc/Zc/Runtime/Cache/012cdf2fa3ba4152d6d6173485c32ca8.php 第 95 行.
NOTIC: [8] Use of undefined constant id - assumed 'id' /webHome/LFWZ000390/www/zc/Zc/Runtime/Cache/012cdf2fa3ba4152d6d6173485c32ca8.php 第 129 行.
SQL: SELECT * FROM `fanwe_news` WHERE ( `id` < '29' ) LIMIT 1   [ RunTime:0.002682s ]
SQL: SELECT * FROM `fanwe_news` WHERE ( `id` > '29' ) LIMIT 1   [ RunTime:0.009046s ]
INFO: ParseTemplate Behavior ::run [ RunTime:0.072346s ]
INFO: [ view_parse ] --END-- [ RunTime:0.072638s ]
INFO: [ view_filter ] --START--
INFO: ContentReplace Behavior ::run [ RunTime:0.000573s ]
INFO: TokenBuild Behavior ::run [ RunTime:0.000411s ]
INFO: WriteHtmlCache Behavior ::run [ RunTime:0.000344s ]
INFO: ShowRuntime Behavior ::run [ RunTime:0.000440s ]
INFO: [ view_filter ] --END-- [ RunTime:0.002079s ]
INFO: [ view_end ] --START--
INFO: ShowPageTrace Behavior ::run [ RunTime:0.000405s ]
INFO: [ view_end ] --END-- [ RunTime:0.000501s ]

[ 2015-06-30T21:03:46+08:00 ] 66.249.65.172 /zc/index.php?m=News&a=html&id=23
INFO: [ app_begin ] --START--
INFO: ReadHtmlCache Behavior ::run [ RunTime:0.000522s ]
INFO: [ app_begin ] --END-- [ RunTime:0.000658s ]
SQL: SHOW COLUMNS FROM `fanwe_nav` [ RunTime:0.002344s ]
SQL: SELECT * FROM `fanwe_nav` ORDER BY sort  [ RunTime:0.001817s ]
SQL: SHOW COLUMNS FROM `fanwe_deal_cate` [ RunTime:0.002523s ]
SQL: SELECT * FROM `fanwe_deal_cate` ORDER BY id  [ RunTime:0.002232s ]
SQL: SHOW COLUMNS FROM `fanwe_news` [ RunTime:0.003362s ]
SQL: SELECT * FROM `fanwe_news` WHERE ( `id` = 23 ) LIMIT 1   [ RunTime:0.002718s ]
INFO: [ view_parse ] --START--
NOTIC: [8] Undefined index: uid /webHome/LFWZ000390/www/zc/Zc/Runtime/Cache/012cdf2fa3ba4152d6d6173485c32ca8.php 第 95 行.
NOTIC: [8] Use of undefined constant id - assumed 'id' /webHome/LFWZ000390/www/zc/Zc/Runtime/Cache/012cdf2fa3ba4152d6d6173485c32ca8.php 第 129 行.
SQL: SELECT * FROM `fanwe_news` WHERE ( `id` < '23' ) LIMIT 1   [ RunTime:0.001691s ]
SQL: SELECT * FROM `fanwe_news` WHERE ( `id` > '23' ) LIMIT 1   [ RunTime:0.000836s ]
INFO: ParseTemplate Behavior ::run [ RunTime:0.054381s ]
INFO: [ view_parse ] --END-- [ RunTime:0.054487s ]
INFO: [ view_filter ] --START--
INFO: ContentReplace Behavior ::run [ RunTime:0.000589s ]
INFO: TokenBuild Behavior ::run [ RunTime:0.000486s ]
INFO: WriteHtmlCache Behavior ::run [ RunTime:0.000358s ]
INFO: ShowRuntime Behavior ::run [ RunTime:0.000522s ]
INFO: [ view_filter ] --END-- [ RunTime:0.002340s ]
INFO: [ view_end ] --START--
INFO: ShowPageTrace Behavior ::run [ RunTime:0.000647s ]
INFO: [ view_end ] --END-- [ RunTime:0.000891s ]

[ 2015-06-30T21:19:36+08:00 ] 66.249.65.172 /zc/index.php?m=News&a=html&id=27
INFO: [ app_begin ] --START--
INFO: ReadHtmlCache Behavior ::run [ RunTime:0.000488s ]
INFO: [ app_begin ] --END-- [ RunTime:0.000663s ]
SQL: SHOW COLUMNS FROM `fanwe_nav` [ RunTime:0.003438s ]
SQL: SELECT * FROM `fanwe_nav` ORDER BY sort  [ RunTime:0.004845s ]
SQL: SHOW COLUMNS FROM `fanwe_deal_cate` [ RunTime:0.006250s ]
SQL: SELECT * FROM `fanwe_deal_cate` ORDER BY id  [ RunTime:0.002503s ]
SQL: SHOW COLUMNS FROM `fanwe_news` [ RunTime:0.005174s ]
SQL: SELECT * FROM `fanwe_news` WHERE ( `id` = 27 ) LIMIT 1   [ RunTime:0.002293s ]
INFO: [ view_parse ] --START--
NOTIC: [8] Undefined index: uid /webHome/LFWZ000390/www/zc/Zc/Runtime/Cache/012cdf2fa3ba4152d6d6173485c32ca8.php 第 95 行.
NOTIC: [8] Use of undefined constant id - assumed 'id' /webHome/LFWZ000390/www/zc/Zc/Runtime/Cache/012cdf2fa3ba4152d6d6173485c32ca8.php 第 129 行.
SQL: SELECT * FROM `fanwe_news` WHERE ( `id` < '27' ) LIMIT 1   [ RunTime:0.002323s ]
SQL: SELECT * FROM `fanwe_news` WHERE ( `id` > '27' ) LIMIT 1   [ RunTime:0.001822s ]
INFO: ParseTemplate Behavior ::run [ RunTime:0.037534s ]
INFO: [ view_parse ] --END-- [ RunTime:0.037682s ]
INFO: [ view_filter ] --START--
INFO: ContentReplace Behavior ::run [ RunTime:0.000969s ]
INFO: TokenBuild Behavior ::run [ RunTime:0.000434s ]
INFO: WriteHtmlCache Behavior ::run [ RunTime:0.000569s ]
INFO: ShowRuntime Behavior ::run [ RunTime:0.000634s ]
INFO: [ view_filter ] --END-- [ RunTime:0.003138s ]
INFO: [ view_end ] --START--
INFO: ShowPageTrace Behavior ::run [ RunTime:0.000539s ]
INFO: [ view_end ] --END-- [ RunTime:0.000632s ]

[ 2015-06-30T21:31:28+08:00 ] 66.249.67.103 /zc/index.php?m=News&a=html&id=22
INFO: [ app_begin ] --START--
INFO: ReadHtmlCache Behavior ::run [ RunTime:0.000451s ]
INFO: [ app_begin ] --END-- [ RunTime:0.000622s ]
SQL: SHOW COLUMNS FROM `fanwe_nav` [ RunTime:0.003192s ]
SQL: SELECT * FROM `fanwe_nav` ORDER BY sort  [ RunTime:0.006389s ]
SQL: SHOW COLUMNS FROM `fanwe_deal_cate` [ RunTime:0.002394s ]
SQL: SELECT * FROM `fanwe_deal_cate` ORDER BY id  [ RunTime:0.004355s ]
SQL: SHOW COLUMNS FROM `fanwe_news` [ RunTime:0.003381s ]
SQL: SELECT * FROM `fanwe_news` WHERE ( `id` = 22 ) LIMIT 1   [ RunTime:0.002485s ]
INFO: [ view_parse ] --START--
NOTIC: [8] Undefined index: uid /webHome/LFWZ000390/www/zc/Zc/Runtime/Cache/012cdf2fa3ba4152d6d6173485c32ca8.php 第 95 行.
NOTIC: [8] Use of undefined constant id - assumed 'id' /webHome/LFWZ000390/www/zc/Zc/Runtime/Cache/012cdf2fa3ba4152d6d6173485c32ca8.php 第 129 行.
SQL: SELECT * FROM `fanwe_news` WHERE ( `id` < '22' ) LIMIT 1   [ RunTime:0.005194s ]
SQL: SELECT * FROM `fanwe_news` WHERE ( `id` > '22' ) LIMIT 1   [ RunTime:0.002653s ]
INFO: ParseTemplate Behavior ::run [ RunTime:0.039736s ]
INFO: [ view_parse ] --END-- [ RunTime:0.039963s ]
INFO: [ view_filter ] --START--
INFO: ContentReplace Behavior ::run [ RunTime:0.001199s ]
INFO: TokenBuild Behavior ::run [ RunTime:0.000470s ]
INFO: WriteHtmlCache Behavior ::run [ RunTime:0.000465s ]
INFO: ShowRuntime Behavior ::run [ RunTime:0.000551s ]
INFO: [ view_filter ] --END-- [ RunTime:0.003014s ]
INFO: [ view_end ] --START--
INFO: ShowPageTrace Behavior ::run [ RunTime:0.000496s ]
INFO: [ view_end ] --END-- [ RunTime:0.000615s ]

[ 2015-06-30T21:59:09+08:00 ] 66.249.65.172 /zc/index.php?m=Deal&a=show&id=58
INFO: [ app_begin ] --START--
INFO: ReadHtmlCache Behavior ::run [ RunTime:0.000752s ]
INFO: [ app_begin ] --END-- [ RunTime:0.000926s ]
NOTIC: [2048] Declaration of DealAction::show() should be compatible with that of Action::show() /webHome/LFWZ000390/www/zc/Zc/Lib/Action/DealAction.class.php 第 13 行.
SQL: SHOW COLUMNS FROM `fanwe_nav` [ RunTime:0.003292s ]
SQL: SELECT * FROM `fanwe_nav` ORDER BY sort  [ RunTime:0.000942s ]
SQL: SHOW COLUMNS FROM `fanwe_deal_cate` [ RunTime:0.002803s ]
SQL: SELECT * FROM `fanwe_deal_cate` ORDER BY id  [ RunTime:0.001606s ]
NOTIC: [8] Undefined index: uid /webHome/LFWZ000390/www/zc/Zc/Lib/Action/DealAction.class.php 第 18 行.

