[ 2015-06-25T00:25:18+08:00 ] 66.249.64.206 /zc/
INFO: [ app_begin ] --START--
INFO: ReadHtmlCache Behavior ::run [ RunTime:0.000492s ]
INFO: [ app_begin ] --END-- [ RunTime:0.000627s ]
SQL: SHOW COLUMNS FROM `fanwe_nav` [ RunTime:0.003159s ]
SQL: SELECT * FROM `fanwe_nav` ORDER BY sort  [ RunTime:0.001742s ]
SQL: SHOW COLUMNS FROM `fanwe_deal_cate` [ RunTime:0.009970s ]
SQL: SELECT * FROM `fanwe_deal_cate` ORDER BY id  [ RunTime:0.002237s ]
SQL: SHOW COLUMNS FROM `fanwe_showindex` [ RunTime:0.003205s ]
SQL: SELECT * FROM `fanwe_showindex`  [ RunTime:0.003279s ]
SQL: SHOW COLUMNS FROM `fanwe_deal` [ RunTime:0.004510s ]
SQL: SELECT id,name,image,end_time,limit_price,brief,support_amount,user_name,user_id,province,city,index_img FROM `fanwe_deal` WHERE ( `is_effect` = 1 ) ORDER BY sort desc,id desc LIMIT 0,7   [ RunTime:0.002054s ]
INFO: [ view_parse ] --START--
NOTIC: [8] Undefined index: uid /webHome/LFWZ000390/www/zc/Zc/Runtime/Cache/cc5c2cb31be8fd046a7cb83177e081f6.php 第 67 行.
INFO: ParseTemplate Behavior ::run [ RunTime:0.025942s ]
INFO: [ view_parse ] --END-- [ RunTime:0.026077s ]
INFO: [ view_filter ] --START--
INFO: ContentReplace Behavior ::run [ RunTime:0.000639s ]
INFO: TokenBuild Behavior ::run [ RunTime:0.000529s ]
INFO: WriteHtmlCache Behavior ::run [ RunTime:0.000611s ]
INFO: ShowRuntime Behavior ::run [ RunTime:0.000693s ]
INFO: [ view_filter ] --END-- [ RunTime:0.002749s ]
INFO: [ view_end ] --START--
INFO: ShowPageTrace Behavior ::run [ RunTime:0.000449s ]
INFO: [ view_end ] --END-- [ RunTime:0.000539s ]

[ 2015-06-25T03:16:01+08:00 ] 66.249.64.206 /zc/index.php?m=News&a=html&id=1
INFO: [ app_begin ] --START--
INFO: ReadHtmlCache Behavior ::run [ RunTime:0.000466s ]
INFO: [ app_begin ] --END-- [ RunTime:0.000599s ]

[ 2015-06-25T04:03:48+08:00 ] 66.249.64.201 /zc/
INFO: [ app_begin ] --START--
INFO: ReadHtmlCache Behavior ::run [ RunTime:0.000543s ]
INFO: [ app_begin ] --END-- [ RunTime:0.000731s ]
SQL: SHOW COLUMNS FROM `fanwe_nav` [ RunTime:0.003014s ]
SQL: SELECT * FROM `fanwe_nav` ORDER BY sort  [ RunTime:0.001844s ]
SQL: SHOW COLUMNS FROM `fanwe_deal_cate` [ RunTime:0.003771s ]
SQL: SELECT * FROM `fanwe_deal_cate` ORDER BY id  [ RunTime:0.002112s ]
SQL: SHOW COLUMNS FROM `fanwe_showindex` [ RunTime:0.004418s ]
SQL: SELECT * FROM `fanwe_showindex`  [ RunTime:0.005282s ]
SQL: SHOW COLUMNS FROM `fanwe_deal` [ RunTime:0.003806s ]
SQL: SELECT id,name,image,end_time,limit_price,brief,support_amount,user_name,user_id,province,city,index_img FROM `fanwe_deal` WHERE ( `is_effect` = 1 ) ORDER BY sort desc,id desc LIMIT 0,7   [ RunTime:0.009257s ]
INFO: [ view_parse ] --START--
NOTIC: [8] Undefined index: uid /webHome/LFWZ000390/www/zc/Zc/Runtime/Cache/cc5c2cb31be8fd046a7cb83177e081f6.php 第 67 行.
INFO: ParseTemplate Behavior ::run [ RunTime:0.027421s ]
INFO: [ view_parse ] --END-- [ RunTime:0.027673s ]
INFO: [ view_filter ] --START--
INFO: ContentReplace Behavior ::run [ RunTime:0.000696s ]
INFO: TokenBuild Behavior ::run [ RunTime:0.000421s ]
INFO: WriteHtmlCache Behavior ::run [ RunTime:0.000616s ]
INFO: ShowRuntime Behavior ::run [ RunTime:0.000707s ]
INFO: [ view_filter ] --END-- [ RunTime:0.002744s ]
INFO: [ view_end ] --START--
INFO: ShowPageTrace Behavior ::run [ RunTime:0.000445s ]
INFO: [ view_end ] --END-- [ RunTime:0.000559s ]

[ 2015-06-25T07:22:53+08:00 ] 66.249.64.206 /zc/index.php?m=News&a=html&id=27
INFO: [ app_begin ] --START--
INFO: ReadHtmlCache Behavior ::run [ RunTime:0.000587s ]
INFO: [ app_begin ] --END-- [ RunTime:0.001560s ]
SQL: SHOW COLUMNS FROM `fanwe_nav` [ RunTime:0.002522s ]
SQL: SELECT * FROM `fanwe_nav` ORDER BY sort  [ RunTime:0.001031s ]
SQL: SHOW COLUMNS FROM `fanwe_deal_cate` [ RunTime:0.002408s ]
SQL: SELECT * FROM `fanwe_deal_cate` ORDER BY id  [ RunTime:0.001809s ]
SQL: SHOW COLUMNS FROM `fanwe_news` [ RunTime:0.005320s ]
SQL: SELECT * FROM `fanwe_news` WHERE ( `id` = 27 ) LIMIT 1   [ RunTime:0.002216s ]
INFO: [ view_parse ] --START--
NOTIC: [8] Undefined index: uid /webHome/LFWZ000390/www/zc/Zc/Runtime/Cache/012cdf2fa3ba4152d6d6173485c32ca8.php 第 95 行.
NOTIC: [8] Use of undefined constant id - assumed 'id' /webHome/LFWZ000390/www/zc/Zc/Runtime/Cache/012cdf2fa3ba4152d6d6173485c32ca8.php 第 129 行.
SQL: SELECT * FROM `fanwe_news` WHERE ( `id` < '27' ) LIMIT 1   [ RunTime:0.001041s ]
SQL: SELECT * FROM `fanwe_news` WHERE ( `id` > '27' ) LIMIT 1   [ RunTime:0.003817s ]
INFO: ParseTemplate Behavior ::run [ RunTime:0.030832s ]
INFO: [ view_parse ] --END-- [ RunTime:0.030990s ]
INFO: [ view_filter ] --START--
INFO: ContentReplace Behavior ::run [ RunTime:0.000593s ]
INFO: TokenBuild Behavior ::run [ RunTime:0.000273s ]
INFO: WriteHtmlCache Behavior ::run [ RunTime:0.000261s ]
INFO: ShowRuntime Behavior ::run [ RunTime:0.000306s ]
INFO: [ view_filter ] --END-- [ RunTime:0.001667s ]
INFO: [ view_end ] --START--
INFO: ShowPageTrace Behavior ::run [ RunTime:0.000393s ]
INFO: [ view_end ] --END-- [ RunTime:0.000477s ]

[ 2015-06-25T07:31:20+08:00 ] 66.249.64.196 /zc/
INFO: [ app_begin ] --START--
INFO: ReadHtmlCache Behavior ::run [ RunTime:0.000530s ]
INFO: [ app_begin ] --END-- [ RunTime:0.000709s ]
SQL: SHOW COLUMNS FROM `fanwe_nav` [ RunTime:0.001657s ]
SQL: SELECT * FROM `fanwe_nav` ORDER BY sort  [ RunTime:0.002004s ]
SQL: SHOW COLUMNS FROM `fanwe_deal_cate` [ RunTime:0.001929s ]
SQL: SELECT * FROM `fanwe_deal_cate` ORDER BY id  [ RunTime:0.002152s ]
SQL: SHOW COLUMNS FROM `fanwe_showindex` [ RunTime:0.002795s ]
SQL: SELECT * FROM `fanwe_showindex`  [ RunTime:0.003348s ]
SQL: SHOW COLUMNS FROM `fanwe_deal` [ RunTime:0.003468s ]
SQL: SELECT id,name,image,end_time,limit_price,brief,support_amount,user_name,user_id,province,city,index_img FROM `fanwe_deal` WHERE ( `is_effect` = 1 ) ORDER BY sort desc,id desc LIMIT 0,7   [ RunTime:0.002818s ]
INFO: [ view_parse ] --START--
NOTIC: [8] Undefined index: uid /webHome/LFWZ000390/www/zc/Zc/Runtime/Cache/cc5c2cb31be8fd046a7cb83177e081f6.php 第 67 行.
INFO: ParseTemplate Behavior ::run [ RunTime:0.045588s ]
INFO: [ view_parse ] --END-- [ RunTime:0.045715s ]
INFO: [ view_filter ] --START--
INFO: ContentReplace Behavior ::run [ RunTime:0.001117s ]
INFO: TokenBuild Behavior ::run [ RunTime:0.000701s ]
INFO: WriteHtmlCache Behavior ::run [ RunTime:0.000456s ]
INFO: ShowRuntime Behavior ::run [ RunTime:0.000465s ]
INFO: [ view_filter ] --END-- [ RunTime:0.003096s ]
INFO: [ view_end ] --START--
INFO: ShowPageTrace Behavior ::run [ RunTime:0.000478s ]
INFO: [ view_end ] --END-- [ RunTime:0.000571s ]

[ 2015-06-25T08:26:03+08:00 ] 66.249.65.165 /zc/
INFO: [ app_begin ] --START--
INFO: ReadHtmlCache Behavior ::run [ RunTime:0.000420s ]
INFO: [ app_begin ] --END-- [ RunTime:0.000576s ]
SQL: SHOW COLUMNS FROM `fanwe_nav` [ RunTime:0.002197s ]
SQL: SELECT * FROM `fanwe_nav` ORDER BY sort  [ RunTime:0.001371s ]
SQL: SHOW COLUMNS FROM `fanwe_deal_cate` [ RunTime:0.003266s ]
SQL: SELECT * FROM `fanwe_deal_cate` ORDER BY id  [ RunTime:0.002014s ]
SQL: SHOW COLUMNS FROM `fanwe_showindex` [ RunTime:0.004629s ]
SQL: SELECT * FROM `fanwe_showindex`  [ RunTime:0.005930s ]
SQL: SHOW COLUMNS FROM `fanwe_deal` [ RunTime:0.003174s ]
SQL: SELECT id,name,image,end_time,limit_price,brief,support_amount,user_name,user_id,province,city,index_img FROM `fanwe_deal` WHERE ( `is_effect` = 1 ) ORDER BY sort desc,id desc LIMIT 0,7   [ RunTime:0.004057s ]
INFO: [ view_parse ] --START--
NOTIC: [8] Undefined index: uid /webHome/LFWZ000390/www/zc/Zc/Runtime/Cache/cc5c2cb31be8fd046a7cb83177e081f6.php 第 67 行.
INFO: ParseTemplate Behavior ::run [ RunTime:0.032176s ]
INFO: [ view_parse ] --END-- [ RunTime:0.032311s ]
INFO: [ view_filter ] --START--
INFO: ContentReplace Behavior ::run [ RunTime:0.000623s ]
INFO: TokenBuild Behavior ::run [ RunTime:0.000463s ]
INFO: WriteHtmlCache Behavior ::run [ RunTime:0.000322s ]
INFO: ShowRuntime Behavior ::run [ RunTime:0.000592s ]
INFO: [ view_filter ] --END-- [ RunTime:0.002315s ]
INFO: [ view_end ] --START--
INFO: ShowPageTrace Behavior ::run [ RunTime:0.000410s ]
INFO: [ view_end ] --END-- [ RunTime:0.000523s ]

[ 2015-06-25T09:34:18+08:00 ] 119.10.1.92 /zc/
INFO: [ app_begin ] --START--
INFO: ReadHtmlCache Behavior ::run [ RunTime:0.000450s ]
INFO: [ app_begin ] --END-- [ RunTime:0.000580s ]
SQL: SHOW COLUMNS FROM `fanwe_nav` [ RunTime:0.002230s ]
SQL: SELECT * FROM `fanwe_nav` ORDER BY sort  [ RunTime:0.002787s ]
SQL: SHOW COLUMNS FROM `fanwe_deal_cate` [ RunTime:0.001799s ]
SQL: SELECT * FROM `fanwe_deal_cate` ORDER BY id  [ RunTime:0.001190s ]
SQL: SHOW COLUMNS FROM `fanwe_showindex` [ RunTime:0.002614s ]
SQL: SELECT * FROM `fanwe_showindex`  [ RunTime:0.001820s ]
SQL: SHOW COLUMNS FROM `fanwe_deal` [ RunTime:0.004897s ]
SQL: SELECT id,name,image,end_time,limit_price,brief,support_amount,user_name,user_id,province,city,index_img FROM `fanwe_deal` WHERE ( `is_effect` = 1 ) ORDER BY sort desc,id desc LIMIT 0,7   [ RunTime:0.004278s ]
INFO: [ view_parse ] --START--
NOTIC: [8] Undefined index: uid /webHome/LFWZ000390/www/zc/Zc/Runtime/Cache/cc5c2cb31be8fd046a7cb83177e081f6.php 第 67 行.
INFO: ParseTemplate Behavior ::run [ RunTime:0.018151s ]
INFO: [ view_parse ] --END-- [ RunTime:0.018279s ]
INFO: [ view_filter ] --START--
INFO: ContentReplace Behavior ::run [ RunTime:0.000748s ]
INFO: TokenBuild Behavior ::run [ RunTime:0.000451s ]
INFO: WriteHtmlCache Behavior ::run [ RunTime:0.000424s ]
INFO: ShowRuntime Behavior ::run [ RunTime:0.000499s ]
INFO: [ view_filter ] --END-- [ RunTime:0.002464s ]
INFO: [ view_end ] --START--
INFO: ShowPageTrace Behavior ::run [ RunTime:0.000437s ]
INFO: [ view_end ] --END-- [ RunTime:0.000531s ]

[ 2015-06-25T11:29:37+08:00 ] 66.249.65.172 /zc/
INFO: [ app_begin ] --START--
INFO: ReadHtmlCache Behavior ::run [ RunTime:0.002152s ]
INFO: [ app_begin ] --END-- [ RunTime:0.002306s ]

[ 2015-06-25T12:22:14+08:00 ] 66.249.65.165 /zc/
INFO: [ app_begin ] --START--
INFO: ReadHtmlCache Behavior ::run [ RunTime:0.000471s ]
INFO: [ app_begin ] --END-- [ RunTime:0.000606s ]
SQL: SHOW COLUMNS FROM `fanwe_nav` [ RunTime:0.002646s ]
SQL: SELECT * FROM `fanwe_nav` ORDER BY sort  [ RunTime:0.001910s ]
SQL: SHOW COLUMNS FROM `fanwe_deal_cate` [ RunTime:0.006291s ]
SQL: SELECT * FROM `fanwe_deal_cate` ORDER BY id  [ RunTime:0.004752s ]
SQL: SHOW COLUMNS FROM `fanwe_showindex` [ RunTime:0.003325s ]
SQL: SELECT * FROM `fanwe_showindex`  [ RunTime:0.003063s ]
SQL: SHOW COLUMNS FROM `fanwe_deal` [ RunTime:0.003931s ]
SQL: SELECT id,name,image,end_time,limit_price,brief,support_amount,user_name,user_id,province,city,index_img FROM `fanwe_deal` WHERE ( `is_effect` = 1 ) ORDER BY sort desc,id desc LIMIT 0,7   [ RunTime:0.004040s ]
INFO: [ view_parse ] --START--
NOTIC: [8] Undefined index: uid /webHome/LFWZ000390/www/zc/Zc/Runtime/Cache/cc5c2cb31be8fd046a7cb83177e081f6.php 第 67 行.
INFO: ParseTemplate Behavior ::run [ RunTime:0.038987s ]
INFO: [ view_parse ] --END-- [ RunTime:0.039182s ]
INFO: [ view_filter ] --START--
INFO: ContentReplace Behavior ::run [ RunTime:0.000561s ]
INFO: TokenBuild Behavior ::run [ RunTime:0.000495s ]
INFO: WriteHtmlCache Behavior ::run [ RunTime:0.000525s ]
INFO: ShowRuntime Behavior ::run [ RunTime:0.000436s ]
INFO: [ view_filter ] --END-- [ RunTime:0.002365s ]
INFO: [ view_end ] --START--
INFO: ShowPageTrace Behavior ::run [ RunTime:0.000443s ]
INFO: [ view_end ] --END-- [ RunTime:0.000535s ]

[ 2015-06-25T12:26:25+08:00 ] 66.249.65.179 /zc/index.php?m=News&a=html&id=1
INFO: [ app_begin ] --START--
INFO: ReadHtmlCache Behavior ::run [ RunTime:0.000511s ]
INFO: [ app_begin ] --END-- [ RunTime:0.000646s ]
SQL: SHOW COLUMNS FROM `fanwe_nav` [ RunTime:0.005804s ]
SQL: SELECT * FROM `fanwe_nav` ORDER BY sort  [ RunTime:0.002214s ]
SQL: SHOW COLUMNS FROM `fanwe_deal_cate` [ RunTime:0.010864s ]
SQL: SELECT * FROM `fanwe_deal_cate` ORDER BY id  [ RunTime:0.002915s ]
SQL: SHOW COLUMNS FROM `fanwe_news` [ RunTime:0.002138s ]
SQL: SELECT * FROM `fanwe_news` WHERE ( `id` = 1 ) LIMIT 1   [ RunTime:0.002373s ]
INFO: [ view_parse ] --START--
NOTIC: [8] Undefined index: uid /webHome/LFWZ000390/www/zc/Zc/Runtime/Cache/012cdf2fa3ba4152d6d6173485c32ca8.php 第 95 行.
NOTIC: [8] Use of undefined constant id - assumed 'id' /webHome/LFWZ000390/www/zc/Zc/Runtime/Cache/012cdf2fa3ba4152d6d6173485c32ca8.php 第 129 行.
SQL: SELECT * FROM `fanwe_news` WHERE ( `id` < '1' ) LIMIT 1   [ RunTime:0.001163s ]
SQL: SELECT * FROM `fanwe_news` WHERE ( `id` > '1' ) LIMIT 1   [ RunTime:0.001361s ]
INFO: ParseTemplate Behavior ::run [ RunTime:0.033802s ]
INFO: [ view_parse ] --END-- [ RunTime:0.033941s ]
INFO: [ view_filter ] --START--
INFO: ContentReplace Behavior ::run [ RunTime:0.000906s ]
INFO: TokenBuild Behavior ::run [ RunTime:0.000539s ]
INFO: WriteHtmlCache Behavior ::run [ RunTime:0.000379s ]
INFO: ShowRuntime Behavior ::run [ RunTime:0.000528s ]
INFO: [ view_filter ] --END-- [ RunTime:0.003161s ]
INFO: [ view_end ] --START--
INFO: ShowPageTrace Behavior ::run [ RunTime:0.001053s ]
INFO: [ view_end ] --END-- [ RunTime:0.001299s ]

[ 2015-06-25T12:30:39+08:00 ] 66.249.65.165 /zc/index.php?m=Index&a=index
INFO: [ app_begin ] --START--
INFO: ReadHtmlCache Behavior ::run [ RunTime:0.000623s ]
INFO: [ app_begin ] --END-- [ RunTime:0.000786s ]
SQL: SHOW COLUMNS FROM `fanwe_nav` [ RunTime:0.008115s ]
SQL: SELECT * FROM `fanwe_nav` ORDER BY sort  [ RunTime:0.002349s ]
SQL: SHOW COLUMNS FROM `fanwe_deal_cate` [ RunTime:0.002320s ]
SQL: SELECT * FROM `fanwe_deal_cate` ORDER BY id  [ RunTime:0.002195s ]
SQL: SHOW COLUMNS FROM `fanwe_showindex` [ RunTime:0.007965s ]
SQL: SELECT * FROM `fanwe_showindex`  [ RunTime:0.002140s ]
SQL: SHOW COLUMNS FROM `fanwe_deal` [ RunTime:0.004953s ]
SQL: SELECT id,name,image,end_time,limit_price,brief,support_amount,user_name,user_id,province,city,index_img FROM `fanwe_deal` WHERE ( `is_effect` = 1 ) ORDER BY sort desc,id desc LIMIT 0,7   [ RunTime:0.002125s ]
INFO: [ view_parse ] --START--
NOTIC: [8] Undefined index: uid /webHome/LFWZ000390/www/zc/Zc/Runtime/Cache/cc5c2cb31be8fd046a7cb83177e081f6.php 第 67 行.
INFO: ParseTemplate Behavior ::run [ RunTime:0.035513s ]
INFO: [ view_parse ] --END-- [ RunTime:0.035711s ]
INFO: [ view_filter ] --START--
INFO: ContentReplace Behavior ::run [ RunTime:0.000576s ]
INFO: TokenBuild Behavior ::run [ RunTime:0.000391s ]
INFO: WriteHtmlCache Behavior ::run [ RunTime:0.000328s ]
INFO: ShowRuntime Behavior ::run [ RunTime:0.009322s ]
INFO: [ view_filter ] --END-- [ RunTime:0.011108s ]
INFO: [ view_end ] --START--
INFO: ShowPageTrace Behavior ::run [ RunTime:0.000523s ]
INFO: [ view_end ] --END-- [ RunTime:0.000614s ]

[ 2015-06-25T14:31:49+08:00 ] 66.249.65.179 /zc/index.php?m=News&a=html&id=29
INFO: [ app_begin ] --START--
INFO: ReadHtmlCache Behavior ::run [ RunTime:0.000464s ]
INFO: [ app_begin ] --END-- [ RunTime:0.000593s ]
SQL: SHOW COLUMNS FROM `fanwe_nav` [ RunTime:0.002373s ]
SQL: SELECT * FROM `fanwe_nav` ORDER BY sort  [ RunTime:0.001801s ]
SQL: SHOW COLUMNS FROM `fanwe_deal_cate` [ RunTime:0.002204s ]
SQL: SELECT * FROM `fanwe_deal_cate` ORDER BY id  [ RunTime:0.000895s ]
SQL: SHOW COLUMNS FROM `fanwe_news` [ RunTime:0.003711s ]
SQL: SELECT * FROM `fanwe_news` WHERE ( `id` = 29 ) LIMIT 1   [ RunTime:0.005049s ]
INFO: [ view_parse ] --START--
NOTIC: [8] Undefined index: uid /webHome/LFWZ000390/www/zc/Zc/Runtime/Cache/012cdf2fa3ba4152d6d6173485c32ca8.php 第 95 行.
NOTIC: [8] Use of undefined constant id - assumed 'id' /webHome/LFWZ000390/www/zc/Zc/Runtime/Cache/012cdf2fa3ba4152d6d6173485c32ca8.php 第 129 行.
SQL: SELECT * FROM `fanwe_news` WHERE ( `id` < '29' ) LIMIT 1   [ RunTime:0.002423s ]
SQL: SELECT * FROM `fanwe_news` WHERE ( `id` > '29' ) LIMIT 1   [ RunTime:0.001682s ]
INFO: ParseTemplate Behavior ::run [ RunTime:0.026322s ]
INFO: [ view_parse ] --END-- [ RunTime:0.026435s ]
INFO: [ view_filter ] --START--
INFO: ContentReplace Behavior ::run [ RunTime:0.000673s ]
INFO: TokenBuild Behavior ::run [ RunTime:0.000507s ]
INFO: WriteHtmlCache Behavior ::run [ RunTime:0.000355s ]
INFO: ShowRuntime Behavior ::run [ RunTime:0.000405s ]
INFO: [ view_filter ] --END-- [ RunTime:0.002264s ]
INFO: [ view_end ] --START--
INFO: ShowPageTrace Behavior ::run [ RunTime:0.000573s ]
INFO: [ view_end ] --END-- [ RunTime:0.000689s ]

[ 2015-06-25T15:22:57+08:00 ] 66.249.65.179 /zc/index.php?m=News&a=html&id=6
INFO: [ app_begin ] --START--
INFO: ReadHtmlCache Behavior ::run [ RunTime:0.000436s ]
INFO: [ app_begin ] --END-- [ RunTime:0.000571s ]
SQL: SHOW COLUMNS FROM `fanwe_nav` [ RunTime:0.002663s ]
SQL: SELECT * FROM `fanwe_nav` ORDER BY sort  [ RunTime:0.000886s ]
SQL: SHOW COLUMNS FROM `fanwe_deal_cate` [ RunTime:0.003952s ]
SQL: SELECT * FROM `fanwe_deal_cate` ORDER BY id  [ RunTime:0.001841s ]
SQL: SHOW COLUMNS FROM `fanwe_news` [ RunTime:0.003863s ]
SQL: SELECT * FROM `fanwe_news` WHERE ( `id` = 6 ) LIMIT 1   [ RunTime:0.001462s ]
INFO: [ view_parse ] --START--
NOTIC: [8] Undefined index: uid /webHome/LFWZ000390/www/zc/Zc/Runtime/Cache/012cdf2fa3ba4152d6d6173485c32ca8.php 第 95 行.
NOTIC: [8] Use of undefined constant id - assumed 'id' /webHome/LFWZ000390/www/zc/Zc/Runtime/Cache/012cdf2fa3ba4152d6d6173485c32ca8.php 第 129 行.
SQL: SELECT * FROM `fanwe_news` WHERE ( `id` < '6' ) LIMIT 1   [ RunTime:0.001266s ]
SQL: SELECT * FROM `fanwe_news` WHERE ( `id` > '6' ) LIMIT 1   [ RunTime:0.002343s ]
INFO: ParseTemplate Behavior ::run [ RunTime:0.043834s ]
INFO: [ view_parse ] --END-- [ RunTime:0.043974s ]
INFO: [ view_filter ] --START--
INFO: ContentReplace Behavior ::run [ RunTime:0.000653s ]
INFO: TokenBuild Behavior ::run [ RunTime:0.000330s ]
INFO: WriteHtmlCache Behavior ::run [ RunTime:0.000353s ]
INFO: ShowRuntime Behavior ::run [ RunTime:0.000456s ]
INFO: [ view_filter ] --END-- [ RunTime:0.002049s ]
INFO: [ view_end ] --START--
INFO: ShowPageTrace Behavior ::run [ RunTime:0.000598s ]
INFO: [ view_end ] --END-- [ RunTime:0.000715s ]

[ 2015-06-25T16:28:46+08:00 ] 66.249.65.165 /zc/
INFO: [ app_begin ] --START--
INFO: ReadHtmlCache Behavior ::run [ RunTime:0.000483s ]
INFO: [ app_begin ] --END-- [ RunTime:0.000606s ]
SQL: SHOW COLUMNS FROM `fanwe_nav` [ RunTime:0.001946s ]
SQL: SELECT * FROM `fanwe_nav` ORDER BY sort  [ RunTime:0.006919s ]
SQL: SHOW COLUMNS FROM `fanwe_deal_cate` [ RunTime:0.010024s ]
SQL: SELECT * FROM `fanwe_deal_cate` ORDER BY id  [ RunTime:0.003083s ]
SQL: SHOW COLUMNS FROM `fanwe_showindex` [ RunTime:0.004369s ]
SQL: SELECT * FROM `fanwe_showindex`  [ RunTime:0.002548s ]
SQL: SHOW COLUMNS FROM `fanwe_deal` [ RunTime:0.012320s ]
SQL: SELECT id,name,image,end_time,limit_price,brief,support_amount,user_name,user_id,province,city,index_img FROM `fanwe_deal` WHERE ( `is_effect` = 1 ) ORDER BY sort desc,id desc LIMIT 0,7   [ RunTime:0.005113s ]
INFO: [ view_parse ] --START--
NOTIC: [8] Undefined index: uid /webHome/LFWZ000390/www/zc/Zc/Runtime/Cache/cc5c2cb31be8fd046a7cb83177e081f6.php 第 67 行.
INFO: ParseTemplate Behavior ::run [ RunTime:0.032314s ]
INFO: [ view_parse ] --END-- [ RunTime:0.032457s ]
INFO: [ view_filter ] --START--
INFO: ContentReplace Behavior ::run [ RunTime:0.001069s ]
INFO: TokenBuild Behavior ::run [ RunTime:0.000450s ]
INFO: WriteHtmlCache Behavior ::run [ RunTime:0.000400s ]
INFO: ShowRuntime Behavior ::run [ RunTime:0.000489s ]
INFO: [ view_filter ] --END-- [ RunTime:0.002682s ]
INFO: [ view_end ] --START--
INFO: ShowPageTrace Behavior ::run [ RunTime:0.000392s ]
INFO: [ view_end ] --END-- [ RunTime:0.000483s ]

[ 2015-06-25T20:01:41+08:00 ] 66.249.65.179 /zc/index.php?m=Deal&a=show&id=63
INFO: [ app_begin ] --START--
INFO: ReadHtmlCache Behavior ::run [ RunTime:0.000528s ]
INFO: [ app_begin ] --END-- [ RunTime:0.000679s ]
NOTIC: [2048] Declaration of DealAction::show() should be compatible with that of Action::show() /webHome/LFWZ000390/www/zc/Zc/Lib/Action/DealAction.class.php 第 13 行.
SQL: SHOW COLUMNS FROM `fanwe_nav` [ RunTime:0.002206s ]
SQL: SELECT * FROM `fanwe_nav` ORDER BY sort  [ RunTime:0.001309s ]
SQL: SHOW COLUMNS FROM `fanwe_deal_cate` [ RunTime:0.002008s ]
SQL: SELECT * FROM `fanwe_deal_cate` ORDER BY id  [ RunTime:0.002194s ]
SQL: SHOW COLUMNS FROM `fanwe_deal` [ RunTime:0.021142s ]
SQL: SELECT * FROM `fanwe_deal` WHERE ( `id` = 63 ) AND ( `is_effect` = 1 ) LIMIT 1   [ RunTime:0.001681s ]
NOTIC: [8] Use of undefined constant needAmount - assumed 'needAmount' /webHome/LFWZ000390/www/zc/Zc/Lib/Action/DealAction.class.php 第 41 行.
NOTIC: [8] Use of undefined constant __IMGURL__ - assumed '__IMGURL__' /webHome/LFWZ000390/www/zc/Zc/Lib/Action/DealAction.class.php 第 49 行.
INFO: [ view_parse ] --START--
NOTIC: [8] Undefined index: uid /webHome/LFWZ000390/www/zc/Zc/Runtime/Cache/efb5c64f75c1153a2e4051e116761eb6.php 第 67 行.
INFO: ParseTemplate Behavior ::run [ RunTime:0.029608s ]
INFO: [ view_parse ] --END-- [ RunTime:0.029775s ]
INFO: [ view_filter ] --START--
INFO: ContentReplace Behavior ::run [ RunTime:0.000628s ]
INFO: TokenBuild Behavior ::run [ RunTime:0.000566s ]
INFO: WriteHtmlCache Behavior ::run [ RunTime:0.000338s ]
INFO: ShowRuntime Behavior ::run [ RunTime:0.003120s ]
INFO: [ view_filter ] --END-- [ RunTime:0.014461s ]
INFO: [ view_end ] --START--
INFO: ShowPageTrace Behavior ::run [ RunTime:0.001177s ]
INFO: [ view_end ] --END-- [ RunTime:0.001295s ]

[ 2015-06-25T20:06:10+08:00 ] 42.156.138.107 /zc/index.php?a=show&id=62&m=Deal
INFO: [ app_begin ] --START--
INFO: ReadHtmlCache Behavior ::run [ RunTime:0.000524s ]
INFO: [ app_begin ] --END-- [ RunTime:0.000711s ]
NOTIC: [2048] Declaration of DealAction::show() should be compatible with that of Action::show() /webHome/LFWZ000390/www/zc/Zc/Lib/Action/DealAction.class.php 第 13 行.
SQL: SHOW COLUMNS FROM `fanwe_nav` [ RunTime:0.002272s ]
SQL: SELECT * FROM `fanwe_nav` ORDER BY sort  [ RunTime:0.001726s ]
SQL: SHOW COLUMNS FROM `fanwe_deal_cate` [ RunTime:0.003546s ]
SQL: SELECT * FROM `fanwe_deal_cate` ORDER BY id  [ RunTime:0.002008s ]
SQL: SHOW COLUMNS FROM `fanwe_deal` [ RunTime:0.005159s ]
SQL: SELECT * FROM `fanwe_deal` WHERE ( `id` = 62 ) AND ( `is_effect` = 1 ) LIMIT 1   [ RunTime:0.001833s ]
NOTIC: [8] Use of undefined constant needAmount - assumed 'needAmount' /webHome/LFWZ000390/www/zc/Zc/Lib/Action/DealAction.class.php 第 41 行.
NOTIC: [8] Use of undefined constant __IMGURL__ - assumed '__IMGURL__' /webHome/LFWZ000390/www/zc/Zc/Lib/Action/DealAction.class.php 第 49 行.
INFO: [ view_parse ] --START--
NOTIC: [8] Undefined index: uid /webHome/LFWZ000390/www/zc/Zc/Runtime/Cache/efb5c64f75c1153a2e4051e116761eb6.php 第 67 行.
INFO: ParseTemplate Behavior ::run [ RunTime:0.043720s ]
INFO: [ view_parse ] --END-- [ RunTime:0.043847s ]
INFO: [ view_filter ] --START--
INFO: ContentReplace Behavior ::run [ RunTime:0.000596s ]
INFO: TokenBuild Behavior ::run [ RunTime:0.007187s ]
INFO: WriteHtmlCache Behavior ::run [ RunTime:0.000840s ]
INFO: ShowRuntime Behavior ::run [ RunTime:0.005459s ]
INFO: [ view_filter ] --END-- [ RunTime:0.014461s ]
INFO: [ view_end ] --START--
INFO: ShowPageTrace Behavior ::run [ RunTime:0.000637s ]
INFO: [ view_end ] --END-- [ RunTime:0.000767s ]

[ 2015-06-25T20:06:12+08:00 ] 42.156.139.107 /zc/index.php?a=index&m=Deals
INFO: [ app_begin ] --START--
INFO: ReadHtmlCache Behavior ::run [ RunTime:0.000584s ]
INFO: [ app_begin ] --END-- [ RunTime:0.000725s ]
SQL: SHOW COLUMNS FROM `fanwe_nav` [ RunTime:0.002145s ]
SQL: SELECT * FROM `fanwe_nav` ORDER BY sort  [ RunTime:0.001355s ]
SQL: SHOW COLUMNS FROM `fanwe_deal_cate` [ RunTime:0.002105s ]
SQL: SELECT * FROM `fanwe_deal_cate` ORDER BY id  [ RunTime:0.004012s ]
NOTIC: [8] Undefined index: uid /webHome/LFWZ000390/www/zc/Zc/Lib/Action/DealsAction.class.php 第 18 行.

[ 2015-06-25T20:06:14+08:00 ] 42.156.139.107 /zc/index.php?m=User&a=login
INFO: [ app_begin ] --START--
INFO: ReadHtmlCache Behavior ::run [ RunTime:0.000429s ]
INFO: [ app_begin ] --END-- [ RunTime:0.000556s ]
SQL: SHOW COLUMNS FROM `fanwe_nav` [ RunTime:0.002515s ]
SQL: SELECT * FROM `fanwe_nav` ORDER BY sort  [ RunTime:0.001616s ]
SQL: SHOW COLUMNS FROM `fanwe_deal_cate` [ RunTime:0.002209s ]
SQL: SELECT * FROM `fanwe_deal_cate` ORDER BY id  [ RunTime:0.011216s ]
INFO: [ view_parse ] --START--
NOTIC: [8] Undefined index: uid /webHome/LFWZ000390/www/zc/Zc/Runtime/Cache/42b90be8e9c40e58e803cfb6a2f683e9.php 第 73 行.
INFO: ParseTemplate Behavior ::run [ RunTime:0.019489s ]
INFO: [ view_parse ] --END-- [ RunTime:0.019646s ]
INFO: [ view_filter ] --START--
INFO: ContentReplace Behavior ::run [ RunTime:0.004181s ]
INFO: TokenBuild Behavior ::run [ RunTime:0.000479s ]
INFO: WriteHtmlCache Behavior ::run [ RunTime:0.000327s ]
INFO: ShowRuntime Behavior ::run [ RunTime:0.000491s ]
INFO: [ view_filter ] --END-- [ RunTime:0.005944s ]
INFO: [ view_end ] --START--
INFO: ShowPageTrace Behavior ::run [ RunTime:0.000388s ]
INFO: [ view_end ] --END-- [ RunTime:0.000474s ]

[ 2015-06-25T20:06:15+08:00 ] 42.156.136.107 /zc/index.php?a=index&m=Deals&tid=1
INFO: [ app_begin ] --START--
INFO: ReadHtmlCache Behavior ::run [ RunTime:0.000463s ]
INFO: [ app_begin ] --END-- [ RunTime:0.000819s ]
SQL: SHOW COLUMNS FROM `fanwe_nav` [ RunTime:0.001925s ]
SQL: SELECT * FROM `fanwe_nav` ORDER BY sort  [ RunTime:0.001269s ]
SQL: SHOW COLUMNS FROM `fanwe_deal_cate` [ RunTime:0.001843s ]
SQL: SELECT * FROM `fanwe_deal_cate` ORDER BY id  [ RunTime:0.001669s ]
NOTIC: [8] Undefined index: uid /webHome/LFWZ000390/www/zc/Zc/Lib/Action/DealsAction.class.php 第 18 行.

[ 2015-06-25T20:06:20+08:00 ] 42.120.160.107 /zc/index.php?a=show&id=64&m=Deal
INFO: [ app_begin ] --START--
INFO: ReadHtmlCache Behavior ::run [ RunTime:0.000414s ]
INFO: [ app_begin ] --END-- [ RunTime:0.000573s ]
NOTIC: [2048] Declaration of DealAction::show() should be compatible with that of Action::show() /webHome/LFWZ000390/www/zc/Zc/Lib/Action/DealAction.class.php 第 13 行.
SQL: SHOW COLUMNS FROM `fanwe_nav` [ RunTime:0.002005s ]
SQL: SELECT * FROM `fanwe_nav` ORDER BY sort  [ RunTime:0.001431s ]
SQL: SHOW COLUMNS FROM `fanwe_deal_cate` [ RunTime:0.012959s ]
SQL: SELECT * FROM `fanwe_deal_cate` ORDER BY id  [ RunTime:0.001797s ]
SQL: SHOW COLUMNS FROM `fanwe_deal` [ RunTime:0.007289s ]
SQL: SELECT * FROM `fanwe_deal` WHERE ( `id` = 64 ) AND ( `is_effect` = 1 ) LIMIT 1   [ RunTime:0.007703s ]
NOTIC: [8] Use of undefined constant __IMGURL__ - assumed '__IMGURL__' /webHome/LFWZ000390/www/zc/Zc/Lib/Action/DealAction.class.php 第 49 行.
INFO: [ view_parse ] --START--
NOTIC: [8] Undefined index: uid /webHome/LFWZ000390/www/zc/Zc/Runtime/Cache/efb5c64f75c1153a2e4051e116761eb6.php 第 67 行.
INFO: ParseTemplate Behavior ::run [ RunTime:0.025652s ]
INFO: [ view_parse ] --END-- [ RunTime:0.025788s ]
INFO: [ view_filter ] --START--
INFO: ContentReplace Behavior ::run [ RunTime:0.000658s ]
INFO: TokenBuild Behavior ::run [ RunTime:0.000492s ]
INFO: WriteHtmlCache Behavior ::run [ RunTime:0.000319s ]
INFO: ShowRuntime Behavior ::run [ RunTime:0.000460s ]
INFO: [ view_filter ] --END-- [ RunTime:0.002397s ]
INFO: [ view_end ] --START--
INFO: ShowPageTrace Behavior ::run [ RunTime:0.000506s ]
INFO: [ view_end ] --END-- [ RunTime:0.000629s ]

[ 2015-06-25T20:06:20+08:00 ] 42.156.136.107 /zc/index.php?m=User&a=login
INFO: [ app_begin ] --START--
INFO: ReadHtmlCache Behavior ::run [ RunTime:0.008858s ]
INFO: [ app_begin ] --END-- [ RunTime:0.009031s ]
SQL: SHOW COLUMNS FROM `fanwe_nav` [ RunTime:0.003435s ]
SQL: SELECT * FROM `fanwe_nav` ORDER BY sort  [ RunTime:0.001641s ]
SQL: SHOW COLUMNS FROM `fanwe_deal_cate` [ RunTime:0.003737s ]
SQL: SELECT * FROM `fanwe_deal_cate` ORDER BY id  [ RunTime:0.008338s ]
INFO: [ view_parse ] --START--
NOTIC: [8] Undefined index: uid /webHome/LFWZ000390/www/zc/Zc/Runtime/Cache/42b90be8e9c40e58e803cfb6a2f683e9.php 第 73 行.
INFO: ParseTemplate Behavior ::run [ RunTime:0.019336s ]
INFO: [ view_parse ] --END-- [ RunTime:0.019458s ]
INFO: [ view_filter ] --START--
INFO: ContentReplace Behavior ::run [ RunTime:0.000816s ]
INFO: TokenBuild Behavior ::run [ RunTime:0.000503s ]
INFO: WriteHtmlCache Behavior ::run [ RunTime:0.000606s ]
INFO: ShowRuntime Behavior ::run [ RunTime:0.000437s ]
INFO: [ view_filter ] --END-- [ RunTime:0.002642s ]
INFO: [ view_end ] --START--
INFO: ShowPageTrace Behavior ::run [ RunTime:0.000371s ]
INFO: [ view_end ] --END-- [ RunTime:0.000486s ]

[ 2015-06-25T20:06:24+08:00 ] 42.120.161.107 /zc/index.php?a=index&m=Deals&tid=5
INFO: [ app_begin ] --START--
INFO: ReadHtmlCache Behavior ::run [ RunTime:0.000495s ]
INFO: [ app_begin ] --END-- [ RunTime:0.000702s ]
SQL: SHOW COLUMNS FROM `fanwe_nav` [ RunTime:0.002239s ]
SQL: SELECT * FROM `fanwe_nav` ORDER BY sort  [ RunTime:0.010267s ]
SQL: SHOW COLUMNS FROM `fanwe_deal_cate` [ RunTime:0.004491s ]
SQL: SELECT * FROM `fanwe_deal_cate` ORDER BY id  [ RunTime:0.002157s ]
NOTIC: [8] Undefined index: uid /webHome/LFWZ000390/www/zc/Zc/Lib/Action/DealsAction.class.php 第 18 行.

[ 2015-06-25T20:06:24+08:00 ] 42.120.161.107 /zc/index.php?m=User&a=login
INFO: [ app_begin ] --START--
INFO: ReadHtmlCache Behavior ::run [ RunTime:0.000459s ]
INFO: [ app_begin ] --END-- [ RunTime:0.000590s ]
SQL: SHOW COLUMNS FROM `fanwe_nav` [ RunTime:0.002105s ]
SQL: SELECT * FROM `fanwe_nav` ORDER BY sort  [ RunTime:0.001544s ]
SQL: SHOW COLUMNS FROM `fanwe_deal_cate` [ RunTime:0.002873s ]
SQL: SELECT * FROM `fanwe_deal_cate` ORDER BY id  [ RunTime:0.001377s ]
INFO: [ view_parse ] --START--
NOTIC: [8] Undefined index: uid /webHome/LFWZ000390/www/zc/Zc/Runtime/Cache/42b90be8e9c40e58e803cfb6a2f683e9.php 第 73 行.
INFO: ParseTemplate Behavior ::run [ RunTime:0.035002s ]
INFO: [ view_parse ] --END-- [ RunTime:0.035249s ]
INFO: [ view_filter ] --START--
INFO: ContentReplace Behavior ::run [ RunTime:0.000745s ]
INFO: TokenBuild Behavior ::run [ RunTime:0.000782s ]
INFO: WriteHtmlCache Behavior ::run [ RunTime:0.000400s ]
INFO: ShowRuntime Behavior ::run [ RunTime:0.000562s ]
INFO: [ view_filter ] --END-- [ RunTime:0.002850s ]
INFO: [ view_end ] --START--
INFO: ShowPageTrace Behavior ::run [ RunTime:0.000548s ]
INFO: [ view_end ] --END-- [ RunTime:0.000677s ]

[ 2015-06-25T20:06:32+08:00 ] 42.120.161.107 /zc/index.php?a=index&m=Deals&tid=7
INFO: [ app_begin ] --START--
INFO: ReadHtmlCache Behavior ::run [ RunTime:0.000458s ]
INFO: [ app_begin ] --END-- [ RunTime:0.000609s ]
SQL: SHOW COLUMNS FROM `fanwe_nav` [ RunTime:0.002146s ]
SQL: SELECT * FROM `fanwe_nav` ORDER BY sort  [ RunTime:0.004822s ]
SQL: SHOW COLUMNS FROM `fanwe_deal_cate` [ RunTime:0.004905s ]
SQL: SELECT * FROM `fanwe_deal_cate` ORDER BY id  [ RunTime:0.001608s ]
NOTIC: [8] Undefined index: uid /webHome/LFWZ000390/www/zc/Zc/Lib/Action/DealsAction.class.php 第 18 行.

[ 2015-06-25T20:06:33+08:00 ] 42.120.161.107 /zc/index.php?m=User&a=login
INFO: [ app_begin ] --START--
INFO: ReadHtmlCache Behavior ::run [ RunTime:0.000517s ]
INFO: [ app_begin ] --END-- [ RunTime:0.000729s ]
SQL: SHOW COLUMNS FROM `fanwe_nav` [ RunTime:0.003279s ]
SQL: SELECT * FROM `fanwe_nav` ORDER BY sort  [ RunTime:0.002400s ]
SQL: SHOW COLUMNS FROM `fanwe_deal_cate` [ RunTime:0.002210s ]
SQL: SELECT * FROM `fanwe_deal_cate` ORDER BY id  [ RunTime:0.001817s ]
INFO: [ view_parse ] --START--
NOTIC: [8] Undefined index: uid /webHome/LFWZ000390/www/zc/Zc/Runtime/Cache/42b90be8e9c40e58e803cfb6a2f683e9.php 第 73 行.
INFO: ParseTemplate Behavior ::run [ RunTime:0.028033s ]
INFO: [ view_parse ] --END-- [ RunTime:0.028220s ]
INFO: [ view_filter ] --START--
INFO: ContentReplace Behavior ::run [ RunTime:0.003265s ]
INFO: TokenBuild Behavior ::run [ RunTime:0.000801s ]
INFO: WriteHtmlCache Behavior ::run [ RunTime:0.000434s ]
INFO: ShowRuntime Behavior ::run [ RunTime:0.000462s ]
INFO: [ view_filter ] --END-- [ RunTime:0.005426s ]
INFO: [ view_end ] --START--
INFO: ShowPageTrace Behavior ::run [ RunTime:0.000541s ]
INFO: [ view_end ] --END-- [ RunTime:0.000631s ]

