[ 2015-07-18T01:34:23+08:00 ] 111.201.33.113 /zc/
INFO: [ app_begin ] --START--
INFO: ReadHtmlCache Behavior ::run [ RunTime:0.000476s ]
INFO: [ app_begin ] --END-- [ RunTime:0.000629s ]

[ 2015-07-18T01:34:24+08:00 ] 112.65.193.15 /zc/
INFO: [ app_begin ] --START--
INFO: ReadHtmlCache Behavior ::run [ RunTime:0.000559s ]
INFO: [ app_begin ] --END-- [ RunTime:0.000701s ]

[ 2015-07-18T01:34:35+08:00 ] 111.201.33.113 /zc/
INFO: [ app_begin ] --START--
INFO: ReadHtmlCache Behavior ::run [ RunTime:0.000970s ]
INFO: [ app_begin ] --END-- [ RunTime:0.001105s ]

[ 2015-07-18T01:34:48+08:00 ] 117.14.114.146 /zc/
INFO: [ app_begin ] --START--
INFO: ReadHtmlCache Behavior ::run [ RunTime:0.000481s ]
INFO: [ app_begin ] --END-- [ RunTime:0.000632s ]

[ 2015-07-18T01:35:24+08:00 ] 101.226.66.175 /zc/
INFO: [ app_begin ] --START--
INFO: ReadHtmlCache Behavior ::run [ RunTime:0.000533s ]
INFO: [ app_begin ] --END-- [ RunTime:0.000762s ]

[ 2015-07-18T01:35:39+08:00 ] 101.226.93.234 /zc/
INFO: [ app_begin ] --START--
INFO: ReadHtmlCache Behavior ::run [ RunTime:0.000668s ]
INFO: [ app_begin ] --END-- [ RunTime:0.000828s ]

[ 2015-07-18T01:36:56+08:00 ] 114.111.166.167 /zc/
INFO: [ app_begin ] --START--
INFO: ReadHtmlCache Behavior ::run [ RunTime:0.000500s ]
INFO: [ app_begin ] --END-- [ RunTime:0.000654s ]

[ 2015-07-18T02:23:01+08:00 ] 123.125.71.49 /zc/index.php?m=User&a=login
INFO: [ app_begin ] --START--
INFO: ReadHtmlCache Behavior ::run [ RunTime:0.000456s ]
INFO: [ app_begin ] --END-- [ RunTime:0.000615s ]
SQL: SHOW COLUMNS FROM `fanwe_nav` [ RunTime:0.002827s ]
SQL: SELECT * FROM `fanwe_nav` ORDER BY sort  [ RunTime:0.002560s ]
SQL: SHOW COLUMNS FROM `fanwe_deal_cate` [ RunTime:0.002528s ]
SQL: SELECT * FROM `fanwe_deal_cate` ORDER BY id  [ RunTime:0.001531s ]
SQL: SHOW COLUMNS FROM `fanwe_deal_keyword` [ RunTime:0.001676s ]
SQL: SELECT * FROM `fanwe_deal_keyword` LIMIT 1   [ RunTime:0.001007s ]
INFO: [ view_parse ] --START--
NOTIC: [8] Undefined index: uid /webHome/LFWZ000390/www/zc/Zc/Runtime/Cache/42b90be8e9c40e58e803cfb6a2f683e9.php 第 76 行.
INFO: ParseTemplate Behavior ::run [ RunTime:0.032671s ]
INFO: [ view_parse ] --END-- [ RunTime:0.032814s ]
INFO: [ view_filter ] --START--
INFO: ContentReplace Behavior ::run [ RunTime:0.000363s ]
INFO: TokenBuild Behavior ::run [ RunTime:0.000345s ]
INFO: WriteHtmlCache Behavior ::run [ RunTime:0.000250s ]
INFO: ShowRuntime Behavior ::run [ RunTime:0.000729s ]
INFO: [ view_filter ] --END-- [ RunTime:0.001971s ]
INFO: [ view_end ] --START--
INFO: ShowPageTrace Behavior ::run [ RunTime:0.000621s ]
INFO: [ view_end ] --END-- [ RunTime:0.000714s ]

[ 2015-07-18T06:09:08+08:00 ] 66.249.64.69 /zc/
INFO: [ app_begin ] --START--
INFO: ReadHtmlCache Behavior ::run [ RunTime:0.000456s ]
INFO: [ app_begin ] --END-- [ RunTime:0.000576s ]
SQL: SHOW COLUMNS FROM `fanwe_nav` [ RunTime:0.002046s ]
SQL: SELECT * FROM `fanwe_nav` ORDER BY sort  [ RunTime:0.008046s ]
SQL: SHOW COLUMNS FROM `fanwe_deal_cate` [ RunTime:0.002766s ]
SQL: SELECT * FROM `fanwe_deal_cate` ORDER BY id  [ RunTime:0.002255s ]
SQL: SHOW COLUMNS FROM `fanwe_deal_keyword` [ RunTime:0.002292s ]
SQL: SELECT * FROM `fanwe_deal_keyword` LIMIT 1   [ RunTime:0.001581s ]
SQL: SHOW COLUMNS FROM `fanwe_showindex` [ RunTime:0.002556s ]
SQL: SELECT * FROM `fanwe_showindex`  [ RunTime:0.001895s ]
SQL: SHOW COLUMNS FROM `fanwe_deal` [ RunTime:0.007654s ]
SQL: SELECT id,name,image,end_time,limit_price,brief,support_amount,user_name,user_id,province,city,index_img FROM `fanwe_deal` WHERE ( `is_effect` = 1 ) ORDER BY sort desc,id desc LIMIT 0,7   [ RunTime:0.003042s ]
INFO: [ view_parse ] --START--
NOTIC: [8] Undefined index: uid /webHome/LFWZ000390/www/zc/Zc/Runtime/Cache/cc5c2cb31be8fd046a7cb83177e081f6.php 第 70 行.
INFO: ParseTemplate Behavior ::run [ RunTime:0.029449s ]
INFO: [ view_parse ] --END-- [ RunTime:0.029652s ]
INFO: [ view_filter ] --START--
INFO: ContentReplace Behavior ::run [ RunTime:0.000599s ]
INFO: TokenBuild Behavior ::run [ RunTime:0.000375s ]
INFO: WriteHtmlCache Behavior ::run [ RunTime:0.006351s ]
INFO: ShowRuntime Behavior ::run [ RunTime:0.000497s ]
INFO: [ view_filter ] --END-- [ RunTime:0.008207s ]
INFO: [ view_end ] --START--
INFO: ShowPageTrace Behavior ::run [ RunTime:0.000381s ]
INFO: [ view_end ] --END-- [ RunTime:0.000466s ]

[ 2015-07-18T12:38:33+08:00 ] 114.246.67.200 /zc/
INFO: [ app_begin ] --START--
INFO: ReadHtmlCache Behavior ::run [ RunTime:0.005090s ]
INFO: [ app_begin ] --END-- [ RunTime:0.005296s ]

[ 2015-07-18T13:28:38+08:00 ] 66.249.64.74 /zc/
INFO: [ app_begin ] --START--
INFO: ReadHtmlCache Behavior ::run [ RunTime:0.001401s ]
INFO: [ app_begin ] --END-- [ RunTime:0.001636s ]
SQL: SHOW COLUMNS FROM `fanwe_nav` [ RunTime:0.004788s ]
SQL: SELECT * FROM `fanwe_nav` ORDER BY sort  [ RunTime:0.003338s ]
SQL: SHOW COLUMNS FROM `fanwe_deal_cate` [ RunTime:0.002784s ]
SQL: SELECT * FROM `fanwe_deal_cate` ORDER BY id  [ RunTime:0.001514s ]
SQL: SHOW COLUMNS FROM `fanwe_deal_keyword` [ RunTime:0.002991s ]
SQL: SELECT * FROM `fanwe_deal_keyword` LIMIT 1   [ RunTime:0.001847s ]
SQL: SHOW COLUMNS FROM `fanwe_showindex` [ RunTime:0.002821s ]
SQL: SELECT * FROM `fanwe_showindex`  [ RunTime:0.002686s ]
SQL: SHOW COLUMNS FROM `fanwe_deal` [ RunTime:0.008733s ]
SQL: SELECT id,name,image,end_time,limit_price,brief,support_amount,user_name,user_id,province,city,index_img FROM `fanwe_deal` WHERE ( `is_effect` = 1 ) ORDER BY sort desc,id desc LIMIT 0,7   [ RunTime:0.002515s ]
INFO: [ view_parse ] --START--
NOTIC: [8] Undefined index: uid /webHome/LFWZ000390/www/zc/Zc/Runtime/Cache/cc5c2cb31be8fd046a7cb83177e081f6.php 第 70 行.
INFO: ParseTemplate Behavior ::run [ RunTime:0.032158s ]
INFO: [ view_parse ] --END-- [ RunTime:0.032292s ]
INFO: [ view_filter ] --START--
INFO: ContentReplace Behavior ::run [ RunTime:0.000565s ]
INFO: TokenBuild Behavior ::run [ RunTime:0.000444s ]
INFO: WriteHtmlCache Behavior ::run [ RunTime:0.000366s ]
INFO: ShowRuntime Behavior ::run [ RunTime:0.000452s ]
INFO: [ view_filter ] --END-- [ RunTime:0.002160s ]
INFO: [ view_end ] --START--
INFO: ShowPageTrace Behavior ::run [ RunTime:0.003987s ]
INFO: [ view_end ] --END-- [ RunTime:0.004782s ]

[ 2015-07-18T13:30:53+08:00 ] 66.249.64.101 /zc/index.php?m=Deal&a=show&id=68
INFO: [ app_begin ] --START--
INFO: ReadHtmlCache Behavior ::run [ RunTime:0.000499s ]
INFO: [ app_begin ] --END-- [ RunTime:0.000634s ]
NOTIC: [2048] Declaration of DealAction::show() should be compatible with that of Action::show() /webHome/LFWZ000390/www/zc/Zc/Lib/Action/DealAction.class.php 第 13 行.
SQL: SHOW COLUMNS FROM `fanwe_nav` [ RunTime:0.005461s ]
SQL: SELECT * FROM `fanwe_nav` ORDER BY sort  [ RunTime:0.003453s ]
SQL: SHOW COLUMNS FROM `fanwe_deal_cate` [ RunTime:0.006847s ]
SQL: SELECT * FROM `fanwe_deal_cate` ORDER BY id  [ RunTime:0.001650s ]
SQL: SHOW COLUMNS FROM `fanwe_deal_keyword` [ RunTime:0.008106s ]
SQL: SELECT * FROM `fanwe_deal_keyword` LIMIT 1   [ RunTime:0.001080s ]
NOTIC: [8] Undefined index: uid /webHome/LFWZ000390/www/zc/Zc/Lib/Action/DealAction.class.php 第 18 行.

[ 2015-07-18T13:30:55+08:00 ] 66.249.64.111 /zc/index.php?m=User&a=login
INFO: [ app_begin ] --START--
INFO: ReadHtmlCache Behavior ::run [ RunTime:0.000712s ]
INFO: [ app_begin ] --END-- [ RunTime:0.000871s ]
SQL: SHOW COLUMNS FROM `fanwe_nav` [ RunTime:0.002295s ]
SQL: SELECT * FROM `fanwe_nav` ORDER BY sort  [ RunTime:0.002687s ]
SQL: SHOW COLUMNS FROM `fanwe_deal_cate` [ RunTime:0.005332s ]
SQL: SELECT * FROM `fanwe_deal_cate` ORDER BY id  [ RunTime:0.002357s ]
SQL: SHOW COLUMNS FROM `fanwe_deal_keyword` [ RunTime:0.004256s ]
SQL: SELECT * FROM `fanwe_deal_keyword` LIMIT 1   [ RunTime:0.002415s ]
INFO: [ view_parse ] --START--
NOTIC: [8] Undefined index: uid /webHome/LFWZ000390/www/zc/Zc/Runtime/Cache/42b90be8e9c40e58e803cfb6a2f683e9.php 第 76 行.
INFO: ParseTemplate Behavior ::run [ RunTime:0.023962s ]
INFO: [ view_parse ] --END-- [ RunTime:0.024146s ]
INFO: [ view_filter ] --START--
INFO: ContentReplace Behavior ::run [ RunTime:0.008905s ]
INFO: TokenBuild Behavior ::run [ RunTime:0.000551s ]
INFO: WriteHtmlCache Behavior ::run [ RunTime:0.000340s ]
INFO: ShowRuntime Behavior ::run [ RunTime:0.000414s ]
INFO: [ view_filter ] --END-- [ RunTime:0.010588s ]
INFO: [ view_end ] --START--
INFO: ShowPageTrace Behavior ::run [ RunTime:0.000364s ]
INFO: [ view_end ] --END-- [ RunTime:0.000456s ]

[ 2015-07-18T15:11:08+08:00 ] 101.226.166.232 /zc/index.php?a=show&id=67&m=Deal
INFO: [ app_begin ] --START--
INFO: ReadHtmlCache Behavior ::run [ RunTime:0.000334s ]
INFO: [ app_begin ] --END-- [ RunTime:0.000451s ]
NOTIC: [2048] Declaration of DealAction::show() should be compatible with that of Action::show() /webHome/LFWZ000390/www/zc/Zc/Lib/Action/DealAction.class.php 第 13 行.
SQL: SHOW COLUMNS FROM `fanwe_nav` [ RunTime:0.003088s ]
SQL: SELECT * FROM `fanwe_nav` ORDER BY sort  [ RunTime:0.004203s ]
SQL: SHOW COLUMNS FROM `fanwe_deal_cate` [ RunTime:0.002590s ]
SQL: SELECT * FROM `fanwe_deal_cate` ORDER BY id  [ RunTime:0.001666s ]
SQL: SHOW COLUMNS FROM `fanwe_deal_keyword` [ RunTime:0.002410s ]
SQL: SELECT * FROM `fanwe_deal_keyword` LIMIT 1   [ RunTime:0.004174s ]
NOTIC: [8] Undefined index: uid /webHome/LFWZ000390/www/zc/Zc/Lib/Action/DealAction.class.php 第 18 行.

[ 2015-07-18T15:11:09+08:00 ] 101.226.166.231 /zc/index.php?m=User&a=login
INFO: [ app_begin ] --START--
INFO: ReadHtmlCache Behavior ::run [ RunTime:0.000442s ]
INFO: [ app_begin ] --END-- [ RunTime:0.000570s ]
SQL: SHOW COLUMNS FROM `fanwe_nav` [ RunTime:0.003056s ]
SQL: SELECT * FROM `fanwe_nav` ORDER BY sort  [ RunTime:0.001562s ]
SQL: SHOW COLUMNS FROM `fanwe_deal_cate` [ RunTime:0.002669s ]
SQL: SELECT * FROM `fanwe_deal_cate` ORDER BY id  [ RunTime:0.002346s ]
SQL: SHOW COLUMNS FROM `fanwe_deal_keyword` [ RunTime:0.002066s ]
SQL: SELECT * FROM `fanwe_deal_keyword` LIMIT 1   [ RunTime:0.001970s ]
INFO: [ view_parse ] --START--
NOTIC: [8] Undefined index: uid /webHome/LFWZ000390/www/zc/Zc/Runtime/Cache/42b90be8e9c40e58e803cfb6a2f683e9.php 第 76 行.
INFO: ParseTemplate Behavior ::run [ RunTime:0.026779s ]
INFO: [ view_parse ] --END-- [ RunTime:0.026922s ]
INFO: [ view_filter ] --START--
INFO: ContentReplace Behavior ::run [ RunTime:0.000620s ]
INFO: TokenBuild Behavior ::run [ RunTime:0.000714s ]
INFO: WriteHtmlCache Behavior ::run [ RunTime:0.000727s ]
INFO: ShowRuntime Behavior ::run [ RunTime:0.000920s ]
INFO: [ view_filter ] --END-- [ RunTime:0.003359s ]
INFO: [ view_end ] --START--
INFO: ShowPageTrace Behavior ::run [ RunTime:0.001744s ]
INFO: [ view_end ] --END-- [ RunTime:0.002013s ]

[ 2015-07-18T16:29:20+08:00 ] 60.220.212.3 /zc/
INFO: [ app_begin ] --START--
INFO: ReadHtmlCache Behavior ::run [ RunTime:0.000466s ]
INFO: [ app_begin ] --END-- [ RunTime:0.000615s ]

[ 2015-07-18T16:47:53+08:00 ] 182.118.25.210 /zc/index.php?a=html&id=22&m=News
INFO: [ app_begin ] --START--
INFO: ReadHtmlCache Behavior ::run [ RunTime:0.000387s ]
INFO: [ app_begin ] --END-- [ RunTime:0.000505s ]
SQL: SHOW COLUMNS FROM `fanwe_nav` [ RunTime:0.005871s ]
SQL: SELECT * FROM `fanwe_nav` ORDER BY sort  [ RunTime:0.003003s ]
SQL: SHOW COLUMNS FROM `fanwe_deal_cate` [ RunTime:0.003964s ]
SQL: SELECT * FROM `fanwe_deal_cate` ORDER BY id  [ RunTime:0.013465s ]
SQL: SHOW COLUMNS FROM `fanwe_deal_keyword` [ RunTime:0.003408s ]
SQL: SELECT * FROM `fanwe_deal_keyword` LIMIT 1   [ RunTime:0.001330s ]
SQL: SHOW COLUMNS FROM `fanwe_news` [ RunTime:0.003137s ]
SQL: SELECT * FROM `fanwe_news` WHERE ( `id` = 22 ) LIMIT 1   [ RunTime:0.001799s ]
INFO: [ view_parse ] --START--
NOTIC: [8] Undefined index: uid /webHome/LFWZ000390/www/zc/Zc/Runtime/Cache/012cdf2fa3ba4152d6d6173485c32ca8.php 第 98 行.
NOTIC: [8] Use of undefined constant id - assumed 'id' /webHome/LFWZ000390/www/zc/Zc/Runtime/Cache/012cdf2fa3ba4152d6d6173485c32ca8.php 第 142 行.
SQL: SELECT * FROM `fanwe_news` WHERE ( `id` < null ) LIMIT 1   [ RunTime:0.001324s ]
SQL: SELECT * FROM `fanwe_news` WHERE ( `id` > null ) LIMIT 1   [ RunTime:0.001676s ]
INFO: ParseTemplate Behavior ::run [ RunTime:0.028766s ]
INFO: [ view_parse ] --END-- [ RunTime:0.028881s ]
INFO: [ view_filter ] --START--
INFO: ContentReplace Behavior ::run [ RunTime:0.000682s ]
INFO: TokenBuild Behavior ::run [ RunTime:0.000597s ]
INFO: WriteHtmlCache Behavior ::run [ RunTime:0.000380s ]
INFO: ShowRuntime Behavior ::run [ RunTime:0.000481s ]
INFO: [ view_filter ] --END-- [ RunTime:0.002385s ]
INFO: [ view_end ] --START--
INFO: ShowPageTrace Behavior ::run [ RunTime:0.000467s ]
INFO: [ view_end ] --END-- [ RunTime:0.000580s ]

[ 2015-07-18T16:49:03+08:00 ] 182.118.25.231 /zc/index.php?a=html&id=28&m=News
INFO: [ app_begin ] --START--
INFO: ReadHtmlCache Behavior ::run [ RunTime:0.000456s ]
INFO: [ app_begin ] --END-- [ RunTime:0.000586s ]
SQL: SHOW COLUMNS FROM `fanwe_nav` [ RunTime:0.002058s ]
SQL: SELECT * FROM `fanwe_nav` ORDER BY sort  [ RunTime:0.002308s ]
SQL: SHOW COLUMNS FROM `fanwe_deal_cate` [ RunTime:0.008908s ]
SQL: SELECT * FROM `fanwe_deal_cate` ORDER BY id  [ RunTime:0.002015s ]
SQL: SHOW COLUMNS FROM `fanwe_deal_keyword` [ RunTime:0.004517s ]
SQL: SELECT * FROM `fanwe_deal_keyword` LIMIT 1   [ RunTime:0.001781s ]
SQL: SHOW COLUMNS FROM `fanwe_news` [ RunTime:0.012390s ]
SQL: SELECT * FROM `fanwe_news` WHERE ( `id` = 28 ) LIMIT 1   [ RunTime:0.001754s ]
INFO: [ view_parse ] --START--
NOTIC: [8] Undefined index: uid /webHome/LFWZ000390/www/zc/Zc/Runtime/Cache/012cdf2fa3ba4152d6d6173485c32ca8.php 第 98 行.
NOTIC: [8] Use of undefined constant id - assumed 'id' /webHome/LFWZ000390/www/zc/Zc/Runtime/Cache/012cdf2fa3ba4152d6d6173485c32ca8.php 第 142 行.
SQL: SELECT * FROM `fanwe_news` WHERE ( `id` < null ) LIMIT 1   [ RunTime:0.002867s ]
SQL: SELECT * FROM `fanwe_news` WHERE ( `id` > null ) LIMIT 1   [ RunTime:0.002516s ]
INFO: ParseTemplate Behavior ::run [ RunTime:0.043765s ]
INFO: [ view_parse ] --END-- [ RunTime:0.043996s ]
INFO: [ view_filter ] --START--
INFO: ContentReplace Behavior ::run [ RunTime:0.000748s ]
INFO: TokenBuild Behavior ::run [ RunTime:0.000424s ]
INFO: WriteHtmlCache Behavior ::run [ RunTime:0.000445s ]
INFO: ShowRuntime Behavior ::run [ RunTime:0.000441s ]
INFO: [ view_filter ] --END-- [ RunTime:0.002467s ]
INFO: [ view_end ] --START--
INFO: ShowPageTrace Behavior ::run [ RunTime:0.000373s ]
INFO: [ view_end ] --END-- [ RunTime:0.000495s ]

[ 2015-07-18T16:50:27+08:00 ] 182.118.22.209 /zc/index.php?a=html&id=29&m=News
INFO: [ app_begin ] --START--
INFO: ReadHtmlCache Behavior ::run [ RunTime:0.000677s ]
INFO: [ app_begin ] --END-- [ RunTime:0.001129s ]
SQL: SHOW COLUMNS FROM `fanwe_nav` [ RunTime:0.002101s ]
SQL: SELECT * FROM `fanwe_nav` ORDER BY sort  [ RunTime:0.001732s ]
SQL: SHOW COLUMNS FROM `fanwe_deal_cate` [ RunTime:0.003752s ]
SQL: SELECT * FROM `fanwe_deal_cate` ORDER BY id  [ RunTime:0.001339s ]
SQL: SHOW COLUMNS FROM `fanwe_deal_keyword` [ RunTime:0.002291s ]
SQL: SELECT * FROM `fanwe_deal_keyword` LIMIT 1   [ RunTime:0.001015s ]
SQL: SHOW COLUMNS FROM `fanwe_news` [ RunTime:0.003041s ]
SQL: SELECT * FROM `fanwe_news` WHERE ( `id` = 29 ) LIMIT 1   [ RunTime:0.000712s ]
INFO: [ view_parse ] --START--
NOTIC: [8] Undefined index: uid /webHome/LFWZ000390/www/zc/Zc/Runtime/Cache/012cdf2fa3ba4152d6d6173485c32ca8.php 第 98 行.
NOTIC: [8] Use of undefined constant id - assumed 'id' /webHome/LFWZ000390/www/zc/Zc/Runtime/Cache/012cdf2fa3ba4152d6d6173485c32ca8.php 第 142 行.
SQL: SELECT * FROM `fanwe_news` WHERE ( `id` < null ) LIMIT 1   [ RunTime:0.001622s ]
SQL: SELECT * FROM `fanwe_news` WHERE ( `id` > null ) LIMIT 1   [ RunTime:0.001786s ]
INFO: ParseTemplate Behavior ::run [ RunTime:0.028460s ]
INFO: [ view_parse ] --END-- [ RunTime:0.028619s ]
INFO: [ view_filter ] --START--
INFO: ContentReplace Behavior ::run [ RunTime:0.000776s ]
INFO: TokenBuild Behavior ::run [ RunTime:0.000651s ]
INFO: WriteHtmlCache Behavior ::run [ RunTime:0.000428s ]
INFO: ShowRuntime Behavior ::run [ RunTime:0.003830s ]
INFO: [ view_filter ] --END-- [ RunTime:0.006173s ]
INFO: [ view_end ] --START--
INFO: ShowPageTrace Behavior ::run [ RunTime:0.000617s ]
INFO: [ view_end ] --END-- [ RunTime:0.000713s ]

[ 2015-07-18T16:51:06+08:00 ] 182.118.21.239 /zc/index.php?a=html&id=25&m=News
INFO: [ app_begin ] --START--
INFO: ReadHtmlCache Behavior ::run [ RunTime:0.000669s ]
INFO: [ app_begin ] --END-- [ RunTime:0.000809s ]
SQL: SHOW COLUMNS FROM `fanwe_nav` [ RunTime:0.004266s ]
SQL: SELECT * FROM `fanwe_nav` ORDER BY sort  [ RunTime:0.002781s ]
SQL: SHOW COLUMNS FROM `fanwe_deal_cate` [ RunTime:0.003495s ]
SQL: SELECT * FROM `fanwe_deal_cate` ORDER BY id  [ RunTime:0.001523s ]
SQL: SHOW COLUMNS FROM `fanwe_deal_keyword` [ RunTime:0.003282s ]
SQL: SELECT * FROM `fanwe_deal_keyword` LIMIT 1   [ RunTime:0.000704s ]
SQL: SHOW COLUMNS FROM `fanwe_news` [ RunTime:0.002445s ]
SQL: SELECT * FROM `fanwe_news` WHERE ( `id` = 25 ) LIMIT 1   [ RunTime:0.007364s ]
INFO: [ view_parse ] --START--
NOTIC: [8] Undefined index: uid /webHome/LFWZ000390/www/zc/Zc/Runtime/Cache/012cdf2fa3ba4152d6d6173485c32ca8.php 第 98 行.
NOTIC: [8] Use of undefined constant id - assumed 'id' /webHome/LFWZ000390/www/zc/Zc/Runtime/Cache/012cdf2fa3ba4152d6d6173485c32ca8.php 第 142 行.
SQL: SELECT * FROM `fanwe_news` WHERE ( `id` < null ) LIMIT 1   [ RunTime:0.001716s ]
SQL: SELECT * FROM `fanwe_news` WHERE ( `id` > null ) LIMIT 1   [ RunTime:0.021294s ]
INFO: ParseTemplate Behavior ::run [ RunTime:0.049257s ]
INFO: [ view_parse ] --END-- [ RunTime:0.049393s ]
INFO: [ view_filter ] --START--
INFO: ContentReplace Behavior ::run [ RunTime:0.000634s ]
INFO: TokenBuild Behavior ::run [ RunTime:0.000432s ]
INFO: WriteHtmlCache Behavior ::run [ RunTime:0.000386s ]
INFO: ShowRuntime Behavior ::run [ RunTime:0.000425s ]
INFO: [ view_filter ] --END-- [ RunTime:0.002148s ]
INFO: [ view_end ] --START--
INFO: ShowPageTrace Behavior ::run [ RunTime:0.000400s ]
INFO: [ view_end ] --END-- [ RunTime:0.000487s ]

[ 2015-07-18T16:56:54+08:00 ] 182.118.22.206 /zc/index.php?a=show&id=69&m=Deal
INFO: [ app_begin ] --START--
INFO: ReadHtmlCache Behavior ::run [ RunTime:0.000501s ]
INFO: [ app_begin ] --END-- [ RunTime:0.000662s ]
NOTIC: [2048] Declaration of DealAction::show() should be compatible with that of Action::show() /webHome/LFWZ000390/www/zc/Zc/Lib/Action/DealAction.class.php 第 13 行.
SQL: SHOW COLUMNS FROM `fanwe_nav` [ RunTime:0.003475s ]
SQL: SELECT * FROM `fanwe_nav` ORDER BY sort  [ RunTime:0.009907s ]
SQL: SHOW COLUMNS FROM `fanwe_deal_cate` [ RunTime:0.005608s ]
SQL: SELECT * FROM `fanwe_deal_cate` ORDER BY id  [ RunTime:0.007728s ]
SQL: SHOW COLUMNS FROM `fanwe_deal_keyword` [ RunTime:0.002752s ]
SQL: SELECT * FROM `fanwe_deal_keyword` LIMIT 1   [ RunTime:0.000962s ]
NOTIC: [8] Undefined index: uid /webHome/LFWZ000390/www/zc/Zc/Lib/Action/DealAction.class.php 第 18 行.

[ 2015-07-18T16:56:55+08:00 ] 182.118.22.207 /zc/index.php?m=User&a=login
INFO: [ app_begin ] --START--
INFO: ReadHtmlCache Behavior ::run [ RunTime:0.000516s ]
INFO: [ app_begin ] --END-- [ RunTime:0.000679s ]
SQL: SHOW COLUMNS FROM `fanwe_nav` [ RunTime:0.002892s ]
SQL: SELECT * FROM `fanwe_nav` ORDER BY sort  [ RunTime:0.001203s ]
SQL: SHOW COLUMNS FROM `fanwe_deal_cate` [ RunTime:0.001822s ]
SQL: SELECT * FROM `fanwe_deal_cate` ORDER BY id  [ RunTime:0.001599s ]
SQL: SHOW COLUMNS FROM `fanwe_deal_keyword` [ RunTime:0.002482s ]
SQL: SELECT * FROM `fanwe_deal_keyword` LIMIT 1   [ RunTime:0.013452s ]
INFO: [ view_parse ] --START--
NOTIC: [8] Undefined index: uid /webHome/LFWZ000390/www/zc/Zc/Runtime/Cache/42b90be8e9c40e58e803cfb6a2f683e9.php 第 76 行.
INFO: ParseTemplate Behavior ::run [ RunTime:0.027729s ]
INFO: [ view_parse ] --END-- [ RunTime:0.027862s ]
INFO: [ view_filter ] --START--
INFO: ContentReplace Behavior ::run [ RunTime:0.000593s ]
INFO: TokenBuild Behavior ::run [ RunTime:0.000547s ]
INFO: WriteHtmlCache Behavior ::run [ RunTime:0.000319s ]
INFO: ShowRuntime Behavior ::run [ RunTime:0.000535s ]
INFO: [ view_filter ] --END-- [ RunTime:0.002326s ]
INFO: [ view_end ] --START--
INFO: ShowPageTrace Behavior ::run [ RunTime:0.000431s ]
INFO: [ view_end ] --END-- [ RunTime:0.000545s ]

[ 2015-07-18T17:00:06+08:00 ] 182.118.20.165 /zc/index.php?a=html&id=3&m=News
INFO: [ app_begin ] --START--
INFO: ReadHtmlCache Behavior ::run [ RunTime:0.000531s ]
INFO: [ app_begin ] --END-- [ RunTime:0.000681s ]
SQL: SHOW COLUMNS FROM `fanwe_nav` [ RunTime:0.006251s ]
SQL: SELECT * FROM `fanwe_nav` ORDER BY sort  [ RunTime:0.001575s ]
SQL: SHOW COLUMNS FROM `fanwe_deal_cate` [ RunTime:0.002427s ]
SQL: SELECT * FROM `fanwe_deal_cate` ORDER BY id  [ RunTime:0.008748s ]
SQL: SHOW COLUMNS FROM `fanwe_deal_keyword` [ RunTime:0.004907s ]
SQL: SELECT * FROM `fanwe_deal_keyword` LIMIT 1   [ RunTime:0.001391s ]
SQL: SHOW COLUMNS FROM `fanwe_news` [ RunTime:0.002595s ]
SQL: SELECT * FROM `fanwe_news` WHERE ( `id` = 3 ) LIMIT 1   [ RunTime:0.001224s ]
INFO: [ view_parse ] --START--
NOTIC: [8] Undefined index: uid /webHome/LFWZ000390/www/zc/Zc/Runtime/Cache/012cdf2fa3ba4152d6d6173485c32ca8.php 第 98 行.
NOTIC: [8] Use of undefined constant id - assumed 'id' /webHome/LFWZ000390/www/zc/Zc/Runtime/Cache/012cdf2fa3ba4152d6d6173485c32ca8.php 第 142 行.
SQL: SELECT * FROM `fanwe_news` WHERE ( `id` < '3' ) LIMIT 1   [ RunTime:0.006094s ]
SQL: SELECT * FROM `fanwe_news` WHERE ( `id` > '3' ) LIMIT 1   [ RunTime:0.006465s ]
INFO: ParseTemplate Behavior ::run [ RunTime:0.047205s ]
INFO: [ view_parse ] --END-- [ RunTime:0.047347s ]
INFO: [ view_filter ] --START--
INFO: ContentReplace Behavior ::run [ RunTime:0.000777s ]
INFO: TokenBuild Behavior ::run [ RunTime:0.000471s ]
INFO: WriteHtmlCache Behavior ::run [ RunTime:0.000324s ]
INFO: ShowRuntime Behavior ::run [ RunTime:0.000883s ]
INFO: [ view_filter ] --END-- [ RunTime:0.002999s ]
INFO: [ view_end ] --START--
INFO: ShowPageTrace Behavior ::run [ RunTime:0.001129s ]
INFO: [ view_end ] --END-- [ RunTime:0.002466s ]

[ 2015-07-18T17:05:54+08:00 ] 66.249.64.74 /zc/
INFO: [ app_begin ] --START--
INFO: ReadHtmlCache Behavior ::run [ RunTime:0.000421s ]
INFO: [ app_begin ] --END-- [ RunTime:0.000618s ]
SQL: SHOW COLUMNS FROM `fanwe_nav` [ RunTime:0.002596s ]
SQL: SELECT * FROM `fanwe_nav` ORDER BY sort  [ RunTime:0.001590s ]
SQL: SHOW COLUMNS FROM `fanwe_deal_cate` [ RunTime:0.002010s ]
SQL: SELECT * FROM `fanwe_deal_cate` ORDER BY id  [ RunTime:0.000753s ]
SQL: SHOW COLUMNS FROM `fanwe_deal_keyword` [ RunTime:0.004485s ]
SQL: SELECT * FROM `fanwe_deal_keyword` LIMIT 1   [ RunTime:0.001745s ]
SQL: SHOW COLUMNS FROM `fanwe_showindex` [ RunTime:0.003377s ]
SQL: SELECT * FROM `fanwe_showindex`  [ RunTime:0.001661s ]
SQL: SHOW COLUMNS FROM `fanwe_deal` [ RunTime:0.003294s ]
SQL: SELECT id,name,image,end_time,limit_price,brief,support_amount,user_name,user_id,province,city,index_img FROM `fanwe_deal` WHERE ( `is_effect` = 1 ) ORDER BY sort desc,id desc LIMIT 0,7   [ RunTime:0.002080s ]
INFO: [ view_parse ] --START--
NOTIC: [8] Undefined index: uid /webHome/LFWZ000390/www/zc/Zc/Runtime/Cache/cc5c2cb31be8fd046a7cb83177e081f6.php 第 70 行.
INFO: ParseTemplate Behavior ::run [ RunTime:0.033840s ]
INFO: [ view_parse ] --END-- [ RunTime:0.033999s ]
INFO: [ view_filter ] --START--
INFO: ContentReplace Behavior ::run [ RunTime:0.000601s ]
INFO: TokenBuild Behavior ::run [ RunTime:0.000505s ]
INFO: WriteHtmlCache Behavior ::run [ RunTime:0.000774s ]
INFO: ShowRuntime Behavior ::run [ RunTime:0.000770s ]
INFO: [ view_filter ] --END-- [ RunTime:0.002936s ]
INFO: [ view_end ] --START--
INFO: ShowPageTrace Behavior ::run [ RunTime:0.000461s ]
INFO: [ view_end ] --END-- [ RunTime:0.000558s ]

[ 2015-07-18T17:10:45+08:00 ] 66.249.64.101 /zc/index.php?m=Deal&a=show&id=69
INFO: [ app_begin ] --START--
INFO: ReadHtmlCache Behavior ::run [ RunTime:0.000426s ]
INFO: [ app_begin ] --END-- [ RunTime:0.000547s ]
NOTIC: [2048] Declaration of DealAction::show() should be compatible with that of Action::show() /webHome/LFWZ000390/www/zc/Zc/Lib/Action/DealAction.class.php 第 13 行.
SQL: SHOW COLUMNS FROM `fanwe_nav` [ RunTime:0.002504s ]
SQL: SELECT * FROM `fanwe_nav` ORDER BY sort  [ RunTime:0.001878s ]
SQL: SHOW COLUMNS FROM `fanwe_deal_cate` [ RunTime:0.002765s ]
SQL: SELECT * FROM `fanwe_deal_cate` ORDER BY id  [ RunTime:0.001474s ]
SQL: SHOW COLUMNS FROM `fanwe_deal_keyword` [ RunTime:0.007937s ]
SQL: SELECT * FROM `fanwe_deal_keyword` LIMIT 1   [ RunTime:0.001069s ]
NOTIC: [8] Undefined index: uid /webHome/LFWZ000390/www/zc/Zc/Lib/Action/DealAction.class.php 第 18 行.

[ 2015-07-18T17:41:57+08:00 ] 101.226.167.206 /zc/index.php?a=html&id=30&m=News
INFO: [ app_begin ] --START--
INFO: ReadHtmlCache Behavior ::run [ RunTime:0.000499s ]
INFO: [ app_begin ] --END-- [ RunTime:0.000629s ]
SQL: SHOW COLUMNS FROM `fanwe_nav` [ RunTime:0.002825s ]
SQL: SELECT * FROM `fanwe_nav` ORDER BY sort  [ RunTime:0.001987s ]
SQL: SHOW COLUMNS FROM `fanwe_deal_cate` [ RunTime:0.003510s ]
SQL: SELECT * FROM `fanwe_deal_cate` ORDER BY id  [ RunTime:0.001820s ]
SQL: SHOW COLUMNS FROM `fanwe_deal_keyword` [ RunTime:0.002698s ]
SQL: SELECT * FROM `fanwe_deal_keyword` LIMIT 1   [ RunTime:0.001861s ]
SQL: SHOW COLUMNS FROM `fanwe_news` [ RunTime:0.001950s ]
SQL: SELECT * FROM `fanwe_news` WHERE ( `id` = 30 ) LIMIT 1   [ RunTime:0.009893s ]
INFO: [ view_parse ] --START--
NOTIC: [8] Undefined index: uid /webHome/LFWZ000390/www/zc/Zc/Runtime/Cache/012cdf2fa3ba4152d6d6173485c32ca8.php 第 98 行.
NOTIC: [8] Use of undefined constant id - assumed 'id' /webHome/LFWZ000390/www/zc/Zc/Runtime/Cache/012cdf2fa3ba4152d6d6173485c32ca8.php 第 142 行.
SQL: SELECT * FROM `fanwe_news` WHERE ( `id` < null ) LIMIT 1   [ RunTime:0.001557s ]
SQL: SELECT * FROM `fanwe_news` WHERE ( `id` > null ) LIMIT 1   [ RunTime:0.002028s ]
INFO: ParseTemplate Behavior ::run [ RunTime:0.031549s ]
INFO: [ view_parse ] --END-- [ RunTime:0.031665s ]
INFO: [ view_filter ] --START--
INFO: ContentReplace Behavior ::run [ RunTime:0.000611s ]
INFO: TokenBuild Behavior ::run [ RunTime:0.000416s ]
INFO: WriteHtmlCache Behavior ::run [ RunTime:0.000367s ]
INFO: ShowRuntime Behavior ::run [ RunTime:0.000444s ]
INFO: [ view_filter ] --END-- [ RunTime:0.002129s ]
INFO: [ view_end ] --START--
INFO: ShowPageTrace Behavior ::run [ RunTime:0.000572s ]
INFO: [ view_end ] --END-- [ RunTime:0.000669s ]

[ 2015-07-18T18:55:00+08:00 ] 223.104.13.181 /zc/
INFO: [ app_begin ] --START--
INFO: ReadHtmlCache Behavior ::run [ RunTime:0.000438s ]
INFO: [ app_begin ] --END-- [ RunTime:0.000576s ]

[ 2015-07-18T18:56:58+08:00 ] 66.249.64.74 /zc/
INFO: [ app_begin ] --START--
INFO: ReadHtmlCache Behavior ::run [ RunTime:0.000503s ]
INFO: [ app_begin ] --END-- [ RunTime:0.000652s ]
SQL: SHOW COLUMNS FROM `fanwe_nav` [ RunTime:0.002488s ]
SQL: SELECT * FROM `fanwe_nav` ORDER BY sort  [ RunTime:0.001171s ]
SQL: SHOW COLUMNS FROM `fanwe_deal_cate` [ RunTime:0.002176s ]
SQL: SELECT * FROM `fanwe_deal_cate` ORDER BY id  [ RunTime:0.001510s ]
SQL: SHOW COLUMNS FROM `fanwe_deal_keyword` [ RunTime:0.002375s ]
SQL: SELECT * FROM `fanwe_deal_keyword` LIMIT 1   [ RunTime:0.001846s ]
SQL: SHOW COLUMNS FROM `fanwe_showindex` [ RunTime:0.003468s ]
SQL: SELECT * FROM `fanwe_showindex`  [ RunTime:0.004648s ]
SQL: SHOW COLUMNS FROM `fanwe_deal` [ RunTime:0.003648s ]
SQL: SELECT id,name,image,end_time,limit_price,brief,support_amount,user_name,user_id,province,city,index_img FROM `fanwe_deal` WHERE ( `is_effect` = 1 ) ORDER BY sort desc,id desc LIMIT 0,7   [ RunTime:0.001801s ]
INFO: [ view_parse ] --START--
NOTIC: [8] Undefined index: uid /webHome/LFWZ000390/www/zc/Zc/Runtime/Cache/cc5c2cb31be8fd046a7cb83177e081f6.php 第 70 行.
INFO: ParseTemplate Behavior ::run [ RunTime:0.030080s ]
INFO: [ view_parse ] --END-- [ RunTime:0.032899s ]
INFO: [ view_filter ] --START--
INFO: ContentReplace Behavior ::run [ RunTime:0.000530s ]
INFO: TokenBuild Behavior ::run [ RunTime:0.000394s ]
INFO: WriteHtmlCache Behavior ::run [ RunTime:0.000345s ]
INFO: ShowRuntime Behavior ::run [ RunTime:0.006982s ]
INFO: [ view_filter ] --END-- [ RunTime:0.008525s ]
INFO: [ view_end ] --START--
INFO: ShowPageTrace Behavior ::run [ RunTime:0.000467s ]
INFO: [ view_end ] --END-- [ RunTime:0.000722s ]

[ 2015-07-18T19:53:55+08:00 ] 42.156.136.112 /zc/index.php?a=html&id=1&m=News
INFO: [ app_begin ] --START--
INFO: ReadHtmlCache Behavior ::run [ RunTime:0.000508s ]
INFO: [ app_begin ] --END-- [ RunTime:0.000642s ]
SQL: SHOW COLUMNS FROM `fanwe_nav` [ RunTime:0.003098s ]
SQL: SELECT * FROM `fanwe_nav` ORDER BY sort  [ RunTime:0.001749s ]
SQL: SHOW COLUMNS FROM `fanwe_deal_cate` [ RunTime:0.005279s ]
SQL: SELECT * FROM `fanwe_deal_cate` ORDER BY id  [ RunTime:0.007476s ]
SQL: SHOW COLUMNS FROM `fanwe_deal_keyword` [ RunTime:0.008860s ]
SQL: SELECT * FROM `fanwe_deal_keyword` LIMIT 1   [ RunTime:0.002201s ]
SQL: SHOW COLUMNS FROM `fanwe_news` [ RunTime:0.004352s ]
SQL: SELECT * FROM `fanwe_news` WHERE ( `id` = 1 ) LIMIT 1   [ RunTime:0.001158s ]
INFO: [ view_parse ] --START--
NOTIC: [8] Undefined index: uid /webHome/LFWZ000390/www/zc/Zc/Runtime/Cache/012cdf2fa3ba4152d6d6173485c32ca8.php 第 98 行.
NOTIC: [8] Use of undefined constant id - assumed 'id' /webHome/LFWZ000390/www/zc/Zc/Runtime/Cache/012cdf2fa3ba4152d6d6173485c32ca8.php 第 142 行.
SQL: SELECT * FROM `fanwe_news` WHERE ( `id` < '1' ) LIMIT 1   [ RunTime:0.001688s ]
SQL: SELECT * FROM `fanwe_news` WHERE ( `id` > '1' ) LIMIT 1   [ RunTime:0.006269s ]
INFO: ParseTemplate Behavior ::run [ RunTime:0.028049s ]
INFO: [ view_parse ] --END-- [ RunTime:0.028173s ]
INFO: [ view_filter ] --START--
INFO: ContentReplace Behavior ::run [ RunTime:0.000908s ]
INFO: TokenBuild Behavior ::run [ RunTime:0.000539s ]
INFO: WriteHtmlCache Behavior ::run [ RunTime:0.003456s ]
INFO: ShowRuntime Behavior ::run [ RunTime:0.001629s ]
INFO: [ view_filter ] --END-- [ RunTime:0.014879s ]
INFO: [ view_end ] --START--
INFO: ShowPageTrace Behavior ::run [ RunTime:0.000427s ]
INFO: [ view_end ] --END-- [ RunTime:0.000562s ]

[ 2015-07-18T19:54:04+08:00 ] 42.120.160.112 /zc/index.php?a=html&m=news
INFO: [ app_begin ] --START--
INFO: ReadHtmlCache Behavior ::run [ RunTime:0.002256s ]
INFO: [ app_begin ] --END-- [ RunTime:0.002391s ]
ERR: 无法加载模块:news

[ 2015-07-18T19:55:15+08:00 ] 42.156.139.112 /zc/index.php?a=html&id=28&m=news
INFO: [ app_begin ] --START--
INFO: ReadHtmlCache Behavior ::run [ RunTime:0.000397s ]
INFO: [ app_begin ] --END-- [ RunTime:0.000518s ]
ERR: 无法加载模块:news

[ 2015-07-18T19:55:41+08:00 ] 42.120.160.112 /zc/index.php?a=html&id=5&m=News
INFO: [ app_begin ] --START--
INFO: ReadHtmlCache Behavior ::run [ RunTime:0.000447s ]
INFO: [ app_begin ] --END-- [ RunTime:0.000576s ]
SQL: SHOW COLUMNS FROM `fanwe_nav` [ RunTime:0.002981s ]
SQL: SELECT * FROM `fanwe_nav` ORDER BY sort  [ RunTime:0.001755s ]
SQL: SHOW COLUMNS FROM `fanwe_deal_cate` [ RunTime:0.004551s ]
SQL: SELECT * FROM `fanwe_deal_cate` ORDER BY id  [ RunTime:0.001511s ]
SQL: SHOW COLUMNS FROM `fanwe_deal_keyword` [ RunTime:0.006688s ]
SQL: SELECT * FROM `fanwe_deal_keyword` LIMIT 1   [ RunTime:0.001922s ]
SQL: SHOW COLUMNS FROM `fanwe_news` [ RunTime:0.002415s ]
SQL: SELECT * FROM `fanwe_news` WHERE ( `id` = 5 ) LIMIT 1   [ RunTime:0.001884s ]
INFO: [ view_parse ] --START--
NOTIC: [8] Undefined index: uid /webHome/LFWZ000390/www/zc/Zc/Runtime/Cache/012cdf2fa3ba4152d6d6173485c32ca8.php 第 98 行.
NOTIC: [8] Use of undefined constant id - assumed 'id' /webHome/LFWZ000390/www/zc/Zc/Runtime/Cache/012cdf2fa3ba4152d6d6173485c32ca8.php 第 142 行.
SQL: SELECT * FROM `fanwe_news` WHERE ( `id` < '5' ) LIMIT 1   [ RunTime:0.001524s ]
SQL: SELECT * FROM `fanwe_news` WHERE ( `id` > '5' ) LIMIT 1   [ RunTime:0.012912s ]
INFO: ParseTemplate Behavior ::run [ RunTime:0.036421s ]
INFO: [ view_parse ] --END-- [ RunTime:0.036579s ]
INFO: [ view_filter ] --START--
INFO: ContentReplace Behavior ::run [ RunTime:0.000771s ]
INFO: TokenBuild Behavior ::run [ RunTime:0.000417s ]
INFO: WriteHtmlCache Behavior ::run [ RunTime:0.000346s ]
INFO: ShowRuntime Behavior ::run [ RunTime:0.000466s ]
INFO: [ view_filter ] --END-- [ RunTime:0.002380s ]
INFO: [ view_end ] --START--
INFO: ShowPageTrace Behavior ::run [ RunTime:0.000695s ]
INFO: [ view_end ] --END-- [ RunTime:0.000789s ]

[ 2015-07-18T19:56:06+08:00 ] 42.156.137.112 /zc/index.php?a=index&m=Deals&tid=14
INFO: [ app_begin ] --START--
INFO: ReadHtmlCache Behavior ::run [ RunTime:0.003384s ]
INFO: [ app_begin ] --END-- [ RunTime:0.003705s ]
SQL: SHOW COLUMNS FROM `fanwe_nav` [ RunTime:0.003772s ]
SQL: SELECT * FROM `fanwe_nav` ORDER BY sort  [ RunTime:0.002464s ]
SQL: SHOW COLUMNS FROM `fanwe_deal_cate` [ RunTime:0.001677s ]
SQL: SELECT * FROM `fanwe_deal_cate` ORDER BY id  [ RunTime:0.003474s ]
SQL: SHOW COLUMNS FROM `fanwe_deal_keyword` [ RunTime:0.003561s ]
SQL: SELECT * FROM `fanwe_deal_keyword` LIMIT 1   [ RunTime:0.004583s ]
NOTIC: [8] Undefined index: uid /webHome/LFWZ000390/www/zc/Zc/Lib/Action/DealsAction.class.php 第 18 行.

[ 2015-07-18T19:56:08+08:00 ] 42.156.137.112 /zc/index.php?m=User&a=login
INFO: [ app_begin ] --START--
INFO: ReadHtmlCache Behavior ::run [ RunTime:0.000262s ]
INFO: [ app_begin ] --END-- [ RunTime:0.000467s ]
SQL: SHOW COLUMNS FROM `fanwe_nav` [ RunTime:0.003056s ]
SQL: SELECT * FROM `fanwe_nav` ORDER BY sort  [ RunTime:0.002715s ]
SQL: SHOW COLUMNS FROM `fanwe_deal_cate` [ RunTime:0.006728s ]
SQL: SELECT * FROM `fanwe_deal_cate` ORDER BY id  [ RunTime:0.006484s ]
SQL: SHOW COLUMNS FROM `fanwe_deal_keyword` [ RunTime:0.011420s ]
SQL: SELECT * FROM `fanwe_deal_keyword` LIMIT 1   [ RunTime:0.001983s ]
INFO: [ view_parse ] --START--
NOTIC: [8] Undefined index: uid /webHome/LFWZ000390/www/zc/Zc/Runtime/Cache/42b90be8e9c40e58e803cfb6a2f683e9.php 第 76 行.
INFO: ParseTemplate Behavior ::run [ RunTime:0.023841s ]
INFO: [ view_parse ] --END-- [ RunTime:0.024001s ]
INFO: [ view_filter ] --START--
INFO: ContentReplace Behavior ::run [ RunTime:0.025035s ]
INFO: TokenBuild Behavior ::run [ RunTime:0.000729s ]
INFO: WriteHtmlCache Behavior ::run [ RunTime:0.000382s ]
INFO: ShowRuntime Behavior ::run [ RunTime:0.000448s ]
INFO: [ view_filter ] --END-- [ RunTime:0.026984s ]
INFO: [ view_end ] --START--
INFO: ShowPageTrace Behavior ::run [ RunTime:0.000444s ]
INFO: [ view_end ] --END-- [ RunTime:0.000534s ]

[ 2015-07-18T20:12:33+08:00 ] 66.249.75.218 /zc/index.php?m=News&a=html&id=30
INFO: [ app_begin ] --START--
INFO: ReadHtmlCache Behavior ::run [ RunTime:0.000435s ]
INFO: [ app_begin ] --END-- [ RunTime:0.000563s ]
SQL: SHOW COLUMNS FROM `fanwe_nav` [ RunTime:0.002494s ]
SQL: SELECT * FROM `fanwe_nav` ORDER BY sort  [ RunTime:0.007775s ]
SQL: SHOW COLUMNS FROM `fanwe_deal_cate` [ RunTime:0.001924s ]
SQL: SELECT * FROM `fanwe_deal_cate` ORDER BY id  [ RunTime:0.001050s ]
SQL: SHOW COLUMNS FROM `fanwe_deal_keyword` [ RunTime:0.002782s ]
SQL: SELECT * FROM `fanwe_deal_keyword` LIMIT 1   [ RunTime:0.001355s ]
SQL: SHOW COLUMNS FROM `fanwe_news` [ RunTime:0.003173s ]
SQL: SELECT * FROM `fanwe_news` WHERE ( `id` = 30 ) LIMIT 1   [ RunTime:0.003517s ]
INFO: [ view_parse ] --START--
NOTIC: [8] Undefined index: uid /webHome/LFWZ000390/www/zc/Zc/Runtime/Cache/012cdf2fa3ba4152d6d6173485c32ca8.php 第 98 行.
NOTIC: [8] Use of undefined constant id - assumed 'id' /webHome/LFWZ000390/www/zc/Zc/Runtime/Cache/012cdf2fa3ba4152d6d6173485c32ca8.php 第 142 行.
SQL: SELECT * FROM `fanwe_news` WHERE ( `id` < null ) LIMIT 1   [ RunTime:0.014074s ]
SQL: SELECT * FROM `fanwe_news` WHERE ( `id` > null ) LIMIT 1   [ RunTime:0.004257s ]
INFO: ParseTemplate Behavior ::run [ RunTime:0.060466s ]
INFO: [ view_parse ] --END-- [ RunTime:0.060602s ]
INFO: [ view_filter ] --START--
INFO: ContentReplace Behavior ::run [ RunTime:0.000636s ]
INFO: TokenBuild Behavior ::run [ RunTime:0.000440s ]
INFO: WriteHtmlCache Behavior ::run [ RunTime:0.000436s ]
INFO: ShowRuntime Behavior ::run [ RunTime:0.000535s ]
INFO: [ view_filter ] --END-- [ RunTime:0.002332s ]
INFO: [ view_end ] --START--
INFO: ShowPageTrace Behavior ::run [ RunTime:0.000470s ]
INFO: [ view_end ] --END-- [ RunTime:0.000567s ]

[ 2015-07-18T20:18:57+08:00 ] 66.249.75.218 /zc/index.php?m=News&a=html&
INFO: [ app_begin ] --START--
INFO: ReadHtmlCache Behavior ::run [ RunTime:0.000545s ]
INFO: [ app_begin ] --END-- [ RunTime:0.000715s ]
SQL: SHOW COLUMNS FROM `fanwe_nav` [ RunTime:0.019536s ]
SQL: SELECT * FROM `fanwe_nav` ORDER BY sort  [ RunTime:0.006985s ]
SQL: SHOW COLUMNS FROM `fanwe_deal_cate` [ RunTime:0.002359s ]
SQL: SELECT * FROM `fanwe_deal_cate` ORDER BY id  [ RunTime:0.012238s ]
SQL: SHOW COLUMNS FROM `fanwe_deal_keyword` [ RunTime:0.007355s ]
SQL: SELECT * FROM `fanwe_deal_keyword` LIMIT 1   [ RunTime:0.033766s ]
NOTIC: [8] Undefined index: id /webHome/LFWZ000390/www/zc/Zc/Lib/Action/NewsAction.class.php 第 28 行.
SQL: SHOW COLUMNS FROM `fanwe_news` [ RunTime:0.004538s ]
SQL: SELECT * FROM `fanwe_news` WHERE ( `id` = null ) LIMIT 1   [ RunTime:0.008678s ]
INFO: [ view_parse ] --START--
NOTIC: [8] Undefined index: uid /webHome/LFWZ000390/www/zc/Zc/Runtime/Cache/012cdf2fa3ba4152d6d6173485c32ca8.php 第 98 行.
NOTIC: [8] Use of undefined constant id - assumed 'id' /webHome/LFWZ000390/www/zc/Zc/Runtime/Cache/012cdf2fa3ba4152d6d6173485c32ca8.php 第 142 行.
SQL: SELECT * FROM `fanwe_news` WHERE ( `id` < null ) LIMIT 1   [ RunTime:0.015171s ]
SQL: SELECT * FROM `fanwe_news` WHERE ( `id` > null ) LIMIT 1   [ RunTime:0.010954s ]
INFO: ParseTemplate Behavior ::run [ RunTime:0.058373s ]
INFO: [ view_parse ] --END-- [ RunTime:0.059114s ]
INFO: [ view_filter ] --START--
INFO: ContentReplace Behavior ::run [ RunTime:0.000646s ]
INFO: TokenBuild Behavior ::run [ RunTime:0.000540s ]
INFO: WriteHtmlCache Behavior ::run [ RunTime:0.000395s ]
INFO: ShowRuntime Behavior ::run [ RunTime:0.000462s ]
INFO: [ view_filter ] --END-- [ RunTime:0.002437s ]
INFO: [ view_end ] --START--
INFO: ShowPageTrace Behavior ::run [ RunTime:0.000536s ]
INFO: [ view_end ] --END-- [ RunTime:0.000625s ]

[ 2015-07-18T20:19:14+08:00 ] 1.26.59.194 /zc/
INFO: [ app_begin ] --START--
INFO: ReadHtmlCache Behavior ::run [ RunTime:0.000429s ]
INFO: [ app_begin ] --END-- [ RunTime:0.000978s ]

[ 2015-07-18T20:20:18+08:00 ] 119.80.139.39 /zc/
INFO: [ app_begin ] --START--
INFO: ReadHtmlCache Behavior ::run [ RunTime:0.000555s ]
INFO: [ app_begin ] --END-- [ RunTime:0.000877s ]

[ 2015-07-18T21:09:34+08:00 ] 113.87.177.94 /zc/
INFO: [ app_begin ] --START--
INFO: ReadHtmlCache Behavior ::run [ RunTime:0.001588s ]
INFO: [ app_begin ] --END-- [ RunTime:0.001969s ]

[ 2015-07-18T21:32:32+08:00 ] 66.249.75.202 /zc/
INFO: [ app_begin ] --START--
INFO: ReadHtmlCache Behavior ::run [ RunTime:0.000490s ]
INFO: [ app_begin ] --END-- [ RunTime:0.000645s ]
SQL: SHOW COLUMNS FROM `fanwe_nav` [ RunTime:0.003410s ]
SQL: SELECT * FROM `fanwe_nav` ORDER BY sort  [ RunTime:0.002095s ]
SQL: SHOW COLUMNS FROM `fanwe_deal_cate` [ RunTime:0.002550s ]
SQL: SELECT * FROM `fanwe_deal_cate` ORDER BY id  [ RunTime:0.001767s ]
SQL: SHOW COLUMNS FROM `fanwe_deal_keyword` [ RunTime:0.002153s ]
SQL: SELECT * FROM `fanwe_deal_keyword` LIMIT 1   [ RunTime:0.002089s ]
SQL: SHOW COLUMNS FROM `fanwe_showindex` [ RunTime:0.004269s ]
SQL: SELECT * FROM `fanwe_showindex`  [ RunTime:0.002465s ]
SQL: SHOW COLUMNS FROM `fanwe_deal` [ RunTime:0.009704s ]
SQL: SELECT id,name,image,end_time,limit_price,brief,support_amount,user_name,user_id,province,city,index_img FROM `fanwe_deal` WHERE ( `is_effect` = 1 ) ORDER BY sort desc,id desc LIMIT 0,7   [ RunTime:0.002283s ]
INFO: [ view_parse ] --START--
NOTIC: [8] Undefined index: uid /webHome/LFWZ000390/www/zc/Zc/Runtime/Cache/cc5c2cb31be8fd046a7cb83177e081f6.php 第 70 行.
INFO: ParseTemplate Behavior ::run [ RunTime:0.027807s ]
INFO: [ view_parse ] --END-- [ RunTime:0.027965s ]
INFO: [ view_filter ] --START--
INFO: ContentReplace Behavior ::run [ RunTime:0.000658s ]
INFO: TokenBuild Behavior ::run [ RunTime:0.002194s ]
INFO: WriteHtmlCache Behavior ::run [ RunTime:0.002357s ]
INFO: ShowRuntime Behavior ::run [ RunTime:0.006755s ]
INFO: [ view_filter ] --END-- [ RunTime:0.012685s ]
INFO: [ view_end ] --START--
INFO: ShowPageTrace Behavior ::run [ RunTime:0.000477s ]
INFO: [ view_end ] --END-- [ RunTime:0.000568s ]

[ 2015-07-18T21:55:47+08:00 ] 27.128.43.49 /zc/
INFO: [ app_begin ] --START--
INFO: ReadHtmlCache Behavior ::run [ RunTime:0.000508s ]
INFO: [ app_begin ] --END-- [ RunTime:0.000647s ]

[ 2015-07-18T21:56:58+08:00 ] 27.128.42.13 /zc/
INFO: [ app_begin ] --START--
INFO: ReadHtmlCache Behavior ::run [ RunTime:0.000449s ]
INFO: [ app_begin ] --END-- [ RunTime:0.000573s ]

[ 2015-07-18T22:09:29+08:00 ] 27.128.43.189 /zc/
INFO: [ app_begin ] --START--
INFO: ReadHtmlCache Behavior ::run [ RunTime:0.000438s ]
INFO: [ app_begin ] --END-- [ RunTime:0.000637s ]

[ 2015-07-18T22:38:48+08:00 ] 119.80.139.39 /zc/
INFO: [ app_begin ] --START--
INFO: ReadHtmlCache Behavior ::run [ RunTime:0.000390s ]
INFO: [ app_begin ] --END-- [ RunTime:0.000514s ]

[ 2015-07-18T23:04:07+08:00 ] 106.118.79.179 /zc/
INFO: [ app_begin ] --START--
INFO: ReadHtmlCache Behavior ::run [ RunTime:0.000452s ]
INFO: [ app_begin ] --END-- [ RunTime:0.000579s ]

