[ 2015-06-20T02:47:14+08:00 ] 66.249.65.179 /zc/index.php?m=User&a=login
INFO: [ app_begin ] --START--
INFO: ReadHtmlCache Behavior ::run [ RunTime:0.000450s ]
INFO: [ app_begin ] --END-- [ RunTime:0.000584s ]

[ 2015-06-20T07:04:32+08:00 ] 66.249.65.165 /zc/index.php?m=News&a=index
INFO: [ app_begin ] --START--
INFO: ReadHtmlCache Behavior ::run [ RunTime:0.001760s ]
INFO: [ app_begin ] --END-- [ RunTime:0.001914s ]

[ 2015-06-20T13:42:36+08:00 ] 66.249.65.179 /zc/
INFO: [ app_begin ] --START--
INFO: ReadHtmlCache Behavior ::run [ RunTime:0.000510s ]
INFO: [ app_begin ] --END-- [ RunTime:0.000649s ]
SQL: SHOW COLUMNS FROM `fanwe_nav` [ RunTime:0.003031s ]
SQL: SELECT * FROM `fanwe_nav` ORDER BY sort  [ RunTime:0.001227s ]
SQL: SHOW COLUMNS FROM `fanwe_deal_cate` [ RunTime:0.002957s ]
SQL: SELECT * FROM `fanwe_deal_cate` ORDER BY id  [ RunTime:0.001861s ]
SQL: SHOW COLUMNS FROM `fanwe_showindex` [ RunTime:0.003349s ]
SQL: SELECT * FROM `fanwe_showindex`  [ RunTime:0.001542s ]
SQL: SHOW COLUMNS FROM `fanwe_deal` [ RunTime:0.003540s ]
SQL: SELECT id,name,image,end_time,limit_price,brief,support_amount,user_name,user_id,province,city,index_img FROM `fanwe_deal` WHERE ( `is_effect` = 1 ) ORDER BY sort desc,id desc LIMIT 0,7   [ RunTime:0.001836s ]
INFO: [ view_parse ] --START--
NOTIC: [8] Undefined index: uid /webHome/LFWZ000390/www/zc/Zc/Runtime/Cache/cc5c2cb31be8fd046a7cb83177e081f6.php 第 67 行.
INFO: ParseTemplate Behavior ::run [ RunTime:0.059824s ]
INFO: [ view_parse ] --END-- [ RunTime:0.060001s ]
INFO: [ view_filter ] --START--
INFO: ContentReplace Behavior ::run [ RunTime:0.005553s ]
INFO: TokenBuild Behavior ::run [ RunTime:0.000450s ]
INFO: WriteHtmlCache Behavior ::run [ RunTime:0.000503s ]
INFO: ShowRuntime Behavior ::run [ RunTime:0.000651s ]
INFO: [ view_filter ] --END-- [ RunTime:0.007586s ]
INFO: [ view_end ] --START--
INFO: ShowPageTrace Behavior ::run [ RunTime:0.000541s ]
INFO: [ view_end ] --END-- [ RunTime:0.000635s ]

[ 2015-06-20T14:03:50+08:00 ] 66.249.65.165 /zc/
INFO: [ app_begin ] --START--
INFO: ReadHtmlCache Behavior ::run [ RunTime:0.000463s ]
INFO: [ app_begin ] --END-- [ RunTime:0.000599s ]
SQL: SHOW COLUMNS FROM `fanwe_nav` [ RunTime:0.003779s ]
SQL: SELECT * FROM `fanwe_nav` ORDER BY sort  [ RunTime:0.002876s ]
SQL: SHOW COLUMNS FROM `fanwe_deal_cate` [ RunTime:0.003418s ]
SQL: SELECT * FROM `fanwe_deal_cate` ORDER BY id  [ RunTime:0.002555s ]
SQL: SHOW COLUMNS FROM `fanwe_showindex` [ RunTime:0.003715s ]
SQL: SELECT * FROM `fanwe_showindex`  [ RunTime:0.008565s ]
SQL: SHOW COLUMNS FROM `fanwe_deal` [ RunTime:0.008573s ]
SQL: SELECT id,name,image,end_time,limit_price,brief,support_amount,user_name,user_id,province,city,index_img FROM `fanwe_deal` WHERE ( `is_effect` = 1 ) ORDER BY sort desc,id desc LIMIT 0,7   [ RunTime:0.004076s ]
INFO: [ view_parse ] --START--
NOTIC: [8] Undefined index: uid /webHome/LFWZ000390/www/zc/Zc/Runtime/Cache/cc5c2cb31be8fd046a7cb83177e081f6.php 第 67 行.
INFO: ParseTemplate Behavior ::run [ RunTime:0.054523s ]
INFO: [ view_parse ] --END-- [ RunTime:0.054650s ]
INFO: [ view_filter ] --START--
INFO: ContentReplace Behavior ::run [ RunTime:0.000588s ]
INFO: TokenBuild Behavior ::run [ RunTime:0.000493s ]
INFO: WriteHtmlCache Behavior ::run [ RunTime:0.000339s ]
INFO: ShowRuntime Behavior ::run [ RunTime:0.000531s ]
INFO: [ view_filter ] --END-- [ RunTime:0.002286s ]
INFO: [ view_end ] --START--
INFO: ShowPageTrace Behavior ::run [ RunTime:0.000407s ]
INFO: [ view_end ] --END-- [ RunTime:0.000501s ]

[ 2015-06-20T14:07:19+08:00 ] 66.249.65.172 /zc/index.php?m=Index&a=index
INFO: [ app_begin ] --START--
INFO: ReadHtmlCache Behavior ::run [ RunTime:0.000415s ]
INFO: [ app_begin ] --END-- [ RunTime:0.000571s ]
SQL: SHOW COLUMNS FROM `fanwe_nav` [ RunTime:0.002904s ]
SQL: SELECT * FROM `fanwe_nav` ORDER BY sort  [ RunTime:0.001031s ]
SQL: SHOW COLUMNS FROM `fanwe_deal_cate` [ RunTime:0.001675s ]
SQL: SELECT * FROM `fanwe_deal_cate` ORDER BY id  [ RunTime:0.001308s ]
SQL: SHOW COLUMNS FROM `fanwe_showindex` [ RunTime:0.002616s ]
SQL: SELECT * FROM `fanwe_showindex`  [ RunTime:0.002459s ]
SQL: SHOW COLUMNS FROM `fanwe_deal` [ RunTime:0.008568s ]
SQL: SELECT id,name,image,end_time,limit_price,brief,support_amount,user_name,user_id,province,city,index_img FROM `fanwe_deal` WHERE ( `is_effect` = 1 ) ORDER BY sort desc,id desc LIMIT 0,7   [ RunTime:0.001797s ]
INFO: [ view_parse ] --START--
NOTIC: [8] Undefined index: uid /webHome/LFWZ000390/www/zc/Zc/Runtime/Cache/cc5c2cb31be8fd046a7cb83177e081f6.php 第 67 行.
INFO: ParseTemplate Behavior ::run [ RunTime:0.027290s ]
INFO: [ view_parse ] --END-- [ RunTime:0.027442s ]
INFO: [ view_filter ] --START--
INFO: ContentReplace Behavior ::run [ RunTime:0.000634s ]
INFO: TokenBuild Behavior ::run [ RunTime:0.000497s ]
INFO: WriteHtmlCache Behavior ::run [ RunTime:0.000394s ]
INFO: ShowRuntime Behavior ::run [ RunTime:0.000527s ]
INFO: [ view_filter ] --END-- [ RunTime:0.002340s ]
INFO: [ view_end ] --START--
INFO: ShowPageTrace Behavior ::run [ RunTime:0.000448s ]
INFO: [ view_end ] --END-- [ RunTime:0.000554s ]

[ 2015-06-20T15:20:52+08:00 ] 66.249.65.172 /zc/
INFO: [ app_begin ] --START--
INFO: ReadHtmlCache Behavior ::run [ RunTime:0.000426s ]
INFO: [ app_begin ] --END-- [ RunTime:0.000559s ]
SQL: SHOW COLUMNS FROM `fanwe_nav` [ RunTime:0.002988s ]
SQL: SELECT * FROM `fanwe_nav` ORDER BY sort  [ RunTime:0.001492s ]
SQL: SHOW COLUMNS FROM `fanwe_deal_cate` [ RunTime:0.004808s ]
SQL: SELECT * FROM `fanwe_deal_cate` ORDER BY id  [ RunTime:0.003728s ]
SQL: SHOW COLUMNS FROM `fanwe_showindex` [ RunTime:0.009955s ]
SQL: SELECT * FROM `fanwe_showindex`  [ RunTime:0.002522s ]
SQL: SHOW COLUMNS FROM `fanwe_deal` [ RunTime:0.010845s ]
SQL: SELECT id,name,image,end_time,limit_price,brief,support_amount,user_name,user_id,province,city,index_img FROM `fanwe_deal` WHERE ( `is_effect` = 1 ) ORDER BY sort desc,id desc LIMIT 0,7   [ RunTime:0.002982s ]
INFO: [ view_parse ] --START--
NOTIC: [8] Undefined index: uid /webHome/LFWZ000390/www/zc/Zc/Runtime/Cache/cc5c2cb31be8fd046a7cb83177e081f6.php 第 67 行.
INFO: ParseTemplate Behavior ::run [ RunTime:0.025226s ]
INFO: [ view_parse ] --END-- [ RunTime:0.025406s ]
INFO: [ view_filter ] --START--
INFO: ContentReplace Behavior ::run [ RunTime:0.000664s ]
INFO: TokenBuild Behavior ::run [ RunTime:0.000475s ]
INFO: WriteHtmlCache Behavior ::run [ RunTime:0.000351s ]
INFO: ShowRuntime Behavior ::run [ RunTime:0.000440s ]
INFO: [ view_filter ] --END-- [ RunTime:0.002289s ]
INFO: [ view_end ] --START--
INFO: ShowPageTrace Behavior ::run [ RunTime:0.001442s ]
INFO: [ view_end ] --END-- [ RunTime:0.003469s ]

[ 2015-06-20T16:56:15+08:00 ] 66.249.65.179 /zc/
INFO: [ app_begin ] --START--
INFO: ReadHtmlCache Behavior ::run [ RunTime:0.000455s ]
INFO: [ app_begin ] --END-- [ RunTime:0.000610s ]
SQL: SHOW COLUMNS FROM `fanwe_nav` [ RunTime:0.003249s ]
SQL: SELECT * FROM `fanwe_nav` ORDER BY sort  [ RunTime:0.002367s ]
SQL: SHOW COLUMNS FROM `fanwe_deal_cate` [ RunTime:0.002573s ]
SQL: SELECT * FROM `fanwe_deal_cate` ORDER BY id  [ RunTime:0.003149s ]
SQL: SHOW COLUMNS FROM `fanwe_showindex` [ RunTime:0.003098s ]
SQL: SELECT * FROM `fanwe_showindex`  [ RunTime:0.001613s ]
SQL: SHOW COLUMNS FROM `fanwe_deal` [ RunTime:0.003246s ]
SQL: SELECT id,name,image,end_time,limit_price,brief,support_amount,user_name,user_id,province,city,index_img FROM `fanwe_deal` WHERE ( `is_effect` = 1 ) ORDER BY sort desc,id desc LIMIT 0,7   [ RunTime:0.001409s ]
INFO: [ view_parse ] --START--
NOTIC: [8] Undefined index: uid /webHome/LFWZ000390/www/zc/Zc/Runtime/Cache/cc5c2cb31be8fd046a7cb83177e081f6.php 第 67 行.
INFO: ParseTemplate Behavior ::run [ RunTime:0.040361s ]
INFO: [ view_parse ] --END-- [ RunTime:0.040517s ]
INFO: [ view_filter ] --START--
INFO: ContentReplace Behavior ::run [ RunTime:0.000714s ]
INFO: TokenBuild Behavior ::run [ RunTime:0.000488s ]
INFO: WriteHtmlCache Behavior ::run [ RunTime:0.000379s ]
INFO: ShowRuntime Behavior ::run [ RunTime:0.000522s ]
INFO: [ view_filter ] --END-- [ RunTime:0.002385s ]
INFO: [ view_end ] --START--
INFO: ShowPageTrace Behavior ::run [ RunTime:0.000359s ]
INFO: [ view_end ] --END-- [ RunTime:0.000477s ]

[ 2015-06-20T17:23:17+08:00 ] 66.249.65.165 /zc/index.php?m=Index&a=index
INFO: [ app_begin ] --START--
INFO: ReadHtmlCache Behavior ::run [ RunTime:0.000526s ]
INFO: [ app_begin ] --END-- [ RunTime:0.000659s ]
SQL: SHOW COLUMNS FROM `fanwe_nav` [ RunTime:0.004266s ]
SQL: SELECT * FROM `fanwe_nav` ORDER BY sort  [ RunTime:0.002859s ]
SQL: SHOW COLUMNS FROM `fanwe_deal_cate` [ RunTime:0.002075s ]
SQL: SELECT * FROM `fanwe_deal_cate` ORDER BY id  [ RunTime:0.001394s ]
SQL: SHOW COLUMNS FROM `fanwe_showindex` [ RunTime:0.002430s ]
SQL: SELECT * FROM `fanwe_showindex`  [ RunTime:0.001314s ]
SQL: SHOW COLUMNS FROM `fanwe_deal` [ RunTime:0.003479s ]
SQL: SELECT id,name,image,end_time,limit_price,brief,support_amount,user_name,user_id,province,city,index_img FROM `fanwe_deal` WHERE ( `is_effect` = 1 ) ORDER BY sort desc,id desc LIMIT 0,7   [ RunTime:0.003115s ]
INFO: [ view_parse ] --START--
NOTIC: [8] Undefined index: uid /webHome/LFWZ000390/www/zc/Zc/Runtime/Cache/cc5c2cb31be8fd046a7cb83177e081f6.php 第 67 行.
INFO: ParseTemplate Behavior ::run [ RunTime:0.021388s ]
INFO: [ view_parse ] --END-- [ RunTime:0.021518s ]
INFO: [ view_filter ] --START--
INFO: ContentReplace Behavior ::run [ RunTime:0.001480s ]
INFO: TokenBuild Behavior ::run [ RunTime:0.000392s ]
INFO: WriteHtmlCache Behavior ::run [ RunTime:0.009130s ]
INFO: ShowRuntime Behavior ::run [ RunTime:0.000549s ]
INFO: [ view_filter ] --END-- [ RunTime:0.011902s ]
INFO: [ view_end ] --START--
INFO: ShowPageTrace Behavior ::run [ RunTime:0.000422s ]
INFO: [ view_end ] --END-- [ RunTime:0.000519s ]

[ 2015-06-20T19:14:56+08:00 ] 66.249.65.165 /zc/
INFO: [ app_begin ] --START--
INFO: ReadHtmlCache Behavior ::run [ RunTime:0.000518s ]
INFO: [ app_begin ] --END-- [ RunTime:0.000685s ]
SQL: SHOW COLUMNS FROM `fanwe_nav` [ RunTime:0.003492s ]
SQL: SELECT * FROM `fanwe_nav` ORDER BY sort  [ RunTime:0.002853s ]
SQL: SHOW COLUMNS FROM `fanwe_deal_cate` [ RunTime:0.002919s ]
SQL: SELECT * FROM `fanwe_deal_cate` ORDER BY id  [ RunTime:0.003991s ]
SQL: SHOW COLUMNS FROM `fanwe_showindex` [ RunTime:0.003047s ]
SQL: SELECT * FROM `fanwe_showindex`  [ RunTime:0.002667s ]
SQL: SHOW COLUMNS FROM `fanwe_deal` [ RunTime:0.003491s ]
SQL: SELECT id,name,image,end_time,limit_price,brief,support_amount,user_name,user_id,province,city,index_img FROM `fanwe_deal` WHERE ( `is_effect` = 1 ) ORDER BY sort desc,id desc LIMIT 0,7   [ RunTime:0.002082s ]
INFO: [ view_parse ] --START--
NOTIC: [8] Undefined index: uid /webHome/LFWZ000390/www/zc/Zc/Runtime/Cache/cc5c2cb31be8fd046a7cb83177e081f6.php 第 67 行.
INFO: ParseTemplate Behavior ::run [ RunTime:0.043924s ]
INFO: [ view_parse ] --END-- [ RunTime:0.044070s ]
INFO: [ view_filter ] --START--
INFO: ContentReplace Behavior ::run [ RunTime:0.000601s ]
INFO: TokenBuild Behavior ::run [ RunTime:0.000441s ]
INFO: WriteHtmlCache Behavior ::run [ RunTime:0.000409s ]
INFO: ShowRuntime Behavior ::run [ RunTime:0.000488s ]
INFO: [ view_filter ] --END-- [ RunTime:0.002211s ]
INFO: [ view_end ] --START--
INFO: ShowPageTrace Behavior ::run [ RunTime:0.000355s ]
INFO: [ view_end ] --END-- [ RunTime:0.000453s ]

[ 2015-06-20T21:49:40+08:00 ] 66.249.75.76 /zc/
INFO: [ app_begin ] --START--
INFO: ReadHtmlCache Behavior ::run [ RunTime:0.000543s ]
INFO: [ app_begin ] --END-- [ RunTime:0.000693s ]
SQL: SHOW COLUMNS FROM `fanwe_nav` [ RunTime:0.002694s ]
SQL: SELECT * FROM `fanwe_nav` ORDER BY sort  [ RunTime:0.002153s ]
SQL: SHOW COLUMNS FROM `fanwe_deal_cate` [ RunTime:0.002912s ]
SQL: SELECT * FROM `fanwe_deal_cate` ORDER BY id  [ RunTime:0.002749s ]
SQL: SHOW COLUMNS FROM `fanwe_showindex` [ RunTime:0.002660s ]
SQL: SELECT * FROM `fanwe_showindex`  [ RunTime:0.001331s ]
SQL: SHOW COLUMNS FROM `fanwe_deal` [ RunTime:0.013139s ]
SQL: SELECT id,name,image,end_time,limit_price,brief,support_amount,user_name,user_id,province,city,index_img FROM `fanwe_deal` WHERE ( `is_effect` = 1 ) ORDER BY sort desc,id desc LIMIT 0,7   [ RunTime:0.001776s ]
INFO: [ view_parse ] --START--
NOTIC: [8] Undefined index: uid /webHome/LFWZ000390/www/zc/Zc/Runtime/Cache/cc5c2cb31be8fd046a7cb83177e081f6.php 第 67 行.
INFO: ParseTemplate Behavior ::run [ RunTime:0.028527s ]
INFO: [ view_parse ] --END-- [ RunTime:0.028730s ]
INFO: [ view_filter ] --START--
INFO: ContentReplace Behavior ::run [ RunTime:0.000895s ]
INFO: TokenBuild Behavior ::run [ RunTime:0.000536s ]
INFO: WriteHtmlCache Behavior ::run [ RunTime:0.000409s ]
INFO: ShowRuntime Behavior ::run [ RunTime:0.000696s ]
INFO: [ view_filter ] --END-- [ RunTime:0.002853s ]
INFO: [ view_end ] --START--
INFO: ShowPageTrace Behavior ::run [ RunTime:0.000440s ]
INFO: [ view_end ] --END-- [ RunTime:0.000527s ]

