[ 2015-08-02T00:18:31+08:00 ] 66.249.65.171 /zc/index.php?m=Deal&a=show&id=67
INFO: [ app_begin ] --START--
INFO: ReadHtmlCache Behavior ::run [ RunTime:0.012521s ]
INFO: [ app_begin ] --END-- [ RunTime:0.012682s ]
NOTIC: [2048] Declaration of DealAction::show() should be compatible with that of Action::show() /webHome/LFWZ000390/www/zc/Zc/Lib/Action/DealAction.class.php 第 13 行.
SQL: SHOW COLUMNS FROM `fanwe_nav` [ RunTime:0.003482s ]
SQL: SELECT * FROM `fanwe_nav` ORDER BY sort  [ RunTime:0.001303s ]
SQL: SHOW COLUMNS FROM `fanwe_deal_cate` [ RunTime:0.017260s ]
SQL: SELECT * FROM `fanwe_deal_cate` ORDER BY id  [ RunTime:0.010564s ]
SQL: SHOW COLUMNS FROM `fanwe_deal_keyword` [ RunTime:0.007214s ]
SQL: SELECT * FROM `fanwe_deal_keyword` LIMIT 1   [ RunTime:0.002467s ]
NOTIC: [8] Undefined index: uid /webHome/LFWZ000390/www/zc/Zc/Lib/Action/DealAction.class.php 第 18 行.

[ 2015-08-02T01:36:23+08:00 ] 66.249.65.157 /zc/index.php?m=Deal&a=show&id=69
INFO: [ app_begin ] --START--
INFO: ReadHtmlCache Behavior ::run [ RunTime:0.000481s ]
INFO: [ app_begin ] --END-- [ RunTime:0.000616s ]
NOTIC: [2048] Declaration of DealAction::show() should be compatible with that of Action::show() /webHome/LFWZ000390/www/zc/Zc/Lib/Action/DealAction.class.php 第 13 行.
SQL: SHOW COLUMNS FROM `fanwe_nav` [ RunTime:0.005392s ]
SQL: SELECT * FROM `fanwe_nav` ORDER BY sort  [ RunTime:0.002201s ]
SQL: SHOW COLUMNS FROM `fanwe_deal_cate` [ RunTime:0.002784s ]
SQL: SELECT * FROM `fanwe_deal_cate` ORDER BY id  [ RunTime:0.002215s ]
SQL: SHOW COLUMNS FROM `fanwe_deal_keyword` [ RunTime:0.021601s ]
SQL: SELECT * FROM `fanwe_deal_keyword` LIMIT 1   [ RunTime:0.007537s ]
NOTIC: [8] Undefined index: uid /webHome/LFWZ000390/www/zc/Zc/Lib/Action/DealAction.class.php 第 18 行.

[ 2015-08-02T02:05:40+08:00 ] 66.249.65.179 /zc/
INFO: [ app_begin ] --START--
INFO: ReadHtmlCache Behavior ::run [ RunTime:0.006851s ]
INFO: [ app_begin ] --END-- [ RunTime:0.007024s ]
SQL: SHOW COLUMNS FROM `fanwe_nav` [ RunTime:0.003013s ]
SQL: SELECT * FROM `fanwe_nav` ORDER BY sort  [ RunTime:0.004110s ]
SQL: SHOW COLUMNS FROM `fanwe_deal_cate` [ RunTime:0.003817s ]
SQL: SELECT * FROM `fanwe_deal_cate` ORDER BY id  [ RunTime:0.008104s ]
SQL: SHOW COLUMNS FROM `fanwe_deal_keyword` [ RunTime:0.004656s ]
SQL: SELECT * FROM `fanwe_deal_keyword` LIMIT 1   [ RunTime:0.001814s ]
SQL: SHOW COLUMNS FROM `fanwe_showindex` [ RunTime:0.003041s ]
SQL: SELECT * FROM `fanwe_showindex`  [ RunTime:0.001296s ]
SQL: SHOW COLUMNS FROM `fanwe_deal` [ RunTime:0.004913s ]
SQL: SELECT id,name,image,end_time,limit_price,brief,support_amount,user_name,user_id,province,city,index_img FROM `fanwe_deal` WHERE ( `is_effect` = 1 ) ORDER BY sort desc,id desc LIMIT 0,7   [ RunTime:0.002535s ]
INFO: [ view_parse ] --START--
NOTIC: [8] Undefined index: uid /webHome/LFWZ000390/www/zc/Zc/Runtime/Cache/cc5c2cb31be8fd046a7cb83177e081f6.php 第 70 行.
INFO: ParseTemplate Behavior ::run [ RunTime:0.045892s ]
INFO: [ view_parse ] --END-- [ RunTime:0.046037s ]
INFO: [ view_filter ] --START--
INFO: ContentReplace Behavior ::run [ RunTime:0.000658s ]
INFO: TokenBuild Behavior ::run [ RunTime:0.000489s ]
INFO: WriteHtmlCache Behavior ::run [ RunTime:0.000424s ]
INFO: ShowRuntime Behavior ::run [ RunTime:0.000651s ]
INFO: [ view_filter ] --END-- [ RunTime:0.002590s ]
INFO: [ view_end ] --START--
INFO: ShowPageTrace Behavior ::run [ RunTime:0.000480s ]
INFO: [ view_end ] --END-- [ RunTime:0.000618s ]

[ 2015-08-02T02:32:02+08:00 ] 66.249.65.157 /zc/index.php?m=Deal&a=show&id=68
INFO: [ app_begin ] --START--
INFO: ReadHtmlCache Behavior ::run [ RunTime:0.001385s ]
INFO: [ app_begin ] --END-- [ RunTime:0.001619s ]
NOTIC: [2048] Declaration of DealAction::show() should be compatible with that of Action::show() /webHome/LFWZ000390/www/zc/Zc/Lib/Action/DealAction.class.php 第 13 行.
SQL: SHOW COLUMNS FROM `fanwe_nav` [ RunTime:0.002861s ]
SQL: SELECT * FROM `fanwe_nav` ORDER BY sort  [ RunTime:0.002794s ]
SQL: SHOW COLUMNS FROM `fanwe_deal_cate` [ RunTime:0.006968s ]
SQL: SELECT * FROM `fanwe_deal_cate` ORDER BY id  [ RunTime:0.001986s ]
SQL: SHOW COLUMNS FROM `fanwe_deal_keyword` [ RunTime:0.005021s ]
SQL: SELECT * FROM `fanwe_deal_keyword` LIMIT 1   [ RunTime:0.001641s ]
NOTIC: [8] Undefined index: uid /webHome/LFWZ000390/www/zc/Zc/Lib/Action/DealAction.class.php 第 18 行.

[ 2015-08-02T03:47:49+08:00 ] 66.249.65.164 /zc/index.php?m=Deal&a=show&id=70
INFO: [ app_begin ] --START--
INFO: ReadHtmlCache Behavior ::run [ RunTime:0.000422s ]
INFO: [ app_begin ] --END-- [ RunTime:0.000551s ]
NOTIC: [2048] Declaration of DealAction::show() should be compatible with that of Action::show() /webHome/LFWZ000390/www/zc/Zc/Lib/Action/DealAction.class.php 第 13 行.
SQL: SHOW COLUMNS FROM `fanwe_nav` [ RunTime:0.004523s ]
SQL: SELECT * FROM `fanwe_nav` ORDER BY sort  [ RunTime:0.003300s ]
SQL: SHOW COLUMNS FROM `fanwe_deal_cate` [ RunTime:0.003423s ]
SQL: SELECT * FROM `fanwe_deal_cate` ORDER BY id  [ RunTime:0.001542s ]
SQL: SHOW COLUMNS FROM `fanwe_deal_keyword` [ RunTime:0.003354s ]
SQL: SELECT * FROM `fanwe_deal_keyword` LIMIT 1   [ RunTime:0.001991s ]
NOTIC: [8] Undefined index: uid /webHome/LFWZ000390/www/zc/Zc/Lib/Action/DealAction.class.php 第 18 行.

[ 2015-08-02T04:58:36+08:00 ] 66.249.65.172 /zc/
INFO: [ app_begin ] --START--
INFO: ReadHtmlCache Behavior ::run [ RunTime:0.000495s ]
INFO: [ app_begin ] --END-- [ RunTime:0.000624s ]
SQL: SHOW COLUMNS FROM `fanwe_nav` [ RunTime:0.010771s ]
SQL: SELECT * FROM `fanwe_nav` ORDER BY sort  [ RunTime:0.001908s ]
SQL: SHOW COLUMNS FROM `fanwe_deal_cate` [ RunTime:0.002804s ]
SQL: SELECT * FROM `fanwe_deal_cate` ORDER BY id  [ RunTime:0.002982s ]
SQL: SHOW COLUMNS FROM `fanwe_deal_keyword` [ RunTime:0.008027s ]
SQL: SELECT * FROM `fanwe_deal_keyword` LIMIT 1   [ RunTime:0.001629s ]
SQL: SHOW COLUMNS FROM `fanwe_showindex` [ RunTime:0.013442s ]
SQL: SELECT * FROM `fanwe_showindex`  [ RunTime:0.002635s ]
SQL: SHOW COLUMNS FROM `fanwe_deal` [ RunTime:0.004722s ]
SQL: SELECT id,name,image,end_time,limit_price,brief,support_amount,user_name,user_id,province,city,index_img FROM `fanwe_deal` WHERE ( `is_effect` = 1 ) ORDER BY sort desc,id desc LIMIT 0,7   [ RunTime:0.004427s ]
INFO: [ view_parse ] --START--
NOTIC: [8] Undefined index: uid /webHome/LFWZ000390/www/zc/Zc/Runtime/Cache/cc5c2cb31be8fd046a7cb83177e081f6.php 第 70 行.
INFO: ParseTemplate Behavior ::run [ RunTime:0.064960s ]
INFO: [ view_parse ] --END-- [ RunTime:0.065171s ]
INFO: [ view_filter ] --START--
INFO: ContentReplace Behavior ::run [ RunTime:0.000740s ]
INFO: TokenBuild Behavior ::run [ RunTime:0.000581s ]
INFO: WriteHtmlCache Behavior ::run [ RunTime:0.000481s ]
INFO: ShowRuntime Behavior ::run [ RunTime:0.000459s ]
INFO: [ view_filter ] --END-- [ RunTime:0.002647s ]
INFO: [ view_end ] --START--
INFO: ShowPageTrace Behavior ::run [ RunTime:0.000392s ]
INFO: [ view_end ] --END-- [ RunTime:0.000498s ]

[ 2015-08-02T06:19:22+08:00 ] 66.249.65.157 /zc/index.php?m=Deals&a=rec
INFO: [ app_begin ] --START--
INFO: ReadHtmlCache Behavior ::run [ RunTime:0.000432s ]
INFO: [ app_begin ] --END-- [ RunTime:0.000559s ]
SQL: SHOW COLUMNS FROM `fanwe_nav` [ RunTime:0.002902s ]
SQL: SELECT * FROM `fanwe_nav` ORDER BY sort  [ RunTime:0.005970s ]
SQL: SHOW COLUMNS FROM `fanwe_deal_cate` [ RunTime:0.002590s ]
SQL: SELECT * FROM `fanwe_deal_cate` ORDER BY id  [ RunTime:0.005221s ]
SQL: SHOW COLUMNS FROM `fanwe_deal_keyword` [ RunTime:0.002846s ]
SQL: SELECT * FROM `fanwe_deal_keyword` LIMIT 1   [ RunTime:0.002252s ]
NOTIC: [8] Undefined index: uid /webHome/LFWZ000390/www/zc/Zc/Lib/Action/DealsAction.class.php 第 55 行.

[ 2015-08-02T07:17:17+08:00 ] 106.74.24.132 /zc/
INFO: [ app_begin ] --START--
INFO: ReadHtmlCache Behavior ::run [ RunTime:0.000502s ]
INFO: [ app_begin ] --END-- [ RunTime:0.000663s ]

[ 2015-08-02T07:20:09+08:00 ] 116.114.23.42 /zc/
INFO: [ app_begin ] --START--
INFO: ReadHtmlCache Behavior ::run [ RunTime:0.004172s ]
INFO: [ app_begin ] --END-- [ RunTime:0.004511s ]

[ 2015-08-02T07:21:41+08:00 ] 106.74.24.132 /zc/
INFO: [ app_begin ] --START--
INFO: ReadHtmlCache Behavior ::run [ RunTime:0.000622s ]
INFO: [ app_begin ] --END-- [ RunTime:0.003034s ]

[ 2015-08-02T07:23:34+08:00 ] 106.74.24.132 /zc/
INFO: [ app_begin ] --START--
INFO: ReadHtmlCache Behavior ::run [ RunTime:0.000584s ]
INFO: [ app_begin ] --END-- [ RunTime:0.000770s ]

[ 2015-08-02T07:27:00+08:00 ] 116.114.23.42 /zc/
INFO: [ app_begin ] --START--
INFO: ReadHtmlCache Behavior ::run [ RunTime:0.000482s ]
INFO: [ app_begin ] --END-- [ RunTime:0.000614s ]

[ 2015-08-02T08:34:30+08:00 ] 117.136.3.129 /zc/
INFO: [ app_begin ] --START--
INFO: ReadHtmlCache Behavior ::run [ RunTime:0.000538s ]
INFO: [ app_begin ] --END-- [ RunTime:0.000698s ]

[ 2015-08-02T08:50:56+08:00 ] 66.249.65.164 /zc/index.php?m=News&a=index
INFO: [ app_begin ] --START--
INFO: ReadHtmlCache Behavior ::run [ RunTime:0.000678s ]
INFO: [ app_begin ] --END-- [ RunTime:0.006637s ]
SQL: SHOW COLUMNS FROM `fanwe_nav` [ RunTime:0.003462s ]
SQL: SELECT * FROM `fanwe_nav` ORDER BY sort  [ RunTime:0.001903s ]
SQL: SHOW COLUMNS FROM `fanwe_deal_cate` [ RunTime:0.002498s ]
SQL: SELECT * FROM `fanwe_deal_cate` ORDER BY id  [ RunTime:0.002023s ]
SQL: SHOW COLUMNS FROM `fanwe_deal_keyword` [ RunTime:0.002665s ]
SQL: SELECT * FROM `fanwe_deal_keyword` LIMIT 1   [ RunTime:0.002715s ]
SQL: SHOW COLUMNS FROM `fanwe_news` [ RunTime:0.002933s ]
SQL: SELECT COUNT(*) AS tp_count FROM `fanwe_news` WHERE ( `enable` = 1 ) LIMIT 1   [ RunTime:0.002152s ]
SQL: SELECT COUNT(*) AS tp_count FROM `fanwe_news` WHERE ( `enable` = 1 ) LIMIT 1   [ RunTime:0.002200s ]
SQL: SELECT * FROM `fanwe_news` ORDER BY addtime desc,rec desc LIMIT 0,10   [ RunTime:0.025767s ]
INFO: [ view_parse ] --START--
SQL: SHOW COLUMNS FROM `fanwe_conf` [ RunTime:0.003897s ]
SQL: SELECT `value` FROM `fanwe_conf` WHERE ( `name` = 'SEO_TITLE' ) LIMIT 1   [ RunTime:0.002216s ]
NOTIC: [8] Undefined index: uid /webHome/LFWZ000390/www/zc/Zc/Runtime/Cache/93be05964b36457006025cdbe2606e6a.php 第 107 行.
INFO: ParseTemplate Behavior ::run [ RunTime:0.067343s ]
INFO: [ view_parse ] --END-- [ RunTime:0.067488s ]
INFO: [ view_filter ] --START--
INFO: ContentReplace Behavior ::run [ RunTime:0.000700s ]
INFO: TokenBuild Behavior ::run [ RunTime:0.000341s ]
INFO: WriteHtmlCache Behavior ::run [ RunTime:0.000347s ]
INFO: ShowRuntime Behavior ::run [ RunTime:0.000824s ]
INFO: [ view_filter ] --END-- [ RunTime:0.002470s ]
INFO: [ view_end ] --START--
INFO: ShowPageTrace Behavior ::run [ RunTime:0.000720s ]
INFO: [ view_end ] --END-- [ RunTime:0.000816s ]

[ 2015-08-02T10:06:43+08:00 ] 66.249.65.157 /zc/index.php?m=Deals&a=index
INFO: [ app_begin ] --START--
INFO: ReadHtmlCache Behavior ::run [ RunTime:0.000501s ]
INFO: [ app_begin ] --END-- [ RunTime:0.000658s ]
SQL: SHOW COLUMNS FROM `fanwe_nav` [ RunTime:0.002649s ]
SQL: SELECT * FROM `fanwe_nav` ORDER BY sort  [ RunTime:0.003121s ]
SQL: SHOW COLUMNS FROM `fanwe_deal_cate` [ RunTime:0.002935s ]
SQL: SELECT * FROM `fanwe_deal_cate` ORDER BY id  [ RunTime:0.004069s ]
SQL: SHOW COLUMNS FROM `fanwe_deal_keyword` [ RunTime:0.005363s ]
SQL: SELECT * FROM `fanwe_deal_keyword` LIMIT 1   [ RunTime:0.001502s ]
NOTIC: [8] Undefined index: uid /webHome/LFWZ000390/www/zc/Zc/Lib/Action/DealsAction.class.php 第 18 行.

[ 2015-08-02T10:07:46+08:00 ] 121.22.171.170 /zc/
INFO: [ app_begin ] --START--
INFO: ReadHtmlCache Behavior ::run [ RunTime:0.000736s ]
INFO: [ app_begin ] --END-- [ RunTime:0.000887s ]
SQL: SHOW COLUMNS FROM `fanwe_nav` [ RunTime:0.002770s ]
SQL: SELECT * FROM `fanwe_nav` ORDER BY sort  [ RunTime:0.001638s ]
SQL: SHOW COLUMNS FROM `fanwe_deal_cate` [ RunTime:0.003387s ]
SQL: SELECT * FROM `fanwe_deal_cate` ORDER BY id  [ RunTime:0.002452s ]
SQL: SHOW COLUMNS FROM `fanwe_deal_keyword` [ RunTime:0.003274s ]
SQL: SELECT * FROM `fanwe_deal_keyword` LIMIT 1   [ RunTime:0.001614s ]
SQL: SHOW COLUMNS FROM `fanwe_showindex` [ RunTime:0.002303s ]
SQL: SELECT * FROM `fanwe_showindex`  [ RunTime:0.001508s ]
SQL: SHOW COLUMNS FROM `fanwe_deal` [ RunTime:0.003894s ]
SQL: SELECT id,name,image,end_time,limit_price,brief,support_amount,user_name,user_id,province,city,index_img FROM `fanwe_deal` WHERE ( `is_effect` = 1 ) ORDER BY sort desc,id desc LIMIT 0,7   [ RunTime:0.003090s ]
INFO: [ view_parse ] --START--
NOTIC: [8] Undefined index: uid /webHome/LFWZ000390/www/zc/Zc/Runtime/Cache/cc5c2cb31be8fd046a7cb83177e081f6.php 第 70 行.
INFO: ParseTemplate Behavior ::run [ RunTime:0.052215s ]
INFO: [ view_parse ] --END-- [ RunTime:0.052353s ]
INFO: [ view_filter ] --START--
INFO: ContentReplace Behavior ::run [ RunTime:0.000838s ]
INFO: TokenBuild Behavior ::run [ RunTime:0.000987s ]
INFO: WriteHtmlCache Behavior ::run [ RunTime:0.000799s ]
INFO: ShowRuntime Behavior ::run [ RunTime:0.000566s ]
INFO: [ view_filter ] --END-- [ RunTime:0.007192s ]
INFO: [ view_end ] --START--
INFO: ShowPageTrace Behavior ::run [ RunTime:0.000504s ]
INFO: [ view_end ] --END-- [ RunTime:0.000710s ]

[ 2015-08-02T10:08:02+08:00 ] 121.22.171.170 /zc/index.php?m=Deal&a=show&id=67
INFO: [ app_begin ] --START--
INFO: ReadHtmlCache Behavior ::run [ RunTime:0.000431s ]
INFO: [ app_begin ] --END-- [ RunTime:0.000702s ]
NOTIC: [2048] Declaration of DealAction::show() should be compatible with that of Action::show() /webHome/LFWZ000390/www/zc/Zc/Lib/Action/DealAction.class.php 第 13 行.
SQL: SHOW COLUMNS FROM `fanwe_nav` [ RunTime:0.004964s ]
SQL: SELECT * FROM `fanwe_nav` ORDER BY sort  [ RunTime:0.001641s ]
SQL: SHOW COLUMNS FROM `fanwe_deal_cate` [ RunTime:0.005915s ]
SQL: SELECT * FROM `fanwe_deal_cate` ORDER BY id  [ RunTime:0.004967s ]
SQL: SHOW COLUMNS FROM `fanwe_deal_keyword` [ RunTime:0.002082s ]
SQL: SELECT * FROM `fanwe_deal_keyword` LIMIT 1   [ RunTime:0.003076s ]
NOTIC: [8] Undefined index: uid /webHome/LFWZ000390/www/zc/Zc/Lib/Action/DealAction.class.php 第 18 行.

[ 2015-08-02T10:08:02+08:00 ] 121.22.171.170 /zc/index.php?m=User&a=login
INFO: [ app_begin ] --START--
INFO: ReadHtmlCache Behavior ::run [ RunTime:0.000468s ]
INFO: [ app_begin ] --END-- [ RunTime:0.000600s ]
SQL: SHOW COLUMNS FROM `fanwe_nav` [ RunTime:0.002551s ]
SQL: SELECT * FROM `fanwe_nav` ORDER BY sort  [ RunTime:0.004453s ]
SQL: SHOW COLUMNS FROM `fanwe_deal_cate` [ RunTime:0.001989s ]
SQL: SELECT * FROM `fanwe_deal_cate` ORDER BY id  [ RunTime:0.001922s ]
SQL: SHOW COLUMNS FROM `fanwe_deal_keyword` [ RunTime:0.005718s ]
SQL: SELECT * FROM `fanwe_deal_keyword` LIMIT 1   [ RunTime:0.002086s ]
INFO: [ view_parse ] --START--
NOTIC: [8] Undefined index: uid /webHome/LFWZ000390/www/zc/Zc/Runtime/Cache/42b90be8e9c40e58e803cfb6a2f683e9.php 第 76 行.
INFO: ParseTemplate Behavior ::run [ RunTime:0.025471s ]
INFO: [ view_parse ] --END-- [ RunTime:0.025627s ]
INFO: [ view_filter ] --START--
INFO: ContentReplace Behavior ::run [ RunTime:0.000670s ]
INFO: TokenBuild Behavior ::run [ RunTime:0.000661s ]
INFO: WriteHtmlCache Behavior ::run [ RunTime:0.000412s ]
INFO: ShowRuntime Behavior ::run [ RunTime:0.000436s ]
INFO: [ view_filter ] --END-- [ RunTime:0.002470s ]
INFO: [ view_end ] --START--
INFO: ShowPageTrace Behavior ::run [ RunTime:0.007069s ]
INFO: [ view_end ] --END-- [ RunTime:0.008005s ]

[ 2015-08-02T10:08:29+08:00 ] 121.22.171.170 /zc/
INFO: [ app_begin ] --START--
INFO: ReadHtmlCache Behavior ::run [ RunTime:0.000471s ]
INFO: [ app_begin ] --END-- [ RunTime:0.001230s ]
SQL: SHOW COLUMNS FROM `fanwe_nav` [ RunTime:0.005715s ]
SQL: SELECT * FROM `fanwe_nav` ORDER BY sort  [ RunTime:0.007716s ]
SQL: SHOW COLUMNS FROM `fanwe_deal_cate` [ RunTime:0.002984s ]
SQL: SELECT * FROM `fanwe_deal_cate` ORDER BY id  [ RunTime:0.004559s ]
SQL: SHOW COLUMNS FROM `fanwe_deal_keyword` [ RunTime:0.003661s ]
SQL: SELECT * FROM `fanwe_deal_keyword` LIMIT 1   [ RunTime:0.003485s ]
SQL: SHOW COLUMNS FROM `fanwe_showindex` [ RunTime:0.003985s ]
SQL: SELECT * FROM `fanwe_showindex`  [ RunTime:0.010286s ]
SQL: SHOW COLUMNS FROM `fanwe_deal` [ RunTime:0.011550s ]
SQL: SELECT id,name,image,end_time,limit_price,brief,support_amount,user_name,user_id,province,city,index_img FROM `fanwe_deal` WHERE ( `is_effect` = 1 ) ORDER BY sort desc,id desc LIMIT 0,7   [ RunTime:0.007356s ]
INFO: [ view_parse ] --START--
NOTIC: [8] Undefined index: uid /webHome/LFWZ000390/www/zc/Zc/Runtime/Cache/cc5c2cb31be8fd046a7cb83177e081f6.php 第 70 行.
INFO: ParseTemplate Behavior ::run [ RunTime:0.025700s ]
INFO: [ view_parse ] --END-- [ RunTime:0.025884s ]
INFO: [ view_filter ] --START--
INFO: ContentReplace Behavior ::run [ RunTime:0.000654s ]
INFO: TokenBuild Behavior ::run [ RunTime:0.000583s ]
INFO: WriteHtmlCache Behavior ::run [ RunTime:0.000688s ]
INFO: ShowRuntime Behavior ::run [ RunTime:0.000524s ]
INFO: [ view_filter ] --END-- [ RunTime:0.002817s ]
INFO: [ view_end ] --START--
INFO: ShowPageTrace Behavior ::run [ RunTime:0.002885s ]
INFO: [ view_end ] --END-- [ RunTime:0.003039s ]

[ 2015-08-02T10:08:36+08:00 ] 121.22.171.170 /zc/index.php?m=Deals&a=index&tid=6
INFO: [ app_begin ] --START--
INFO: ReadHtmlCache Behavior ::run [ RunTime:0.000491s ]
INFO: [ app_begin ] --END-- [ RunTime:0.002893s ]
SQL: SHOW COLUMNS FROM `fanwe_nav` [ RunTime:0.002309s ]
SQL: SELECT * FROM `fanwe_nav` ORDER BY sort  [ RunTime:0.002863s ]
SQL: SHOW COLUMNS FROM `fanwe_deal_cate` [ RunTime:0.005560s ]
SQL: SELECT * FROM `fanwe_deal_cate` ORDER BY id  [ RunTime:0.003122s ]
SQL: SHOW COLUMNS FROM `fanwe_deal_keyword` [ RunTime:0.002786s ]
SQL: SELECT * FROM `fanwe_deal_keyword` LIMIT 1   [ RunTime:0.003133s ]
NOTIC: [8] Undefined index: uid /webHome/LFWZ000390/www/zc/Zc/Lib/Action/DealsAction.class.php 第 18 行.

[ 2015-08-02T10:08:37+08:00 ] 121.22.171.170 /zc/index.php?m=User&a=login
INFO: [ app_begin ] --START--
INFO: ReadHtmlCache Behavior ::run [ RunTime:0.015742s ]
INFO: [ app_begin ] --END-- [ RunTime:0.016739s ]
SQL: SHOW COLUMNS FROM `fanwe_nav` [ RunTime:0.004018s ]
SQL: SELECT * FROM `fanwe_nav` ORDER BY sort  [ RunTime:0.001569s ]
SQL: SHOW COLUMNS FROM `fanwe_deal_cate` [ RunTime:0.003677s ]
SQL: SELECT * FROM `fanwe_deal_cate` ORDER BY id  [ RunTime:0.009820s ]
SQL: SHOW COLUMNS FROM `fanwe_deal_keyword` [ RunTime:0.022076s ]
SQL: SELECT * FROM `fanwe_deal_keyword` LIMIT 1   [ RunTime:0.001278s ]
INFO: [ view_parse ] --START--
NOTIC: [8] Undefined index: uid /webHome/LFWZ000390/www/zc/Zc/Runtime/Cache/42b90be8e9c40e58e803cfb6a2f683e9.php 第 76 行.
INFO: ParseTemplate Behavior ::run [ RunTime:0.061003s ]
INFO: [ view_parse ] --END-- [ RunTime:0.061140s ]
INFO: [ view_filter ] --START--
INFO: ContentReplace Behavior ::run [ RunTime:0.000855s ]
INFO: TokenBuild Behavior ::run [ RunTime:0.000611s ]
INFO: WriteHtmlCache Behavior ::run [ RunTime:0.000420s ]
INFO: ShowRuntime Behavior ::run [ RunTime:0.000596s ]
INFO: [ view_filter ] --END-- [ RunTime:0.005429s ]
INFO: [ view_end ] --START--
INFO: ShowPageTrace Behavior ::run [ RunTime:0.000407s ]
INFO: [ view_end ] --END-- [ RunTime:0.000528s ]

[ 2015-08-02T10:08:40+08:00 ] 121.22.171.170 /zc/index.php?m=News&a=index
INFO: [ app_begin ] --START--
INFO: ReadHtmlCache Behavior ::run [ RunTime:0.000486s ]
INFO: [ app_begin ] --END-- [ RunTime:0.000634s ]
SQL: SHOW COLUMNS FROM `fanwe_nav` [ RunTime:0.002485s ]
SQL: SELECT * FROM `fanwe_nav` ORDER BY sort  [ RunTime:0.005882s ]
SQL: SHOW COLUMNS FROM `fanwe_deal_cate` [ RunTime:0.005344s ]
SQL: SELECT * FROM `fanwe_deal_cate` ORDER BY id  [ RunTime:0.001202s ]
SQL: SHOW COLUMNS FROM `fanwe_deal_keyword` [ RunTime:0.002655s ]
SQL: SELECT * FROM `fanwe_deal_keyword` LIMIT 1   [ RunTime:0.001840s ]
SQL: SHOW COLUMNS FROM `fanwe_news` [ RunTime:0.006873s ]
SQL: SELECT COUNT(*) AS tp_count FROM `fanwe_news` WHERE ( `enable` = 1 ) LIMIT 1   [ RunTime:0.006067s ]
SQL: SELECT COUNT(*) AS tp_count FROM `fanwe_news` WHERE ( `enable` = 1 ) LIMIT 1   [ RunTime:0.001901s ]
SQL: SELECT * FROM `fanwe_news` ORDER BY addtime desc,rec desc LIMIT 0,10   [ RunTime:0.016683s ]
INFO: [ view_parse ] --START--
SQL: SHOW COLUMNS FROM `fanwe_conf` [ RunTime:0.005428s ]
SQL: SELECT `value` FROM `fanwe_conf` WHERE ( `name` = 'SEO_TITLE' ) LIMIT 1   [ RunTime:0.003174s ]
NOTIC: [8] Undefined index: uid /webHome/LFWZ000390/www/zc/Zc/Runtime/Cache/93be05964b36457006025cdbe2606e6a.php 第 107 行.
INFO: ParseTemplate Behavior ::run [ RunTime:0.050517s ]
INFO: [ view_parse ] --END-- [ RunTime:0.050683s ]
INFO: [ view_filter ] --START--
INFO: ContentReplace Behavior ::run [ RunTime:0.000767s ]
INFO: TokenBuild Behavior ::run [ RunTime:0.000466s ]
INFO: WriteHtmlCache Behavior ::run [ RunTime:0.000333s ]
INFO: ShowRuntime Behavior ::run [ RunTime:0.000532s ]
INFO: [ view_filter ] --END-- [ RunTime:0.002462s ]
INFO: [ view_end ] --START--
INFO: ShowPageTrace Behavior ::run [ RunTime:0.000852s ]
INFO: [ view_end ] --END-- [ RunTime:0.004300s ]

[ 2015-08-02T10:09:20+08:00 ] 121.22.171.170 /zc/index.php?m=News&a=html&id=10
INFO: [ app_begin ] --START--
INFO: ReadHtmlCache Behavior ::run [ RunTime:0.001492s ]
INFO: [ app_begin ] --END-- [ RunTime:0.005190s ]
SQL: SHOW COLUMNS FROM `fanwe_nav` [ RunTime:0.003002s ]
SQL: SELECT * FROM `fanwe_nav` ORDER BY sort  [ RunTime:0.001864s ]
SQL: SHOW COLUMNS FROM `fanwe_deal_cate` [ RunTime:0.005906s ]
SQL: SELECT * FROM `fanwe_deal_cate` ORDER BY id  [ RunTime:0.015038s ]
SQL: SHOW COLUMNS FROM `fanwe_deal_keyword` [ RunTime:0.002830s ]
SQL: SELECT * FROM `fanwe_deal_keyword` LIMIT 1   [ RunTime:0.001607s ]
SQL: SHOW COLUMNS FROM `fanwe_news` [ RunTime:0.002929s ]
SQL: SELECT * FROM `fanwe_news` WHERE ( `id` = 10 ) LIMIT 1   [ RunTime:0.002418s ]
INFO: [ view_parse ] --START--
NOTIC: [8] Undefined index: uid /webHome/LFWZ000390/www/zc/Zc/Runtime/Cache/012cdf2fa3ba4152d6d6173485c32ca8.php 第 98 行.
NOTIC: [8] Use of undefined constant id - assumed 'id' /webHome/LFWZ000390/www/zc/Zc/Runtime/Cache/012cdf2fa3ba4152d6d6173485c32ca8.php 第 142 行.
SQL: SELECT * FROM `fanwe_news` WHERE ( `id` < '10' ) LIMIT 1   [ RunTime:0.001818s ]
SQL: SELECT * FROM `fanwe_news` WHERE ( `id` > '10' ) LIMIT 1   [ RunTime:0.007122s ]
INFO: ParseTemplate Behavior ::run [ RunTime:0.047025s ]
INFO: [ view_parse ] --END-- [ RunTime:0.047250s ]
INFO: [ view_filter ] --START--
INFO: ContentReplace Behavior ::run [ RunTime:0.001217s ]
INFO: TokenBuild Behavior ::run [ RunTime:0.000899s ]
INFO: WriteHtmlCache Behavior ::run [ RunTime:0.000663s ]
INFO: ShowRuntime Behavior ::run [ RunTime:0.000479s ]
INFO: [ view_filter ] --END-- [ RunTime:0.004185s ]
INFO: [ view_end ] --START--
INFO: ShowPageTrace Behavior ::run [ RunTime:0.000383s ]
INFO: [ view_end ] --END-- [ RunTime:0.000472s ]

[ 2015-08-02T11:22:31+08:00 ] 66.249.65.171 /zc/index.php?m=Index&a=index
INFO: [ app_begin ] --START--
INFO: ReadHtmlCache Behavior ::run [ RunTime:0.000551s ]
INFO: [ app_begin ] --END-- [ RunTime:0.000682s ]
SQL: SHOW COLUMNS FROM `fanwe_nav` [ RunTime:0.002905s ]
SQL: SELECT * FROM `fanwe_nav` ORDER BY sort  [ RunTime:0.003316s ]
SQL: SHOW COLUMNS FROM `fanwe_deal_cate` [ RunTime:0.005256s ]
SQL: SELECT * FROM `fanwe_deal_cate` ORDER BY id  [ RunTime:0.003675s ]
SQL: SHOW COLUMNS FROM `fanwe_deal_keyword` [ RunTime:0.003087s ]
SQL: SELECT * FROM `fanwe_deal_keyword` LIMIT 1   [ RunTime:0.004134s ]
SQL: SHOW COLUMNS FROM `fanwe_showindex` [ RunTime:0.002559s ]
SQL: SELECT * FROM `fanwe_showindex`  [ RunTime:0.009162s ]
SQL: SHOW COLUMNS FROM `fanwe_deal` [ RunTime:0.008309s ]
SQL: SELECT id,name,image,end_time,limit_price,brief,support_amount,user_name,user_id,province,city,index_img FROM `fanwe_deal` WHERE ( `is_effect` = 1 ) ORDER BY sort desc,id desc LIMIT 0,7   [ RunTime:0.002860s ]
INFO: [ view_parse ] --START--
NOTIC: [8] Undefined index: uid /webHome/LFWZ000390/www/zc/Zc/Runtime/Cache/cc5c2cb31be8fd046a7cb83177e081f6.php 第 70 行.
INFO: ParseTemplate Behavior ::run [ RunTime:0.038984s ]
INFO: [ view_parse ] --END-- [ RunTime:0.039116s ]
INFO: [ view_filter ] --START--
INFO: ContentReplace Behavior ::run [ RunTime:0.000537s ]
INFO: TokenBuild Behavior ::run [ RunTime:0.000489s ]
INFO: WriteHtmlCache Behavior ::run [ RunTime:0.000370s ]
INFO: ShowRuntime Behavior ::run [ RunTime:0.000561s ]
INFO: [ view_filter ] --END-- [ RunTime:0.002230s ]
INFO: [ view_end ] --START--
INFO: ShowPageTrace Behavior ::run [ RunTime:0.000440s ]
INFO: [ view_end ] --END-- [ RunTime:0.000568s ]

[ 2015-08-02T12:05:00+08:00 ] 66.249.65.172 /zc/
INFO: [ app_begin ] --START--
INFO: ReadHtmlCache Behavior ::run [ RunTime:0.000464s ]
INFO: [ app_begin ] --END-- [ RunTime:0.000590s ]
SQL: SHOW COLUMNS FROM `fanwe_nav` [ RunTime:0.002270s ]
SQL: SELECT * FROM `fanwe_nav` ORDER BY sort  [ RunTime:0.003111s ]
SQL: SHOW COLUMNS FROM `fanwe_deal_cate` [ RunTime:0.007414s ]
SQL: SELECT * FROM `fanwe_deal_cate` ORDER BY id  [ RunTime:0.001289s ]
SQL: SHOW COLUMNS FROM `fanwe_deal_keyword` [ RunTime:0.006311s ]
SQL: SELECT * FROM `fanwe_deal_keyword` LIMIT 1   [ RunTime:0.001062s ]
SQL: SHOW COLUMNS FROM `fanwe_showindex` [ RunTime:0.009323s ]
SQL: SELECT * FROM `fanwe_showindex`  [ RunTime:0.002295s ]
SQL: SHOW COLUMNS FROM `fanwe_deal` [ RunTime:0.004038s ]
SQL: SELECT id,name,image,end_time,limit_price,brief,support_amount,user_name,user_id,province,city,index_img FROM `fanwe_deal` WHERE ( `is_effect` = 1 ) ORDER BY sort desc,id desc LIMIT 0,7   [ RunTime:0.003707s ]
INFO: [ view_parse ] --START--
NOTIC: [8] Undefined index: uid /webHome/LFWZ000390/www/zc/Zc/Runtime/Cache/cc5c2cb31be8fd046a7cb83177e081f6.php 第 70 行.
INFO: ParseTemplate Behavior ::run [ RunTime:0.050168s ]
INFO: [ view_parse ] --END-- [ RunTime:0.050296s ]
INFO: [ view_filter ] --START--
INFO: ContentReplace Behavior ::run [ RunTime:0.000668s ]
INFO: TokenBuild Behavior ::run [ RunTime:0.000328s ]
INFO: WriteHtmlCache Behavior ::run [ RunTime:0.000243s ]
INFO: ShowRuntime Behavior ::run [ RunTime:0.000366s ]
INFO: [ view_filter ] --END-- [ RunTime:0.001956s ]
INFO: [ view_end ] --START--
INFO: ShowPageTrace Behavior ::run [ RunTime:0.000512s ]
INFO: [ view_end ] --END-- [ RunTime:0.000608s ]

[ 2015-08-02T12:09:38+08:00 ] 106.74.24.132 /zc/
INFO: [ app_begin ] --START--
INFO: ReadHtmlCache Behavior ::run [ RunTime:0.000426s ]
INFO: [ app_begin ] --END-- [ RunTime:0.000542s ]

[ 2015-08-02T13:37:07+08:00 ] 117.136.3.128 /zc/
INFO: [ app_begin ] --START--
INFO: ReadHtmlCache Behavior ::run [ RunTime:0.000462s ]
INFO: [ app_begin ] --END-- [ RunTime:0.000616s ]

[ 2015-08-02T13:54:06+08:00 ] 66.249.65.171 /zc/index.php?m=Deals&a=index&tid=8
INFO: [ app_begin ] --START--
INFO: ReadHtmlCache Behavior ::run [ RunTime:0.000410s ]
INFO: [ app_begin ] --END-- [ RunTime:0.000544s ]
SQL: SHOW COLUMNS FROM `fanwe_nav` [ RunTime:0.002193s ]
SQL: SELECT * FROM `fanwe_nav` ORDER BY sort  [ RunTime:0.002829s ]
SQL: SHOW COLUMNS FROM `fanwe_deal_cate` [ RunTime:0.004369s ]
SQL: SELECT * FROM `fanwe_deal_cate` ORDER BY id  [ RunTime:0.001974s ]
SQL: SHOW COLUMNS FROM `fanwe_deal_keyword` [ RunTime:0.006464s ]
SQL: SELECT * FROM `fanwe_deal_keyword` LIMIT 1   [ RunTime:0.001711s ]
NOTIC: [8] Undefined index: uid /webHome/LFWZ000390/www/zc/Zc/Lib/Action/DealsAction.class.php 第 18 行.

[ 2015-08-02T15:09:52+08:00 ] 66.249.65.157 /zc/index.php?m=Deals&a=index&tid=7
INFO: [ app_begin ] --START--
INFO: ReadHtmlCache Behavior ::run [ RunTime:0.000536s ]
INFO: [ app_begin ] --END-- [ RunTime:0.011443s ]
SQL: SHOW COLUMNS FROM `fanwe_nav` [ RunTime:0.002960s ]
SQL: SELECT * FROM `fanwe_nav` ORDER BY sort  [ RunTime:0.002747s ]
SQL: SHOW COLUMNS FROM `fanwe_deal_cate` [ RunTime:0.003088s ]
SQL: SELECT * FROM `fanwe_deal_cate` ORDER BY id  [ RunTime:0.004214s ]
SQL: SHOW COLUMNS FROM `fanwe_deal_keyword` [ RunTime:0.004317s ]
SQL: SELECT * FROM `fanwe_deal_keyword` LIMIT 1   [ RunTime:0.001336s ]
NOTIC: [8] Undefined index: uid /webHome/LFWZ000390/www/zc/Zc/Lib/Action/DealsAction.class.php 第 18 行.

[ 2015-08-02T16:25:38+08:00 ] 66.249.65.157 /zc/index.php?m=Deals&a=index&tid=4
INFO: [ app_begin ] --START--
INFO: ReadHtmlCache Behavior ::run [ RunTime:0.000518s ]
INFO: [ app_begin ] --END-- [ RunTime:0.000652s ]
SQL: SHOW COLUMNS FROM `fanwe_nav` [ RunTime:0.003045s ]
SQL: SELECT * FROM `fanwe_nav` ORDER BY sort  [ RunTime:0.003187s ]
SQL: SHOW COLUMNS FROM `fanwe_deal_cate` [ RunTime:0.002847s ]
SQL: SELECT * FROM `fanwe_deal_cate` ORDER BY id  [ RunTime:0.002747s ]
SQL: SHOW COLUMNS FROM `fanwe_deal_keyword` [ RunTime:0.003364s ]
SQL: SELECT * FROM `fanwe_deal_keyword` LIMIT 1   [ RunTime:0.001224s ]
NOTIC: [8] Undefined index: uid /webHome/LFWZ000390/www/zc/Zc/Lib/Action/DealsAction.class.php 第 18 行.

[ 2015-08-02T17:20:00+08:00 ] 66.249.65.179 /zc/
INFO: [ app_begin ] --START--
INFO: ReadHtmlCache Behavior ::run [ RunTime:0.000551s ]
INFO: [ app_begin ] --END-- [ RunTime:0.000675s ]
SQL: SHOW COLUMNS FROM `fanwe_nav` [ RunTime:0.003199s ]
SQL: SELECT * FROM `fanwe_nav` ORDER BY sort  [ RunTime:0.002071s ]
SQL: SHOW COLUMNS FROM `fanwe_deal_cate` [ RunTime:0.006488s ]
SQL: SELECT * FROM `fanwe_deal_cate` ORDER BY id  [ RunTime:0.010654s ]
SQL: SHOW COLUMNS FROM `fanwe_deal_keyword` [ RunTime:0.003293s ]
SQL: SELECT * FROM `fanwe_deal_keyword` LIMIT 1   [ RunTime:0.002088s ]
SQL: SHOW COLUMNS FROM `fanwe_showindex` [ RunTime:0.007430s ]
SQL: SELECT * FROM `fanwe_showindex`  [ RunTime:0.002786s ]
SQL: SHOW COLUMNS FROM `fanwe_deal` [ RunTime:0.015400s ]
SQL: SELECT id,name,image,end_time,limit_price,brief,support_amount,user_name,user_id,province,city,index_img FROM `fanwe_deal` WHERE ( `is_effect` = 1 ) ORDER BY sort desc,id desc LIMIT 0,7   [ RunTime:0.002559s ]
INFO: [ view_parse ] --START--
NOTIC: [8] Undefined index: uid /webHome/LFWZ000390/www/zc/Zc/Runtime/Cache/cc5c2cb31be8fd046a7cb83177e081f6.php 第 70 行.
INFO: ParseTemplate Behavior ::run [ RunTime:0.053430s ]
INFO: [ view_parse ] --END-- [ RunTime:0.053596s ]
INFO: [ view_filter ] --START--
INFO: ContentReplace Behavior ::run [ RunTime:0.000734s ]
INFO: TokenBuild Behavior ::run [ RunTime:0.000588s ]
INFO: WriteHtmlCache Behavior ::run [ RunTime:0.001491s ]
INFO: ShowRuntime Behavior ::run [ RunTime:0.000475s ]
INFO: [ view_filter ] --END-- [ RunTime:0.003929s ]
INFO: [ view_end ] --START--
INFO: ShowPageTrace Behavior ::run [ RunTime:0.004763s ]
INFO: [ view_end ] --END-- [ RunTime:0.005202s ]

[ 2015-08-02T17:41:25+08:00 ] 66.249.65.157 /zc/index.php?m=Deals&a=index&tid=9
INFO: [ app_begin ] --START--
INFO: ReadHtmlCache Behavior ::run [ RunTime:0.002261s ]
INFO: [ app_begin ] --END-- [ RunTime:0.002441s ]
SQL: SHOW COLUMNS FROM `fanwe_nav` [ RunTime:0.002593s ]
SQL: SELECT * FROM `fanwe_nav` ORDER BY sort  [ RunTime:0.004683s ]
SQL: SHOW COLUMNS FROM `fanwe_deal_cate` [ RunTime:0.002701s ]
SQL: SELECT * FROM `fanwe_deal_cate` ORDER BY id  [ RunTime:0.003849s ]
SQL: SHOW COLUMNS FROM `fanwe_deal_keyword` [ RunTime:0.002432s ]
SQL: SELECT * FROM `fanwe_deal_keyword` LIMIT 1   [ RunTime:0.001447s ]
NOTIC: [8] Undefined index: uid /webHome/LFWZ000390/www/zc/Zc/Lib/Action/DealsAction.class.php 第 18 行.

[ 2015-08-02T18:20:00+08:00 ] 66.249.65.165 /zc/index.php?m=News&a=index
INFO: [ app_begin ] --START--
INFO: ReadHtmlCache Behavior ::run [ RunTime:0.006876s ]
INFO: [ app_begin ] --END-- [ RunTime:0.007210s ]
SQL: SHOW COLUMNS FROM `fanwe_nav` [ RunTime:0.002942s ]
SQL: SELECT * FROM `fanwe_nav` ORDER BY sort  [ RunTime:0.001871s ]
SQL: SHOW COLUMNS FROM `fanwe_deal_cate` [ RunTime:0.003302s ]
SQL: SELECT * FROM `fanwe_deal_cate` ORDER BY id  [ RunTime:0.001928s ]
SQL: SHOW COLUMNS FROM `fanwe_deal_keyword` [ RunTime:0.005145s ]
SQL: SELECT * FROM `fanwe_deal_keyword` LIMIT 1   [ RunTime:0.001896s ]
SQL: SHOW COLUMNS FROM `fanwe_news` [ RunTime:0.002893s ]
SQL: SELECT COUNT(*) AS tp_count FROM `fanwe_news` WHERE ( `enable` = 1 ) LIMIT 1   [ RunTime:0.002025s ]
SQL: SELECT COUNT(*) AS tp_count FROM `fanwe_news` WHERE ( `enable` = 1 ) LIMIT 1   [ RunTime:0.002484s ]
SQL: SELECT * FROM `fanwe_news` ORDER BY addtime desc,rec desc LIMIT 0,10   [ RunTime:0.009388s ]
INFO: [ view_parse ] --START--
SQL: SHOW COLUMNS FROM `fanwe_conf` [ RunTime:0.011025s ]
SQL: SELECT `value` FROM `fanwe_conf` WHERE ( `name` = 'SEO_TITLE' ) LIMIT 1   [ RunTime:0.009775s ]
NOTIC: [8] Undefined index: uid /webHome/LFWZ000390/www/zc/Zc/Runtime/Cache/93be05964b36457006025cdbe2606e6a.php 第 107 行.
INFO: ParseTemplate Behavior ::run [ RunTime:0.071576s ]
INFO: [ view_parse ] --END-- [ RunTime:0.071728s ]
INFO: [ view_filter ] --START--
INFO: ContentReplace Behavior ::run [ RunTime:0.000730s ]
INFO: TokenBuild Behavior ::run [ RunTime:0.000469s ]
INFO: WriteHtmlCache Behavior ::run [ RunTime:0.000349s ]
INFO: ShowRuntime Behavior ::run [ RunTime:0.000485s ]
INFO: [ view_filter ] --END-- [ RunTime:0.002376s ]
INFO: [ view_end ] --START--
INFO: ShowPageTrace Behavior ::run [ RunTime:0.000494s ]
INFO: [ view_end ] --END-- [ RunTime:0.000616s ]

[ 2015-08-02T18:57:12+08:00 ] 66.249.65.171 /zc/index.php?m=Deals&a=index&tid=5
INFO: [ app_begin ] --START--
INFO: ReadHtmlCache Behavior ::run [ RunTime:0.000714s ]
INFO: [ app_begin ] --END-- [ RunTime:0.000848s ]
SQL: SHOW COLUMNS FROM `fanwe_nav` [ RunTime:0.003189s ]
SQL: SELECT * FROM `fanwe_nav` ORDER BY sort  [ RunTime:0.002106s ]
SQL: SHOW COLUMNS FROM `fanwe_deal_cate` [ RunTime:0.005777s ]
SQL: SELECT * FROM `fanwe_deal_cate` ORDER BY id  [ RunTime:0.003175s ]
SQL: SHOW COLUMNS FROM `fanwe_deal_keyword` [ RunTime:0.004382s ]
SQL: SELECT * FROM `fanwe_deal_keyword` LIMIT 1   [ RunTime:0.000960s ]
NOTIC: [8] Undefined index: uid /webHome/LFWZ000390/www/zc/Zc/Lib/Action/DealsAction.class.php 第 18 行.

[ 2015-08-02T20:13:00+08:00 ] 66.249.65.171 /zc/index.php?m=User&a=register
INFO: [ app_begin ] --START--
INFO: ReadHtmlCache Behavior ::run [ RunTime:0.009936s ]
INFO: [ app_begin ] --END-- [ RunTime:0.019772s ]
SQL: SHOW COLUMNS FROM `fanwe_nav` [ RunTime:0.003803s ]
SQL: SELECT * FROM `fanwe_nav` ORDER BY sort  [ RunTime:0.003023s ]
SQL: SHOW COLUMNS FROM `fanwe_deal_cate` [ RunTime:0.008995s ]
SQL: SELECT * FROM `fanwe_deal_cate` ORDER BY id  [ RunTime:0.003214s ]
SQL: SHOW COLUMNS FROM `fanwe_deal_keyword` [ RunTime:0.006418s ]
SQL: SELECT * FROM `fanwe_deal_keyword` LIMIT 1   [ RunTime:0.002003s ]
INFO: [ view_parse ] --START--
NOTIC: [8] Undefined index: uid /webHome/LFWZ000390/www/zc/Zc/Runtime/Cache/5ca447943347623fc7c870efb9c9908d.php 第 80 行.
INFO: ParseTemplate Behavior ::run [ RunTime:0.028866s ]
INFO: [ view_parse ] --END-- [ RunTime:0.029079s ]
INFO: [ view_filter ] --START--
INFO: ContentReplace Behavior ::run [ RunTime:0.001498s ]
INFO: TokenBuild Behavior ::run [ RunTime:0.000489s ]
INFO: WriteHtmlCache Behavior ::run [ RunTime:0.000605s ]
INFO: ShowRuntime Behavior ::run [ RunTime:0.008287s ]
INFO: [ view_filter ] --END-- [ RunTime:0.011567s ]
INFO: [ view_end ] --START--
INFO: ShowPageTrace Behavior ::run [ RunTime:0.000714s ]
INFO: [ view_end ] --END-- [ RunTime:0.000819s ]

[ 2015-08-02T21:02:27+08:00 ] 66.249.65.179 /zc/
INFO: [ app_begin ] --START--
INFO: ReadHtmlCache Behavior ::run [ RunTime:0.000431s ]
INFO: [ app_begin ] --END-- [ RunTime:0.000561s ]
SQL: SHOW COLUMNS FROM `fanwe_nav` [ RunTime:0.003320s ]
SQL: SELECT * FROM `fanwe_nav` ORDER BY sort  [ RunTime:0.001610s ]
SQL: SHOW COLUMNS FROM `fanwe_deal_cate` [ RunTime:0.002702s ]
SQL: SELECT * FROM `fanwe_deal_cate` ORDER BY id  [ RunTime:0.000872s ]
SQL: SHOW COLUMNS FROM `fanwe_deal_keyword` [ RunTime:0.002547s ]
SQL: SELECT * FROM `fanwe_deal_keyword` LIMIT 1   [ RunTime:0.009315s ]
SQL: SHOW COLUMNS FROM `fanwe_showindex` [ RunTime:0.002659s ]
SQL: SELECT * FROM `fanwe_showindex`  [ RunTime:0.002892s ]
SQL: SHOW COLUMNS FROM `fanwe_deal` [ RunTime:0.009025s ]
SQL: SELECT id,name,image,end_time,limit_price,brief,support_amount,user_name,user_id,province,city,index_img FROM `fanwe_deal` WHERE ( `is_effect` = 1 ) ORDER BY sort desc,id desc LIMIT 0,7   [ RunTime:0.003304s ]
INFO: [ view_parse ] --START--
NOTIC: [8] Undefined index: uid /webHome/LFWZ000390/www/zc/Zc/Runtime/Cache/cc5c2cb31be8fd046a7cb83177e081f6.php 第 70 行.
INFO: ParseTemplate Behavior ::run [ RunTime:0.065081s ]
INFO: [ view_parse ] --END-- [ RunTime:0.066235s ]
INFO: [ view_filter ] --START--
INFO: ContentReplace Behavior ::run [ RunTime:0.004845s ]
INFO: TokenBuild Behavior ::run [ RunTime:0.000522s ]
INFO: WriteHtmlCache Behavior ::run [ RunTime:0.000418s ]
INFO: ShowRuntime Behavior ::run [ RunTime:0.000725s ]
INFO: [ view_filter ] --END-- [ RunTime:0.006837s ]
INFO: [ view_end ] --START--
INFO: ShowPageTrace Behavior ::run [ RunTime:0.000502s ]
INFO: [ view_end ] --END-- [ RunTime:0.000624s ]

[ 2015-08-02T21:25:14+08:00 ] 66.249.65.179 /zc/
INFO: [ app_begin ] --START--
INFO: ReadHtmlCache Behavior ::run [ RunTime:0.000434s ]
INFO: [ app_begin ] --END-- [ RunTime:0.000560s ]
SQL: SHOW COLUMNS FROM `fanwe_nav` [ RunTime:0.007188s ]
SQL: SELECT * FROM `fanwe_nav` ORDER BY sort  [ RunTime:0.019686s ]
SQL: SHOW COLUMNS FROM `fanwe_deal_cate` [ RunTime:0.002629s ]
SQL: SELECT * FROM `fanwe_deal_cate` ORDER BY id  [ RunTime:0.001887s ]
SQL: SHOW COLUMNS FROM `fanwe_deal_keyword` [ RunTime:0.010087s ]
SQL: SELECT * FROM `fanwe_deal_keyword` LIMIT 1   [ RunTime:0.001752s ]
SQL: SHOW COLUMNS FROM `fanwe_showindex` [ RunTime:0.007092s ]
SQL: SELECT * FROM `fanwe_showindex`  [ RunTime:0.002645s ]
SQL: SHOW COLUMNS FROM `fanwe_deal` [ RunTime:0.008715s ]
SQL: SELECT id,name,image,end_time,limit_price,brief,support_amount,user_name,user_id,province,city,index_img FROM `fanwe_deal` WHERE ( `is_effect` = 1 ) ORDER BY sort desc,id desc LIMIT 0,7   [ RunTime:0.009784s ]
INFO: [ view_parse ] --START--
NOTIC: [8] Undefined index: uid /webHome/LFWZ000390/www/zc/Zc/Runtime/Cache/cc5c2cb31be8fd046a7cb83177e081f6.php 第 70 行.
INFO: ParseTemplate Behavior ::run [ RunTime:0.068980s ]
INFO: [ view_parse ] --END-- [ RunTime:0.069429s ]
INFO: [ view_filter ] --START--
INFO: ContentReplace Behavior ::run [ RunTime:0.000640s ]
INFO: TokenBuild Behavior ::run [ RunTime:0.000441s ]
INFO: WriteHtmlCache Behavior ::run [ RunTime:0.000417s ]
INFO: ShowRuntime Behavior ::run [ RunTime:0.000489s ]
INFO: [ view_filter ] --END-- [ RunTime:0.002256s ]
INFO: [ view_end ] --START--
INFO: ShowPageTrace Behavior ::run [ RunTime:0.000548s ]
INFO: [ view_end ] --END-- [ RunTime:0.000641s ]

[ 2015-08-02T21:28:47+08:00 ] 66.249.65.157 /zc/index.php?m=Deals&a=index&tid=6
INFO: [ app_begin ] --START--
INFO: ReadHtmlCache Behavior ::run [ RunTime:0.000450s ]
INFO: [ app_begin ] --END-- [ RunTime:0.000583s ]
SQL: SHOW COLUMNS FROM `fanwe_nav` [ RunTime:0.002926s ]
SQL: SELECT * FROM `fanwe_nav` ORDER BY sort  [ RunTime:0.003757s ]
SQL: SHOW COLUMNS FROM `fanwe_deal_cate` [ RunTime:0.002835s ]
SQL: SELECT * FROM `fanwe_deal_cate` ORDER BY id  [ RunTime:0.001643s ]
SQL: SHOW COLUMNS FROM `fanwe_deal_keyword` [ RunTime:0.004031s ]
SQL: SELECT * FROM `fanwe_deal_keyword` LIMIT 1   [ RunTime:0.001726s ]
NOTIC: [8] Undefined index: uid /webHome/LFWZ000390/www/zc/Zc/Lib/Action/DealsAction.class.php 第 18 行.

[ 2015-08-02T22:44:34+08:00 ] 66.249.65.171 /zc/index.php?m=Deals&a=index&tid=14
INFO: [ app_begin ] --START--
INFO: ReadHtmlCache Behavior ::run [ RunTime:0.000505s ]
INFO: [ app_begin ] --END-- [ RunTime:0.016007s ]
SQL: SHOW COLUMNS FROM `fanwe_nav` [ RunTime:0.006764s ]
SQL: SELECT * FROM `fanwe_nav` ORDER BY sort  [ RunTime:0.001563s ]
SQL: SHOW COLUMNS FROM `fanwe_deal_cate` [ RunTime:0.002841s ]
SQL: SELECT * FROM `fanwe_deal_cate` ORDER BY id  [ RunTime:0.005722s ]
SQL: SHOW COLUMNS FROM `fanwe_deal_keyword` [ RunTime:0.006537s ]
SQL: SELECT * FROM `fanwe_deal_keyword` LIMIT 1   [ RunTime:0.004503s ]
NOTIC: [8] Undefined index: uid /webHome/LFWZ000390/www/zc/Zc/Lib/Action/DealsAction.class.php 第 18 行.

[ 2015-08-02T22:44:40+08:00 ] 66.249.65.164 /zc/index.php?m=User&a=login
INFO: [ app_begin ] --START--
INFO: ReadHtmlCache Behavior ::run [ RunTime:0.001009s ]
INFO: [ app_begin ] --END-- [ RunTime:0.001140s ]
SQL: SHOW COLUMNS FROM `fanwe_nav` [ RunTime:0.003437s ]
SQL: SELECT * FROM `fanwe_nav` ORDER BY sort  [ RunTime:0.002747s ]
SQL: SHOW COLUMNS FROM `fanwe_deal_cate` [ RunTime:0.002760s ]
SQL: SELECT * FROM `fanwe_deal_cate` ORDER BY id  [ RunTime:0.001407s ]
SQL: SHOW COLUMNS FROM `fanwe_deal_keyword` [ RunTime:0.003610s ]
SQL: SELECT * FROM `fanwe_deal_keyword` LIMIT 1   [ RunTime:0.000741s ]
INFO: [ view_parse ] --START--
NOTIC: [8] Undefined index: uid /webHome/LFWZ000390/www/zc/Zc/Runtime/Cache/42b90be8e9c40e58e803cfb6a2f683e9.php 第 76 行.
INFO: ParseTemplate Behavior ::run [ RunTime:0.022271s ]
INFO: [ view_parse ] --END-- [ RunTime:0.022390s ]
INFO: [ view_filter ] --START--
INFO: ContentReplace Behavior ::run [ RunTime:0.000700s ]
INFO: TokenBuild Behavior ::run [ RunTime:0.000485s ]
INFO: WriteHtmlCache Behavior ::run [ RunTime:0.000480s ]
INFO: ShowRuntime Behavior ::run [ RunTime:0.000444s ]
INFO: [ view_filter ] --END-- [ RunTime:0.002716s ]
INFO: [ view_end ] --START--
INFO: ShowPageTrace Behavior ::run [ RunTime:0.000465s ]
INFO: [ view_end ] --END-- [ RunTime:0.000553s ]

