[ 2015-06-04T13:28:50+08:00 ] 0.0.0.0 /zcw/
INFO: [ app_begin ] --START--
INFO: ReadHtmlCache Behavior ::run [ RunTime:0.000000s ]
INFO: [ app_begin ] --END-- [ RunTime:0.000000s ]
SQL: SHOW COLUMNS FROM `fanwe_deal` [ RunTime:0.003000s ]
SQL: SELECT id,name,image,end_time,limit_price,brief,support_amount,user_name,user_id,province,city FROM `fanwe_deal` WHERE ( `is_effect` = 1 ) AND ( `is_recommend` = 1 ) ORDER BY sort desc,id desc LIMIT 0,5   [ RunTime:0.001000s ]
SQL: SELECT id,name,image,end_time,limit_price,brief,support_amount,user_name,user_id,province,city FROM `fanwe_deal` WHERE ( `is_effect` = 1 ) AND ( `is_classic` = 1 ) ORDER BY sort desc,id desc LIMIT 0,5   [ RunTime:0.000000s ]
INFO: [ view_parse ] --START--
SQL: SHOW COLUMNS FROM `fanwe_conf` [ RunTime:0.002000s ]
SQL: SELECT `value` FROM `fanwe_conf` WHERE ( `name` = 'SEO_TITLE' ) LIMIT 1   [ RunTime:0.000000s ]
SQL: SELECT `value` FROM `fanwe_conf` WHERE ( `name` = 'SEO_KEYWORD' ) LIMIT 1   [ RunTime:0.000000s ]
SQL: SELECT `value` FROM `fanwe_conf` WHERE ( `name` = 'SEO_DESCRIPTION' ) LIMIT 1   [ RunTime:0.001000s ]
SQL: SHOW COLUMNS FROM `fanwe_nav` [ RunTime:0.002000s ]
SQL: SELECT * FROM `fanwe_nav` ORDER BY sort  [ RunTime:0.000000s ]
SQL: SHOW COLUMNS FROM `fanwe_deal_cate` [ RunTime:0.002000s ]
SQL: SELECT * FROM `fanwe_deal_cate` ORDER BY id  [ RunTime:0.000000s ]
NOTIC: [8] Use of undefined constant id - assumed 'id' E:\workspace\zcw\App\Runtime\Cache\f331a3f0d874c4248458495ef2c2c2d1.php 第 242 行.
NOTIC: [8] Use of undefined constant id - assumed 'id' E:\workspace\zcw\App\Runtime\Cache\f331a3f0d874c4248458495ef2c2c2d1.php 第 246 行.
NOTIC: [8] Use of undefined constant support_amount - assumed 'support_amount' E:\workspace\zcw\App\Runtime\Cache\f331a3f0d874c4248458495ef2c2c2d1.php 第 253 行.
NOTIC: [8] Use of undefined constant limit_price - assumed 'limit_price' E:\workspace\zcw\App\Runtime\Cache\f331a3f0d874c4248458495ef2c2c2d1.php 第 253 行.
NOTIC: [8] Use of undefined constant support_amount - assumed 'support_amount' E:\workspace\zcw\App\Runtime\Cache\f331a3f0d874c4248458495ef2c2c2d1.php 第 255 行.
NOTIC: [8] Use of undefined constant limit_price - assumed 'limit_price' E:\workspace\zcw\App\Runtime\Cache\f331a3f0d874c4248458495ef2c2c2d1.php 第 255 行.
NOTIC: [8] Use of undefined constant id - assumed 'id' E:\workspace\zcw\App\Runtime\Cache\f331a3f0d874c4248458495ef2c2c2d1.php 第 242 行.
NOTIC: [8] Use of undefined constant id - assumed 'id' E:\workspace\zcw\App\Runtime\Cache\f331a3f0d874c4248458495ef2c2c2d1.php 第 246 行.
NOTIC: [8] Use of undefined constant support_amount - assumed 'support_amount' E:\workspace\zcw\App\Runtime\Cache\f331a3f0d874c4248458495ef2c2c2d1.php 第 253 行.
NOTIC: [8] Use of undefined constant limit_price - assumed 'limit_price' E:\workspace\zcw\App\Runtime\Cache\f331a3f0d874c4248458495ef2c2c2d1.php 第 253 行.
NOTIC: [8] Use of undefined constant support_amount - assumed 'support_amount' E:\workspace\zcw\App\Runtime\Cache\f331a3f0d874c4248458495ef2c2c2d1.php 第 255 行.
NOTIC: [8] Use of undefined constant limit_price - assumed 'limit_price' E:\workspace\zcw\App\Runtime\Cache\f331a3f0d874c4248458495ef2c2c2d1.php 第 255 行.
NOTIC: [8] Use of undefined constant id - assumed 'id' E:\workspace\zcw\App\Runtime\Cache\f331a3f0d874c4248458495ef2c2c2d1.php 第 242 行.
NOTIC: [8] Use of undefined constant id - assumed 'id' E:\workspace\zcw\App\Runtime\Cache\f331a3f0d874c4248458495ef2c2c2d1.php 第 246 行.
NOTIC: [8] Use of undefined constant support_amount - assumed 'support_amount' E:\workspace\zcw\App\Runtime\Cache\f331a3f0d874c4248458495ef2c2c2d1.php 第 253 行.
NOTIC: [8] Use of undefined constant limit_price - assumed 'limit_price' E:\workspace\zcw\App\Runtime\Cache\f331a3f0d874c4248458495ef2c2c2d1.php 第 253 行.
NOTIC: [8] Use of undefined constant support_amount - assumed 'support_amount' E:\workspace\zcw\App\Runtime\Cache\f331a3f0d874c4248458495ef2c2c2d1.php 第 255 行.
NOTIC: [8] Use of undefined constant limit_price - assumed 'limit_price' E:\workspace\zcw\App\Runtime\Cache\f331a3f0d874c4248458495ef2c2c2d1.php 第 255 行.
NOTIC: [8] Use of undefined constant id - assumed 'id' E:\workspace\zcw\App\Runtime\Cache\f331a3f0d874c4248458495ef2c2c2d1.php 第 242 行.
NOTIC: [8] Use of undefined constant id - assumed 'id' E:\workspace\zcw\App\Runtime\Cache\f331a3f0d874c4248458495ef2c2c2d1.php 第 246 行.
NOTIC: [8] Use of undefined constant support_amount - assumed 'support_amount' E:\workspace\zcw\App\Runtime\Cache\f331a3f0d874c4248458495ef2c2c2d1.php 第 253 行.
NOTIC: [8] Use of undefined constant limit_price - assumed 'limit_price' E:\workspace\zcw\App\Runtime\Cache\f331a3f0d874c4248458495ef2c2c2d1.php 第 253 行.
NOTIC: [8] Use of undefined constant support_amount - assumed 'support_amount' E:\workspace\zcw\App\Runtime\Cache\f331a3f0d874c4248458495ef2c2c2d1.php 第 255 行.
NOTIC: [8] Use of undefined constant limit_price - assumed 'limit_price' E:\workspace\zcw\App\Runtime\Cache\f331a3f0d874c4248458495ef2c2c2d1.php 第 255 行.
SQL: SELECT COUNT(*) AS tp_count FROM `fanwe_deal` LIMIT 1   [ RunTime:0.000000s ]
SQL: SELECT SUM(support_count) AS tp_sum FROM `fanwe_deal` LIMIT 1   [ RunTime:0.000000s ]
SQL: SELECT SUM(support_amount) AS tp_sum FROM `fanwe_deal` LIMIT 1   [ RunTime:0.000000s ]
NOTIC: [8] Use of undefined constant id - assumed 'id' E:\workspace\zcw\App\Runtime\Cache\f331a3f0d874c4248458495ef2c2c2d1.php 第 352 行.
NOTIC: [8] Use of undefined constant id - assumed 'id' E:\workspace\zcw\App\Runtime\Cache\f331a3f0d874c4248458495ef2c2c2d1.php 第 356 行.
NOTIC: [8] Use of undefined constant support_amount - assumed 'support_amount' E:\workspace\zcw\App\Runtime\Cache\f331a3f0d874c4248458495ef2c2c2d1.php 第 363 行.
NOTIC: [8] Use of undefined constant limit_price - assumed 'limit_price' E:\workspace\zcw\App\Runtime\Cache\f331a3f0d874c4248458495ef2c2c2d1.php 第 363 行.
NOTIC: [8] Use of undefined constant support_amount - assumed 'support_amount' E:\workspace\zcw\App\Runtime\Cache\f331a3f0d874c4248458495ef2c2c2d1.php 第 365 行.
NOTIC: [8] Use of undefined constant limit_price - assumed 'limit_price' E:\workspace\zcw\App\Runtime\Cache\f331a3f0d874c4248458495ef2c2c2d1.php 第 365 行.
NOTIC: [8] Use of undefined constant id - assumed 'id' E:\workspace\zcw\App\Runtime\Cache\f331a3f0d874c4248458495ef2c2c2d1.php 第 352 行.
NOTIC: [8] Use of undefined constant id - assumed 'id' E:\workspace\zcw\App\Runtime\Cache\f331a3f0d874c4248458495ef2c2c2d1.php 第 356 行.
NOTIC: [8] Use of undefined constant support_amount - assumed 'support_amount' E:\workspace\zcw\App\Runtime\Cache\f331a3f0d874c4248458495ef2c2c2d1.php 第 363 行.
NOTIC: [8] Use of undefined constant limit_price - assumed 'limit_price' E:\workspace\zcw\App\Runtime\Cache\f331a3f0d874c4248458495ef2c2c2d1.php 第 363 行.
NOTIC: [8] Use of undefined constant support_amount - assumed 'support_amount' E:\workspace\zcw\App\Runtime\Cache\f331a3f0d874c4248458495ef2c2c2d1.php 第 365 行.
NOTIC: [8] Use of undefined constant limit_price - assumed 'limit_price' E:\workspace\zcw\App\Runtime\Cache\f331a3f0d874c4248458495ef2c2c2d1.php 第 365 行.
NOTIC: [8] Use of undefined constant id - assumed 'id' E:\workspace\zcw\App\Runtime\Cache\f331a3f0d874c4248458495ef2c2c2d1.php 第 352 行.
NOTIC: [8] Use of undefined constant id - assumed 'id' E:\workspace\zcw\App\Runtime\Cache\f331a3f0d874c4248458495ef2c2c2d1.php 第 356 行.
NOTIC: [8] Use of undefined constant support_amount - assumed 'support_amount' E:\workspace\zcw\App\Runtime\Cache\f331a3f0d874c4248458495ef2c2c2d1.php 第 363 行.
NOTIC: [8] Use of undefined constant limit_price - assumed 'limit_price' E:\workspace\zcw\App\Runtime\Cache\f331a3f0d874c4248458495ef2c2c2d1.php 第 363 行.
NOTIC: [8] Use of undefined constant support_amount - assumed 'support_amount' E:\workspace\zcw\App\Runtime\Cache\f331a3f0d874c4248458495ef2c2c2d1.php 第 365 行.
NOTIC: [8] Use of undefined constant limit_price - assumed 'limit_price' E:\workspace\zcw\App\Runtime\Cache\f331a3f0d874c4248458495ef2c2c2d1.php 第 365 行.
SQL: SHOW COLUMNS FROM `fanwe_help` [ RunTime:0.002000s ]
SQL: SELECT * FROM `fanwe_help`  [ RunTime:0.001001s ]
SQL: SELECT `value` FROM `fanwe_conf` WHERE ( `name` = 'BEI_AN' ) LIMIT 1   [ RunTime:0.000000s ]
INFO: ParseTemplate Behavior ::run [ RunTime:0.027002s ]
INFO: [ view_parse ] --END-- [ RunTime:0.027002s ]
INFO: [ view_filter ] --START--
INFO: ContentReplace Behavior ::run [ RunTime:0.001000s ]
INFO: TokenBuild Behavior ::run [ RunTime:0.000000s ]
INFO: WriteHtmlCache Behavior ::run [ RunTime:0.001000s ]
INFO: ShowRuntime Behavior ::run [ RunTime:0.000000s ]
INFO: [ view_filter ] --END-- [ RunTime:0.002000s ]
INFO: [ view_end ] --START--
INFO: ShowPageTrace Behavior ::run [ RunTime:0.001000s ]
INFO: [ view_end ] --END-- [ RunTime:0.001000s ]

[ 2015-06-04T15:57:02+08:00 ] 0.0.0.0 /zcw/
INFO: [ app_begin ] --START--
INFO: ReadHtmlCache Behavior ::run [ RunTime:0.000000s ]
INFO: [ app_begin ] --END-- [ RunTime:0.001000s ]
SQL: SHOW COLUMNS FROM `fanwe_deal` [ RunTime:0.003000s ]
SQL: SELECT id,name,image,end_time,limit_price,brief,support_amount,user_name,user_id,province,city FROM `fanwe_deal` WHERE ( `is_effect` = 1 ) AND ( `is_recommend` = 1 ) ORDER BY sort desc,id desc LIMIT 0,5   [ RunTime:0.001000s ]
SQL: SELECT id,name,image,end_time,limit_price,brief,support_amount,user_name,user_id,province,city FROM `fanwe_deal` WHERE ( `is_effect` = 1 ) AND ( `is_classic` = 1 ) ORDER BY sort desc,id desc LIMIT 0,5   [ RunTime:0.000000s ]
INFO: [ view_parse ] --START--
SQL: SHOW COLUMNS FROM `fanwe_conf` [ RunTime:0.002000s ]
SQL: SELECT `value` FROM `fanwe_conf` WHERE ( `name` = 'SEO_TITLE' ) LIMIT 1   [ RunTime:0.001000s ]
SQL: SELECT `value` FROM `fanwe_conf` WHERE ( `name` = 'SEO_KEYWORD' ) LIMIT 1   [ RunTime:0.000000s ]
SQL: SELECT `value` FROM `fanwe_conf` WHERE ( `name` = 'SEO_DESCRIPTION' ) LIMIT 1   [ RunTime:0.001000s ]
SQL: SHOW COLUMNS FROM `fanwe_nav` [ RunTime:0.002000s ]
SQL: SELECT * FROM `fanwe_nav` ORDER BY sort  [ RunTime:0.000000s ]
SQL: SHOW COLUMNS FROM `fanwe_deal_cate` [ RunTime:0.002000s ]
SQL: SELECT * FROM `fanwe_deal_cate` ORDER BY id  [ RunTime:0.001000s ]
NOTIC: [8] Use of undefined constant id - assumed 'id' E:\workspace\zcw\App\Runtime\Cache\f331a3f0d874c4248458495ef2c2c2d1.php 第 242 行.
NOTIC: [8] Use of undefined constant id - assumed 'id' E:\workspace\zcw\App\Runtime\Cache\f331a3f0d874c4248458495ef2c2c2d1.php 第 246 行.
NOTIC: [8] Use of undefined constant support_amount - assumed 'support_amount' E:\workspace\zcw\App\Runtime\Cache\f331a3f0d874c4248458495ef2c2c2d1.php 第 253 行.
NOTIC: [8] Use of undefined constant limit_price - assumed 'limit_price' E:\workspace\zcw\App\Runtime\Cache\f331a3f0d874c4248458495ef2c2c2d1.php 第 253 行.
NOTIC: [8] Use of undefined constant support_amount - assumed 'support_amount' E:\workspace\zcw\App\Runtime\Cache\f331a3f0d874c4248458495ef2c2c2d1.php 第 255 行.
NOTIC: [8] Use of undefined constant limit_price - assumed 'limit_price' E:\workspace\zcw\App\Runtime\Cache\f331a3f0d874c4248458495ef2c2c2d1.php 第 255 行.
NOTIC: [8] Use of undefined constant id - assumed 'id' E:\workspace\zcw\App\Runtime\Cache\f331a3f0d874c4248458495ef2c2c2d1.php 第 242 行.
NOTIC: [8] Use of undefined constant id - assumed 'id' E:\workspace\zcw\App\Runtime\Cache\f331a3f0d874c4248458495ef2c2c2d1.php 第 246 行.
NOTIC: [8] Use of undefined constant support_amount - assumed 'support_amount' E:\workspace\zcw\App\Runtime\Cache\f331a3f0d874c4248458495ef2c2c2d1.php 第 253 行.
NOTIC: [8] Use of undefined constant limit_price - assumed 'limit_price' E:\workspace\zcw\App\Runtime\Cache\f331a3f0d874c4248458495ef2c2c2d1.php 第 253 行.
NOTIC: [8] Use of undefined constant support_amount - assumed 'support_amount' E:\workspace\zcw\App\Runtime\Cache\f331a3f0d874c4248458495ef2c2c2d1.php 第 255 行.
NOTIC: [8] Use of undefined constant limit_price - assumed 'limit_price' E:\workspace\zcw\App\Runtime\Cache\f331a3f0d874c4248458495ef2c2c2d1.php 第 255 行.
NOTIC: [8] Use of undefined constant id - assumed 'id' E:\workspace\zcw\App\Runtime\Cache\f331a3f0d874c4248458495ef2c2c2d1.php 第 242 行.
NOTIC: [8] Use of undefined constant id - assumed 'id' E:\workspace\zcw\App\Runtime\Cache\f331a3f0d874c4248458495ef2c2c2d1.php 第 246 行.
NOTIC: [8] Use of undefined constant support_amount - assumed 'support_amount' E:\workspace\zcw\App\Runtime\Cache\f331a3f0d874c4248458495ef2c2c2d1.php 第 253 行.
NOTIC: [8] Use of undefined constant limit_price - assumed 'limit_price' E:\workspace\zcw\App\Runtime\Cache\f331a3f0d874c4248458495ef2c2c2d1.php 第 253 行.
NOTIC: [8] Use of undefined constant support_amount - assumed 'support_amount' E:\workspace\zcw\App\Runtime\Cache\f331a3f0d874c4248458495ef2c2c2d1.php 第 255 行.
NOTIC: [8] Use of undefined constant limit_price - assumed 'limit_price' E:\workspace\zcw\App\Runtime\Cache\f331a3f0d874c4248458495ef2c2c2d1.php 第 255 行.
NOTIC: [8] Use of undefined constant id - assumed 'id' E:\workspace\zcw\App\Runtime\Cache\f331a3f0d874c4248458495ef2c2c2d1.php 第 242 行.
NOTIC: [8] Use of undefined constant id - assumed 'id' E:\workspace\zcw\App\Runtime\Cache\f331a3f0d874c4248458495ef2c2c2d1.php 第 246 行.
NOTIC: [8] Use of undefined constant support_amount - assumed 'support_amount' E:\workspace\zcw\App\Runtime\Cache\f331a3f0d874c4248458495ef2c2c2d1.php 第 253 行.
NOTIC: [8] Use of undefined constant limit_price - assumed 'limit_price' E:\workspace\zcw\App\Runtime\Cache\f331a3f0d874c4248458495ef2c2c2d1.php 第 253 行.
NOTIC: [8] Use of undefined constant support_amount - assumed 'support_amount' E:\workspace\zcw\App\Runtime\Cache\f331a3f0d874c4248458495ef2c2c2d1.php 第 255 行.
NOTIC: [8] Use of undefined constant limit_price - assumed 'limit_price' E:\workspace\zcw\App\Runtime\Cache\f331a3f0d874c4248458495ef2c2c2d1.php 第 255 行.
SQL: SELECT COUNT(*) AS tp_count FROM `fanwe_deal` LIMIT 1   [ RunTime:0.000000s ]
SQL: SELECT SUM(support_count) AS tp_sum FROM `fanwe_deal` LIMIT 1   [ RunTime:0.001000s ]
SQL: SELECT SUM(support_amount) AS tp_sum FROM `fanwe_deal` LIMIT 1   [ RunTime:0.000000s ]
NOTIC: [8] Use of undefined constant id - assumed 'id' E:\workspace\zcw\App\Runtime\Cache\f331a3f0d874c4248458495ef2c2c2d1.php 第 352 行.
NOTIC: [8] Use of undefined constant id - assumed 'id' E:\workspace\zcw\App\Runtime\Cache\f331a3f0d874c4248458495ef2c2c2d1.php 第 356 行.
NOTIC: [8] Use of undefined constant support_amount - assumed 'support_amount' E:\workspace\zcw\App\Runtime\Cache\f331a3f0d874c4248458495ef2c2c2d1.php 第 363 行.
NOTIC: [8] Use of undefined constant limit_price - assumed 'limit_price' E:\workspace\zcw\App\Runtime\Cache\f331a3f0d874c4248458495ef2c2c2d1.php 第 363 行.
NOTIC: [8] Use of undefined constant support_amount - assumed 'support_amount' E:\workspace\zcw\App\Runtime\Cache\f331a3f0d874c4248458495ef2c2c2d1.php 第 365 行.
NOTIC: [8] Use of undefined constant limit_price - assumed 'limit_price' E:\workspace\zcw\App\Runtime\Cache\f331a3f0d874c4248458495ef2c2c2d1.php 第 365 行.
NOTIC: [8] Use of undefined constant id - assumed 'id' E:\workspace\zcw\App\Runtime\Cache\f331a3f0d874c4248458495ef2c2c2d1.php 第 352 行.
NOTIC: [8] Use of undefined constant id - assumed 'id' E:\workspace\zcw\App\Runtime\Cache\f331a3f0d874c4248458495ef2c2c2d1.php 第 356 行.
NOTIC: [8] Use of undefined constant support_amount - assumed 'support_amount' E:\workspace\zcw\App\Runtime\Cache\f331a3f0d874c4248458495ef2c2c2d1.php 第 363 行.
NOTIC: [8] Use of undefined constant limit_price - assumed 'limit_price' E:\workspace\zcw\App\Runtime\Cache\f331a3f0d874c4248458495ef2c2c2d1.php 第 363 行.
NOTIC: [8] Use of undefined constant support_amount - assumed 'support_amount' E:\workspace\zcw\App\Runtime\Cache\f331a3f0d874c4248458495ef2c2c2d1.php 第 365 行.
NOTIC: [8] Use of undefined constant limit_price - assumed 'limit_price' E:\workspace\zcw\App\Runtime\Cache\f331a3f0d874c4248458495ef2c2c2d1.php 第 365 行.
NOTIC: [8] Use of undefined constant id - assumed 'id' E:\workspace\zcw\App\Runtime\Cache\f331a3f0d874c4248458495ef2c2c2d1.php 第 352 行.
NOTIC: [8] Use of undefined constant id - assumed 'id' E:\workspace\zcw\App\Runtime\Cache\f331a3f0d874c4248458495ef2c2c2d1.php 第 356 行.
NOTIC: [8] Use of undefined constant support_amount - assumed 'support_amount' E:\workspace\zcw\App\Runtime\Cache\f331a3f0d874c4248458495ef2c2c2d1.php 第 363 行.
NOTIC: [8] Use of undefined constant limit_price - assumed 'limit_price' E:\workspace\zcw\App\Runtime\Cache\f331a3f0d874c4248458495ef2c2c2d1.php 第 363 行.
NOTIC: [8] Use of undefined constant support_amount - assumed 'support_amount' E:\workspace\zcw\App\Runtime\Cache\f331a3f0d874c4248458495ef2c2c2d1.php 第 365 行.
NOTIC: [8] Use of undefined constant limit_price - assumed 'limit_price' E:\workspace\zcw\App\Runtime\Cache\f331a3f0d874c4248458495ef2c2c2d1.php 第 365 行.
SQL: SHOW COLUMNS FROM `fanwe_help` [ RunTime:0.002000s ]
SQL: SELECT * FROM `fanwe_help`  [ RunTime:0.001000s ]
SQL: SELECT `value` FROM `fanwe_conf` WHERE ( `name` = 'BEI_AN' ) LIMIT 1   [ RunTime:0.000000s ]
INFO: ParseTemplate Behavior ::run [ RunTime:0.030002s ]
INFO: [ view_parse ] --END-- [ RunTime:0.030002s ]
INFO: [ view_filter ] --START--
INFO: ContentReplace Behavior ::run [ RunTime:0.001000s ]
INFO: TokenBuild Behavior ::run [ RunTime:0.000000s ]
INFO: WriteHtmlCache Behavior ::run [ RunTime:0.001000s ]
INFO: ShowRuntime Behavior ::run [ RunTime:0.000000s ]
INFO: [ view_filter ] --END-- [ RunTime:0.002000s ]
INFO: [ view_end ] --START--
INFO: ShowPageTrace Behavior ::run [ RunTime:0.001000s ]
INFO: [ view_end ] --END-- [ RunTime:0.001000s ]

[ 2015-06-04T19:45:44+08:00 ] 127.0.0.1 /zcw/
INFO: [ app_begin ] --START--
INFO: ReadHtmlCache Behavior ::run [ RunTime:0.000000s ]
INFO: [ app_begin ] --END-- [ RunTime:0.000000s ]
SQL: SHOW COLUMNS FROM `fanwe_deal` [ RunTime:0.016600s ]
SQL: SELECT id,name,image,end_time,limit_price,brief,support_amount,user_name,user_id,province,city FROM `fanwe_deal` WHERE ( `is_effect` = 1 ) AND ( `is_recommend` = 1 ) ORDER BY sort desc,id desc LIMIT 0,5   [ RunTime:0.198201s ]
SQL: SELECT id,name,image,end_time,limit_price,brief,support_amount,user_name,user_id,province,city FROM `fanwe_deal` WHERE ( `is_effect` = 1 ) AND ( `is_classic` = 1 ) ORDER BY sort desc,id desc LIMIT 0,5   [ RunTime:0.000000s ]
INFO: [ view_parse ] --START--
SQL: SHOW COLUMNS FROM `fanwe_conf` [ RunTime:0.036200s ]
SQL: SELECT `value` FROM `fanwe_conf` WHERE ( `name` = 'SEO_TITLE' ) LIMIT 1   [ RunTime:0.141802s ]
SQL: SELECT `value` FROM `fanwe_conf` WHERE ( `name` = 'SEO_KEYWORD' ) LIMIT 1   [ RunTime:0.000000s ]
SQL: SELECT `value` FROM `fanwe_conf` WHERE ( `name` = 'SEO_DESCRIPTION' ) LIMIT 1   [ RunTime:0.000000s ]
SQL: SHOW COLUMNS FROM `fanwe_nav` [ RunTime:0.069400s ]
SQL: SELECT * FROM `fanwe_nav` ORDER BY sort  [ RunTime:0.000000s ]
SQL: SHOW COLUMNS FROM `fanwe_deal_cate` [ RunTime:0.000000s ]
SQL: SELECT * FROM `fanwe_deal_cate` ORDER BY id  [ RunTime:0.000000s ]
NOTIC: [8] Use of undefined constant id - assumed 'id' E:\workspaceszend\zcw\App\Runtime\Cache\f331a3f0d874c4248458495ef2c2c2d1.php 第 242 行.
NOTIC: [8] Use of undefined constant id - assumed 'id' E:\workspaceszend\zcw\App\Runtime\Cache\f331a3f0d874c4248458495ef2c2c2d1.php 第 246 行.
NOTIC: [8] Use of undefined constant support_amount - assumed 'support_amount' E:\workspaceszend\zcw\App\Runtime\Cache\f331a3f0d874c4248458495ef2c2c2d1.php 第 253 行.
NOTIC: [8] Use of undefined constant limit_price - assumed 'limit_price' E:\workspaceszend\zcw\App\Runtime\Cache\f331a3f0d874c4248458495ef2c2c2d1.php 第 253 行.
NOTIC: [8] Use of undefined constant support_amount - assumed 'support_amount' E:\workspaceszend\zcw\App\Runtime\Cache\f331a3f0d874c4248458495ef2c2c2d1.php 第 255 行.
NOTIC: [8] Use of undefined constant limit_price - assumed 'limit_price' E:\workspaceszend\zcw\App\Runtime\Cache\f331a3f0d874c4248458495ef2c2c2d1.php 第 255 行.
NOTIC: [8] Use of undefined constant id - assumed 'id' E:\workspaceszend\zcw\App\Runtime\Cache\f331a3f0d874c4248458495ef2c2c2d1.php 第 242 行.
NOTIC: [8] Use of undefined constant id - assumed 'id' E:\workspaceszend\zcw\App\Runtime\Cache\f331a3f0d874c4248458495ef2c2c2d1.php 第 246 行.
NOTIC: [8] Use of undefined constant support_amount - assumed 'support_amount' E:\workspaceszend\zcw\App\Runtime\Cache\f331a3f0d874c4248458495ef2c2c2d1.php 第 253 行.
NOTIC: [8] Use of undefined constant limit_price - assumed 'limit_price' E:\workspaceszend\zcw\App\Runtime\Cache\f331a3f0d874c4248458495ef2c2c2d1.php 第 253 行.
NOTIC: [8] Use of undefined constant support_amount - assumed 'support_amount' E:\workspaceszend\zcw\App\Runtime\Cache\f331a3f0d874c4248458495ef2c2c2d1.php 第 255 行.
NOTIC: [8] Use of undefined constant limit_price - assumed 'limit_price' E:\workspaceszend\zcw\App\Runtime\Cache\f331a3f0d874c4248458495ef2c2c2d1.php 第 255 行.
NOTIC: [8] Use of undefined constant id - assumed 'id' E:\workspaceszend\zcw\App\Runtime\Cache\f331a3f0d874c4248458495ef2c2c2d1.php 第 242 行.
NOTIC: [8] Use of undefined constant id - assumed 'id' E:\workspaceszend\zcw\App\Runtime\Cache\f331a3f0d874c4248458495ef2c2c2d1.php 第 246 行.
NOTIC: [8] Use of undefined constant support_amount - assumed 'support_amount' E:\workspaceszend\zcw\App\Runtime\Cache\f331a3f0d874c4248458495ef2c2c2d1.php 第 253 行.
NOTIC: [8] Use of undefined constant limit_price - assumed 'limit_price' E:\workspaceszend\zcw\App\Runtime\Cache\f331a3f0d874c4248458495ef2c2c2d1.php 第 253 行.
NOTIC: [8] Use of undefined constant support_amount - assumed 'support_amount' E:\workspaceszend\zcw\App\Runtime\Cache\f331a3f0d874c4248458495ef2c2c2d1.php 第 255 行.
NOTIC: [8] Use of undefined constant limit_price - assumed 'limit_price' E:\workspaceszend\zcw\App\Runtime\Cache\f331a3f0d874c4248458495ef2c2c2d1.php 第 255 行.
NOTIC: [8] Use of undefined constant id - assumed 'id' E:\workspaceszend\zcw\App\Runtime\Cache\f331a3f0d874c4248458495ef2c2c2d1.php 第 242 行.
NOTIC: [8] Use of undefined constant id - assumed 'id' E:\workspaceszend\zcw\App\Runtime\Cache\f331a3f0d874c4248458495ef2c2c2d1.php 第 246 行.
NOTIC: [8] Use of undefined constant support_amount - assumed 'support_amount' E:\workspaceszend\zcw\App\Runtime\Cache\f331a3f0d874c4248458495ef2c2c2d1.php 第 253 行.
NOTIC: [8] Use of undefined constant limit_price - assumed 'limit_price' E:\workspaceszend\zcw\App\Runtime\Cache\f331a3f0d874c4248458495ef2c2c2d1.php 第 253 行.
NOTIC: [8] Use of undefined constant support_amount - assumed 'support_amount' E:\workspaceszend\zcw\App\Runtime\Cache\f331a3f0d874c4248458495ef2c2c2d1.php 第 255 行.
NOTIC: [8] Use of undefined constant limit_price - assumed 'limit_price' E:\workspaceszend\zcw\App\Runtime\Cache\f331a3f0d874c4248458495ef2c2c2d1.php 第 255 行.
SQL: SELECT COUNT(*) AS tp_count FROM `fanwe_deal` LIMIT 1   [ RunTime:0.003000s ]
SQL: SELECT SUM(support_count) AS tp_sum FROM `fanwe_deal` LIMIT 1   [ RunTime:0.015600s ]
SQL: SELECT SUM(support_amount) AS tp_sum FROM `fanwe_deal` LIMIT 1   [ RunTime:0.015600s ]
NOTIC: [8] Use of undefined constant id - assumed 'id' E:\workspaceszend\zcw\App\Runtime\Cache\f331a3f0d874c4248458495ef2c2c2d1.php 第 352 行.
NOTIC: [8] Use of undefined constant id - assumed 'id' E:\workspaceszend\zcw\App\Runtime\Cache\f331a3f0d874c4248458495ef2c2c2d1.php 第 356 行.
NOTIC: [8] Use of undefined constant support_amount - assumed 'support_amount' E:\workspaceszend\zcw\App\Runtime\Cache\f331a3f0d874c4248458495ef2c2c2d1.php 第 363 行.
NOTIC: [8] Use of undefined constant limit_price - assumed 'limit_price' E:\workspaceszend\zcw\App\Runtime\Cache\f331a3f0d874c4248458495ef2c2c2d1.php 第 363 行.
NOTIC: [8] Use of undefined constant support_amount - assumed 'support_amount' E:\workspaceszend\zcw\App\Runtime\Cache\f331a3f0d874c4248458495ef2c2c2d1.php 第 365 行.
NOTIC: [8] Use of undefined constant limit_price - assumed 'limit_price' E:\workspaceszend\zcw\App\Runtime\Cache\f331a3f0d874c4248458495ef2c2c2d1.php 第 365 行.
NOTIC: [8] Use of undefined constant id - assumed 'id' E:\workspaceszend\zcw\App\Runtime\Cache\f331a3f0d874c4248458495ef2c2c2d1.php 第 352 行.
NOTIC: [8] Use of undefined constant id - assumed 'id' E:\workspaceszend\zcw\App\Runtime\Cache\f331a3f0d874c4248458495ef2c2c2d1.php 第 356 行.
NOTIC: [8] Use of undefined constant support_amount - assumed 'support_amount' E:\workspaceszend\zcw\App\Runtime\Cache\f331a3f0d874c4248458495ef2c2c2d1.php 第 363 行.
NOTIC: [8] Use of undefined constant limit_price - assumed 'limit_price' E:\workspaceszend\zcw\App\Runtime\Cache\f331a3f0d874c4248458495ef2c2c2d1.php 第 363 行.
NOTIC: [8] Use of undefined constant support_amount - assumed 'support_amount' E:\workspaceszend\zcw\App\Runtime\Cache\f331a3f0d874c4248458495ef2c2c2d1.php 第 365 行.
NOTIC: [8] Use of undefined constant limit_price - assumed 'limit_price' E:\workspaceszend\zcw\App\Runtime\Cache\f331a3f0d874c4248458495ef2c2c2d1.php 第 365 行.
NOTIC: [8] Use of undefined constant id - assumed 'id' E:\workspaceszend\zcw\App\Runtime\Cache\f331a3f0d874c4248458495ef2c2c2d1.php 第 352 行.
NOTIC: [8] Use of undefined constant id - assumed 'id' E:\workspaceszend\zcw\App\Runtime\Cache\f331a3f0d874c4248458495ef2c2c2d1.php 第 356 行.
NOTIC: [8] Use of undefined constant support_amount - assumed 'support_amount' E:\workspaceszend\zcw\App\Runtime\Cache\f331a3f0d874c4248458495ef2c2c2d1.php 第 363 行.
NOTIC: [8] Use of undefined constant limit_price - assumed 'limit_price' E:\workspaceszend\zcw\App\Runtime\Cache\f331a3f0d874c4248458495ef2c2c2d1.php 第 363 行.
NOTIC: [8] Use of undefined constant support_amount - assumed 'support_amount' E:\workspaceszend\zcw\App\Runtime\Cache\f331a3f0d874c4248458495ef2c2c2d1.php 第 365 行.
NOTIC: [8] Use of undefined constant limit_price - assumed 'limit_price' E:\workspaceszend\zcw\App\Runtime\Cache\f331a3f0d874c4248458495ef2c2c2d1.php 第 365 行.
SQL: SHOW COLUMNS FROM `fanwe_help` [ RunTime:0.084000s ]
SQL: SELECT * FROM `fanwe_help`  [ RunTime:0.015600s ]
SQL: SELECT `value` FROM `fanwe_conf` WHERE ( `name` = 'BEI_AN' ) LIMIT 1   [ RunTime:0.000000s ]
INFO: ParseTemplate Behavior ::run [ RunTime:0.525004s ]
INFO: [ view_parse ] --END-- [ RunTime:0.525004s ]
INFO: [ view_filter ] --START--
INFO: ContentReplace Behavior ::run [ RunTime:0.000000s ]
INFO: TokenBuild Behavior ::run [ RunTime:0.000000s ]
INFO: WriteHtmlCache Behavior ::run [ RunTime:0.000000s ]
INFO: ShowRuntime Behavior ::run [ RunTime:0.000000s ]
INFO: [ view_filter ] --END-- [ RunTime:0.000000s ]
INFO: [ view_end ] --START--
INFO: ShowPageTrace Behavior ::run [ RunTime:0.000000s ]
INFO: [ view_end ] --END-- [ RunTime:0.000000s ]

[ 2015-06-04T20:09:01+08:00 ] 127.0.0.1 /zcw/
INFO: [ app_begin ] --START--
INFO: ReadHtmlCache Behavior ::run [ RunTime:0.002001s ]
INFO: [ app_begin ] --END-- [ RunTime:0.002001s ]
SQL: SHOW COLUMNS FROM `fanwe_deal` [ RunTime:0.007001s ]
SQL: SELECT id,name,image,end_time,limit_price,brief,support_amount,user_name,user_id,province,city FROM `fanwe_deal` WHERE ( `is_effect` = 1 ) AND ( `is_recommend` = 1 ) ORDER BY sort desc,id desc LIMIT 0,5   [ RunTime:0.001000s ]
SQL: SELECT id,name,image,end_time,limit_price,brief,support_amount,user_name,user_id,province,city FROM `fanwe_deal` WHERE ( `is_effect` = 1 ) AND ( `is_classic` = 1 ) ORDER BY sort desc,id desc LIMIT 0,5   [ RunTime:0.001000s ]
INFO: [ view_parse ] --START--
SQL: SHOW COLUMNS FROM `fanwe_conf` [ RunTime:0.005000s ]
SQL: SELECT `value` FROM `fanwe_conf` WHERE ( `name` = 'SEO_TITLE' ) LIMIT 1   [ RunTime:0.002000s ]
SQL: SELECT `value` FROM `fanwe_conf` WHERE ( `name` = 'SEO_KEYWORD' ) LIMIT 1   [ RunTime:0.001000s ]
SQL: SELECT `value` FROM `fanwe_conf` WHERE ( `name` = 'SEO_DESCRIPTION' ) LIMIT 1   [ RunTime:0.000000s ]
SQL: SHOW COLUMNS FROM `fanwe_nav` [ RunTime:0.005001s ]
SQL: SELECT * FROM `fanwe_nav` ORDER BY sort  [ RunTime:0.002000s ]
SQL: SHOW COLUMNS FROM `fanwe_deal_cate` [ RunTime:0.005000s ]
SQL: SELECT * FROM `fanwe_deal_cate` ORDER BY id  [ RunTime:0.001000s ]
NOTIC: [8] Use of undefined constant id - assumed 'id' E:\workspaceszend\zcw\App\Runtime\Cache\f331a3f0d874c4248458495ef2c2c2d1.php 第 242 行.
NOTIC: [8] Use of undefined constant id - assumed 'id' E:\workspaceszend\zcw\App\Runtime\Cache\f331a3f0d874c4248458495ef2c2c2d1.php 第 246 行.
NOTIC: [8] Use of undefined constant support_amount - assumed 'support_amount' E:\workspaceszend\zcw\App\Runtime\Cache\f331a3f0d874c4248458495ef2c2c2d1.php 第 253 行.
NOTIC: [8] Use of undefined constant limit_price - assumed 'limit_price' E:\workspaceszend\zcw\App\Runtime\Cache\f331a3f0d874c4248458495ef2c2c2d1.php 第 253 行.
NOTIC: [8] Use of undefined constant support_amount - assumed 'support_amount' E:\workspaceszend\zcw\App\Runtime\Cache\f331a3f0d874c4248458495ef2c2c2d1.php 第 255 行.
NOTIC: [8] Use of undefined constant limit_price - assumed 'limit_price' E:\workspaceszend\zcw\App\Runtime\Cache\f331a3f0d874c4248458495ef2c2c2d1.php 第 255 行.
NOTIC: [8] Use of undefined constant id - assumed 'id' E:\workspaceszend\zcw\App\Runtime\Cache\f331a3f0d874c4248458495ef2c2c2d1.php 第 242 行.
NOTIC: [8] Use of undefined constant id - assumed 'id' E:\workspaceszend\zcw\App\Runtime\Cache\f331a3f0d874c4248458495ef2c2c2d1.php 第 246 行.
NOTIC: [8] Use of undefined constant support_amount - assumed 'support_amount' E:\workspaceszend\zcw\App\Runtime\Cache\f331a3f0d874c4248458495ef2c2c2d1.php 第 253 行.
NOTIC: [8] Use of undefined constant limit_price - assumed 'limit_price' E:\workspaceszend\zcw\App\Runtime\Cache\f331a3f0d874c4248458495ef2c2c2d1.php 第 253 行.
NOTIC: [8] Use of undefined constant support_amount - assumed 'support_amount' E:\workspaceszend\zcw\App\Runtime\Cache\f331a3f0d874c4248458495ef2c2c2d1.php 第 255 行.
NOTIC: [8] Use of undefined constant limit_price - assumed 'limit_price' E:\workspaceszend\zcw\App\Runtime\Cache\f331a3f0d874c4248458495ef2c2c2d1.php 第 255 行.
NOTIC: [8] Use of undefined constant id - assumed 'id' E:\workspaceszend\zcw\App\Runtime\Cache\f331a3f0d874c4248458495ef2c2c2d1.php 第 242 行.
NOTIC: [8] Use of undefined constant id - assumed 'id' E:\workspaceszend\zcw\App\Runtime\Cache\f331a3f0d874c4248458495ef2c2c2d1.php 第 246 行.
NOTIC: [8] Use of undefined constant support_amount - assumed 'support_amount' E:\workspaceszend\zcw\App\Runtime\Cache\f331a3f0d874c4248458495ef2c2c2d1.php 第 253 行.
NOTIC: [8] Use of undefined constant limit_price - assumed 'limit_price' E:\workspaceszend\zcw\App\Runtime\Cache\f331a3f0d874c4248458495ef2c2c2d1.php 第 253 行.
NOTIC: [8] Use of undefined constant support_amount - assumed 'support_amount' E:\workspaceszend\zcw\App\Runtime\Cache\f331a3f0d874c4248458495ef2c2c2d1.php 第 255 行.
NOTIC: [8] Use of undefined constant limit_price - assumed 'limit_price' E:\workspaceszend\zcw\App\Runtime\Cache\f331a3f0d874c4248458495ef2c2c2d1.php 第 255 行.
NOTIC: [8] Use of undefined constant id - assumed 'id' E:\workspaceszend\zcw\App\Runtime\Cache\f331a3f0d874c4248458495ef2c2c2d1.php 第 242 行.
NOTIC: [8] Use of undefined constant id - assumed 'id' E:\workspaceszend\zcw\App\Runtime\Cache\f331a3f0d874c4248458495ef2c2c2d1.php 第 246 行.
NOTIC: [8] Use of undefined constant support_amount - assumed 'support_amount' E:\workspaceszend\zcw\App\Runtime\Cache\f331a3f0d874c4248458495ef2c2c2d1.php 第 253 行.
NOTIC: [8] Use of undefined constant limit_price - assumed 'limit_price' E:\workspaceszend\zcw\App\Runtime\Cache\f331a3f0d874c4248458495ef2c2c2d1.php 第 253 行.
NOTIC: [8] Use of undefined constant support_amount - assumed 'support_amount' E:\workspaceszend\zcw\App\Runtime\Cache\f331a3f0d874c4248458495ef2c2c2d1.php 第 255 行.
NOTIC: [8] Use of undefined constant limit_price - assumed 'limit_price' E:\workspaceszend\zcw\App\Runtime\Cache\f331a3f0d874c4248458495ef2c2c2d1.php 第 255 行.
SQL: SELECT COUNT(*) AS tp_count FROM `fanwe_deal` LIMIT 1   [ RunTime:0.001000s ]
SQL: SELECT SUM(support_count) AS tp_sum FROM `fanwe_deal` LIMIT 1   [ RunTime:0.000000s ]
SQL: SELECT SUM(support_amount) AS tp_sum FROM `fanwe_deal` LIMIT 1   [ RunTime:0.000000s ]
NOTIC: [8] Use of undefined constant id - assumed 'id' E:\workspaceszend\zcw\App\Runtime\Cache\f331a3f0d874c4248458495ef2c2c2d1.php 第 352 行.
NOTIC: [8] Use of undefined constant id - assumed 'id' E:\workspaceszend\zcw\App\Runtime\Cache\f331a3f0d874c4248458495ef2c2c2d1.php 第 356 行.
NOTIC: [8] Use of undefined constant support_amount - assumed 'support_amount' E:\workspaceszend\zcw\App\Runtime\Cache\f331a3f0d874c4248458495ef2c2c2d1.php 第 363 行.
NOTIC: [8] Use of undefined constant limit_price - assumed 'limit_price' E:\workspaceszend\zcw\App\Runtime\Cache\f331a3f0d874c4248458495ef2c2c2d1.php 第 363 行.
NOTIC: [8] Use of undefined constant support_amount - assumed 'support_amount' E:\workspaceszend\zcw\App\Runtime\Cache\f331a3f0d874c4248458495ef2c2c2d1.php 第 365 行.
NOTIC: [8] Use of undefined constant limit_price - assumed 'limit_price' E:\workspaceszend\zcw\App\Runtime\Cache\f331a3f0d874c4248458495ef2c2c2d1.php 第 365 行.
NOTIC: [8] Use of undefined constant id - assumed 'id' E:\workspaceszend\zcw\App\Runtime\Cache\f331a3f0d874c4248458495ef2c2c2d1.php 第 352 行.
NOTIC: [8] Use of undefined constant id - assumed 'id' E:\workspaceszend\zcw\App\Runtime\Cache\f331a3f0d874c4248458495ef2c2c2d1.php 第 356 行.
NOTIC: [8] Use of undefined constant support_amount - assumed 'support_amount' E:\workspaceszend\zcw\App\Runtime\Cache\f331a3f0d874c4248458495ef2c2c2d1.php 第 363 行.
NOTIC: [8] Use of undefined constant limit_price - assumed 'limit_price' E:\workspaceszend\zcw\App\Runtime\Cache\f331a3f0d874c4248458495ef2c2c2d1.php 第 363 行.
NOTIC: [8] Use of undefined constant support_amount - assumed 'support_amount' E:\workspaceszend\zcw\App\Runtime\Cache\f331a3f0d874c4248458495ef2c2c2d1.php 第 365 行.
NOTIC: [8] Use of undefined constant limit_price - assumed 'limit_price' E:\workspaceszend\zcw\App\Runtime\Cache\f331a3f0d874c4248458495ef2c2c2d1.php 第 365 行.
NOTIC: [8] Use of undefined constant id - assumed 'id' E:\workspaceszend\zcw\App\Runtime\Cache\f331a3f0d874c4248458495ef2c2c2d1.php 第 352 行.
NOTIC: [8] Use of undefined constant id - assumed 'id' E:\workspaceszend\zcw\App\Runtime\Cache\f331a3f0d874c4248458495ef2c2c2d1.php 第 356 行.
NOTIC: [8] Use of undefined constant support_amount - assumed 'support_amount' E:\workspaceszend\zcw\App\Runtime\Cache\f331a3f0d874c4248458495ef2c2c2d1.php 第 363 行.
NOTIC: [8] Use of undefined constant limit_price - assumed 'limit_price' E:\workspaceszend\zcw\App\Runtime\Cache\f331a3f0d874c4248458495ef2c2c2d1.php 第 363 行.
NOTIC: [8] Use of undefined constant support_amount - assumed 'support_amount' E:\workspaceszend\zcw\App\Runtime\Cache\f331a3f0d874c4248458495ef2c2c2d1.php 第 365 行.
NOTIC: [8] Use of undefined constant limit_price - assumed 'limit_price' E:\workspaceszend\zcw\App\Runtime\Cache\f331a3f0d874c4248458495ef2c2c2d1.php 第 365 行.
SQL: SHOW COLUMNS FROM `fanwe_help` [ RunTime:0.005000s ]
SQL: SELECT * FROM `fanwe_help`  [ RunTime:0.002000s ]
SQL: SELECT `value` FROM `fanwe_conf` WHERE ( `name` = 'BEI_AN' ) LIMIT 1   [ RunTime:0.000000s ]
INFO: ParseTemplate Behavior ::run [ RunTime:0.069004s ]
INFO: [ view_parse ] --END-- [ RunTime:0.069004s ]
INFO: [ view_filter ] --START--
INFO: ContentReplace Behavior ::run [ RunTime:0.002000s ]
INFO: TokenBuild Behavior ::run [ RunTime:0.001000s ]
INFO: WriteHtmlCache Behavior ::run [ RunTime:0.000000s ]
INFO: ShowRuntime Behavior ::run [ RunTime:0.001000s ]
INFO: [ view_filter ] --END-- [ RunTime:0.004000s ]
INFO: [ view_end ] --START--
INFO: ShowPageTrace Behavior ::run [ RunTime:0.001000s ]
INFO: [ view_end ] --END-- [ RunTime:0.001000s ]

[ 2015-06-04T21:10:00+08:00 ] 127.0.0.1 /zcw/
INFO: [ app_begin ] --START--
INFO: ReadHtmlCache Behavior ::run [ RunTime:0.000000s ]
INFO: [ app_begin ] --END-- [ RunTime:0.000000s ]
SQL: SHOW COLUMNS FROM `fanwe_deal` [ RunTime:0.000000s ]
SQL: SELECT id,name,image,end_time,limit_price,brief,support_amount,user_name,user_id,province,city FROM `fanwe_deal` WHERE ( `is_effect` = 1 ) AND ( `is_recommend` = 1 ) ORDER BY sort desc,id desc LIMIT 0,5   [ RunTime:0.046800s ]
SQL: SELECT id,name,image,end_time,limit_price,brief,support_amount,user_name,user_id,province,city FROM `fanwe_deal` WHERE ( `is_effect` = 1 ) AND ( `is_classic` = 1 ) ORDER BY sort desc,id desc LIMIT 0,5   [ RunTime:0.000000s ]
INFO: [ view_parse ] --START--
SQL: SHOW COLUMNS FROM `fanwe_conf` [ RunTime:0.062400s ]
SQL: SELECT `value` FROM `fanwe_conf` WHERE ( `name` = 'SEO_TITLE' ) LIMIT 1   [ RunTime:0.015600s ]
SQL: SELECT `value` FROM `fanwe_conf` WHERE ( `name` = 'SEO_KEYWORD' ) LIMIT 1   [ RunTime:0.000000s ]
SQL: SELECT `value` FROM `fanwe_conf` WHERE ( `name` = 'SEO_DESCRIPTION' ) LIMIT 1   [ RunTime:0.000000s ]
SQL: SHOW COLUMNS FROM `fanwe_nav` [ RunTime:0.078000s ]
SQL: SELECT * FROM `fanwe_nav` ORDER BY sort  [ RunTime:0.000000s ]
SQL: SHOW COLUMNS FROM `fanwe_deal_cate` [ RunTime:0.015600s ]
SQL: SELECT * FROM `fanwe_deal_cate` ORDER BY id  [ RunTime:0.000000s ]
NOTIC: [8] Use of undefined constant id - assumed 'id' E:\workspaceszend\zcw\App\Runtime\Cache\f331a3f0d874c4248458495ef2c2c2d1.php 第 242 行.
NOTIC: [8] Use of undefined constant id - assumed 'id' E:\workspaceszend\zcw\App\Runtime\Cache\f331a3f0d874c4248458495ef2c2c2d1.php 第 246 行.
NOTIC: [8] Use of undefined constant support_amount - assumed 'support_amount' E:\workspaceszend\zcw\App\Runtime\Cache\f331a3f0d874c4248458495ef2c2c2d1.php 第 253 行.
NOTIC: [8] Use of undefined constant limit_price - assumed 'limit_price' E:\workspaceszend\zcw\App\Runtime\Cache\f331a3f0d874c4248458495ef2c2c2d1.php 第 253 行.
NOTIC: [8] Use of undefined constant support_amount - assumed 'support_amount' E:\workspaceszend\zcw\App\Runtime\Cache\f331a3f0d874c4248458495ef2c2c2d1.php 第 255 行.
NOTIC: [8] Use of undefined constant limit_price - assumed 'limit_price' E:\workspaceszend\zcw\App\Runtime\Cache\f331a3f0d874c4248458495ef2c2c2d1.php 第 255 行.
NOTIC: [8] Use of undefined constant id - assumed 'id' E:\workspaceszend\zcw\App\Runtime\Cache\f331a3f0d874c4248458495ef2c2c2d1.php 第 242 行.
NOTIC: [8] Use of undefined constant id - assumed 'id' E:\workspaceszend\zcw\App\Runtime\Cache\f331a3f0d874c4248458495ef2c2c2d1.php 第 246 行.
NOTIC: [8] Use of undefined constant support_amount - assumed 'support_amount' E:\workspaceszend\zcw\App\Runtime\Cache\f331a3f0d874c4248458495ef2c2c2d1.php 第 253 行.
NOTIC: [8] Use of undefined constant limit_price - assumed 'limit_price' E:\workspaceszend\zcw\App\Runtime\Cache\f331a3f0d874c4248458495ef2c2c2d1.php 第 253 行.
NOTIC: [8] Use of undefined constant support_amount - assumed 'support_amount' E:\workspaceszend\zcw\App\Runtime\Cache\f331a3f0d874c4248458495ef2c2c2d1.php 第 255 行.
NOTIC: [8] Use of undefined constant limit_price - assumed 'limit_price' E:\workspaceszend\zcw\App\Runtime\Cache\f331a3f0d874c4248458495ef2c2c2d1.php 第 255 行.
NOTIC: [8] Use of undefined constant id - assumed 'id' E:\workspaceszend\zcw\App\Runtime\Cache\f331a3f0d874c4248458495ef2c2c2d1.php 第 242 行.
NOTIC: [8] Use of undefined constant id - assumed 'id' E:\workspaceszend\zcw\App\Runtime\Cache\f331a3f0d874c4248458495ef2c2c2d1.php 第 246 行.
NOTIC: [8] Use of undefined constant support_amount - assumed 'support_amount' E:\workspaceszend\zcw\App\Runtime\Cache\f331a3f0d874c4248458495ef2c2c2d1.php 第 253 行.
NOTIC: [8] Use of undefined constant limit_price - assumed 'limit_price' E:\workspaceszend\zcw\App\Runtime\Cache\f331a3f0d874c4248458495ef2c2c2d1.php 第 253 行.
NOTIC: [8] Use of undefined constant support_amount - assumed 'support_amount' E:\workspaceszend\zcw\App\Runtime\Cache\f331a3f0d874c4248458495ef2c2c2d1.php 第 255 行.
NOTIC: [8] Use of undefined constant limit_price - assumed 'limit_price' E:\workspaceszend\zcw\App\Runtime\Cache\f331a3f0d874c4248458495ef2c2c2d1.php 第 255 行.
NOTIC: [8] Use of undefined constant id - assumed 'id' E:\workspaceszend\zcw\App\Runtime\Cache\f331a3f0d874c4248458495ef2c2c2d1.php 第 242 行.
NOTIC: [8] Use of undefined constant id - assumed 'id' E:\workspaceszend\zcw\App\Runtime\Cache\f331a3f0d874c4248458495ef2c2c2d1.php 第 246 行.
NOTIC: [8] Use of undefined constant support_amount - assumed 'support_amount' E:\workspaceszend\zcw\App\Runtime\Cache\f331a3f0d874c4248458495ef2c2c2d1.php 第 253 行.
NOTIC: [8] Use of undefined constant limit_price - assumed 'limit_price' E:\workspaceszend\zcw\App\Runtime\Cache\f331a3f0d874c4248458495ef2c2c2d1.php 第 253 行.
NOTIC: [8] Use of undefined constant support_amount - assumed 'support_amount' E:\workspaceszend\zcw\App\Runtime\Cache\f331a3f0d874c4248458495ef2c2c2d1.php 第 255 行.
NOTIC: [8] Use of undefined constant limit_price - assumed 'limit_price' E:\workspaceszend\zcw\App\Runtime\Cache\f331a3f0d874c4248458495ef2c2c2d1.php 第 255 行.
SQL: SELECT COUNT(*) AS tp_count FROM `fanwe_deal` LIMIT 1   [ RunTime:0.000000s ]
SQL: SELECT SUM(support_count) AS tp_sum FROM `fanwe_deal` LIMIT 1   [ RunTime:0.000000s ]
SQL: SELECT SUM(support_amount) AS tp_sum FROM `fanwe_deal` LIMIT 1   [ RunTime:0.000000s ]
NOTIC: [8] Use of undefined constant id - assumed 'id' E:\workspaceszend\zcw\App\Runtime\Cache\f331a3f0d874c4248458495ef2c2c2d1.php 第 352 行.
NOTIC: [8] Use of undefined constant id - assumed 'id' E:\workspaceszend\zcw\App\Runtime\Cache\f331a3f0d874c4248458495ef2c2c2d1.php 第 356 行.
NOTIC: [8] Use of undefined constant support_amount - assumed 'support_amount' E:\workspaceszend\zcw\App\Runtime\Cache\f331a3f0d874c4248458495ef2c2c2d1.php 第 363 行.
NOTIC: [8] Use of undefined constant limit_price - assumed 'limit_price' E:\workspaceszend\zcw\App\Runtime\Cache\f331a3f0d874c4248458495ef2c2c2d1.php 第 363 行.
NOTIC: [8] Use of undefined constant support_amount - assumed 'support_amount' E:\workspaceszend\zcw\App\Runtime\Cache\f331a3f0d874c4248458495ef2c2c2d1.php 第 365 行.
NOTIC: [8] Use of undefined constant limit_price - assumed 'limit_price' E:\workspaceszend\zcw\App\Runtime\Cache\f331a3f0d874c4248458495ef2c2c2d1.php 第 365 行.
NOTIC: [8] Use of undefined constant id - assumed 'id' E:\workspaceszend\zcw\App\Runtime\Cache\f331a3f0d874c4248458495ef2c2c2d1.php 第 352 行.
NOTIC: [8] Use of undefined constant id - assumed 'id' E:\workspaceszend\zcw\App\Runtime\Cache\f331a3f0d874c4248458495ef2c2c2d1.php 第 356 行.
NOTIC: [8] Use of undefined constant support_amount - assumed 'support_amount' E:\workspaceszend\zcw\App\Runtime\Cache\f331a3f0d874c4248458495ef2c2c2d1.php 第 363 行.
NOTIC: [8] Use of undefined constant limit_price - assumed 'limit_price' E:\workspaceszend\zcw\App\Runtime\Cache\f331a3f0d874c4248458495ef2c2c2d1.php 第 363 行.
NOTIC: [8] Use of undefined constant support_amount - assumed 'support_amount' E:\workspaceszend\zcw\App\Runtime\Cache\f331a3f0d874c4248458495ef2c2c2d1.php 第 365 行.
NOTIC: [8] Use of undefined constant limit_price - assumed 'limit_price' E:\workspaceszend\zcw\App\Runtime\Cache\f331a3f0d874c4248458495ef2c2c2d1.php 第 365 行.
NOTIC: [8] Use of undefined constant id - assumed 'id' E:\workspaceszend\zcw\App\Runtime\Cache\f331a3f0d874c4248458495ef2c2c2d1.php 第 352 行.
NOTIC: [8] Use of undefined constant id - assumed 'id' E:\workspaceszend\zcw\App\Runtime\Cache\f331a3f0d874c4248458495ef2c2c2d1.php 第 356 行.
NOTIC: [8] Use of undefined constant support_amount - assumed 'support_amount' E:\workspaceszend\zcw\App\Runtime\Cache\f331a3f0d874c4248458495ef2c2c2d1.php 第 363 行.
NOTIC: [8] Use of undefined constant limit_price - assumed 'limit_price' E:\workspaceszend\zcw\App\Runtime\Cache\f331a3f0d874c4248458495ef2c2c2d1.php 第 363 行.
NOTIC: [8] Use of undefined constant support_amount - assumed 'support_amount' E:\workspaceszend\zcw\App\Runtime\Cache\f331a3f0d874c4248458495ef2c2c2d1.php 第 365 行.
NOTIC: [8] Use of undefined constant limit_price - assumed 'limit_price' E:\workspaceszend\zcw\App\Runtime\Cache\f331a3f0d874c4248458495ef2c2c2d1.php 第 365 行.
SQL: SHOW COLUMNS FROM `fanwe_help` [ RunTime:0.078000s ]
SQL: SELECT * FROM `fanwe_help`  [ RunTime:0.000000s ]
SQL: SELECT `value` FROM `fanwe_conf` WHERE ( `name` = 'BEI_AN' ) LIMIT 1   [ RunTime:0.000000s ]
INFO: ParseTemplate Behavior ::run [ RunTime:0.312000s ]
INFO: [ view_parse ] --END-- [ RunTime:0.312000s ]
INFO: [ view_filter ] --START--
INFO: ContentReplace Behavior ::run [ RunTime:0.000000s ]
INFO: TokenBuild Behavior ::run [ RunTime:0.015600s ]
INFO: WriteHtmlCache Behavior ::run [ RunTime:0.000000s ]
INFO: ShowRuntime Behavior ::run [ RunTime:0.000000s ]
INFO: [ view_filter ] --END-- [ RunTime:0.015600s ]
INFO: [ view_end ] --START--
INFO: ShowPageTrace Behavior ::run [ RunTime:0.000000s ]
INFO: [ view_end ] --END-- [ RunTime:0.000000s ]

[ 2015-06-04T21:30:49+08:00 ] 127.0.0.1 /zcw/
INFO: [ app_begin ] --START--
INFO: ReadHtmlCache Behavior ::run [ RunTime:0.000000s ]
INFO: [ app_begin ] --END-- [ RunTime:0.000000s ]
SQL: SHOW COLUMNS FROM `fanwe_deal` [ RunTime:0.007000s ]
SQL: SELECT id,name,image,end_time,limit_price,brief,support_amount,user_name,user_id,province,city FROM `fanwe_deal` WHERE ( `is_effect` = 1 ) AND ( `is_recommend` = 1 ) ORDER BY sort desc,id desc LIMIT 0,5   [ RunTime:0.001000s ]
SQL: SELECT id,name,image,end_time,limit_price,brief,support_amount,user_name,user_id,province,city FROM `fanwe_deal` WHERE ( `is_effect` = 1 ) AND ( `is_classic` = 1 ) ORDER BY sort desc,id desc LIMIT 0,5   [ RunTime:0.001000s ]
INFO: [ view_parse ] --START--
SQL: SHOW COLUMNS FROM `fanwe_conf` [ RunTime:0.000000s ]
SQL: SELECT `value` FROM `fanwe_conf` WHERE ( `name` = 'SEO_TITLE' ) LIMIT 1   [ RunTime:0.000000s ]
SQL: SELECT `value` FROM `fanwe_conf` WHERE ( `name` = 'SEO_KEYWORD' ) LIMIT 1   [ RunTime:0.000000s ]
SQL: SELECT `value` FROM `fanwe_conf` WHERE ( `name` = 'SEO_DESCRIPTION' ) LIMIT 1   [ RunTime:0.010000s ]
SQL: SHOW COLUMNS FROM `fanwe_nav` [ RunTime:0.000000s ]
SQL: SELECT * FROM `fanwe_nav` ORDER BY sort  [ RunTime:0.000000s ]
SQL: SHOW COLUMNS FROM `fanwe_deal_cate` [ RunTime:0.011000s ]
SQL: SELECT * FROM `fanwe_deal_cate` ORDER BY id  [ RunTime:0.001000s ]
NOTIC: [8] Use of undefined constant id - assumed 'id' E:\workspaceszend\zcw\App\Runtime\Cache\f331a3f0d874c4248458495ef2c2c2d1.php 第 242 行.
NOTIC: [8] Use of undefined constant id - assumed 'id' E:\workspaceszend\zcw\App\Runtime\Cache\f331a3f0d874c4248458495ef2c2c2d1.php 第 246 行.
NOTIC: [8] Use of undefined constant support_amount - assumed 'support_amount' E:\workspaceszend\zcw\App\Runtime\Cache\f331a3f0d874c4248458495ef2c2c2d1.php 第 253 行.
NOTIC: [8] Use of undefined constant limit_price - assumed 'limit_price' E:\workspaceszend\zcw\App\Runtime\Cache\f331a3f0d874c4248458495ef2c2c2d1.php 第 253 行.
NOTIC: [8] Use of undefined constant support_amount - assumed 'support_amount' E:\workspaceszend\zcw\App\Runtime\Cache\f331a3f0d874c4248458495ef2c2c2d1.php 第 255 行.
NOTIC: [8] Use of undefined constant limit_price - assumed 'limit_price' E:\workspaceszend\zcw\App\Runtime\Cache\f331a3f0d874c4248458495ef2c2c2d1.php 第 255 行.
NOTIC: [8] Use of undefined constant id - assumed 'id' E:\workspaceszend\zcw\App\Runtime\Cache\f331a3f0d874c4248458495ef2c2c2d1.php 第 242 行.
NOTIC: [8] Use of undefined constant id - assumed 'id' E:\workspaceszend\zcw\App\Runtime\Cache\f331a3f0d874c4248458495ef2c2c2d1.php 第 246 行.
NOTIC: [8] Use of undefined constant support_amount - assumed 'support_amount' E:\workspaceszend\zcw\App\Runtime\Cache\f331a3f0d874c4248458495ef2c2c2d1.php 第 253 行.
NOTIC: [8] Use of undefined constant limit_price - assumed 'limit_price' E:\workspaceszend\zcw\App\Runtime\Cache\f331a3f0d874c4248458495ef2c2c2d1.php 第 253 行.
NOTIC: [8] Use of undefined constant support_amount - assumed 'support_amount' E:\workspaceszend\zcw\App\Runtime\Cache\f331a3f0d874c4248458495ef2c2c2d1.php 第 255 行.
NOTIC: [8] Use of undefined constant limit_price - assumed 'limit_price' E:\workspaceszend\zcw\App\Runtime\Cache\f331a3f0d874c4248458495ef2c2c2d1.php 第 255 行.
NOTIC: [8] Use of undefined constant id - assumed 'id' E:\workspaceszend\zcw\App\Runtime\Cache\f331a3f0d874c4248458495ef2c2c2d1.php 第 242 行.
NOTIC: [8] Use of undefined constant id - assumed 'id' E:\workspaceszend\zcw\App\Runtime\Cache\f331a3f0d874c4248458495ef2c2c2d1.php 第 246 行.
NOTIC: [8] Use of undefined constant support_amount - assumed 'support_amount' E:\workspaceszend\zcw\App\Runtime\Cache\f331a3f0d874c4248458495ef2c2c2d1.php 第 253 行.
NOTIC: [8] Use of undefined constant limit_price - assumed 'limit_price' E:\workspaceszend\zcw\App\Runtime\Cache\f331a3f0d874c4248458495ef2c2c2d1.php 第 253 行.
NOTIC: [8] Use of undefined constant support_amount - assumed 'support_amount' E:\workspaceszend\zcw\App\Runtime\Cache\f331a3f0d874c4248458495ef2c2c2d1.php 第 255 行.
NOTIC: [8] Use of undefined constant limit_price - assumed 'limit_price' E:\workspaceszend\zcw\App\Runtime\Cache\f331a3f0d874c4248458495ef2c2c2d1.php 第 255 行.
NOTIC: [8] Use of undefined constant id - assumed 'id' E:\workspaceszend\zcw\App\Runtime\Cache\f331a3f0d874c4248458495ef2c2c2d1.php 第 242 行.
NOTIC: [8] Use of undefined constant id - assumed 'id' E:\workspaceszend\zcw\App\Runtime\Cache\f331a3f0d874c4248458495ef2c2c2d1.php 第 246 行.
NOTIC: [8] Use of undefined constant support_amount - assumed 'support_amount' E:\workspaceszend\zcw\App\Runtime\Cache\f331a3f0d874c4248458495ef2c2c2d1.php 第 253 行.
NOTIC: [8] Use of undefined constant limit_price - assumed 'limit_price' E:\workspaceszend\zcw\App\Runtime\Cache\f331a3f0d874c4248458495ef2c2c2d1.php 第 253 行.
NOTIC: [8] Use of undefined constant support_amount - assumed 'support_amount' E:\workspaceszend\zcw\App\Runtime\Cache\f331a3f0d874c4248458495ef2c2c2d1.php 第 255 行.
NOTIC: [8] Use of undefined constant limit_price - assumed 'limit_price' E:\workspaceszend\zcw\App\Runtime\Cache\f331a3f0d874c4248458495ef2c2c2d1.php 第 255 行.
SQL: SELECT COUNT(*) AS tp_count FROM `fanwe_deal` LIMIT 1   [ RunTime:0.000000s ]
SQL: SELECT SUM(support_count) AS tp_sum FROM `fanwe_deal` LIMIT 1   [ RunTime:0.000000s ]
SQL: SELECT SUM(support_amount) AS tp_sum FROM `fanwe_deal` LIMIT 1   [ RunTime:0.000000s ]
NOTIC: [8] Use of undefined constant id - assumed 'id' E:\workspaceszend\zcw\App\Runtime\Cache\f331a3f0d874c4248458495ef2c2c2d1.php 第 352 行.
NOTIC: [8] Use of undefined constant id - assumed 'id' E:\workspaceszend\zcw\App\Runtime\Cache\f331a3f0d874c4248458495ef2c2c2d1.php 第 356 行.
NOTIC: [8] Use of undefined constant support_amount - assumed 'support_amount' E:\workspaceszend\zcw\App\Runtime\Cache\f331a3f0d874c4248458495ef2c2c2d1.php 第 363 行.
NOTIC: [8] Use of undefined constant limit_price - assumed 'limit_price' E:\workspaceszend\zcw\App\Runtime\Cache\f331a3f0d874c4248458495ef2c2c2d1.php 第 363 行.
NOTIC: [8] Use of undefined constant support_amount - assumed 'support_amount' E:\workspaceszend\zcw\App\Runtime\Cache\f331a3f0d874c4248458495ef2c2c2d1.php 第 365 行.
NOTIC: [8] Use of undefined constant limit_price - assumed 'limit_price' E:\workspaceszend\zcw\App\Runtime\Cache\f331a3f0d874c4248458495ef2c2c2d1.php 第 365 行.
NOTIC: [8] Use of undefined constant id - assumed 'id' E:\workspaceszend\zcw\App\Runtime\Cache\f331a3f0d874c4248458495ef2c2c2d1.php 第 352 行.
NOTIC: [8] Use of undefined constant id - assumed 'id' E:\workspaceszend\zcw\App\Runtime\Cache\f331a3f0d874c4248458495ef2c2c2d1.php 第 356 行.
NOTIC: [8] Use of undefined constant support_amount - assumed 'support_amount' E:\workspaceszend\zcw\App\Runtime\Cache\f331a3f0d874c4248458495ef2c2c2d1.php 第 363 行.
NOTIC: [8] Use of undefined constant limit_price - assumed 'limit_price' E:\workspaceszend\zcw\App\Runtime\Cache\f331a3f0d874c4248458495ef2c2c2d1.php 第 363 行.
NOTIC: [8] Use of undefined constant support_amount - assumed 'support_amount' E:\workspaceszend\zcw\App\Runtime\Cache\f331a3f0d874c4248458495ef2c2c2d1.php 第 365 行.
NOTIC: [8] Use of undefined constant limit_price - assumed 'limit_price' E:\workspaceszend\zcw\App\Runtime\Cache\f331a3f0d874c4248458495ef2c2c2d1.php 第 365 行.
NOTIC: [8] Use of undefined constant id - assumed 'id' E:\workspaceszend\zcw\App\Runtime\Cache\f331a3f0d874c4248458495ef2c2c2d1.php 第 352 行.
NOTIC: [8] Use of undefined constant id - assumed 'id' E:\workspaceszend\zcw\App\Runtime\Cache\f331a3f0d874c4248458495ef2c2c2d1.php 第 356 行.
NOTIC: [8] Use of undefined constant support_amount - assumed 'support_amount' E:\workspaceszend\zcw\App\Runtime\Cache\f331a3f0d874c4248458495ef2c2c2d1.php 第 363 行.
NOTIC: [8] Use of undefined constant limit_price - assumed 'limit_price' E:\workspaceszend\zcw\App\Runtime\Cache\f331a3f0d874c4248458495ef2c2c2d1.php 第 363 行.
NOTIC: [8] Use of undefined constant support_amount - assumed 'support_amount' E:\workspaceszend\zcw\App\Runtime\Cache\f331a3f0d874c4248458495ef2c2c2d1.php 第 365 行.
NOTIC: [8] Use of undefined constant limit_price - assumed 'limit_price' E:\workspaceszend\zcw\App\Runtime\Cache\f331a3f0d874c4248458495ef2c2c2d1.php 第 365 行.
SQL: SHOW COLUMNS FROM `fanwe_help` [ RunTime:0.000000s ]
SQL: SELECT * FROM `fanwe_help`  [ RunTime:0.000000s ]
SQL: SELECT `value` FROM `fanwe_conf` WHERE ( `name` = 'BEI_AN' ) LIMIT 1   [ RunTime:0.000000s ]
INFO: ParseTemplate Behavior ::run [ RunTime:0.080001s ]
INFO: [ view_parse ] --END-- [ RunTime:0.080001s ]
INFO: [ view_filter ] --START--
INFO: ContentReplace Behavior ::run [ RunTime:0.000000s ]
INFO: TokenBuild Behavior ::run [ RunTime:0.000000s ]
INFO: WriteHtmlCache Behavior ::run [ RunTime:0.000000s ]
INFO: ShowRuntime Behavior ::run [ RunTime:0.000000s ]
INFO: [ view_filter ] --END-- [ RunTime:0.000000s ]
INFO: [ view_end ] --START--
INFO: ShowPageTrace Behavior ::run [ RunTime:0.000000s ]
INFO: [ view_end ] --END-- [ RunTime:0.000000s ]

[ 2015-06-04T23:45:56+08:00 ] 127.0.0.1 /zcw/
INFO: [ app_begin ] --START--
INFO: ReadHtmlCache Behavior ::run [ RunTime:0.001000s ]
INFO: [ app_begin ] --END-- [ RunTime:0.001000s ]
SQL: SHOW COLUMNS FROM `fanwe_deal` [ RunTime:0.006000s ]
SQL: SELECT id,name,image,end_time,limit_price,brief,support_amount,user_name,user_id,province,city FROM `fanwe_deal` WHERE ( `is_effect` = 1 ) AND ( `is_recommend` = 1 ) ORDER BY sort desc,id desc LIMIT 0,5   [ RunTime:0.002000s ]
SQL: SELECT id,name,image,end_time,limit_price,brief,support_amount,user_name,user_id,province,city FROM `fanwe_deal` WHERE ( `is_effect` = 1 ) AND ( `is_classic` = 1 ) ORDER BY sort desc,id desc LIMIT 0,5   [ RunTime:0.001000s ]
INFO: [ view_parse ] --START--
SQL: SHOW COLUMNS FROM `fanwe_conf` [ RunTime:0.022001s ]
SQL: SELECT `value` FROM `fanwe_conf` WHERE ( `name` = 'SEO_TITLE' ) LIMIT 1   [ RunTime:0.000000s ]
SQL: SELECT `value` FROM `fanwe_conf` WHERE ( `name` = 'SEO_KEYWORD' ) LIMIT 1   [ RunTime:0.000000s ]
SQL: SELECT `value` FROM `fanwe_conf` WHERE ( `name` = 'SEO_DESCRIPTION' ) LIMIT 1   [ RunTime:0.000000s ]
SQL: SHOW COLUMNS FROM `fanwe_nav` [ RunTime:0.021001s ]
SQL: SELECT * FROM `fanwe_nav` ORDER BY sort  [ RunTime:0.002000s ]
SQL: SHOW COLUMNS FROM `fanwe_deal_cate` [ RunTime:0.004000s ]
SQL: SELECT * FROM `fanwe_deal_cate` ORDER BY id  [ RunTime:0.002000s ]
NOTIC: [8] Use of undefined constant id - assumed 'id' E:\workspaceszend\zcw\App\Runtime\Cache\f331a3f0d874c4248458495ef2c2c2d1.php 第 242 行.
NOTIC: [8] Use of undefined constant id - assumed 'id' E:\workspaceszend\zcw\App\Runtime\Cache\f331a3f0d874c4248458495ef2c2c2d1.php 第 246 行.
NOTIC: [8] Use of undefined constant support_amount - assumed 'support_amount' E:\workspaceszend\zcw\App\Runtime\Cache\f331a3f0d874c4248458495ef2c2c2d1.php 第 253 行.
NOTIC: [8] Use of undefined constant limit_price - assumed 'limit_price' E:\workspaceszend\zcw\App\Runtime\Cache\f331a3f0d874c4248458495ef2c2c2d1.php 第 253 行.
NOTIC: [8] Use of undefined constant support_amount - assumed 'support_amount' E:\workspaceszend\zcw\App\Runtime\Cache\f331a3f0d874c4248458495ef2c2c2d1.php 第 255 行.
NOTIC: [8] Use of undefined constant limit_price - assumed 'limit_price' E:\workspaceszend\zcw\App\Runtime\Cache\f331a3f0d874c4248458495ef2c2c2d1.php 第 255 行.
NOTIC: [8] Use of undefined constant id - assumed 'id' E:\workspaceszend\zcw\App\Runtime\Cache\f331a3f0d874c4248458495ef2c2c2d1.php 第 242 行.
NOTIC: [8] Use of undefined constant id - assumed 'id' E:\workspaceszend\zcw\App\Runtime\Cache\f331a3f0d874c4248458495ef2c2c2d1.php 第 246 行.
NOTIC: [8] Use of undefined constant support_amount - assumed 'support_amount' E:\workspaceszend\zcw\App\Runtime\Cache\f331a3f0d874c4248458495ef2c2c2d1.php 第 253 行.
NOTIC: [8] Use of undefined constant limit_price - assumed 'limit_price' E:\workspaceszend\zcw\App\Runtime\Cache\f331a3f0d874c4248458495ef2c2c2d1.php 第 253 行.
NOTIC: [8] Use of undefined constant support_amount - assumed 'support_amount' E:\workspaceszend\zcw\App\Runtime\Cache\f331a3f0d874c4248458495ef2c2c2d1.php 第 255 行.
NOTIC: [8] Use of undefined constant limit_price - assumed 'limit_price' E:\workspaceszend\zcw\App\Runtime\Cache\f331a3f0d874c4248458495ef2c2c2d1.php 第 255 行.
NOTIC: [8] Use of undefined constant id - assumed 'id' E:\workspaceszend\zcw\App\Runtime\Cache\f331a3f0d874c4248458495ef2c2c2d1.php 第 242 行.
NOTIC: [8] Use of undefined constant id - assumed 'id' E:\workspaceszend\zcw\App\Runtime\Cache\f331a3f0d874c4248458495ef2c2c2d1.php 第 246 行.
NOTIC: [8] Use of undefined constant support_amount - assumed 'support_amount' E:\workspaceszend\zcw\App\Runtime\Cache\f331a3f0d874c4248458495ef2c2c2d1.php 第 253 行.
NOTIC: [8] Use of undefined constant limit_price - assumed 'limit_price' E:\workspaceszend\zcw\App\Runtime\Cache\f331a3f0d874c4248458495ef2c2c2d1.php 第 253 行.
NOTIC: [8] Use of undefined constant support_amount - assumed 'support_amount' E:\workspaceszend\zcw\App\Runtime\Cache\f331a3f0d874c4248458495ef2c2c2d1.php 第 255 行.
NOTIC: [8] Use of undefined constant limit_price - assumed 'limit_price' E:\workspaceszend\zcw\App\Runtime\Cache\f331a3f0d874c4248458495ef2c2c2d1.php 第 255 行.
NOTIC: [8] Use of undefined constant id - assumed 'id' E:\workspaceszend\zcw\App\Runtime\Cache\f331a3f0d874c4248458495ef2c2c2d1.php 第 242 行.
NOTIC: [8] Use of undefined constant id - assumed 'id' E:\workspaceszend\zcw\App\Runtime\Cache\f331a3f0d874c4248458495ef2c2c2d1.php 第 246 行.
NOTIC: [8] Use of undefined constant support_amount - assumed 'support_amount' E:\workspaceszend\zcw\App\Runtime\Cache\f331a3f0d874c4248458495ef2c2c2d1.php 第 253 行.
NOTIC: [8] Use of undefined constant limit_price - assumed 'limit_price' E:\workspaceszend\zcw\App\Runtime\Cache\f331a3f0d874c4248458495ef2c2c2d1.php 第 253 行.
NOTIC: [8] Use of undefined constant support_amount - assumed 'support_amount' E:\workspaceszend\zcw\App\Runtime\Cache\f331a3f0d874c4248458495ef2c2c2d1.php 第 255 行.
NOTIC: [8] Use of undefined constant limit_price - assumed 'limit_price' E:\workspaceszend\zcw\App\Runtime\Cache\f331a3f0d874c4248458495ef2c2c2d1.php 第 255 行.
SQL: SELECT COUNT(*) AS tp_count FROM `fanwe_deal` LIMIT 1   [ RunTime:0.012001s ]
SQL: SELECT SUM(support_count) AS tp_sum FROM `fanwe_deal` LIMIT 1   [ RunTime:0.016000s ]
SQL: SELECT SUM(support_amount) AS tp_sum FROM `fanwe_deal` LIMIT 1   [ RunTime:0.017001s ]
NOTIC: [8] Use of undefined constant id - assumed 'id' E:\workspaceszend\zcw\App\Runtime\Cache\f331a3f0d874c4248458495ef2c2c2d1.php 第 352 行.
NOTIC: [8] Use of undefined constant id - assumed 'id' E:\workspaceszend\zcw\App\Runtime\Cache\f331a3f0d874c4248458495ef2c2c2d1.php 第 356 行.
NOTIC: [8] Use of undefined constant support_amount - assumed 'support_amount' E:\workspaceszend\zcw\App\Runtime\Cache\f331a3f0d874c4248458495ef2c2c2d1.php 第 363 行.
NOTIC: [8] Use of undefined constant limit_price - assumed 'limit_price' E:\workspaceszend\zcw\App\Runtime\Cache\f331a3f0d874c4248458495ef2c2c2d1.php 第 363 行.
NOTIC: [8] Use of undefined constant support_amount - assumed 'support_amount' E:\workspaceszend\zcw\App\Runtime\Cache\f331a3f0d874c4248458495ef2c2c2d1.php 第 365 行.
NOTIC: [8] Use of undefined constant limit_price - assumed 'limit_price' E:\workspaceszend\zcw\App\Runtime\Cache\f331a3f0d874c4248458495ef2c2c2d1.php 第 365 行.
NOTIC: [8] Use of undefined constant id - assumed 'id' E:\workspaceszend\zcw\App\Runtime\Cache\f331a3f0d874c4248458495ef2c2c2d1.php 第 352 行.
NOTIC: [8] Use of undefined constant id - assumed 'id' E:\workspaceszend\zcw\App\Runtime\Cache\f331a3f0d874c4248458495ef2c2c2d1.php 第 356 行.
NOTIC: [8] Use of undefined constant support_amount - assumed 'support_amount' E:\workspaceszend\zcw\App\Runtime\Cache\f331a3f0d874c4248458495ef2c2c2d1.php 第 363 行.
NOTIC: [8] Use of undefined constant limit_price - assumed 'limit_price' E:\workspaceszend\zcw\App\Runtime\Cache\f331a3f0d874c4248458495ef2c2c2d1.php 第 363 行.
NOTIC: [8] Use of undefined constant support_amount - assumed 'support_amount' E:\workspaceszend\zcw\App\Runtime\Cache\f331a3f0d874c4248458495ef2c2c2d1.php 第 365 行.
NOTIC: [8] Use of undefined constant limit_price - assumed 'limit_price' E:\workspaceszend\zcw\App\Runtime\Cache\f331a3f0d874c4248458495ef2c2c2d1.php 第 365 行.
NOTIC: [8] Use of undefined constant id - assumed 'id' E:\workspaceszend\zcw\App\Runtime\Cache\f331a3f0d874c4248458495ef2c2c2d1.php 第 352 行.
NOTIC: [8] Use of undefined constant id - assumed 'id' E:\workspaceszend\zcw\App\Runtime\Cache\f331a3f0d874c4248458495ef2c2c2d1.php 第 356 行.
NOTIC: [8] Use of undefined constant support_amount - assumed 'support_amount' E:\workspaceszend\zcw\App\Runtime\Cache\f331a3f0d874c4248458495ef2c2c2d1.php 第 363 行.
NOTIC: [8] Use of undefined constant limit_price - assumed 'limit_price' E:\workspaceszend\zcw\App\Runtime\Cache\f331a3f0d874c4248458495ef2c2c2d1.php 第 363 行.
NOTIC: [8] Use of undefined constant support_amount - assumed 'support_amount' E:\workspaceszend\zcw\App\Runtime\Cache\f331a3f0d874c4248458495ef2c2c2d1.php 第 365 行.
NOTIC: [8] Use of undefined constant limit_price - assumed 'limit_price' E:\workspaceszend\zcw\App\Runtime\Cache\f331a3f0d874c4248458495ef2c2c2d1.php 第 365 行.
SQL: SHOW COLUMNS FROM `fanwe_help` [ RunTime:0.013000s ]
SQL: SELECT * FROM `fanwe_help`  [ RunTime:0.015001s ]
SQL: SELECT `value` FROM `fanwe_conf` WHERE ( `name` = 'BEI_AN' ) LIMIT 1   [ RunTime:0.000000s ]
INFO: ParseTemplate Behavior ::run [ RunTime:0.189011s ]
INFO: [ view_parse ] --END-- [ RunTime:0.189011s ]
INFO: [ view_filter ] --START--
INFO: ContentReplace Behavior ::run [ RunTime:0.001000s ]
INFO: TokenBuild Behavior ::run [ RunTime:0.001001s ]
INFO: WriteHtmlCache Behavior ::run [ RunTime:0.000000s ]
INFO: ShowRuntime Behavior ::run [ RunTime:0.001000s ]
INFO: [ view_filter ] --END-- [ RunTime:0.005001s ]
INFO: [ view_end ] --START--
INFO: ShowPageTrace Behavior ::run [ RunTime:0.001000s ]
INFO: [ view_end ] --END-- [ RunTime:0.001000s ]

