[ 2015-07-24T08:31:01+08:00 ] 223.104.13.180 /zc/
INFO: [ app_begin ] --START--
INFO: ReadHtmlCache Behavior ::run [ RunTime:0.000465s ]
INFO: [ app_begin ] --END-- [ RunTime:0.000642s ]

[ 2015-07-24T08:44:55+08:00 ] 120.6.128.227 /zc/
INFO: [ app_begin ] --START--
INFO: ReadHtmlCache Behavior ::run [ RunTime:0.000501s ]
INFO: [ app_begin ] --END-- [ RunTime:0.000636s ]

[ 2015-07-24T08:45:24+08:00 ] 101.226.33.237 /zc/
INFO: [ app_begin ] --START--
INFO: ReadHtmlCache Behavior ::run [ RunTime:0.000602s ]
INFO: [ app_begin ] --END-- [ RunTime:0.000733s ]

[ 2015-07-24T08:58:20+08:00 ] 101.226.93.233 /zc/
INFO: [ app_begin ] --START--
INFO: ReadHtmlCache Behavior ::run [ RunTime:0.000472s ]
INFO: [ app_begin ] --END-- [ RunTime:0.000593s ]

[ 2015-07-24T09:42:45+08:00 ] 123.112.18.17 /zc/
INFO: [ app_begin ] --START--
INFO: ReadHtmlCache Behavior ::run [ RunTime:0.000560s ]
INFO: [ app_begin ] --END-- [ RunTime:0.000682s ]

[ 2015-07-24T10:44:11+08:00 ] 101.226.169.218 /zc/
INFO: [ app_begin ] --START--
INFO: ReadHtmlCache Behavior ::run [ RunTime:0.000651s ]
INFO: [ app_begin ] --END-- [ RunTime:0.000791s ]
SQL: SHOW COLUMNS FROM `fanwe_nav` [ RunTime:0.002567s ]
SQL: SELECT * FROM `fanwe_nav` ORDER BY sort  [ RunTime:0.002298s ]
SQL: SHOW COLUMNS FROM `fanwe_deal_cate` [ RunTime:0.005429s ]
SQL: SELECT * FROM `fanwe_deal_cate` ORDER BY id  [ RunTime:0.001724s ]
SQL: SHOW COLUMNS FROM `fanwe_deal_keyword` [ RunTime:0.002444s ]
SQL: SELECT * FROM `fanwe_deal_keyword` LIMIT 1   [ RunTime:0.001421s ]
SQL: SHOW COLUMNS FROM `fanwe_showindex` [ RunTime:0.002046s ]
SQL: SELECT * FROM `fanwe_showindex`  [ RunTime:0.007632s ]
SQL: SHOW COLUMNS FROM `fanwe_deal` [ RunTime:0.010389s ]
SQL: SELECT id,name,image,end_time,limit_price,brief,support_amount,user_name,user_id,province,city,index_img FROM `fanwe_deal` WHERE ( `is_effect` = 1 ) ORDER BY sort desc,id desc LIMIT 0,7   [ RunTime:0.002573s ]
INFO: [ view_parse ] --START--
NOTIC: [8] Undefined index: uid /webHome/LFWZ000390/www/zc/Zc/Runtime/Cache/cc5c2cb31be8fd046a7cb83177e081f6.php 第 70 行.
INFO: ParseTemplate Behavior ::run [ RunTime:0.048255s ]
INFO: [ view_parse ] --END-- [ RunTime:0.048439s ]
INFO: [ view_filter ] --START--
INFO: ContentReplace Behavior ::run [ RunTime:0.000734s ]
INFO: TokenBuild Behavior ::run [ RunTime:0.000495s ]
INFO: WriteHtmlCache Behavior ::run [ RunTime:0.001989s ]
INFO: ShowRuntime Behavior ::run [ RunTime:0.001776s ]
INFO: [ view_filter ] --END-- [ RunTime:0.011134s ]
INFO: [ view_end ] --START--
INFO: ShowPageTrace Behavior ::run [ RunTime:0.000451s ]
INFO: [ view_end ] --END-- [ RunTime:0.000550s ]

[ 2015-07-24T10:49:37+08:00 ] 101.226.168.205 /zc/index.php?a=html&id=26&m=News
INFO: [ app_begin ] --START--
INFO: ReadHtmlCache Behavior ::run [ RunTime:0.000630s ]
INFO: [ app_begin ] --END-- [ RunTime:0.000981s ]
SQL: SHOW COLUMNS FROM `fanwe_nav` [ RunTime:0.002622s ]
SQL: SELECT * FROM `fanwe_nav` ORDER BY sort  [ RunTime:0.001814s ]
SQL: SHOW COLUMNS FROM `fanwe_deal_cate` [ RunTime:0.002544s ]
SQL: SELECT * FROM `fanwe_deal_cate` ORDER BY id  [ RunTime:0.002446s ]
SQL: SHOW COLUMNS FROM `fanwe_deal_keyword` [ RunTime:0.004654s ]
SQL: SELECT * FROM `fanwe_deal_keyword` LIMIT 1   [ RunTime:0.003900s ]
SQL: SHOW COLUMNS FROM `fanwe_news` [ RunTime:0.002299s ]
SQL: SELECT * FROM `fanwe_news` WHERE ( `id` = 26 ) LIMIT 1   [ RunTime:0.000993s ]
INFO: [ view_parse ] --START--
NOTIC: [8] Undefined index: uid /webHome/LFWZ000390/www/zc/Zc/Runtime/Cache/012cdf2fa3ba4152d6d6173485c32ca8.php 第 98 行.
NOTIC: [8] Use of undefined constant id - assumed 'id' /webHome/LFWZ000390/www/zc/Zc/Runtime/Cache/012cdf2fa3ba4152d6d6173485c32ca8.php 第 142 行.
SQL: SELECT * FROM `fanwe_news` WHERE ( `id` < null ) LIMIT 1   [ RunTime:0.002873s ]
SQL: SELECT * FROM `fanwe_news` WHERE ( `id` > null ) LIMIT 1   [ RunTime:0.002209s ]
INFO: ParseTemplate Behavior ::run [ RunTime:0.052523s ]
INFO: [ view_parse ] --END-- [ RunTime:0.052639s ]
INFO: [ view_filter ] --START--
INFO: ContentReplace Behavior ::run [ RunTime:0.000644s ]
INFO: TokenBuild Behavior ::run [ RunTime:0.000398s ]
INFO: WriteHtmlCache Behavior ::run [ RunTime:0.000378s ]
INFO: ShowRuntime Behavior ::run [ RunTime:0.000432s ]
INFO: [ view_filter ] --END-- [ RunTime:0.002150s ]
INFO: [ view_end ] --START--
INFO: ShowPageTrace Behavior ::run [ RunTime:0.000413s ]
INFO: [ view_end ] --END-- [ RunTime:0.000509s ]

[ 2015-07-24T10:49:39+08:00 ] 101.226.167.208 /zc/index.php?a=index&m=Deals&tid=14
INFO: [ app_begin ] --START--
INFO: ReadHtmlCache Behavior ::run [ RunTime:0.000594s ]
INFO: [ app_begin ] --END-- [ RunTime:0.000741s ]
SQL: SHOW COLUMNS FROM `fanwe_nav` [ RunTime:0.002603s ]
SQL: SELECT * FROM `fanwe_nav` ORDER BY sort  [ RunTime:0.003128s ]
SQL: SHOW COLUMNS FROM `fanwe_deal_cate` [ RunTime:0.002501s ]
SQL: SELECT * FROM `fanwe_deal_cate` ORDER BY id  [ RunTime:0.005952s ]
SQL: SHOW COLUMNS FROM `fanwe_deal_keyword` [ RunTime:0.005366s ]
SQL: SELECT * FROM `fanwe_deal_keyword` LIMIT 1   [ RunTime:0.002072s ]
NOTIC: [8] Undefined index: uid /webHome/LFWZ000390/www/zc/Zc/Lib/Action/DealsAction.class.php 第 18 行.

[ 2015-07-24T10:49:39+08:00 ] 101.226.167.208 /zc/index.php?m=User&a=login
INFO: [ app_begin ] --START--
INFO: ReadHtmlCache Behavior ::run [ RunTime:0.000452s ]
INFO: [ app_begin ] --END-- [ RunTime:0.000612s ]
SQL: SHOW COLUMNS FROM `fanwe_nav` [ RunTime:0.005593s ]
SQL: SELECT * FROM `fanwe_nav` ORDER BY sort  [ RunTime:0.001766s ]
SQL: SHOW COLUMNS FROM `fanwe_deal_cate` [ RunTime:0.005049s ]
SQL: SELECT * FROM `fanwe_deal_cate` ORDER BY id  [ RunTime:0.001885s ]
SQL: SHOW COLUMNS FROM `fanwe_deal_keyword` [ RunTime:0.003234s ]
SQL: SELECT * FROM `fanwe_deal_keyword` LIMIT 1   [ RunTime:0.001851s ]
INFO: [ view_parse ] --START--
NOTIC: [8] Undefined index: uid /webHome/LFWZ000390/www/zc/Zc/Runtime/Cache/42b90be8e9c40e58e803cfb6a2f683e9.php 第 76 行.
INFO: ParseTemplate Behavior ::run [ RunTime:0.021162s ]
INFO: [ view_parse ] --END-- [ RunTime:0.021309s ]
INFO: [ view_filter ] --START--
INFO: ContentReplace Behavior ::run [ RunTime:0.000647s ]
INFO: TokenBuild Behavior ::run [ RunTime:0.000537s ]
INFO: WriteHtmlCache Behavior ::run [ RunTime:0.000418s ]
INFO: ShowRuntime Behavior ::run [ RunTime:0.000811s ]
INFO: [ view_filter ] --END-- [ RunTime:0.002790s ]
INFO: [ view_end ] --START--
INFO: ShowPageTrace Behavior ::run [ RunTime:0.000543s ]
INFO: [ view_end ] --END-- [ RunTime:0.000643s ]

[ 2015-07-24T10:56:04+08:00 ] 182.118.20.172 /zc/index.php?a=html&id=27&m=News
INFO: [ app_begin ] --START--
INFO: ReadHtmlCache Behavior ::run [ RunTime:0.000504s ]
INFO: [ app_begin ] --END-- [ RunTime:0.000622s ]
SQL: SHOW COLUMNS FROM `fanwe_nav` [ RunTime:0.002788s ]
SQL: SELECT * FROM `fanwe_nav` ORDER BY sort  [ RunTime:0.003131s ]
SQL: SHOW COLUMNS FROM `fanwe_deal_cate` [ RunTime:0.001818s ]
SQL: SELECT * FROM `fanwe_deal_cate` ORDER BY id  [ RunTime:0.001450s ]
SQL: SHOW COLUMNS FROM `fanwe_deal_keyword` [ RunTime:0.002086s ]
SQL: SELECT * FROM `fanwe_deal_keyword` LIMIT 1   [ RunTime:0.001489s ]
SQL: SHOW COLUMNS FROM `fanwe_news` [ RunTime:0.002930s ]
SQL: SELECT * FROM `fanwe_news` WHERE ( `id` = 27 ) LIMIT 1   [ RunTime:0.001358s ]
INFO: [ view_parse ] --START--
NOTIC: [8] Undefined index: uid /webHome/LFWZ000390/www/zc/Zc/Runtime/Cache/012cdf2fa3ba4152d6d6173485c32ca8.php 第 98 行.
NOTIC: [8] Use of undefined constant id - assumed 'id' /webHome/LFWZ000390/www/zc/Zc/Runtime/Cache/012cdf2fa3ba4152d6d6173485c32ca8.php 第 142 行.
SQL: SELECT * FROM `fanwe_news` WHERE ( `id` < null ) LIMIT 1   [ RunTime:0.002021s ]
SQL: SELECT * FROM `fanwe_news` WHERE ( `id` > null ) LIMIT 1   [ RunTime:0.002579s ]
INFO: ParseTemplate Behavior ::run [ RunTime:0.045306s ]
INFO: [ view_parse ] --END-- [ RunTime:0.045430s ]
INFO: [ view_filter ] --START--
INFO: ContentReplace Behavior ::run [ RunTime:0.000589s ]
INFO: TokenBuild Behavior ::run [ RunTime:0.000532s ]
INFO: WriteHtmlCache Behavior ::run [ RunTime:0.000387s ]
INFO: ShowRuntime Behavior ::run [ RunTime:0.000670s ]
INFO: [ view_filter ] --END-- [ RunTime:0.002514s ]
INFO: [ view_end ] --START--
INFO: ShowPageTrace Behavior ::run [ RunTime:0.000516s ]
INFO: [ view_end ] --END-- [ RunTime:0.000635s ]

[ 2015-07-24T11:16:47+08:00 ] 124.127.72.93 /zc/
INFO: [ app_begin ] --START--
INFO: ReadHtmlCache Behavior ::run [ RunTime:0.000588s ]
INFO: [ app_begin ] --END-- [ RunTime:0.000738s ]

[ 2015-07-24T11:53:34+08:00 ] 111.227.172.202 /zc/
INFO: [ app_begin ] --START--
INFO: ReadHtmlCache Behavior ::run [ RunTime:0.000526s ]
INFO: [ app_begin ] --END-- [ RunTime:0.000659s ]

[ 2015-07-24T11:57:01+08:00 ] 111.227.172.202 /zc/
INFO: [ app_begin ] --START--
INFO: ReadHtmlCache Behavior ::run [ RunTime:0.000401s ]
INFO: [ app_begin ] --END-- [ RunTime:0.000514s ]

[ 2015-07-24T12:00:56+08:00 ] 101.254.19.155 /zc/
INFO: [ app_begin ] --START--
INFO: ReadHtmlCache Behavior ::run [ RunTime:0.000500s ]
INFO: [ app_begin ] --END-- [ RunTime:0.000629s ]
SQL: SHOW COLUMNS FROM `fanwe_nav` [ RunTime:0.002197s ]
SQL: SELECT * FROM `fanwe_nav` ORDER BY sort  [ RunTime:0.001454s ]
SQL: SHOW COLUMNS FROM `fanwe_deal_cate` [ RunTime:0.002595s ]
SQL: SELECT * FROM `fanwe_deal_cate` ORDER BY id  [ RunTime:0.009001s ]
SQL: SHOW COLUMNS FROM `fanwe_deal_keyword` [ RunTime:0.002460s ]
SQL: SELECT * FROM `fanwe_deal_keyword` LIMIT 1   [ RunTime:0.002152s ]
SQL: SHOW COLUMNS FROM `fanwe_showindex` [ RunTime:0.004840s ]
SQL: SELECT * FROM `fanwe_showindex`  [ RunTime:0.004585s ]
SQL: SHOW COLUMNS FROM `fanwe_deal` [ RunTime:0.007827s ]
SQL: SELECT id,name,image,end_time,limit_price,brief,support_amount,user_name,user_id,province,city,index_img FROM `fanwe_deal` WHERE ( `is_effect` = 1 ) ORDER BY sort desc,id desc LIMIT 0,7   [ RunTime:0.009074s ]
INFO: [ view_parse ] --START--
NOTIC: [8] Undefined index: uid /webHome/LFWZ000390/www/zc/Zc/Runtime/Cache/cc5c2cb31be8fd046a7cb83177e081f6.php 第 70 行.
INFO: ParseTemplate Behavior ::run [ RunTime:0.050283s ]
INFO: [ view_parse ] --END-- [ RunTime:0.050574s ]
INFO: [ view_filter ] --START--
INFO: ContentReplace Behavior ::run [ RunTime:0.000558s ]
INFO: TokenBuild Behavior ::run [ RunTime:0.000454s ]
INFO: WriteHtmlCache Behavior ::run [ RunTime:0.000579s ]
INFO: ShowRuntime Behavior ::run [ RunTime:0.000480s ]
INFO: [ view_filter ] --END-- [ RunTime:0.002645s ]
INFO: [ view_end ] --START--
INFO: ShowPageTrace Behavior ::run [ RunTime:0.000402s ]
INFO: [ view_end ] --END-- [ RunTime:0.000518s ]

[ 2015-07-24T12:02:02+08:00 ] 101.254.19.155 /zc/index.php?m=Deal&a=show&id=67
INFO: [ app_begin ] --START--
INFO: ReadHtmlCache Behavior ::run [ RunTime:0.000532s ]
INFO: [ app_begin ] --END-- [ RunTime:0.000669s ]
NOTIC: [2048] Declaration of DealAction::show() should be compatible with that of Action::show() /webHome/LFWZ000390/www/zc/Zc/Lib/Action/DealAction.class.php 第 13 行.
SQL: SHOW COLUMNS FROM `fanwe_nav` [ RunTime:0.003590s ]
SQL: SELECT * FROM `fanwe_nav` ORDER BY sort  [ RunTime:0.001921s ]
SQL: SHOW COLUMNS FROM `fanwe_deal_cate` [ RunTime:0.011713s ]
SQL: SELECT * FROM `fanwe_deal_cate` ORDER BY id  [ RunTime:0.002563s ]
SQL: SHOW COLUMNS FROM `fanwe_deal_keyword` [ RunTime:0.011403s ]
SQL: SELECT * FROM `fanwe_deal_keyword` LIMIT 1   [ RunTime:0.002801s ]
NOTIC: [8] Undefined index: uid /webHome/LFWZ000390/www/zc/Zc/Lib/Action/DealAction.class.php 第 18 行.

[ 2015-07-24T12:02:03+08:00 ] 101.254.19.155 /zc/index.php?m=User&a=login
INFO: [ app_begin ] --START--
INFO: ReadHtmlCache Behavior ::run [ RunTime:0.000456s ]
INFO: [ app_begin ] --END-- [ RunTime:0.000588s ]
SQL: SHOW COLUMNS FROM `fanwe_nav` [ RunTime:0.002544s ]
SQL: SELECT * FROM `fanwe_nav` ORDER BY sort  [ RunTime:0.002026s ]
SQL: SHOW COLUMNS FROM `fanwe_deal_cate` [ RunTime:0.002017s ]
SQL: SELECT * FROM `fanwe_deal_cate` ORDER BY id  [ RunTime:0.003021s ]
SQL: SHOW COLUMNS FROM `fanwe_deal_keyword` [ RunTime:0.002612s ]
SQL: SELECT * FROM `fanwe_deal_keyword` LIMIT 1   [ RunTime:0.002158s ]
INFO: [ view_parse ] --START--
NOTIC: [8] Undefined index: uid /webHome/LFWZ000390/www/zc/Zc/Runtime/Cache/42b90be8e9c40e58e803cfb6a2f683e9.php 第 76 行.
INFO: ParseTemplate Behavior ::run [ RunTime:0.031569s ]
INFO: [ view_parse ] --END-- [ RunTime:0.031711s ]
INFO: [ view_filter ] --START--
INFO: ContentReplace Behavior ::run [ RunTime:0.000675s ]
INFO: TokenBuild Behavior ::run [ RunTime:0.006274s ]
INFO: WriteHtmlCache Behavior ::run [ RunTime:0.000486s ]
INFO: ShowRuntime Behavior ::run [ RunTime:0.000492s ]
INFO: [ view_filter ] --END-- [ RunTime:0.008291s ]
INFO: [ view_end ] --START--
INFO: ShowPageTrace Behavior ::run [ RunTime:0.000420s ]
INFO: [ view_end ] --END-- [ RunTime:0.000506s ]

[ 2015-07-24T12:02:04+08:00 ] 101.254.19.155 /zc/index.php?m=Deal&a=show&id=67
INFO: [ app_begin ] --START--
INFO: ReadHtmlCache Behavior ::run [ RunTime:0.000489s ]
INFO: [ app_begin ] --END-- [ RunTime:0.006696s ]
NOTIC: [2048] Declaration of DealAction::show() should be compatible with that of Action::show() /webHome/LFWZ000390/www/zc/Zc/Lib/Action/DealAction.class.php 第 13 行.
SQL: SHOW COLUMNS FROM `fanwe_nav` [ RunTime:0.002457s ]
SQL: SELECT * FROM `fanwe_nav` ORDER BY sort  [ RunTime:0.011650s ]
SQL: SHOW COLUMNS FROM `fanwe_deal_cate` [ RunTime:0.013223s ]
SQL: SELECT * FROM `fanwe_deal_cate` ORDER BY id  [ RunTime:0.004049s ]
SQL: SHOW COLUMNS FROM `fanwe_deal_keyword` [ RunTime:0.001755s ]
SQL: SELECT * FROM `fanwe_deal_keyword` LIMIT 1   [ RunTime:0.001483s ]
NOTIC: [8] Undefined index: uid /webHome/LFWZ000390/www/zc/Zc/Lib/Action/DealAction.class.php 第 18 行.

[ 2015-07-24T12:02:05+08:00 ] 101.254.19.155 /zc/index.php?m=User&a=login
INFO: [ app_begin ] --START--
INFO: ReadHtmlCache Behavior ::run [ RunTime:0.000453s ]
INFO: [ app_begin ] --END-- [ RunTime:0.000585s ]
SQL: SHOW COLUMNS FROM `fanwe_nav` [ RunTime:0.002071s ]
SQL: SELECT * FROM `fanwe_nav` ORDER BY sort  [ RunTime:0.002094s ]
SQL: SHOW COLUMNS FROM `fanwe_deal_cate` [ RunTime:0.002893s ]
SQL: SELECT * FROM `fanwe_deal_cate` ORDER BY id  [ RunTime:0.002008s ]
SQL: SHOW COLUMNS FROM `fanwe_deal_keyword` [ RunTime:0.008004s ]
SQL: SELECT * FROM `fanwe_deal_keyword` LIMIT 1   [ RunTime:0.009062s ]
INFO: [ view_parse ] --START--
NOTIC: [8] Undefined index: uid /webHome/LFWZ000390/www/zc/Zc/Runtime/Cache/42b90be8e9c40e58e803cfb6a2f683e9.php 第 76 行.
INFO: ParseTemplate Behavior ::run [ RunTime:0.040761s ]
INFO: [ view_parse ] --END-- [ RunTime:0.040886s ]
INFO: [ view_filter ] --START--
INFO: ContentReplace Behavior ::run [ RunTime:0.001848s ]
INFO: TokenBuild Behavior ::run [ RunTime:0.000385s ]
INFO: WriteHtmlCache Behavior ::run [ RunTime:0.000404s ]
INFO: ShowRuntime Behavior ::run [ RunTime:0.000646s ]
INFO: [ view_filter ] --END-- [ RunTime:0.003607s ]
INFO: [ view_end ] --START--
INFO: ShowPageTrace Behavior ::run [ RunTime:0.000440s ]
INFO: [ view_end ] --END-- [ RunTime:0.000536s ]

[ 2015-07-24T12:22:27+08:00 ] 111.227.172.202 /zc/
INFO: [ app_begin ] --START--
INFO: ReadHtmlCache Behavior ::run [ RunTime:0.000486s ]
INFO: [ app_begin ] --END-- [ RunTime:0.000618s ]

[ 2015-07-24T16:21:09+08:00 ] 123.121.2.91 /zc/
INFO: [ app_begin ] --START--
INFO: ReadHtmlCache Behavior ::run [ RunTime:0.003853s ]
INFO: [ app_begin ] --END-- [ RunTime:0.004304s ]
SQL: SHOW COLUMNS FROM `fanwe_nav` [ RunTime:0.001802s ]
SQL: SELECT * FROM `fanwe_nav` ORDER BY sort  [ RunTime:0.002162s ]
SQL: SHOW COLUMNS FROM `fanwe_deal_cate` [ RunTime:0.015174s ]
SQL: SELECT * FROM `fanwe_deal_cate` ORDER BY id  [ RunTime:0.001482s ]
SQL: SHOW COLUMNS FROM `fanwe_deal_keyword` [ RunTime:0.002617s ]
SQL: SELECT * FROM `fanwe_deal_keyword` LIMIT 1   [ RunTime:0.000959s ]
SQL: SHOW COLUMNS FROM `fanwe_showindex` [ RunTime:0.006866s ]
SQL: SELECT * FROM `fanwe_showindex`  [ RunTime:0.007212s ]
SQL: SHOW COLUMNS FROM `fanwe_deal` [ RunTime:0.003951s ]
SQL: SELECT id,name,image,end_time,limit_price,brief,support_amount,user_name,user_id,province,city,index_img FROM `fanwe_deal` WHERE ( `is_effect` = 1 ) ORDER BY sort desc,id desc LIMIT 0,7   [ RunTime:0.013156s ]
INFO: [ view_parse ] --START--
NOTIC: [8] Undefined index: uid /webHome/LFWZ000390/www/zc/Zc/Runtime/Cache/cc5c2cb31be8fd046a7cb83177e081f6.php 第 70 行.
INFO: ParseTemplate Behavior ::run [ RunTime:0.067327s ]
INFO: [ view_parse ] --END-- [ RunTime:0.070403s ]
INFO: [ view_filter ] --START--
INFO: ContentReplace Behavior ::run [ RunTime:0.000720s ]
INFO: TokenBuild Behavior ::run [ RunTime:0.000477s ]
INFO: WriteHtmlCache Behavior ::run [ RunTime:0.000291s ]
INFO: ShowRuntime Behavior ::run [ RunTime:0.000359s ]
INFO: [ view_filter ] --END-- [ RunTime:0.002318s ]
INFO: [ view_end ] --START--
INFO: ShowPageTrace Behavior ::run [ RunTime:0.000325s ]
INFO: [ view_end ] --END-- [ RunTime:0.000441s ]

[ 2015-07-24T16:22:06+08:00 ] 123.121.2.91 /zc/index.php?m=Deals&a=index
INFO: [ app_begin ] --START--
INFO: ReadHtmlCache Behavior ::run [ RunTime:0.000414s ]
INFO: [ app_begin ] --END-- [ RunTime:0.000556s ]
SQL: SHOW COLUMNS FROM `fanwe_nav` [ RunTime:0.003689s ]
SQL: SELECT * FROM `fanwe_nav` ORDER BY sort  [ RunTime:0.001210s ]
SQL: SHOW COLUMNS FROM `fanwe_deal_cate` [ RunTime:0.002225s ]
SQL: SELECT * FROM `fanwe_deal_cate` ORDER BY id  [ RunTime:0.001707s ]
SQL: SHOW COLUMNS FROM `fanwe_deal_keyword` [ RunTime:0.002090s ]
SQL: SELECT * FROM `fanwe_deal_keyword` LIMIT 1   [ RunTime:0.001620s ]
NOTIC: [8] Undefined index: uid /webHome/LFWZ000390/www/zc/Zc/Lib/Action/DealsAction.class.php 第 18 行.

[ 2015-07-24T16:22:07+08:00 ] 123.121.2.91 /zc/index.php?m=Deals&a=index&tid=12
INFO: [ app_begin ] --START--
INFO: ReadHtmlCache Behavior ::run [ RunTime:0.000611s ]
INFO: [ app_begin ] --END-- [ RunTime:0.000750s ]
SQL: SHOW COLUMNS FROM `fanwe_nav` [ RunTime:0.001826s ]
SQL: SELECT * FROM `fanwe_nav` ORDER BY sort  [ RunTime:0.001264s ]
SQL: SHOW COLUMNS FROM `fanwe_deal_cate` [ RunTime:0.002658s ]
SQL: SELECT * FROM `fanwe_deal_cate` ORDER BY id  [ RunTime:0.001617s ]
SQL: SHOW COLUMNS FROM `fanwe_deal_keyword` [ RunTime:0.005965s ]
SQL: SELECT * FROM `fanwe_deal_keyword` LIMIT 1   [ RunTime:0.001063s ]
NOTIC: [8] Undefined index: uid /webHome/LFWZ000390/www/zc/Zc/Lib/Action/DealsAction.class.php 第 18 行.

[ 2015-07-24T16:22:07+08:00 ] 123.121.2.91 /zc/index.php?m=User&a=login
INFO: [ app_begin ] --START--
INFO: ReadHtmlCache Behavior ::run [ RunTime:0.000557s ]
INFO: [ app_begin ] --END-- [ RunTime:0.000689s ]
SQL: SHOW COLUMNS FROM `fanwe_nav` [ RunTime:0.002842s ]
SQL: SELECT * FROM `fanwe_nav` ORDER BY sort  [ RunTime:0.003444s ]
SQL: SHOW COLUMNS FROM `fanwe_deal_cate` [ RunTime:0.003063s ]
SQL: SELECT * FROM `fanwe_deal_cate` ORDER BY id  [ RunTime:0.003915s ]
SQL: SHOW COLUMNS FROM `fanwe_deal_keyword` [ RunTime:0.002770s ]
SQL: SELECT * FROM `fanwe_deal_keyword` LIMIT 1   [ RunTime:0.001124s ]
INFO: [ view_parse ] --START--
NOTIC: [8] Undefined index: uid /webHome/LFWZ000390/www/zc/Zc/Runtime/Cache/42b90be8e9c40e58e803cfb6a2f683e9.php 第 76 行.
INFO: ParseTemplate Behavior ::run [ RunTime:0.046264s ]
INFO: [ view_parse ] --END-- [ RunTime:0.046393s ]
INFO: [ view_filter ] --START--
INFO: ContentReplace Behavior ::run [ RunTime:0.000536s ]
INFO: TokenBuild Behavior ::run [ RunTime:0.000402s ]
INFO: WriteHtmlCache Behavior ::run [ RunTime:0.000422s ]
INFO: ShowRuntime Behavior ::run [ RunTime:0.000538s ]
INFO: [ view_filter ] --END-- [ RunTime:0.002223s ]
INFO: [ view_end ] --START--
INFO: ShowPageTrace Behavior ::run [ RunTime:0.000419s ]
INFO: [ view_end ] --END-- [ RunTime:0.000515s ]

[ 2015-07-24T16:22:26+08:00 ] 123.121.2.91 /zc/index.php?m=Index&a=index
INFO: [ app_begin ] --START--
INFO: ReadHtmlCache Behavior ::run [ RunTime:0.000463s ]
INFO: [ app_begin ] --END-- [ RunTime:0.000597s ]
SQL: SHOW COLUMNS FROM `fanwe_nav` [ RunTime:0.002083s ]
SQL: SELECT * FROM `fanwe_nav` ORDER BY sort  [ RunTime:0.001930s ]
SQL: SHOW COLUMNS FROM `fanwe_deal_cate` [ RunTime:0.002126s ]
SQL: SELECT * FROM `fanwe_deal_cate` ORDER BY id  [ RunTime:0.001331s ]
SQL: SHOW COLUMNS FROM `fanwe_deal_keyword` [ RunTime:0.002080s ]
SQL: SELECT * FROM `fanwe_deal_keyword` LIMIT 1   [ RunTime:0.003040s ]
SQL: SHOW COLUMNS FROM `fanwe_showindex` [ RunTime:0.004037s ]
SQL: SELECT * FROM `fanwe_showindex`  [ RunTime:0.002605s ]
SQL: SHOW COLUMNS FROM `fanwe_deal` [ RunTime:0.003733s ]
SQL: SELECT id,name,image,end_time,limit_price,brief,support_amount,user_name,user_id,province,city,index_img FROM `fanwe_deal` WHERE ( `is_effect` = 1 ) ORDER BY sort desc,id desc LIMIT 0,7   [ RunTime:0.007059s ]
INFO: [ view_parse ] --START--
NOTIC: [8] Undefined index: uid /webHome/LFWZ000390/www/zc/Zc/Runtime/Cache/cc5c2cb31be8fd046a7cb83177e081f6.php 第 70 行.
INFO: ParseTemplate Behavior ::run [ RunTime:0.056490s ]
INFO: [ view_parse ] --END-- [ RunTime:0.056644s ]
INFO: [ view_filter ] --START--
INFO: ContentReplace Behavior ::run [ RunTime:0.001282s ]
INFO: TokenBuild Behavior ::run [ RunTime:0.000504s ]
INFO: WriteHtmlCache Behavior ::run [ RunTime:0.001051s ]
INFO: ShowRuntime Behavior ::run [ RunTime:0.000675s ]
INFO: [ view_filter ] --END-- [ RunTime:0.003855s ]
INFO: [ view_end ] --START--
INFO: ShowPageTrace Behavior ::run [ RunTime:0.005464s ]
INFO: [ view_end ] --END-- [ RunTime:0.005780s ]

[ 2015-07-24T16:22:29+08:00 ] 123.121.2.91 /zc/index.php?m=Deals&a=rec
INFO: [ app_begin ] --START--
INFO: ReadHtmlCache Behavior ::run [ RunTime:0.000754s ]
INFO: [ app_begin ] --END-- [ RunTime:0.002374s ]
SQL: SHOW COLUMNS FROM `fanwe_nav` [ RunTime:0.006801s ]
SQL: SELECT * FROM `fanwe_nav` ORDER BY sort  [ RunTime:0.001232s ]
SQL: SHOW COLUMNS FROM `fanwe_deal_cate` [ RunTime:0.001952s ]
SQL: SELECT * FROM `fanwe_deal_cate` ORDER BY id  [ RunTime:0.000869s ]
SQL: SHOW COLUMNS FROM `fanwe_deal_keyword` [ RunTime:0.002429s ]
SQL: SELECT * FROM `fanwe_deal_keyword` LIMIT 1   [ RunTime:0.002762s ]
NOTIC: [8] Undefined index: uid /webHome/LFWZ000390/www/zc/Zc/Lib/Action/DealsAction.class.php 第 55 行.

[ 2015-07-24T16:22:30+08:00 ] 123.121.2.91 /zc/index.php?m=User&a=login
INFO: [ app_begin ] --START--
INFO: ReadHtmlCache Behavior ::run [ RunTime:0.000725s ]
INFO: [ app_begin ] --END-- [ RunTime:0.000894s ]
SQL: SHOW COLUMNS FROM `fanwe_nav` [ RunTime:0.002259s ]
SQL: SELECT * FROM `fanwe_nav` ORDER BY sort  [ RunTime:0.001874s ]
SQL: SHOW COLUMNS FROM `fanwe_deal_cate` [ RunTime:0.003577s ]
SQL: SELECT * FROM `fanwe_deal_cate` ORDER BY id  [ RunTime:0.010447s ]
SQL: SHOW COLUMNS FROM `fanwe_deal_keyword` [ RunTime:0.002238s ]
SQL: SELECT * FROM `fanwe_deal_keyword` LIMIT 1   [ RunTime:0.007482s ]
INFO: [ view_parse ] --START--
NOTIC: [8] Undefined index: uid /webHome/LFWZ000390/www/zc/Zc/Runtime/Cache/42b90be8e9c40e58e803cfb6a2f683e9.php 第 76 行.
INFO: ParseTemplate Behavior ::run [ RunTime:0.016597s ]
INFO: [ view_parse ] --END-- [ RunTime:0.016797s ]
INFO: [ view_filter ] --START--
INFO: ContentReplace Behavior ::run [ RunTime:0.000789s ]
INFO: TokenBuild Behavior ::run [ RunTime:0.000555s ]
INFO: WriteHtmlCache Behavior ::run [ RunTime:0.000436s ]
INFO: ShowRuntime Behavior ::run [ RunTime:0.000547s ]
INFO: [ view_filter ] --END-- [ RunTime:0.002682s ]
INFO: [ view_end ] --START--
INFO: ShowPageTrace Behavior ::run [ RunTime:0.000433s ]
INFO: [ view_end ] --END-- [ RunTime:0.000671s ]

[ 2015-07-24T16:22:32+08:00 ] 123.121.2.91 /zc/index.php?m=Index&a=index
INFO: [ app_begin ] --START--
INFO: ReadHtmlCache Behavior ::run [ RunTime:0.000476s ]
INFO: [ app_begin ] --END-- [ RunTime:0.000610s ]
SQL: SHOW COLUMNS FROM `fanwe_nav` [ RunTime:0.002306s ]
SQL: SELECT * FROM `fanwe_nav` ORDER BY sort  [ RunTime:0.001049s ]
SQL: SHOW COLUMNS FROM `fanwe_deal_cate` [ RunTime:0.002208s ]
SQL: SELECT * FROM `fanwe_deal_cate` ORDER BY id  [ RunTime:0.002304s ]
SQL: SHOW COLUMNS FROM `fanwe_deal_keyword` [ RunTime:0.003433s ]
SQL: SELECT * FROM `fanwe_deal_keyword` LIMIT 1   [ RunTime:0.014303s ]
SQL: SHOW COLUMNS FROM `fanwe_showindex` [ RunTime:0.003195s ]
SQL: SELECT * FROM `fanwe_showindex`  [ RunTime:0.001777s ]
SQL: SHOW COLUMNS FROM `fanwe_deal` [ RunTime:0.003574s ]
SQL: SELECT id,name,image,end_time,limit_price,brief,support_amount,user_name,user_id,province,city,index_img FROM `fanwe_deal` WHERE ( `is_effect` = 1 ) ORDER BY sort desc,id desc LIMIT 0,7   [ RunTime:0.002678s ]
INFO: [ view_parse ] --START--
NOTIC: [8] Undefined index: uid /webHome/LFWZ000390/www/zc/Zc/Runtime/Cache/cc5c2cb31be8fd046a7cb83177e081f6.php 第 70 行.
INFO: ParseTemplate Behavior ::run [ RunTime:0.040294s ]
INFO: [ view_parse ] --END-- [ RunTime:0.040443s ]
INFO: [ view_filter ] --START--
INFO: ContentReplace Behavior ::run [ RunTime:0.000641s ]
INFO: TokenBuild Behavior ::run [ RunTime:0.000405s ]
INFO: WriteHtmlCache Behavior ::run [ RunTime:0.000327s ]
INFO: ShowRuntime Behavior ::run [ RunTime:0.001016s ]
INFO: [ view_filter ] --END-- [ RunTime:0.002689s ]
INFO: [ view_end ] --START--
INFO: ShowPageTrace Behavior ::run [ RunTime:0.000435s ]
INFO: [ view_end ] --END-- [ RunTime:0.000676s ]

[ 2015-07-24T16:22:41+08:00 ] 123.121.2.91 /zc/index.php?m=Deals&a=index
INFO: [ app_begin ] --START--
INFO: ReadHtmlCache Behavior ::run [ RunTime:0.000795s ]
INFO: [ app_begin ] --END-- [ RunTime:0.000986s ]
SQL: SHOW COLUMNS FROM `fanwe_nav` [ RunTime:0.002247s ]
SQL: SELECT * FROM `fanwe_nav` ORDER BY sort  [ RunTime:0.002978s ]
SQL: SHOW COLUMNS FROM `fanwe_deal_cate` [ RunTime:0.004303s ]
SQL: SELECT * FROM `fanwe_deal_cate` ORDER BY id  [ RunTime:0.001302s ]
SQL: SHOW COLUMNS FROM `fanwe_deal_keyword` [ RunTime:0.003003s ]
SQL: SELECT * FROM `fanwe_deal_keyword` LIMIT 1   [ RunTime:0.001444s ]
NOTIC: [8] Undefined index: uid /webHome/LFWZ000390/www/zc/Zc/Lib/Action/DealsAction.class.php 第 18 行.

[ 2015-07-24T16:22:41+08:00 ] 123.121.2.91 /zc/index.php?m=User&a=login
INFO: [ app_begin ] --START--
INFO: ReadHtmlCache Behavior ::run [ RunTime:0.000577s ]
INFO: [ app_begin ] --END-- [ RunTime:0.000707s ]
SQL: SHOW COLUMNS FROM `fanwe_nav` [ RunTime:0.003320s ]
SQL: SELECT * FROM `fanwe_nav` ORDER BY sort  [ RunTime:0.008644s ]
SQL: SHOW COLUMNS FROM `fanwe_deal_cate` [ RunTime:0.001721s ]
SQL: SELECT * FROM `fanwe_deal_cate` ORDER BY id  [ RunTime:0.002664s ]
SQL: SHOW COLUMNS FROM `fanwe_deal_keyword` [ RunTime:0.005510s ]
SQL: SELECT * FROM `fanwe_deal_keyword` LIMIT 1   [ RunTime:0.001444s ]
INFO: [ view_parse ] --START--
NOTIC: [8] Undefined index: uid /webHome/LFWZ000390/www/zc/Zc/Runtime/Cache/42b90be8e9c40e58e803cfb6a2f683e9.php 第 76 行.
INFO: ParseTemplate Behavior ::run [ RunTime:0.017718s ]
INFO: [ view_parse ] --END-- [ RunTime:0.017848s ]
INFO: [ view_filter ] --START--
INFO: ContentReplace Behavior ::run [ RunTime:0.000639s ]
INFO: TokenBuild Behavior ::run [ RunTime:0.000455s ]
INFO: WriteHtmlCache Behavior ::run [ RunTime:0.000788s ]
INFO: ShowRuntime Behavior ::run [ RunTime:0.000696s ]
INFO: [ view_filter ] --END-- [ RunTime:0.002932s ]
INFO: [ view_end ] --START--
INFO: ShowPageTrace Behavior ::run [ RunTime:0.000849s ]
INFO: [ view_end ] --END-- [ RunTime:0.001025s ]

[ 2015-07-24T16:22:46+08:00 ] 123.121.2.91 /zc/index.php?m=Deals&a=rec
INFO: [ app_begin ] --START--
INFO: ReadHtmlCache Behavior ::run [ RunTime:0.000494s ]
INFO: [ app_begin ] --END-- [ RunTime:0.000629s ]
SQL: SHOW COLUMNS FROM `fanwe_nav` [ RunTime:0.002264s ]
SQL: SELECT * FROM `fanwe_nav` ORDER BY sort  [ RunTime:0.002381s ]
SQL: SHOW COLUMNS FROM `fanwe_deal_cate` [ RunTime:0.005416s ]
SQL: SELECT * FROM `fanwe_deal_cate` ORDER BY id  [ RunTime:0.001765s ]
SQL: SHOW COLUMNS FROM `fanwe_deal_keyword` [ RunTime:0.002400s ]
SQL: SELECT * FROM `fanwe_deal_keyword` LIMIT 1   [ RunTime:0.000811s ]
NOTIC: [8] Undefined index: uid /webHome/LFWZ000390/www/zc/Zc/Lib/Action/DealsAction.class.php 第 55 行.

[ 2015-07-24T16:22:46+08:00 ] 123.121.2.91 /zc/index.php?m=User&a=login
INFO: [ app_begin ] --START--
INFO: ReadHtmlCache Behavior ::run [ RunTime:0.000443s ]
INFO: [ app_begin ] --END-- [ RunTime:0.000574s ]
SQL: SHOW COLUMNS FROM `fanwe_nav` [ RunTime:0.003216s ]
SQL: SELECT * FROM `fanwe_nav` ORDER BY sort  [ RunTime:0.001057s ]
SQL: SHOW COLUMNS FROM `fanwe_deal_cate` [ RunTime:0.005895s ]
SQL: SELECT * FROM `fanwe_deal_cate` ORDER BY id  [ RunTime:0.002605s ]
SQL: SHOW COLUMNS FROM `fanwe_deal_keyword` [ RunTime:0.001802s ]
SQL: SELECT * FROM `fanwe_deal_keyword` LIMIT 1   [ RunTime:0.002407s ]
INFO: [ view_parse ] --START--
NOTIC: [8] Undefined index: uid /webHome/LFWZ000390/www/zc/Zc/Runtime/Cache/42b90be8e9c40e58e803cfb6a2f683e9.php 第 76 行.
INFO: ParseTemplate Behavior ::run [ RunTime:0.042570s ]
INFO: [ view_parse ] --END-- [ RunTime:0.042719s ]
INFO: [ view_filter ] --START--
INFO: ContentReplace Behavior ::run [ RunTime:0.000873s ]
INFO: TokenBuild Behavior ::run [ RunTime:0.000461s ]
INFO: WriteHtmlCache Behavior ::run [ RunTime:0.000393s ]
INFO: ShowRuntime Behavior ::run [ RunTime:0.000436s ]
INFO: [ view_filter ] --END-- [ RunTime:0.002456s ]
INFO: [ view_end ] --START--
INFO: ShowPageTrace Behavior ::run [ RunTime:0.000390s ]
INFO: [ view_end ] --END-- [ RunTime:0.000513s ]

[ 2015-07-24T16:22:48+08:00 ] 123.121.2.91 /zc/index.php?m=News&a=index
INFO: [ app_begin ] --START--
INFO: ReadHtmlCache Behavior ::run [ RunTime:0.000453s ]
INFO: [ app_begin ] --END-- [ RunTime:0.000610s ]
SQL: SHOW COLUMNS FROM `fanwe_nav` [ RunTime:0.002808s ]
SQL: SELECT * FROM `fanwe_nav` ORDER BY sort  [ RunTime:0.001789s ]
SQL: SHOW COLUMNS FROM `fanwe_deal_cate` [ RunTime:0.006186s ]
SQL: SELECT * FROM `fanwe_deal_cate` ORDER BY id  [ RunTime:0.001295s ]
SQL: SHOW COLUMNS FROM `fanwe_deal_keyword` [ RunTime:0.008142s ]
SQL: SELECT * FROM `fanwe_deal_keyword` LIMIT 1   [ RunTime:0.003190s ]
SQL: SHOW COLUMNS FROM `fanwe_news` [ RunTime:0.002872s ]
SQL: SELECT COUNT(*) AS tp_count FROM `fanwe_news` WHERE ( `enable` = 1 ) LIMIT 1   [ RunTime:0.001512s ]
SQL: SELECT COUNT(*) AS tp_count FROM `fanwe_news` WHERE ( `enable` = 1 ) LIMIT 1   [ RunTime:0.009343s ]
SQL: SELECT * FROM `fanwe_news` ORDER BY addtime desc,rec desc LIMIT 0,10   [ RunTime:0.018055s ]
INFO: [ view_parse ] --START--
SQL: SHOW COLUMNS FROM `fanwe_conf` [ RunTime:0.003723s ]
SQL: SELECT `value` FROM `fanwe_conf` WHERE ( `name` = 'SEO_TITLE' ) LIMIT 1   [ RunTime:0.002051s ]
NOTIC: [8] Undefined index: uid /webHome/LFWZ000390/www/zc/Zc/Runtime/Cache/93be05964b36457006025cdbe2606e6a.php 第 107 行.
INFO: ParseTemplate Behavior ::run [ RunTime:0.045017s ]
INFO: [ view_parse ] --END-- [ RunTime:0.045225s ]
INFO: [ view_filter ] --START--
INFO: ContentReplace Behavior ::run [ RunTime:0.004850s ]
INFO: TokenBuild Behavior ::run [ RunTime:0.000534s ]
INFO: WriteHtmlCache Behavior ::run [ RunTime:0.000338s ]
INFO: ShowRuntime Behavior ::run [ RunTime:0.000552s ]
INFO: [ view_filter ] --END-- [ RunTime:0.006663s ]
INFO: [ view_end ] --START--
INFO: ShowPageTrace Behavior ::run [ RunTime:0.000580s ]
INFO: [ view_end ] --END-- [ RunTime:0.000692s ]

[ 2015-07-24T16:23:26+08:00 ] 123.121.2.91 /zc/index.php?m=News&a=index
INFO: [ app_begin ] --START--
INFO: ReadHtmlCache Behavior ::run [ RunTime:0.001068s ]
INFO: [ app_begin ] --END-- [ RunTime:0.001280s ]
SQL: SHOW COLUMNS FROM `fanwe_nav` [ RunTime:0.003394s ]
SQL: SELECT * FROM `fanwe_nav` ORDER BY sort  [ RunTime:0.001782s ]
SQL: SHOW COLUMNS FROM `fanwe_deal_cate` [ RunTime:0.006831s ]
SQL: SELECT * FROM `fanwe_deal_cate` ORDER BY id  [ RunTime:0.005066s ]
SQL: SHOW COLUMNS FROM `fanwe_deal_keyword` [ RunTime:0.006679s ]
SQL: SELECT * FROM `fanwe_deal_keyword` LIMIT 1   [ RunTime:0.001314s ]
SQL: SHOW COLUMNS FROM `fanwe_news` [ RunTime:0.002528s ]
SQL: SELECT COUNT(*) AS tp_count FROM `fanwe_news` WHERE ( `enable` = 1 ) LIMIT 1   [ RunTime:0.003296s ]
SQL: SELECT COUNT(*) AS tp_count FROM `fanwe_news` WHERE ( `enable` = 1 ) LIMIT 1   [ RunTime:0.011224s ]
SQL: SELECT * FROM `fanwe_news` ORDER BY addtime desc,rec desc LIMIT 0,10   [ RunTime:0.013111s ]
INFO: [ view_parse ] --START--
SQL: SHOW COLUMNS FROM `fanwe_conf` [ RunTime:0.014643s ]
SQL: SELECT `value` FROM `fanwe_conf` WHERE ( `name` = 'SEO_TITLE' ) LIMIT 1   [ RunTime:0.003294s ]
NOTIC: [8] Undefined index: uid /webHome/LFWZ000390/www/zc/Zc/Runtime/Cache/93be05964b36457006025cdbe2606e6a.php 第 107 行.
INFO: ParseTemplate Behavior ::run [ RunTime:0.061258s ]
INFO: [ view_parse ] --END-- [ RunTime:0.061388s ]
INFO: [ view_filter ] --START--
INFO: ContentReplace Behavior ::run [ RunTime:0.000843s ]
INFO: TokenBuild Behavior ::run [ RunTime:0.000690s ]
INFO: WriteHtmlCache Behavior ::run [ RunTime:0.000330s ]
INFO: ShowRuntime Behavior ::run [ RunTime:0.000498s ]
INFO: [ view_filter ] --END-- [ RunTime:0.002701s ]
INFO: [ view_end ] --START--
INFO: ShowPageTrace Behavior ::run [ RunTime:0.001023s ]
INFO: [ view_end ] --END-- [ RunTime:0.001132s ]

[ 2015-07-24T16:23:32+08:00 ] 123.121.2.91 /zc/index.php?m=Index&a=index
INFO: [ app_begin ] --START--
INFO: ReadHtmlCache Behavior ::run [ RunTime:0.000448s ]
INFO: [ app_begin ] --END-- [ RunTime:0.000578s ]
SQL: SHOW COLUMNS FROM `fanwe_nav` [ RunTime:0.002261s ]
SQL: SELECT * FROM `fanwe_nav` ORDER BY sort  [ RunTime:0.002109s ]
SQL: SHOW COLUMNS FROM `fanwe_deal_cate` [ RunTime:0.002584s ]
SQL: SELECT * FROM `fanwe_deal_cate` ORDER BY id  [ RunTime:0.009204s ]
SQL: SHOW COLUMNS FROM `fanwe_deal_keyword` [ RunTime:0.002424s ]
SQL: SELECT * FROM `fanwe_deal_keyword` LIMIT 1   [ RunTime:0.002961s ]
SQL: SHOW COLUMNS FROM `fanwe_showindex` [ RunTime:0.009797s ]
SQL: SELECT * FROM `fanwe_showindex`  [ RunTime:0.003036s ]
SQL: SHOW COLUMNS FROM `fanwe_deal` [ RunTime:0.003643s ]
SQL: SELECT id,name,image,end_time,limit_price,brief,support_amount,user_name,user_id,province,city,index_img FROM `fanwe_deal` WHERE ( `is_effect` = 1 ) ORDER BY sort desc,id desc LIMIT 0,7   [ RunTime:0.004916s ]
INFO: [ view_parse ] --START--
NOTIC: [8] Undefined index: uid /webHome/LFWZ000390/www/zc/Zc/Runtime/Cache/cc5c2cb31be8fd046a7cb83177e081f6.php 第 70 行.
INFO: ParseTemplate Behavior ::run [ RunTime:0.060735s ]
INFO: [ view_parse ] --END-- [ RunTime:0.060896s ]
INFO: [ view_filter ] --START--
INFO: ContentReplace Behavior ::run [ RunTime:0.000647s ]
INFO: TokenBuild Behavior ::run [ RunTime:0.000431s ]
INFO: WriteHtmlCache Behavior ::run [ RunTime:0.000360s ]
INFO: ShowRuntime Behavior ::run [ RunTime:0.000477s ]
INFO: [ view_filter ] --END-- [ RunTime:0.002327s ]
INFO: [ view_end ] --START--
INFO: ShowPageTrace Behavior ::run [ RunTime:0.000400s ]
INFO: [ view_end ] --END-- [ RunTime:0.000492s ]

[ 2015-07-24T16:23:37+08:00 ] 123.121.2.91 /zc/index.php?m=Deals&a=rec
INFO: [ app_begin ] --START--
INFO: ReadHtmlCache Behavior ::run [ RunTime:0.000412s ]
INFO: [ app_begin ] --END-- [ RunTime:0.000559s ]
SQL: SHOW COLUMNS FROM `fanwe_nav` [ RunTime:0.002104s ]
SQL: SELECT * FROM `fanwe_nav` ORDER BY sort  [ RunTime:0.003088s ]
SQL: SHOW COLUMNS FROM `fanwe_deal_cate` [ RunTime:0.002853s ]
SQL: SELECT * FROM `fanwe_deal_cate` ORDER BY id  [ RunTime:0.002535s ]
SQL: SHOW COLUMNS FROM `fanwe_deal_keyword` [ RunTime:0.002894s ]
SQL: SELECT * FROM `fanwe_deal_keyword` LIMIT 1   [ RunTime:0.001893s ]
NOTIC: [8] Undefined index: uid /webHome/LFWZ000390/www/zc/Zc/Lib/Action/DealsAction.class.php 第 55 行.

[ 2015-07-24T16:23:38+08:00 ] 123.121.2.91 /zc/index.php?m=User&a=login
INFO: [ app_begin ] --START--
INFO: ReadHtmlCache Behavior ::run [ RunTime:0.000700s ]
INFO: [ app_begin ] --END-- [ RunTime:0.000838s ]
SQL: SHOW COLUMNS FROM `fanwe_nav` [ RunTime:0.004972s ]
SQL: SELECT * FROM `fanwe_nav` ORDER BY sort  [ RunTime:0.002192s ]
SQL: SHOW COLUMNS FROM `fanwe_deal_cate` [ RunTime:0.001994s ]
SQL: SELECT * FROM `fanwe_deal_cate` ORDER BY id  [ RunTime:0.009153s ]
SQL: SHOW COLUMNS FROM `fanwe_deal_keyword` [ RunTime:0.004488s ]
SQL: SELECT * FROM `fanwe_deal_keyword` LIMIT 1   [ RunTime:0.000861s ]
INFO: [ view_parse ] --START--
NOTIC: [8] Undefined index: uid /webHome/LFWZ000390/www/zc/Zc/Runtime/Cache/42b90be8e9c40e58e803cfb6a2f683e9.php 第 76 行.
INFO: ParseTemplate Behavior ::run [ RunTime:0.030265s ]
INFO: [ view_parse ] --END-- [ RunTime:0.030390s ]
INFO: [ view_filter ] --START--
INFO: ContentReplace Behavior ::run [ RunTime:0.000565s ]
INFO: TokenBuild Behavior ::run [ RunTime:0.000393s ]
INFO: WriteHtmlCache Behavior ::run [ RunTime:0.000451s ]
INFO: ShowRuntime Behavior ::run [ RunTime:0.000396s ]
INFO: [ view_filter ] --END-- [ RunTime:0.002074s ]
INFO: [ view_end ] --START--
INFO: ShowPageTrace Behavior ::run [ RunTime:0.000415s ]
INFO: [ view_end ] --END-- [ RunTime:0.000496s ]

[ 2015-07-24T16:24:03+08:00 ] 123.121.2.91 /zc/index.php?m=User&a=register
INFO: [ app_begin ] --START--
INFO: ReadHtmlCache Behavior ::run [ RunTime:0.000384s ]
INFO: [ app_begin ] --END-- [ RunTime:0.000496s ]
SQL: SHOW COLUMNS FROM `fanwe_nav` [ RunTime:0.002670s ]
SQL: SELECT * FROM `fanwe_nav` ORDER BY sort  [ RunTime:0.001217s ]
SQL: SHOW COLUMNS FROM `fanwe_deal_cate` [ RunTime:0.003052s ]
SQL: SELECT * FROM `fanwe_deal_cate` ORDER BY id  [ RunTime:0.003370s ]
SQL: SHOW COLUMNS FROM `fanwe_deal_keyword` [ RunTime:0.002954s ]
SQL: SELECT * FROM `fanwe_deal_keyword` LIMIT 1   [ RunTime:0.001467s ]
INFO: [ view_parse ] --START--
NOTIC: [8] Undefined index: uid /webHome/LFWZ000390/www/zc/Zc/Runtime/Cache/5ca447943347623fc7c870efb9c9908d.php 第 80 行.
INFO: ParseTemplate Behavior ::run [ RunTime:0.059657s ]
INFO: [ view_parse ] --END-- [ RunTime:0.059760s ]
INFO: [ view_filter ] --START--
INFO: ContentReplace Behavior ::run [ RunTime:0.000545s ]
INFO: TokenBuild Behavior ::run [ RunTime:0.010841s ]
INFO: WriteHtmlCache Behavior ::run [ RunTime:0.000335s ]
INFO: ShowRuntime Behavior ::run [ RunTime:0.000393s ]
INFO: [ view_filter ] --END-- [ RunTime:0.012407s ]
INFO: [ view_end ] --START--
INFO: ShowPageTrace Behavior ::run [ RunTime:0.000321s ]
INFO: [ view_end ] --END-- [ RunTime:0.000396s ]

[ 2015-07-24T16:24:17+08:00 ] 123.121.2.91 /zc/index.php?m=User&a=sendCode
INFO: [ app_begin ] --START--
INFO: ReadHtmlCache Behavior ::run [ RunTime:0.000700s ]
INFO: [ app_begin ] --END-- [ RunTime:0.000919s ]
SQL: SHOW COLUMNS FROM `fanwe_nav` [ RunTime:0.001922s ]
SQL: SELECT * FROM `fanwe_nav` ORDER BY sort  [ RunTime:0.002091s ]
SQL: SHOW COLUMNS FROM `fanwe_deal_cate` [ RunTime:0.008860s ]
SQL: SELECT * FROM `fanwe_deal_cate` ORDER BY id  [ RunTime:0.006602s ]
SQL: SHOW COLUMNS FROM `fanwe_deal_keyword` [ RunTime:0.002090s ]
SQL: SELECT * FROM `fanwe_deal_keyword` LIMIT 1   [ RunTime:0.001452s ]
SQL: SELECT * FROM `fanwe_nav` ORDER BY sort  [ RunTime:0.002003s ]
SQL: SELECT * FROM `fanwe_deal_cate` ORDER BY id  [ RunTime:0.001661s ]
SQL: SELECT * FROM `fanwe_deal_keyword` LIMIT 1   [ RunTime:0.001233s ]
SQL: SHOW COLUMNS FROM `fanwe_codelog` [ RunTime:0.005536s ]
SQL: INSERT INTO `fanwe_codelog` (`telphone`,`msg`,`result`) VALUES ('1880154391','【未来门】您的手机验证码为5103,请输入后继续注册','03,M725275150724162418\r\n') [ RunTime:0.005983s ]

[ 2015-07-24T16:26:12+08:00 ] 123.121.2.91 /zc/index.php?m=User&a=sendCode
INFO: [ app_begin ] --START--
INFO: ReadHtmlCache Behavior ::run [ RunTime:0.000569s ]
INFO: [ app_begin ] --END-- [ RunTime:0.000695s ]
SQL: SHOW COLUMNS FROM `fanwe_nav` [ RunTime:0.003452s ]
SQL: SELECT * FROM `fanwe_nav` ORDER BY sort  [ RunTime:0.001756s ]
SQL: SHOW COLUMNS FROM `fanwe_deal_cate` [ RunTime:0.006755s ]
SQL: SELECT * FROM `fanwe_deal_cate` ORDER BY id  [ RunTime:0.007636s ]
SQL: SHOW COLUMNS FROM `fanwe_deal_keyword` [ RunTime:0.002807s ]
SQL: SELECT * FROM `fanwe_deal_keyword` LIMIT 1   [ RunTime:0.002304s ]
SQL: SELECT * FROM `fanwe_nav` ORDER BY sort  [ RunTime:0.001532s ]
SQL: SELECT * FROM `fanwe_deal_cate` ORDER BY id  [ RunTime:0.001847s ]
SQL: SELECT * FROM `fanwe_deal_keyword` LIMIT 1   [ RunTime:0.003063s ]
SQL: SHOW COLUMNS FROM `fanwe_codelog` [ RunTime:0.002661s ]
SQL: INSERT INTO `fanwe_codelog` (`telphone`,`msg`,`result`) VALUES ('1880154391','【未来门】您的手机验证码为4953,请输入后继续注册','03,M725399150724162613\r\n') [ RunTime:0.010530s ]

[ 2015-07-24T16:26:14+08:00 ] 123.121.2.91 /zc/index.php?m=User&a=sendCode
INFO: [ app_begin ] --START--
INFO: ReadHtmlCache Behavior ::run [ RunTime:0.001046s ]
INFO: [ app_begin ] --END-- [ RunTime:0.001209s ]
SQL: SHOW COLUMNS FROM `fanwe_nav` [ RunTime:0.003438s ]
SQL: SELECT * FROM `fanwe_nav` ORDER BY sort  [ RunTime:0.001689s ]
SQL: SHOW COLUMNS FROM `fanwe_deal_cate` [ RunTime:0.002420s ]
SQL: SELECT * FROM `fanwe_deal_cate` ORDER BY id  [ RunTime:0.001842s ]
SQL: SHOW COLUMNS FROM `fanwe_deal_keyword` [ RunTime:0.003384s ]
SQL: SELECT * FROM `fanwe_deal_keyword` LIMIT 1   [ RunTime:0.001078s ]
SQL: SELECT * FROM `fanwe_nav` ORDER BY sort  [ RunTime:0.001335s ]
SQL: SELECT * FROM `fanwe_deal_cate` ORDER BY id  [ RunTime:0.004281s ]
SQL: SELECT * FROM `fanwe_deal_keyword` LIMIT 1   [ RunTime:0.002920s ]
SQL: SHOW COLUMNS FROM `fanwe_codelog` [ RunTime:0.001689s ]
SQL: INSERT INTO `fanwe_codelog` (`telphone`,`msg`,`result`) VALUES ('1880154391','【未来门】您的手机验证码为3230,请输入后继续注册','03,M725403150724162614\r\n') [ RunTime:0.015592s ]

[ 2015-07-24T16:26:14+08:00 ] 123.121.2.91 /zc/index.php?m=User&a=sendCode
INFO: [ app_begin ] --START--
INFO: ReadHtmlCache Behavior ::run [ RunTime:0.000756s ]
INFO: [ app_begin ] --END-- [ RunTime:0.000901s ]
SQL: SHOW COLUMNS FROM `fanwe_nav` [ RunTime:0.002533s ]
SQL: SELECT * FROM `fanwe_nav` ORDER BY sort  [ RunTime:0.001413s ]
SQL: SHOW COLUMNS FROM `fanwe_deal_cate` [ RunTime:0.001353s ]
SQL: SELECT * FROM `fanwe_deal_cate` ORDER BY id  [ RunTime:0.001567s ]
SQL: SHOW COLUMNS FROM `fanwe_deal_keyword` [ RunTime:0.002732s ]
SQL: SELECT * FROM `fanwe_deal_keyword` LIMIT 1   [ RunTime:0.001145s ]
SQL: SELECT * FROM `fanwe_nav` ORDER BY sort  [ RunTime:0.001280s ]
SQL: SELECT * FROM `fanwe_deal_cate` ORDER BY id  [ RunTime:0.004935s ]
SQL: SELECT * FROM `fanwe_deal_keyword` LIMIT 1   [ RunTime:0.001539s ]
SQL: SHOW COLUMNS FROM `fanwe_codelog` [ RunTime:0.003207s ]
SQL: INSERT INTO `fanwe_codelog` (`telphone`,`msg`,`result`) VALUES ('1880154391','【未来门】您的手机验证码为6773,请输入后继续注册','03,M725404150724162615\r\n') [ RunTime:0.013296s ]

[ 2015-07-24T16:26:15+08:00 ] 123.121.2.91 /zc/index.php?m=User&a=sendCode
INFO: [ app_begin ] --START--
INFO: ReadHtmlCache Behavior ::run [ RunTime:0.000575s ]
INFO: [ app_begin ] --END-- [ RunTime:0.000829s ]
SQL: SHOW COLUMNS FROM `fanwe_nav` [ RunTime:0.002054s ]
SQL: SELECT * FROM `fanwe_nav` ORDER BY sort  [ RunTime:0.012432s ]
SQL: SHOW COLUMNS FROM `fanwe_deal_cate` [ RunTime:0.002163s ]
SQL: SELECT * FROM `fanwe_deal_cate` ORDER BY id  [ RunTime:0.002136s ]
SQL: SHOW COLUMNS FROM `fanwe_deal_keyword` [ RunTime:0.007115s ]
SQL: SELECT * FROM `fanwe_deal_keyword` LIMIT 1   [ RunTime:0.002750s ]
SQL: SELECT * FROM `fanwe_nav` ORDER BY sort  [ RunTime:0.002066s ]
SQL: SELECT * FROM `fanwe_deal_cate` ORDER BY id  [ RunTime:0.001743s ]
SQL: SELECT * FROM `fanwe_deal_keyword` LIMIT 1   [ RunTime:0.001400s ]
SQL: SHOW COLUMNS FROM `fanwe_codelog` [ RunTime:0.002186s ]
SQL: INSERT INTO `fanwe_codelog` (`telphone`,`msg`,`result`) VALUES ('1880154391','【未来门】您的手机验证码为2346,请输入后继续注册','03,M725405150724162615\r\n') [ RunTime:0.013495s ]

[ 2015-07-24T16:26:15+08:00 ] 123.121.2.91 /zc/index.php?m=User&a=sendCode
INFO: [ app_begin ] --START--
INFO: ReadHtmlCache Behavior ::run [ RunTime:0.000477s ]
INFO: [ app_begin ] --END-- [ RunTime:0.000621s ]
SQL: SHOW COLUMNS FROM `fanwe_nav` [ RunTime:0.005586s ]
SQL: SELECT * FROM `fanwe_nav` ORDER BY sort  [ RunTime:0.002754s ]
SQL: SHOW COLUMNS FROM `fanwe_deal_cate` [ RunTime:0.001676s ]
SQL: SELECT * FROM `fanwe_deal_cate` ORDER BY id  [ RunTime:0.003124s ]
SQL: SHOW COLUMNS FROM `fanwe_deal_keyword` [ RunTime:0.019629s ]
SQL: SELECT * FROM `fanwe_deal_keyword` LIMIT 1   [ RunTime:0.001621s ]
SQL: SELECT * FROM `fanwe_nav` ORDER BY sort  [ RunTime:0.002404s ]
SQL: SELECT * FROM `fanwe_deal_cate` ORDER BY id  [ RunTime:0.002384s ]
SQL: SELECT * FROM `fanwe_deal_keyword` LIMIT 1   [ RunTime:0.001743s ]
SQL: SHOW COLUMNS FROM `fanwe_codelog` [ RunTime:0.002161s ]
SQL: INSERT INTO `fanwe_codelog` (`telphone`,`msg`,`result`) VALUES ('1880154391','【未来门】您的手机验证码为2809,请输入后继续注册','03,M725406150724162616\r\n') [ RunTime:0.040444s ]

[ 2015-07-24T16:26:15+08:00 ] 123.121.2.91 /zc/index.php?m=User&a=sendCode
INFO: [ app_begin ] --START--
INFO: ReadHtmlCache Behavior ::run [ RunTime:0.000539s ]
INFO: [ app_begin ] --END-- [ RunTime:0.000682s ]
SQL: SHOW COLUMNS FROM `fanwe_nav` [ RunTime:0.002223s ]
SQL: SELECT * FROM `fanwe_nav` ORDER BY sort  [ RunTime:0.002058s ]
SQL: SHOW COLUMNS FROM `fanwe_deal_cate` [ RunTime:0.002476s ]
SQL: SELECT * FROM `fanwe_deal_cate` ORDER BY id  [ RunTime:0.004898s ]
SQL: SHOW COLUMNS FROM `fanwe_deal_keyword` [ RunTime:0.001966s ]
SQL: SELECT * FROM `fanwe_deal_keyword` LIMIT 1   [ RunTime:0.000501s ]
SQL: SELECT * FROM `fanwe_nav` ORDER BY sort  [ RunTime:0.003786s ]
SQL: SELECT * FROM `fanwe_deal_cate` ORDER BY id  [ RunTime:0.001627s ]
SQL: SELECT * FROM `fanwe_deal_keyword` LIMIT 1   [ RunTime:0.002337s ]
SQL: SHOW COLUMNS FROM `fanwe_codelog` [ RunTime:0.002513s ]
SQL: INSERT INTO `fanwe_codelog` (`telphone`,`msg`,`result`) VALUES ('1880154391','【未来门】您的手机验证码为9817,请输入后继续注册','03,M725407150724162616\r\n') [ RunTime:0.013680s ]

[ 2015-07-24T16:26:17+08:00 ] 123.121.2.91 /zc/index.php?m=User&a=sendCode
INFO: [ app_begin ] --START--
INFO: ReadHtmlCache Behavior ::run [ RunTime:0.000504s ]
INFO: [ app_begin ] --END-- [ RunTime:0.000662s ]
SQL: SHOW COLUMNS FROM `fanwe_nav` [ RunTime:0.001789s ]
SQL: SELECT * FROM `fanwe_nav` ORDER BY sort  [ RunTime:0.006334s ]
SQL: SHOW COLUMNS FROM `fanwe_deal_cate` [ RunTime:0.003056s ]
SQL: SELECT * FROM `fanwe_deal_cate` ORDER BY id  [ RunTime:0.004095s ]
SQL: SHOW COLUMNS FROM `fanwe_deal_keyword` [ RunTime:0.002340s ]
SQL: SELECT * FROM `fanwe_deal_keyword` LIMIT 1   [ RunTime:0.001513s ]
SQL: SELECT * FROM `fanwe_nav` ORDER BY sort  [ RunTime:0.009495s ]
SQL: SELECT * FROM `fanwe_deal_cate` ORDER BY id  [ RunTime:0.003802s ]
SQL: SELECT * FROM `fanwe_deal_keyword` LIMIT 1   [ RunTime:0.001664s ]
SQL: SHOW COLUMNS FROM `fanwe_codelog` [ RunTime:0.004731s ]
SQL: INSERT INTO `fanwe_codelog` (`telphone`,`msg`,`result`) VALUES ('1880154391','【未来门】您的手机验证码为9348,请输入后继续注册','03,M725409150724162617\r\n') [ RunTime:0.006147s ]

[ 2015-07-24T16:26:17+08:00 ] 123.121.2.91 /zc/index.php?m=User&a=sendCode
INFO: [ app_begin ] --START--
INFO: ReadHtmlCache Behavior ::run [ RunTime:0.000543s ]
INFO: [ app_begin ] --END-- [ RunTime:0.000695s ]
SQL: SHOW COLUMNS FROM `fanwe_nav` [ RunTime:0.002339s ]
SQL: SELECT * FROM `fanwe_nav` ORDER BY sort  [ RunTime:0.002264s ]
SQL: SHOW COLUMNS FROM `fanwe_deal_cate` [ RunTime:0.003684s ]
SQL: SELECT * FROM `fanwe_deal_cate` ORDER BY id  [ RunTime:0.004307s ]
SQL: SHOW COLUMNS FROM `fanwe_deal_keyword` [ RunTime:0.009464s ]
SQL: SELECT * FROM `fanwe_deal_keyword` LIMIT 1   [ RunTime:0.000959s ]
SQL: SELECT * FROM `fanwe_nav` ORDER BY sort  [ RunTime:0.001939s ]
SQL: SELECT * FROM `fanwe_deal_cate` ORDER BY id  [ RunTime:0.002019s ]
SQL: SELECT * FROM `fanwe_deal_keyword` LIMIT 1   [ RunTime:0.001055s ]
SQL: SHOW COLUMNS FROM `fanwe_codelog` [ RunTime:0.002647s ]
SQL: INSERT INTO `fanwe_codelog` (`telphone`,`msg`,`result`) VALUES ('1880154391','【未来门】您的手机验证码为6145,请输入后继续注册','03,M725410150724162618\r\n') [ RunTime:0.021304s ]

[ 2015-07-24T16:26:17+08:00 ] 123.121.2.91 /zc/index.php?m=User&a=sendCode
INFO: [ app_begin ] --START--
INFO: ReadHtmlCache Behavior ::run [ RunTime:0.000485s ]
INFO: [ app_begin ] --END-- [ RunTime:0.000602s ]
SQL: SHOW COLUMNS FROM `fanwe_nav` [ RunTime:0.003140s ]
SQL: SELECT * FROM `fanwe_nav` ORDER BY sort  [ RunTime:0.004395s ]
SQL: SHOW COLUMNS FROM `fanwe_deal_cate` [ RunTime:0.001964s ]
SQL: SELECT * FROM `fanwe_deal_cate` ORDER BY id  [ RunTime:0.001655s ]
SQL: SHOW COLUMNS FROM `fanwe_deal_keyword` [ RunTime:0.005386s ]
SQL: SELECT * FROM `fanwe_deal_keyword` LIMIT 1   [ RunTime:0.001983s ]
SQL: SELECT * FROM `fanwe_nav` ORDER BY sort  [ RunTime:0.002075s ]
SQL: SELECT * FROM `fanwe_deal_cate` ORDER BY id  [ RunTime:0.005590s ]
SQL: SELECT * FROM `fanwe_deal_keyword` LIMIT 1   [ RunTime:0.002571s ]
SQL: SHOW COLUMNS FROM `fanwe_codelog` [ RunTime:0.002192s ]
SQL: INSERT INTO `fanwe_codelog` (`telphone`,`msg`,`result`) VALUES ('1880154391','【未来门】您的手机验证码为8140,请输入后继续注册','03,M725411150724162618\r\n') [ RunTime:0.024653s ]

[ 2015-07-24T16:26:54+08:00 ] 123.121.2.91 /zc/
INFO: [ app_begin ] --START--
INFO: ReadHtmlCache Behavior ::run [ RunTime:0.000278s ]
INFO: [ app_begin ] --END-- [ RunTime:0.000366s ]
SQL: SHOW COLUMNS FROM `fanwe_nav` [ RunTime:0.004241s ]
SQL: SELECT * FROM `fanwe_nav` ORDER BY sort  [ RunTime:0.001472s ]
SQL: SHOW COLUMNS FROM `fanwe_deal_cate` [ RunTime:0.004881s ]
SQL: SELECT * FROM `fanwe_deal_cate` ORDER BY id  [ RunTime:0.002229s ]
SQL: SHOW COLUMNS FROM `fanwe_deal_keyword` [ RunTime:0.005017s ]
SQL: SELECT * FROM `fanwe_deal_keyword` LIMIT 1   [ RunTime:0.001595s ]
SQL: SHOW COLUMNS FROM `fanwe_showindex` [ RunTime:0.006474s ]
SQL: SELECT * FROM `fanwe_showindex`  [ RunTime:0.005855s ]
SQL: SHOW COLUMNS FROM `fanwe_deal` [ RunTime:0.004196s ]
SQL: SELECT id,name,image,end_time,limit_price,brief,support_amount,user_name,user_id,province,city,index_img FROM `fanwe_deal` WHERE ( `is_effect` = 1 ) ORDER BY sort desc,id desc LIMIT 0,7   [ RunTime:0.013718s ]
INFO: [ view_parse ] --START--
NOTIC: [8] Undefined index: uid /webHome/LFWZ000390/www/zc/Zc/Runtime/Cache/cc5c2cb31be8fd046a7cb83177e081f6.php 第 70 行.
INFO: ParseTemplate Behavior ::run [ RunTime:0.041606s ]
INFO: [ view_parse ] --END-- [ RunTime:0.041742s ]
INFO: [ view_filter ] --START--
INFO: ContentReplace Behavior ::run [ RunTime:0.009223s ]
INFO: TokenBuild Behavior ::run [ RunTime:0.000633s ]
INFO: WriteHtmlCache Behavior ::run [ RunTime:0.000352s ]
INFO: ShowRuntime Behavior ::run [ RunTime:0.000430s ]
INFO: [ view_filter ] --END-- [ RunTime:0.010999s ]
INFO: [ view_end ] --START--
INFO: ShowPageTrace Behavior ::run [ RunTime:0.000385s ]
INFO: [ view_end ] --END-- [ RunTime:0.000476s ]

[ 2015-07-24T16:27:05+08:00 ] 123.121.2.91 /zc/index.php?m=Index&a=index
INFO: [ app_begin ] --START--
INFO: ReadHtmlCache Behavior ::run [ RunTime:0.000396s ]
INFO: [ app_begin ] --END-- [ RunTime:0.000512s ]
SQL: SHOW COLUMNS FROM `fanwe_nav` [ RunTime:0.003462s ]
SQL: SELECT * FROM `fanwe_nav` ORDER BY sort  [ RunTime:0.001440s ]
SQL: SHOW COLUMNS FROM `fanwe_deal_cate` [ RunTime:0.005633s ]
SQL: SELECT * FROM `fanwe_deal_cate` ORDER BY id  [ RunTime:0.001815s ]
SQL: SHOW COLUMNS FROM `fanwe_deal_keyword` [ RunTime:0.002471s ]
SQL: SELECT * FROM `fanwe_deal_keyword` LIMIT 1   [ RunTime:0.001757s ]
SQL: SHOW COLUMNS FROM `fanwe_showindex` [ RunTime:0.001950s ]
SQL: SELECT * FROM `fanwe_showindex`  [ RunTime:0.000982s ]
SQL: SHOW COLUMNS FROM `fanwe_deal` [ RunTime:0.004442s ]
SQL: SELECT id,name,image,end_time,limit_price,brief,support_amount,user_name,user_id,province,city,index_img FROM `fanwe_deal` WHERE ( `is_effect` = 1 ) ORDER BY sort desc,id desc LIMIT 0,7   [ RunTime:0.002686s ]
INFO: [ view_parse ] --START--
NOTIC: [8] Undefined index: uid /webHome/LFWZ000390/www/zc/Zc/Runtime/Cache/cc5c2cb31be8fd046a7cb83177e081f6.php 第 70 行.
INFO: ParseTemplate Behavior ::run [ RunTime:0.025340s ]
INFO: [ view_parse ] --END-- [ RunTime:0.025463s ]
INFO: [ view_filter ] --START--
INFO: ContentReplace Behavior ::run [ RunTime:0.000560s ]
INFO: TokenBuild Behavior ::run [ RunTime:0.000457s ]
INFO: WriteHtmlCache Behavior ::run [ RunTime:0.000332s ]
INFO: ShowRuntime Behavior ::run [ RunTime:0.000386s ]
INFO: [ view_filter ] --END-- [ RunTime:0.002290s ]
INFO: [ view_end ] --START--
INFO: ShowPageTrace Behavior ::run [ RunTime:0.000540s ]
INFO: [ view_end ] --END-- [ RunTime:0.000819s ]

[ 2015-07-24T16:36:00+08:00 ] 180.153.201.216 /zc/index.php?m=Index&a=index
INFO: [ app_begin ] --START--
INFO: ReadHtmlCache Behavior ::run [ RunTime:0.000576s ]
INFO: [ app_begin ] --END-- [ RunTime:0.000714s ]

[ 2015-07-24T16:37:37+08:00 ] 112.65.193.14 /zc/index.php?m=User&a=register
INFO: [ app_begin ] --START--
INFO: ReadHtmlCache Behavior ::run [ RunTime:0.000720s ]
INFO: [ app_begin ] --END-- [ RunTime:0.000859s ]

[ 2015-07-24T17:33:19+08:00 ] 123.121.2.91 /zc/
INFO: [ app_begin ] --START--
INFO: ReadHtmlCache Behavior ::run [ RunTime:0.004073s ]
INFO: [ app_begin ] --END-- [ RunTime:0.004332s ]

[ 2015-07-24T18:01:05+08:00 ] 123.125.71.89 /zc/
INFO: [ app_begin ] --START--
INFO: ReadHtmlCache Behavior ::run [ RunTime:0.000441s ]
INFO: [ app_begin ] --END-- [ RunTime:0.000573s ]
SQL: SHOW COLUMNS FROM `fanwe_nav` [ RunTime:0.003936s ]
SQL: SELECT * FROM `fanwe_nav` ORDER BY sort  [ RunTime:0.001662s ]
SQL: SHOW COLUMNS FROM `fanwe_deal_cate` [ RunTime:0.002311s ]
SQL: SELECT * FROM `fanwe_deal_cate` ORDER BY id  [ RunTime:0.001552s ]
SQL: SHOW COLUMNS FROM `fanwe_deal_keyword` [ RunTime:0.007869s ]
SQL: SELECT * FROM `fanwe_deal_keyword` LIMIT 1   [ RunTime:0.001285s ]
SQL: SHOW COLUMNS FROM `fanwe_showindex` [ RunTime:0.001928s ]
SQL: SELECT * FROM `fanwe_showindex`  [ RunTime:0.001776s ]
SQL: SHOW COLUMNS FROM `fanwe_deal` [ RunTime:0.008148s ]
SQL: SELECT id,name,image,end_time,limit_price,brief,support_amount,user_name,user_id,province,city,index_img FROM `fanwe_deal` WHERE ( `is_effect` = 1 ) ORDER BY sort desc,id desc LIMIT 0,7   [ RunTime:0.004249s ]
INFO: [ view_parse ] --START--
NOTIC: [8] Undefined index: uid /webHome/LFWZ000390/www/zc/Zc/Runtime/Cache/cc5c2cb31be8fd046a7cb83177e081f6.php 第 70 行.
INFO: ParseTemplate Behavior ::run [ RunTime:0.063818s ]
INFO: [ view_parse ] --END-- [ RunTime:0.064011s ]
INFO: [ view_filter ] --START--
INFO: ContentReplace Behavior ::run [ RunTime:0.000684s ]
INFO: TokenBuild Behavior ::run [ RunTime:0.000439s ]
INFO: WriteHtmlCache Behavior ::run [ RunTime:0.000474s ]
INFO: ShowRuntime Behavior ::run [ RunTime:0.000555s ]
INFO: [ view_filter ] --END-- [ RunTime:0.002512s ]
INFO: [ view_end ] --START--
INFO: ShowPageTrace Behavior ::run [ RunTime:0.000519s ]
INFO: [ view_end ] --END-- [ RunTime:0.000610s ]

[ 2015-07-24T18:37:16+08:00 ] 220.181.108.103 /zc/index.php?m=Deal&a=show&id=67
INFO: [ app_begin ] --START--
INFO: ReadHtmlCache Behavior ::run [ RunTime:0.000560s ]
INFO: [ app_begin ] --END-- [ RunTime:0.000728s ]
NOTIC: [2048] Declaration of DealAction::show() should be compatible with that of Action::show() /webHome/LFWZ000390/www/zc/Zc/Lib/Action/DealAction.class.php 第 13 行.
SQL: SHOW COLUMNS FROM `fanwe_nav` [ RunTime:0.002840s ]
SQL: SELECT * FROM `fanwe_nav` ORDER BY sort  [ RunTime:0.001729s ]
SQL: SHOW COLUMNS FROM `fanwe_deal_cate` [ RunTime:0.001776s ]
SQL: SELECT * FROM `fanwe_deal_cate` ORDER BY id  [ RunTime:0.001250s ]
SQL: SHOW COLUMNS FROM `fanwe_deal_keyword` [ RunTime:0.003152s ]
SQL: SELECT * FROM `fanwe_deal_keyword` LIMIT 1   [ RunTime:0.001786s ]
NOTIC: [8] Undefined index: uid /webHome/LFWZ000390/www/zc/Zc/Lib/Action/DealAction.class.php 第 18 行.

[ 2015-07-24T18:37:17+08:00 ] 220.181.108.78 /zc/index.php?m=User&a=login
INFO: [ app_begin ] --START--
INFO: ReadHtmlCache Behavior ::run [ RunTime:0.000483s ]
INFO: [ app_begin ] --END-- [ RunTime:0.000670s ]
SQL: SHOW COLUMNS FROM `fanwe_nav` [ RunTime:0.002009s ]
SQL: SELECT * FROM `fanwe_nav` ORDER BY sort  [ RunTime:0.001427s ]
SQL: SHOW COLUMNS FROM `fanwe_deal_cate` [ RunTime:0.002186s ]
SQL: SELECT * FROM `fanwe_deal_cate` ORDER BY id  [ RunTime:0.003351s ]
SQL: SHOW COLUMNS FROM `fanwe_deal_keyword` [ RunTime:0.003449s ]
SQL: SELECT * FROM `fanwe_deal_keyword` LIMIT 1   [ RunTime:0.001931s ]
INFO: [ view_parse ] --START--
NOTIC: [8] Undefined index: uid /webHome/LFWZ000390/www/zc/Zc/Runtime/Cache/42b90be8e9c40e58e803cfb6a2f683e9.php 第 76 行.
INFO: ParseTemplate Behavior ::run [ RunTime:0.048615s ]
INFO: [ view_parse ] --END-- [ RunTime:0.048897s ]
INFO: [ view_filter ] --START--
INFO: ContentReplace Behavior ::run [ RunTime:0.000550s ]
INFO: TokenBuild Behavior ::run [ RunTime:0.000464s ]
INFO: WriteHtmlCache Behavior ::run [ RunTime:0.000385s ]
INFO: ShowRuntime Behavior ::run [ RunTime:0.000484s ]
INFO: [ view_filter ] --END-- [ RunTime:0.002142s ]
INFO: [ view_end ] --START--
INFO: ShowPageTrace Behavior ::run [ RunTime:0.000425s ]
INFO: [ view_end ] --END-- [ RunTime:0.000569s ]

[ 2015-07-24T18:52:28+08:00 ] 123.125.71.23 /zc/index.php?m=Deal&a=show&id=70
INFO: [ app_begin ] --START--
INFO: ReadHtmlCache Behavior ::run [ RunTime:0.000474s ]
INFO: [ app_begin ] --END-- [ RunTime:0.000596s ]
NOTIC: [2048] Declaration of DealAction::show() should be compatible with that of Action::show() /webHome/LFWZ000390/www/zc/Zc/Lib/Action/DealAction.class.php 第 13 行.
SQL: SHOW COLUMNS FROM `fanwe_nav` [ RunTime:0.002423s ]
SQL: SELECT * FROM `fanwe_nav` ORDER BY sort  [ RunTime:0.001223s ]
SQL: SHOW COLUMNS FROM `fanwe_deal_cate` [ RunTime:0.004267s ]
SQL: SELECT * FROM `fanwe_deal_cate` ORDER BY id  [ RunTime:0.001133s ]
SQL: SHOW COLUMNS FROM `fanwe_deal_keyword` [ RunTime:0.003018s ]
SQL: SELECT * FROM `fanwe_deal_keyword` LIMIT 1   [ RunTime:0.001158s ]
NOTIC: [8] Undefined index: uid /webHome/LFWZ000390/www/zc/Zc/Lib/Action/DealAction.class.php 第 18 行.

[ 2015-07-24T18:52:29+08:00 ] 123.125.71.42 /zc/index.php?m=User&a=login
INFO: [ app_begin ] --START--
INFO: ReadHtmlCache Behavior ::run [ RunTime:0.012652s ]
INFO: [ app_begin ] --END-- [ RunTime:0.012881s ]
SQL: SHOW COLUMNS FROM `fanwe_nav` [ RunTime:0.002157s ]
SQL: SELECT * FROM `fanwe_nav` ORDER BY sort  [ RunTime:0.001196s ]
SQL: SHOW COLUMNS FROM `fanwe_deal_cate` [ RunTime:0.002775s ]
SQL: SELECT * FROM `fanwe_deal_cate` ORDER BY id  [ RunTime:0.001964s ]
SQL: SHOW COLUMNS FROM `fanwe_deal_keyword` [ RunTime:0.007832s ]
SQL: SELECT * FROM `fanwe_deal_keyword` LIMIT 1   [ RunTime:0.010089s ]
INFO: [ view_parse ] --START--
NOTIC: [8] Undefined index: uid /webHome/LFWZ000390/www/zc/Zc/Runtime/Cache/42b90be8e9c40e58e803cfb6a2f683e9.php 第 76 行.
INFO: ParseTemplate Behavior ::run [ RunTime:0.025829s ]
INFO: [ view_parse ] --END-- [ RunTime:0.025980s ]
INFO: [ view_filter ] --START--
INFO: ContentReplace Behavior ::run [ RunTime:0.000550s ]
INFO: TokenBuild Behavior ::run [ RunTime:0.000539s ]
INFO: WriteHtmlCache Behavior ::run [ RunTime:0.000468s ]
INFO: ShowRuntime Behavior ::run [ RunTime:0.000485s ]
INFO: [ view_filter ] --END-- [ RunTime:0.002357s ]
INFO: [ view_end ] --START--
INFO: ShowPageTrace Behavior ::run [ RunTime:0.000711s ]
INFO: [ view_end ] --END-- [ RunTime:0.000808s ]

[ 2015-07-24T18:57:33+08:00 ] 220.181.108.163 /zc/index.php?m=Deal&a=show&id=68
INFO: [ app_begin ] --START--
INFO: ReadHtmlCache Behavior ::run [ RunTime:0.000603s ]
INFO: [ app_begin ] --END-- [ RunTime:0.004437s ]
NOTIC: [2048] Declaration of DealAction::show() should be compatible with that of Action::show() /webHome/LFWZ000390/www/zc/Zc/Lib/Action/DealAction.class.php 第 13 行.
SQL: SHOW COLUMNS FROM `fanwe_nav` [ RunTime:0.002537s ]
SQL: SELECT * FROM `fanwe_nav` ORDER BY sort  [ RunTime:0.001702s ]
SQL: SHOW COLUMNS FROM `fanwe_deal_cate` [ RunTime:0.002930s ]
SQL: SELECT * FROM `fanwe_deal_cate` ORDER BY id  [ RunTime:0.002619s ]
SQL: SHOW COLUMNS FROM `fanwe_deal_keyword` [ RunTime:0.003402s ]
SQL: SELECT * FROM `fanwe_deal_keyword` LIMIT 1   [ RunTime:0.001805s ]
NOTIC: [8] Undefined index: uid /webHome/LFWZ000390/www/zc/Zc/Lib/Action/DealAction.class.php 第 18 行.

[ 2015-07-24T18:57:38+08:00 ] 220.181.108.111 /zc/index.php?m=User&a=login
INFO: [ app_begin ] --START--
INFO: ReadHtmlCache Behavior ::run [ RunTime:0.000411s ]
INFO: [ app_begin ] --END-- [ RunTime:0.000540s ]
SQL: SHOW COLUMNS FROM `fanwe_nav` [ RunTime:0.008449s ]
SQL: SELECT * FROM `fanwe_nav` ORDER BY sort  [ RunTime:0.001146s ]
SQL: SHOW COLUMNS FROM `fanwe_deal_cate` [ RunTime:0.002737s ]
SQL: SELECT * FROM `fanwe_deal_cate` ORDER BY id  [ RunTime:0.014290s ]
SQL: SHOW COLUMNS FROM `fanwe_deal_keyword` [ RunTime:0.010748s ]
SQL: SELECT * FROM `fanwe_deal_keyword` LIMIT 1   [ RunTime:0.005702s ]
INFO: [ view_parse ] --START--
NOTIC: [8] Undefined index: uid /webHome/LFWZ000390/www/zc/Zc/Runtime/Cache/42b90be8e9c40e58e803cfb6a2f683e9.php 第 76 行.
INFO: ParseTemplate Behavior ::run [ RunTime:0.029813s ]
INFO: [ view_parse ] --END-- [ RunTime:0.029948s ]
INFO: [ view_filter ] --START--
INFO: ContentReplace Behavior ::run [ RunTime:0.000659s ]
INFO: TokenBuild Behavior ::run [ RunTime:0.000512s ]
INFO: WriteHtmlCache Behavior ::run [ RunTime:0.000574s ]
INFO: ShowRuntime Behavior ::run [ RunTime:0.000564s ]
INFO: [ view_filter ] --END-- [ RunTime:0.002654s ]
INFO: [ view_end ] --START--
INFO: ShowPageTrace Behavior ::run [ RunTime:0.000420s ]
INFO: [ view_end ] --END-- [ RunTime:0.000517s ]

[ 2015-07-24T19:02:37+08:00 ] 220.181.108.155 /zc/index.php?m=Deal&a=show&id=69
INFO: [ app_begin ] --START--
INFO: ReadHtmlCache Behavior ::run [ RunTime:0.000538s ]
INFO: [ app_begin ] --END-- [ RunTime:0.000675s ]
NOTIC: [2048] Declaration of DealAction::show() should be compatible with that of Action::show() /webHome/LFWZ000390/www/zc/Zc/Lib/Action/DealAction.class.php 第 13 行.
SQL: SHOW COLUMNS FROM `fanwe_nav` [ RunTime:0.002386s ]
SQL: SELECT * FROM `fanwe_nav` ORDER BY sort  [ RunTime:0.001895s ]
SQL: SHOW COLUMNS FROM `fanwe_deal_cate` [ RunTime:0.007901s ]
SQL: SELECT * FROM `fanwe_deal_cate` ORDER BY id  [ RunTime:0.005148s ]
SQL: SHOW COLUMNS FROM `fanwe_deal_keyword` [ RunTime:0.004294s ]
SQL: SELECT * FROM `fanwe_deal_keyword` LIMIT 1   [ RunTime:0.003404s ]
NOTIC: [8] Undefined index: uid /webHome/LFWZ000390/www/zc/Zc/Lib/Action/DealAction.class.php 第 18 行.

[ 2015-07-24T19:02:37+08:00 ] 220.181.108.169 /zc/index.php?m=User&a=login
INFO: [ app_begin ] --START--
INFO: ReadHtmlCache Behavior ::run [ RunTime:0.000470s ]
INFO: [ app_begin ] --END-- [ RunTime:0.000602s ]
SQL: SHOW COLUMNS FROM `fanwe_nav` [ RunTime:0.003618s ]
SQL: SELECT * FROM `fanwe_nav` ORDER BY sort  [ RunTime:0.008375s ]
SQL: SHOW COLUMNS FROM `fanwe_deal_cate` [ RunTime:0.007596s ]
SQL: SELECT * FROM `fanwe_deal_cate` ORDER BY id  [ RunTime:0.001515s ]
SQL: SHOW COLUMNS FROM `fanwe_deal_keyword` [ RunTime:0.001519s ]
SQL: SELECT * FROM `fanwe_deal_keyword` LIMIT 1   [ RunTime:0.001476s ]
INFO: [ view_parse ] --START--
NOTIC: [8] Undefined index: uid /webHome/LFWZ000390/www/zc/Zc/Runtime/Cache/42b90be8e9c40e58e803cfb6a2f683e9.php 第 76 行.
INFO: ParseTemplate Behavior ::run [ RunTime:0.058721s ]
INFO: [ view_parse ] --END-- [ RunTime:0.058848s ]
INFO: [ view_filter ] --START--
INFO: ContentReplace Behavior ::run [ RunTime:0.000593s ]
INFO: TokenBuild Behavior ::run [ RunTime:0.000387s ]
INFO: WriteHtmlCache Behavior ::run [ RunTime:0.000330s ]
INFO: ShowRuntime Behavior ::run [ RunTime:0.000398s ]
INFO: [ view_filter ] --END-- [ RunTime:0.002074s ]
INFO: [ view_end ] --START--
INFO: ShowPageTrace Behavior ::run [ RunTime:0.000475s ]
INFO: [ view_end ] --END-- [ RunTime:0.000564s ]

[ 2015-07-24T19:12:45+08:00 ] 220.181.108.177 /zc/index.php?m=Deal&a=show&id=71
INFO: [ app_begin ] --START--
INFO: ReadHtmlCache Behavior ::run [ RunTime:0.000521s ]
INFO: [ app_begin ] --END-- [ RunTime:0.000650s ]
NOTIC: [2048] Declaration of DealAction::show() should be compatible with that of Action::show() /webHome/LFWZ000390/www/zc/Zc/Lib/Action/DealAction.class.php 第 13 行.
SQL: SHOW COLUMNS FROM `fanwe_nav` [ RunTime:0.002362s ]
SQL: SELECT * FROM `fanwe_nav` ORDER BY sort  [ RunTime:0.001997s ]
SQL: SHOW COLUMNS FROM `fanwe_deal_cate` [ RunTime:0.006526s ]
SQL: SELECT * FROM `fanwe_deal_cate` ORDER BY id  [ RunTime:0.001131s ]
SQL: SHOW COLUMNS FROM `fanwe_deal_keyword` [ RunTime:0.002555s ]
SQL: SELECT * FROM `fanwe_deal_keyword` LIMIT 1   [ RunTime:0.019247s ]
NOTIC: [8] Undefined index: uid /webHome/LFWZ000390/www/zc/Zc/Lib/Action/DealAction.class.php 第 18 行.

[ 2015-07-24T19:12:46+08:00 ] 220.181.108.153 /zc/index.php?m=User&a=login
INFO: [ app_begin ] --START--
INFO: ReadHtmlCache Behavior ::run [ RunTime:0.000547s ]
INFO: [ app_begin ] --END-- [ RunTime:0.000798s ]
SQL: SHOW COLUMNS FROM `fanwe_nav` [ RunTime:0.002991s ]
SQL: SELECT * FROM `fanwe_nav` ORDER BY sort  [ RunTime:0.002966s ]
SQL: SHOW COLUMNS FROM `fanwe_deal_cate` [ RunTime:0.001564s ]
SQL: SELECT * FROM `fanwe_deal_cate` ORDER BY id  [ RunTime:0.001386s ]
SQL: SHOW COLUMNS FROM `fanwe_deal_keyword` [ RunTime:0.001924s ]
SQL: SELECT * FROM `fanwe_deal_keyword` LIMIT 1   [ RunTime:0.002255s ]
INFO: [ view_parse ] --START--
NOTIC: [8] Undefined index: uid /webHome/LFWZ000390/www/zc/Zc/Runtime/Cache/42b90be8e9c40e58e803cfb6a2f683e9.php 第 76 行.
INFO: ParseTemplate Behavior ::run [ RunTime:0.033133s ]
INFO: [ view_parse ] --END-- [ RunTime:0.033310s ]
INFO: [ view_filter ] --START--
INFO: ContentReplace Behavior ::run [ RunTime:0.000614s ]
INFO: TokenBuild Behavior ::run [ RunTime:0.001217s ]
INFO: WriteHtmlCache Behavior ::run [ RunTime:0.003476s ]
INFO: ShowRuntime Behavior ::run [ RunTime:0.000763s ]
INFO: [ view_filter ] --END-- [ RunTime:0.013000s ]
INFO: [ view_end ] --START--
INFO: ShowPageTrace Behavior ::run [ RunTime:0.000549s ]
INFO: [ view_end ] --END-- [ RunTime:0.000647s ]

[ 2015-07-24T19:17:50+08:00 ] 220.181.108.94 /zc/index.php?m=Deal&a=show&id=72
INFO: [ app_begin ] --START--
INFO: ReadHtmlCache Behavior ::run [ RunTime:0.000486s ]
INFO: [ app_begin ] --END-- [ RunTime:0.000910s ]
NOTIC: [2048] Declaration of DealAction::show() should be compatible with that of Action::show() /webHome/LFWZ000390/www/zc/Zc/Lib/Action/DealAction.class.php 第 13 行.
SQL: SHOW COLUMNS FROM `fanwe_nav` [ RunTime:0.002234s ]
SQL: SELECT * FROM `fanwe_nav` ORDER BY sort  [ RunTime:0.001726s ]
SQL: SHOW COLUMNS FROM `fanwe_deal_cate` [ RunTime:0.002643s ]
SQL: SELECT * FROM `fanwe_deal_cate` ORDER BY id  [ RunTime:0.001505s ]
SQL: SHOW COLUMNS FROM `fanwe_deal_keyword` [ RunTime:0.003119s ]
SQL: SELECT * FROM `fanwe_deal_keyword` LIMIT 1   [ RunTime:0.001284s ]
NOTIC: [8] Undefined index: uid /webHome/LFWZ000390/www/zc/Zc/Lib/Action/DealAction.class.php 第 18 行.

[ 2015-07-24T19:17:50+08:00 ] 220.181.108.97 /zc/index.php?m=User&a=login
INFO: [ app_begin ] --START--
INFO: ReadHtmlCache Behavior ::run [ RunTime:0.000426s ]
INFO: [ app_begin ] --END-- [ RunTime:0.000537s ]
SQL: SHOW COLUMNS FROM `fanwe_nav` [ RunTime:0.004671s ]
SQL: SELECT * FROM `fanwe_nav` ORDER BY sort  [ RunTime:0.001762s ]
SQL: SHOW COLUMNS FROM `fanwe_deal_cate` [ RunTime:0.003107s ]
SQL: SELECT * FROM `fanwe_deal_cate` ORDER BY id  [ RunTime:0.002388s ]
SQL: SHOW COLUMNS FROM `fanwe_deal_keyword` [ RunTime:0.002044s ]
SQL: SELECT * FROM `fanwe_deal_keyword` LIMIT 1   [ RunTime:0.002866s ]
INFO: [ view_parse ] --START--
NOTIC: [8] Undefined index: uid /webHome/LFWZ000390/www/zc/Zc/Runtime/Cache/42b90be8e9c40e58e803cfb6a2f683e9.php 第 76 行.
INFO: ParseTemplate Behavior ::run [ RunTime:0.037123s ]
INFO: [ view_parse ] --END-- [ RunTime:0.037249s ]
INFO: [ view_filter ] --START--
INFO: ContentReplace Behavior ::run [ RunTime:0.000764s ]
INFO: TokenBuild Behavior ::run [ RunTime:0.000587s ]
INFO: WriteHtmlCache Behavior ::run [ RunTime:0.000595s ]
INFO: ShowRuntime Behavior ::run [ RunTime:0.000500s ]
INFO: [ view_filter ] --END-- [ RunTime:0.002764s ]
INFO: [ view_end ] --START--
INFO: ShowPageTrace Behavior ::run [ RunTime:0.000411s ]
INFO: [ view_end ] --END-- [ RunTime:0.000563s ]

[ 2015-07-24T19:58:44+08:00 ] 124.127.72.93 /zc/
INFO: [ app_begin ] --START--
INFO: ReadHtmlCache Behavior ::run [ RunTime:0.000451s ]
INFO: [ app_begin ] --END-- [ RunTime:0.000610s ]
SQL: SHOW COLUMNS FROM `fanwe_nav` [ RunTime:0.001890s ]
SQL: SELECT * FROM `fanwe_nav` ORDER BY sort  [ RunTime:0.001809s ]
SQL: SHOW COLUMNS FROM `fanwe_deal_cate` [ RunTime:0.002330s ]
SQL: SELECT * FROM `fanwe_deal_cate` ORDER BY id  [ RunTime:0.001679s ]
SQL: SHOW COLUMNS FROM `fanwe_deal_keyword` [ RunTime:0.004381s ]
SQL: SELECT * FROM `fanwe_deal_keyword` LIMIT 1   [ RunTime:0.001641s ]
SQL: SHOW COLUMNS FROM `fanwe_showindex` [ RunTime:0.003571s ]
SQL: SELECT * FROM `fanwe_showindex`  [ RunTime:0.002601s ]
SQL: SHOW COLUMNS FROM `fanwe_deal` [ RunTime:0.007956s ]
SQL: SELECT id,name,image,end_time,limit_price,brief,support_amount,user_name,user_id,province,city,index_img FROM `fanwe_deal` WHERE ( `is_effect` = 1 ) ORDER BY sort desc,id desc LIMIT 0,7   [ RunTime:0.005988s ]
INFO: [ view_parse ] --START--
NOTIC: [8] Undefined index: uid /webHome/LFWZ000390/www/zc/Zc/Runtime/Cache/cc5c2cb31be8fd046a7cb83177e081f6.php 第 70 行.
INFO: ParseTemplate Behavior ::run [ RunTime:0.048620s ]
INFO: [ view_parse ] --END-- [ RunTime:0.054323s ]
INFO: [ view_filter ] --START--
INFO: ContentReplace Behavior ::run [ RunTime:0.000727s ]
INFO: TokenBuild Behavior ::run [ RunTime:0.000469s ]
INFO: WriteHtmlCache Behavior ::run [ RunTime:0.000280s ]
INFO: ShowRuntime Behavior ::run [ RunTime:0.000561s ]
INFO: [ view_filter ] --END-- [ RunTime:0.005604s ]
INFO: [ view_end ] --START--
INFO: ShowPageTrace Behavior ::run [ RunTime:0.000395s ]
INFO: [ view_end ] --END-- [ RunTime:0.000481s ]

[ 2015-07-24T19:58:51+08:00 ] 119.147.146.192 /zc/
INFO: [ app_begin ] --START--
INFO: ReadHtmlCache Behavior ::run [ RunTime:0.000426s ]
INFO: [ app_begin ] --END-- [ RunTime:0.000564s ]
SQL: SHOW COLUMNS FROM `fanwe_nav` [ RunTime:0.003104s ]
SQL: SELECT * FROM `fanwe_nav` ORDER BY sort  [ RunTime:0.001719s ]
SQL: SHOW COLUMNS FROM `fanwe_deal_cate` [ RunTime:0.002780s ]
SQL: SELECT * FROM `fanwe_deal_cate` ORDER BY id  [ RunTime:0.001070s ]
SQL: SHOW COLUMNS FROM `fanwe_deal_keyword` [ RunTime:0.007349s ]
SQL: SELECT * FROM `fanwe_deal_keyword` LIMIT 1   [ RunTime:0.002987s ]
SQL: SHOW COLUMNS FROM `fanwe_showindex` [ RunTime:0.002683s ]
SQL: SELECT * FROM `fanwe_showindex`  [ RunTime:0.001752s ]
SQL: SHOW COLUMNS FROM `fanwe_deal` [ RunTime:0.009009s ]
SQL: SELECT id,name,image,end_time,limit_price,brief,support_amount,user_name,user_id,province,city,index_img FROM `fanwe_deal` WHERE ( `is_effect` = 1 ) ORDER BY sort desc,id desc LIMIT 0,7   [ RunTime:0.009004s ]
INFO: [ view_parse ] --START--
NOTIC: [8] Undefined index: uid /webHome/LFWZ000390/www/zc/Zc/Runtime/Cache/cc5c2cb31be8fd046a7cb83177e081f6.php 第 70 行.
INFO: ParseTemplate Behavior ::run [ RunTime:0.032806s ]
INFO: [ view_parse ] --END-- [ RunTime:0.032939s ]
INFO: [ view_filter ] --START--
INFO: ContentReplace Behavior ::run [ RunTime:0.001798s ]
INFO: TokenBuild Behavior ::run [ RunTime:0.000443s ]
INFO: WriteHtmlCache Behavior ::run [ RunTime:0.000441s ]
INFO: ShowRuntime Behavior ::run [ RunTime:0.000574s ]
INFO: [ view_filter ] --END-- [ RunTime:0.003954s ]
INFO: [ view_end ] --START--
INFO: ShowPageTrace Behavior ::run [ RunTime:0.003099s ]
INFO: [ view_end ] --END-- [ RunTime:0.007966s ]

[ 2015-07-24T19:59:15+08:00 ] 124.127.72.93 /zc/index.php?m=Deals&a=rec
INFO: [ app_begin ] --START--
INFO: ReadHtmlCache Behavior ::run [ RunTime:0.000494s ]
INFO: [ app_begin ] --END-- [ RunTime:0.000668s ]
SQL: SHOW COLUMNS FROM `fanwe_nav` [ RunTime:0.002552s ]
SQL: SELECT * FROM `fanwe_nav` ORDER BY sort  [ RunTime:0.000939s ]
SQL: SHOW COLUMNS FROM `fanwe_deal_cate` [ RunTime:0.003193s ]
SQL: SELECT * FROM `fanwe_deal_cate` ORDER BY id  [ RunTime:0.000906s ]
SQL: SHOW COLUMNS FROM `fanwe_deal_keyword` [ RunTime:0.007245s ]
SQL: SELECT * FROM `fanwe_deal_keyword` LIMIT 1   [ RunTime:0.002283s ]
NOTIC: [8] Undefined index: uid /webHome/LFWZ000390/www/zc/Zc/Lib/Action/DealsAction.class.php 第 55 行.

[ 2015-07-24T19:59:17+08:00 ] 124.127.72.93 /zc/index.php?m=User&a=login
INFO: [ app_begin ] --START--
INFO: ReadHtmlCache Behavior ::run [ RunTime:0.000438s ]
INFO: [ app_begin ] --END-- [ RunTime:0.000568s ]
SQL: SHOW COLUMNS FROM `fanwe_nav` [ RunTime:0.002024s ]
SQL: SELECT * FROM `fanwe_nav` ORDER BY sort  [ RunTime:0.001422s ]
SQL: SHOW COLUMNS FROM `fanwe_deal_cate` [ RunTime:0.001992s ]
SQL: SELECT * FROM `fanwe_deal_cate` ORDER BY id  [ RunTime:0.001732s ]
SQL: SHOW COLUMNS FROM `fanwe_deal_keyword` [ RunTime:0.005779s ]
SQL: SELECT * FROM `fanwe_deal_keyword` LIMIT 1   [ RunTime:0.002054s ]
INFO: [ view_parse ] --START--
NOTIC: [8] Undefined index: uid /webHome/LFWZ000390/www/zc/Zc/Runtime/Cache/42b90be8e9c40e58e803cfb6a2f683e9.php 第 76 行.
INFO: ParseTemplate Behavior ::run [ RunTime:0.022185s ]
INFO: [ view_parse ] --END-- [ RunTime:0.022351s ]
INFO: [ view_filter ] --START--
INFO: ContentReplace Behavior ::run [ RunTime:0.000572s ]
INFO: TokenBuild Behavior ::run [ RunTime:0.000429s ]
INFO: WriteHtmlCache Behavior ::run [ RunTime:0.000329s ]
INFO: ShowRuntime Behavior ::run [ RunTime:0.000482s ]
INFO: [ view_filter ] --END-- [ RunTime:0.002174s ]
INFO: [ view_end ] --START--
INFO: ShowPageTrace Behavior ::run [ RunTime:0.000568s ]
INFO: [ view_end ] --END-- [ RunTime:0.000663s ]

[ 2015-07-24T19:59:17+08:00 ] 124.127.72.93 /zc/index.php?m=Deals&a=rec
INFO: [ app_begin ] --START--
INFO: ReadHtmlCache Behavior ::run [ RunTime:0.000427s ]
INFO: [ app_begin ] --END-- [ RunTime:0.000554s ]
SQL: SHOW COLUMNS FROM `fanwe_nav` [ RunTime:0.002344s ]
SQL: SELECT * FROM `fanwe_nav` ORDER BY sort  [ RunTime:0.003190s ]
SQL: SHOW COLUMNS FROM `fanwe_deal_cate` [ RunTime:0.005136s ]
SQL: SELECT * FROM `fanwe_deal_cate` ORDER BY id  [ RunTime:0.002056s ]
SQL: SHOW COLUMNS FROM `fanwe_deal_keyword` [ RunTime:0.001703s ]
SQL: SELECT * FROM `fanwe_deal_keyword` LIMIT 1   [ RunTime:0.001431s ]
NOTIC: [8] Undefined index: uid /webHome/LFWZ000390/www/zc/Zc/Lib/Action/DealsAction.class.php 第 55 行.

[ 2015-07-24T19:59:17+08:00 ] 124.127.72.93 /zc/index.php?m=User&a=login
INFO: [ app_begin ] --START--
INFO: ReadHtmlCache Behavior ::run [ RunTime:0.005985s ]
INFO: [ app_begin ] --END-- [ RunTime:0.006310s ]
SQL: SHOW COLUMNS FROM `fanwe_nav` [ RunTime:0.006653s ]
SQL: SELECT * FROM `fanwe_nav` ORDER BY sort  [ RunTime:0.003023s ]
SQL: SHOW COLUMNS FROM `fanwe_deal_cate` [ RunTime:0.001875s ]
SQL: SELECT * FROM `fanwe_deal_cate` ORDER BY id  [ RunTime:0.001862s ]
SQL: SHOW COLUMNS FROM `fanwe_deal_keyword` [ RunTime:0.001741s ]
SQL: SELECT * FROM `fanwe_deal_keyword` LIMIT 1   [ RunTime:0.001539s ]
INFO: [ view_parse ] --START--
NOTIC: [8] Undefined index: uid /webHome/LFWZ000390/www/zc/Zc/Runtime/Cache/42b90be8e9c40e58e803cfb6a2f683e9.php 第 76 行.
INFO: ParseTemplate Behavior ::run [ RunTime:0.062393s ]
INFO: [ view_parse ] --END-- [ RunTime:0.062527s ]
INFO: [ view_filter ] --START--
INFO: ContentReplace Behavior ::run [ RunTime:0.000648s ]
INFO: TokenBuild Behavior ::run [ RunTime:0.002114s ]
INFO: WriteHtmlCache Behavior ::run [ RunTime:0.000493s ]
INFO: ShowRuntime Behavior ::run [ RunTime:0.000500s ]
INFO: [ view_filter ] --END-- [ RunTime:0.004131s ]
INFO: [ view_end ] --START--
INFO: ShowPageTrace Behavior ::run [ RunTime:0.000498s ]
INFO: [ view_end ] --END-- [ RunTime:0.000591s ]

[ 2015-07-24T19:59:24+08:00 ] 124.127.72.93 /zc/index.php?m=Deals&a=index&tid=4
INFO: [ app_begin ] --START--
INFO: ReadHtmlCache Behavior ::run [ RunTime:0.004350s ]
INFO: [ app_begin ] --END-- [ RunTime:0.004552s ]
SQL: SHOW COLUMNS FROM `fanwe_nav` [ RunTime:0.004233s ]
SQL: SELECT * FROM `fanwe_nav` ORDER BY sort  [ RunTime:0.001376s ]
SQL: SHOW COLUMNS FROM `fanwe_deal_cate` [ RunTime:0.002368s ]
SQL: SELECT * FROM `fanwe_deal_cate` ORDER BY id  [ RunTime:0.001467s ]
SQL: SHOW COLUMNS FROM `fanwe_deal_keyword` [ RunTime:0.001984s ]
SQL: SELECT * FROM `fanwe_deal_keyword` LIMIT 1   [ RunTime:0.002371s ]
NOTIC: [8] Undefined index: uid /webHome/LFWZ000390/www/zc/Zc/Lib/Action/DealsAction.class.php 第 18 行.

[ 2015-07-24T19:59:25+08:00 ] 124.127.72.93 /zc/index.php?m=User&a=login
INFO: [ app_begin ] --START--
INFO: ReadHtmlCache Behavior ::run [ RunTime:0.000566s ]
INFO: [ app_begin ] --END-- [ RunTime:0.015553s ]
SQL: SHOW COLUMNS FROM `fanwe_nav` [ RunTime:0.004440s ]
SQL: SELECT * FROM `fanwe_nav` ORDER BY sort  [ RunTime:0.001841s ]
SQL: SHOW COLUMNS FROM `fanwe_deal_cate` [ RunTime:0.005288s ]
SQL: SELECT * FROM `fanwe_deal_cate` ORDER BY id  [ RunTime:0.001299s ]
SQL: SHOW COLUMNS FROM `fanwe_deal_keyword` [ RunTime:0.003124s ]
SQL: SELECT * FROM `fanwe_deal_keyword` LIMIT 1   [ RunTime:0.002064s ]
INFO: [ view_parse ] --START--
NOTIC: [8] Undefined index: uid /webHome/LFWZ000390/www/zc/Zc/Runtime/Cache/42b90be8e9c40e58e803cfb6a2f683e9.php 第 76 行.
INFO: ParseTemplate Behavior ::run [ RunTime:0.048101s ]
INFO: [ view_parse ] --END-- [ RunTime:0.048214s ]
INFO: [ view_filter ] --START--
INFO: ContentReplace Behavior ::run [ RunTime:0.000570s ]
INFO: TokenBuild Behavior ::run [ RunTime:0.000411s ]
INFO: WriteHtmlCache Behavior ::run [ RunTime:0.000426s ]
INFO: ShowRuntime Behavior ::run [ RunTime:0.000434s ]
INFO: [ view_filter ] --END-- [ RunTime:0.002222s ]
INFO: [ view_end ] --START--
INFO: ShowPageTrace Behavior ::run [ RunTime:0.000481s ]
INFO: [ view_end ] --END-- [ RunTime:0.000567s ]

[ 2015-07-24T19:59:29+08:00 ] 124.127.72.93 /zc/index.php?m=Deals&a=index&tid=5
INFO: [ app_begin ] --START--
INFO: ReadHtmlCache Behavior ::run [ RunTime:0.000281s ]
INFO: [ app_begin ] --END-- [ RunTime:0.000367s ]
SQL: SHOW COLUMNS FROM `fanwe_nav` [ RunTime:0.002157s ]
SQL: SELECT * FROM `fanwe_nav` ORDER BY sort  [ RunTime:0.004182s ]
SQL: SHOW COLUMNS FROM `fanwe_deal_cate` [ RunTime:0.002361s ]
SQL: SELECT * FROM `fanwe_deal_cate` ORDER BY id  [ RunTime:0.004503s ]
SQL: SHOW COLUMNS FROM `fanwe_deal_keyword` [ RunTime:0.002760s ]
SQL: SELECT * FROM `fanwe_deal_keyword` LIMIT 1   [ RunTime:0.002261s ]
NOTIC: [8] Undefined index: uid /webHome/LFWZ000390/www/zc/Zc/Lib/Action/DealsAction.class.php 第 18 行.

[ 2015-07-24T19:59:30+08:00 ] 124.127.72.93 /zc/index.php?m=User&a=login
INFO: [ app_begin ] --START--
INFO: ReadHtmlCache Behavior ::run [ RunTime:0.000464s ]
INFO: [ app_begin ] --END-- [ RunTime:0.000587s ]
SQL: SHOW COLUMNS FROM `fanwe_nav` [ RunTime:0.001836s ]
SQL: SELECT * FROM `fanwe_nav` ORDER BY sort  [ RunTime:0.002616s ]
SQL: SHOW COLUMNS FROM `fanwe_deal_cate` [ RunTime:0.001616s ]
SQL: SELECT * FROM `fanwe_deal_cate` ORDER BY id  [ RunTime:0.001589s ]
SQL: SHOW COLUMNS FROM `fanwe_deal_keyword` [ RunTime:0.010468s ]
SQL: SELECT * FROM `fanwe_deal_keyword` LIMIT 1   [ RunTime:0.001620s ]
INFO: [ view_parse ] --START--
NOTIC: [8] Undefined index: uid /webHome/LFWZ000390/www/zc/Zc/Runtime/Cache/42b90be8e9c40e58e803cfb6a2f683e9.php 第 76 行.
INFO: ParseTemplate Behavior ::run [ RunTime:0.067418s ]
INFO: [ view_parse ] --END-- [ RunTime:0.067613s ]
INFO: [ view_filter ] --START--
INFO: ContentReplace Behavior ::run [ RunTime:0.001141s ]
INFO: TokenBuild Behavior ::run [ RunTime:0.000640s ]
INFO: WriteHtmlCache Behavior ::run [ RunTime:0.000412s ]
INFO: ShowRuntime Behavior ::run [ RunTime:0.000551s ]
INFO: [ view_filter ] --END-- [ RunTime:0.008852s ]
INFO: [ view_end ] --START--
INFO: ShowPageTrace Behavior ::run [ RunTime:0.000439s ]
INFO: [ view_end ] --END-- [ RunTime:0.000534s ]

[ 2015-07-24T19:59:33+08:00 ] 124.127.72.93 /zc/index.php?m=Deals&a=index&tid=7
INFO: [ app_begin ] --START--
INFO: ReadHtmlCache Behavior ::run [ RunTime:0.000508s ]
INFO: [ app_begin ] --END-- [ RunTime:0.000668s ]
SQL: SHOW COLUMNS FROM `fanwe_nav` [ RunTime:0.005193s ]
SQL: SELECT * FROM `fanwe_nav` ORDER BY sort  [ RunTime:0.004627s ]
SQL: SHOW COLUMNS FROM `fanwe_deal_cate` [ RunTime:0.006535s ]
SQL: SELECT * FROM `fanwe_deal_cate` ORDER BY id  [ RunTime:0.002581s ]
SQL: SHOW COLUMNS FROM `fanwe_deal_keyword` [ RunTime:0.003671s ]
SQL: SELECT * FROM `fanwe_deal_keyword` LIMIT 1   [ RunTime:0.001106s ]
NOTIC: [8] Undefined index: uid /webHome/LFWZ000390/www/zc/Zc/Lib/Action/DealsAction.class.php 第 18 行.

[ 2015-07-24T19:59:33+08:00 ] 124.127.72.93 /zc/index.php?m=User&a=login
INFO: [ app_begin ] --START--
INFO: ReadHtmlCache Behavior ::run [ RunTime:0.000535s ]
INFO: [ app_begin ] --END-- [ RunTime:0.000666s ]
SQL: SHOW COLUMNS FROM `fanwe_nav` [ RunTime:0.003217s ]
SQL: SELECT * FROM `fanwe_nav` ORDER BY sort  [ RunTime:0.002066s ]
SQL: SHOW COLUMNS FROM `fanwe_deal_cate` [ RunTime:0.004249s ]
SQL: SELECT * FROM `fanwe_deal_cate` ORDER BY id  [ RunTime:0.003841s ]
SQL: SHOW COLUMNS FROM `fanwe_deal_keyword` [ RunTime:0.002373s ]
SQL: SELECT * FROM `fanwe_deal_keyword` LIMIT 1   [ RunTime:0.001198s ]
INFO: [ view_parse ] --START--
NOTIC: [8] Undefined index: uid /webHome/LFWZ000390/www/zc/Zc/Runtime/Cache/42b90be8e9c40e58e803cfb6a2f683e9.php 第 76 行.
INFO: ParseTemplate Behavior ::run [ RunTime:0.038372s ]
INFO: [ view_parse ] --END-- [ RunTime:0.038628s ]
INFO: [ view_filter ] --START--
INFO: ContentReplace Behavior ::run [ RunTime:0.000628s ]
INFO: TokenBuild Behavior ::run [ RunTime:0.000705s ]
INFO: WriteHtmlCache Behavior ::run [ RunTime:0.000372s ]
INFO: ShowRuntime Behavior ::run [ RunTime:0.008930s ]
INFO: [ view_filter ] --END-- [ RunTime:0.011003s ]
INFO: [ view_end ] --START--
INFO: ShowPageTrace Behavior ::run [ RunTime:0.000458s ]
INFO: [ view_end ] --END-- [ RunTime:0.000554s ]

[ 2015-07-24T22:01:22+08:00 ] 42.156.136.69 /zc/index.php?a=html&m=News
INFO: [ app_begin ] --START--
INFO: ReadHtmlCache Behavior ::run [ RunTime:0.000541s ]
INFO: [ app_begin ] --END-- [ RunTime:0.000705s ]
SQL: SHOW COLUMNS FROM `fanwe_nav` [ RunTime:0.002982s ]
SQL: SELECT * FROM `fanwe_nav` ORDER BY sort  [ RunTime:0.001694s ]
SQL: SHOW COLUMNS FROM `fanwe_deal_cate` [ RunTime:0.002904s ]
SQL: SELECT * FROM `fanwe_deal_cate` ORDER BY id  [ RunTime:0.005655s ]
SQL: SHOW COLUMNS FROM `fanwe_deal_keyword` [ RunTime:0.005499s ]
SQL: SELECT * FROM `fanwe_deal_keyword` LIMIT 1   [ RunTime:0.001855s ]
NOTIC: [8] Undefined index: id /webHome/LFWZ000390/www/zc/Zc/Lib/Action/NewsAction.class.php 第 28 行.
SQL: SHOW COLUMNS FROM `fanwe_news` [ RunTime:0.003228s ]
SQL: SELECT * FROM `fanwe_news` WHERE ( `id` = null ) LIMIT 1   [ RunTime:0.002714s ]
INFO: [ view_parse ] --START--
NOTIC: [8] Undefined index: uid /webHome/LFWZ000390/www/zc/Zc/Runtime/Cache/012cdf2fa3ba4152d6d6173485c32ca8.php 第 98 行.
NOTIC: [8] Use of undefined constant id - assumed 'id' /webHome/LFWZ000390/www/zc/Zc/Runtime/Cache/012cdf2fa3ba4152d6d6173485c32ca8.php 第 142 行.
SQL: SELECT * FROM `fanwe_news` WHERE ( `id` < null ) LIMIT 1   [ RunTime:0.003413s ]
SQL: SELECT * FROM `fanwe_news` WHERE ( `id` > null ) LIMIT 1   [ RunTime:0.004691s ]
INFO: ParseTemplate Behavior ::run [ RunTime:0.044523s ]
INFO: [ view_parse ] --END-- [ RunTime:0.044682s ]
INFO: [ view_filter ] --START--
INFO: ContentReplace Behavior ::run [ RunTime:0.000711s ]
INFO: TokenBuild Behavior ::run [ RunTime:0.000502s ]
INFO: WriteHtmlCache Behavior ::run [ RunTime:0.000403s ]
INFO: ShowRuntime Behavior ::run [ RunTime:0.000816s ]
INFO: [ view_filter ] --END-- [ RunTime:0.002710s ]
INFO: [ view_end ] --START--
INFO: ShowPageTrace Behavior ::run [ RunTime:0.000465s ]
INFO: [ view_end ] --END-- [ RunTime:0.000554s ]

[ 2015-07-24T22:02:29+08:00 ] 42.120.160.69 /zc/index.php?a=html&id=8&m=News
INFO: [ app_begin ] --START--
INFO: ReadHtmlCache Behavior ::run [ RunTime:0.000491s ]
INFO: [ app_begin ] --END-- [ RunTime:0.000630s ]
SQL: SHOW COLUMNS FROM `fanwe_nav` [ RunTime:0.004873s ]
SQL: SELECT * FROM `fanwe_nav` ORDER BY sort  [ RunTime:0.001124s ]
SQL: SHOW COLUMNS FROM `fanwe_deal_cate` [ RunTime:0.006483s ]
SQL: SELECT * FROM `fanwe_deal_cate` ORDER BY id  [ RunTime:0.001463s ]
SQL: SHOW COLUMNS FROM `fanwe_deal_keyword` [ RunTime:0.001916s ]
SQL: SELECT * FROM `fanwe_deal_keyword` LIMIT 1   [ RunTime:0.001369s ]
SQL: SHOW COLUMNS FROM `fanwe_news` [ RunTime:0.003882s ]
SQL: SELECT * FROM `fanwe_news` WHERE ( `id` = 8 ) LIMIT 1   [ RunTime:0.003013s ]
INFO: [ view_parse ] --START--
NOTIC: [8] Undefined index: uid /webHome/LFWZ000390/www/zc/Zc/Runtime/Cache/012cdf2fa3ba4152d6d6173485c32ca8.php 第 98 行.
NOTIC: [8] Use of undefined constant id - assumed 'id' /webHome/LFWZ000390/www/zc/Zc/Runtime/Cache/012cdf2fa3ba4152d6d6173485c32ca8.php 第 142 行.
SQL: SELECT * FROM `fanwe_news` WHERE ( `id` < '8' ) LIMIT 1   [ RunTime:0.001580s ]
SQL: SELECT * FROM `fanwe_news` WHERE ( `id` > '8' ) LIMIT 1   [ RunTime:0.004196s ]
INFO: ParseTemplate Behavior ::run [ RunTime:0.030537s ]
INFO: [ view_parse ] --END-- [ RunTime:0.030833s ]
INFO: [ view_filter ] --START--
INFO: ContentReplace Behavior ::run [ RunTime:0.000914s ]
INFO: TokenBuild Behavior ::run [ RunTime:0.000550s ]
INFO: WriteHtmlCache Behavior ::run [ RunTime:0.000641s ]
INFO: ShowRuntime Behavior ::run [ RunTime:0.000778s ]
INFO: [ view_filter ] --END-- [ RunTime:0.003317s ]
INFO: [ view_end ] --START--
INFO: ShowPageTrace Behavior ::run [ RunTime:0.002812s ]
INFO: [ view_end ] --END-- [ RunTime:0.003005s ]

[ 2015-07-24T22:02:39+08:00 ] 42.156.139.69 /zc/index.php?a=html&id=7&m=News
INFO: [ app_begin ] --START--
INFO: ReadHtmlCache Behavior ::run [ RunTime:0.000581s ]
INFO: [ app_begin ] --END-- [ RunTime:0.000714s ]
SQL: SHOW COLUMNS FROM `fanwe_nav` [ RunTime:0.002004s ]
SQL: SELECT * FROM `fanwe_nav` ORDER BY sort  [ RunTime:0.006578s ]
SQL: SHOW COLUMNS FROM `fanwe_deal_cate` [ RunTime:0.002809s ]
SQL: SELECT * FROM `fanwe_deal_cate` ORDER BY id  [ RunTime:0.001386s ]
SQL: SHOW COLUMNS FROM `fanwe_deal_keyword` [ RunTime:0.007589s ]
SQL: SELECT * FROM `fanwe_deal_keyword` LIMIT 1   [ RunTime:0.002879s ]
SQL: SHOW COLUMNS FROM `fanwe_news` [ RunTime:0.002642s ]
SQL: SELECT * FROM `fanwe_news` WHERE ( `id` = 7 ) LIMIT 1   [ RunTime:0.003401s ]
INFO: [ view_parse ] --START--
NOTIC: [8] Undefined index: uid /webHome/LFWZ000390/www/zc/Zc/Runtime/Cache/012cdf2fa3ba4152d6d6173485c32ca8.php 第 98 行.
NOTIC: [8] Use of undefined constant id - assumed 'id' /webHome/LFWZ000390/www/zc/Zc/Runtime/Cache/012cdf2fa3ba4152d6d6173485c32ca8.php 第 142 行.
SQL: SELECT * FROM `fanwe_news` WHERE ( `id` < '7' ) LIMIT 1   [ RunTime:0.004674s ]
SQL: SELECT * FROM `fanwe_news` WHERE ( `id` > '7' ) LIMIT 1   [ RunTime:0.004636s ]
INFO: ParseTemplate Behavior ::run [ RunTime:0.055402s ]
INFO: [ view_parse ] --END-- [ RunTime:0.056388s ]
INFO: [ view_filter ] --START--
INFO: ContentReplace Behavior ::run [ RunTime:0.000854s ]
INFO: TokenBuild Behavior ::run [ RunTime:0.000609s ]
INFO: WriteHtmlCache Behavior ::run [ RunTime:0.000407s ]
INFO: ShowRuntime Behavior ::run [ RunTime:0.000483s ]
INFO: [ view_filter ] --END-- [ RunTime:0.002688s ]
INFO: [ view_end ] --START--
INFO: ShowPageTrace Behavior ::run [ RunTime:0.000506s ]
INFO: [ view_end ] --END-- [ RunTime:0.000617s ]

[ 2015-07-24T22:04:01+08:00 ] 42.156.137.69 /zc/index.php?a=add&m=Deal
INFO: [ app_begin ] --START--
INFO: ReadHtmlCache Behavior ::run [ RunTime:0.000609s ]
INFO: [ app_begin ] --END-- [ RunTime:0.000733s ]
NOTIC: [2048] Declaration of DealAction::show() should be compatible with that of Action::show() /webHome/LFWZ000390/www/zc/Zc/Lib/Action/DealAction.class.php 第 13 行.
SQL: SHOW COLUMNS FROM `fanwe_nav` [ RunTime:0.003745s ]
SQL: SELECT * FROM `fanwe_nav` ORDER BY sort  [ RunTime:0.005360s ]
SQL: SHOW COLUMNS FROM `fanwe_deal_cate` [ RunTime:0.011890s ]
SQL: SELECT * FROM `fanwe_deal_cate` ORDER BY id  [ RunTime:0.003315s ]
SQL: SHOW COLUMNS FROM `fanwe_deal_keyword` [ RunTime:0.001802s ]
SQL: SELECT * FROM `fanwe_deal_keyword` LIMIT 1   [ RunTime:0.011161s ]
SQL: SELECT * FROM `fanwe_deal_cate` ORDER BY id  [ RunTime:0.003048s ]
INFO: [ view_parse ] --START--
NOTIC: [8] Undefined index: uid /webHome/LFWZ000390/www/zc/Zc/Runtime/Cache/39a1ef86b9cb11575469eaf83ff495f3.php 第 96 行.
INFO: ParseTemplate Behavior ::run [ RunTime:0.047539s ]
INFO: [ view_parse ] --END-- [ RunTime:0.047691s ]
INFO: [ view_filter ] --START--
INFO: ContentReplace Behavior ::run [ RunTime:0.000621s ]
INFO: TokenBuild Behavior ::run [ RunTime:0.000794s ]
INFO: WriteHtmlCache Behavior ::run [ RunTime:0.000529s ]
INFO: ShowRuntime Behavior ::run [ RunTime:0.000507s ]
INFO: [ view_filter ] --END-- [ RunTime:0.002851s ]
INFO: [ view_end ] --START--
INFO: ShowPageTrace Behavior ::run [ RunTime:0.002156s ]
INFO: [ view_end ] --END-- [ RunTime:0.002272s ]

[ 2015-07-24T22:04:08+08:00 ] 42.156.138.69 /zc/index.php?a=index&m=News
INFO: [ app_begin ] --START--
INFO: ReadHtmlCache Behavior ::run [ RunTime:0.000617s ]
INFO: [ app_begin ] --END-- [ RunTime:0.000774s ]
SQL: SHOW COLUMNS FROM `fanwe_nav` [ RunTime:0.008995s ]
SQL: SELECT * FROM `fanwe_nav` ORDER BY sort  [ RunTime:0.001761s ]
SQL: SHOW COLUMNS FROM `fanwe_deal_cate` [ RunTime:0.004096s ]
SQL: SELECT * FROM `fanwe_deal_cate` ORDER BY id  [ RunTime:0.004920s ]
SQL: SHOW COLUMNS FROM `fanwe_deal_keyword` [ RunTime:0.007230s ]
SQL: SELECT * FROM `fanwe_deal_keyword` LIMIT 1   [ RunTime:0.001436s ]
SQL: SHOW COLUMNS FROM `fanwe_news` [ RunTime:0.003685s ]
SQL: SELECT COUNT(*) AS tp_count FROM `fanwe_news` WHERE ( `enable` = 1 ) LIMIT 1   [ RunTime:0.001807s ]
SQL: SELECT COUNT(*) AS tp_count FROM `fanwe_news` WHERE ( `enable` = 1 ) LIMIT 1   [ RunTime:0.004658s ]
SQL: SELECT * FROM `fanwe_news` ORDER BY addtime desc,rec desc LIMIT 0,10   [ RunTime:0.033163s ]
INFO: [ view_parse ] --START--
SQL: SHOW COLUMNS FROM `fanwe_conf` [ RunTime:0.004341s ]
SQL: SELECT `value` FROM `fanwe_conf` WHERE ( `name` = 'SEO_TITLE' ) LIMIT 1   [ RunTime:0.001885s ]
NOTIC: [8] Undefined index: uid /webHome/LFWZ000390/www/zc/Zc/Runtime/Cache/93be05964b36457006025cdbe2606e6a.php 第 107 行.
INFO: ParseTemplate Behavior ::run [ RunTime:0.058224s ]
INFO: [ view_parse ] --END-- [ RunTime:0.058367s ]
INFO: [ view_filter ] --START--
INFO: ContentReplace Behavior ::run [ RunTime:0.000956s ]
INFO: TokenBuild Behavior ::run [ RunTime:0.000449s ]
INFO: WriteHtmlCache Behavior ::run [ RunTime:0.000361s ]
INFO: ShowRuntime Behavior ::run [ RunTime:0.000572s ]
INFO: [ view_filter ] --END-- [ RunTime:0.002691s ]
INFO: [ view_end ] --START--
INFO: ShowPageTrace Behavior ::run [ RunTime:0.000467s ]
INFO: [ view_end ] --END-- [ RunTime:0.000559s ]

[ 2015-07-24T22:04:31+08:00 ] 42.156.137.69 /zc/index.php?a=index&m=Deals&tid=14
INFO: [ app_begin ] --START--
INFO: ReadHtmlCache Behavior ::run [ RunTime:0.000456s ]
INFO: [ app_begin ] --END-- [ RunTime:0.000595s ]
SQL: SHOW COLUMNS FROM `fanwe_nav` [ RunTime:0.002410s ]
SQL: SELECT * FROM `fanwe_nav` ORDER BY sort  [ RunTime:0.001979s ]
SQL: SHOW COLUMNS FROM `fanwe_deal_cate` [ RunTime:0.002239s ]
SQL: SELECT * FROM `fanwe_deal_cate` ORDER BY id  [ RunTime:0.001738s ]
SQL: SHOW COLUMNS FROM `fanwe_deal_keyword` [ RunTime:0.007125s ]
SQL: SELECT * FROM `fanwe_deal_keyword` LIMIT 1   [ RunTime:0.002340s ]
NOTIC: [8] Undefined index: uid /webHome/LFWZ000390/www/zc/Zc/Lib/Action/DealsAction.class.php 第 18 行.

[ 2015-07-24T22:04:31+08:00 ] 42.156.137.69 /zc/index.php?m=User&a=login
INFO: [ app_begin ] --START--
INFO: ReadHtmlCache Behavior ::run [ RunTime:0.000607s ]
INFO: [ app_begin ] --END-- [ RunTime:0.000764s ]
SQL: SHOW COLUMNS FROM `fanwe_nav` [ RunTime:0.002974s ]
SQL: SELECT * FROM `fanwe_nav` ORDER BY sort  [ RunTime:0.001568s ]
SQL: SHOW COLUMNS FROM `fanwe_deal_cate` [ RunTime:0.002233s ]
SQL: SELECT * FROM `fanwe_deal_cate` ORDER BY id  [ RunTime:0.000784s ]
SQL: SHOW COLUMNS FROM `fanwe_deal_keyword` [ RunTime:0.001876s ]
SQL: SELECT * FROM `fanwe_deal_keyword` LIMIT 1   [ RunTime:0.001071s ]
INFO: [ view_parse ] --START--
NOTIC: [8] Undefined index: uid /webHome/LFWZ000390/www/zc/Zc/Runtime/Cache/42b90be8e9c40e58e803cfb6a2f683e9.php 第 76 行.
INFO: ParseTemplate Behavior ::run [ RunTime:0.030879s ]
INFO: [ view_parse ] --END-- [ RunTime:0.031006s ]
INFO: [ view_filter ] --START--
INFO: ContentReplace Behavior ::run [ RunTime:0.000591s ]
INFO: TokenBuild Behavior ::run [ RunTime:0.000425s ]
INFO: WriteHtmlCache Behavior ::run [ RunTime:0.000475s ]
INFO: ShowRuntime Behavior ::run [ RunTime:0.000487s ]
INFO: [ view_filter ] --END-- [ RunTime:0.002382s ]
INFO: [ view_end ] --START--
INFO: ShowPageTrace Behavior ::run [ RunTime:0.000451s ]
INFO: [ view_end ] --END-- [ RunTime:0.000579s ]

[ 2015-07-24T23:16:43+08:00 ] 66.249.75.218 /zc/index.php?m=User&a=login
INFO: [ app_begin ] --START--
INFO: ReadHtmlCache Behavior ::run [ RunTime:0.000507s ]
INFO: [ app_begin ] --END-- [ RunTime:0.000659s ]
SQL: SHOW COLUMNS FROM `fanwe_nav` [ RunTime:0.002965s ]
SQL: SELECT * FROM `fanwe_nav` ORDER BY sort  [ RunTime:0.001080s ]
SQL: SHOW COLUMNS FROM `fanwe_deal_cate` [ RunTime:0.003221s ]
SQL: SELECT * FROM `fanwe_deal_cate` ORDER BY id  [ RunTime:0.001636s ]
SQL: SHOW COLUMNS FROM `fanwe_deal_keyword` [ RunTime:0.007643s ]
SQL: SELECT * FROM `fanwe_deal_keyword` LIMIT 1   [ RunTime:0.001927s ]
INFO: [ view_parse ] --START--
NOTIC: [8] Undefined index: uid /webHome/LFWZ000390/www/zc/Zc/Runtime/Cache/42b90be8e9c40e58e803cfb6a2f683e9.php 第 76 行.
INFO: ParseTemplate Behavior ::run [ RunTime:0.028578s ]
INFO: [ view_parse ] --END-- [ RunTime:0.028734s ]
INFO: [ view_filter ] --START--
INFO: ContentReplace Behavior ::run [ RunTime:0.000596s ]
INFO: TokenBuild Behavior ::run [ RunTime:0.000972s ]
INFO: WriteHtmlCache Behavior ::run [ RunTime:0.000616s ]
INFO: ShowRuntime Behavior ::run [ RunTime:0.000455s ]
INFO: [ view_filter ] --END-- [ RunTime:0.011060s ]
INFO: [ view_end ] --START--
INFO: ShowPageTrace Behavior ::run [ RunTime:0.000463s ]
INFO: [ view_end ] --END-- [ RunTime:0.000628s ]

[ 2015-07-24T23:25:44+08:00 ] 223.104.175.11 /zc/
INFO: [ app_begin ] --START--
INFO: ReadHtmlCache Behavior ::run [ RunTime:0.002116s ]
INFO: [ app_begin ] --END-- [ RunTime:0.002337s ]

