[ 2015-12-11T08:27:33+08:00 ] 144.76.29.66 /zc/index.php?m=News&a=html&id=3
INFO: [ app_begin ] --START--
INFO: ReadHtmlCache Behavior ::run [ RunTime:0.000603s ]
INFO: [ app_begin ] --END-- [ RunTime:0.000732s ]
SQL: SHOW COLUMNS FROM `fanwe_nav` [ RunTime:0.001905s ]
SQL: SELECT * FROM `fanwe_nav` ORDER BY sort  [ RunTime:0.000632s ]
SQL: SHOW COLUMNS FROM `fanwe_deal_cate` [ RunTime:0.002548s ]
SQL: SELECT * FROM `fanwe_deal_cate` ORDER BY id  [ RunTime:0.000832s ]
SQL: SHOW COLUMNS FROM `fanwe_deal_keyword` [ RunTime:0.003320s ]
SQL: SELECT * FROM `fanwe_deal_keyword` LIMIT 1   [ RunTime:0.002344s ]
SQL: SHOW COLUMNS FROM `fanwe_news` [ RunTime:0.002452s ]
SQL: SELECT * FROM `fanwe_news` WHERE ( `id` = 3 ) LIMIT 1   [ RunTime:0.000861s ]
INFO: [ view_parse ] --START--
NOTIC: [8] Undefined index: uid /webHome/LFWZ000390/www/zc/Zc/Runtime/Cache/012cdf2fa3ba4152d6d6173485c32ca8.php 第 98 行.
NOTIC: [8] Use of undefined constant id - assumed 'id' /webHome/LFWZ000390/www/zc/Zc/Runtime/Cache/012cdf2fa3ba4152d6d6173485c32ca8.php 第 142 行.
SQL: SELECT * FROM `fanwe_news` WHERE ( `id` < '3' ) LIMIT 1   [ RunTime:0.001160s ]
SQL: SELECT * FROM `fanwe_news` WHERE ( `id` > '3' ) LIMIT 1   [ RunTime:0.001735s ]
INFO: ParseTemplate Behavior ::run [ RunTime:0.022174s ]
INFO: [ view_parse ] --END-- [ RunTime:0.022288s ]
INFO: [ view_filter ] --START--
INFO: ContentReplace Behavior ::run [ RunTime:0.000621s ]
INFO: TokenBuild Behavior ::run [ RunTime:0.000463s ]
INFO: WriteHtmlCache Behavior ::run [ RunTime:0.000417s ]
INFO: ShowRuntime Behavior ::run [ RunTime:0.000471s ]
INFO: [ view_filter ] --END-- [ RunTime:0.002328s ]
INFO: [ view_end ] --START--
INFO: ShowPageTrace Behavior ::run [ RunTime:0.000542s ]
INFO: [ view_end ] --END-- [ RunTime:0.000634s ]

[ 2015-12-11T08:27:37+08:00 ] 144.76.29.66 /zc/index.php?m=News&a=html&id=4
INFO: [ app_begin ] --START--
INFO: ReadHtmlCache Behavior ::run [ RunTime:0.000445s ]
INFO: [ app_begin ] --END-- [ RunTime:0.000602s ]
SQL: SHOW COLUMNS FROM `fanwe_nav` [ RunTime:0.001912s ]
SQL: SELECT * FROM `fanwe_nav` ORDER BY sort  [ RunTime:0.000630s ]
SQL: SHOW COLUMNS FROM `fanwe_deal_cate` [ RunTime:0.001808s ]
SQL: SELECT * FROM `fanwe_deal_cate` ORDER BY id  [ RunTime:0.000636s ]
SQL: SHOW COLUMNS FROM `fanwe_deal_keyword` [ RunTime:0.001505s ]
SQL: SELECT * FROM `fanwe_deal_keyword` LIMIT 1   [ RunTime:0.000805s ]
SQL: SHOW COLUMNS FROM `fanwe_news` [ RunTime:0.002600s ]
SQL: SELECT * FROM `fanwe_news` WHERE ( `id` = 4 ) LIMIT 1   [ RunTime:0.003505s ]
INFO: [ view_parse ] --START--
NOTIC: [8] Undefined index: uid /webHome/LFWZ000390/www/zc/Zc/Runtime/Cache/012cdf2fa3ba4152d6d6173485c32ca8.php 第 98 行.
NOTIC: [8] Use of undefined constant id - assumed 'id' /webHome/LFWZ000390/www/zc/Zc/Runtime/Cache/012cdf2fa3ba4152d6d6173485c32ca8.php 第 142 行.
SQL: SELECT * FROM `fanwe_news` WHERE ( `id` < '4' ) LIMIT 1   [ RunTime:0.001408s ]
SQL: SELECT * FROM `fanwe_news` WHERE ( `id` > '4' ) LIMIT 1   [ RunTime:0.011905s ]
INFO: ParseTemplate Behavior ::run [ RunTime:0.032805s ]
INFO: [ view_parse ] --END-- [ RunTime:0.032931s ]
INFO: [ view_filter ] --START--
INFO: ContentReplace Behavior ::run [ RunTime:0.000694s ]
INFO: TokenBuild Behavior ::run [ RunTime:0.000611s ]
INFO: WriteHtmlCache Behavior ::run [ RunTime:0.000407s ]
INFO: ShowRuntime Behavior ::run [ RunTime:0.000559s ]
INFO: [ view_filter ] --END-- [ RunTime:0.002634s ]
INFO: [ view_end ] --START--
INFO: ShowPageTrace Behavior ::run [ RunTime:0.000652s ]
INFO: [ view_end ] --END-- [ RunTime:0.000767s ]

[ 2015-12-11T08:27:54+08:00 ] 144.76.29.66 /zc/index.php?m=News&a=html&id=5
INFO: [ app_begin ] --START--
INFO: ReadHtmlCache Behavior ::run [ RunTime:0.000465s ]
INFO: [ app_begin ] --END-- [ RunTime:0.000671s ]
SQL: SHOW COLUMNS FROM `fanwe_nav` [ RunTime:0.002524s ]
SQL: SELECT * FROM `fanwe_nav` ORDER BY sort  [ RunTime:0.000941s ]
SQL: SHOW COLUMNS FROM `fanwe_deal_cate` [ RunTime:0.002192s ]
SQL: SELECT * FROM `fanwe_deal_cate` ORDER BY id  [ RunTime:0.000856s ]
SQL: SHOW COLUMNS FROM `fanwe_deal_keyword` [ RunTime:0.001497s ]
SQL: SELECT * FROM `fanwe_deal_keyword` LIMIT 1   [ RunTime:0.001331s ]
SQL: SHOW COLUMNS FROM `fanwe_news` [ RunTime:0.002288s ]
SQL: SELECT * FROM `fanwe_news` WHERE ( `id` = 5 ) LIMIT 1   [ RunTime:0.001354s ]
INFO: [ view_parse ] --START--
NOTIC: [8] Undefined index: uid /webHome/LFWZ000390/www/zc/Zc/Runtime/Cache/012cdf2fa3ba4152d6d6173485c32ca8.php 第 98 行.
NOTIC: [8] Use of undefined constant id - assumed 'id' /webHome/LFWZ000390/www/zc/Zc/Runtime/Cache/012cdf2fa3ba4152d6d6173485c32ca8.php 第 142 行.
SQL: SELECT * FROM `fanwe_news` WHERE ( `id` < '5' ) LIMIT 1   [ RunTime:0.001570s ]
SQL: SELECT * FROM `fanwe_news` WHERE ( `id` > '5' ) LIMIT 1   [ RunTime:0.001253s ]
INFO: ParseTemplate Behavior ::run [ RunTime:0.020170s ]
INFO: [ view_parse ] --END-- [ RunTime:0.020317s ]
INFO: [ view_filter ] --START--
INFO: ContentReplace Behavior ::run [ RunTime:0.000617s ]
INFO: TokenBuild Behavior ::run [ RunTime:0.000444s ]
INFO: WriteHtmlCache Behavior ::run [ RunTime:0.000414s ]
INFO: ShowRuntime Behavior ::run [ RunTime:0.000458s ]
INFO: [ view_filter ] --END-- [ RunTime:0.002276s ]
INFO: [ view_end ] --START--
INFO: ShowPageTrace Behavior ::run [ RunTime:0.000435s ]
INFO: [ view_end ] --END-- [ RunTime:0.000585s ]

[ 2015-12-11T09:21:06+08:00 ] 157.55.39.206 /zc/
INFO: [ app_begin ] --START--
INFO: ReadHtmlCache Behavior ::run [ RunTime:0.000526s ]
INFO: [ app_begin ] --END-- [ RunTime:0.000642s ]
SQL: SHOW COLUMNS FROM `fanwe_nav` [ RunTime:0.003202s ]
SQL: SELECT * FROM `fanwe_nav` ORDER BY sort  [ RunTime:0.000962s ]
SQL: SHOW COLUMNS FROM `fanwe_deal_cate` [ RunTime:0.002454s ]
SQL: SELECT * FROM `fanwe_deal_cate` ORDER BY id  [ RunTime:0.001156s ]
SQL: SHOW COLUMNS FROM `fanwe_deal_keyword` [ RunTime:0.001479s ]
SQL: SELECT * FROM `fanwe_deal_keyword` LIMIT 1   [ RunTime:0.001607s ]
SQL: SHOW COLUMNS FROM `fanwe_showindex` [ RunTime:0.003114s ]
SQL: SELECT * FROM `fanwe_showindex`  [ RunTime:0.001960s ]
SQL: SHOW COLUMNS FROM `fanwe_news` [ RunTime:0.002505s ]
SQL: SELECT * FROM `fanwe_news` ORDER BY addtime desc,rec desc LIMIT 0,5   [ RunTime:0.005099s ]
SQL: SHOW COLUMNS FROM `fanwe_company` [ RunTime:0.001634s ]
ERR: 1146:Table 'my1006252.fanwe_company' doesn't exist
 [ SQL语句 ] : SHOW COLUMNS FROM `fanwe_company`
SQL: SELECT * FROM `fanwe_company` LIMIT 1   [ RunTime:0.000433s ]
ERR: 1146:Table 'my1006252.fanwe_company' doesn't exist
 [ SQL语句 ] : SELECT * FROM `fanwe_company` LIMIT 1  
INFO: [ view_parse ] --START--
INFO: ParseTemplate Behavior ::run [ RunTime:0.014742s ]
INFO: [ view_parse ] --END-- [ RunTime:0.014860s ]
INFO: [ view_filter ] --START--
INFO: ContentReplace Behavior ::run [ RunTime:0.000658s ]
INFO: TokenBuild Behavior ::run [ RunTime:0.000443s ]
INFO: WriteHtmlCache Behavior ::run [ RunTime:0.000478s ]
INFO: ShowRuntime Behavior ::run [ RunTime:0.000552s ]
INFO: [ view_filter ] --END-- [ RunTime:0.002558s ]
INFO: [ view_end ] --START--
INFO: ShowPageTrace Behavior ::run [ RunTime:0.000416s ]
INFO: [ view_end ] --END-- [ RunTime:0.000515s ]

[ 2015-12-11T18:30:59+08:00 ] 180.76.15.143 /zc/index.php?m=User&a=login
INFO: [ app_begin ] --START--
INFO: ReadHtmlCache Behavior ::run [ RunTime:0.000482s ]
INFO: [ app_begin ] --END-- [ RunTime:0.000610s ]
SQL: SHOW COLUMNS FROM `fanwe_nav` [ RunTime:0.001892s ]
SQL: SELECT * FROM `fanwe_nav` ORDER BY sort  [ RunTime:0.001185s ]
SQL: SHOW COLUMNS FROM `fanwe_deal_cate` [ RunTime:0.002014s ]
SQL: SELECT * FROM `fanwe_deal_cate` ORDER BY id  [ RunTime:0.001270s ]
SQL: SHOW COLUMNS FROM `fanwe_deal_keyword` [ RunTime:0.001946s ]
SQL: SELECT * FROM `fanwe_deal_keyword` LIMIT 1   [ RunTime:0.000837s ]
INFO: [ view_parse ] --START--
NOTIC: [8] Undefined index: uid /webHome/LFWZ000390/www/zc/Zc/Runtime/Cache/42b90be8e9c40e58e803cfb6a2f683e9.php 第 76 行.
INFO: ParseTemplate Behavior ::run [ RunTime:0.019996s ]
INFO: [ view_parse ] --END-- [ RunTime:0.020143s ]
INFO: [ view_filter ] --START--
INFO: ContentReplace Behavior ::run [ RunTime:0.000595s ]
INFO: TokenBuild Behavior ::run [ RunTime:0.000561s ]
INFO: WriteHtmlCache Behavior ::run [ RunTime:0.000438s ]
INFO: ShowRuntime Behavior ::run [ RunTime:0.000661s ]
INFO: [ view_filter ] --END-- [ RunTime:0.003423s ]
INFO: [ view_end ] --START--
INFO: ShowPageTrace Behavior ::run [ RunTime:0.000539s ]
INFO: [ view_end ] --END-- [ RunTime:0.000637s ]

