[ 2015-11-03T03:06:43+08:00 ] 68.180.228.172 /zc/index.php?m=Deal&a=show&id=70
INFO: [ app_begin ] --START--
INFO: ReadHtmlCache Behavior ::run [ RunTime:0.000482s ]
INFO: [ app_begin ] --END-- [ RunTime:0.000648s ]
NOTIC: [2048] Declaration of DealAction::show() should be compatible with that of Action::show() /webHome/LFWZ000390/www/zc/Zc/Lib/Action/DealAction.class.php 第 13 行.
SQL: SHOW COLUMNS FROM `fanwe_nav` [ RunTime:0.002228s ]
SQL: SELECT * FROM `fanwe_nav` ORDER BY sort  [ RunTime:0.001004s ]
SQL: SHOW COLUMNS FROM `fanwe_deal_cate` [ RunTime:0.001616s ]
SQL: SELECT * FROM `fanwe_deal_cate` ORDER BY id  [ RunTime:0.000958s ]
SQL: SHOW COLUMNS FROM `fanwe_deal_keyword` [ RunTime:0.001805s ]
SQL: SELECT * FROM `fanwe_deal_keyword` LIMIT 1   [ RunTime:0.000635s ]
NOTIC: [8] Undefined index: uid /webHome/LFWZ000390/www/zc/Zc/Lib/Action/DealAction.class.php 第 18 行.

[ 2015-11-03T03:06:45+08:00 ] 68.180.228.172 /zc/index.php?m=User&a=login
INFO: [ app_begin ] --START--
INFO: ReadHtmlCache Behavior ::run [ RunTime:0.000450s ]
INFO: [ app_begin ] --END-- [ RunTime:0.000594s ]
SQL: SHOW COLUMNS FROM `fanwe_nav` [ RunTime:0.001957s ]
SQL: SELECT * FROM `fanwe_nav` ORDER BY sort  [ RunTime:0.000694s ]
SQL: SHOW COLUMNS FROM `fanwe_deal_cate` [ RunTime:0.001270s ]
SQL: SELECT * FROM `fanwe_deal_cate` ORDER BY id  [ RunTime:0.000765s ]
SQL: SHOW COLUMNS FROM `fanwe_deal_keyword` [ RunTime:0.001543s ]
SQL: SELECT * FROM `fanwe_deal_keyword` LIMIT 1   [ RunTime:0.000795s ]
INFO: [ view_parse ] --START--
NOTIC: [8] Undefined index: uid /webHome/LFWZ000390/www/zc/Zc/Runtime/Cache/42b90be8e9c40e58e803cfb6a2f683e9.php 第 76 行.
INFO: ParseTemplate Behavior ::run [ RunTime:0.016160s ]
INFO: [ view_parse ] --END-- [ RunTime:0.016279s ]
INFO: [ view_filter ] --START--
INFO: ContentReplace Behavior ::run [ RunTime:0.000560s ]
INFO: TokenBuild Behavior ::run [ RunTime:0.000447s ]
INFO: WriteHtmlCache Behavior ::run [ RunTime:0.000404s ]
INFO: ShowRuntime Behavior ::run [ RunTime:0.000515s ]
INFO: [ view_filter ] --END-- [ RunTime:0.002319s ]
INFO: [ view_end ] --START--
INFO: ShowPageTrace Behavior ::run [ RunTime:0.000495s ]
INFO: [ view_end ] --END-- [ RunTime:0.000589s ]

[ 2015-11-03T10:28:18+08:00 ] 123.125.71.78 /zc/index.php?m=Deals&a=index&tid=6
INFO: [ app_begin ] --START--
INFO: ReadHtmlCache Behavior ::run [ RunTime:0.000526s ]
INFO: [ app_begin ] --END-- [ RunTime:0.000795s ]
SQL: SHOW COLUMNS FROM `fanwe_nav` [ RunTime:0.001686s ]
SQL: SELECT * FROM `fanwe_nav` ORDER BY sort  [ RunTime:0.000923s ]
SQL: SHOW COLUMNS FROM `fanwe_deal_cate` [ RunTime:0.002603s ]
SQL: SELECT * FROM `fanwe_deal_cate` ORDER BY id  [ RunTime:0.000919s ]
SQL: SHOW COLUMNS FROM `fanwe_deal_keyword` [ RunTime:0.002009s ]
SQL: SELECT * FROM `fanwe_deal_keyword` LIMIT 1   [ RunTime:0.001010s ]
NOTIC: [8] Undefined index: uid /webHome/LFWZ000390/www/zc/Zc/Lib/Action/DealsAction.class.php 第 18 行.

[ 2015-11-03T10:28:18+08:00 ] 123.125.71.91 /zc/index.php?m=User&a=login
INFO: [ app_begin ] --START--
INFO: ReadHtmlCache Behavior ::run [ RunTime:0.000505s ]
INFO: [ app_begin ] --END-- [ RunTime:0.000641s ]
SQL: SHOW COLUMNS FROM `fanwe_nav` [ RunTime:0.000924s ]
SQL: SELECT * FROM `fanwe_nav` ORDER BY sort  [ RunTime:0.000636s ]
SQL: SHOW COLUMNS FROM `fanwe_deal_cate` [ RunTime:0.000955s ]
SQL: SELECT * FROM `fanwe_deal_cate` ORDER BY id  [ RunTime:0.000373s ]
SQL: SHOW COLUMNS FROM `fanwe_deal_keyword` [ RunTime:0.000657s ]
SQL: SELECT * FROM `fanwe_deal_keyword` LIMIT 1   [ RunTime:0.000339s ]
INFO: [ view_parse ] --START--
NOTIC: [8] Undefined index: uid /webHome/LFWZ000390/www/zc/Zc/Runtime/Cache/42b90be8e9c40e58e803cfb6a2f683e9.php 第 76 行.
INFO: ParseTemplate Behavior ::run [ RunTime:0.008204s ]
INFO: [ view_parse ] --END-- [ RunTime:0.008282s ]
INFO: [ view_filter ] --START--
INFO: ContentReplace Behavior ::run [ RunTime:0.000256s ]
INFO: TokenBuild Behavior ::run [ RunTime:0.000223s ]
INFO: WriteHtmlCache Behavior ::run [ RunTime:0.000179s ]
INFO: ShowRuntime Behavior ::run [ RunTime:0.000275s ]
INFO: [ view_filter ] --END-- [ RunTime:0.001086s ]
INFO: [ view_end ] --START--
INFO: ShowPageTrace Behavior ::run [ RunTime:0.000230s ]
INFO: [ view_end ] --END-- [ RunTime:0.000275s ]

[ 2015-11-03T12:36:31+08:00 ] 182.118.22.214 /zc/index.php?a=index&m=Deals&tid=9
INFO: [ app_begin ] --START--
INFO: ReadHtmlCache Behavior ::run [ RunTime:0.000612s ]
INFO: [ app_begin ] --END-- [ RunTime:0.000809s ]
SQL: SHOW COLUMNS FROM `fanwe_nav` [ RunTime:0.001935s ]
SQL: SELECT * FROM `fanwe_nav` ORDER BY sort  [ RunTime:0.001147s ]
SQL: SHOW COLUMNS FROM `fanwe_deal_cate` [ RunTime:0.001882s ]
SQL: SELECT * FROM `fanwe_deal_cate` ORDER BY id  [ RunTime:0.000634s ]
SQL: SHOW COLUMNS FROM `fanwe_deal_keyword` [ RunTime:0.001559s ]
SQL: SELECT * FROM `fanwe_deal_keyword` LIMIT 1   [ RunTime:0.000942s ]
NOTIC: [8] Undefined index: uid /webHome/LFWZ000390/www/zc/Zc/Lib/Action/DealsAction.class.php 第 18 行.

[ 2015-11-03T12:36:31+08:00 ] 182.118.22.214 /zc/index.php?m=User&a=login
INFO: [ app_begin ] --START--
INFO: ReadHtmlCache Behavior ::run [ RunTime:0.000456s ]
INFO: [ app_begin ] --END-- [ RunTime:0.000597s ]
SQL: SHOW COLUMNS FROM `fanwe_nav` [ RunTime:0.002509s ]
SQL: SELECT * FROM `fanwe_nav` ORDER BY sort  [ RunTime:0.000970s ]
SQL: SHOW COLUMNS FROM `fanwe_deal_cate` [ RunTime:0.001628s ]
SQL: SELECT * FROM `fanwe_deal_cate` ORDER BY id  [ RunTime:0.000767s ]
SQL: SHOW COLUMNS FROM `fanwe_deal_keyword` [ RunTime:0.001185s ]
SQL: SELECT * FROM `fanwe_deal_keyword` LIMIT 1   [ RunTime:0.000697s ]
INFO: [ view_parse ] --START--
NOTIC: [8] Undefined index: uid /webHome/LFWZ000390/www/zc/Zc/Runtime/Cache/42b90be8e9c40e58e803cfb6a2f683e9.php 第 76 行.
INFO: ParseTemplate Behavior ::run [ RunTime:0.016641s ]
INFO: [ view_parse ] --END-- [ RunTime:0.016761s ]
INFO: [ view_filter ] --START--
INFO: ContentReplace Behavior ::run [ RunTime:0.000508s ]
INFO: TokenBuild Behavior ::run [ RunTime:0.000530s ]
INFO: WriteHtmlCache Behavior ::run [ RunTime:0.000385s ]
INFO: ShowRuntime Behavior ::run [ RunTime:0.000657s ]
INFO: [ view_filter ] --END-- [ RunTime:0.002438s ]
INFO: [ view_end ] --START--
INFO: ShowPageTrace Behavior ::run [ RunTime:0.000598s ]
INFO: [ view_end ] --END-- [ RunTime:0.000690s ]

[ 2015-11-03T19:12:45+08:00 ] 42.156.138.111 /zc/index.php?a=html&id=1&m=News
INFO: [ app_begin ] --START--
INFO: ReadHtmlCache Behavior ::run [ RunTime:0.000477s ]
INFO: [ app_begin ] --END-- [ RunTime:0.000643s ]
SQL: SHOW COLUMNS FROM `fanwe_nav` [ RunTime:0.001655s ]
SQL: SELECT * FROM `fanwe_nav` ORDER BY sort  [ RunTime:0.001236s ]
SQL: SHOW COLUMNS FROM `fanwe_deal_cate` [ RunTime:0.001948s ]
SQL: SELECT * FROM `fanwe_deal_cate` ORDER BY id  [ RunTime:0.001480s ]
SQL: SHOW COLUMNS FROM `fanwe_deal_keyword` [ RunTime:0.002241s ]
SQL: SELECT * FROM `fanwe_deal_keyword` LIMIT 1   [ RunTime:0.000836s ]
SQL: SHOW COLUMNS FROM `fanwe_news` [ RunTime:0.002018s ]
SQL: SELECT * FROM `fanwe_news` WHERE ( `id` = 1 ) LIMIT 1   [ RunTime:0.001753s ]
INFO: [ view_parse ] --START--
NOTIC: [8] Undefined index: uid /webHome/LFWZ000390/www/zc/Zc/Runtime/Cache/012cdf2fa3ba4152d6d6173485c32ca8.php 第 98 行.
NOTIC: [8] Use of undefined constant id - assumed 'id' /webHome/LFWZ000390/www/zc/Zc/Runtime/Cache/012cdf2fa3ba4152d6d6173485c32ca8.php 第 142 行.
SQL: SELECT * FROM `fanwe_news` WHERE ( `id` < '1' ) LIMIT 1   [ RunTime:0.001315s ]
SQL: SELECT * FROM `fanwe_news` WHERE ( `id` > '1' ) LIMIT 1   [ RunTime:0.001897s ]
INFO: ParseTemplate Behavior ::run [ RunTime:0.021651s ]
INFO: [ view_parse ] --END-- [ RunTime:0.021820s ]
INFO: [ view_filter ] --START--
INFO: ContentReplace Behavior ::run [ RunTime:0.000683s ]
INFO: TokenBuild Behavior ::run [ RunTime:0.000543s ]
INFO: WriteHtmlCache Behavior ::run [ RunTime:0.000467s ]
INFO: ShowRuntime Behavior ::run [ RunTime:0.000562s ]
INFO: [ view_filter ] --END-- [ RunTime:0.002704s ]
INFO: [ view_end ] --START--
INFO: ShowPageTrace Behavior ::run [ RunTime:0.000566s ]
INFO: [ view_end ] --END-- [ RunTime:0.000688s ]

[ 2015-11-03T19:12:56+08:00 ] 42.156.136.111 /zc/index.php?a=html&id=5&m=News
INFO: [ app_begin ] --START--
INFO: ReadHtmlCache Behavior ::run [ RunTime:0.000489s ]
INFO: [ app_begin ] --END-- [ RunTime:0.000648s ]
SQL: SHOW COLUMNS FROM `fanwe_nav` [ RunTime:0.001969s ]
SQL: SELECT * FROM `fanwe_nav` ORDER BY sort  [ RunTime:0.001294s ]
SQL: SHOW COLUMNS FROM `fanwe_deal_cate` [ RunTime:0.001698s ]
SQL: SELECT * FROM `fanwe_deal_cate` ORDER BY id  [ RunTime:0.000906s ]
SQL: SHOW COLUMNS FROM `fanwe_deal_keyword` [ RunTime:0.001674s ]
SQL: SELECT * FROM `fanwe_deal_keyword` LIMIT 1   [ RunTime:0.001424s ]
SQL: SHOW COLUMNS FROM `fanwe_news` [ RunTime:0.002752s ]
SQL: SELECT * FROM `fanwe_news` WHERE ( `id` = 5 ) LIMIT 1   [ RunTime:0.001268s ]
INFO: [ view_parse ] --START--
NOTIC: [8] Undefined index: uid /webHome/LFWZ000390/www/zc/Zc/Runtime/Cache/012cdf2fa3ba4152d6d6173485c32ca8.php 第 98 行.
NOTIC: [8] Use of undefined constant id - assumed 'id' /webHome/LFWZ000390/www/zc/Zc/Runtime/Cache/012cdf2fa3ba4152d6d6173485c32ca8.php 第 142 行.
SQL: SELECT * FROM `fanwe_news` WHERE ( `id` < '5' ) LIMIT 1   [ RunTime:0.000811s ]
SQL: SELECT * FROM `fanwe_news` WHERE ( `id` > '5' ) LIMIT 1   [ RunTime:0.001320s ]
INFO: ParseTemplate Behavior ::run [ RunTime:0.019499s ]
INFO: [ view_parse ] --END-- [ RunTime:0.019615s ]
INFO: [ view_filter ] --START--
INFO: ContentReplace Behavior ::run [ RunTime:0.000595s ]
INFO: TokenBuild Behavior ::run [ RunTime:0.000465s ]
INFO: WriteHtmlCache Behavior ::run [ RunTime:0.000377s ]
INFO: ShowRuntime Behavior ::run [ RunTime:0.000475s ]
INFO: [ view_filter ] --END-- [ RunTime:0.002258s ]
INFO: [ view_end ] --START--
INFO: ShowPageTrace Behavior ::run [ RunTime:0.000465s ]
INFO: [ view_end ] --END-- [ RunTime:0.000558s ]

[ 2015-11-03T19:42:21+08:00 ] 136.243.75.162 /zc/index.php?m=Deal&a=show&id=69
INFO: [ app_begin ] --START--
INFO: ReadHtmlCache Behavior ::run [ RunTime:0.000491s ]
INFO: [ app_begin ] --END-- [ RunTime:0.000631s ]
NOTIC: [2048] Declaration of DealAction::show() should be compatible with that of Action::show() /webHome/LFWZ000390/www/zc/Zc/Lib/Action/DealAction.class.php 第 13 行.
SQL: SHOW COLUMNS FROM `fanwe_nav` [ RunTime:0.002570s ]
SQL: SELECT * FROM `fanwe_nav` ORDER BY sort  [ RunTime:0.000833s ]
SQL: SHOW COLUMNS FROM `fanwe_deal_cate` [ RunTime:0.002014s ]
SQL: SELECT * FROM `fanwe_deal_cate` ORDER BY id  [ RunTime:0.000843s ]
SQL: SHOW COLUMNS FROM `fanwe_deal_keyword` [ RunTime:0.001320s ]
SQL: SELECT * FROM `fanwe_deal_keyword` LIMIT 1   [ RunTime:0.001091s ]
NOTIC: [8] Undefined index: uid /webHome/LFWZ000390/www/zc/Zc/Lib/Action/DealAction.class.php 第 18 行.

[ 2015-11-03T19:42:26+08:00 ] 136.243.75.162 /zc/index.php?m=User&a=login
INFO: [ app_begin ] --START--
INFO: ReadHtmlCache Behavior ::run [ RunTime:0.000456s ]
INFO: [ app_begin ] --END-- [ RunTime:0.000583s ]
SQL: SHOW COLUMNS FROM `fanwe_nav` [ RunTime:0.003853s ]
SQL: SELECT * FROM `fanwe_nav` ORDER BY sort  [ RunTime:0.001661s ]
SQL: SHOW COLUMNS FROM `fanwe_deal_cate` [ RunTime:0.001931s ]
SQL: SELECT * FROM `fanwe_deal_cate` ORDER BY id  [ RunTime:0.001068s ]
SQL: SHOW COLUMNS FROM `fanwe_deal_keyword` [ RunTime:0.001653s ]
SQL: SELECT * FROM `fanwe_deal_keyword` LIMIT 1   [ RunTime:0.000560s ]
INFO: [ view_parse ] --START--
NOTIC: [8] Undefined index: uid /webHome/LFWZ000390/www/zc/Zc/Runtime/Cache/42b90be8e9c40e58e803cfb6a2f683e9.php 第 76 行.
INFO: ParseTemplate Behavior ::run [ RunTime:0.016827s ]
INFO: [ view_parse ] --END-- [ RunTime:0.016946s ]
INFO: [ view_filter ] --START--
INFO: ContentReplace Behavior ::run [ RunTime:0.000639s ]
INFO: TokenBuild Behavior ::run [ RunTime:0.000452s ]
INFO: WriteHtmlCache Behavior ::run [ RunTime:0.000404s ]
INFO: ShowRuntime Behavior ::run [ RunTime:0.000467s ]
INFO: [ view_filter ] --END-- [ RunTime:0.002316s ]
INFO: [ view_end ] --START--
INFO: ShowPageTrace Behavior ::run [ RunTime:0.000437s ]
INFO: [ view_end ] --END-- [ RunTime:0.000529s ]

[ 2015-11-03T19:42:28+08:00 ] 136.243.75.162 /zc/index.php?m=Deal&a=show&id=71
INFO: [ app_begin ] --START--
INFO: ReadHtmlCache Behavior ::run [ RunTime:0.000705s ]
INFO: [ app_begin ] --END-- [ RunTime:0.000863s ]
NOTIC: [2048] Declaration of DealAction::show() should be compatible with that of Action::show() /webHome/LFWZ000390/www/zc/Zc/Lib/Action/DealAction.class.php 第 13 行.
SQL: SHOW COLUMNS FROM `fanwe_nav` [ RunTime:0.002194s ]
SQL: SELECT * FROM `fanwe_nav` ORDER BY sort  [ RunTime:0.001068s ]
SQL: SHOW COLUMNS FROM `fanwe_deal_cate` [ RunTime:0.002543s ]
SQL: SELECT * FROM `fanwe_deal_cate` ORDER BY id  [ RunTime:0.000693s ]
SQL: SHOW COLUMNS FROM `fanwe_deal_keyword` [ RunTime:0.000996s ]
SQL: SELECT * FROM `fanwe_deal_keyword` LIMIT 1   [ RunTime:0.000812s ]
NOTIC: [8] Undefined index: uid /webHome/LFWZ000390/www/zc/Zc/Lib/Action/DealAction.class.php 第 18 行.

[ 2015-11-03T19:42:33+08:00 ] 136.243.75.162 /zc/index.php?m=User&a=login
INFO: [ app_begin ] --START--
INFO: ReadHtmlCache Behavior ::run [ RunTime:0.000757s ]
INFO: [ app_begin ] --END-- [ RunTime:0.000945s ]
SQL: SHOW COLUMNS FROM `fanwe_nav` [ RunTime:0.004930s ]
SQL: SELECT * FROM `fanwe_nav` ORDER BY sort  [ RunTime:0.000979s ]
SQL: SHOW COLUMNS FROM `fanwe_deal_cate` [ RunTime:0.002835s ]
SQL: SELECT * FROM `fanwe_deal_cate` ORDER BY id  [ RunTime:0.001104s ]
SQL: SHOW COLUMNS FROM `fanwe_deal_keyword` [ RunTime:0.001873s ]
SQL: SELECT * FROM `fanwe_deal_keyword` LIMIT 1   [ RunTime:0.000884s ]
INFO: [ view_parse ] --START--
NOTIC: [8] Undefined index: uid /webHome/LFWZ000390/www/zc/Zc/Runtime/Cache/42b90be8e9c40e58e803cfb6a2f683e9.php 第 76 行.
INFO: ParseTemplate Behavior ::run [ RunTime:0.015712s ]
INFO: [ view_parse ] --END-- [ RunTime:0.015849s ]
INFO: [ view_filter ] --START--
INFO: ContentReplace Behavior ::run [ RunTime:0.000716s ]
INFO: TokenBuild Behavior ::run [ RunTime:0.000516s ]
INFO: WriteHtmlCache Behavior ::run [ RunTime:0.000465s ]
INFO: ShowRuntime Behavior ::run [ RunTime:0.000484s ]
INFO: [ view_filter ] --END-- [ RunTime:0.002496s ]
INFO: [ view_end ] --START--
INFO: ShowPageTrace Behavior ::run [ RunTime:0.000402s ]
INFO: [ view_end ] --END-- [ RunTime:0.000493s ]

[ 2015-11-03T19:42:36+08:00 ] 136.243.75.162 /zc/index.php?m=Deal&a=show&id=72
INFO: [ app_begin ] --START--
INFO: ReadHtmlCache Behavior ::run [ RunTime:0.000499s ]
INFO: [ app_begin ] --END-- [ RunTime:0.000637s ]
NOTIC: [2048] Declaration of DealAction::show() should be compatible with that of Action::show() /webHome/LFWZ000390/www/zc/Zc/Lib/Action/DealAction.class.php 第 13 行.
SQL: SHOW COLUMNS FROM `fanwe_nav` [ RunTime:0.001748s ]
SQL: SELECT * FROM `fanwe_nav` ORDER BY sort  [ RunTime:0.000958s ]
SQL: SHOW COLUMNS FROM `fanwe_deal_cate` [ RunTime:0.002689s ]
SQL: SELECT * FROM `fanwe_deal_cate` ORDER BY id  [ RunTime:0.001490s ]
SQL: SHOW COLUMNS FROM `fanwe_deal_keyword` [ RunTime:0.001616s ]
SQL: SELECT * FROM `fanwe_deal_keyword` LIMIT 1   [ RunTime:0.001549s ]
NOTIC: [8] Undefined index: uid /webHome/LFWZ000390/www/zc/Zc/Lib/Action/DealAction.class.php 第 18 行.

[ 2015-11-03T19:42:41+08:00 ] 136.243.75.162 /zc/index.php?m=User&a=login
INFO: [ app_begin ] --START--
INFO: ReadHtmlCache Behavior ::run [ RunTime:0.000489s ]
INFO: [ app_begin ] --END-- [ RunTime:0.000640s ]
SQL: SHOW COLUMNS FROM `fanwe_nav` [ RunTime:0.001836s ]
SQL: SELECT * FROM `fanwe_nav` ORDER BY sort  [ RunTime:0.000880s ]
SQL: SHOW COLUMNS FROM `fanwe_deal_cate` [ RunTime:0.001427s ]
SQL: SELECT * FROM `fanwe_deal_cate` ORDER BY id  [ RunTime:0.002213s ]
SQL: SHOW COLUMNS FROM `fanwe_deal_keyword` [ RunTime:0.001785s ]
SQL: SELECT * FROM `fanwe_deal_keyword` LIMIT 1   [ RunTime:0.000604s ]
INFO: [ view_parse ] --START--
NOTIC: [8] Undefined index: uid /webHome/LFWZ000390/www/zc/Zc/Runtime/Cache/42b90be8e9c40e58e803cfb6a2f683e9.php 第 76 行.
INFO: ParseTemplate Behavior ::run [ RunTime:0.017917s ]
INFO: [ view_parse ] --END-- [ RunTime:0.018136s ]
INFO: [ view_filter ] --START--
INFO: ContentReplace Behavior ::run [ RunTime:0.000691s ]
INFO: TokenBuild Behavior ::run [ RunTime:0.000538s ]
INFO: WriteHtmlCache Behavior ::run [ RunTime:0.000392s ]
INFO: ShowRuntime Behavior ::run [ RunTime:0.000700s ]
INFO: [ view_filter ] --END-- [ RunTime:0.002700s ]
INFO: [ view_end ] --START--
INFO: ShowPageTrace Behavior ::run [ RunTime:0.000551s ]
INFO: [ view_end ] --END-- [ RunTime:0.000642s ]

[ 2015-11-03T23:03:16+08:00 ] 66.249.69.20 /zc/index.php?m=News&a=index
INFO: [ app_begin ] --START--
INFO: ReadHtmlCache Behavior ::run [ RunTime:0.000239s ]
INFO: [ app_begin ] --END-- [ RunTime:0.000306s ]

[ 2015-11-03T23:17:10+08:00 ] 123.125.71.71 /zc/index.php?m=Deals&a=index&tid=10
INFO: [ app_begin ] --START--
INFO: ReadHtmlCache Behavior ::run [ RunTime:0.000637s ]
INFO: [ app_begin ] --END-- [ RunTime:0.000773s ]
SQL: SHOW COLUMNS FROM `fanwe_nav` [ RunTime:0.002903s ]
SQL: SELECT * FROM `fanwe_nav` ORDER BY sort  [ RunTime:0.002358s ]
SQL: SHOW COLUMNS FROM `fanwe_deal_cate` [ RunTime:0.001820s ]
SQL: SELECT * FROM `fanwe_deal_cate` ORDER BY id  [ RunTime:0.000588s ]
SQL: SHOW COLUMNS FROM `fanwe_deal_keyword` [ RunTime:0.001487s ]
SQL: SELECT * FROM `fanwe_deal_keyword` LIMIT 1   [ RunTime:0.000890s ]
NOTIC: [8] Undefined index: uid /webHome/LFWZ000390/www/zc/Zc/Lib/Action/DealsAction.class.php 第 18 行.

[ 2015-11-03T23:17:11+08:00 ] 123.125.71.83 /zc/index.php?m=User&a=login
INFO: [ app_begin ] --START--
INFO: ReadHtmlCache Behavior ::run [ RunTime:0.000511s ]
INFO: [ app_begin ] --END-- [ RunTime:0.000728s ]
SQL: SHOW COLUMNS FROM `fanwe_nav` [ RunTime:0.001813s ]
SQL: SELECT * FROM `fanwe_nav` ORDER BY sort  [ RunTime:0.001901s ]
SQL: SHOW COLUMNS FROM `fanwe_deal_cate` [ RunTime:0.001622s ]
SQL: SELECT * FROM `fanwe_deal_cate` ORDER BY id  [ RunTime:0.001474s ]
SQL: SHOW COLUMNS FROM `fanwe_deal_keyword` [ RunTime:0.002101s ]
SQL: SELECT * FROM `fanwe_deal_keyword` LIMIT 1   [ RunTime:0.001078s ]
INFO: [ view_parse ] --START--
NOTIC: [8] Undefined index: uid /webHome/LFWZ000390/www/zc/Zc/Runtime/Cache/42b90be8e9c40e58e803cfb6a2f683e9.php 第 76 行.
INFO: ParseTemplate Behavior ::run [ RunTime:0.017632s ]
INFO: [ view_parse ] --END-- [ RunTime:0.017802s ]
INFO: [ view_filter ] --START--
INFO: ContentReplace Behavior ::run [ RunTime:0.000560s ]
INFO: TokenBuild Behavior ::run [ RunTime:0.000534s ]
INFO: WriteHtmlCache Behavior ::run [ RunTime:0.000409s ]
INFO: ShowRuntime Behavior ::run [ RunTime:0.000569s ]
INFO: [ view_filter ] --END-- [ RunTime:0.002392s ]
INFO: [ view_end ] --START--
INFO: ShowPageTrace Behavior ::run [ RunTime:0.000487s ]
INFO: [ view_end ] --END-- [ RunTime:0.000600s ]

