[ 2015-10-16T02:09:34+08:00 ] 88.198.16.153 /zc/index.php?m=News&a=html&id=6
INFO: [ app_begin ] --START--
INFO: ReadHtmlCache Behavior ::run [ RunTime:0.000490s ]
INFO: [ app_begin ] --END-- [ RunTime:0.000620s ]
SQL: SHOW COLUMNS FROM `fanwe_nav` [ RunTime:0.002639s ]
SQL: SELECT * FROM `fanwe_nav` ORDER BY sort  [ RunTime:0.010205s ]
SQL: SHOW COLUMNS FROM `fanwe_deal_cate` [ RunTime:0.001824s ]
SQL: SELECT * FROM `fanwe_deal_cate` ORDER BY id  [ RunTime:0.008368s ]
SQL: SHOW COLUMNS FROM `fanwe_deal_keyword` [ RunTime:0.001968s ]
SQL: SELECT * FROM `fanwe_deal_keyword` LIMIT 1   [ RunTime:0.010703s ]
SQL: SHOW COLUMNS FROM `fanwe_news` [ RunTime:0.002722s ]
SQL: SELECT * FROM `fanwe_news` WHERE ( `id` = 6 ) LIMIT 1   [ RunTime:0.021314s ]
INFO: [ view_parse ] --START--
NOTIC: [8] Undefined index: uid /webHome/LFWZ000390/www/zc/Zc/Runtime/Cache/012cdf2fa3ba4152d6d6173485c32ca8.php 第 98 行.
NOTIC: [8] Use of undefined constant id - assumed 'id' /webHome/LFWZ000390/www/zc/Zc/Runtime/Cache/012cdf2fa3ba4152d6d6173485c32ca8.php 第 142 行.
SQL: SELECT * FROM `fanwe_news` WHERE ( `id` < '6' ) LIMIT 1   [ RunTime:0.001479s ]
SQL: SELECT * FROM `fanwe_news` WHERE ( `id` > '6' ) LIMIT 1   [ RunTime:0.001646s ]
INFO: ParseTemplate Behavior ::run [ RunTime:0.022707s ]
INFO: [ view_parse ] --END-- [ RunTime:0.022828s ]
INFO: [ view_filter ] --START--
INFO: ContentReplace Behavior ::run [ RunTime:0.000723s ]
INFO: TokenBuild Behavior ::run [ RunTime:0.000529s ]
INFO: WriteHtmlCache Behavior ::run [ RunTime:0.000410s ]
INFO: ShowRuntime Behavior ::run [ RunTime:0.000544s ]
INFO: [ view_filter ] --END-- [ RunTime:0.002508s ]
INFO: [ view_end ] --START--
INFO: ShowPageTrace Behavior ::run [ RunTime:0.000602s ]
INFO: [ view_end ] --END-- [ RunTime:0.000750s ]

[ 2015-10-16T02:10:07+08:00 ] 88.198.16.153 /zc/index.php?m=news&a=html&id=1
INFO: [ app_begin ] --START--
INFO: ReadHtmlCache Behavior ::run [ RunTime:0.000471s ]
INFO: [ app_begin ] --END-- [ RunTime:0.000621s ]
ERR: 无法加载模块:news

[ 2015-10-16T02:10:11+08:00 ] 88.198.16.153 /zc/index.php?m=news&a=html&id=10
INFO: [ app_begin ] --START--
INFO: ReadHtmlCache Behavior ::run [ RunTime:0.000608s ]
INFO: [ app_begin ] --END-- [ RunTime:0.000786s ]
ERR: 无法加载模块:news

[ 2015-10-16T02:11:23+08:00 ] 88.198.16.153 /zc/index.php?m=news&a=html&id=8
INFO: [ app_begin ] --START--
INFO: ReadHtmlCache Behavior ::run [ RunTime:0.000607s ]
INFO: [ app_begin ] --END-- [ RunTime:0.000766s ]
ERR: 无法加载模块:news

[ 2015-10-16T05:53:44+08:00 ] 182.118.22.224 /zc/index.php?a=html&id=26&m=News
INFO: [ app_begin ] --START--
INFO: ReadHtmlCache Behavior ::run [ RunTime:0.000492s ]
INFO: [ app_begin ] --END-- [ RunTime:0.000638s ]
SQL: SHOW COLUMNS FROM `fanwe_nav` [ RunTime:0.001823s ]
SQL: SELECT * FROM `fanwe_nav` ORDER BY sort  [ RunTime:0.001099s ]
SQL: SHOW COLUMNS FROM `fanwe_deal_cate` [ RunTime:0.001881s ]
SQL: SELECT * FROM `fanwe_deal_cate` ORDER BY id  [ RunTime:0.000824s ]
SQL: SHOW COLUMNS FROM `fanwe_deal_keyword` [ RunTime:0.002033s ]
SQL: SELECT * FROM `fanwe_deal_keyword` LIMIT 1   [ RunTime:0.000697s ]
SQL: SHOW COLUMNS FROM `fanwe_news` [ RunTime:0.001800s ]
SQL: SELECT * FROM `fanwe_news` WHERE ( `id` = 26 ) LIMIT 1   [ RunTime:0.001027s ]
INFO: [ view_parse ] --START--
NOTIC: [8] Undefined index: uid /webHome/LFWZ000390/www/zc/Zc/Runtime/Cache/012cdf2fa3ba4152d6d6173485c32ca8.php 第 98 行.
NOTIC: [8] Use of undefined constant id - assumed 'id' /webHome/LFWZ000390/www/zc/Zc/Runtime/Cache/012cdf2fa3ba4152d6d6173485c32ca8.php 第 142 行.
SQL: SELECT * FROM `fanwe_news` WHERE ( `id` < null ) LIMIT 1   [ RunTime:0.001414s ]
SQL: SELECT * FROM `fanwe_news` WHERE ( `id` > null ) LIMIT 1   [ RunTime:0.000885s ]
INFO: ParseTemplate Behavior ::run [ RunTime:0.019531s ]
INFO: [ view_parse ] --END-- [ RunTime:0.019699s ]
INFO: [ view_filter ] --START--
INFO: ContentReplace Behavior ::run [ RunTime:0.000531s ]
INFO: TokenBuild Behavior ::run [ RunTime:0.000536s ]
INFO: WriteHtmlCache Behavior ::run [ RunTime:0.000353s ]
INFO: ShowRuntime Behavior ::run [ RunTime:0.000576s ]
INFO: [ view_filter ] --END-- [ RunTime:0.002268s ]
INFO: [ view_end ] --START--
INFO: ShowPageTrace Behavior ::run [ RunTime:0.000388s ]
INFO: [ view_end ] --END-- [ RunTime:0.000519s ]

[ 2015-10-16T15:09:54+08:00 ] 62.210.170.165 /zc/index.php?m=Deals&a=index&tid=6
INFO: [ app_begin ] --START--
INFO: ReadHtmlCache Behavior ::run [ RunTime:0.000516s ]
INFO: [ app_begin ] --END-- [ RunTime:0.000686s ]
SQL: SHOW COLUMNS FROM `fanwe_nav` [ RunTime:0.002086s ]
SQL: SELECT * FROM `fanwe_nav` ORDER BY sort  [ RunTime:0.001535s ]
SQL: SHOW COLUMNS FROM `fanwe_deal_cate` [ RunTime:0.001731s ]
SQL: SELECT * FROM `fanwe_deal_cate` ORDER BY id  [ RunTime:0.001256s ]
SQL: SHOW COLUMNS FROM `fanwe_deal_keyword` [ RunTime:0.002383s ]
SQL: SELECT * FROM `fanwe_deal_keyword` LIMIT 1   [ RunTime:0.000628s ]
NOTIC: [8] Undefined index: uid /webHome/LFWZ000390/www/zc/Zc/Lib/Action/DealsAction.class.php 第 18 行.

[ 2015-10-16T15:10:00+08:00 ] 62.210.170.165 /zc/index.php?m=User&a=login
INFO: [ app_begin ] --START--
INFO: ReadHtmlCache Behavior ::run [ RunTime:0.000451s ]
INFO: [ app_begin ] --END-- [ RunTime:0.000582s ]
SQL: SHOW COLUMNS FROM `fanwe_nav` [ RunTime:0.003615s ]
SQL: SELECT * FROM `fanwe_nav` ORDER BY sort  [ RunTime:0.001458s ]
SQL: SHOW COLUMNS FROM `fanwe_deal_cate` [ RunTime:0.001669s ]
SQL: SELECT * FROM `fanwe_deal_cate` ORDER BY id  [ RunTime:0.000745s ]
SQL: SHOW COLUMNS FROM `fanwe_deal_keyword` [ RunTime:0.002398s ]
SQL: SELECT * FROM `fanwe_deal_keyword` LIMIT 1   [ RunTime:0.000835s ]
INFO: [ view_parse ] --START--
NOTIC: [8] Undefined index: uid /webHome/LFWZ000390/www/zc/Zc/Runtime/Cache/42b90be8e9c40e58e803cfb6a2f683e9.php 第 76 行.
INFO: ParseTemplate Behavior ::run [ RunTime:0.016681s ]
INFO: [ view_parse ] --END-- [ RunTime:0.016800s ]
INFO: [ view_filter ] --START--
INFO: ContentReplace Behavior ::run [ RunTime:0.000548s ]
INFO: TokenBuild Behavior ::run [ RunTime:0.000464s ]
INFO: WriteHtmlCache Behavior ::run [ RunTime:0.000543s ]
INFO: ShowRuntime Behavior ::run [ RunTime:0.000448s ]
INFO: [ view_filter ] --END-- [ RunTime:0.002346s ]
INFO: [ view_end ] --START--
INFO: ShowPageTrace Behavior ::run [ RunTime:0.000451s ]
INFO: [ view_end ] --END-- [ RunTime:0.000541s ]

[ 2015-10-16T15:10:02+08:00 ] 62.210.170.165 /zc/index.php?m=Deals&a=index&tid=7
INFO: [ app_begin ] --START--
INFO: ReadHtmlCache Behavior ::run [ RunTime:0.000351s ]
INFO: [ app_begin ] --END-- [ RunTime:0.000447s ]
SQL: SHOW COLUMNS FROM `fanwe_nav` [ RunTime:0.002104s ]
SQL: SELECT * FROM `fanwe_nav` ORDER BY sort  [ RunTime:0.000939s ]
SQL: SHOW COLUMNS FROM `fanwe_deal_cate` [ RunTime:0.001519s ]
SQL: SELECT * FROM `fanwe_deal_cate` ORDER BY id  [ RunTime:0.001308s ]
SQL: SHOW COLUMNS FROM `fanwe_deal_keyword` [ RunTime:0.002239s ]
SQL: SELECT * FROM `fanwe_deal_keyword` LIMIT 1   [ RunTime:0.000887s ]
NOTIC: [8] Undefined index: uid /webHome/LFWZ000390/www/zc/Zc/Lib/Action/DealsAction.class.php 第 18 行.

[ 2015-10-16T15:10:05+08:00 ] 62.210.170.165 /zc/index.php?m=User&a=login
INFO: [ app_begin ] --START--
INFO: ReadHtmlCache Behavior ::run [ RunTime:0.000744s ]
INFO: [ app_begin ] --END-- [ RunTime:0.000902s ]
SQL: SHOW COLUMNS FROM `fanwe_nav` [ RunTime:0.002303s ]
SQL: SELECT * FROM `fanwe_nav` ORDER BY sort  [ RunTime:0.001384s ]
SQL: SHOW COLUMNS FROM `fanwe_deal_cate` [ RunTime:0.001702s ]
SQL: SELECT * FROM `fanwe_deal_cate` ORDER BY id  [ RunTime:0.000909s ]
SQL: SHOW COLUMNS FROM `fanwe_deal_keyword` [ RunTime:0.001978s ]
SQL: SELECT * FROM `fanwe_deal_keyword` LIMIT 1   [ RunTime:0.001725s ]
INFO: [ view_parse ] --START--
NOTIC: [8] Undefined index: uid /webHome/LFWZ000390/www/zc/Zc/Runtime/Cache/42b90be8e9c40e58e803cfb6a2f683e9.php 第 76 行.
INFO: ParseTemplate Behavior ::run [ RunTime:0.015931s ]
INFO: [ view_parse ] --END-- [ RunTime:0.016067s ]
INFO: [ view_filter ] --START--
INFO: ContentReplace Behavior ::run [ RunTime:0.000593s ]
INFO: TokenBuild Behavior ::run [ RunTime:0.000444s ]
INFO: WriteHtmlCache Behavior ::run [ RunTime:0.000520s ]
INFO: ShowRuntime Behavior ::run [ RunTime:0.000505s ]
INFO: [ view_filter ] --END-- [ RunTime:0.002353s ]
INFO: [ view_end ] --START--
INFO: ShowPageTrace Behavior ::run [ RunTime:0.000532s ]
INFO: [ view_end ] --END-- [ RunTime:0.000634s ]

[ 2015-10-16T19:33:12+08:00 ] 42.156.137.115 /zc/index.php?a=html&id=1&m=news
INFO: [ app_begin ] --START--
INFO: ReadHtmlCache Behavior ::run [ RunTime:0.000806s ]
INFO: [ app_begin ] --END-- [ RunTime:0.001108s ]
ERR: 无法加载模块:news

[ 2015-10-16T19:33:21+08:00 ] 42.156.139.115 /zc/index.php?a=html&id=10&m=News
INFO: [ app_begin ] --START--
INFO: ReadHtmlCache Behavior ::run [ RunTime:0.000507s ]
INFO: [ app_begin ] --END-- [ RunTime:0.000676s ]
SQL: SHOW COLUMNS FROM `fanwe_nav` [ RunTime:0.001952s ]
SQL: SELECT * FROM `fanwe_nav` ORDER BY sort  [ RunTime:0.000920s ]
SQL: SHOW COLUMNS FROM `fanwe_deal_cate` [ RunTime:0.001588s ]
SQL: SELECT * FROM `fanwe_deal_cate` ORDER BY id  [ RunTime:0.000873s ]
SQL: SHOW COLUMNS FROM `fanwe_deal_keyword` [ RunTime:0.001456s ]
SQL: SELECT * FROM `fanwe_deal_keyword` LIMIT 1   [ RunTime:0.000617s ]
SQL: SHOW COLUMNS FROM `fanwe_news` [ RunTime:0.001457s ]
SQL: SELECT * FROM `fanwe_news` WHERE ( `id` = 10 ) LIMIT 1   [ RunTime:0.001084s ]
INFO: [ view_parse ] --START--
NOTIC: [8] Undefined index: uid /webHome/LFWZ000390/www/zc/Zc/Runtime/Cache/012cdf2fa3ba4152d6d6173485c32ca8.php 第 98 行.
NOTIC: [8] Use of undefined constant id - assumed 'id' /webHome/LFWZ000390/www/zc/Zc/Runtime/Cache/012cdf2fa3ba4152d6d6173485c32ca8.php 第 142 行.
SQL: SELECT * FROM `fanwe_news` WHERE ( `id` < '10' ) LIMIT 1   [ RunTime:0.001149s ]
SQL: SELECT * FROM `fanwe_news` WHERE ( `id` > '10' ) LIMIT 1   [ RunTime:0.000857s ]
INFO: ParseTemplate Behavior ::run [ RunTime:0.020969s ]
INFO: [ view_parse ] --END-- [ RunTime:0.021083s ]
INFO: [ view_filter ] --START--
INFO: ContentReplace Behavior ::run [ RunTime:0.000628s ]
INFO: TokenBuild Behavior ::run [ RunTime:0.000481s ]
INFO: WriteHtmlCache Behavior ::run [ RunTime:0.000406s ]
INFO: ShowRuntime Behavior ::run [ RunTime:0.000636s ]
INFO: [ view_filter ] --END-- [ RunTime:0.002473s ]
INFO: [ view_end ] --START--
INFO: ShowPageTrace Behavior ::run [ RunTime:0.000475s ]
INFO: [ view_end ] --END-- [ RunTime:0.000566s ]

[ 2015-10-16T19:33:23+08:00 ] 42.156.138.115 /zc/index.php?a=add&m=Deal
INFO: [ app_begin ] --START--
INFO: ReadHtmlCache Behavior ::run [ RunTime:0.000489s ]
INFO: [ app_begin ] --END-- [ RunTime:0.000649s ]
NOTIC: [2048] Declaration of DealAction::show() should be compatible with that of Action::show() /webHome/LFWZ000390/www/zc/Zc/Lib/Action/DealAction.class.php 第 13 行.
SQL: SHOW COLUMNS FROM `fanwe_nav` [ RunTime:0.002279s ]
SQL: SELECT * FROM `fanwe_nav` ORDER BY sort  [ RunTime:0.001057s ]
SQL: SHOW COLUMNS FROM `fanwe_deal_cate` [ RunTime:0.001185s ]
SQL: SELECT * FROM `fanwe_deal_cate` ORDER BY id  [ RunTime:0.000906s ]
SQL: SHOW COLUMNS FROM `fanwe_deal_keyword` [ RunTime:0.003329s ]
SQL: SELECT * FROM `fanwe_deal_keyword` LIMIT 1   [ RunTime:0.000708s ]
SQL: SELECT * FROM `fanwe_deal_cate` ORDER BY id  [ RunTime:0.001137s ]
INFO: [ view_parse ] --START--
NOTIC: [8] Undefined index: uid /webHome/LFWZ000390/www/zc/Zc/Runtime/Cache/39a1ef86b9cb11575469eaf83ff495f3.php 第 96 行.
INFO: ParseTemplate Behavior ::run [ RunTime:0.022422s ]
INFO: [ view_parse ] --END-- [ RunTime:0.022570s ]
INFO: [ view_filter ] --START--
INFO: ContentReplace Behavior ::run [ RunTime:0.000590s ]
INFO: TokenBuild Behavior ::run [ RunTime:0.000559s ]
INFO: WriteHtmlCache Behavior ::run [ RunTime:0.000439s ]
INFO: ShowRuntime Behavior ::run [ RunTime:0.000537s ]
INFO: [ view_filter ] --END-- [ RunTime:0.002408s ]
INFO: [ view_end ] --START--
INFO: ShowPageTrace Behavior ::run [ RunTime:0.000536s ]
INFO: [ view_end ] --END-- [ RunTime:0.000673s ]

[ 2015-10-16T19:33:24+08:00 ] 42.156.136.115 /zc/index.php?a=html&id=7&m=News
INFO: [ app_begin ] --START--
INFO: ReadHtmlCache Behavior ::run [ RunTime:0.000498s ]
INFO: [ app_begin ] --END-- [ RunTime:0.000627s ]
SQL: SHOW COLUMNS FROM `fanwe_nav` [ RunTime:0.002177s ]
SQL: SELECT * FROM `fanwe_nav` ORDER BY sort  [ RunTime:0.001335s ]
SQL: SHOW COLUMNS FROM `fanwe_deal_cate` [ RunTime:0.001342s ]
SQL: SELECT * FROM `fanwe_deal_cate` ORDER BY id  [ RunTime:0.001148s ]
SQL: SHOW COLUMNS FROM `fanwe_deal_keyword` [ RunTime:0.003740s ]
SQL: SELECT * FROM `fanwe_deal_keyword` LIMIT 1   [ RunTime:0.000901s ]
SQL: SHOW COLUMNS FROM `fanwe_news` [ RunTime:0.002045s ]
SQL: SELECT * FROM `fanwe_news` WHERE ( `id` = 7 ) LIMIT 1   [ RunTime:0.003067s ]
INFO: [ view_parse ] --START--
NOTIC: [8] Undefined index: uid /webHome/LFWZ000390/www/zc/Zc/Runtime/Cache/012cdf2fa3ba4152d6d6173485c32ca8.php 第 98 行.
NOTIC: [8] Use of undefined constant id - assumed 'id' /webHome/LFWZ000390/www/zc/Zc/Runtime/Cache/012cdf2fa3ba4152d6d6173485c32ca8.php 第 142 行.
SQL: SELECT * FROM `fanwe_news` WHERE ( `id` < '7' ) LIMIT 1   [ RunTime:0.000843s ]
SQL: SELECT * FROM `fanwe_news` WHERE ( `id` > '7' ) LIMIT 1   [ RunTime:0.002797s ]
INFO: ParseTemplate Behavior ::run [ RunTime:0.020834s ]
INFO: [ view_parse ] --END-- [ RunTime:0.020968s ]
INFO: [ view_filter ] --START--
INFO: ContentReplace Behavior ::run [ RunTime:0.000770s ]
INFO: TokenBuild Behavior ::run [ RunTime:0.000483s ]
INFO: WriteHtmlCache Behavior ::run [ RunTime:0.000406s ]
INFO: ShowRuntime Behavior ::run [ RunTime:0.000499s ]
INFO: [ view_filter ] --END-- [ RunTime:0.002452s ]
INFO: [ view_end ] --START--
INFO: ShowPageTrace Behavior ::run [ RunTime:0.000404s ]
INFO: [ view_end ] --END-- [ RunTime:0.000496s ]

[ 2015-10-16T19:33:30+08:00 ] 42.120.161.115 /zc/index.php?a=index&m=News
INFO: [ app_begin ] --START--
INFO: ReadHtmlCache Behavior ::run [ RunTime:0.000473s ]
INFO: [ app_begin ] --END-- [ RunTime:0.000601s ]
SQL: SHOW COLUMNS FROM `fanwe_nav` [ RunTime:0.002638s ]
SQL: SELECT * FROM `fanwe_nav` ORDER BY sort  [ RunTime:0.001621s ]
SQL: SHOW COLUMNS FROM `fanwe_deal_cate` [ RunTime:0.001863s ]
SQL: SELECT * FROM `fanwe_deal_cate` ORDER BY id  [ RunTime:0.001153s ]
SQL: SHOW COLUMNS FROM `fanwe_deal_keyword` [ RunTime:0.002048s ]
SQL: SELECT * FROM `fanwe_deal_keyword` LIMIT 1   [ RunTime:0.000555s ]
SQL: SHOW COLUMNS FROM `fanwe_news` [ RunTime:0.002107s ]
SQL: SELECT COUNT(*) AS tp_count FROM `fanwe_news` WHERE ( `enable` = 1 ) LIMIT 1   [ RunTime:0.000898s ]
SQL: SELECT COUNT(*) AS tp_count FROM `fanwe_news` WHERE ( `enable` = 1 ) LIMIT 1   [ RunTime:0.001311s ]
SQL: SELECT * FROM `fanwe_news` ORDER BY addtime desc,rec desc LIMIT 0,10   [ RunTime:0.004914s ]
INFO: [ view_parse ] --START--
SQL: SHOW COLUMNS FROM `fanwe_conf` [ RunTime:0.002273s ]
SQL: SELECT `value` FROM `fanwe_conf` WHERE ( `name` = 'SEO_TITLE' ) LIMIT 1   [ RunTime:0.001123s ]
NOTIC: [8] Undefined index: uid /webHome/LFWZ000390/www/zc/Zc/Runtime/Cache/93be05964b36457006025cdbe2606e6a.php 第 107 行.
INFO: ParseTemplate Behavior ::run [ RunTime:0.025805s ]
INFO: [ view_parse ] --END-- [ RunTime:0.025955s ]
INFO: [ view_filter ] --START--
INFO: ContentReplace Behavior ::run [ RunTime:0.000708s ]
INFO: TokenBuild Behavior ::run [ RunTime:0.000486s ]
INFO: WriteHtmlCache Behavior ::run [ RunTime:0.000463s ]
INFO: ShowRuntime Behavior ::run [ RunTime:0.000482s ]
INFO: [ view_filter ] --END-- [ RunTime:0.002457s ]
INFO: [ view_end ] --START--
INFO: ShowPageTrace Behavior ::run [ RunTime:0.000457s ]
INFO: [ view_end ] --END-- [ RunTime:0.000570s ]

