[ 2015-11-29T03:09:41+08:00 ] 182.118.25.215 /zc/index.php?a=index&m=Index
INFO: [ app_begin ] --START--
INFO: ReadHtmlCache Behavior ::run [ RunTime:0.000502s ]
INFO: [ app_begin ] --END-- [ RunTime:0.000655s ]
SQL: SHOW COLUMNS FROM `fanwe_nav` [ RunTime:0.001907s ]
SQL: SELECT * FROM `fanwe_nav` ORDER BY sort  [ RunTime:0.000677s ]
SQL: SHOW COLUMNS FROM `fanwe_deal_cate` [ RunTime:0.001514s ]
SQL: SELECT * FROM `fanwe_deal_cate` ORDER BY id  [ RunTime:0.000871s ]
SQL: SHOW COLUMNS FROM `fanwe_deal_keyword` [ RunTime:0.001312s ]
SQL: SELECT * FROM `fanwe_deal_keyword` LIMIT 1   [ RunTime:0.000543s ]
SQL: SHOW COLUMNS FROM `fanwe_showindex` [ RunTime:0.001552s ]
SQL: SELECT * FROM `fanwe_showindex`  [ RunTime:0.000950s ]
SQL: SHOW COLUMNS FROM `fanwe_news` [ RunTime:0.001741s ]
SQL: SELECT * FROM `fanwe_news` ORDER BY addtime desc,rec desc LIMIT 0,5   [ RunTime:0.003145s ]
SQL: SHOW COLUMNS FROM `fanwe_company` [ RunTime:0.000849s ]
ERR: 1146:Table 'my1006252.fanwe_company' doesn't exist
 [ SQL语句 ] : SHOW COLUMNS FROM `fanwe_company`
SQL: SELECT * FROM `fanwe_company` LIMIT 1   [ RunTime:0.000681s ]
ERR: 1146:Table 'my1006252.fanwe_company' doesn't exist
 [ SQL语句 ] : SELECT * FROM `fanwe_company` LIMIT 1  
INFO: [ view_parse ] --START--
INFO: ParseTemplate Behavior ::run [ RunTime:0.015457s ]
INFO: [ view_parse ] --END-- [ RunTime:0.015582s ]
INFO: [ view_filter ] --START--
INFO: ContentReplace Behavior ::run [ RunTime:0.000711s ]
INFO: TokenBuild Behavior ::run [ RunTime:0.000455s ]
INFO: WriteHtmlCache Behavior ::run [ RunTime:0.000543s ]
INFO: ShowRuntime Behavior ::run [ RunTime:0.000519s ]
INFO: [ view_filter ] --END-- [ RunTime:0.002587s ]
INFO: [ view_end ] --START--
INFO: ShowPageTrace Behavior ::run [ RunTime:0.000435s ]
INFO: [ view_end ] --END-- [ RunTime:0.000538s ]

[ 2015-11-29T03:40:38+08:00 ] 123.125.71.56 /zc/index.php?m=News&a=html&id=24
INFO: [ app_begin ] --START--
INFO: ReadHtmlCache Behavior ::run [ RunTime:0.000444s ]
INFO: [ app_begin ] --END-- [ RunTime:0.000605s ]
SQL: SHOW COLUMNS FROM `fanwe_nav` [ RunTime:0.002179s ]
SQL: SELECT * FROM `fanwe_nav` ORDER BY sort  [ RunTime:0.000829s ]
SQL: SHOW COLUMNS FROM `fanwe_deal_cate` [ RunTime:0.001543s ]
SQL: SELECT * FROM `fanwe_deal_cate` ORDER BY id  [ RunTime:0.000894s ]
SQL: SHOW COLUMNS FROM `fanwe_deal_keyword` [ RunTime:0.001519s ]
SQL: SELECT * FROM `fanwe_deal_keyword` LIMIT 1   [ RunTime:0.000985s ]
SQL: SHOW COLUMNS FROM `fanwe_news` [ RunTime:0.001859s ]
SQL: SELECT * FROM `fanwe_news` WHERE ( `id` = 24 ) LIMIT 1   [ RunTime:0.002181s ]
INFO: [ view_parse ] --START--
NOTIC: [8] Undefined index: uid /webHome/LFWZ000390/www/zc/Zc/Runtime/Cache/012cdf2fa3ba4152d6d6173485c32ca8.php 第 98 行.
NOTIC: [8] Use of undefined constant id - assumed 'id' /webHome/LFWZ000390/www/zc/Zc/Runtime/Cache/012cdf2fa3ba4152d6d6173485c32ca8.php 第 142 行.
SQL: SELECT * FROM `fanwe_news` WHERE ( `id` < null ) LIMIT 1   [ RunTime:0.000698s ]
SQL: SELECT * FROM `fanwe_news` WHERE ( `id` > null ) LIMIT 1   [ RunTime:0.000683s ]
INFO: ParseTemplate Behavior ::run [ RunTime:0.017300s ]
INFO: [ view_parse ] --END-- [ RunTime:0.017412s ]
INFO: [ view_filter ] --START--
INFO: ContentReplace Behavior ::run [ RunTime:0.000549s ]
INFO: TokenBuild Behavior ::run [ RunTime:0.000443s ]
INFO: WriteHtmlCache Behavior ::run [ RunTime:0.000472s ]
INFO: ShowRuntime Behavior ::run [ RunTime:0.000452s ]
INFO: [ view_filter ] --END-- [ RunTime:0.002218s ]
INFO: [ view_end ] --START--
INFO: ShowPageTrace Behavior ::run [ RunTime:0.000441s ]
INFO: [ view_end ] --END-- [ RunTime:0.000529s ]

[ 2015-11-29T19:12:34+08:00 ] 42.156.137.64 /zc/index.php?a=index&m=Deals&tid=9
INFO: [ app_begin ] --START--
INFO: ReadHtmlCache Behavior ::run [ RunTime:0.000598s ]
INFO: [ app_begin ] --END-- [ RunTime:0.000735s ]
SQL: SHOW COLUMNS FROM `fanwe_nav` [ RunTime:0.004040s ]
SQL: SELECT * FROM `fanwe_nav` ORDER BY sort  [ RunTime:0.000905s ]
SQL: SHOW COLUMNS FROM `fanwe_deal_cate` [ RunTime:0.001547s ]
SQL: SELECT * FROM `fanwe_deal_cate` ORDER BY id  [ RunTime:0.001846s ]
SQL: SHOW COLUMNS FROM `fanwe_deal_keyword` [ RunTime:0.001639s ]
SQL: SELECT * FROM `fanwe_deal_keyword` LIMIT 1   [ RunTime:0.000668s ]
NOTIC: [8] Undefined index: uid /webHome/LFWZ000390/www/zc/Zc/Lib/Action/DealsAction.class.php 第 18 行.

[ 2015-11-29T19:12:34+08:00 ] 42.120.160.64 /zc/index.php?a=index&m=Deals
INFO: [ app_begin ] --START--
INFO: ReadHtmlCache Behavior ::run [ RunTime:0.000494s ]
INFO: [ app_begin ] --END-- [ RunTime:0.000620s ]
SQL: SHOW COLUMNS FROM `fanwe_nav` [ RunTime:0.001931s ]
SQL: SELECT * FROM `fanwe_nav` ORDER BY sort  [ RunTime:0.000989s ]
SQL: SHOW COLUMNS FROM `fanwe_deal_cate` [ RunTime:0.001339s ]
SQL: SELECT * FROM `fanwe_deal_cate` ORDER BY id  [ RunTime:0.001078s ]
SQL: SHOW COLUMNS FROM `fanwe_deal_keyword` [ RunTime:0.003266s ]
SQL: SELECT * FROM `fanwe_deal_keyword` LIMIT 1   [ RunTime:0.001138s ]
NOTIC: [8] Undefined index: uid /webHome/LFWZ000390/www/zc/Zc/Lib/Action/DealsAction.class.php 第 18 行.

[ 2015-11-29T19:12:34+08:00 ] 42.156.137.64 /zc/index.php?m=User&a=login
INFO: [ app_begin ] --START--
INFO: ReadHtmlCache Behavior ::run [ RunTime:0.000482s ]
INFO: [ app_begin ] --END-- [ RunTime:0.000605s ]
SQL: SHOW COLUMNS FROM `fanwe_nav` [ RunTime:0.002254s ]
SQL: SELECT * FROM `fanwe_nav` ORDER BY sort  [ RunTime:0.001627s ]
SQL: SHOW COLUMNS FROM `fanwe_deal_cate` [ RunTime:0.001468s ]
SQL: SELECT * FROM `fanwe_deal_cate` ORDER BY id  [ RunTime:0.001049s ]
SQL: SHOW COLUMNS FROM `fanwe_deal_keyword` [ RunTime:0.001484s ]
SQL: SELECT * FROM `fanwe_deal_keyword` LIMIT 1   [ RunTime:0.001083s ]
INFO: [ view_parse ] --START--
NOTIC: [8] Undefined index: uid /webHome/LFWZ000390/www/zc/Zc/Runtime/Cache/42b90be8e9c40e58e803cfb6a2f683e9.php 第 76 行.
INFO: ParseTemplate Behavior ::run [ RunTime:0.016971s ]
INFO: [ view_parse ] --END-- [ RunTime:0.017086s ]
INFO: [ view_filter ] --START--
INFO: ContentReplace Behavior ::run [ RunTime:0.000591s ]
INFO: TokenBuild Behavior ::run [ RunTime:0.000539s ]
INFO: WriteHtmlCache Behavior ::run [ RunTime:0.000482s ]
INFO: ShowRuntime Behavior ::run [ RunTime:0.000585s ]
INFO: [ view_filter ] --END-- [ RunTime:0.002545s ]
INFO: [ view_end ] --START--
INFO: ShowPageTrace Behavior ::run [ RunTime:0.000451s ]
INFO: [ view_end ] --END-- [ RunTime:0.000573s ]

[ 2015-11-29T19:12:35+08:00 ] 42.120.160.64 /zc/index.php?m=User&a=login
INFO: [ app_begin ] --START--
INFO: ReadHtmlCache Behavior ::run [ RunTime:0.000424s ]
INFO: [ app_begin ] --END-- [ RunTime:0.000685s ]
SQL: SHOW COLUMNS FROM `fanwe_nav` [ RunTime:0.001695s ]
SQL: SELECT * FROM `fanwe_nav` ORDER BY sort  [ RunTime:0.001035s ]
SQL: SHOW COLUMNS FROM `fanwe_deal_cate` [ RunTime:0.001287s ]
SQL: SELECT * FROM `fanwe_deal_cate` ORDER BY id  [ RunTime:0.000717s ]
SQL: SHOW COLUMNS FROM `fanwe_deal_keyword` [ RunTime:0.001745s ]
SQL: SELECT * FROM `fanwe_deal_keyword` LIMIT 1   [ RunTime:0.001839s ]
INFO: [ view_parse ] --START--
NOTIC: [8] Undefined index: uid /webHome/LFWZ000390/www/zc/Zc/Runtime/Cache/42b90be8e9c40e58e803cfb6a2f683e9.php 第 76 行.
INFO: ParseTemplate Behavior ::run [ RunTime:0.016511s ]
INFO: [ view_parse ] --END-- [ RunTime:0.016669s ]
INFO: [ view_filter ] --START--
INFO: ContentReplace Behavior ::run [ RunTime:0.000576s ]
INFO: TokenBuild Behavior ::run [ RunTime:0.000471s ]
INFO: WriteHtmlCache Behavior ::run [ RunTime:0.000458s ]
INFO: ShowRuntime Behavior ::run [ RunTime:0.000544s ]
INFO: [ view_filter ] --END-- [ RunTime:0.002327s ]
INFO: [ view_end ] --START--
INFO: ShowPageTrace Behavior ::run [ RunTime:0.000472s ]
INFO: [ view_end ] --END-- [ RunTime:0.000615s ]

[ 2015-11-29T19:12:37+08:00 ] 42.120.161.64 /zc/index.php?a=index&m=Deals&tid=12
INFO: [ app_begin ] --START--
INFO: ReadHtmlCache Behavior ::run [ RunTime:0.000469s ]
INFO: [ app_begin ] --END-- [ RunTime:0.000595s ]
SQL: SHOW COLUMNS FROM `fanwe_nav` [ RunTime:0.001884s ]
SQL: SELECT * FROM `fanwe_nav` ORDER BY sort  [ RunTime:0.000779s ]
SQL: SHOW COLUMNS FROM `fanwe_deal_cate` [ RunTime:0.002303s ]
SQL: SELECT * FROM `fanwe_deal_cate` ORDER BY id  [ RunTime:0.000726s ]
SQL: SHOW COLUMNS FROM `fanwe_deal_keyword` [ RunTime:0.001478s ]
SQL: SELECT * FROM `fanwe_deal_keyword` LIMIT 1   [ RunTime:0.000656s ]
NOTIC: [8] Undefined index: uid /webHome/LFWZ000390/www/zc/Zc/Lib/Action/DealsAction.class.php 第 18 行.

[ 2015-11-29T19:12:37+08:00 ] 42.120.161.64 /zc/index.php?m=User&a=login
INFO: [ app_begin ] --START--
INFO: ReadHtmlCache Behavior ::run [ RunTime:0.000832s ]
INFO: [ app_begin ] --END-- [ RunTime:0.000966s ]
SQL: SHOW COLUMNS FROM `fanwe_nav` [ RunTime:0.002257s ]
SQL: SELECT * FROM `fanwe_nav` ORDER BY sort  [ RunTime:0.001224s ]
SQL: SHOW COLUMNS FROM `fanwe_deal_cate` [ RunTime:0.001823s ]
SQL: SELECT * FROM `fanwe_deal_cate` ORDER BY id  [ RunTime:0.001125s ]
SQL: SHOW COLUMNS FROM `fanwe_deal_keyword` [ RunTime:0.001394s ]
SQL: SELECT * FROM `fanwe_deal_keyword` LIMIT 1   [ RunTime:0.000704s ]
INFO: [ view_parse ] --START--
NOTIC: [8] Undefined index: uid /webHome/LFWZ000390/www/zc/Zc/Runtime/Cache/42b90be8e9c40e58e803cfb6a2f683e9.php 第 76 行.
INFO: ParseTemplate Behavior ::run [ RunTime:0.016597s ]
INFO: [ view_parse ] --END-- [ RunTime:0.016740s ]
INFO: [ view_filter ] --START--
INFO: ContentReplace Behavior ::run [ RunTime:0.000624s ]
INFO: TokenBuild Behavior ::run [ RunTime:0.000440s ]
INFO: WriteHtmlCache Behavior ::run [ RunTime:0.000568s ]
INFO: ShowRuntime Behavior ::run [ RunTime:0.000554s ]
INFO: [ view_filter ] --END-- [ RunTime:0.002468s ]
INFO: [ view_end ] --START--
INFO: ShowPageTrace Behavior ::run [ RunTime:0.000418s ]
INFO: [ view_end ] --END-- [ RunTime:0.000539s ]

[ 2015-11-29T19:12:38+08:00 ] 42.156.139.64 /zc/index.php?a=index&m=Deals&tid=7
INFO: [ app_begin ] --START--
INFO: ReadHtmlCache Behavior ::run [ RunTime:0.000447s ]
INFO: [ app_begin ] --END-- [ RunTime:0.000574s ]
SQL: SHOW COLUMNS FROM `fanwe_nav` [ RunTime:0.001474s ]
SQL: SELECT * FROM `fanwe_nav` ORDER BY sort  [ RunTime:0.001541s ]
SQL: SHOW COLUMNS FROM `fanwe_deal_cate` [ RunTime:0.001351s ]
SQL: SELECT * FROM `fanwe_deal_cate` ORDER BY id  [ RunTime:0.000878s ]
SQL: SHOW COLUMNS FROM `fanwe_deal_keyword` [ RunTime:0.002363s ]
SQL: SELECT * FROM `fanwe_deal_keyword` LIMIT 1   [ RunTime:0.000708s ]
NOTIC: [8] Undefined index: uid /webHome/LFWZ000390/www/zc/Zc/Lib/Action/DealsAction.class.php 第 18 行.

[ 2015-11-29T19:12:38+08:00 ] 42.156.139.64 /zc/index.php?m=User&a=login
INFO: [ app_begin ] --START--
INFO: ReadHtmlCache Behavior ::run [ RunTime:0.000525s ]
INFO: [ app_begin ] --END-- [ RunTime:0.000659s ]
SQL: SHOW COLUMNS FROM `fanwe_nav` [ RunTime:0.001771s ]
SQL: SELECT * FROM `fanwe_nav` ORDER BY sort  [ RunTime:0.000558s ]
SQL: SHOW COLUMNS FROM `fanwe_deal_cate` [ RunTime:0.002429s ]
SQL: SELECT * FROM `fanwe_deal_cate` ORDER BY id  [ RunTime:0.000977s ]
SQL: SHOW COLUMNS FROM `fanwe_deal_keyword` [ RunTime:0.001266s ]
SQL: SELECT * FROM `fanwe_deal_keyword` LIMIT 1   [ RunTime:0.000727s ]
INFO: [ view_parse ] --START--
NOTIC: [8] Undefined index: uid /webHome/LFWZ000390/www/zc/Zc/Runtime/Cache/42b90be8e9c40e58e803cfb6a2f683e9.php 第 76 行.
INFO: ParseTemplate Behavior ::run [ RunTime:0.019844s ]
INFO: [ view_parse ] --END-- [ RunTime:0.020006s ]
INFO: [ view_filter ] --START--
INFO: ContentReplace Behavior ::run [ RunTime:0.000532s ]
INFO: TokenBuild Behavior ::run [ RunTime:0.000596s ]
INFO: WriteHtmlCache Behavior ::run [ RunTime:0.000455s ]
INFO: ShowRuntime Behavior ::run [ RunTime:0.000545s ]
INFO: [ view_filter ] --END-- [ RunTime:0.002472s ]
INFO: [ view_end ] --START--
INFO: ShowPageTrace Behavior ::run [ RunTime:0.000558s ]
INFO: [ view_end ] --END-- [ RunTime:0.000680s ]

[ 2015-11-29T19:12:39+08:00 ] 42.156.138.64 /zc/index.php?a=index&m=Deals&tid=10
INFO: [ app_begin ] --START--
INFO: ReadHtmlCache Behavior ::run [ RunTime:0.000531s ]
INFO: [ app_begin ] --END-- [ RunTime:0.000658s ]
SQL: SHOW COLUMNS FROM `fanwe_nav` [ RunTime:0.001795s ]
SQL: SELECT * FROM `fanwe_nav` ORDER BY sort  [ RunTime:0.000703s ]
SQL: SHOW COLUMNS FROM `fanwe_deal_cate` [ RunTime:0.001331s ]
SQL: SELECT * FROM `fanwe_deal_cate` ORDER BY id  [ RunTime:0.000821s ]
SQL: SHOW COLUMNS FROM `fanwe_deal_keyword` [ RunTime:0.001540s ]
SQL: SELECT * FROM `fanwe_deal_keyword` LIMIT 1   [ RunTime:0.001263s ]
NOTIC: [8] Undefined index: uid /webHome/LFWZ000390/www/zc/Zc/Lib/Action/DealsAction.class.php 第 18 行.

[ 2015-11-29T19:12:40+08:00 ] 42.156.138.64 /zc/index.php?m=User&a=login
INFO: [ app_begin ] --START--
INFO: ReadHtmlCache Behavior ::run [ RunTime:0.000615s ]
INFO: [ app_begin ] --END-- [ RunTime:0.000771s ]
SQL: SHOW COLUMNS FROM `fanwe_nav` [ RunTime:0.001602s ]
SQL: SELECT * FROM `fanwe_nav` ORDER BY sort  [ RunTime:0.000930s ]
SQL: SHOW COLUMNS FROM `fanwe_deal_cate` [ RunTime:0.001349s ]
SQL: SELECT * FROM `fanwe_deal_cate` ORDER BY id  [ RunTime:0.001863s ]
SQL: SHOW COLUMNS FROM `fanwe_deal_keyword` [ RunTime:0.001662s ]
SQL: SELECT * FROM `fanwe_deal_keyword` LIMIT 1   [ RunTime:0.000834s ]
INFO: [ view_parse ] --START--
NOTIC: [8] Undefined index: uid /webHome/LFWZ000390/www/zc/Zc/Runtime/Cache/42b90be8e9c40e58e803cfb6a2f683e9.php 第 76 行.
INFO: ParseTemplate Behavior ::run [ RunTime:0.017121s ]
INFO: [ view_parse ] --END-- [ RunTime:0.017276s ]
INFO: [ view_filter ] --START--
INFO: ContentReplace Behavior ::run [ RunTime:0.000580s ]
INFO: TokenBuild Behavior ::run [ RunTime:0.000529s ]
INFO: WriteHtmlCache Behavior ::run [ RunTime:0.000495s ]
INFO: ShowRuntime Behavior ::run [ RunTime:0.000493s ]
INFO: [ view_filter ] --END-- [ RunTime:0.002482s ]
INFO: [ view_end ] --START--
INFO: ShowPageTrace Behavior ::run [ RunTime:0.000504s ]
INFO: [ view_end ] --END-- [ RunTime:0.000601s ]

