[ 2015-11-10T07:23:32+08:00 ] 123.125.71.12 /zc/index.php?m=User&a=login
INFO: [ app_begin ] --START--
INFO: ReadHtmlCache Behavior ::run [ RunTime:0.000555s ]
INFO: [ app_begin ] --END-- [ RunTime:0.000694s ]
SQL: SHOW COLUMNS FROM `fanwe_nav` [ RunTime:0.001625s ]
SQL: SELECT * FROM `fanwe_nav` ORDER BY sort  [ RunTime:0.001332s ]
SQL: SHOW COLUMNS FROM `fanwe_deal_cate` [ RunTime:0.001635s ]
SQL: SELECT * FROM `fanwe_deal_cate` ORDER BY id  [ RunTime:0.000804s ]
SQL: SHOW COLUMNS FROM `fanwe_deal_keyword` [ RunTime:0.001375s ]
SQL: SELECT * FROM `fanwe_deal_keyword` LIMIT 1   [ RunTime:0.000725s ]
INFO: [ view_parse ] --START--
NOTIC: [8] Undefined index: uid /webHome/LFWZ000390/www/zc/Zc/Runtime/Cache/42b90be8e9c40e58e803cfb6a2f683e9.php 第 76 行.
INFO: ParseTemplate Behavior ::run [ RunTime:0.017119s ]
INFO: [ view_parse ] --END-- [ RunTime:0.017243s ]
INFO: [ view_filter ] --START--
INFO: ContentReplace Behavior ::run [ RunTime:0.000655s ]
INFO: TokenBuild Behavior ::run [ RunTime:0.000541s ]
INFO: WriteHtmlCache Behavior ::run [ RunTime:0.000496s ]
INFO: ShowRuntime Behavior ::run [ RunTime:0.000548s ]
INFO: [ view_filter ] --END-- [ RunTime:0.002596s ]
INFO: [ view_end ] --START--
INFO: ShowPageTrace Behavior ::run [ RunTime:0.000432s ]
INFO: [ view_end ] --END-- [ RunTime:0.000573s ]

[ 2015-11-10T11:09:00+08:00 ] 136.243.75.162 /zc/index.php?m=Deals&a=rec
INFO: [ app_begin ] --START--
INFO: ReadHtmlCache Behavior ::run [ RunTime:0.000576s ]
INFO: [ app_begin ] --END-- [ RunTime:0.000711s ]
SQL: SHOW COLUMNS FROM `fanwe_nav` [ RunTime:0.002304s ]
SQL: SELECT * FROM `fanwe_nav` ORDER BY sort  [ RunTime:0.001056s ]
SQL: SHOW COLUMNS FROM `fanwe_deal_cate` [ RunTime:0.001778s ]
SQL: SELECT * FROM `fanwe_deal_cate` ORDER BY id  [ RunTime:0.000881s ]
SQL: SHOW COLUMNS FROM `fanwe_deal_keyword` [ RunTime:0.001434s ]
SQL: SELECT * FROM `fanwe_deal_keyword` LIMIT 1   [ RunTime:0.000803s ]
NOTIC: [8] Undefined index: uid /webHome/LFWZ000390/www/zc/Zc/Lib/Action/DealsAction.class.php 第 61 行.

[ 2015-11-10T11:09:03+08:00 ] 136.243.75.162 /zc/index.php?m=User&a=login
INFO: [ app_begin ] --START--
INFO: ReadHtmlCache Behavior ::run [ RunTime:0.000789s ]
INFO: [ app_begin ] --END-- [ RunTime:0.001154s ]
SQL: SHOW COLUMNS FROM `fanwe_nav` [ RunTime:0.001611s ]
SQL: SELECT * FROM `fanwe_nav` ORDER BY sort  [ RunTime:0.000527s ]
SQL: SHOW COLUMNS FROM `fanwe_deal_cate` [ RunTime:0.001363s ]
SQL: SELECT * FROM `fanwe_deal_cate` ORDER BY id  [ RunTime:0.000485s ]
SQL: SHOW COLUMNS FROM `fanwe_deal_keyword` [ RunTime:0.001010s ]
SQL: SELECT * FROM `fanwe_deal_keyword` LIMIT 1   [ RunTime:0.000640s ]
INFO: [ view_parse ] --START--
NOTIC: [8] Undefined index: uid /webHome/LFWZ000390/www/zc/Zc/Runtime/Cache/42b90be8e9c40e58e803cfb6a2f683e9.php 第 76 行.
INFO: ParseTemplate Behavior ::run [ RunTime:0.009348s ]
INFO: [ view_parse ] --END-- [ RunTime:0.009419s ]
INFO: [ view_filter ] --START--
INFO: ContentReplace Behavior ::run [ RunTime:0.000302s ]
INFO: TokenBuild Behavior ::run [ RunTime:0.000274s ]
INFO: WriteHtmlCache Behavior ::run [ RunTime:0.000236s ]
INFO: ShowRuntime Behavior ::run [ RunTime:0.000248s ]
INFO: [ view_filter ] --END-- [ RunTime:0.001217s ]
INFO: [ view_end ] --START--
INFO: ShowPageTrace Behavior ::run [ RunTime:0.000305s ]
INFO: [ view_end ] --END-- [ RunTime:0.000369s ]

[ 2015-11-10T11:09:05+08:00 ] 136.243.75.162 /zc/index.php?m=Index&a=index
INFO: [ app_begin ] --START--
INFO: ReadHtmlCache Behavior ::run [ RunTime:0.000581s ]
INFO: [ app_begin ] --END-- [ RunTime:0.000714s ]
SQL: SHOW COLUMNS FROM `fanwe_nav` [ RunTime:0.002256s ]
SQL: SELECT * FROM `fanwe_nav` ORDER BY sort  [ RunTime:0.001167s ]
SQL: SHOW COLUMNS FROM `fanwe_deal_cate` [ RunTime:0.002641s ]
SQL: SELECT * FROM `fanwe_deal_cate` ORDER BY id  [ RunTime:0.000903s ]
SQL: SHOW COLUMNS FROM `fanwe_deal_keyword` [ RunTime:0.001238s ]
SQL: SELECT * FROM `fanwe_deal_keyword` LIMIT 1   [ RunTime:0.001066s ]
SQL: SHOW COLUMNS FROM `fanwe_showindex` [ RunTime:0.001684s ]
SQL: SELECT * FROM `fanwe_showindex`  [ RunTime:0.001688s ]
SQL: SHOW COLUMNS FROM `fanwe_news` [ RunTime:0.001894s ]
SQL: SELECT * FROM `fanwe_news` ORDER BY addtime desc,rec desc LIMIT 0,5   [ RunTime:0.011773s ]
SQL: SHOW COLUMNS FROM `fanwe_company` [ RunTime:0.001787s ]
ERR: 1146:Table 'my1006252.fanwe_company' doesn't exist
 [ SQL语句 ] : SHOW COLUMNS FROM `fanwe_company`
SQL: SELECT * FROM `fanwe_company` LIMIT 1   [ RunTime:0.001228s ]
ERR: 1146:Table 'my1006252.fanwe_company' doesn't exist
 [ SQL语句 ] : SELECT * FROM `fanwe_company` LIMIT 1  
INFO: [ view_parse ] --START--
INFO: ParseTemplate Behavior ::run [ RunTime:0.013453s ]
INFO: [ view_parse ] --END-- [ RunTime:0.013633s ]
INFO: [ view_filter ] --START--
INFO: ContentReplace Behavior ::run [ RunTime:0.000553s ]
INFO: TokenBuild Behavior ::run [ RunTime:0.000537s ]
INFO: WriteHtmlCache Behavior ::run [ RunTime:0.000353s ]
INFO: ShowRuntime Behavior ::run [ RunTime:0.000525s ]
INFO: [ view_filter ] --END-- [ RunTime:0.002314s ]
INFO: [ view_end ] --START--
INFO: ShowPageTrace Behavior ::run [ RunTime:0.000465s ]
INFO: [ view_end ] --END-- [ RunTime:0.000555s ]

[ 2015-11-10T11:09:08+08:00 ] 136.243.75.162 /zc/index.php?m=News&a=index
INFO: [ app_begin ] --START--
INFO: ReadHtmlCache Behavior ::run [ RunTime:0.000489s ]
INFO: [ app_begin ] --END-- [ RunTime:0.000628s ]
SQL: SHOW COLUMNS FROM `fanwe_nav` [ RunTime:0.002695s ]
SQL: SELECT * FROM `fanwe_nav` ORDER BY sort  [ RunTime:0.001311s ]
SQL: SHOW COLUMNS FROM `fanwe_deal_cate` [ RunTime:0.002268s ]
SQL: SELECT * FROM `fanwe_deal_cate` ORDER BY id  [ RunTime:0.002168s ]
SQL: SHOW COLUMNS FROM `fanwe_deal_keyword` [ RunTime:0.001437s ]
SQL: SELECT * FROM `fanwe_deal_keyword` LIMIT 1   [ RunTime:0.001105s ]
SQL: SHOW COLUMNS FROM `fanwe_news` [ RunTime:0.003818s ]
SQL: SELECT COUNT(*) AS tp_count FROM `fanwe_news` WHERE ( `enable` = 1 ) LIMIT 1   [ RunTime:0.001531s ]
SQL: SELECT COUNT(*) AS tp_count FROM `fanwe_news` WHERE ( `enable` = 1 ) LIMIT 1   [ RunTime:0.001038s ]
SQL: SELECT * FROM `fanwe_news` ORDER BY addtime desc,rec desc LIMIT 0,10   [ RunTime:0.006515s ]
INFO: [ view_parse ] --START--
SQL: SHOW COLUMNS FROM `fanwe_conf` [ RunTime:0.023239s ]
SQL: SELECT `value` FROM `fanwe_conf` WHERE ( `name` = 'SEO_TITLE' ) LIMIT 1   [ RunTime:0.002235s ]
NOTIC: [8] Undefined index: uid /webHome/LFWZ000390/www/zc/Zc/Runtime/Cache/93be05964b36457006025cdbe2606e6a.php 第 107 行.
INFO: ParseTemplate Behavior ::run [ RunTime:0.053078s ]
INFO: [ view_parse ] --END-- [ RunTime:0.053229s ]
INFO: [ view_filter ] --START--
INFO: ContentReplace Behavior ::run [ RunTime:0.000861s ]
INFO: TokenBuild Behavior ::run [ RunTime:0.000471s ]
INFO: WriteHtmlCache Behavior ::run [ RunTime:0.000545s ]
INFO: ShowRuntime Behavior ::run [ RunTime:0.000560s ]
INFO: [ view_filter ] --END-- [ RunTime:0.002742s ]
INFO: [ view_end ] --START--
INFO: ShowPageTrace Behavior ::run [ RunTime:0.000533s ]
INFO: [ view_end ] --END-- [ RunTime:0.000679s ]

[ 2015-11-10T11:09:13+08:00 ] 136.243.75.162 /zc/index.php?m=User&a=register
INFO: [ app_begin ] --START--
INFO: ReadHtmlCache Behavior ::run [ RunTime:0.000449s ]
INFO: [ app_begin ] --END-- [ RunTime:0.000583s ]
SQL: SHOW COLUMNS FROM `fanwe_nav` [ RunTime:0.002123s ]
SQL: SELECT * FROM `fanwe_nav` ORDER BY sort  [ RunTime:0.001346s ]
SQL: SHOW COLUMNS FROM `fanwe_deal_cate` [ RunTime:0.001585s ]
SQL: SELECT * FROM `fanwe_deal_cate` ORDER BY id  [ RunTime:0.001203s ]
SQL: SHOW COLUMNS FROM `fanwe_deal_keyword` [ RunTime:0.001423s ]
SQL: SELECT * FROM `fanwe_deal_keyword` LIMIT 1   [ RunTime:0.001109s ]
INFO: [ view_parse ] --START--
NOTIC: [8] Undefined index: uid /webHome/LFWZ000390/www/zc/Zc/Runtime/Cache/5ca447943347623fc7c870efb9c9908d.php 第 80 行.
INFO: ParseTemplate Behavior ::run [ RunTime:0.021538s ]
INFO: [ view_parse ] --END-- [ RunTime:0.021723s ]
INFO: [ view_filter ] --START--
INFO: ContentReplace Behavior ::run [ RunTime:0.000598s ]
INFO: TokenBuild Behavior ::run [ RunTime:0.000573s ]
INFO: WriteHtmlCache Behavior ::run [ RunTime:0.000413s ]
INFO: ShowRuntime Behavior ::run [ RunTime:0.000538s ]
INFO: [ view_filter ] --END-- [ RunTime:0.002417s ]
INFO: [ view_end ] --START--
INFO: ShowPageTrace Behavior ::run [ RunTime:0.000473s ]
INFO: [ view_end ] --END-- [ RunTime:0.000563s ]

[ 2015-11-10T19:01:00+08:00 ] 42.156.139.94 /zc/
INFO: [ app_begin ] --START--
INFO: ReadHtmlCache Behavior ::run [ RunTime:0.000547s ]
INFO: [ app_begin ] --END-- [ RunTime:0.000686s ]
SQL: SHOW COLUMNS FROM `fanwe_nav` [ RunTime:0.001676s ]
SQL: SELECT * FROM `fanwe_nav` ORDER BY sort  [ RunTime:0.001268s ]
SQL: SHOW COLUMNS FROM `fanwe_deal_cate` [ RunTime:0.001794s ]
SQL: SELECT * FROM `fanwe_deal_cate` ORDER BY id  [ RunTime:0.000656s ]
SQL: SHOW COLUMNS FROM `fanwe_deal_keyword` [ RunTime:0.001373s ]
SQL: SELECT * FROM `fanwe_deal_keyword` LIMIT 1   [ RunTime:0.000568s ]
SQL: SHOW COLUMNS FROM `fanwe_showindex` [ RunTime:0.001816s ]
SQL: SELECT * FROM `fanwe_showindex`  [ RunTime:0.000908s ]
SQL: SHOW COLUMNS FROM `fanwe_news` [ RunTime:0.002186s ]
SQL: SELECT * FROM `fanwe_news` ORDER BY addtime desc,rec desc LIMIT 0,5   [ RunTime:0.003781s ]
SQL: SHOW COLUMNS FROM `fanwe_company` [ RunTime:0.001254s ]
ERR: 1146:Table 'my1006252.fanwe_company' doesn't exist
 [ SQL语句 ] : SHOW COLUMNS FROM `fanwe_company`
SQL: SELECT * FROM `fanwe_company` LIMIT 1   [ RunTime:0.000787s ]
ERR: 1146:Table 'my1006252.fanwe_company' doesn't exist
 [ SQL语句 ] : SELECT * FROM `fanwe_company` LIMIT 1  
INFO: [ view_parse ] --START--
INFO: ParseTemplate Behavior ::run [ RunTime:0.015966s ]
INFO: [ view_parse ] --END-- [ RunTime:0.016134s ]
INFO: [ view_filter ] --START--
INFO: ContentReplace Behavior ::run [ RunTime:0.000630s ]
INFO: TokenBuild Behavior ::run [ RunTime:0.000459s ]
INFO: WriteHtmlCache Behavior ::run [ RunTime:0.000427s ]
INFO: ShowRuntime Behavior ::run [ RunTime:0.000480s ]
INFO: [ view_filter ] --END-- [ RunTime:0.002463s ]
INFO: [ view_end ] --START--
INFO: ShowPageTrace Behavior ::run [ RunTime:0.000469s ]
INFO: [ view_end ] --END-- [ RunTime:0.000580s ]

[ 2015-11-10T19:01:47+08:00 ] 42.156.139.94 /zc/index.php?a=html&id=9&m=News
INFO: [ app_begin ] --START--
INFO: ReadHtmlCache Behavior ::run [ RunTime:0.000522s ]
INFO: [ app_begin ] --END-- [ RunTime:0.000647s ]
SQL: SHOW COLUMNS FROM `fanwe_nav` [ RunTime:0.002035s ]
SQL: SELECT * FROM `fanwe_nav` ORDER BY sort  [ RunTime:0.000665s ]
SQL: SHOW COLUMNS FROM `fanwe_deal_cate` [ RunTime:0.001418s ]
SQL: SELECT * FROM `fanwe_deal_cate` ORDER BY id  [ RunTime:0.000753s ]
SQL: SHOW COLUMNS FROM `fanwe_deal_keyword` [ RunTime:0.001554s ]
SQL: SELECT * FROM `fanwe_deal_keyword` LIMIT 1   [ RunTime:0.000614s ]
SQL: SHOW COLUMNS FROM `fanwe_news` [ RunTime:0.001867s ]
SQL: SELECT * FROM `fanwe_news` WHERE ( `id` = 9 ) LIMIT 1   [ RunTime:0.001319s ]
INFO: [ view_parse ] --START--
NOTIC: [8] Undefined index: uid /webHome/LFWZ000390/www/zc/Zc/Runtime/Cache/012cdf2fa3ba4152d6d6173485c32ca8.php 第 98 行.
NOTIC: [8] Use of undefined constant id - assumed 'id' /webHome/LFWZ000390/www/zc/Zc/Runtime/Cache/012cdf2fa3ba4152d6d6173485c32ca8.php 第 142 行.
SQL: SELECT * FROM `fanwe_news` WHERE ( `id` < '9' ) LIMIT 1   [ RunTime:0.000763s ]
SQL: SELECT * FROM `fanwe_news` WHERE ( `id` > '9' ) LIMIT 1   [ RunTime:0.001068s ]
INFO: ParseTemplate Behavior ::run [ RunTime:0.021851s ]
INFO: [ view_parse ] --END-- [ RunTime:0.021992s ]
INFO: [ view_filter ] --START--
INFO: ContentReplace Behavior ::run [ RunTime:0.000739s ]
INFO: TokenBuild Behavior ::run [ RunTime:0.000485s ]
INFO: WriteHtmlCache Behavior ::run [ RunTime:0.000413s ]
INFO: ShowRuntime Behavior ::run [ RunTime:0.000559s ]
INFO: [ view_filter ] --END-- [ RunTime:0.002543s ]
INFO: [ view_end ] --START--
INFO: ShowPageTrace Behavior ::run [ RunTime:0.000497s ]
INFO: [ view_end ] --END-- [ RunTime:0.000590s ]

[ 2015-11-10T20:07:41+08:00 ] 195.154.187.115 /zc/index.php?m=Deals&a=index&tid=10
INFO: [ app_begin ] --START--
INFO: ReadHtmlCache Behavior ::run [ RunTime:0.000506s ]
INFO: [ app_begin ] --END-- [ RunTime:0.000652s ]
SQL: SHOW COLUMNS FROM `fanwe_nav` [ RunTime:0.001759s ]
SQL: SELECT * FROM `fanwe_nav` ORDER BY sort  [ RunTime:0.000751s ]
SQL: SHOW COLUMNS FROM `fanwe_deal_cate` [ RunTime:0.001405s ]
SQL: SELECT * FROM `fanwe_deal_cate` ORDER BY id  [ RunTime:0.000731s ]
SQL: SHOW COLUMNS FROM `fanwe_deal_keyword` [ RunTime:0.001630s ]
SQL: SELECT * FROM `fanwe_deal_keyword` LIMIT 1   [ RunTime:0.000748s ]
NOTIC: [8] Undefined index: uid /webHome/LFWZ000390/www/zc/Zc/Lib/Action/DealsAction.class.php 第 18 行.

[ 2015-11-10T20:07:46+08:00 ] 195.154.187.115 /zc/index.php?m=User&a=login
INFO: [ app_begin ] --START--
INFO: ReadHtmlCache Behavior ::run [ RunTime:0.000717s ]
INFO: [ app_begin ] --END-- [ RunTime:0.000961s ]
SQL: SHOW COLUMNS FROM `fanwe_nav` [ RunTime:0.003066s ]
SQL: SELECT * FROM `fanwe_nav` ORDER BY sort  [ RunTime:0.000739s ]
SQL: SHOW COLUMNS FROM `fanwe_deal_cate` [ RunTime:0.001717s ]
SQL: SELECT * FROM `fanwe_deal_cate` ORDER BY id  [ RunTime:0.000923s ]
SQL: SHOW COLUMNS FROM `fanwe_deal_keyword` [ RunTime:0.003498s ]
SQL: SELECT * FROM `fanwe_deal_keyword` LIMIT 1   [ RunTime:0.000555s ]
INFO: [ view_parse ] --START--
NOTIC: [8] Undefined index: uid /webHome/LFWZ000390/www/zc/Zc/Runtime/Cache/42b90be8e9c40e58e803cfb6a2f683e9.php 第 76 行.
INFO: ParseTemplate Behavior ::run [ RunTime:0.017798s ]
INFO: [ view_parse ] --END-- [ RunTime:0.017925s ]
INFO: [ view_filter ] --START--
INFO: ContentReplace Behavior ::run [ RunTime:0.000711s ]
INFO: TokenBuild Behavior ::run [ RunTime:0.000476s ]
INFO: WriteHtmlCache Behavior ::run [ RunTime:0.000485s ]
INFO: ShowRuntime Behavior ::run [ RunTime:0.000528s ]
INFO: [ view_filter ] --END-- [ RunTime:0.002584s ]
INFO: [ view_end ] --START--
INFO: ShowPageTrace Behavior ::run [ RunTime:0.000438s ]
INFO: [ view_end ] --END-- [ RunTime:0.000537s ]

[ 2015-11-10T20:07:55+08:00 ] 195.154.187.115 /zc/index.php?m=Deals&a=index&tid=12
INFO: [ app_begin ] --START--
INFO: ReadHtmlCache Behavior ::run [ RunTime:0.000480s ]
INFO: [ app_begin ] --END-- [ RunTime:0.000606s ]
SQL: SHOW COLUMNS FROM `fanwe_nav` [ RunTime:0.002855s ]
SQL: SELECT * FROM `fanwe_nav` ORDER BY sort  [ RunTime:0.000907s ]
SQL: SHOW COLUMNS FROM `fanwe_deal_cate` [ RunTime:0.001541s ]
SQL: SELECT * FROM `fanwe_deal_cate` ORDER BY id  [ RunTime:0.000775s ]
SQL: SHOW COLUMNS FROM `fanwe_deal_keyword` [ RunTime:0.001504s ]
SQL: SELECT * FROM `fanwe_deal_keyword` LIMIT 1   [ RunTime:0.000987s ]
NOTIC: [8] Undefined index: uid /webHome/LFWZ000390/www/zc/Zc/Lib/Action/DealsAction.class.php 第 18 行.

[ 2015-11-10T20:07:57+08:00 ] 195.154.187.115 /zc/index.php?m=User&a=login
INFO: [ app_begin ] --START--
INFO: ReadHtmlCache Behavior ::run [ RunTime:0.000753s ]
INFO: [ app_begin ] --END-- [ RunTime:0.000983s ]
SQL: SHOW COLUMNS FROM `fanwe_nav` [ RunTime:0.002062s ]
SQL: SELECT * FROM `fanwe_nav` ORDER BY sort  [ RunTime:0.001301s ]
SQL: SHOW COLUMNS FROM `fanwe_deal_cate` [ RunTime:0.001515s ]
SQL: SELECT * FROM `fanwe_deal_cate` ORDER BY id  [ RunTime:0.000659s ]
SQL: SHOW COLUMNS FROM `fanwe_deal_keyword` [ RunTime:0.001353s ]
SQL: SELECT * FROM `fanwe_deal_keyword` LIMIT 1   [ RunTime:0.000706s ]
INFO: [ view_parse ] --START--
NOTIC: [8] Undefined index: uid /webHome/LFWZ000390/www/zc/Zc/Runtime/Cache/42b90be8e9c40e58e803cfb6a2f683e9.php 第 76 行.
INFO: ParseTemplate Behavior ::run [ RunTime:0.016468s ]
INFO: [ view_parse ] --END-- [ RunTime:0.017106s ]
INFO: [ view_filter ] --START--
INFO: ContentReplace Behavior ::run [ RunTime:0.000683s ]
INFO: TokenBuild Behavior ::run [ RunTime:0.000529s ]
INFO: WriteHtmlCache Behavior ::run [ RunTime:0.000410s ]
INFO: ShowRuntime Behavior ::run [ RunTime:0.000533s ]
INFO: [ view_filter ] --END-- [ RunTime:0.002526s ]
INFO: [ view_end ] --START--
INFO: ShowPageTrace Behavior ::run [ RunTime:0.000421s ]
INFO: [ view_end ] --END-- [ RunTime:0.000510s ]

[ 2015-11-10T20:08:08+08:00 ] 195.154.187.115 /zc/index.php?m=Deals&a=index&tid=14
INFO: [ app_begin ] --START--
INFO: ReadHtmlCache Behavior ::run [ RunTime:0.000456s ]
INFO: [ app_begin ] --END-- [ RunTime:0.000614s ]
SQL: SHOW COLUMNS FROM `fanwe_nav` [ RunTime:0.002268s ]
SQL: SELECT * FROM `fanwe_nav` ORDER BY sort  [ RunTime:0.000760s ]
SQL: SHOW COLUMNS FROM `fanwe_deal_cate` [ RunTime:0.001726s ]
SQL: SELECT * FROM `fanwe_deal_cate` ORDER BY id  [ RunTime:0.001083s ]
SQL: SHOW COLUMNS FROM `fanwe_deal_keyword` [ RunTime:0.001987s ]
SQL: SELECT * FROM `fanwe_deal_keyword` LIMIT 1   [ RunTime:0.001280s ]
NOTIC: [8] Undefined index: uid /webHome/LFWZ000390/www/zc/Zc/Lib/Action/DealsAction.class.php 第 18 行.

[ 2015-11-10T20:08:11+08:00 ] 195.154.187.115 /zc/index.php?m=User&a=login
INFO: [ app_begin ] --START--
INFO: ReadHtmlCache Behavior ::run [ RunTime:0.000632s ]
INFO: [ app_begin ] --END-- [ RunTime:0.000787s ]
SQL: SHOW COLUMNS FROM `fanwe_nav` [ RunTime:0.002022s ]
SQL: SELECT * FROM `fanwe_nav` ORDER BY sort  [ RunTime:0.000739s ]
SQL: SHOW COLUMNS FROM `fanwe_deal_cate` [ RunTime:0.001558s ]
SQL: SELECT * FROM `fanwe_deal_cate` ORDER BY id  [ RunTime:0.000654s ]
SQL: SHOW COLUMNS FROM `fanwe_deal_keyword` [ RunTime:0.001484s ]
SQL: SELECT * FROM `fanwe_deal_keyword` LIMIT 1   [ RunTime:0.000503s ]
INFO: [ view_parse ] --START--
NOTIC: [8] Undefined index: uid /webHome/LFWZ000390/www/zc/Zc/Runtime/Cache/42b90be8e9c40e58e803cfb6a2f683e9.php 第 76 行.
INFO: ParseTemplate Behavior ::run [ RunTime:0.014850s ]
INFO: [ view_parse ] --END-- [ RunTime:0.014977s ]
INFO: [ view_filter ] --START--
INFO: ContentReplace Behavior ::run [ RunTime:0.000596s ]
INFO: TokenBuild Behavior ::run [ RunTime:0.000434s ]
INFO: WriteHtmlCache Behavior ::run [ RunTime:0.000456s ]
INFO: ShowRuntime Behavior ::run [ RunTime:0.000556s ]
INFO: [ view_filter ] --END-- [ RunTime:0.002343s ]
INFO: [ view_end ] --START--
INFO: ShowPageTrace Behavior ::run [ RunTime:0.000486s ]
INFO: [ view_end ] --END-- [ RunTime:0.000584s ]

[ 2015-11-10T20:08:13+08:00 ] 195.154.187.115 /zc/index.php?m=Deals&a=index&tid=4
INFO: [ app_begin ] --START--
INFO: ReadHtmlCache Behavior ::run [ RunTime:0.000536s ]
INFO: [ app_begin ] --END-- [ RunTime:0.000695s ]
SQL: SHOW COLUMNS FROM `fanwe_nav` [ RunTime:0.002490s ]
SQL: SELECT * FROM `fanwe_nav` ORDER BY sort  [ RunTime:0.000841s ]
SQL: SHOW COLUMNS FROM `fanwe_deal_cate` [ RunTime:0.001395s ]
SQL: SELECT * FROM `fanwe_deal_cate` ORDER BY id  [ RunTime:0.000657s ]
SQL: SHOW COLUMNS FROM `fanwe_deal_keyword` [ RunTime:0.001245s ]
SQL: SELECT * FROM `fanwe_deal_keyword` LIMIT 1   [ RunTime:0.000540s ]
NOTIC: [8] Undefined index: uid /webHome/LFWZ000390/www/zc/Zc/Lib/Action/DealsAction.class.php 第 18 行.

[ 2015-11-10T20:08:16+08:00 ] 195.154.187.115 /zc/index.php?m=User&a=login
INFO: [ app_begin ] --START--
INFO: ReadHtmlCache Behavior ::run [ RunTime:0.000550s ]
INFO: [ app_begin ] --END-- [ RunTime:0.003992s ]
SQL: SHOW COLUMNS FROM `fanwe_nav` [ RunTime:0.001728s ]
SQL: SELECT * FROM `fanwe_nav` ORDER BY sort  [ RunTime:0.000942s ]
SQL: SHOW COLUMNS FROM `fanwe_deal_cate` [ RunTime:0.001481s ]
SQL: SELECT * FROM `fanwe_deal_cate` ORDER BY id  [ RunTime:0.000834s ]
SQL: SHOW COLUMNS FROM `fanwe_deal_keyword` [ RunTime:0.001491s ]
SQL: SELECT * FROM `fanwe_deal_keyword` LIMIT 1   [ RunTime:0.000827s ]
INFO: [ view_parse ] --START--
NOTIC: [8] Undefined index: uid /webHome/LFWZ000390/www/zc/Zc/Runtime/Cache/42b90be8e9c40e58e803cfb6a2f683e9.php 第 76 行.
INFO: ParseTemplate Behavior ::run [ RunTime:0.015951s ]
INFO: [ view_parse ] --END-- [ RunTime:0.016067s ]
INFO: [ view_filter ] --START--
INFO: ContentReplace Behavior ::run [ RunTime:0.000632s ]
INFO: TokenBuild Behavior ::run [ RunTime:0.000519s ]
INFO: WriteHtmlCache Behavior ::run [ RunTime:0.000486s ]
INFO: ShowRuntime Behavior ::run [ RunTime:0.000647s ]
INFO: [ view_filter ] --END-- [ RunTime:0.002629s ]
INFO: [ view_end ] --START--
INFO: ShowPageTrace Behavior ::run [ RunTime:0.000457s ]
INFO: [ view_end ] --END-- [ RunTime:0.000563s ]

[ 2015-11-10T21:45:12+08:00 ] 24.220.5.234 /zc/index.php?m=Deals&a=rec
INFO: [ app_begin ] --START--
INFO: ReadHtmlCache Behavior ::run [ RunTime:0.000439s ]
INFO: [ app_begin ] --END-- [ RunTime:0.000568s ]
SQL: SHOW COLUMNS FROM `fanwe_nav` [ RunTime:0.002175s ]
SQL: SELECT * FROM `fanwe_nav` ORDER BY sort  [ RunTime:0.000769s ]
SQL: SHOW COLUMNS FROM `fanwe_deal_cate` [ RunTime:0.001685s ]
SQL: SELECT * FROM `fanwe_deal_cate` ORDER BY id  [ RunTime:0.001114s ]
SQL: SHOW COLUMNS FROM `fanwe_deal_keyword` [ RunTime:0.001625s ]
SQL: SELECT * FROM `fanwe_deal_keyword` LIMIT 1   [ RunTime:0.000654s ]
NOTIC: [8] Undefined index: uid /webHome/LFWZ000390/www/zc/Zc/Lib/Action/DealsAction.class.php 第 61 行.

[ 2015-11-10T21:45:23+08:00 ] 24.220.5.234 /zc/index.php?m=User&a=login
INFO: [ app_begin ] --START--
INFO: ReadHtmlCache Behavior ::run [ RunTime:0.000467s ]
INFO: [ app_begin ] --END-- [ RunTime:0.000594s ]
SQL: SHOW COLUMNS FROM `fanwe_nav` [ RunTime:0.002127s ]
SQL: SELECT * FROM `fanwe_nav` ORDER BY sort  [ RunTime:0.001578s ]
SQL: SHOW COLUMNS FROM `fanwe_deal_cate` [ RunTime:0.001954s ]
SQL: SELECT * FROM `fanwe_deal_cate` ORDER BY id  [ RunTime:0.000796s ]
SQL: SHOW COLUMNS FROM `fanwe_deal_keyword` [ RunTime:0.001592s ]
SQL: SELECT * FROM `fanwe_deal_keyword` LIMIT 1   [ RunTime:0.001614s ]
INFO: [ view_parse ] --START--
NOTIC: [8] Undefined index: uid /webHome/LFWZ000390/www/zc/Zc/Runtime/Cache/42b90be8e9c40e58e803cfb6a2f683e9.php 第 76 行.
INFO: ParseTemplate Behavior ::run [ RunTime:0.016642s ]
INFO: [ view_parse ] --END-- [ RunTime:0.016985s ]
INFO: [ view_filter ] --START--
INFO: ContentReplace Behavior ::run [ RunTime:0.000508s ]
INFO: TokenBuild Behavior ::run [ RunTime:0.000505s ]
INFO: WriteHtmlCache Behavior ::run [ RunTime:0.000358s ]
INFO: ShowRuntime Behavior ::run [ RunTime:0.000615s ]
INFO: [ view_filter ] --END-- [ RunTime:0.002264s ]
INFO: [ view_end ] --START--
INFO: ShowPageTrace Behavior ::run [ RunTime:0.000484s ]
INFO: [ view_end ] --END-- [ RunTime:0.000638s ]

[ 2015-11-10T21:45:25+08:00 ] 24.220.5.234 /zc/index.php?m=Index&a=index
INFO: [ app_begin ] --START--
INFO: ReadHtmlCache Behavior ::run [ RunTime:0.000506s ]
INFO: [ app_begin ] --END-- [ RunTime:0.000636s ]
SQL: SHOW COLUMNS FROM `fanwe_nav` [ RunTime:0.002486s ]
SQL: SELECT * FROM `fanwe_nav` ORDER BY sort  [ RunTime:0.000611s ]
SQL: SHOW COLUMNS FROM `fanwe_deal_cate` [ RunTime:0.001516s ]
SQL: SELECT * FROM `fanwe_deal_cate` ORDER BY id  [ RunTime:0.000816s ]
SQL: SHOW COLUMNS FROM `fanwe_deal_keyword` [ RunTime:0.001288s ]
SQL: SELECT * FROM `fanwe_deal_keyword` LIMIT 1   [ RunTime:0.000623s ]
SQL: SHOW COLUMNS FROM `fanwe_showindex` [ RunTime:0.001530s ]
SQL: SELECT * FROM `fanwe_showindex`  [ RunTime:0.001015s ]
SQL: SHOW COLUMNS FROM `fanwe_news` [ RunTime:0.001641s ]
SQL: SELECT * FROM `fanwe_news` ORDER BY addtime desc,rec desc LIMIT 0,5   [ RunTime:0.003509s ]
SQL: SHOW COLUMNS FROM `fanwe_company` [ RunTime:0.001157s ]
ERR: 1146:Table 'my1006252.fanwe_company' doesn't exist
 [ SQL语句 ] : SHOW COLUMNS FROM `fanwe_company`
SQL: SELECT * FROM `fanwe_company` LIMIT 1   [ RunTime:0.000666s ]
ERR: 1146:Table 'my1006252.fanwe_company' doesn't exist
 [ SQL语句 ] : SELECT * FROM `fanwe_company` LIMIT 1  
INFO: [ view_parse ] --START--
INFO: ParseTemplate Behavior ::run [ RunTime:0.012797s ]
INFO: [ view_parse ] --END-- [ RunTime:0.012914s ]
INFO: [ view_filter ] --START--
INFO: ContentReplace Behavior ::run [ RunTime:0.000553s ]
INFO: TokenBuild Behavior ::run [ RunTime:0.000420s ]
INFO: WriteHtmlCache Behavior ::run [ RunTime:0.000423s ]
INFO: ShowRuntime Behavior ::run [ RunTime:0.000439s ]
INFO: [ view_filter ] --END-- [ RunTime:0.002195s ]
INFO: [ view_end ] --START--
INFO: ShowPageTrace Behavior ::run [ RunTime:0.000440s ]
INFO: [ view_end ] --END-- [ RunTime:0.000532s ]

[ 2015-11-10T21:45:29+08:00 ] 24.220.5.234 /zc/index.php?m=News&a=index
INFO: [ app_begin ] --START--
INFO: ReadHtmlCache Behavior ::run [ RunTime:0.000485s ]
INFO: [ app_begin ] --END-- [ RunTime:0.000617s ]
SQL: SHOW COLUMNS FROM `fanwe_nav` [ RunTime:0.001908s ]
SQL: SELECT * FROM `fanwe_nav` ORDER BY sort  [ RunTime:0.000761s ]
SQL: SHOW COLUMNS FROM `fanwe_deal_cate` [ RunTime:0.001546s ]
SQL: SELECT * FROM `fanwe_deal_cate` ORDER BY id  [ RunTime:0.000972s ]
SQL: SHOW COLUMNS FROM `fanwe_deal_keyword` [ RunTime:0.001599s ]
SQL: SELECT * FROM `fanwe_deal_keyword` LIMIT 1   [ RunTime:0.000618s ]
SQL: SHOW COLUMNS FROM `fanwe_news` [ RunTime:0.001677s ]
SQL: SELECT COUNT(*) AS tp_count FROM `fanwe_news` WHERE ( `enable` = 1 ) LIMIT 1   [ RunTime:0.000843s ]
SQL: SELECT COUNT(*) AS tp_count FROM `fanwe_news` WHERE ( `enable` = 1 ) LIMIT 1   [ RunTime:0.001142s ]
SQL: SELECT * FROM `fanwe_news` ORDER BY addtime desc,rec desc LIMIT 0,10   [ RunTime:0.004954s ]
INFO: [ view_parse ] --START--
SQL: SHOW COLUMNS FROM `fanwe_conf` [ RunTime:0.003002s ]
SQL: SELECT `value` FROM `fanwe_conf` WHERE ( `name` = 'SEO_TITLE' ) LIMIT 1   [ RunTime:0.001332s ]
NOTIC: [8] Undefined index: uid /webHome/LFWZ000390/www/zc/Zc/Runtime/Cache/93be05964b36457006025cdbe2606e6a.php 第 107 行.
INFO: ParseTemplate Behavior ::run [ RunTime:0.027171s ]
INFO: [ view_parse ] --END-- [ RunTime:0.027304s ]
INFO: [ view_filter ] --START--
INFO: ContentReplace Behavior ::run [ RunTime:0.000758s ]
INFO: TokenBuild Behavior ::run [ RunTime:0.000455s ]
INFO: WriteHtmlCache Behavior ::run [ RunTime:0.000408s ]
INFO: ShowRuntime Behavior ::run [ RunTime:0.000475s ]
INFO: [ view_filter ] --END-- [ RunTime:0.002444s ]
INFO: [ view_end ] --START--
INFO: ShowPageTrace Behavior ::run [ RunTime:0.000477s ]
INFO: [ view_end ] --END-- [ RunTime:0.000570s ]

[ 2015-11-10T21:45:32+08:00 ] 24.220.5.234 /zc/index.php?m=User&a=login
INFO: [ app_begin ] --START--
INFO: ReadHtmlCache Behavior ::run [ RunTime:0.000413s ]
INFO: [ app_begin ] --END-- [ RunTime:0.000546s ]
SQL: SHOW COLUMNS FROM `fanwe_nav` [ RunTime:0.001686s ]
SQL: SELECT * FROM `fanwe_nav` ORDER BY sort  [ RunTime:0.000741s ]
SQL: SHOW COLUMNS FROM `fanwe_deal_cate` [ RunTime:0.001294s ]
SQL: SELECT * FROM `fanwe_deal_cate` ORDER BY id  [ RunTime:0.000661s ]
SQL: SHOW COLUMNS FROM `fanwe_deal_keyword` [ RunTime:0.001403s ]
SQL: SELECT * FROM `fanwe_deal_keyword` LIMIT 1   [ RunTime:0.000744s ]
INFO: [ view_parse ] --START--
NOTIC: [8] Undefined index: uid /webHome/LFWZ000390/www/zc/Zc/Runtime/Cache/42b90be8e9c40e58e803cfb6a2f683e9.php 第 76 行.
INFO: ParseTemplate Behavior ::run [ RunTime:0.014848s ]
INFO: [ view_parse ] --END-- [ RunTime:0.014997s ]
INFO: [ view_filter ] --START--
INFO: ContentReplace Behavior ::run [ RunTime:0.000536s ]
INFO: TokenBuild Behavior ::run [ RunTime:0.000448s ]
INFO: WriteHtmlCache Behavior ::run [ RunTime:0.000384s ]
INFO: ShowRuntime Behavior ::run [ RunTime:0.000498s ]
INFO: [ view_filter ] --END-- [ RunTime:0.002313s ]
INFO: [ view_end ] --START--
INFO: ShowPageTrace Behavior ::run [ RunTime:0.000922s ]
INFO: [ view_end ] --END-- [ RunTime:0.001044s ]

[ 2015-11-10T22:15:51+08:00 ] 144.76.29.162 /zc/index.php?m=Deals&a=index&tid=12
INFO: [ app_begin ] --START--
INFO: ReadHtmlCache Behavior ::run [ RunTime:0.000418s ]
INFO: [ app_begin ] --END-- [ RunTime:0.000548s ]
SQL: SHOW COLUMNS FROM `fanwe_nav` [ RunTime:0.002255s ]
SQL: SELECT * FROM `fanwe_nav` ORDER BY sort  [ RunTime:0.001580s ]
SQL: SHOW COLUMNS FROM `fanwe_deal_cate` [ RunTime:0.001855s ]
SQL: SELECT * FROM `fanwe_deal_cate` ORDER BY id  [ RunTime:0.001281s ]
SQL: SHOW COLUMNS FROM `fanwe_deal_keyword` [ RunTime:0.001993s ]
SQL: SELECT * FROM `fanwe_deal_keyword` LIMIT 1   [ RunTime:0.000887s ]
NOTIC: [8] Undefined index: uid /webHome/LFWZ000390/www/zc/Zc/Lib/Action/DealsAction.class.php 第 18 行.

[ 2015-11-10T22:15:54+08:00 ] 144.76.29.162 /zc/index.php?m=User&a=login
INFO: [ app_begin ] --START--
INFO: ReadHtmlCache Behavior ::run [ RunTime:0.000481s ]
INFO: [ app_begin ] --END-- [ RunTime:0.000644s ]
SQL: SHOW COLUMNS FROM `fanwe_nav` [ RunTime:0.002932s ]
SQL: SELECT * FROM `fanwe_nav` ORDER BY sort  [ RunTime:0.001067s ]
SQL: SHOW COLUMNS FROM `fanwe_deal_cate` [ RunTime:0.002152s ]
SQL: SELECT * FROM `fanwe_deal_cate` ORDER BY id  [ RunTime:0.000893s ]
SQL: SHOW COLUMNS FROM `fanwe_deal_keyword` [ RunTime:0.001677s ]
SQL: SELECT * FROM `fanwe_deal_keyword` LIMIT 1   [ RunTime:0.001072s ]
INFO: [ view_parse ] --START--
NOTIC: [8] Undefined index: uid /webHome/LFWZ000390/www/zc/Zc/Runtime/Cache/42b90be8e9c40e58e803cfb6a2f683e9.php 第 76 行.
INFO: ParseTemplate Behavior ::run [ RunTime:0.017691s ]
INFO: [ view_parse ] --END-- [ RunTime:0.017810s ]
INFO: [ view_filter ] --START--
INFO: ContentReplace Behavior ::run [ RunTime:0.000882s ]
INFO: TokenBuild Behavior ::run [ RunTime:0.000843s ]
INFO: WriteHtmlCache Behavior ::run [ RunTime:0.000482s ]
INFO: ShowRuntime Behavior ::run [ RunTime:0.000732s ]
INFO: [ view_filter ] --END-- [ RunTime:0.003354s ]
INFO: [ view_end ] --START--
INFO: ShowPageTrace Behavior ::run [ RunTime:0.000405s ]
INFO: [ view_end ] --END-- [ RunTime:0.000529s ]

[ 2015-11-10T22:15:58+08:00 ] 144.76.29.162 /zc/index.php?m=Deals&a=index&tid=14
INFO: [ app_begin ] --START--
INFO: ReadHtmlCache Behavior ::run [ RunTime:0.000534s ]
INFO: [ app_begin ] --END-- [ RunTime:0.000664s ]
SQL: SHOW COLUMNS FROM `fanwe_nav` [ RunTime:0.001813s ]
SQL: SELECT * FROM `fanwe_nav` ORDER BY sort  [ RunTime:0.000822s ]
SQL: SHOW COLUMNS FROM `fanwe_deal_cate` [ RunTime:0.001586s ]
SQL: SELECT * FROM `fanwe_deal_cate` ORDER BY id  [ RunTime:0.000758s ]
SQL: SHOW COLUMNS FROM `fanwe_deal_keyword` [ RunTime:0.001350s ]
SQL: SELECT * FROM `fanwe_deal_keyword` LIMIT 1   [ RunTime:0.000925s ]
NOTIC: [8] Undefined index: uid /webHome/LFWZ000390/www/zc/Zc/Lib/Action/DealsAction.class.php 第 18 行.

[ 2015-11-10T22:16:00+08:00 ] 144.76.29.162 /zc/index.php?m=User&a=login
INFO: [ app_begin ] --START--
INFO: ReadHtmlCache Behavior ::run [ RunTime:0.000447s ]
INFO: [ app_begin ] --END-- [ RunTime:0.000577s ]
SQL: SHOW COLUMNS FROM `fanwe_nav` [ RunTime:0.002378s ]
SQL: SELECT * FROM `fanwe_nav` ORDER BY sort  [ RunTime:0.001356s ]
SQL: SHOW COLUMNS FROM `fanwe_deal_cate` [ RunTime:0.001522s ]
SQL: SELECT * FROM `fanwe_deal_cate` ORDER BY id  [ RunTime:0.000729s ]
SQL: SHOW COLUMNS FROM `fanwe_deal_keyword` [ RunTime:0.002459s ]
SQL: SELECT * FROM `fanwe_deal_keyword` LIMIT 1   [ RunTime:0.000849s ]
INFO: [ view_parse ] --START--
NOTIC: [8] Undefined index: uid /webHome/LFWZ000390/www/zc/Zc/Runtime/Cache/42b90be8e9c40e58e803cfb6a2f683e9.php 第 76 行.
INFO: ParseTemplate Behavior ::run [ RunTime:0.019034s ]
INFO: [ view_parse ] --END-- [ RunTime:0.019265s ]
INFO: [ view_filter ] --START--
INFO: ContentReplace Behavior ::run [ RunTime:0.000531s ]
INFO: TokenBuild Behavior ::run [ RunTime:0.000562s ]
INFO: WriteHtmlCache Behavior ::run [ RunTime:0.000374s ]
INFO: ShowRuntime Behavior ::run [ RunTime:0.000597s ]
INFO: [ view_filter ] --END-- [ RunTime:0.002363s ]
INFO: [ view_end ] --START--
INFO: ShowPageTrace Behavior ::run [ RunTime:0.000446s ]
INFO: [ view_end ] --END-- [ RunTime:0.000565s ]

[ 2015-11-10T22:16:03+08:00 ] 144.76.29.162 /zc/index.php?m=Deals&a=index&tid=4
INFO: [ app_begin ] --START--
INFO: ReadHtmlCache Behavior ::run [ RunTime:0.001185s ]
INFO: [ app_begin ] --END-- [ RunTime:0.001384s ]
SQL: SHOW COLUMNS FROM `fanwe_nav` [ RunTime:0.001694s ]
SQL: SELECT * FROM `fanwe_nav` ORDER BY sort  [ RunTime:0.001126s ]
SQL: SHOW COLUMNS FROM `fanwe_deal_cate` [ RunTime:0.001613s ]
SQL: SELECT * FROM `fanwe_deal_cate` ORDER BY id  [ RunTime:0.001737s ]
SQL: SHOW COLUMNS FROM `fanwe_deal_keyword` [ RunTime:0.001608s ]
SQL: SELECT * FROM `fanwe_deal_keyword` LIMIT 1   [ RunTime:0.000581s ]
NOTIC: [8] Undefined index: uid /webHome/LFWZ000390/www/zc/Zc/Lib/Action/DealsAction.class.php 第 18 行.

[ 2015-11-10T22:16:05+08:00 ] 144.76.29.162 /zc/index.php?m=User&a=login
INFO: [ app_begin ] --START--
INFO: ReadHtmlCache Behavior ::run [ RunTime:0.000458s ]
INFO: [ app_begin ] --END-- [ RunTime:0.000705s ]
SQL: SHOW COLUMNS FROM `fanwe_nav` [ RunTime:0.002376s ]
SQL: SELECT * FROM `fanwe_nav` ORDER BY sort  [ RunTime:0.000717s ]
SQL: SHOW COLUMNS FROM `fanwe_deal_cate` [ RunTime:0.001501s ]
SQL: SELECT * FROM `fanwe_deal_cate` ORDER BY id  [ RunTime:0.000668s ]
SQL: SHOW COLUMNS FROM `fanwe_deal_keyword` [ RunTime:0.001519s ]
SQL: SELECT * FROM `fanwe_deal_keyword` LIMIT 1   [ RunTime:0.000571s ]
INFO: [ view_parse ] --START--
NOTIC: [8] Undefined index: uid /webHome/LFWZ000390/www/zc/Zc/Runtime/Cache/42b90be8e9c40e58e803cfb6a2f683e9.php 第 76 行.
INFO: ParseTemplate Behavior ::run [ RunTime:0.015188s ]
INFO: [ view_parse ] --END-- [ RunTime:0.015314s ]
INFO: [ view_filter ] --START--
INFO: ContentReplace Behavior ::run [ RunTime:0.000578s ]
INFO: TokenBuild Behavior ::run [ RunTime:0.000418s ]
INFO: WriteHtmlCache Behavior ::run [ RunTime:0.000366s ]
INFO: ShowRuntime Behavior ::run [ RunTime:0.000634s ]
INFO: [ view_filter ] --END-- [ RunTime:0.002403s ]
INFO: [ view_end ] --START--
INFO: ShowPageTrace Behavior ::run [ RunTime:0.000444s ]
INFO: [ view_end ] --END-- [ RunTime:0.000535s ]

[ 2015-11-10T22:16:08+08:00 ] 144.76.29.162 /zc/index.php?m=Deals&a=index&tid=5
INFO: [ app_begin ] --START--
INFO: ReadHtmlCache Behavior ::run [ RunTime:0.000522s ]
INFO: [ app_begin ] --END-- [ RunTime:0.000673s ]
SQL: SHOW COLUMNS FROM `fanwe_nav` [ RunTime:0.001975s ]
SQL: SELECT * FROM `fanwe_nav` ORDER BY sort  [ RunTime:0.001160s ]
SQL: SHOW COLUMNS FROM `fanwe_deal_cate` [ RunTime:0.001191s ]
SQL: SELECT * FROM `fanwe_deal_cate` ORDER BY id  [ RunTime:0.001162s ]
SQL: SHOW COLUMNS FROM `fanwe_deal_keyword` [ RunTime:0.001922s ]
SQL: SELECT * FROM `fanwe_deal_keyword` LIMIT 1   [ RunTime:0.001378s ]
NOTIC: [8] Undefined index: uid /webHome/LFWZ000390/www/zc/Zc/Lib/Action/DealsAction.class.php 第 18 行.

[ 2015-11-10T22:16:10+08:00 ] 144.76.29.162 /zc/index.php?m=User&a=login
INFO: [ app_begin ] --START--
INFO: ReadHtmlCache Behavior ::run [ RunTime:0.000447s ]
INFO: [ app_begin ] --END-- [ RunTime:0.000620s ]
SQL: SHOW COLUMNS FROM `fanwe_nav` [ RunTime:0.002527s ]
SQL: SELECT * FROM `fanwe_nav` ORDER BY sort  [ RunTime:0.001511s ]
SQL: SHOW COLUMNS FROM `fanwe_deal_cate` [ RunTime:0.002347s ]
SQL: SELECT * FROM `fanwe_deal_cate` ORDER BY id  [ RunTime:0.001302s ]
SQL: SHOW COLUMNS FROM `fanwe_deal_keyword` [ RunTime:0.003579s ]
SQL: SELECT * FROM `fanwe_deal_keyword` LIMIT 1   [ RunTime:0.001222s ]
INFO: [ view_parse ] --START--
NOTIC: [8] Undefined index: uid /webHome/LFWZ000390/www/zc/Zc/Runtime/Cache/42b90be8e9c40e58e803cfb6a2f683e9.php 第 76 行.
INFO: ParseTemplate Behavior ::run [ RunTime:0.020777s ]
INFO: [ view_parse ] --END-- [ RunTime:0.021038s ]
INFO: [ view_filter ] --START--
INFO: ContentReplace Behavior ::run [ RunTime:0.000995s ]
INFO: TokenBuild Behavior ::run [ RunTime:0.001083s ]
INFO: WriteHtmlCache Behavior ::run [ RunTime:0.000890s ]
INFO: ShowRuntime Behavior ::run [ RunTime:0.000893s ]
INFO: [ view_filter ] --END-- [ RunTime:0.004348s ]
INFO: [ view_end ] --START--
INFO: ShowPageTrace Behavior ::run [ RunTime:0.000759s ]
INFO: [ view_end ] --END-- [ RunTime:0.001011s ]

[ 2015-11-10T22:22:08+08:00 ] 144.76.44.138 /zc/index.php?m=news&a=html&id=5
INFO: [ app_begin ] --START--
INFO: ReadHtmlCache Behavior ::run [ RunTime:0.000502s ]
INFO: [ app_begin ] --END-- [ RunTime:0.000632s ]
ERR: 无法加载模块:news

