[ 2016-02-07T01:28:11+08:00 ] 68.180.228.172 /zc/index.php?m=Deal&a=show&id=72
INFO: [ app_begin ] --START--
INFO: ReadHtmlCache Behavior ::run [ RunTime:0.000397s ]
INFO: [ app_begin ] --END-- [ RunTime:0.000501s ]
NOTIC: [2048] Declaration of DealAction::show() should be compatible with that of Action::show() /webHome/LFWZ000390/www/zc/Zc/Lib/Action/DealAction.class.php 第 13 行.
SQL: SHOW COLUMNS FROM `fanwe_nav` [ RunTime:0.001847s ]
SQL: SELECT * FROM `fanwe_nav` ORDER BY sort  [ RunTime:0.012115s ]
SQL: SHOW COLUMNS FROM `fanwe_deal_cate` [ RunTime:0.001163s ]
SQL: SELECT * FROM `fanwe_deal_cate` ORDER BY id  [ RunTime:0.007884s ]
SQL: SHOW COLUMNS FROM `fanwe_deal_keyword` [ RunTime:0.001402s ]
SQL: SELECT * FROM `fanwe_deal_keyword` LIMIT 1   [ RunTime:0.009847s ]
NOTIC: [8] Undefined index: uid /webHome/LFWZ000390/www/zc/Zc/Lib/Action/DealAction.class.php 第 18 行.

[ 2016-02-07T01:28:19+08:00 ] 68.180.228.172 /zc/index.php?m=User&a=login
INFO: [ app_begin ] --START--
INFO: ReadHtmlCache Behavior ::run [ RunTime:0.000596s ]
INFO: [ app_begin ] --END-- [ RunTime:0.000748s ]
SQL: SHOW COLUMNS FROM `fanwe_nav` [ RunTime:0.002643s ]
SQL: SELECT * FROM `fanwe_nav` ORDER BY sort  [ RunTime:0.001454s ]
SQL: SHOW COLUMNS FROM `fanwe_deal_cate` [ RunTime:0.002564s ]
SQL: SELECT * FROM `fanwe_deal_cate` ORDER BY id  [ RunTime:0.001053s ]
SQL: SHOW COLUMNS FROM `fanwe_deal_keyword` [ RunTime:0.001833s ]
SQL: SELECT * FROM `fanwe_deal_keyword` LIMIT 1   [ RunTime:0.001132s ]
INFO: [ view_parse ] --START--
NOTIC: [8] Undefined index: uid /webHome/LFWZ000390/www/zc/Zc/Runtime/Cache/42b90be8e9c40e58e803cfb6a2f683e9.php 第 76 行.
INFO: ParseTemplate Behavior ::run [ RunTime:0.017663s ]
INFO: [ view_parse ] --END-- [ RunTime:0.017940s ]
INFO: [ view_filter ] --START--
INFO: ContentReplace Behavior ::run [ RunTime:0.000621s ]
INFO: TokenBuild Behavior ::run [ RunTime:0.000562s ]
INFO: WriteHtmlCache Behavior ::run [ RunTime:0.000462s ]
INFO: ShowRuntime Behavior ::run [ RunTime:0.000479s ]
INFO: [ view_filter ] --END-- [ RunTime:0.002548s ]
INFO: [ view_end ] --START--
INFO: ShowPageTrace Behavior ::run [ RunTime:0.000473s ]
INFO: [ view_end ] --END-- [ RunTime:0.000608s ]

[ 2016-02-07T06:29:51+08:00 ] 69.30.215.130 /zc/index.php?m=Deal&a=show&id=69
INFO: [ app_begin ] --START--
INFO: ReadHtmlCache Behavior ::run [ RunTime:0.000452s ]
INFO: [ app_begin ] --END-- [ RunTime:0.000693s ]
NOTIC: [2048] Declaration of DealAction::show() should be compatible with that of Action::show() /webHome/LFWZ000390/www/zc/Zc/Lib/Action/DealAction.class.php 第 13 行.
SQL: SHOW COLUMNS FROM `fanwe_nav` [ RunTime:0.001826s ]
SQL: SELECT * FROM `fanwe_nav` ORDER BY sort  [ RunTime:0.000793s ]
SQL: SHOW COLUMNS FROM `fanwe_deal_cate` [ RunTime:0.001553s ]
SQL: SELECT * FROM `fanwe_deal_cate` ORDER BY id  [ RunTime:0.000640s ]
SQL: SHOW COLUMNS FROM `fanwe_deal_keyword` [ RunTime:0.001425s ]
SQL: SELECT * FROM `fanwe_deal_keyword` LIMIT 1   [ RunTime:0.000825s ]
NOTIC: [8] Undefined index: uid /webHome/LFWZ000390/www/zc/Zc/Lib/Action/DealAction.class.php 第 18 行.

[ 2016-02-07T06:29:53+08:00 ] 69.30.215.130 /zc/index.php?m=User&a=login
INFO: [ app_begin ] --START--
INFO: ReadHtmlCache Behavior ::run [ RunTime:0.000573s ]
INFO: [ app_begin ] --END-- [ RunTime:0.000715s ]
SQL: SHOW COLUMNS FROM `fanwe_nav` [ RunTime:0.002010s ]
SQL: SELECT * FROM `fanwe_nav` ORDER BY sort  [ RunTime:0.001125s ]
SQL: SHOW COLUMNS FROM `fanwe_deal_cate` [ RunTime:0.002235s ]
SQL: SELECT * FROM `fanwe_deal_cate` ORDER BY id  [ RunTime:0.000979s ]
SQL: SHOW COLUMNS FROM `fanwe_deal_keyword` [ RunTime:0.001549s ]
SQL: SELECT * FROM `fanwe_deal_keyword` LIMIT 1   [ RunTime:0.002016s ]
INFO: [ view_parse ] --START--
NOTIC: [8] Undefined index: uid /webHome/LFWZ000390/www/zc/Zc/Runtime/Cache/42b90be8e9c40e58e803cfb6a2f683e9.php 第 76 行.
INFO: ParseTemplate Behavior ::run [ RunTime:0.016515s ]
INFO: [ view_parse ] --END-- [ RunTime:0.016644s ]
INFO: [ view_filter ] --START--
INFO: ContentReplace Behavior ::run [ RunTime:0.000770s ]
INFO: TokenBuild Behavior ::run [ RunTime:0.000737s ]
INFO: WriteHtmlCache Behavior ::run [ RunTime:0.000723s ]
INFO: ShowRuntime Behavior ::run [ RunTime:0.000481s ]
INFO: [ view_filter ] --END-- [ RunTime:0.003131s ]
INFO: [ view_end ] --START--
INFO: ShowPageTrace Behavior ::run [ RunTime:0.000507s ]
INFO: [ view_end ] --END-- [ RunTime:0.000659s ]

[ 2016-02-07T06:29:56+08:00 ] 69.30.215.130 /zc/index.php?m=Deal&a=show&id=71
INFO: [ app_begin ] --START--
INFO: ReadHtmlCache Behavior ::run [ RunTime:0.000483s ]
INFO: [ app_begin ] --END-- [ RunTime:0.000655s ]
NOTIC: [2048] Declaration of DealAction::show() should be compatible with that of Action::show() /webHome/LFWZ000390/www/zc/Zc/Lib/Action/DealAction.class.php 第 13 行.
SQL: SHOW COLUMNS FROM `fanwe_nav` [ RunTime:0.001412s ]
SQL: SELECT * FROM `fanwe_nav` ORDER BY sort  [ RunTime:0.000652s ]
SQL: SHOW COLUMNS FROM `fanwe_deal_cate` [ RunTime:0.001261s ]
SQL: SELECT * FROM `fanwe_deal_cate` ORDER BY id  [ RunTime:0.000631s ]
SQL: SHOW COLUMNS FROM `fanwe_deal_keyword` [ RunTime:0.001394s ]
SQL: SELECT * FROM `fanwe_deal_keyword` LIMIT 1   [ RunTime:0.000535s ]
NOTIC: [8] Undefined index: uid /webHome/LFWZ000390/www/zc/Zc/Lib/Action/DealAction.class.php 第 18 行.

[ 2016-02-07T06:29:58+08:00 ] 69.30.215.130 /zc/index.php?m=User&a=login
INFO: [ app_begin ] --START--
INFO: ReadHtmlCache Behavior ::run [ RunTime:0.000466s ]
INFO: [ app_begin ] --END-- [ RunTime:0.000641s ]
SQL: SHOW COLUMNS FROM `fanwe_nav` [ RunTime:0.002640s ]
SQL: SELECT * FROM `fanwe_nav` ORDER BY sort  [ RunTime:0.000830s ]
SQL: SHOW COLUMNS FROM `fanwe_deal_cate` [ RunTime:0.001475s ]
SQL: SELECT * FROM `fanwe_deal_cate` ORDER BY id  [ RunTime:0.000623s ]
SQL: SHOW COLUMNS FROM `fanwe_deal_keyword` [ RunTime:0.001684s ]
SQL: SELECT * FROM `fanwe_deal_keyword` LIMIT 1   [ RunTime:0.000655s ]
INFO: [ view_parse ] --START--
NOTIC: [8] Undefined index: uid /webHome/LFWZ000390/www/zc/Zc/Runtime/Cache/42b90be8e9c40e58e803cfb6a2f683e9.php 第 76 行.
INFO: ParseTemplate Behavior ::run [ RunTime:0.015928s ]
INFO: [ view_parse ] --END-- [ RunTime:0.016076s ]
INFO: [ view_filter ] --START--
INFO: ContentReplace Behavior ::run [ RunTime:0.000556s ]
INFO: TokenBuild Behavior ::run [ RunTime:0.000480s ]
INFO: WriteHtmlCache Behavior ::run [ RunTime:0.000435s ]
INFO: ShowRuntime Behavior ::run [ RunTime:0.000529s ]
INFO: [ view_filter ] --END-- [ RunTime:0.002280s ]
INFO: [ view_end ] --START--
INFO: ShowPageTrace Behavior ::run [ RunTime:0.000551s ]
INFO: [ view_end ] --END-- [ RunTime:0.000648s ]

[ 2016-02-07T06:30:00+08:00 ] 69.30.215.130 /zc/index.php?m=News&a=html&id=1
INFO: [ app_begin ] --START--
INFO: ReadHtmlCache Behavior ::run [ RunTime:0.000515s ]
INFO: [ app_begin ] --END-- [ RunTime:0.000644s ]
SQL: SHOW COLUMNS FROM `fanwe_nav` [ RunTime:0.001642s ]
SQL: SELECT * FROM `fanwe_nav` ORDER BY sort  [ RunTime:0.000932s ]
SQL: SHOW COLUMNS FROM `fanwe_deal_cate` [ RunTime:0.001658s ]
SQL: SELECT * FROM `fanwe_deal_cate` ORDER BY id  [ RunTime:0.000950s ]
SQL: SHOW COLUMNS FROM `fanwe_deal_keyword` [ RunTime:0.001631s ]
SQL: SELECT * FROM `fanwe_deal_keyword` LIMIT 1   [ RunTime:0.000797s ]
SQL: SHOW COLUMNS FROM `fanwe_news` [ RunTime:0.001837s ]
SQL: SELECT * FROM `fanwe_news` WHERE ( `id` = 1 ) LIMIT 1   [ RunTime:0.001222s ]
INFO: [ view_parse ] --START--
NOTIC: [8] Undefined index: uid /webHome/LFWZ000390/www/zc/Zc/Runtime/Cache/012cdf2fa3ba4152d6d6173485c32ca8.php 第 98 行.
NOTIC: [8] Use of undefined constant id - assumed 'id' /webHome/LFWZ000390/www/zc/Zc/Runtime/Cache/012cdf2fa3ba4152d6d6173485c32ca8.php 第 142 行.
SQL: SELECT * FROM `fanwe_news` WHERE ( `id` < '1' ) LIMIT 1   [ RunTime:0.001173s ]
SQL: SELECT * FROM `fanwe_news` WHERE ( `id` > '1' ) LIMIT 1   [ RunTime:0.000894s ]
INFO: ParseTemplate Behavior ::run [ RunTime:0.028355s ]
INFO: [ view_parse ] --END-- [ RunTime:0.028542s ]
INFO: [ view_filter ] --START--
INFO: ContentReplace Behavior ::run [ RunTime:0.000705s ]
INFO: TokenBuild Behavior ::run [ RunTime:0.000472s ]
INFO: WriteHtmlCache Behavior ::run [ RunTime:0.000425s ]
INFO: ShowRuntime Behavior ::run [ RunTime:0.000479s ]
INFO: [ view_filter ] --END-- [ RunTime:0.002365s ]
INFO: [ view_end ] --START--
INFO: ShowPageTrace Behavior ::run [ RunTime:0.000433s ]
INFO: [ view_end ] --END-- [ RunTime:0.000527s ]

[ 2016-02-07T06:30:04+08:00 ] 69.30.215.130 /zc/index.php?m=News&a=html&id=2
INFO: [ app_begin ] --START--
INFO: ReadHtmlCache Behavior ::run [ RunTime:0.000606s ]
INFO: [ app_begin ] --END-- [ RunTime:0.000801s ]
SQL: SHOW COLUMNS FROM `fanwe_nav` [ RunTime:0.001629s ]
SQL: SELECT * FROM `fanwe_nav` ORDER BY sort  [ RunTime:0.000982s ]
SQL: SHOW COLUMNS FROM `fanwe_deal_cate` [ RunTime:0.001327s ]
SQL: SELECT * FROM `fanwe_deal_cate` ORDER BY id  [ RunTime:0.000566s ]
SQL: SHOW COLUMNS FROM `fanwe_deal_keyword` [ RunTime:0.001604s ]
SQL: SELECT * FROM `fanwe_deal_keyword` LIMIT 1   [ RunTime:0.000631s ]
SQL: SHOW COLUMNS FROM `fanwe_news` [ RunTime:0.001951s ]
SQL: SELECT * FROM `fanwe_news` WHERE ( `id` = 2 ) LIMIT 1   [ RunTime:0.001023s ]
INFO: [ view_parse ] --START--
NOTIC: [8] Undefined index: uid /webHome/LFWZ000390/www/zc/Zc/Runtime/Cache/012cdf2fa3ba4152d6d6173485c32ca8.php 第 98 行.
NOTIC: [8] Use of undefined constant id - assumed 'id' /webHome/LFWZ000390/www/zc/Zc/Runtime/Cache/012cdf2fa3ba4152d6d6173485c32ca8.php 第 142 行.
SQL: SELECT * FROM `fanwe_news` WHERE ( `id` < '2' ) LIMIT 1   [ RunTime:0.001485s ]
SQL: SELECT * FROM `fanwe_news` WHERE ( `id` > '2' ) LIMIT 1   [ RunTime:0.001121s ]
INFO: ParseTemplate Behavior ::run [ RunTime:0.021408s ]
INFO: [ view_parse ] --END-- [ RunTime:0.021588s ]
INFO: [ view_filter ] --START--
INFO: ContentReplace Behavior ::run [ RunTime:0.000608s ]
INFO: TokenBuild Behavior ::run [ RunTime:0.000684s ]
INFO: WriteHtmlCache Behavior ::run [ RunTime:0.000512s ]
INFO: ShowRuntime Behavior ::run [ RunTime:0.000488s ]
INFO: [ view_filter ] --END-- [ RunTime:0.002678s ]
INFO: [ view_end ] --START--
INFO: ShowPageTrace Behavior ::run [ RunTime:0.000424s ]
INFO: [ view_end ] --END-- [ RunTime:0.000577s ]

[ 2016-02-07T12:49:50+08:00 ] 51.254.130.58 /zc/index.php?m=Deal&a=show&id=69
INFO: [ app_begin ] --START--
INFO: ReadHtmlCache Behavior ::run [ RunTime:0.000570s ]
INFO: [ app_begin ] --END-- [ RunTime:0.000706s ]
NOTIC: [2048] Declaration of DealAction::show() should be compatible with that of Action::show() /webHome/LFWZ000390/www/zc/Zc/Lib/Action/DealAction.class.php 第 13 行.
SQL: SHOW COLUMNS FROM `fanwe_nav` [ RunTime:0.003438s ]
SQL: SELECT * FROM `fanwe_nav` ORDER BY sort  [ RunTime:0.000802s ]
SQL: SHOW COLUMNS FROM `fanwe_deal_cate` [ RunTime:0.001774s ]
SQL: SELECT * FROM `fanwe_deal_cate` ORDER BY id  [ RunTime:0.001695s ]
SQL: SHOW COLUMNS FROM `fanwe_deal_keyword` [ RunTime:0.001879s ]
SQL: SELECT * FROM `fanwe_deal_keyword` LIMIT 1   [ RunTime:0.000899s ]
NOTIC: [8] Undefined index: uid /webHome/LFWZ000390/www/zc/Zc/Lib/Action/DealAction.class.php 第 18 行.

[ 2016-02-07T12:49:53+08:00 ] 51.254.130.58 /zc/index.php?m=User&a=login
INFO: [ app_begin ] --START--
INFO: ReadHtmlCache Behavior ::run [ RunTime:0.000478s ]
INFO: [ app_begin ] --END-- [ RunTime:0.000612s ]
SQL: SHOW COLUMNS FROM `fanwe_nav` [ RunTime:0.002149s ]
SQL: SELECT * FROM `fanwe_nav` ORDER BY sort  [ RunTime:0.000727s ]
SQL: SHOW COLUMNS FROM `fanwe_deal_cate` [ RunTime:0.001340s ]
SQL: SELECT * FROM `fanwe_deal_cate` ORDER BY id  [ RunTime:0.000682s ]
SQL: SHOW COLUMNS FROM `fanwe_deal_keyword` [ RunTime:0.001347s ]
SQL: SELECT * FROM `fanwe_deal_keyword` LIMIT 1   [ RunTime:0.000800s ]
INFO: [ view_parse ] --START--
NOTIC: [8] Undefined index: uid /webHome/LFWZ000390/www/zc/Zc/Runtime/Cache/42b90be8e9c40e58e803cfb6a2f683e9.php 第 76 行.
INFO: ParseTemplate Behavior ::run [ RunTime:0.018221s ]
INFO: [ view_parse ] --END-- [ RunTime:0.018386s ]
INFO: [ view_filter ] --START--
INFO: ContentReplace Behavior ::run [ RunTime:0.000532s ]
INFO: TokenBuild Behavior ::run [ RunTime:0.000543s ]
INFO: WriteHtmlCache Behavior ::run [ RunTime:0.000485s ]
INFO: ShowRuntime Behavior ::run [ RunTime:0.000467s ]
INFO: [ view_filter ] --END-- [ RunTime:0.002488s ]
INFO: [ view_end ] --START--
INFO: ShowPageTrace Behavior ::run [ RunTime:0.000474s ]
INFO: [ view_end ] --END-- [ RunTime:0.000621s ]

[ 2016-02-07T12:49:54+08:00 ] 51.254.130.58 /zc/index.php?m=News&a=html&id=2
INFO: [ app_begin ] --START--
INFO: ReadHtmlCache Behavior ::run [ RunTime:0.000541s ]
INFO: [ app_begin ] --END-- [ RunTime:0.000712s ]
SQL: SHOW COLUMNS FROM `fanwe_nav` [ RunTime:0.002043s ]
SQL: SELECT * FROM `fanwe_nav` ORDER BY sort  [ RunTime:0.002096s ]
SQL: SHOW COLUMNS FROM `fanwe_deal_cate` [ RunTime:0.001342s ]
SQL: SELECT * FROM `fanwe_deal_cate` ORDER BY id  [ RunTime:0.001458s ]
SQL: SHOW COLUMNS FROM `fanwe_deal_keyword` [ RunTime:0.001720s ]
SQL: SELECT * FROM `fanwe_deal_keyword` LIMIT 1   [ RunTime:0.000357s ]
SQL: SHOW COLUMNS FROM `fanwe_news` [ RunTime:0.001359s ]
SQL: SELECT * FROM `fanwe_news` WHERE ( `id` = 2 ) LIMIT 1   [ RunTime:0.000483s ]
INFO: [ view_parse ] --START--
NOTIC: [8] Undefined index: uid /webHome/LFWZ000390/www/zc/Zc/Runtime/Cache/012cdf2fa3ba4152d6d6173485c32ca8.php 第 98 行.
NOTIC: [8] Use of undefined constant id - assumed 'id' /webHome/LFWZ000390/www/zc/Zc/Runtime/Cache/012cdf2fa3ba4152d6d6173485c32ca8.php 第 142 行.
SQL: SELECT * FROM `fanwe_news` WHERE ( `id` < '2' ) LIMIT 1   [ RunTime:0.000630s ]
SQL: SELECT * FROM `fanwe_news` WHERE ( `id` > '2' ) LIMIT 1   [ RunTime:0.000372s ]
INFO: ParseTemplate Behavior ::run [ RunTime:0.009378s ]
INFO: [ view_parse ] --END-- [ RunTime:0.009454s ]
INFO: [ view_filter ] --START--
INFO: ContentReplace Behavior ::run [ RunTime:0.000296s ]
INFO: TokenBuild Behavior ::run [ RunTime:0.000227s ]
INFO: WriteHtmlCache Behavior ::run [ RunTime:0.000179s ]
INFO: ShowRuntime Behavior ::run [ RunTime:0.000265s ]
INFO: [ view_filter ] --END-- [ RunTime:0.001201s ]
INFO: [ view_end ] --START--
INFO: ShowPageTrace Behavior ::run [ RunTime:0.000201s ]
INFO: [ view_end ] --END-- [ RunTime:0.000247s ]

[ 2016-02-07T20:03:31+08:00 ] 42.156.139.44 /zc/index.php?a=html&id=10&m=News
INFO: [ app_begin ] --START--
INFO: ReadHtmlCache Behavior ::run [ RunTime:0.000508s ]
INFO: [ app_begin ] --END-- [ RunTime:0.000668s ]
SQL: SHOW COLUMNS FROM `fanwe_nav` [ RunTime:0.002095s ]
SQL: SELECT * FROM `fanwe_nav` ORDER BY sort  [ RunTime:0.000935s ]
SQL: SHOW COLUMNS FROM `fanwe_deal_cate` [ RunTime:0.001582s ]
SQL: SELECT * FROM `fanwe_deal_cate` ORDER BY id  [ RunTime:0.000914s ]
SQL: SHOW COLUMNS FROM `fanwe_deal_keyword` [ RunTime:0.002125s ]
SQL: SELECT * FROM `fanwe_deal_keyword` LIMIT 1   [ RunTime:0.000761s ]
SQL: SHOW COLUMNS FROM `fanwe_news` [ RunTime:0.002252s ]
SQL: SELECT * FROM `fanwe_news` WHERE ( `id` = 10 ) LIMIT 1   [ RunTime:0.005002s ]
INFO: [ view_parse ] --START--
NOTIC: [8] Undefined index: uid /webHome/LFWZ000390/www/zc/Zc/Runtime/Cache/012cdf2fa3ba4152d6d6173485c32ca8.php 第 98 行.
NOTIC: [8] Use of undefined constant id - assumed 'id' /webHome/LFWZ000390/www/zc/Zc/Runtime/Cache/012cdf2fa3ba4152d6d6173485c32ca8.php 第 142 行.
SQL: SELECT * FROM `fanwe_news` WHERE ( `id` < '10' ) LIMIT 1   [ RunTime:0.001401s ]
SQL: SELECT * FROM `fanwe_news` WHERE ( `id` > '10' ) LIMIT 1   [ RunTime:0.000874s ]
INFO: ParseTemplate Behavior ::run [ RunTime:0.021973s ]
INFO: [ view_parse ] --END-- [ RunTime:0.022174s ]
INFO: [ view_filter ] --START--
INFO: ContentReplace Behavior ::run [ RunTime:0.000590s ]
INFO: TokenBuild Behavior ::run [ RunTime:0.000713s ]
INFO: WriteHtmlCache Behavior ::run [ RunTime:0.000423s ]
INFO: ShowRuntime Behavior ::run [ RunTime:0.000506s ]
INFO: [ view_filter ] --END-- [ RunTime:0.002595s ]
INFO: [ view_end ] --START--
INFO: ShowPageTrace Behavior ::run [ RunTime:0.000546s ]
INFO: [ view_end ] --END-- [ RunTime:0.000644s ]

[ 2016-02-07T20:03:31+08:00 ] 42.156.136.44 /zc/index.php?a=html&id=2&m=News
INFO: [ app_begin ] --START--
INFO: ReadHtmlCache Behavior ::run [ RunTime:0.000620s ]
INFO: [ app_begin ] --END-- [ RunTime:0.000828s ]
SQL: SHOW COLUMNS FROM `fanwe_nav` [ RunTime:0.002685s ]
SQL: SELECT * FROM `fanwe_nav` ORDER BY sort  [ RunTime:0.001340s ]
SQL: SHOW COLUMNS FROM `fanwe_deal_cate` [ RunTime:0.002636s ]
SQL: SELECT * FROM `fanwe_deal_cate` ORDER BY id  [ RunTime:0.000889s ]
SQL: SHOW COLUMNS FROM `fanwe_deal_keyword` [ RunTime:0.001357s ]
SQL: SELECT * FROM `fanwe_deal_keyword` LIMIT 1   [ RunTime:0.000632s ]
SQL: SHOW COLUMNS FROM `fanwe_news` [ RunTime:0.003227s ]
SQL: SELECT * FROM `fanwe_news` WHERE ( `id` = 2 ) LIMIT 1   [ RunTime:0.001094s ]
INFO: [ view_parse ] --START--
NOTIC: [8] Undefined index: uid /webHome/LFWZ000390/www/zc/Zc/Runtime/Cache/012cdf2fa3ba4152d6d6173485c32ca8.php 第 98 行.
NOTIC: [8] Use of undefined constant id - assumed 'id' /webHome/LFWZ000390/www/zc/Zc/Runtime/Cache/012cdf2fa3ba4152d6d6173485c32ca8.php 第 142 行.
SQL: SELECT * FROM `fanwe_news` WHERE ( `id` < '2' ) LIMIT 1   [ RunTime:0.000974s ]
SQL: SELECT * FROM `fanwe_news` WHERE ( `id` > '2' ) LIMIT 1   [ RunTime:0.000567s ]
INFO: ParseTemplate Behavior ::run [ RunTime:0.021871s ]
INFO: [ view_parse ] --END-- [ RunTime:0.022022s ]
INFO: [ view_filter ] --START--
INFO: ContentReplace Behavior ::run [ RunTime:0.000691s ]
INFO: TokenBuild Behavior ::run [ RunTime:0.000586s ]
INFO: WriteHtmlCache Behavior ::run [ RunTime:0.000404s ]
INFO: ShowRuntime Behavior ::run [ RunTime:0.000555s ]
INFO: [ view_filter ] --END-- [ RunTime:0.002520s ]
INFO: [ view_end ] --START--
INFO: ShowPageTrace Behavior ::run [ RunTime:0.000613s ]
INFO: [ view_end ] --END-- [ RunTime:0.000737s ]

[ 2016-02-07T20:03:32+08:00 ] 42.120.161.44 /zc/index.php?a=html&id=7&m=News
INFO: [ app_begin ] --START--
INFO: ReadHtmlCache Behavior ::run [ RunTime:0.000257s ]
INFO: [ app_begin ] --END-- [ RunTime:0.000342s ]
SQL: SHOW COLUMNS FROM `fanwe_nav` [ RunTime:0.000805s ]
SQL: SELECT * FROM `fanwe_nav` ORDER BY sort  [ RunTime:0.000617s ]
SQL: SHOW COLUMNS FROM `fanwe_deal_cate` [ RunTime:0.001271s ]
SQL: SELECT * FROM `fanwe_deal_cate` ORDER BY id  [ RunTime:0.000331s ]
SQL: SHOW COLUMNS FROM `fanwe_deal_keyword` [ RunTime:0.000997s ]
SQL: SELECT * FROM `fanwe_deal_keyword` LIMIT 1   [ RunTime:0.000463s ]
SQL: SHOW COLUMNS FROM `fanwe_news` [ RunTime:0.000977s ]
SQL: SELECT * FROM `fanwe_news` WHERE ( `id` = 7 ) LIMIT 1   [ RunTime:0.001823s ]
INFO: [ view_parse ] --START--
NOTIC: [8] Undefined index: uid /webHome/LFWZ000390/www/zc/Zc/Runtime/Cache/012cdf2fa3ba4152d6d6173485c32ca8.php 第 98 行.
NOTIC: [8] Use of undefined constant id - assumed 'id' /webHome/LFWZ000390/www/zc/Zc/Runtime/Cache/012cdf2fa3ba4152d6d6173485c32ca8.php 第 142 行.
SQL: SELECT * FROM `fanwe_news` WHERE ( `id` < '7' ) LIMIT 1   [ RunTime:0.000717s ]
SQL: SELECT * FROM `fanwe_news` WHERE ( `id` > '7' ) LIMIT 1   [ RunTime:0.001536s ]
INFO: ParseTemplate Behavior ::run [ RunTime:0.011776s ]
INFO: [ view_parse ] --END-- [ RunTime:0.011840s ]
INFO: [ view_filter ] --START--
INFO: ContentReplace Behavior ::run [ RunTime:0.000353s ]
INFO: TokenBuild Behavior ::run [ RunTime:0.000257s ]
INFO: WriteHtmlCache Behavior ::run [ RunTime:0.000228s ]
INFO: ShowRuntime Behavior ::run [ RunTime:0.000230s ]
INFO: [ view_filter ] --END-- [ RunTime:0.001224s ]
INFO: [ view_end ] --START--
INFO: ShowPageTrace Behavior ::run [ RunTime:0.000230s ]
INFO: [ view_end ] --END-- [ RunTime:0.000300s ]

[ 2016-02-07T23:42:36+08:00 ] 68.180.228.172 /zc/index.php?m=Deal&a=show&id=68
INFO: [ app_begin ] --START--
INFO: ReadHtmlCache Behavior ::run [ RunTime:0.001104s ]
INFO: [ app_begin ] --END-- [ RunTime:0.001407s ]
NOTIC: [2048] Declaration of DealAction::show() should be compatible with that of Action::show() /webHome/LFWZ000390/www/zc/Zc/Lib/Action/DealAction.class.php 第 13 行.
SQL: SHOW COLUMNS FROM `fanwe_nav` [ RunTime:0.002586s ]
SQL: SELECT * FROM `fanwe_nav` ORDER BY sort  [ RunTime:0.000709s ]
SQL: SHOW COLUMNS FROM `fanwe_deal_cate` [ RunTime:0.002125s ]
SQL: SELECT * FROM `fanwe_deal_cate` ORDER BY id  [ RunTime:0.001048s ]
SQL: SHOW COLUMNS FROM `fanwe_deal_keyword` [ RunTime:0.001800s ]
SQL: SELECT * FROM `fanwe_deal_keyword` LIMIT 1   [ RunTime:0.000578s ]
NOTIC: [8] Undefined index: uid /webHome/LFWZ000390/www/zc/Zc/Lib/Action/DealAction.class.php 第 18 行.

[ 2016-02-07T23:42:38+08:00 ] 68.180.228.172 /zc/index.php?m=User&a=login
INFO: [ app_begin ] --START--
INFO: ReadHtmlCache Behavior ::run [ RunTime:0.000456s ]
INFO: [ app_begin ] --END-- [ RunTime:0.000587s ]
SQL: SHOW COLUMNS FROM `fanwe_nav` [ RunTime:0.002313s ]
SQL: SELECT * FROM `fanwe_nav` ORDER BY sort  [ RunTime:0.001052s ]
SQL: SHOW COLUMNS FROM `fanwe_deal_cate` [ RunTime:0.001969s ]
SQL: SELECT * FROM `fanwe_deal_cate` ORDER BY id  [ RunTime:0.001395s ]
SQL: SHOW COLUMNS FROM `fanwe_deal_keyword` [ RunTime:0.002177s ]
SQL: SELECT * FROM `fanwe_deal_keyword` LIMIT 1   [ RunTime:0.000953s ]
INFO: [ view_parse ] --START--
NOTIC: [8] Undefined index: uid /webHome/LFWZ000390/www/zc/Zc/Runtime/Cache/42b90be8e9c40e58e803cfb6a2f683e9.php 第 76 行.
INFO: ParseTemplate Behavior ::run [ RunTime:0.019155s ]
INFO: [ view_parse ] --END-- [ RunTime:0.019343s ]
INFO: [ view_filter ] --START--
INFO: ContentReplace Behavior ::run [ RunTime:0.000676s ]
INFO: TokenBuild Behavior ::run [ RunTime:0.000496s ]
INFO: WriteHtmlCache Behavior ::run [ RunTime:0.000584s ]
INFO: ShowRuntime Behavior ::run [ RunTime:0.000617s ]
INFO: [ view_filter ] --END-- [ RunTime:0.002741s ]
INFO: [ view_end ] --START--
INFO: ShowPageTrace Behavior ::run [ RunTime:0.000493s ]
INFO: [ view_end ] --END-- [ RunTime:0.000585s ]

[ 2016-02-07T23:44:39+08:00 ] 176.104.37.122 /zc/index.php?m=Deal&a=show&id=69
INFO: [ app_begin ] --START--
INFO: ReadHtmlCache Behavior ::run [ RunTime:0.000485s ]
INFO: [ app_begin ] --END-- [ RunTime:0.000684s ]
NOTIC: [2048] Declaration of DealAction::show() should be compatible with that of Action::show() /webHome/LFWZ000390/www/zc/Zc/Lib/Action/DealAction.class.php 第 13 行.
SQL: SHOW COLUMNS FROM `fanwe_nav` [ RunTime:0.002420s ]
SQL: SELECT * FROM `fanwe_nav` ORDER BY sort  [ RunTime:0.000785s ]
SQL: SHOW COLUMNS FROM `fanwe_deal_cate` [ RunTime:0.001629s ]
SQL: SELECT * FROM `fanwe_deal_cate` ORDER BY id  [ RunTime:0.000753s ]
SQL: SHOW COLUMNS FROM `fanwe_deal_keyword` [ RunTime:0.001358s ]
SQL: SELECT * FROM `fanwe_deal_keyword` LIMIT 1   [ RunTime:0.000715s ]
NOTIC: [8] Undefined index: uid /webHome/LFWZ000390/www/zc/Zc/Lib/Action/DealAction.class.php 第 18 行.

[ 2016-02-07T23:44:41+08:00 ] 176.104.37.122 /zc/index.php?m=User&a=login
INFO: [ app_begin ] --START--
INFO: ReadHtmlCache Behavior ::run [ RunTime:0.000600s ]
INFO: [ app_begin ] --END-- [ RunTime:0.000753s ]
SQL: SHOW COLUMNS FROM `fanwe_nav` [ RunTime:0.002010s ]
SQL: SELECT * FROM `fanwe_nav` ORDER BY sort  [ RunTime:0.001257s ]
SQL: SHOW COLUMNS FROM `fanwe_deal_cate` [ RunTime:0.001232s ]
SQL: SELECT * FROM `fanwe_deal_cate` ORDER BY id  [ RunTime:0.001013s ]
SQL: SHOW COLUMNS FROM `fanwe_deal_keyword` [ RunTime:0.001626s ]
SQL: SELECT * FROM `fanwe_deal_keyword` LIMIT 1   [ RunTime:0.001015s ]
INFO: [ view_parse ] --START--
NOTIC: [8] Undefined index: uid /webHome/LFWZ000390/www/zc/Zc/Runtime/Cache/42b90be8e9c40e58e803cfb6a2f683e9.php 第 76 行.
INFO: ParseTemplate Behavior ::run [ RunTime:0.015855s ]
INFO: [ view_parse ] --END-- [ RunTime:0.015971s ]
INFO: [ view_filter ] --START--
INFO: ContentReplace Behavior ::run [ RunTime:0.000604s ]
INFO: TokenBuild Behavior ::run [ RunTime:0.000421s ]
INFO: WriteHtmlCache Behavior ::run [ RunTime:0.000465s ]
INFO: ShowRuntime Behavior ::run [ RunTime:0.000561s ]
INFO: [ view_filter ] --END-- [ RunTime:0.002428s ]
INFO: [ view_end ] --START--
INFO: ShowPageTrace Behavior ::run [ RunTime:0.000480s ]
INFO: [ view_end ] --END-- [ RunTime:0.000570s ]

[ 2016-02-07T23:44:44+08:00 ] 176.104.37.122 /zc/index.php?m=Deal&a=show&id=71
INFO: [ app_begin ] --START--
INFO: ReadHtmlCache Behavior ::run [ RunTime:0.000562s ]
INFO: [ app_begin ] --END-- [ RunTime:0.000820s ]
NOTIC: [2048] Declaration of DealAction::show() should be compatible with that of Action::show() /webHome/LFWZ000390/www/zc/Zc/Lib/Action/DealAction.class.php 第 13 行.
SQL: SHOW COLUMNS FROM `fanwe_nav` [ RunTime:0.001644s ]
SQL: SELECT * FROM `fanwe_nav` ORDER BY sort  [ RunTime:0.000997s ]
SQL: SHOW COLUMNS FROM `fanwe_deal_cate` [ RunTime:0.001378s ]
SQL: SELECT * FROM `fanwe_deal_cate` ORDER BY id  [ RunTime:0.000747s ]
SQL: SHOW COLUMNS FROM `fanwe_deal_keyword` [ RunTime:0.001569s ]
SQL: SELECT * FROM `fanwe_deal_keyword` LIMIT 1   [ RunTime:0.000728s ]
NOTIC: [8] Undefined index: uid /webHome/LFWZ000390/www/zc/Zc/Lib/Action/DealAction.class.php 第 18 行.

[ 2016-02-07T23:44:48+08:00 ] 176.104.37.122 /zc/index.php?m=User&a=login
INFO: [ app_begin ] --START--
INFO: ReadHtmlCache Behavior ::run [ RunTime:0.000591s ]
INFO: [ app_begin ] --END-- [ RunTime:0.000721s ]
SQL: SHOW COLUMNS FROM `fanwe_nav` [ RunTime:0.001597s ]
SQL: SELECT * FROM `fanwe_nav` ORDER BY sort  [ RunTime:0.000828s ]
SQL: SHOW COLUMNS FROM `fanwe_deal_cate` [ RunTime:0.001342s ]
SQL: SELECT * FROM `fanwe_deal_cate` ORDER BY id  [ RunTime:0.000721s ]
SQL: SHOW COLUMNS FROM `fanwe_deal_keyword` [ RunTime:0.001879s ]
SQL: SELECT * FROM `fanwe_deal_keyword` LIMIT 1   [ RunTime:0.000504s ]
INFO: [ view_parse ] --START--
NOTIC: [8] Undefined index: uid /webHome/LFWZ000390/www/zc/Zc/Runtime/Cache/42b90be8e9c40e58e803cfb6a2f683e9.php 第 76 行.
INFO: ParseTemplate Behavior ::run [ RunTime:0.020347s ]
INFO: [ view_parse ] --END-- [ RunTime:0.020482s ]
INFO: [ view_filter ] --START--
INFO: ContentReplace Behavior ::run [ RunTime:0.000678s ]
INFO: TokenBuild Behavior ::run [ RunTime:0.000634s ]
INFO: WriteHtmlCache Behavior ::run [ RunTime:0.000465s ]
INFO: ShowRuntime Behavior ::run [ RunTime:0.000527s ]
INFO: [ view_filter ] --END-- [ RunTime:0.002689s ]
INFO: [ view_end ] --START--
INFO: ShowPageTrace Behavior ::run [ RunTime:0.000537s ]
INFO: [ view_end ] --END-- [ RunTime:0.000648s ]

