[ 2016-01-01T00:07:55+08:00 ] 66.249.64.74 /zc/index.php?m=News&a=index&p=2
INFO: [ app_begin ] --START--
INFO: ReadHtmlCache Behavior ::run [ RunTime:0.000706s ]
INFO: [ app_begin ] --END-- [ RunTime:0.000900s ]
SQL: SHOW COLUMNS FROM `fanwe_nav` [ RunTime:0.002756s ]
SQL: SELECT * FROM `fanwe_nav` ORDER BY sort  [ RunTime:0.001464s ]
SQL: SHOW COLUMNS FROM `fanwe_deal_cate` [ RunTime:0.001965s ]
SQL: SELECT * FROM `fanwe_deal_cate` ORDER BY id  [ RunTime:0.001676s ]
SQL: SHOW COLUMNS FROM `fanwe_deal_keyword` [ RunTime:0.001891s ]
SQL: SELECT * FROM `fanwe_deal_keyword` LIMIT 1   [ RunTime:0.001649s ]
SQL: SHOW COLUMNS FROM `fanwe_news` [ RunTime:0.004021s ]
SQL: SELECT COUNT(*) AS tp_count FROM `fanwe_news` WHERE ( `enable` = 1 ) LIMIT 1   [ RunTime:0.002147s ]
SQL: SELECT COUNT(*) AS tp_count FROM `fanwe_news` WHERE ( `enable` = 1 ) LIMIT 1   [ RunTime:0.001117s ]
SQL: SELECT * FROM `fanwe_news` ORDER BY addtime desc,rec desc LIMIT 0,10   [ RunTime:0.008056s ]
INFO: [ view_parse ] --START--
SQL: SHOW COLUMNS FROM `fanwe_conf` [ RunTime:0.002427s ]
SQL: SELECT `value` FROM `fanwe_conf` WHERE ( `name` = 'SEO_TITLE' ) LIMIT 1   [ RunTime:0.001318s ]
NOTIC: [8] Undefined index: uid /webHome/LFWZ000390/www/zc/Zc/Runtime/Cache/93be05964b36457006025cdbe2606e6a.php 第 107 行.
INFO: ParseTemplate Behavior ::run [ RunTime:0.029269s ]
INFO: [ view_parse ] --END-- [ RunTime:0.029416s ]
INFO: [ view_filter ] --START--
INFO: ContentReplace Behavior ::run [ RunTime:0.000801s ]
INFO: TokenBuild Behavior ::run [ RunTime:0.000582s ]
INFO: WriteHtmlCache Behavior ::run [ RunTime:0.000384s ]
INFO: ShowRuntime Behavior ::run [ RunTime:0.000681s ]
INFO: [ view_filter ] --END-- [ RunTime:0.002765s ]
INFO: [ view_end ] --START--
INFO: ShowPageTrace Behavior ::run [ RunTime:0.000471s ]
INFO: [ view_end ] --END-- [ RunTime:0.000566s ]

[ 2016-01-01T03:17:37+08:00 ] 66.249.64.69 /zc/index.php?m=News&a=html&id=24
INFO: [ app_begin ] --START--
INFO: ReadHtmlCache Behavior ::run [ RunTime:0.000546s ]
INFO: [ app_begin ] --END-- [ RunTime:0.000679s ]
SQL: SHOW COLUMNS FROM `fanwe_nav` [ RunTime:0.002681s ]
SQL: SELECT * FROM `fanwe_nav` ORDER BY sort  [ RunTime:0.001225s ]
SQL: SHOW COLUMNS FROM `fanwe_deal_cate` [ RunTime:0.002769s ]
SQL: SELECT * FROM `fanwe_deal_cate` ORDER BY id  [ RunTime:0.000830s ]
SQL: SHOW COLUMNS FROM `fanwe_deal_keyword` [ RunTime:0.001929s ]
SQL: SELECT * FROM `fanwe_deal_keyword` LIMIT 1   [ RunTime:0.010812s ]
SQL: SHOW COLUMNS FROM `fanwe_news` [ RunTime:0.002273s ]
SQL: SELECT * FROM `fanwe_news` WHERE ( `id` = 24 ) LIMIT 1   [ RunTime:0.001027s ]
INFO: [ view_parse ] --START--
NOTIC: [8] Undefined index: uid /webHome/LFWZ000390/www/zc/Zc/Runtime/Cache/012cdf2fa3ba4152d6d6173485c32ca8.php 第 98 行.
NOTIC: [8] Use of undefined constant id - assumed 'id' /webHome/LFWZ000390/www/zc/Zc/Runtime/Cache/012cdf2fa3ba4152d6d6173485c32ca8.php 第 142 行.
SQL: SELECT * FROM `fanwe_news` WHERE ( `id` < null ) LIMIT 1   [ RunTime:0.001653s ]
SQL: SELECT * FROM `fanwe_news` WHERE ( `id` > null ) LIMIT 1   [ RunTime:0.001150s ]
INFO: ParseTemplate Behavior ::run [ RunTime:0.020439s ]
INFO: [ view_parse ] --END-- [ RunTime:0.020580s ]
INFO: [ view_filter ] --START--
INFO: ContentReplace Behavior ::run [ RunTime:0.000608s ]
INFO: TokenBuild Behavior ::run [ RunTime:0.000510s ]
INFO: WriteHtmlCache Behavior ::run [ RunTime:0.000923s ]
INFO: ShowRuntime Behavior ::run [ RunTime:0.000722s ]
INFO: [ view_filter ] --END-- [ RunTime:0.003194s ]
INFO: [ view_end ] --START--
INFO: ShowPageTrace Behavior ::run [ RunTime:0.000789s ]
INFO: [ view_end ] --END-- [ RunTime:0.001045s ]

[ 2016-01-01T08:37:41+08:00 ] 182.118.25.222 /zc/index.php?a=html&id=22&m=News
INFO: [ app_begin ] --START--
INFO: ReadHtmlCache Behavior ::run [ RunTime:0.000446s ]
INFO: [ app_begin ] --END-- [ RunTime:0.000610s ]
SQL: SHOW COLUMNS FROM `fanwe_nav` [ RunTime:0.001701s ]
SQL: SELECT * FROM `fanwe_nav` ORDER BY sort  [ RunTime:0.000731s ]
SQL: SHOW COLUMNS FROM `fanwe_deal_cate` [ RunTime:0.001438s ]
SQL: SELECT * FROM `fanwe_deal_cate` ORDER BY id  [ RunTime:0.000778s ]
SQL: SHOW COLUMNS FROM `fanwe_deal_keyword` [ RunTime:0.001884s ]
SQL: SELECT * FROM `fanwe_deal_keyword` LIMIT 1   [ RunTime:0.000746s ]
SQL: SHOW COLUMNS FROM `fanwe_news` [ RunTime:0.001636s ]
SQL: SELECT * FROM `fanwe_news` WHERE ( `id` = 22 ) LIMIT 1   [ RunTime:0.000992s ]
INFO: [ view_parse ] --START--
NOTIC: [8] Undefined index: uid /webHome/LFWZ000390/www/zc/Zc/Runtime/Cache/012cdf2fa3ba4152d6d6173485c32ca8.php 第 98 行.
NOTIC: [8] Use of undefined constant id - assumed 'id' /webHome/LFWZ000390/www/zc/Zc/Runtime/Cache/012cdf2fa3ba4152d6d6173485c32ca8.php 第 142 行.
SQL: SELECT * FROM `fanwe_news` WHERE ( `id` < null ) LIMIT 1   [ RunTime:0.000798s ]
SQL: SELECT * FROM `fanwe_news` WHERE ( `id` > null ) LIMIT 1   [ RunTime:0.000654s ]
INFO: ParseTemplate Behavior ::run [ RunTime:0.019758s ]
INFO: [ view_parse ] --END-- [ RunTime:0.019872s ]
INFO: [ view_filter ] --START--
INFO: ContentReplace Behavior ::run [ RunTime:0.000653s ]
INFO: TokenBuild Behavior ::run [ RunTime:0.000619s ]
INFO: WriteHtmlCache Behavior ::run [ RunTime:0.000410s ]
INFO: ShowRuntime Behavior ::run [ RunTime:0.000654s ]
INFO: [ view_filter ] --END-- [ RunTime:0.002707s ]
INFO: [ view_end ] --START--
INFO: ShowPageTrace Behavior ::run [ RunTime:0.000444s ]
INFO: [ view_end ] --END-- [ RunTime:0.000536s ]

[ 2016-01-01T10:20:23+08:00 ] 94.23.19.178 /zc/index.php?m=News&a=html&id=3
INFO: [ app_begin ] --START--
INFO: ReadHtmlCache Behavior ::run [ RunTime:0.000494s ]
INFO: [ app_begin ] --END-- [ RunTime:0.000626s ]
SQL: SHOW COLUMNS FROM `fanwe_nav` [ RunTime:0.001667s ]
SQL: SELECT * FROM `fanwe_nav` ORDER BY sort  [ RunTime:0.000870s ]
SQL: SHOW COLUMNS FROM `fanwe_deal_cate` [ RunTime:0.001565s ]
SQL: SELECT * FROM `fanwe_deal_cate` ORDER BY id  [ RunTime:0.000775s ]
SQL: SHOW COLUMNS FROM `fanwe_deal_keyword` [ RunTime:0.001529s ]
SQL: SELECT * FROM `fanwe_deal_keyword` LIMIT 1   [ RunTime:0.000933s ]
SQL: SHOW COLUMNS FROM `fanwe_news` [ RunTime:0.001652s ]
SQL: SELECT * FROM `fanwe_news` WHERE ( `id` = 3 ) LIMIT 1   [ RunTime:0.000743s ]
INFO: [ view_parse ] --START--
NOTIC: [8] Undefined index: uid /webHome/LFWZ000390/www/zc/Zc/Runtime/Cache/012cdf2fa3ba4152d6d6173485c32ca8.php 第 98 行.
NOTIC: [8] Use of undefined constant id - assumed 'id' /webHome/LFWZ000390/www/zc/Zc/Runtime/Cache/012cdf2fa3ba4152d6d6173485c32ca8.php 第 142 行.
SQL: SELECT * FROM `fanwe_news` WHERE ( `id` < '3' ) LIMIT 1   [ RunTime:0.001061s ]
SQL: SELECT * FROM `fanwe_news` WHERE ( `id` > '3' ) LIMIT 1   [ RunTime:0.010158s ]
INFO: ParseTemplate Behavior ::run [ RunTime:0.027743s ]
INFO: [ view_parse ] --END-- [ RunTime:0.027862s ]
INFO: [ view_filter ] --START--
INFO: ContentReplace Behavior ::run [ RunTime:0.000616s ]
INFO: TokenBuild Behavior ::run [ RunTime:0.000473s ]
INFO: WriteHtmlCache Behavior ::run [ RunTime:0.000415s ]
INFO: ShowRuntime Behavior ::run [ RunTime:0.000475s ]
INFO: [ view_filter ] --END-- [ RunTime:0.002259s ]
INFO: [ view_end ] --START--
INFO: ShowPageTrace Behavior ::run [ RunTime:0.000436s ]
INFO: [ view_end ] --END-- [ RunTime:0.000533s ]

[ 2016-01-01T10:20:29+08:00 ] 94.23.19.178 /zc/index.php?m=News&a=html&id=4
INFO: [ app_begin ] --START--
INFO: ReadHtmlCache Behavior ::run [ RunTime:0.000567s ]
INFO: [ app_begin ] --END-- [ RunTime:0.000695s ]
SQL: SHOW COLUMNS FROM `fanwe_nav` [ RunTime:0.001999s ]
SQL: SELECT * FROM `fanwe_nav` ORDER BY sort  [ RunTime:0.000786s ]
SQL: SHOW COLUMNS FROM `fanwe_deal_cate` [ RunTime:0.001508s ]
SQL: SELECT * FROM `fanwe_deal_cate` ORDER BY id  [ RunTime:0.000769s ]
SQL: SHOW COLUMNS FROM `fanwe_deal_keyword` [ RunTime:0.003363s ]
SQL: SELECT * FROM `fanwe_deal_keyword` LIMIT 1   [ RunTime:0.000891s ]
SQL: SHOW COLUMNS FROM `fanwe_news` [ RunTime:0.001532s ]
SQL: SELECT * FROM `fanwe_news` WHERE ( `id` = 4 ) LIMIT 1   [ RunTime:0.001453s ]
INFO: [ view_parse ] --START--
NOTIC: [8] Undefined index: uid /webHome/LFWZ000390/www/zc/Zc/Runtime/Cache/012cdf2fa3ba4152d6d6173485c32ca8.php 第 98 行.
NOTIC: [8] Use of undefined constant id - assumed 'id' /webHome/LFWZ000390/www/zc/Zc/Runtime/Cache/012cdf2fa3ba4152d6d6173485c32ca8.php 第 142 行.
SQL: SELECT * FROM `fanwe_news` WHERE ( `id` < '4' ) LIMIT 1   [ RunTime:0.001006s ]
SQL: SELECT * FROM `fanwe_news` WHERE ( `id` > '4' ) LIMIT 1   [ RunTime:0.000840s ]
INFO: ParseTemplate Behavior ::run [ RunTime:0.018948s ]
INFO: [ view_parse ] --END-- [ RunTime:0.019092s ]
INFO: [ view_filter ] --START--
INFO: ContentReplace Behavior ::run [ RunTime:0.000618s ]
INFO: TokenBuild Behavior ::run [ RunTime:0.000476s ]
INFO: WriteHtmlCache Behavior ::run [ RunTime:0.000380s ]
INFO: ShowRuntime Behavior ::run [ RunTime:0.000490s ]
INFO: [ view_filter ] --END-- [ RunTime:0.002243s ]
INFO: [ view_end ] --START--
INFO: ShowPageTrace Behavior ::run [ RunTime:0.000412s ]
INFO: [ view_end ] --END-- [ RunTime:0.000502s ]

[ 2016-01-01T10:20:35+08:00 ] 94.23.19.178 /zc/index.php?m=News&a=html&id=5
INFO: [ app_begin ] --START--
INFO: ReadHtmlCache Behavior ::run [ RunTime:0.000508s ]
INFO: [ app_begin ] --END-- [ RunTime:0.000669s ]
SQL: SHOW COLUMNS FROM `fanwe_nav` [ RunTime:0.001614s ]
SQL: SELECT * FROM `fanwe_nav` ORDER BY sort  [ RunTime:0.001064s ]
SQL: SHOW COLUMNS FROM `fanwe_deal_cate` [ RunTime:0.001684s ]
SQL: SELECT * FROM `fanwe_deal_cate` ORDER BY id  [ RunTime:0.000746s ]
SQL: SHOW COLUMNS FROM `fanwe_deal_keyword` [ RunTime:0.001239s ]
SQL: SELECT * FROM `fanwe_deal_keyword` LIMIT 1   [ RunTime:0.000721s ]
SQL: SHOW COLUMNS FROM `fanwe_news` [ RunTime:0.001940s ]
SQL: SELECT * FROM `fanwe_news` WHERE ( `id` = 5 ) LIMIT 1   [ RunTime:0.000869s ]
INFO: [ view_parse ] --START--
NOTIC: [8] Undefined index: uid /webHome/LFWZ000390/www/zc/Zc/Runtime/Cache/012cdf2fa3ba4152d6d6173485c32ca8.php 第 98 行.
NOTIC: [8] Use of undefined constant id - assumed 'id' /webHome/LFWZ000390/www/zc/Zc/Runtime/Cache/012cdf2fa3ba4152d6d6173485c32ca8.php 第 142 行.
SQL: SELECT * FROM `fanwe_news` WHERE ( `id` < '5' ) LIMIT 1   [ RunTime:0.000838s ]
SQL: SELECT * FROM `fanwe_news` WHERE ( `id` > '5' ) LIMIT 1   [ RunTime:0.009302s ]
INFO: ParseTemplate Behavior ::run [ RunTime:0.026726s ]
INFO: [ view_parse ] --END-- [ RunTime:0.026839s ]
INFO: [ view_filter ] --START--
INFO: ContentReplace Behavior ::run [ RunTime:0.000555s ]
INFO: TokenBuild Behavior ::run [ RunTime:0.000486s ]
INFO: WriteHtmlCache Behavior ::run [ RunTime:0.000366s ]
INFO: ShowRuntime Behavior ::run [ RunTime:0.000590s ]
INFO: [ view_filter ] --END-- [ RunTime:0.002284s ]
INFO: [ view_end ] --START--
INFO: ShowPageTrace Behavior ::run [ RunTime:0.000411s ]
INFO: [ view_end ] --END-- [ RunTime:0.000502s ]

[ 2016-01-01T16:01:32+08:00 ] 178.255.215.93 /zc/
INFO: [ app_begin ] --START--
INFO: ReadHtmlCache Behavior ::run [ RunTime:0.000491s ]
INFO: [ app_begin ] --END-- [ RunTime:0.000620s ]
SQL: SHOW COLUMNS FROM `fanwe_nav` [ RunTime:0.002134s ]
SQL: SELECT * FROM `fanwe_nav` ORDER BY sort  [ RunTime:0.000894s ]
SQL: SHOW COLUMNS FROM `fanwe_deal_cate` [ RunTime:0.001650s ]
SQL: SELECT * FROM `fanwe_deal_cate` ORDER BY id  [ RunTime:0.000972s ]
SQL: SHOW COLUMNS FROM `fanwe_deal_keyword` [ RunTime:0.001440s ]
SQL: SELECT * FROM `fanwe_deal_keyword` LIMIT 1   [ RunTime:0.000643s ]
SQL: SHOW COLUMNS FROM `fanwe_showindex` [ RunTime:0.001410s ]
SQL: SELECT * FROM `fanwe_showindex`  [ RunTime:0.001102s ]
SQL: SHOW COLUMNS FROM `fanwe_news` [ RunTime:0.001948s ]
SQL: SELECT * FROM `fanwe_news` ORDER BY addtime desc,rec desc LIMIT 0,5   [ RunTime:0.013438s ]
SQL: SHOW COLUMNS FROM `fanwe_company` [ RunTime:0.001022s ]
ERR: 1146:Table 'my1006252.fanwe_company' doesn't exist
 [ SQL语句 ] : SHOW COLUMNS FROM `fanwe_company`
SQL: SELECT * FROM `fanwe_company` LIMIT 1   [ RunTime:0.000589s ]
ERR: 1146:Table 'my1006252.fanwe_company' doesn't exist
 [ SQL语句 ] : SELECT * FROM `fanwe_company` LIMIT 1  
INFO: [ view_parse ] --START--
INFO: ParseTemplate Behavior ::run [ RunTime:0.013899s ]
INFO: [ view_parse ] --END-- [ RunTime:0.014027s ]
INFO: [ view_filter ] --START--
INFO: ContentReplace Behavior ::run [ RunTime:0.000591s ]
INFO: TokenBuild Behavior ::run [ RunTime:0.000494s ]
INFO: WriteHtmlCache Behavior ::run [ RunTime:0.000530s ]
INFO: ShowRuntime Behavior ::run [ RunTime:0.000602s ]
INFO: [ view_filter ] --END-- [ RunTime:0.002540s ]
INFO: [ view_end ] --START--
INFO: ShowPageTrace Behavior ::run [ RunTime:0.000532s ]
INFO: [ view_end ] --END-- [ RunTime:0.000653s ]

[ 2016-01-01T18:17:11+08:00 ] 42.156.137.108 /zc/index.php?a=html&id=6&m=News
INFO: [ app_begin ] --START--
INFO: ReadHtmlCache Behavior ::run [ RunTime:0.000468s ]
INFO: [ app_begin ] --END-- [ RunTime:0.000595s ]
SQL: SHOW COLUMNS FROM `fanwe_nav` [ RunTime:0.002255s ]
SQL: SELECT * FROM `fanwe_nav` ORDER BY sort  [ RunTime:0.001028s ]
SQL: SHOW COLUMNS FROM `fanwe_deal_cate` [ RunTime:0.001664s ]
SQL: SELECT * FROM `fanwe_deal_cate` ORDER BY id  [ RunTime:0.000967s ]
SQL: SHOW COLUMNS FROM `fanwe_deal_keyword` [ RunTime:0.001310s ]
SQL: SELECT * FROM `fanwe_deal_keyword` LIMIT 1   [ RunTime:0.000799s ]
SQL: SHOW COLUMNS FROM `fanwe_news` [ RunTime:0.001877s ]
SQL: SELECT * FROM `fanwe_news` WHERE ( `id` = 6 ) LIMIT 1   [ RunTime:0.001272s ]
INFO: [ view_parse ] --START--
NOTIC: [8] Undefined index: uid /webHome/LFWZ000390/www/zc/Zc/Runtime/Cache/012cdf2fa3ba4152d6d6173485c32ca8.php 第 98 行.
NOTIC: [8] Use of undefined constant id - assumed 'id' /webHome/LFWZ000390/www/zc/Zc/Runtime/Cache/012cdf2fa3ba4152d6d6173485c32ca8.php 第 142 行.
SQL: SELECT * FROM `fanwe_news` WHERE ( `id` < '6' ) LIMIT 1   [ RunTime:0.001083s ]
SQL: SELECT * FROM `fanwe_news` WHERE ( `id` > '6' ) LIMIT 1   [ RunTime:0.001907s ]
INFO: ParseTemplate Behavior ::run [ RunTime:0.020730s ]
INFO: [ view_parse ] --END-- [ RunTime:0.020867s ]
INFO: [ view_filter ] --START--
INFO: ContentReplace Behavior ::run [ RunTime:0.000640s ]
INFO: TokenBuild Behavior ::run [ RunTime:0.000484s ]
INFO: WriteHtmlCache Behavior ::run [ RunTime:0.000384s ]
INFO: ShowRuntime Behavior ::run [ RunTime:0.000497s ]
INFO: [ view_filter ] --END-- [ RunTime:0.002340s ]
INFO: [ view_end ] --START--
INFO: ShowPageTrace Behavior ::run [ RunTime:0.000423s ]
INFO: [ view_end ] --END-- [ RunTime:0.000517s ]

[ 2016-01-01T19:19:02+08:00 ] 185.75.190.38 /zc/index.php?m=News&a=html
INFO: [ app_begin ] --START--
INFO: ReadHtmlCache Behavior ::run [ RunTime:0.000457s ]
INFO: [ app_begin ] --END-- [ RunTime:0.000585s ]
SQL: SHOW COLUMNS FROM `fanwe_nav` [ RunTime:0.004342s ]
SQL: SELECT * FROM `fanwe_nav` ORDER BY sort  [ RunTime:0.001163s ]
SQL: SHOW COLUMNS FROM `fanwe_deal_cate` [ RunTime:0.002481s ]
SQL: SELECT * FROM `fanwe_deal_cate` ORDER BY id  [ RunTime:0.001310s ]
SQL: SHOW COLUMNS FROM `fanwe_deal_keyword` [ RunTime:0.002568s ]
SQL: SELECT * FROM `fanwe_deal_keyword` LIMIT 1   [ RunTime:0.001602s ]
NOTIC: [8] Undefined index: id /webHome/LFWZ000390/www/zc/Zc/Lib/Action/NewsAction.class.php 第 28 行.
SQL: SHOW COLUMNS FROM `fanwe_news` [ RunTime:0.002381s ]
SQL: SELECT * FROM `fanwe_news` WHERE ( `id` = null ) LIMIT 1   [ RunTime:0.000785s ]
INFO: [ view_parse ] --START--
NOTIC: [8] Undefined index: uid /webHome/LFWZ000390/www/zc/Zc/Runtime/Cache/012cdf2fa3ba4152d6d6173485c32ca8.php 第 98 行.
NOTIC: [8] Use of undefined constant id - assumed 'id' /webHome/LFWZ000390/www/zc/Zc/Runtime/Cache/012cdf2fa3ba4152d6d6173485c32ca8.php 第 142 行.
SQL: SELECT * FROM `fanwe_news` WHERE ( `id` < null ) LIMIT 1   [ RunTime:0.001672s ]
SQL: SELECT * FROM `fanwe_news` WHERE ( `id` > null ) LIMIT 1   [ RunTime:0.000888s ]
INFO: ParseTemplate Behavior ::run [ RunTime:0.020752s ]
INFO: [ view_parse ] --END-- [ RunTime:0.020904s ]
INFO: [ view_filter ] --START--
INFO: ContentReplace Behavior ::run [ RunTime:0.000679s ]
INFO: TokenBuild Behavior ::run [ RunTime:0.000421s ]
INFO: WriteHtmlCache Behavior ::run [ RunTime:0.000442s ]
INFO: ShowRuntime Behavior ::run [ RunTime:0.000426s ]
INFO: [ view_filter ] --END-- [ RunTime:0.002245s ]
INFO: [ view_end ] --START--
INFO: ShowPageTrace Behavior ::run [ RunTime:0.000453s ]
INFO: [ view_end ] --END-- [ RunTime:0.000549s ]

[ 2016-01-01T20:31:17+08:00 ] 42.156.138.108 /zc/
INFO: [ app_begin ] --START--
INFO: ReadHtmlCache Behavior ::run [ RunTime:0.000690s ]
INFO: [ app_begin ] --END-- [ RunTime:0.000881s ]
SQL: SHOW COLUMNS FROM `fanwe_nav` [ RunTime:0.001988s ]
SQL: SELECT * FROM `fanwe_nav` ORDER BY sort  [ RunTime:0.000806s ]
SQL: SHOW COLUMNS FROM `fanwe_deal_cate` [ RunTime:0.001521s ]
SQL: SELECT * FROM `fanwe_deal_cate` ORDER BY id  [ RunTime:0.000946s ]
SQL: SHOW COLUMNS FROM `fanwe_deal_keyword` [ RunTime:0.002184s ]
SQL: SELECT * FROM `fanwe_deal_keyword` LIMIT 1   [ RunTime:0.000711s ]
SQL: SHOW COLUMNS FROM `fanwe_showindex` [ RunTime:0.001869s ]
SQL: SELECT * FROM `fanwe_showindex`  [ RunTime:0.001285s ]
SQL: SHOW COLUMNS FROM `fanwe_news` [ RunTime:0.001835s ]
SQL: SELECT * FROM `fanwe_news` ORDER BY addtime desc,rec desc LIMIT 0,5   [ RunTime:0.004981s ]
SQL: SHOW COLUMNS FROM `fanwe_company` [ RunTime:0.001346s ]
ERR: 1146:Table 'my1006252.fanwe_company' doesn't exist
 [ SQL语句 ] : SHOW COLUMNS FROM `fanwe_company`
SQL: SELECT * FROM `fanwe_company` LIMIT 1   [ RunTime:0.000769s ]
ERR: 1146:Table 'my1006252.fanwe_company' doesn't exist
 [ SQL语句 ] : SELECT * FROM `fanwe_company` LIMIT 1  
INFO: [ view_parse ] --START--
INFO: ParseTemplate Behavior ::run [ RunTime:0.013975s ]
INFO: [ view_parse ] --END-- [ RunTime:0.014203s ]
INFO: [ view_filter ] --START--
INFO: ContentReplace Behavior ::run [ RunTime:0.000597s ]
INFO: TokenBuild Behavior ::run [ RunTime:0.000537s ]
INFO: WriteHtmlCache Behavior ::run [ RunTime:0.000581s ]
INFO: ShowRuntime Behavior ::run [ RunTime:0.000521s ]
INFO: [ view_filter ] --END-- [ RunTime:0.002541s ]
INFO: [ view_end ] --START--
INFO: ShowPageTrace Behavior ::run [ RunTime:0.000468s ]
INFO: [ view_end ] --END-- [ RunTime:0.000560s ]

