[ 2016-03-09T05:05:25+08:00 ] 46.4.87.105 /zc/index.php?m=news&a=html&id=1
INFO: [ app_begin ] --START--
INFO: ReadHtmlCache Behavior ::run [ RunTime:0.000430s ]
INFO: [ app_begin ] --END-- [ RunTime:0.000565s ]
ERR: 无法加载模块:news

[ 2016-03-09T05:05:27+08:00 ] 46.4.87.105 /zc/index.php?m=news&a=html&id=10
INFO: [ app_begin ] --START--
INFO: ReadHtmlCache Behavior ::run [ RunTime:0.000860s ]
INFO: [ app_begin ] --END-- [ RunTime:0.001066s ]
ERR: 无法加载模块:news

[ 2016-03-09T05:05:30+08:00 ] 46.4.87.105 /zc/index.php?m=news&a=html&id=2
INFO: [ app_begin ] --START--
INFO: ReadHtmlCache Behavior ::run [ RunTime:0.000445s ]
INFO: [ app_begin ] --END-- [ RunTime:0.000577s ]
ERR: 无法加载模块:news

[ 2016-03-09T05:05:31+08:00 ] 46.4.87.105 /zc/index.php?m=news&a=html&id=3
INFO: [ app_begin ] --START--
INFO: ReadHtmlCache Behavior ::run [ RunTime:0.000486s ]
INFO: [ app_begin ] --END-- [ RunTime:0.000705s ]
ERR: 无法加载模块:news

[ 2016-03-09T05:05:35+08:00 ] 46.4.87.105 /zc/index.php?m=news&a=html&id=4
INFO: [ app_begin ] --START--
INFO: ReadHtmlCache Behavior ::run [ RunTime:0.000608s ]
INFO: [ app_begin ] --END-- [ RunTime:0.000748s ]
ERR: 无法加载模块:news

[ 2016-03-09T05:05:37+08:00 ] 46.4.87.105 /zc/index.php?m=news&a=html&id=5
INFO: [ app_begin ] --START--
INFO: ReadHtmlCache Behavior ::run [ RunTime:0.000455s ]
INFO: [ app_begin ] --END-- [ RunTime:0.000726s ]
ERR: 无法加载模块:news

[ 2016-03-09T05:05:38+08:00 ] 46.4.87.105 /zc/index.php?m=news&a=html&id=7
INFO: [ app_begin ] --START--
INFO: ReadHtmlCache Behavior ::run [ RunTime:0.000451s ]
INFO: [ app_begin ] --END-- [ RunTime:0.000578s ]
ERR: 无法加载模块:news

[ 2016-03-09T05:05:40+08:00 ] 46.4.87.105 /zc/index.php?m=news&a=html&id=8
INFO: [ app_begin ] --START--
INFO: ReadHtmlCache Behavior ::run [ RunTime:0.000405s ]
INFO: [ app_begin ] --END-- [ RunTime:0.000568s ]
ERR: 无法加载模块:news

[ 2016-03-09T05:05:42+08:00 ] 46.4.87.105 /zc/index.php?m=news&a=html&id=9
INFO: [ app_begin ] --START--
INFO: ReadHtmlCache Behavior ::run [ RunTime:0.000611s ]
INFO: [ app_begin ] --END-- [ RunTime:0.000742s ]
ERR: 无法加载模块:news

[ 2016-03-09T07:38:24+08:00 ] 68.180.229.246 /zc/index.php?m=News&a=index
INFO: [ app_begin ] --START--
INFO: ReadHtmlCache Behavior ::run [ RunTime:0.000617s ]
INFO: [ app_begin ] --END-- [ RunTime:0.000846s ]
SQL: SHOW COLUMNS FROM `fanwe_nav` [ RunTime:0.001646s ]
SQL: SELECT * FROM `fanwe_nav` ORDER BY sort  [ RunTime:0.001549s ]
SQL: SHOW COLUMNS FROM `fanwe_deal_cate` [ RunTime:0.002218s ]
SQL: SELECT * FROM `fanwe_deal_cate` ORDER BY id  [ RunTime:0.000998s ]
SQL: SHOW COLUMNS FROM `fanwe_deal_keyword` [ RunTime:0.001400s ]
SQL: SELECT * FROM `fanwe_deal_keyword` LIMIT 1   [ RunTime:0.000777s ]
SQL: SHOW COLUMNS FROM `fanwe_news` [ RunTime:0.002241s ]
SQL: SELECT COUNT(*) AS tp_count FROM `fanwe_news` WHERE ( `enable` = 1 ) LIMIT 1   [ RunTime:0.000745s ]
SQL: SELECT COUNT(*) AS tp_count FROM `fanwe_news` WHERE ( `enable` = 1 ) LIMIT 1   [ RunTime:0.000682s ]
SQL: SELECT * FROM `fanwe_news` ORDER BY addtime desc,rec desc LIMIT 0,10   [ RunTime:0.004811s ]
INFO: [ view_parse ] --START--
SQL: SHOW COLUMNS FROM `fanwe_conf` [ RunTime:0.002481s ]
SQL: SELECT `value` FROM `fanwe_conf` WHERE ( `name` = 'SEO_TITLE' ) LIMIT 1   [ RunTime:0.000914s ]
NOTIC: [8] Undefined index: uid /webHome/LFWZ000390/www/zc/Zc/Runtime/Cache/93be05964b36457006025cdbe2606e6a.php 第 107 行.
INFO: ParseTemplate Behavior ::run [ RunTime:0.026646s ]
INFO: [ view_parse ] --END-- [ RunTime:0.026802s ]
INFO: [ view_filter ] --START--
INFO: ContentReplace Behavior ::run [ RunTime:0.000832s ]
INFO: TokenBuild Behavior ::run [ RunTime:0.000532s ]
INFO: WriteHtmlCache Behavior ::run [ RunTime:0.000389s ]
INFO: ShowRuntime Behavior ::run [ RunTime:0.000527s ]
INFO: [ view_filter ] --END-- [ RunTime:0.002573s ]
INFO: [ view_end ] --START--
INFO: ShowPageTrace Behavior ::run [ RunTime:0.000554s ]
INFO: [ view_end ] --END-- [ RunTime:0.000647s ]

[ 2016-03-09T09:45:25+08:00 ] 101.226.169.223 /zc/index.php?a=show&id=67&m=Deal
INFO: [ app_begin ] --START--
INFO: ReadHtmlCache Behavior ::run [ RunTime:0.000430s ]
INFO: [ app_begin ] --END-- [ RunTime:0.000571s ]
NOTIC: [2048] Declaration of DealAction::show() should be compatible with that of Action::show() /webHome/LFWZ000390/www/zc/Zc/Lib/Action/DealAction.class.php 第 13 行.
SQL: SHOW COLUMNS FROM `fanwe_nav` [ RunTime:0.003353s ]
SQL: SELECT * FROM `fanwe_nav` ORDER BY sort  [ RunTime:0.000946s ]
SQL: SHOW COLUMNS FROM `fanwe_deal_cate` [ RunTime:0.001736s ]
SQL: SELECT * FROM `fanwe_deal_cate` ORDER BY id  [ RunTime:0.001043s ]
SQL: SHOW COLUMNS FROM `fanwe_deal_keyword` [ RunTime:0.002152s ]
SQL: SELECT * FROM `fanwe_deal_keyword` LIMIT 1   [ RunTime:0.000807s ]
NOTIC: [8] Undefined index: uid /webHome/LFWZ000390/www/zc/Zc/Lib/Action/DealAction.class.php 第 18 行.

[ 2016-03-09T09:45:26+08:00 ] 101.226.169.225 /zc/index.php?m=User&a=login
INFO: [ app_begin ] --START--
INFO: ReadHtmlCache Behavior ::run [ RunTime:0.000590s ]
INFO: [ app_begin ] --END-- [ RunTime:0.000801s ]
SQL: SHOW COLUMNS FROM `fanwe_nav` [ RunTime:0.001625s ]
SQL: SELECT * FROM `fanwe_nav` ORDER BY sort  [ RunTime:0.000741s ]
SQL: SHOW COLUMNS FROM `fanwe_deal_cate` [ RunTime:0.001200s ]
SQL: SELECT * FROM `fanwe_deal_cate` ORDER BY id  [ RunTime:0.000714s ]
SQL: SHOW COLUMNS FROM `fanwe_deal_keyword` [ RunTime:0.001055s ]
SQL: SELECT * FROM `fanwe_deal_keyword` LIMIT 1   [ RunTime:0.000659s ]
INFO: [ view_parse ] --START--
NOTIC: [8] Undefined index: uid /webHome/LFWZ000390/www/zc/Zc/Runtime/Cache/42b90be8e9c40e58e803cfb6a2f683e9.php 第 76 行.
INFO: ParseTemplate Behavior ::run [ RunTime:0.019498s ]
INFO: [ view_parse ] --END-- [ RunTime:0.019621s ]
INFO: [ view_filter ] --START--
INFO: ContentReplace Behavior ::run [ RunTime:0.000724s ]
INFO: TokenBuild Behavior ::run [ RunTime:0.000533s ]
INFO: WriteHtmlCache Behavior ::run [ RunTime:0.000774s ]
INFO: ShowRuntime Behavior ::run [ RunTime:0.000640s ]
INFO: [ view_filter ] --END-- [ RunTime:0.003042s ]
INFO: [ view_end ] --START--
INFO: ShowPageTrace Behavior ::run [ RunTime:0.000570s ]
INFO: [ view_end ] --END-- [ RunTime:0.000665s ]

[ 2016-03-09T12:54:11+08:00 ] 78.46.196.116 /zc/index.php?m=news&a=html&id=5
INFO: [ app_begin ] --START--
INFO: ReadHtmlCache Behavior ::run [ RunTime:0.000533s ]
INFO: [ app_begin ] --END-- [ RunTime:0.000687s ]
ERR: 无法加载模块:news

[ 2016-03-09T15:29:08+08:00 ] 66.249.64.106 /zc/index.php?m=News&a=index
INFO: [ app_begin ] --START--
INFO: ReadHtmlCache Behavior ::run [ RunTime:0.000581s ]
INFO: [ app_begin ] --END-- [ RunTime:0.000721s ]
SQL: SHOW COLUMNS FROM `fanwe_nav` [ RunTime:0.001873s ]
SQL: SELECT * FROM `fanwe_nav` ORDER BY sort  [ RunTime:0.000770s ]
SQL: SHOW COLUMNS FROM `fanwe_deal_cate` [ RunTime:0.003688s ]
SQL: SELECT * FROM `fanwe_deal_cate` ORDER BY id  [ RunTime:0.000886s ]
SQL: SHOW COLUMNS FROM `fanwe_deal_keyword` [ RunTime:0.001292s ]
SQL: SELECT * FROM `fanwe_deal_keyword` LIMIT 1   [ RunTime:0.000612s ]
SQL: SHOW COLUMNS FROM `fanwe_news` [ RunTime:0.001725s ]
SQL: SELECT COUNT(*) AS tp_count FROM `fanwe_news` WHERE ( `enable` = 1 ) LIMIT 1   [ RunTime:0.001112s ]
SQL: SELECT COUNT(*) AS tp_count FROM `fanwe_news` WHERE ( `enable` = 1 ) LIMIT 1   [ RunTime:0.001188s ]
SQL: SELECT * FROM `fanwe_news` ORDER BY addtime desc,rec desc LIMIT 0,10   [ RunTime:0.005093s ]
INFO: [ view_parse ] --START--
SQL: SHOW COLUMNS FROM `fanwe_conf` [ RunTime:0.002338s ]
SQL: SELECT `value` FROM `fanwe_conf` WHERE ( `name` = 'SEO_TITLE' ) LIMIT 1   [ RunTime:0.000758s ]
NOTIC: [8] Undefined index: uid /webHome/LFWZ000390/www/zc/Zc/Runtime/Cache/93be05964b36457006025cdbe2606e6a.php 第 107 行.
INFO: ParseTemplate Behavior ::run [ RunTime:0.027809s ]
INFO: [ view_parse ] --END-- [ RunTime:0.027958s ]
INFO: [ view_filter ] --START--
INFO: ContentReplace Behavior ::run [ RunTime:0.000763s ]
INFO: TokenBuild Behavior ::run [ RunTime:0.000654s ]
INFO: WriteHtmlCache Behavior ::run [ RunTime:0.000416s ]
INFO: ShowRuntime Behavior ::run [ RunTime:0.000567s ]
INFO: [ view_filter ] --END-- [ RunTime:0.002739s ]
INFO: [ view_end ] --START--
INFO: ShowPageTrace Behavior ::run [ RunTime:0.000616s ]
INFO: [ view_end ] --END-- [ RunTime:0.000709s ]

[ 2016-03-09T20:24:36+08:00 ] 42.156.136.38 /zc/index.php?a=html&id=6&m=News
INFO: [ app_begin ] --START--
INFO: ReadHtmlCache Behavior ::run [ RunTime:0.000436s ]
INFO: [ app_begin ] --END-- [ RunTime:0.000567s ]
SQL: SHOW COLUMNS FROM `fanwe_nav` [ RunTime:0.001980s ]
SQL: SELECT * FROM `fanwe_nav` ORDER BY sort  [ RunTime:0.001638s ]
SQL: SHOW COLUMNS FROM `fanwe_deal_cate` [ RunTime:0.001296s ]
SQL: SELECT * FROM `fanwe_deal_cate` ORDER BY id  [ RunTime:0.001735s ]
SQL: SHOW COLUMNS FROM `fanwe_deal_keyword` [ RunTime:0.001513s ]
SQL: SELECT * FROM `fanwe_deal_keyword` LIMIT 1   [ RunTime:0.001174s ]
SQL: SHOW COLUMNS FROM `fanwe_news` [ RunTime:0.002614s ]
SQL: SELECT * FROM `fanwe_news` WHERE ( `id` = 6 ) LIMIT 1   [ RunTime:0.001452s ]
INFO: [ view_parse ] --START--
NOTIC: [8] Undefined index: uid /webHome/LFWZ000390/www/zc/Zc/Runtime/Cache/012cdf2fa3ba4152d6d6173485c32ca8.php 第 98 行.
NOTIC: [8] Use of undefined constant id - assumed 'id' /webHome/LFWZ000390/www/zc/Zc/Runtime/Cache/012cdf2fa3ba4152d6d6173485c32ca8.php 第 142 行.
SQL: SELECT * FROM `fanwe_news` WHERE ( `id` < '6' ) LIMIT 1   [ RunTime:0.000781s ]
SQL: SELECT * FROM `fanwe_news` WHERE ( `id` > '6' ) LIMIT 1   [ RunTime:0.001375s ]
INFO: ParseTemplate Behavior ::run [ RunTime:0.023210s ]
INFO: [ view_parse ] --END-- [ RunTime:0.023382s ]
INFO: [ view_filter ] --START--
INFO: ContentReplace Behavior ::run [ RunTime:0.000751s ]
INFO: TokenBuild Behavior ::run [ RunTime:0.000466s ]
INFO: WriteHtmlCache Behavior ::run [ RunTime:0.000441s ]
INFO: ShowRuntime Behavior ::run [ RunTime:0.000534s ]
INFO: [ view_filter ] --END-- [ RunTime:0.002540s ]
INFO: [ view_end ] --START--
INFO: ShowPageTrace Behavior ::run [ RunTime:0.000447s ]
INFO: [ view_end ] --END-- [ RunTime:0.000542s ]

[ 2016-03-09T20:36:30+08:00 ] 69.30.213.138 /zc/index.php?m=Deals&a=index&tid=6
INFO: [ app_begin ] --START--
INFO: ReadHtmlCache Behavior ::run [ RunTime:0.000617s ]
INFO: [ app_begin ] --END-- [ RunTime:0.000821s ]
NOTIC: [2] mysql_connect(): Unknown MySQL server host 'my1006252.xincache1.cn' (2) /webHome/LFWZ000390/www/zc/Core/Lib/Driver/Db/DbMysql.class.php 第 55 行.
ERR: Unknown MySQL server host 'my1006252.xincache1.cn' (2)

[ 2016-03-09T20:36:34+08:00 ] 69.30.213.138 /zc/index.php?m=Deals&a=index&tid=8
INFO: [ app_begin ] --START--
INFO: ReadHtmlCache Behavior ::run [ RunTime:0.000582s ]
INFO: [ app_begin ] --END-- [ RunTime:0.000746s ]
SQL: SHOW COLUMNS FROM `fanwe_nav` [ RunTime:0.002120s ]
SQL: SELECT * FROM `fanwe_nav` ORDER BY sort  [ RunTime:0.000757s ]
SQL: SHOW COLUMNS FROM `fanwe_deal_cate` [ RunTime:0.001594s ]
SQL: SELECT * FROM `fanwe_deal_cate` ORDER BY id  [ RunTime:0.000686s ]
SQL: SHOW COLUMNS FROM `fanwe_deal_keyword` [ RunTime:0.001283s ]
SQL: SELECT * FROM `fanwe_deal_keyword` LIMIT 1   [ RunTime:0.000627s ]
NOTIC: [8] Undefined index: uid /webHome/LFWZ000390/www/zc/Zc/Lib/Action/DealsAction.class.php 第 18 行.

[ 2016-03-09T20:36:51+08:00 ] 69.30.213.138 /zc/index.php?m=User&a=login
INFO: [ app_begin ] --START--
INFO: ReadHtmlCache Behavior ::run [ RunTime:0.000462s ]
INFO: [ app_begin ] --END-- [ RunTime:0.000595s ]
SQL: SHOW COLUMNS FROM `fanwe_nav` [ RunTime:0.002522s ]
SQL: SELECT * FROM `fanwe_nav` ORDER BY sort  [ RunTime:0.000796s ]
SQL: SHOW COLUMNS FROM `fanwe_deal_cate` [ RunTime:0.001469s ]
SQL: SELECT * FROM `fanwe_deal_cate` ORDER BY id  [ RunTime:0.001194s ]
SQL: SHOW COLUMNS FROM `fanwe_deal_keyword` [ RunTime:0.001584s ]
SQL: SELECT * FROM `fanwe_deal_keyword` LIMIT 1   [ RunTime:0.000705s ]
INFO: [ view_parse ] --START--
NOTIC: [8] Undefined index: uid /webHome/LFWZ000390/www/zc/Zc/Runtime/Cache/42b90be8e9c40e58e803cfb6a2f683e9.php 第 76 行.
INFO: ParseTemplate Behavior ::run [ RunTime:0.015758s ]
INFO: [ view_parse ] --END-- [ RunTime:0.015918s ]
INFO: [ view_filter ] --START--
INFO: ContentReplace Behavior ::run [ RunTime:0.000619s ]
INFO: TokenBuild Behavior ::run [ RunTime:0.000725s ]
INFO: WriteHtmlCache Behavior ::run [ RunTime:0.000440s ]
INFO: ShowRuntime Behavior ::run [ RunTime:0.000485s ]
INFO: [ view_filter ] --END-- [ RunTime:0.002684s ]
INFO: [ view_end ] --START--
INFO: ShowPageTrace Behavior ::run [ RunTime:0.000444s ]
INFO: [ view_end ] --END-- [ RunTime:0.000564s ]

[ 2016-03-09T20:36:54+08:00 ] 69.30.213.138 /zc/index.php?m=Deals&a=index&tid=9
INFO: [ app_begin ] --START--
INFO: ReadHtmlCache Behavior ::run [ RunTime:0.000507s ]
INFO: [ app_begin ] --END-- [ RunTime:0.000682s ]
SQL: SHOW COLUMNS FROM `fanwe_nav` [ RunTime:0.003537s ]
SQL: SELECT * FROM `fanwe_nav` ORDER BY sort  [ RunTime:0.001155s ]
SQL: SHOW COLUMNS FROM `fanwe_deal_cate` [ RunTime:0.002401s ]
SQL: SELECT * FROM `fanwe_deal_cate` ORDER BY id  [ RunTime:0.000688s ]
SQL: SHOW COLUMNS FROM `fanwe_deal_keyword` [ RunTime:0.002324s ]
SQL: SELECT * FROM `fanwe_deal_keyword` LIMIT 1   [ RunTime:0.000499s ]
NOTIC: [8] Undefined index: uid /webHome/LFWZ000390/www/zc/Zc/Lib/Action/DealsAction.class.php 第 18 行.

[ 2016-03-09T20:36:59+08:00 ] 69.30.213.138 /zc/index.php?m=User&a=login
INFO: [ app_begin ] --START--
INFO: ReadHtmlCache Behavior ::run [ RunTime:0.000495s ]
INFO: [ app_begin ] --END-- [ RunTime:0.000645s ]
SQL: SHOW COLUMNS FROM `fanwe_nav` [ RunTime:0.002289s ]
SQL: SELECT * FROM `fanwe_nav` ORDER BY sort  [ RunTime:0.002118s ]
SQL: SHOW COLUMNS FROM `fanwe_deal_cate` [ RunTime:0.002574s ]
SQL: SELECT * FROM `fanwe_deal_cate` ORDER BY id  [ RunTime:0.001503s ]
SQL: SHOW COLUMNS FROM `fanwe_deal_keyword` [ RunTime:0.002594s ]
SQL: SELECT * FROM `fanwe_deal_keyword` LIMIT 1   [ RunTime:0.000698s ]
INFO: [ view_parse ] --START--
NOTIC: [8] Undefined index: uid /webHome/LFWZ000390/www/zc/Zc/Runtime/Cache/42b90be8e9c40e58e803cfb6a2f683e9.php 第 76 行.
INFO: ParseTemplate Behavior ::run [ RunTime:0.026410s ]
INFO: [ view_parse ] --END-- [ RunTime:0.026539s ]
INFO: [ view_filter ] --START--
INFO: ContentReplace Behavior ::run [ RunTime:0.000598s ]
INFO: TokenBuild Behavior ::run [ RunTime:0.000468s ]
INFO: WriteHtmlCache Behavior ::run [ RunTime:0.000515s ]
INFO: ShowRuntime Behavior ::run [ RunTime:0.000531s ]
INFO: [ view_filter ] --END-- [ RunTime:0.002481s ]
INFO: [ view_end ] --START--
INFO: ShowPageTrace Behavior ::run [ RunTime:0.000455s ]
INFO: [ view_end ] --END-- [ RunTime:0.000551s ]

[ 2016-03-09T20:37:02+08:00 ] 69.30.213.138 /zc/index.php?m=News&a=html
INFO: [ app_begin ] --START--
INFO: ReadHtmlCache Behavior ::run [ RunTime:0.000521s ]
INFO: [ app_begin ] --END-- [ RunTime:0.000664s ]
SQL: SHOW COLUMNS FROM `fanwe_nav` [ RunTime:0.001716s ]
SQL: SELECT * FROM `fanwe_nav` ORDER BY sort  [ RunTime:0.000788s ]
SQL: SHOW COLUMNS FROM `fanwe_deal_cate` [ RunTime:0.001469s ]
SQL: SELECT * FROM `fanwe_deal_cate` ORDER BY id  [ RunTime:0.000824s ]
SQL: SHOW COLUMNS FROM `fanwe_deal_keyword` [ RunTime:0.001452s ]
SQL: SELECT * FROM `fanwe_deal_keyword` LIMIT 1   [ RunTime:0.001059s ]
NOTIC: [8] Undefined index: id /webHome/LFWZ000390/www/zc/Zc/Lib/Action/NewsAction.class.php 第 28 行.
SQL: SHOW COLUMNS FROM `fanwe_news` [ RunTime:0.001826s ]
SQL: SELECT * FROM `fanwe_news` WHERE ( `id` = null ) LIMIT 1   [ RunTime:0.000981s ]
INFO: [ view_parse ] --START--
NOTIC: [8] Undefined index: uid /webHome/LFWZ000390/www/zc/Zc/Runtime/Cache/012cdf2fa3ba4152d6d6173485c32ca8.php 第 98 行.
NOTIC: [8] Use of undefined constant id - assumed 'id' /webHome/LFWZ000390/www/zc/Zc/Runtime/Cache/012cdf2fa3ba4152d6d6173485c32ca8.php 第 142 行.
SQL: SELECT * FROM `fanwe_news` WHERE ( `id` < null ) LIMIT 1   [ RunTime:0.001195s ]
SQL: SELECT * FROM `fanwe_news` WHERE ( `id` > null ) LIMIT 1   [ RunTime:0.000928s ]
INFO: ParseTemplate Behavior ::run [ RunTime:0.020265s ]
INFO: [ view_parse ] --END-- [ RunTime:0.020484s ]
INFO: [ view_filter ] --START--
INFO: ContentReplace Behavior ::run [ RunTime:0.000642s ]
INFO: TokenBuild Behavior ::run [ RunTime:0.000660s ]
INFO: WriteHtmlCache Behavior ::run [ RunTime:0.000363s ]
INFO: ShowRuntime Behavior ::run [ RunTime:0.000473s ]
INFO: [ view_filter ] --END-- [ RunTime:0.002597s ]
INFO: [ view_end ] --START--
INFO: ShowPageTrace Behavior ::run [ RunTime:0.000726s ]
INFO: [ view_end ] --END-- [ RunTime:0.000883s ]

[ 2016-03-09T21:59:46+08:00 ] 75.134.133.243 /zc/index.php?m=News&a=html
INFO: [ app_begin ] --START--
INFO: ReadHtmlCache Behavior ::run [ RunTime:0.000516s ]
INFO: [ app_begin ] --END-- [ RunTime:0.000659s ]
SQL: SHOW COLUMNS FROM `fanwe_nav` [ RunTime:0.002315s ]
SQL: SELECT * FROM `fanwe_nav` ORDER BY sort  [ RunTime:0.000862s ]
SQL: SHOW COLUMNS FROM `fanwe_deal_cate` [ RunTime:0.001987s ]
SQL: SELECT * FROM `fanwe_deal_cate` ORDER BY id  [ RunTime:0.001004s ]
SQL: SHOW COLUMNS FROM `fanwe_deal_keyword` [ RunTime:0.001541s ]
SQL: SELECT * FROM `fanwe_deal_keyword` LIMIT 1   [ RunTime:0.000920s ]
NOTIC: [8] Undefined index: id /webHome/LFWZ000390/www/zc/Zc/Lib/Action/NewsAction.class.php 第 28 行.
SQL: SHOW COLUMNS FROM `fanwe_news` [ RunTime:0.002264s ]
SQL: SELECT * FROM `fanwe_news` WHERE ( `id` = null ) LIMIT 1   [ RunTime:0.001303s ]
INFO: [ view_parse ] --START--
NOTIC: [8] Undefined index: uid /webHome/LFWZ000390/www/zc/Zc/Runtime/Cache/012cdf2fa3ba4152d6d6173485c32ca8.php 第 98 行.
NOTIC: [8] Use of undefined constant id - assumed 'id' /webHome/LFWZ000390/www/zc/Zc/Runtime/Cache/012cdf2fa3ba4152d6d6173485c32ca8.php 第 142 行.
SQL: SELECT * FROM `fanwe_news` WHERE ( `id` < null ) LIMIT 1   [ RunTime:0.000848s ]
SQL: SELECT * FROM `fanwe_news` WHERE ( `id` > null ) LIMIT 1   [ RunTime:0.000934s ]
INFO: ParseTemplate Behavior ::run [ RunTime:0.020790s ]
INFO: [ view_parse ] --END-- [ RunTime:0.020970s ]
INFO: [ view_filter ] --START--
INFO: ContentReplace Behavior ::run [ RunTime:0.000690s ]
INFO: TokenBuild Behavior ::run [ RunTime:0.000825s ]
INFO: WriteHtmlCache Behavior ::run [ RunTime:0.000527s ]
INFO: ShowRuntime Behavior ::run [ RunTime:0.000645s ]
INFO: [ view_filter ] --END-- [ RunTime:0.003111s ]
INFO: [ view_end ] --START--
INFO: ShowPageTrace Behavior ::run [ RunTime:0.000447s ]
INFO: [ view_end ] --END-- [ RunTime:0.000544s ]

