[ 2016-03-19T00:08:03+08:00 ] 101.226.168.220 /zc/
INFO: [ app_begin ] --START--
INFO: ReadHtmlCache Behavior ::run [ RunTime:0.000519s ]
INFO: [ app_begin ] --END-- [ RunTime:0.000844s ]
SQL: SHOW COLUMNS FROM `fanwe_nav` [ RunTime:0.002377s ]
SQL: SELECT * FROM `fanwe_nav` ORDER BY sort  [ RunTime:0.001464s ]
SQL: SHOW COLUMNS FROM `fanwe_deal_cate` [ RunTime:0.002009s ]
SQL: SELECT * FROM `fanwe_deal_cate` ORDER BY id  [ RunTime:0.001336s ]
SQL: SHOW COLUMNS FROM `fanwe_deal_keyword` [ RunTime:0.001779s ]
SQL: SELECT * FROM `fanwe_deal_keyword` LIMIT 1   [ RunTime:0.000859s ]
SQL: SHOW COLUMNS FROM `fanwe_showindex` [ RunTime:0.001850s ]
SQL: SELECT * FROM `fanwe_showindex`  [ RunTime:0.001309s ]
SQL: SHOW COLUMNS FROM `fanwe_news` [ RunTime:0.002201s ]
SQL: SELECT * FROM `fanwe_news` ORDER BY addtime desc,rec desc LIMIT 0,5   [ RunTime:0.005244s ]
SQL: SHOW COLUMNS FROM `fanwe_company` [ RunTime:0.001571s ]
ERR: 1146:Table 'my1006252.fanwe_company' doesn't exist
 [ SQL语句 ] : SHOW COLUMNS FROM `fanwe_company`
SQL: SELECT * FROM `fanwe_company` LIMIT 1   [ RunTime:0.000655s ]
ERR: 1146:Table 'my1006252.fanwe_company' doesn't exist
 [ SQL语句 ] : SELECT * FROM `fanwe_company` LIMIT 1  
INFO: [ view_parse ] --START--
INFO: ParseTemplate Behavior ::run [ RunTime:0.015747s ]
INFO: [ view_parse ] --END-- [ RunTime:0.015909s ]
INFO: [ view_filter ] --START--
INFO: ContentReplace Behavior ::run [ RunTime:0.000757s ]
INFO: TokenBuild Behavior ::run [ RunTime:0.000795s ]
INFO: WriteHtmlCache Behavior ::run [ RunTime:0.000451s ]
INFO: ShowRuntime Behavior ::run [ RunTime:0.000588s ]
INFO: [ view_filter ] --END-- [ RunTime:0.002936s ]
INFO: [ view_end ] --START--
INFO: ShowPageTrace Behavior ::run [ RunTime:0.000537s ]
INFO: [ view_end ] --END-- [ RunTime:0.000661s ]

[ 2016-03-19T00:10:29+08:00 ] 182.118.20.254 /zc/index.php?a=index&m=News
INFO: [ app_begin ] --START--
INFO: ReadHtmlCache Behavior ::run [ RunTime:0.000644s ]
INFO: [ app_begin ] --END-- [ RunTime:0.000842s ]
SQL: SHOW COLUMNS FROM `fanwe_nav` [ RunTime:0.001480s ]
SQL: SELECT * FROM `fanwe_nav` ORDER BY sort  [ RunTime:0.002354s ]
SQL: SHOW COLUMNS FROM `fanwe_deal_cate` [ RunTime:0.001829s ]
SQL: SELECT * FROM `fanwe_deal_cate` ORDER BY id  [ RunTime:0.000979s ]
SQL: SHOW COLUMNS FROM `fanwe_deal_keyword` [ RunTime:0.001584s ]
SQL: SELECT * FROM `fanwe_deal_keyword` LIMIT 1   [ RunTime:0.001342s ]
SQL: SHOW COLUMNS FROM `fanwe_news` [ RunTime:0.003483s ]
SQL: SELECT COUNT(*) AS tp_count FROM `fanwe_news` WHERE ( `enable` = 1 ) LIMIT 1   [ RunTime:0.000981s ]
SQL: SELECT COUNT(*) AS tp_count FROM `fanwe_news` WHERE ( `enable` = 1 ) LIMIT 1   [ RunTime:0.001192s ]
SQL: SELECT * FROM `fanwe_news` ORDER BY addtime desc,rec desc LIMIT 0,10   [ RunTime:0.004670s ]
INFO: [ view_parse ] --START--
SQL: SHOW COLUMNS FROM `fanwe_conf` [ RunTime:0.001998s ]
SQL: SELECT `value` FROM `fanwe_conf` WHERE ( `name` = 'SEO_TITLE' ) LIMIT 1   [ RunTime:0.001495s ]
NOTIC: [8] Undefined index: uid /webHome/LFWZ000390/www/zc/Zc/Runtime/Cache/93be05964b36457006025cdbe2606e6a.php 第 107 行.
INFO: ParseTemplate Behavior ::run [ RunTime:0.019803s ]
INFO: [ view_parse ] --END-- [ RunTime:0.019889s ]
INFO: [ view_filter ] --START--
INFO: ContentReplace Behavior ::run [ RunTime:0.000514s ]
INFO: TokenBuild Behavior ::run [ RunTime:0.000383s ]
INFO: WriteHtmlCache Behavior ::run [ RunTime:0.000271s ]
INFO: ShowRuntime Behavior ::run [ RunTime:0.000408s ]
INFO: [ view_filter ] --END-- [ RunTime:0.001842s ]
INFO: [ view_end ] --START--
INFO: ShowPageTrace Behavior ::run [ RunTime:0.000321s ]
INFO: [ view_end ] --END-- [ RunTime:0.000390s ]

[ 2016-03-19T02:48:58+08:00 ] 66.249.66.105 /zc/index.php?m=news&a=html&id=1
INFO: [ app_begin ] --START--
INFO: ReadHtmlCache Behavior ::run [ RunTime:0.000504s ]
INFO: [ app_begin ] --END-- [ RunTime:0.000650s ]
ERR: 无法加载模块:news

[ 2016-03-19T05:09:36+08:00 ] 69.30.198.178 /zc/index.php?m=News&a=html&id=7
INFO: [ app_begin ] --START--
INFO: ReadHtmlCache Behavior ::run [ RunTime:0.000435s ]
INFO: [ app_begin ] --END-- [ RunTime:0.000555s ]
SQL: SHOW COLUMNS FROM `fanwe_nav` [ RunTime:0.001745s ]
SQL: SELECT * FROM `fanwe_nav` ORDER BY sort  [ RunTime:0.011970s ]
SQL: SHOW COLUMNS FROM `fanwe_deal_cate` [ RunTime:0.001636s ]
SQL: SELECT * FROM `fanwe_deal_cate` ORDER BY id  [ RunTime:0.007325s ]
SQL: SHOW COLUMNS FROM `fanwe_deal_keyword` [ RunTime:0.001454s ]
SQL: SELECT * FROM `fanwe_deal_keyword` LIMIT 1   [ RunTime:0.005418s ]
SQL: SHOW COLUMNS FROM `fanwe_news` [ RunTime:0.001696s ]
SQL: SELECT * FROM `fanwe_news` WHERE ( `id` = 7 ) LIMIT 1   [ RunTime:0.019040s ]
INFO: [ view_parse ] --START--
NOTIC: [8] Undefined index: uid /webHome/LFWZ000390/www/zc/Zc/Runtime/Cache/012cdf2fa3ba4152d6d6173485c32ca8.php 第 98 行.
NOTIC: [8] Use of undefined constant id - assumed 'id' /webHome/LFWZ000390/www/zc/Zc/Runtime/Cache/012cdf2fa3ba4152d6d6173485c32ca8.php 第 142 行.
SQL: SELECT * FROM `fanwe_news` WHERE ( `id` < '7' ) LIMIT 1   [ RunTime:0.001529s ]
SQL: SELECT * FROM `fanwe_news` WHERE ( `id` > '7' ) LIMIT 1   [ RunTime:0.001809s ]
INFO: ParseTemplate Behavior ::run [ RunTime:0.022246s ]
INFO: [ view_parse ] --END-- [ RunTime:0.022420s ]
INFO: [ view_filter ] --START--
INFO: ContentReplace Behavior ::run [ RunTime:0.000826s ]
INFO: TokenBuild Behavior ::run [ RunTime:0.000515s ]
INFO: WriteHtmlCache Behavior ::run [ RunTime:0.000431s ]
INFO: ShowRuntime Behavior ::run [ RunTime:0.000573s ]
INFO: [ view_filter ] --END-- [ RunTime:0.002660s ]
INFO: [ view_end ] --START--
INFO: ShowPageTrace Behavior ::run [ RunTime:0.000435s ]
INFO: [ view_end ] --END-- [ RunTime:0.000562s ]

[ 2016-03-19T05:09:39+08:00 ] 69.30.198.178 /zc/index.php?m=News&a=html&id=8
INFO: [ app_begin ] --START--
INFO: ReadHtmlCache Behavior ::run [ RunTime:0.000526s ]
INFO: [ app_begin ] --END-- [ RunTime:0.000654s ]
SQL: SHOW COLUMNS FROM `fanwe_nav` [ RunTime:0.001980s ]
SQL: SELECT * FROM `fanwe_nav` ORDER BY sort  [ RunTime:0.000768s ]
SQL: SHOW COLUMNS FROM `fanwe_deal_cate` [ RunTime:0.001582s ]
SQL: SELECT * FROM `fanwe_deal_cate` ORDER BY id  [ RunTime:0.001031s ]
SQL: SHOW COLUMNS FROM `fanwe_deal_keyword` [ RunTime:0.001791s ]
SQL: SELECT * FROM `fanwe_deal_keyword` LIMIT 1   [ RunTime:0.000774s ]
SQL: SHOW COLUMNS FROM `fanwe_news` [ RunTime:0.002028s ]
SQL: SELECT * FROM `fanwe_news` WHERE ( `id` = 8 ) LIMIT 1   [ RunTime:0.002322s ]
INFO: [ view_parse ] --START--
NOTIC: [8] Undefined index: uid /webHome/LFWZ000390/www/zc/Zc/Runtime/Cache/012cdf2fa3ba4152d6d6173485c32ca8.php 第 98 行.
NOTIC: [8] Use of undefined constant id - assumed 'id' /webHome/LFWZ000390/www/zc/Zc/Runtime/Cache/012cdf2fa3ba4152d6d6173485c32ca8.php 第 142 行.
SQL: SELECT * FROM `fanwe_news` WHERE ( `id` < '8' ) LIMIT 1   [ RunTime:0.000837s ]
SQL: SELECT * FROM `fanwe_news` WHERE ( `id` > '8' ) LIMIT 1   [ RunTime:0.001991s ]
INFO: ParseTemplate Behavior ::run [ RunTime:0.020142s ]
INFO: [ view_parse ] --END-- [ RunTime:0.020292s ]
INFO: [ view_filter ] --START--
INFO: ContentReplace Behavior ::run [ RunTime:0.000689s ]
INFO: TokenBuild Behavior ::run [ RunTime:0.000475s ]
INFO: WriteHtmlCache Behavior ::run [ RunTime:0.000437s ]
INFO: ShowRuntime Behavior ::run [ RunTime:0.000486s ]
INFO: [ view_filter ] --END-- [ RunTime:0.002370s ]
INFO: [ view_end ] --START--
INFO: ShowPageTrace Behavior ::run [ RunTime:0.000500s ]
INFO: [ view_end ] --END-- [ RunTime:0.000590s ]

[ 2016-03-19T05:09:47+08:00 ] 69.30.198.178 /zc/index.php?m=News&a=html&id=9
INFO: [ app_begin ] --START--
INFO: ReadHtmlCache Behavior ::run [ RunTime:0.000565s ]
INFO: [ app_begin ] --END-- [ RunTime:0.000843s ]
SQL: SHOW COLUMNS FROM `fanwe_nav` [ RunTime:0.001986s ]
SQL: SELECT * FROM `fanwe_nav` ORDER BY sort  [ RunTime:0.000876s ]
SQL: SHOW COLUMNS FROM `fanwe_deal_cate` [ RunTime:0.001722s ]
SQL: SELECT * FROM `fanwe_deal_cate` ORDER BY id  [ RunTime:0.000798s ]
SQL: SHOW COLUMNS FROM `fanwe_deal_keyword` [ RunTime:0.001563s ]
SQL: SELECT * FROM `fanwe_deal_keyword` LIMIT 1   [ RunTime:0.001134s ]
SQL: SHOW COLUMNS FROM `fanwe_news` [ RunTime:0.002302s ]
SQL: SELECT * FROM `fanwe_news` WHERE ( `id` = 9 ) LIMIT 1   [ RunTime:0.002355s ]
INFO: [ view_parse ] --START--
NOTIC: [8] Undefined index: uid /webHome/LFWZ000390/www/zc/Zc/Runtime/Cache/012cdf2fa3ba4152d6d6173485c32ca8.php 第 98 行.
NOTIC: [8] Use of undefined constant id - assumed 'id' /webHome/LFWZ000390/www/zc/Zc/Runtime/Cache/012cdf2fa3ba4152d6d6173485c32ca8.php 第 142 行.
SQL: SELECT * FROM `fanwe_news` WHERE ( `id` < '9' ) LIMIT 1   [ RunTime:0.000825s ]
SQL: SELECT * FROM `fanwe_news` WHERE ( `id` > '9' ) LIMIT 1   [ RunTime:0.000722s ]
INFO: ParseTemplate Behavior ::run [ RunTime:0.019722s ]
INFO: [ view_parse ] --END-- [ RunTime:0.019869s ]
INFO: [ view_filter ] --START--
INFO: ContentReplace Behavior ::run [ RunTime:0.000740s ]
INFO: TokenBuild Behavior ::run [ RunTime:0.000555s ]
INFO: WriteHtmlCache Behavior ::run [ RunTime:0.000453s ]
INFO: ShowRuntime Behavior ::run [ RunTime:0.000600s ]
INFO: [ view_filter ] --END-- [ RunTime:0.002657s ]
INFO: [ view_end ] --START--
INFO: ShowPageTrace Behavior ::run [ RunTime:0.000467s ]
INFO: [ view_end ] --END-- [ RunTime:0.000559s ]

[ 2016-03-19T05:09:49+08:00 ] 69.30.198.178 /zc/index.php?m=News&a=index
INFO: [ app_begin ] --START--
INFO: ReadHtmlCache Behavior ::run [ RunTime:0.000475s ]
INFO: [ app_begin ] --END-- [ RunTime:0.000607s ]
SQL: SHOW COLUMNS FROM `fanwe_nav` [ RunTime:0.001688s ]
SQL: SELECT * FROM `fanwe_nav` ORDER BY sort  [ RunTime:0.001419s ]
SQL: SHOW COLUMNS FROM `fanwe_deal_cate` [ RunTime:0.001178s ]
SQL: SELECT * FROM `fanwe_deal_cate` ORDER BY id  [ RunTime:0.001478s ]
SQL: SHOW COLUMNS FROM `fanwe_deal_keyword` [ RunTime:0.001646s ]
SQL: SELECT * FROM `fanwe_deal_keyword` LIMIT 1   [ RunTime:0.001131s ]
SQL: SHOW COLUMNS FROM `fanwe_news` [ RunTime:0.003198s ]
SQL: SELECT COUNT(*) AS tp_count FROM `fanwe_news` WHERE ( `enable` = 1 ) LIMIT 1   [ RunTime:0.001314s ]
SQL: SELECT COUNT(*) AS tp_count FROM `fanwe_news` WHERE ( `enable` = 1 ) LIMIT 1   [ RunTime:0.001153s ]
SQL: SELECT * FROM `fanwe_news` ORDER BY addtime desc,rec desc LIMIT 0,10   [ RunTime:0.006291s ]
INFO: [ view_parse ] --START--
SQL: SHOW COLUMNS FROM `fanwe_conf` [ RunTime:0.002960s ]
SQL: SELECT `value` FROM `fanwe_conf` WHERE ( `name` = 'SEO_TITLE' ) LIMIT 1   [ RunTime:0.006197s ]
NOTIC: [8] Undefined index: uid /webHome/LFWZ000390/www/zc/Zc/Runtime/Cache/93be05964b36457006025cdbe2606e6a.php 第 107 行.
INFO: ParseTemplate Behavior ::run [ RunTime:0.030738s ]
INFO: [ view_parse ] --END-- [ RunTime:0.030922s ]
INFO: [ view_filter ] --START--
INFO: ContentReplace Behavior ::run [ RunTime:0.000842s ]
INFO: TokenBuild Behavior ::run [ RunTime:0.000478s ]
INFO: WriteHtmlCache Behavior ::run [ RunTime:0.000416s ]
INFO: ShowRuntime Behavior ::run [ RunTime:0.000507s ]
INFO: [ view_filter ] --END-- [ RunTime:0.002558s ]
INFO: [ view_end ] --START--
INFO: ShowPageTrace Behavior ::run [ RunTime:0.000485s ]
INFO: [ view_end ] --END-- [ RunTime:0.000582s ]

[ 2016-03-19T05:36:15+08:00 ] 91.194.84.106 /zc/index.php?m=News&a=html
INFO: [ app_begin ] --START--
INFO: ReadHtmlCache Behavior ::run [ RunTime:0.000548s ]
INFO: [ app_begin ] --END-- [ RunTime:0.000687s ]
SQL: SHOW COLUMNS FROM `fanwe_nav` [ RunTime:0.001955s ]
SQL: SELECT * FROM `fanwe_nav` ORDER BY sort  [ RunTime:0.000945s ]
SQL: SHOW COLUMNS FROM `fanwe_deal_cate` [ RunTime:0.001763s ]
SQL: SELECT * FROM `fanwe_deal_cate` ORDER BY id  [ RunTime:0.000795s ]
SQL: SHOW COLUMNS FROM `fanwe_deal_keyword` [ RunTime:0.001483s ]
SQL: SELECT * FROM `fanwe_deal_keyword` LIMIT 1   [ RunTime:0.000857s ]
NOTIC: [8] Undefined index: id /webHome/LFWZ000390/www/zc/Zc/Lib/Action/NewsAction.class.php 第 28 行.
SQL: SHOW COLUMNS FROM `fanwe_news` [ RunTime:0.001671s ]
SQL: SELECT * FROM `fanwe_news` WHERE ( `id` = null ) LIMIT 1   [ RunTime:0.000971s ]
INFO: [ view_parse ] --START--
NOTIC: [8] Undefined index: uid /webHome/LFWZ000390/www/zc/Zc/Runtime/Cache/012cdf2fa3ba4152d6d6173485c32ca8.php 第 98 行.
NOTIC: [8] Use of undefined constant id - assumed 'id' /webHome/LFWZ000390/www/zc/Zc/Runtime/Cache/012cdf2fa3ba4152d6d6173485c32ca8.php 第 142 行.
SQL: SELECT * FROM `fanwe_news` WHERE ( `id` < null ) LIMIT 1   [ RunTime:0.001211s ]
SQL: SELECT * FROM `fanwe_news` WHERE ( `id` > null ) LIMIT 1   [ RunTime:0.001423s ]
INFO: ParseTemplate Behavior ::run [ RunTime:0.021077s ]
INFO: [ view_parse ] --END-- [ RunTime:0.021191s ]
INFO: [ view_filter ] --START--
INFO: ContentReplace Behavior ::run [ RunTime:0.000659s ]
INFO: TokenBuild Behavior ::run [ RunTime:0.000427s ]
INFO: WriteHtmlCache Behavior ::run [ RunTime:0.000439s ]
INFO: ShowRuntime Behavior ::run [ RunTime:0.000609s ]
INFO: [ view_filter ] --END-- [ RunTime:0.002527s ]
INFO: [ view_end ] --START--
INFO: ShowPageTrace Behavior ::run [ RunTime:0.000402s ]
INFO: [ view_end ] --END-- [ RunTime:0.000504s ]

[ 2016-03-19T06:15:50+08:00 ] 173.234.159.250 /zc/index.php?m=Deals&a=index&tid=4
INFO: [ app_begin ] --START--
INFO: ReadHtmlCache Behavior ::run [ RunTime:0.000471s ]
INFO: [ app_begin ] --END-- [ RunTime:0.000671s ]
SQL: SHOW COLUMNS FROM `fanwe_nav` [ RunTime:0.002588s ]
SQL: SELECT * FROM `fanwe_nav` ORDER BY sort  [ RunTime:0.001110s ]
SQL: SHOW COLUMNS FROM `fanwe_deal_cate` [ RunTime:0.001857s ]
SQL: SELECT * FROM `fanwe_deal_cate` ORDER BY id  [ RunTime:0.000920s ]
SQL: SHOW COLUMNS FROM `fanwe_deal_keyword` [ RunTime:0.001994s ]
SQL: SELECT * FROM `fanwe_deal_keyword` LIMIT 1   [ RunTime:0.000627s ]
NOTIC: [8] Undefined index: uid /webHome/LFWZ000390/www/zc/Zc/Lib/Action/DealsAction.class.php 第 18 行.

[ 2016-03-19T06:15:52+08:00 ] 173.234.159.250 /zc/index.php?m=User&a=login
INFO: [ app_begin ] --START--
INFO: ReadHtmlCache Behavior ::run [ RunTime:0.000518s ]
INFO: [ app_begin ] --END-- [ RunTime:0.000697s ]
SQL: SHOW COLUMNS FROM `fanwe_nav` [ RunTime:0.001246s ]
SQL: SELECT * FROM `fanwe_nav` ORDER BY sort  [ RunTime:0.000447s ]
SQL: SHOW COLUMNS FROM `fanwe_deal_cate` [ RunTime:0.001121s ]
SQL: SELECT * FROM `fanwe_deal_cate` ORDER BY id  [ RunTime:0.000482s ]
SQL: SHOW COLUMNS FROM `fanwe_deal_keyword` [ RunTime:0.001015s ]
SQL: SELECT * FROM `fanwe_deal_keyword` LIMIT 1   [ RunTime:0.000338s ]
INFO: [ view_parse ] --START--
NOTIC: [8] Undefined index: uid /webHome/LFWZ000390/www/zc/Zc/Runtime/Cache/42b90be8e9c40e58e803cfb6a2f683e9.php 第 76 行.
INFO: ParseTemplate Behavior ::run [ RunTime:0.008108s ]
INFO: [ view_parse ] --END-- [ RunTime:0.008175s ]
INFO: [ view_filter ] --START--
INFO: ContentReplace Behavior ::run [ RunTime:0.000339s ]
INFO: TokenBuild Behavior ::run [ RunTime:0.000247s ]
INFO: WriteHtmlCache Behavior ::run [ RunTime:0.000202s ]
INFO: ShowRuntime Behavior ::run [ RunTime:0.000226s ]
INFO: [ view_filter ] --END-- [ RunTime:0.001178s ]
INFO: [ view_end ] --START--
INFO: ShowPageTrace Behavior ::run [ RunTime:0.000276s ]
INFO: [ view_end ] --END-- [ RunTime:0.000324s ]

[ 2016-03-19T06:16:12+08:00 ] 173.234.159.250 /zc/index.php?m=Deals&a=index&tid=5
INFO: [ app_begin ] --START--
INFO: ReadHtmlCache Behavior ::run [ RunTime:0.000439s ]
INFO: [ app_begin ] --END-- [ RunTime:0.000568s ]
SQL: SHOW COLUMNS FROM `fanwe_nav` [ RunTime:0.001908s ]
SQL: SELECT * FROM `fanwe_nav` ORDER BY sort  [ RunTime:0.000753s ]
SQL: SHOW COLUMNS FROM `fanwe_deal_cate` [ RunTime:0.001989s ]
SQL: SELECT * FROM `fanwe_deal_cate` ORDER BY id  [ RunTime:0.000726s ]
SQL: SHOW COLUMNS FROM `fanwe_deal_keyword` [ RunTime:0.001527s ]
SQL: SELECT * FROM `fanwe_deal_keyword` LIMIT 1   [ RunTime:0.001335s ]
NOTIC: [8] Undefined index: uid /webHome/LFWZ000390/www/zc/Zc/Lib/Action/DealsAction.class.php 第 18 行.

[ 2016-03-19T06:16:17+08:00 ] 173.234.159.250 /zc/index.php?m=User&a=login
INFO: [ app_begin ] --START--
INFO: ReadHtmlCache Behavior ::run [ RunTime:0.000482s ]
INFO: [ app_begin ] --END-- [ RunTime:0.000619s ]
SQL: SHOW COLUMNS FROM `fanwe_nav` [ RunTime:0.004912s ]
SQL: SELECT * FROM `fanwe_nav` ORDER BY sort  [ RunTime:0.001399s ]
SQL: SHOW COLUMNS FROM `fanwe_deal_cate` [ RunTime:0.001361s ]
SQL: SELECT * FROM `fanwe_deal_cate` ORDER BY id  [ RunTime:0.001014s ]
SQL: SHOW COLUMNS FROM `fanwe_deal_keyword` [ RunTime:0.001533s ]
SQL: SELECT * FROM `fanwe_deal_keyword` LIMIT 1   [ RunTime:0.001358s ]
INFO: [ view_parse ] --START--
NOTIC: [8] Undefined index: uid /webHome/LFWZ000390/www/zc/Zc/Runtime/Cache/42b90be8e9c40e58e803cfb6a2f683e9.php 第 76 行.
INFO: ParseTemplate Behavior ::run [ RunTime:0.015191s ]
INFO: [ view_parse ] --END-- [ RunTime:0.015315s ]
INFO: [ view_filter ] --START--
INFO: ContentReplace Behavior ::run [ RunTime:0.000607s ]
INFO: TokenBuild Behavior ::run [ RunTime:0.000656s ]
INFO: WriteHtmlCache Behavior ::run [ RunTime:0.000390s ]
INFO: ShowRuntime Behavior ::run [ RunTime:0.000554s ]
INFO: [ view_filter ] --END-- [ RunTime:0.002586s ]
INFO: [ view_end ] --START--
INFO: ShowPageTrace Behavior ::run [ RunTime:0.000397s ]
INFO: [ view_end ] --END-- [ RunTime:0.000487s ]

[ 2016-03-19T06:16:21+08:00 ] 173.234.159.250 /zc/index.php?m=Deals&a=index&tid=7
INFO: [ app_begin ] --START--
INFO: ReadHtmlCache Behavior ::run [ RunTime:0.000559s ]
INFO: [ app_begin ] --END-- [ RunTime:0.000738s ]
SQL: SHOW COLUMNS FROM `fanwe_nav` [ RunTime:0.001699s ]
SQL: SELECT * FROM `fanwe_nav` ORDER BY sort  [ RunTime:0.000929s ]
SQL: SHOW COLUMNS FROM `fanwe_deal_cate` [ RunTime:0.002436s ]
SQL: SELECT * FROM `fanwe_deal_cate` ORDER BY id  [ RunTime:0.000772s ]
SQL: SHOW COLUMNS FROM `fanwe_deal_keyword` [ RunTime:0.001438s ]
SQL: SELECT * FROM `fanwe_deal_keyword` LIMIT 1   [ RunTime:0.001207s ]
NOTIC: [8] Undefined index: uid /webHome/LFWZ000390/www/zc/Zc/Lib/Action/DealsAction.class.php 第 18 行.

[ 2016-03-19T06:16:31+08:00 ] 173.234.159.250 /zc/index.php?m=User&a=login
INFO: [ app_begin ] --START--
INFO: ReadHtmlCache Behavior ::run [ RunTime:0.000532s ]
INFO: [ app_begin ] --END-- [ RunTime:0.000664s ]
SQL: SHOW COLUMNS FROM `fanwe_nav` [ RunTime:0.002302s ]
SQL: SELECT * FROM `fanwe_nav` ORDER BY sort  [ RunTime:0.001034s ]
SQL: SHOW COLUMNS FROM `fanwe_deal_cate` [ RunTime:0.001679s ]
SQL: SELECT * FROM `fanwe_deal_cate` ORDER BY id  [ RunTime:0.001042s ]
SQL: SHOW COLUMNS FROM `fanwe_deal_keyword` [ RunTime:0.001984s ]
SQL: SELECT * FROM `fanwe_deal_keyword` LIMIT 1   [ RunTime:0.001041s ]
INFO: [ view_parse ] --START--
NOTIC: [8] Undefined index: uid /webHome/LFWZ000390/www/zc/Zc/Runtime/Cache/42b90be8e9c40e58e803cfb6a2f683e9.php 第 76 行.
INFO: ParseTemplate Behavior ::run [ RunTime:0.016766s ]
INFO: [ view_parse ] --END-- [ RunTime:0.016876s ]
INFO: [ view_filter ] --START--
INFO: ContentReplace Behavior ::run [ RunTime:0.000579s ]
INFO: TokenBuild Behavior ::run [ RunTime:0.000428s ]
INFO: WriteHtmlCache Behavior ::run [ RunTime:0.000478s ]
INFO: ShowRuntime Behavior ::run [ RunTime:0.000510s ]
INFO: [ view_filter ] --END-- [ RunTime:0.002303s ]
INFO: [ view_end ] --START--
INFO: ShowPageTrace Behavior ::run [ RunTime:0.000388s ]
INFO: [ view_end ] --END-- [ RunTime:0.000478s ]

[ 2016-03-19T06:16:34+08:00 ] 173.234.159.250 /zc/index.php?m=Deals&a=index&tid=8
INFO: [ app_begin ] --START--
INFO: ReadHtmlCache Behavior ::run [ RunTime:0.000506s ]
INFO: [ app_begin ] --END-- [ RunTime:0.000683s ]
SQL: SHOW COLUMNS FROM `fanwe_nav` [ RunTime:0.002345s ]
SQL: SELECT * FROM `fanwe_nav` ORDER BY sort  [ RunTime:0.001377s ]
SQL: SHOW COLUMNS FROM `fanwe_deal_cate` [ RunTime:0.001454s ]
SQL: SELECT * FROM `fanwe_deal_cate` ORDER BY id  [ RunTime:0.001178s ]
SQL: SHOW COLUMNS FROM `fanwe_deal_keyword` [ RunTime:0.001615s ]
SQL: SELECT * FROM `fanwe_deal_keyword` LIMIT 1   [ RunTime:0.001355s ]
NOTIC: [8] Undefined index: uid /webHome/LFWZ000390/www/zc/Zc/Lib/Action/DealsAction.class.php 第 18 行.

[ 2016-03-19T06:16:37+08:00 ] 173.234.159.250 /zc/index.php?m=User&a=login
INFO: [ app_begin ] --START--
INFO: ReadHtmlCache Behavior ::run [ RunTime:0.000479s ]
INFO: [ app_begin ] --END-- [ RunTime:0.000679s ]
SQL: SHOW COLUMNS FROM `fanwe_nav` [ RunTime:0.001889s ]
SQL: SELECT * FROM `fanwe_nav` ORDER BY sort  [ RunTime:0.001013s ]
SQL: SHOW COLUMNS FROM `fanwe_deal_cate` [ RunTime:0.001448s ]
SQL: SELECT * FROM `fanwe_deal_cate` ORDER BY id  [ RunTime:0.000778s ]
SQL: SHOW COLUMNS FROM `fanwe_deal_keyword` [ RunTime:0.001500s ]
SQL: SELECT * FROM `fanwe_deal_keyword` LIMIT 1   [ RunTime:0.000673s ]
INFO: [ view_parse ] --START--
NOTIC: [8] Undefined index: uid /webHome/LFWZ000390/www/zc/Zc/Runtime/Cache/42b90be8e9c40e58e803cfb6a2f683e9.php 第 76 行.
INFO: ParseTemplate Behavior ::run [ RunTime:0.019925s ]
INFO: [ view_parse ] --END-- [ RunTime:0.020051s ]
INFO: [ view_filter ] --START--
INFO: ContentReplace Behavior ::run [ RunTime:0.000709s ]
INFO: TokenBuild Behavior ::run [ RunTime:0.000573s ]
INFO: WriteHtmlCache Behavior ::run [ RunTime:0.000477s ]
INFO: ShowRuntime Behavior ::run [ RunTime:0.000578s ]
INFO: [ view_filter ] --END-- [ RunTime:0.002703s ]
INFO: [ view_end ] --START--
INFO: ShowPageTrace Behavior ::run [ RunTime:0.000468s ]
INFO: [ view_end ] --END-- [ RunTime:0.000597s ]

[ 2016-03-19T07:21:45+08:00 ] 5.9.73.227 /zc/index.php?m=Deals&a=index&tid=6
INFO: [ app_begin ] --START--
INFO: ReadHtmlCache Behavior ::run [ RunTime:0.000589s ]
INFO: [ app_begin ] --END-- [ RunTime:0.000713s ]
SQL: SHOW COLUMNS FROM `fanwe_nav` [ RunTime:0.002164s ]
SQL: SELECT * FROM `fanwe_nav` ORDER BY sort  [ RunTime:0.000973s ]
SQL: SHOW COLUMNS FROM `fanwe_deal_cate` [ RunTime:0.001372s ]
SQL: SELECT * FROM `fanwe_deal_cate` ORDER BY id  [ RunTime:0.000968s ]
SQL: SHOW COLUMNS FROM `fanwe_deal_keyword` [ RunTime:0.001194s ]
SQL: SELECT * FROM `fanwe_deal_keyword` LIMIT 1   [ RunTime:0.000508s ]
NOTIC: [8] Undefined index: uid /webHome/LFWZ000390/www/zc/Zc/Lib/Action/DealsAction.class.php 第 18 行.

[ 2016-03-19T07:22:01+08:00 ] 5.9.73.227 /zc/index.php?m=User&a=login
INFO: [ app_begin ] --START--
INFO: ReadHtmlCache Behavior ::run [ RunTime:0.000662s ]
INFO: [ app_begin ] --END-- [ RunTime:0.000835s ]
SQL: SHOW COLUMNS FROM `fanwe_nav` [ RunTime:0.002059s ]
SQL: SELECT * FROM `fanwe_nav` ORDER BY sort  [ RunTime:0.000860s ]
SQL: SHOW COLUMNS FROM `fanwe_deal_cate` [ RunTime:0.001217s ]
SQL: SELECT * FROM `fanwe_deal_cate` ORDER BY id  [ RunTime:0.000702s ]
SQL: SHOW COLUMNS FROM `fanwe_deal_keyword` [ RunTime:0.001672s ]
SQL: SELECT * FROM `fanwe_deal_keyword` LIMIT 1   [ RunTime:0.000932s ]
INFO: [ view_parse ] --START--
NOTIC: [8] Undefined index: uid /webHome/LFWZ000390/www/zc/Zc/Runtime/Cache/42b90be8e9c40e58e803cfb6a2f683e9.php 第 76 行.
INFO: ParseTemplate Behavior ::run [ RunTime:0.018026s ]
INFO: [ view_parse ] --END-- [ RunTime:0.018165s ]
INFO: [ view_filter ] --START--
INFO: ContentReplace Behavior ::run [ RunTime:0.000563s ]
INFO: TokenBuild Behavior ::run [ RunTime:0.000529s ]
INFO: WriteHtmlCache Behavior ::run [ RunTime:0.000606s ]
INFO: ShowRuntime Behavior ::run [ RunTime:0.000443s ]
INFO: [ view_filter ] --END-- [ RunTime:0.002510s ]
INFO: [ view_end ] --START--
INFO: ShowPageTrace Behavior ::run [ RunTime:0.000505s ]
INFO: [ view_end ] --END-- [ RunTime:0.000602s ]

[ 2016-03-19T07:22:03+08:00 ] 5.9.73.227 /zc/index.php?m=Deals&a=index&tid=7
INFO: [ app_begin ] --START--
INFO: ReadHtmlCache Behavior ::run [ RunTime:0.000494s ]
INFO: [ app_begin ] --END-- [ RunTime:0.000627s ]
SQL: SHOW COLUMNS FROM `fanwe_nav` [ RunTime:0.002482s ]
SQL: SELECT * FROM `fanwe_nav` ORDER BY sort  [ RunTime:0.001782s ]
SQL: SHOW COLUMNS FROM `fanwe_deal_cate` [ RunTime:0.001797s ]
SQL: SELECT * FROM `fanwe_deal_cate` ORDER BY id  [ RunTime:0.000939s ]
SQL: SHOW COLUMNS FROM `fanwe_deal_keyword` [ RunTime:0.001764s ]
SQL: SELECT * FROM `fanwe_deal_keyword` LIMIT 1   [ RunTime:0.001436s ]
NOTIC: [8] Undefined index: uid /webHome/LFWZ000390/www/zc/Zc/Lib/Action/DealsAction.class.php 第 18 行.

[ 2016-03-19T07:22:06+08:00 ] 5.9.73.227 /zc/index.php?m=User&a=login
INFO: [ app_begin ] --START--
INFO: ReadHtmlCache Behavior ::run [ RunTime:0.000545s ]
INFO: [ app_begin ] --END-- [ RunTime:0.000699s ]
SQL: SHOW COLUMNS FROM `fanwe_nav` [ RunTime:0.001846s ]
SQL: SELECT * FROM `fanwe_nav` ORDER BY sort  [ RunTime:0.000757s ]
SQL: SHOW COLUMNS FROM `fanwe_deal_cate` [ RunTime:0.001517s ]
SQL: SELECT * FROM `fanwe_deal_cate` ORDER BY id  [ RunTime:0.000507s ]
SQL: SHOW COLUMNS FROM `fanwe_deal_keyword` [ RunTime:0.001318s ]
SQL: SELECT * FROM `fanwe_deal_keyword` LIMIT 1   [ RunTime:0.001305s ]
INFO: [ view_parse ] --START--
NOTIC: [8] Undefined index: uid /webHome/LFWZ000390/www/zc/Zc/Runtime/Cache/42b90be8e9c40e58e803cfb6a2f683e9.php 第 76 行.
INFO: ParseTemplate Behavior ::run [ RunTime:0.017877s ]
INFO: [ view_parse ] --END-- [ RunTime:0.018034s ]
INFO: [ view_filter ] --START--
INFO: ContentReplace Behavior ::run [ RunTime:0.000603s ]
INFO: TokenBuild Behavior ::run [ RunTime:0.000541s ]
INFO: WriteHtmlCache Behavior ::run [ RunTime:0.000442s ]
INFO: ShowRuntime Behavior ::run [ RunTime:0.000543s ]
INFO: [ view_filter ] --END-- [ RunTime:0.002535s ]
INFO: [ view_end ] --START--
INFO: ShowPageTrace Behavior ::run [ RunTime:0.000467s ]
INFO: [ view_end ] --END-- [ RunTime:0.000558s ]

[ 2016-03-19T07:22:18+08:00 ] 5.9.73.227 /zc/index.php?m=Deals&a=index&tid=8
INFO: [ app_begin ] --START--
INFO: ReadHtmlCache Behavior ::run [ RunTime:0.000501s ]
INFO: [ app_begin ] --END-- [ RunTime:0.000632s ]
SQL: SHOW COLUMNS FROM `fanwe_nav` [ RunTime:0.002511s ]
SQL: SELECT * FROM `fanwe_nav` ORDER BY sort  [ RunTime:0.001113s ]
SQL: SHOW COLUMNS FROM `fanwe_deal_cate` [ RunTime:0.001482s ]
SQL: SELECT * FROM `fanwe_deal_cate` ORDER BY id  [ RunTime:0.000992s ]
SQL: SHOW COLUMNS FROM `fanwe_deal_keyword` [ RunTime:0.001769s ]
SQL: SELECT * FROM `fanwe_deal_keyword` LIMIT 1   [ RunTime:0.000780s ]
NOTIC: [8] Undefined index: uid /webHome/LFWZ000390/www/zc/Zc/Lib/Action/DealsAction.class.php 第 18 行.

[ 2016-03-19T07:22:28+08:00 ] 5.9.73.227 /zc/index.php?m=User&a=login
INFO: [ app_begin ] --START--
INFO: ReadHtmlCache Behavior ::run [ RunTime:0.000490s ]
INFO: [ app_begin ] --END-- [ RunTime:0.000663s ]
SQL: SHOW COLUMNS FROM `fanwe_nav` [ RunTime:0.003289s ]
SQL: SELECT * FROM `fanwe_nav` ORDER BY sort  [ RunTime:0.001291s ]
SQL: SHOW COLUMNS FROM `fanwe_deal_cate` [ RunTime:0.001474s ]
SQL: SELECT * FROM `fanwe_deal_cate` ORDER BY id  [ RunTime:0.001281s ]
SQL: SHOW COLUMNS FROM `fanwe_deal_keyword` [ RunTime:0.001886s ]
SQL: SELECT * FROM `fanwe_deal_keyword` LIMIT 1   [ RunTime:0.000532s ]
INFO: [ view_parse ] --START--
NOTIC: [8] Undefined index: uid /webHome/LFWZ000390/www/zc/Zc/Runtime/Cache/42b90be8e9c40e58e803cfb6a2f683e9.php 第 76 行.
INFO: ParseTemplate Behavior ::run [ RunTime:0.018061s ]
INFO: [ view_parse ] --END-- [ RunTime:0.018200s ]
INFO: [ view_filter ] --START--
INFO: ContentReplace Behavior ::run [ RunTime:0.000627s ]
INFO: TokenBuild Behavior ::run [ RunTime:0.000478s ]
INFO: WriteHtmlCache Behavior ::run [ RunTime:0.000584s ]
INFO: ShowRuntime Behavior ::run [ RunTime:0.000480s ]
INFO: [ view_filter ] --END-- [ RunTime:0.002491s ]
INFO: [ view_end ] --START--
INFO: ShowPageTrace Behavior ::run [ RunTime:0.000492s ]
INFO: [ view_end ] --END-- [ RunTime:0.000592s ]

[ 2016-03-19T07:22:38+08:00 ] 5.9.73.227 /zc/index.php?m=News&a=html
INFO: [ app_begin ] --START--
INFO: ReadHtmlCache Behavior ::run [ RunTime:0.000459s ]
INFO: [ app_begin ] --END-- [ RunTime:0.000590s ]
SQL: SHOW COLUMNS FROM `fanwe_nav` [ RunTime:0.002468s ]
SQL: SELECT * FROM `fanwe_nav` ORDER BY sort  [ RunTime:0.000828s ]
SQL: SHOW COLUMNS FROM `fanwe_deal_cate` [ RunTime:0.001575s ]
SQL: SELECT * FROM `fanwe_deal_cate` ORDER BY id  [ RunTime:0.000690s ]
SQL: SHOW COLUMNS FROM `fanwe_deal_keyword` [ RunTime:0.001296s ]
SQL: SELECT * FROM `fanwe_deal_keyword` LIMIT 1   [ RunTime:0.000767s ]
NOTIC: [8] Undefined index: id /webHome/LFWZ000390/www/zc/Zc/Lib/Action/NewsAction.class.php 第 28 行.
SQL: SHOW COLUMNS FROM `fanwe_news` [ RunTime:0.001704s ]
SQL: SELECT * FROM `fanwe_news` WHERE ( `id` = null ) LIMIT 1   [ RunTime:0.001108s ]
INFO: [ view_parse ] --START--
NOTIC: [8] Undefined index: uid /webHome/LFWZ000390/www/zc/Zc/Runtime/Cache/012cdf2fa3ba4152d6d6173485c32ca8.php 第 98 行.
NOTIC: [8] Use of undefined constant id - assumed 'id' /webHome/LFWZ000390/www/zc/Zc/Runtime/Cache/012cdf2fa3ba4152d6d6173485c32ca8.php 第 142 行.
SQL: SELECT * FROM `fanwe_news` WHERE ( `id` < null ) LIMIT 1   [ RunTime:0.000762s ]
SQL: SELECT * FROM `fanwe_news` WHERE ( `id` > null ) LIMIT 1   [ RunTime:0.000790s ]
INFO: ParseTemplate Behavior ::run [ RunTime:0.018849s ]
INFO: [ view_parse ] --END-- [ RunTime:0.018967s ]
INFO: [ view_filter ] --START--
INFO: ContentReplace Behavior ::run [ RunTime:0.000714s ]
INFO: TokenBuild Behavior ::run [ RunTime:0.000428s ]
INFO: WriteHtmlCache Behavior ::run [ RunTime:0.000444s ]
INFO: ShowRuntime Behavior ::run [ RunTime:0.000431s ]
INFO: [ view_filter ] --END-- [ RunTime:0.002393s ]
INFO: [ view_end ] --START--
INFO: ShowPageTrace Behavior ::run [ RunTime:0.000421s ]
INFO: [ view_end ] --END-- [ RunTime:0.000555s ]

[ 2016-03-19T09:01:30+08:00 ] 62.210.90.118 /zc/index.php?m=news&a=html&
INFO: [ app_begin ] --START--
INFO: ReadHtmlCache Behavior ::run [ RunTime:0.000501s ]
INFO: [ app_begin ] --END-- [ RunTime:0.000661s ]
ERR: 无法加载模块:news

[ 2016-03-19T18:24:24+08:00 ] 123.122.9.180 /zc/index.php?m=News&a=html&id=6
INFO: [ app_begin ] --START--
INFO: ReadHtmlCache Behavior ::run [ RunTime:0.000615s ]
INFO: [ app_begin ] --END-- [ RunTime:0.000826s ]
SQL: SHOW COLUMNS FROM `fanwe_nav` [ RunTime:0.001890s ]
SQL: SELECT * FROM `fanwe_nav` ORDER BY sort  [ RunTime:0.000795s ]
SQL: SHOW COLUMNS FROM `fanwe_deal_cate` [ RunTime:0.001693s ]
SQL: SELECT * FROM `fanwe_deal_cate` ORDER BY id  [ RunTime:0.000986s ]
SQL: SHOW COLUMNS FROM `fanwe_deal_keyword` [ RunTime:0.001600s ]
SQL: SELECT * FROM `fanwe_deal_keyword` LIMIT 1   [ RunTime:0.000480s ]
SQL: SHOW COLUMNS FROM `fanwe_news` [ RunTime:0.001690s ]
SQL: SELECT * FROM `fanwe_news` WHERE ( `id` = 6 ) LIMIT 1   [ RunTime:0.003314s ]
INFO: [ view_parse ] --START--
NOTIC: [8] Undefined index: uid /webHome/LFWZ000390/www/zc/Zc/Runtime/Cache/012cdf2fa3ba4152d6d6173485c32ca8.php 第 98 行.
NOTIC: [8] Use of undefined constant id - assumed 'id' /webHome/LFWZ000390/www/zc/Zc/Runtime/Cache/012cdf2fa3ba4152d6d6173485c32ca8.php 第 142 行.
SQL: SELECT * FROM `fanwe_news` WHERE ( `id` < '6' ) LIMIT 1   [ RunTime:0.000994s ]
SQL: SELECT * FROM `fanwe_news` WHERE ( `id` > '6' ) LIMIT 1   [ RunTime:0.001786s ]
INFO: ParseTemplate Behavior ::run [ RunTime:0.023806s ]
INFO: [ view_parse ] --END-- [ RunTime:0.023953s ]
INFO: [ view_filter ] --START--
INFO: ContentReplace Behavior ::run [ RunTime:0.000836s ]
INFO: TokenBuild Behavior ::run [ RunTime:0.000646s ]
INFO: WriteHtmlCache Behavior ::run [ RunTime:0.000678s ]
INFO: ShowRuntime Behavior ::run [ RunTime:0.000557s ]
INFO: [ view_filter ] --END-- [ RunTime:0.003103s ]
INFO: [ view_end ] --START--
INFO: ShowPageTrace Behavior ::run [ RunTime:0.000600s ]
INFO: [ view_end ] --END-- [ RunTime:0.000695s ]

[ 2016-03-19T18:24:27+08:00 ] 111.13.102.6 /zc/index.php?a=html&id=6&m=News
INFO: [ app_begin ] --START--
INFO: ReadHtmlCache Behavior ::run [ RunTime:0.000567s ]
INFO: [ app_begin ] --END-- [ RunTime:0.000706s ]
SQL: SHOW COLUMNS FROM `fanwe_nav` [ RunTime:0.001612s ]
SQL: SELECT * FROM `fanwe_nav` ORDER BY sort  [ RunTime:0.000713s ]
SQL: SHOW COLUMNS FROM `fanwe_deal_cate` [ RunTime:0.001474s ]
SQL: SELECT * FROM `fanwe_deal_cate` ORDER BY id  [ RunTime:0.000938s ]
SQL: SHOW COLUMNS FROM `fanwe_deal_keyword` [ RunTime:0.002215s ]
SQL: SELECT * FROM `fanwe_deal_keyword` LIMIT 1   [ RunTime:0.000850s ]
SQL: SHOW COLUMNS FROM `fanwe_news` [ RunTime:0.001666s ]
SQL: SELECT * FROM `fanwe_news` WHERE ( `id` = 6 ) LIMIT 1   [ RunTime:0.001348s ]
INFO: [ view_parse ] --START--
NOTIC: [8] Undefined index: uid /webHome/LFWZ000390/www/zc/Zc/Runtime/Cache/012cdf2fa3ba4152d6d6173485c32ca8.php 第 98 行.
NOTIC: [8] Use of undefined constant id - assumed 'id' /webHome/LFWZ000390/www/zc/Zc/Runtime/Cache/012cdf2fa3ba4152d6d6173485c32ca8.php 第 142 行.
SQL: SELECT * FROM `fanwe_news` WHERE ( `id` < '6' ) LIMIT 1   [ RunTime:0.000882s ]
SQL: SELECT * FROM `fanwe_news` WHERE ( `id` > '6' ) LIMIT 1   [ RunTime:0.001638s ]
INFO: ParseTemplate Behavior ::run [ RunTime:0.020115s ]
INFO: [ view_parse ] --END-- [ RunTime:0.020316s ]
INFO: [ view_filter ] --START--
INFO: ContentReplace Behavior ::run [ RunTime:0.000655s ]
INFO: TokenBuild Behavior ::run [ RunTime:0.000526s ]
INFO: WriteHtmlCache Behavior ::run [ RunTime:0.000394s ]
INFO: ShowRuntime Behavior ::run [ RunTime:0.000557s ]
INFO: [ view_filter ] --END-- [ RunTime:0.002427s ]
INFO: [ view_end ] --START--
INFO: ShowPageTrace Behavior ::run [ RunTime:0.000466s ]
INFO: [ view_end ] --END-- [ RunTime:0.000560s ]

[ 2016-03-19T18:24:57+08:00 ] 111.206.36.133 /zc/index.php?m=News&a=html&id=6
INFO: [ app_begin ] --START--
INFO: ReadHtmlCache Behavior ::run [ RunTime:0.000592s ]
INFO: [ app_begin ] --END-- [ RunTime:0.000730s ]
SQL: SHOW COLUMNS FROM `fanwe_nav` [ RunTime:0.002046s ]
SQL: SELECT * FROM `fanwe_nav` ORDER BY sort  [ RunTime:0.000821s ]
SQL: SHOW COLUMNS FROM `fanwe_deal_cate` [ RunTime:0.001746s ]
SQL: SELECT * FROM `fanwe_deal_cate` ORDER BY id  [ RunTime:0.001269s ]
SQL: SHOW COLUMNS FROM `fanwe_deal_keyword` [ RunTime:0.001575s ]
SQL: SELECT * FROM `fanwe_deal_keyword` LIMIT 1   [ RunTime:0.002617s ]
SQL: SHOW COLUMNS FROM `fanwe_news` [ RunTime:0.001747s ]
SQL: SELECT * FROM `fanwe_news` WHERE ( `id` = 6 ) LIMIT 1   [ RunTime:0.001524s ]
INFO: [ view_parse ] --START--
NOTIC: [8] Undefined index: uid /webHome/LFWZ000390/www/zc/Zc/Runtime/Cache/012cdf2fa3ba4152d6d6173485c32ca8.php 第 98 行.
NOTIC: [8] Use of undefined constant id - assumed 'id' /webHome/LFWZ000390/www/zc/Zc/Runtime/Cache/012cdf2fa3ba4152d6d6173485c32ca8.php 第 142 行.
SQL: SELECT * FROM `fanwe_news` WHERE ( `id` < '6' ) LIMIT 1   [ RunTime:0.001167s ]
SQL: SELECT * FROM `fanwe_news` WHERE ( `id` > '6' ) LIMIT 1   [ RunTime:0.001367s ]
INFO: ParseTemplate Behavior ::run [ RunTime:0.021790s ]
INFO: [ view_parse ] --END-- [ RunTime:0.021960s ]
INFO: [ view_filter ] --START--
INFO: ContentReplace Behavior ::run [ RunTime:0.000728s ]
INFO: TokenBuild Behavior ::run [ RunTime:0.000511s ]
INFO: WriteHtmlCache Behavior ::run [ RunTime:0.000407s ]
INFO: ShowRuntime Behavior ::run [ RunTime:0.000559s ]
INFO: [ view_filter ] --END-- [ RunTime:0.002532s ]
INFO: [ view_end ] --START--
INFO: ShowPageTrace Behavior ::run [ RunTime:0.000421s ]
INFO: [ view_end ] --END-- [ RunTime:0.000516s ]

[ 2016-03-19T20:12:38+08:00 ] 178.255.215.93 /zc/index.php?m=Deals&a=index
INFO: [ app_begin ] --START--
INFO: ReadHtmlCache Behavior ::run [ RunTime:0.000460s ]
INFO: [ app_begin ] --END-- [ RunTime:0.000644s ]
SQL: SHOW COLUMNS FROM `fanwe_nav` [ RunTime:0.001744s ]
SQL: SELECT * FROM `fanwe_nav` ORDER BY sort  [ RunTime:0.000716s ]
SQL: SHOW COLUMNS FROM `fanwe_deal_cate` [ RunTime:0.001644s ]
SQL: SELECT * FROM `fanwe_deal_cate` ORDER BY id  [ RunTime:0.001028s ]
SQL: SHOW COLUMNS FROM `fanwe_deal_keyword` [ RunTime:0.001426s ]
SQL: SELECT * FROM `fanwe_deal_keyword` LIMIT 1   [ RunTime:0.000954s ]
NOTIC: [8] Undefined index: uid /webHome/LFWZ000390/www/zc/Zc/Lib/Action/DealsAction.class.php 第 18 行.

[ 2016-03-19T20:13:25+08:00 ] 178.255.215.93 /zc/index.php?m=User&a=login
INFO: [ app_begin ] --START--
INFO: ReadHtmlCache Behavior ::run [ RunTime:0.000961s ]
INFO: [ app_begin ] --END-- [ RunTime:0.001096s ]
SQL: SHOW COLUMNS FROM `fanwe_nav` [ RunTime:0.002907s ]
SQL: SELECT * FROM `fanwe_nav` ORDER BY sort  [ RunTime:0.002595s ]
SQL: SHOW COLUMNS FROM `fanwe_deal_cate` [ RunTime:0.001663s ]
SQL: SELECT * FROM `fanwe_deal_cate` ORDER BY id  [ RunTime:0.001177s ]
SQL: SHOW COLUMNS FROM `fanwe_deal_keyword` [ RunTime:0.001544s ]
SQL: SELECT * FROM `fanwe_deal_keyword` LIMIT 1   [ RunTime:0.000596s ]
INFO: [ view_parse ] --START--
NOTIC: [8] Undefined index: uid /webHome/LFWZ000390/www/zc/Zc/Runtime/Cache/42b90be8e9c40e58e803cfb6a2f683e9.php 第 76 行.
INFO: ParseTemplate Behavior ::run [ RunTime:0.016907s ]
INFO: [ view_parse ] --END-- [ RunTime:0.017042s ]
INFO: [ view_filter ] --START--
INFO: ContentReplace Behavior ::run [ RunTime:0.000633s ]
INFO: TokenBuild Behavior ::run [ RunTime:0.000521s ]
INFO: WriteHtmlCache Behavior ::run [ RunTime:0.000481s ]
INFO: ShowRuntime Behavior ::run [ RunTime:0.000542s ]
INFO: [ view_filter ] --END-- [ RunTime:0.002509s ]
INFO: [ view_end ] --START--
INFO: ShowPageTrace Behavior ::run [ RunTime:0.000441s ]
INFO: [ view_end ] --END-- [ RunTime:0.000536s ]

[ 2016-03-19T20:13:33+08:00 ] 178.255.215.93 /zc/index.php?m=Deals&a=index&tid=5
INFO: [ app_begin ] --START--
INFO: ReadHtmlCache Behavior ::run [ RunTime:0.000523s ]
INFO: [ app_begin ] --END-- [ RunTime:0.000740s ]
SQL: SHOW COLUMNS FROM `fanwe_nav` [ RunTime:0.002020s ]
SQL: SELECT * FROM `fanwe_nav` ORDER BY sort  [ RunTime:0.001508s ]
SQL: SHOW COLUMNS FROM `fanwe_deal_cate` [ RunTime:0.002219s ]
SQL: SELECT * FROM `fanwe_deal_cate` ORDER BY id  [ RunTime:0.001524s ]
SQL: SHOW COLUMNS FROM `fanwe_deal_keyword` [ RunTime:0.001719s ]
SQL: SELECT * FROM `fanwe_deal_keyword` LIMIT 1   [ RunTime:0.000604s ]
NOTIC: [8] Undefined index: uid /webHome/LFWZ000390/www/zc/Zc/Lib/Action/DealsAction.class.php 第 18 行.

[ 2016-03-19T20:26:18+08:00 ] 182.118.25.215 /zc/index.php?a=html&id=4&m=News
INFO: [ app_begin ] --START--
INFO: ReadHtmlCache Behavior ::run [ RunTime:0.000571s ]
INFO: [ app_begin ] --END-- [ RunTime:0.000751s ]
SQL: SHOW COLUMNS FROM `fanwe_nav` [ RunTime:0.001833s ]
SQL: SELECT * FROM `fanwe_nav` ORDER BY sort  [ RunTime:0.000798s ]
SQL: SHOW COLUMNS FROM `fanwe_deal_cate` [ RunTime:0.001396s ]
SQL: SELECT * FROM `fanwe_deal_cate` ORDER BY id  [ RunTime:0.001909s ]
SQL: SHOW COLUMNS FROM `fanwe_deal_keyword` [ RunTime:0.001508s ]
SQL: SELECT * FROM `fanwe_deal_keyword` LIMIT 1   [ RunTime:0.000629s ]
SQL: SHOW COLUMNS FROM `fanwe_news` [ RunTime:0.001587s ]
SQL: SELECT * FROM `fanwe_news` WHERE ( `id` = 4 ) LIMIT 1   [ RunTime:0.001196s ]
INFO: [ view_parse ] --START--
NOTIC: [8] Undefined index: uid /webHome/LFWZ000390/www/zc/Zc/Runtime/Cache/012cdf2fa3ba4152d6d6173485c32ca8.php 第 98 行.
NOTIC: [8] Use of undefined constant id - assumed 'id' /webHome/LFWZ000390/www/zc/Zc/Runtime/Cache/012cdf2fa3ba4152d6d6173485c32ca8.php 第 142 行.
SQL: SELECT * FROM `fanwe_news` WHERE ( `id` < '4' ) LIMIT 1   [ RunTime:0.000991s ]
SQL: SELECT * FROM `fanwe_news` WHERE ( `id` > '4' ) LIMIT 1   [ RunTime:0.000786s ]
INFO: ParseTemplate Behavior ::run [ RunTime:0.026880s ]
INFO: [ view_parse ] --END-- [ RunTime:0.027051s ]
INFO: [ view_filter ] --START--
INFO: ContentReplace Behavior ::run [ RunTime:0.000839s ]
INFO: TokenBuild Behavior ::run [ RunTime:0.000499s ]
INFO: WriteHtmlCache Behavior ::run [ RunTime:0.000448s ]
INFO: ShowRuntime Behavior ::run [ RunTime:0.000511s ]
INFO: [ view_filter ] --END-- [ RunTime:0.002615s ]
INFO: [ view_end ] --START--
INFO: ShowPageTrace Behavior ::run [ RunTime:0.000454s ]
INFO: [ view_end ] --END-- [ RunTime:0.000549s ]

[ 2016-03-19T20:31:49+08:00 ] 101.226.168.209 /zc/index.php?a=html&id=4&m=news
INFO: [ app_begin ] --START--
INFO: ReadHtmlCache Behavior ::run [ RunTime:0.000483s ]
INFO: [ app_begin ] --END-- [ RunTime:0.000649s ]
ERR: 无法加载模块:news

[ 2016-03-19T20:32:24+08:00 ] 101.226.169.207 /zc/index.php?a=index&m=News
INFO: [ app_begin ] --START--
INFO: ReadHtmlCache Behavior ::run [ RunTime:0.002063s ]
INFO: [ app_begin ] --END-- [ RunTime:0.002212s ]
SQL: SHOW COLUMNS FROM `fanwe_nav` [ RunTime:0.002581s ]
SQL: SELECT * FROM `fanwe_nav` ORDER BY sort  [ RunTime:0.001156s ]
SQL: SHOW COLUMNS FROM `fanwe_deal_cate` [ RunTime:0.001999s ]
SQL: SELECT * FROM `fanwe_deal_cate` ORDER BY id  [ RunTime:0.001358s ]
SQL: SHOW COLUMNS FROM `fanwe_deal_keyword` [ RunTime:0.001478s ]
SQL: SELECT * FROM `fanwe_deal_keyword` LIMIT 1   [ RunTime:0.001145s ]
SQL: SHOW COLUMNS FROM `fanwe_news` [ RunTime:0.002388s ]
SQL: SELECT COUNT(*) AS tp_count FROM `fanwe_news` WHERE ( `enable` = 1 ) LIMIT 1   [ RunTime:0.001404s ]
SQL: SELECT COUNT(*) AS tp_count FROM `fanwe_news` WHERE ( `enable` = 1 ) LIMIT 1   [ RunTime:0.001028s ]
SQL: SELECT * FROM `fanwe_news` ORDER BY addtime desc,rec desc LIMIT 0,10   [ RunTime:0.006742s ]
INFO: [ view_parse ] --START--
SQL: SHOW COLUMNS FROM `fanwe_conf` [ RunTime:0.002228s ]
SQL: SELECT `value` FROM `fanwe_conf` WHERE ( `name` = 'SEO_TITLE' ) LIMIT 1   [ RunTime:0.000866s ]
NOTIC: [8] Undefined index: uid /webHome/LFWZ000390/www/zc/Zc/Runtime/Cache/93be05964b36457006025cdbe2606e6a.php 第 107 行.
INFO: ParseTemplate Behavior ::run [ RunTime:0.026768s ]
INFO: [ view_parse ] --END-- [ RunTime:0.026926s ]
INFO: [ view_filter ] --START--
INFO: ContentReplace Behavior ::run [ RunTime:0.001148s ]
INFO: TokenBuild Behavior ::run [ RunTime:0.000794s ]
INFO: WriteHtmlCache Behavior ::run [ RunTime:0.000431s ]
INFO: ShowRuntime Behavior ::run [ RunTime:0.000512s ]
INFO: [ view_filter ] --END-- [ RunTime:0.003272s ]
INFO: [ view_end ] --START--
INFO: ShowPageTrace Behavior ::run [ RunTime:0.000448s ]
INFO: [ view_end ] --END-- [ RunTime:0.000631s ]

[ 2016-03-19T20:37:03+08:00 ] 182.118.21.227 /zc/index.php?a=html&id=3&m=News
INFO: [ app_begin ] --START--
INFO: ReadHtmlCache Behavior ::run [ RunTime:0.000530s ]
INFO: [ app_begin ] --END-- [ RunTime:0.000668s ]
SQL: SHOW COLUMNS FROM `fanwe_nav` [ RunTime:0.001842s ]
SQL: SELECT * FROM `fanwe_nav` ORDER BY sort  [ RunTime:0.001318s ]
SQL: SHOW COLUMNS FROM `fanwe_deal_cate` [ RunTime:0.001368s ]
SQL: SELECT * FROM `fanwe_deal_cate` ORDER BY id  [ RunTime:0.000916s ]
SQL: SHOW COLUMNS FROM `fanwe_deal_keyword` [ RunTime:0.001363s ]
SQL: SELECT * FROM `fanwe_deal_keyword` LIMIT 1   [ RunTime:0.000942s ]
SQL: SHOW COLUMNS FROM `fanwe_news` [ RunTime:0.003996s ]
SQL: SELECT * FROM `fanwe_news` WHERE ( `id` = 3 ) LIMIT 1   [ RunTime:0.001743s ]
INFO: [ view_parse ] --START--
NOTIC: [8] Undefined index: uid /webHome/LFWZ000390/www/zc/Zc/Runtime/Cache/012cdf2fa3ba4152d6d6173485c32ca8.php 第 98 行.
NOTIC: [8] Use of undefined constant id - assumed 'id' /webHome/LFWZ000390/www/zc/Zc/Runtime/Cache/012cdf2fa3ba4152d6d6173485c32ca8.php 第 142 行.
SQL: SELECT * FROM `fanwe_news` WHERE ( `id` < '3' ) LIMIT 1   [ RunTime:0.000900s ]
SQL: SELECT * FROM `fanwe_news` WHERE ( `id` > '3' ) LIMIT 1   [ RunTime:0.001871s ]
INFO: ParseTemplate Behavior ::run [ RunTime:0.021406s ]
INFO: [ view_parse ] --END-- [ RunTime:0.021603s ]
INFO: [ view_filter ] --START--
INFO: ContentReplace Behavior ::run [ RunTime:0.000667s ]
INFO: TokenBuild Behavior ::run [ RunTime:0.000505s ]
INFO: WriteHtmlCache Behavior ::run [ RunTime:0.000427s ]
INFO: ShowRuntime Behavior ::run [ RunTime:0.000540s ]
INFO: [ view_filter ] --END-- [ RunTime:0.002486s ]
INFO: [ view_end ] --START--
INFO: ShowPageTrace Behavior ::run [ RunTime:0.000533s ]
INFO: [ view_end ] --END-- [ RunTime:0.000648s ]

[ 2016-03-19T20:50:31+08:00 ] 182.118.25.222 /zc/index.php?a=html&id=4&m=News
INFO: [ app_begin ] --START--
INFO: ReadHtmlCache Behavior ::run [ RunTime:0.000374s ]
INFO: [ app_begin ] --END-- [ RunTime:0.000477s ]
SQL: SHOW COLUMNS FROM `fanwe_nav` [ RunTime:0.001177s ]
SQL: SELECT * FROM `fanwe_nav` ORDER BY sort  [ RunTime:0.000471s ]
SQL: SHOW COLUMNS FROM `fanwe_deal_cate` [ RunTime:0.001381s ]
SQL: SELECT * FROM `fanwe_deal_cate` ORDER BY id  [ RunTime:0.000669s ]
SQL: SHOW COLUMNS FROM `fanwe_deal_keyword` [ RunTime:0.001125s ]
SQL: SELECT * FROM `fanwe_deal_keyword` LIMIT 1   [ RunTime:0.000802s ]
SQL: SHOW COLUMNS FROM `fanwe_news` [ RunTime:0.001053s ]
SQL: SELECT * FROM `fanwe_news` WHERE ( `id` = 4 ) LIMIT 1   [ RunTime:0.001265s ]
INFO: [ view_parse ] --START--
NOTIC: [8] Undefined index: uid /webHome/LFWZ000390/www/zc/Zc/Runtime/Cache/012cdf2fa3ba4152d6d6173485c32ca8.php 第 98 行.
NOTIC: [8] Use of undefined constant id - assumed 'id' /webHome/LFWZ000390/www/zc/Zc/Runtime/Cache/012cdf2fa3ba4152d6d6173485c32ca8.php 第 142 行.
SQL: SELECT * FROM `fanwe_news` WHERE ( `id` < '4' ) LIMIT 1   [ RunTime:0.000962s ]
SQL: SELECT * FROM `fanwe_news` WHERE ( `id` > '4' ) LIMIT 1   [ RunTime:0.000780s ]
INFO: ParseTemplate Behavior ::run [ RunTime:0.011446s ]
INFO: [ view_parse ] --END-- [ RunTime:0.011572s ]
INFO: [ view_filter ] --START--
INFO: ContentReplace Behavior ::run [ RunTime:0.000401s ]
INFO: TokenBuild Behavior ::run [ RunTime:0.000252s ]
INFO: WriteHtmlCache Behavior ::run [ RunTime:0.000184s ]
INFO: ShowRuntime Behavior ::run [ RunTime:0.000243s ]
INFO: [ view_filter ] --END-- [ RunTime:0.001335s ]
INFO: [ view_end ] --START--
INFO: ShowPageTrace Behavior ::run [ RunTime:0.000247s ]
INFO: [ view_end ] --END-- [ RunTime:0.000295s ]

