[ 2016-06-06T04:48:36+08:00 ] 46.4.120.3 /zc/index.php?m=Deals&a=index
INFO: [ app_begin ] --START--
INFO: ReadHtmlCache Behavior ::run [ RunTime:0.000459s ]
INFO: [ app_begin ] --END-- [ RunTime:0.000581s ]
SQL: SHOW COLUMNS FROM `fanwe_nav` [ RunTime:0.002130s ]
SQL: SELECT * FROM `fanwe_nav` ORDER BY sort  [ RunTime:0.007490s ]
SQL: SHOW COLUMNS FROM `fanwe_deal_cate` [ RunTime:0.001562s ]
SQL: SELECT * FROM `fanwe_deal_cate` ORDER BY id  [ RunTime:0.006047s ]
SQL: SHOW COLUMNS FROM `fanwe_deal_keyword` [ RunTime:0.000986s ]
SQL: SELECT * FROM `fanwe_deal_keyword` LIMIT 1   [ RunTime:0.002823s ]
NOTIC: [8] Undefined index: uid /webHome/LFWZ000390/www/zc/Zc/Lib/Action/DealsAction.class.php 第 18 行.

[ 2016-06-06T04:48:39+08:00 ] 46.4.120.3 /zc/index.php?m=User&a=login
INFO: [ app_begin ] --START--
INFO: ReadHtmlCache Behavior ::run [ RunTime:0.000608s ]
INFO: [ app_begin ] --END-- [ RunTime:0.000749s ]
SQL: SHOW COLUMNS FROM `fanwe_nav` [ RunTime:0.001995s ]
SQL: SELECT * FROM `fanwe_nav` ORDER BY sort  [ RunTime:0.000807s ]
SQL: SHOW COLUMNS FROM `fanwe_deal_cate` [ RunTime:0.001581s ]
SQL: SELECT * FROM `fanwe_deal_cate` ORDER BY id  [ RunTime:0.000606s ]
SQL: SHOW COLUMNS FROM `fanwe_deal_keyword` [ RunTime:0.001504s ]
SQL: SELECT * FROM `fanwe_deal_keyword` LIMIT 1   [ RunTime:0.000663s ]
INFO: [ view_parse ] --START--
NOTIC: [8] Undefined index: uid /webHome/LFWZ000390/www/zc/Zc/Runtime/Cache/42b90be8e9c40e58e803cfb6a2f683e9.php 第 76 行.
INFO: ParseTemplate Behavior ::run [ RunTime:0.016060s ]
INFO: [ view_parse ] --END-- [ RunTime:0.016181s ]
INFO: [ view_filter ] --START--
INFO: ContentReplace Behavior ::run [ RunTime:0.000577s ]
INFO: TokenBuild Behavior ::run [ RunTime:0.000464s ]
INFO: WriteHtmlCache Behavior ::run [ RunTime:0.000505s ]
INFO: ShowRuntime Behavior ::run [ RunTime:0.000531s ]
INFO: [ view_filter ] --END-- [ RunTime:0.002434s ]
INFO: [ view_end ] --START--
INFO: ShowPageTrace Behavior ::run [ RunTime:0.000532s ]
INFO: [ view_end ] --END-- [ RunTime:0.000625s ]

[ 2016-06-06T04:48:42+08:00 ] 46.4.120.3 /zc/index.php?m=Deals&a=index&tid=10
INFO: [ app_begin ] --START--
INFO: ReadHtmlCache Behavior ::run [ RunTime:0.000454s ]
INFO: [ app_begin ] --END-- [ RunTime:0.000587s ]
SQL: SHOW COLUMNS FROM `fanwe_nav` [ RunTime:0.001850s ]
SQL: SELECT * FROM `fanwe_nav` ORDER BY sort  [ RunTime:0.000835s ]
SQL: SHOW COLUMNS FROM `fanwe_deal_cate` [ RunTime:0.001099s ]
SQL: SELECT * FROM `fanwe_deal_cate` ORDER BY id  [ RunTime:0.001294s ]
SQL: SHOW COLUMNS FROM `fanwe_deal_keyword` [ RunTime:0.001258s ]
SQL: SELECT * FROM `fanwe_deal_keyword` LIMIT 1   [ RunTime:0.000803s ]
NOTIC: [8] Undefined index: uid /webHome/LFWZ000390/www/zc/Zc/Lib/Action/DealsAction.class.php 第 18 行.

[ 2016-06-06T04:48:44+08:00 ] 46.4.120.3 /zc/index.php?m=User&a=login
INFO: [ app_begin ] --START--
INFO: ReadHtmlCache Behavior ::run [ RunTime:0.000381s ]
INFO: [ app_begin ] --END-- [ RunTime:0.000506s ]
SQL: SHOW COLUMNS FROM `fanwe_nav` [ RunTime:0.002378s ]
SQL: SELECT * FROM `fanwe_nav` ORDER BY sort  [ RunTime:0.000975s ]
SQL: SHOW COLUMNS FROM `fanwe_deal_cate` [ RunTime:0.001082s ]
SQL: SELECT * FROM `fanwe_deal_cate` ORDER BY id  [ RunTime:0.001055s ]
SQL: SHOW COLUMNS FROM `fanwe_deal_keyword` [ RunTime:0.001369s ]
SQL: SELECT * FROM `fanwe_deal_keyword` LIMIT 1   [ RunTime:0.001117s ]
INFO: [ view_parse ] --START--
NOTIC: [8] Undefined index: uid /webHome/LFWZ000390/www/zc/Zc/Runtime/Cache/42b90be8e9c40e58e803cfb6a2f683e9.php 第 76 行.
INFO: ParseTemplate Behavior ::run [ RunTime:0.013813s ]
INFO: [ view_parse ] --END-- [ RunTime:0.013937s ]
INFO: [ view_filter ] --START--
INFO: ContentReplace Behavior ::run [ RunTime:0.000454s ]
INFO: TokenBuild Behavior ::run [ RunTime:0.000490s ]
INFO: WriteHtmlCache Behavior ::run [ RunTime:0.000836s ]
INFO: ShowRuntime Behavior ::run [ RunTime:0.000433s ]
INFO: [ view_filter ] --END-- [ RunTime:0.002760s ]
INFO: [ view_end ] --START--
INFO: ShowPageTrace Behavior ::run [ RunTime:0.000374s ]
INFO: [ view_end ] --END-- [ RunTime:0.000454s ]

[ 2016-06-06T04:48:46+08:00 ] 46.4.120.3 /zc/index.php?m=Deals&a=index&tid=12
INFO: [ app_begin ] --START--
INFO: ReadHtmlCache Behavior ::run [ RunTime:0.000425s ]
INFO: [ app_begin ] --END-- [ RunTime:0.000555s ]
SQL: SHOW COLUMNS FROM `fanwe_nav` [ RunTime:0.001847s ]
SQL: SELECT * FROM `fanwe_nav` ORDER BY sort  [ RunTime:0.001129s ]
SQL: SHOW COLUMNS FROM `fanwe_deal_cate` [ RunTime:0.001613s ]
SQL: SELECT * FROM `fanwe_deal_cate` ORDER BY id  [ RunTime:0.000926s ]
SQL: SHOW COLUMNS FROM `fanwe_deal_keyword` [ RunTime:0.001381s ]
SQL: SELECT * FROM `fanwe_deal_keyword` LIMIT 1   [ RunTime:0.000932s ]
NOTIC: [8] Undefined index: uid /webHome/LFWZ000390/www/zc/Zc/Lib/Action/DealsAction.class.php 第 18 行.

[ 2016-06-06T04:48:49+08:00 ] 46.4.120.3 /zc/index.php?m=User&a=login
INFO: [ app_begin ] --START--
INFO: ReadHtmlCache Behavior ::run [ RunTime:0.000564s ]
INFO: [ app_begin ] --END-- [ RunTime:0.000718s ]
SQL: SHOW COLUMNS FROM `fanwe_nav` [ RunTime:0.002311s ]
SQL: SELECT * FROM `fanwe_nav` ORDER BY sort  [ RunTime:0.001148s ]
SQL: SHOW COLUMNS FROM `fanwe_deal_cate` [ RunTime:0.001859s ]
SQL: SELECT * FROM `fanwe_deal_cate` ORDER BY id  [ RunTime:0.001163s ]
SQL: SHOW COLUMNS FROM `fanwe_deal_keyword` [ RunTime:0.001775s ]
SQL: SELECT * FROM `fanwe_deal_keyword` LIMIT 1   [ RunTime:0.000814s ]
INFO: [ view_parse ] --START--
NOTIC: [8] Undefined index: uid /webHome/LFWZ000390/www/zc/Zc/Runtime/Cache/42b90be8e9c40e58e803cfb6a2f683e9.php 第 76 行.
INFO: ParseTemplate Behavior ::run [ RunTime:0.018796s ]
INFO: [ view_parse ] --END-- [ RunTime:0.018968s ]
INFO: [ view_filter ] --START--
INFO: ContentReplace Behavior ::run [ RunTime:0.000643s ]
INFO: TokenBuild Behavior ::run [ RunTime:0.000619s ]
INFO: WriteHtmlCache Behavior ::run [ RunTime:0.000507s ]
INFO: ShowRuntime Behavior ::run [ RunTime:0.000629s ]
INFO: [ view_filter ] --END-- [ RunTime:0.002713s ]
INFO: [ view_end ] --START--
INFO: ShowPageTrace Behavior ::run [ RunTime:0.000570s ]
INFO: [ view_end ] --END-- [ RunTime:0.000675s ]

[ 2016-06-06T06:49:44+08:00 ] 69.30.198.202 /zc/index.php?m=news&a=html&id=1
INFO: [ app_begin ] --START--
INFO: ReadHtmlCache Behavior ::run [ RunTime:0.000240s ]
INFO: [ app_begin ] --END-- [ RunTime:0.000315s ]
ERR: 无法加载模块:news

[ 2016-06-06T07:02:23+08:00 ] 136.243.152.18 /zc/index.php?m=Deal&a=show&id=71
INFO: [ app_begin ] --START--
INFO: ReadHtmlCache Behavior ::run [ RunTime:0.000236s ]
INFO: [ app_begin ] --END-- [ RunTime:0.000311s ]
NOTIC: [2048] Declaration of DealAction::show() should be compatible with that of Action::show() /webHome/LFWZ000390/www/zc/Zc/Lib/Action/DealAction.class.php 第 13 行.
SQL: SHOW COLUMNS FROM `fanwe_nav` [ RunTime:0.014668s ]
SQL: SELECT * FROM `fanwe_nav` ORDER BY sort  [ RunTime:0.025878s ]
SQL: SHOW COLUMNS FROM `fanwe_deal_cate` [ RunTime:0.002630s ]
SQL: SELECT * FROM `fanwe_deal_cate` ORDER BY id  [ RunTime:0.002141s ]
SQL: SHOW COLUMNS FROM `fanwe_deal_keyword` [ RunTime:0.002872s ]
SQL: SELECT * FROM `fanwe_deal_keyword` LIMIT 1   [ RunTime:0.006915s ]
NOTIC: [8] Undefined index: uid /webHome/LFWZ000390/www/zc/Zc/Lib/Action/DealAction.class.php 第 18 行.

[ 2016-06-06T07:02:25+08:00 ] 136.243.152.18 /zc/index.php?m=User&a=login
INFO: [ app_begin ] --START--
INFO: ReadHtmlCache Behavior ::run [ RunTime:0.000450s ]
INFO: [ app_begin ] --END-- [ RunTime:0.000559s ]
SQL: SHOW COLUMNS FROM `fanwe_nav` [ RunTime:0.005421s ]
SQL: SELECT * FROM `fanwe_nav` ORDER BY sort  [ RunTime:0.006454s ]
SQL: SHOW COLUMNS FROM `fanwe_deal_cate` [ RunTime:0.015803s ]
SQL: SELECT * FROM `fanwe_deal_cate` ORDER BY id  [ RunTime:0.005141s ]
SQL: SHOW COLUMNS FROM `fanwe_deal_keyword` [ RunTime:0.013210s ]
SQL: SELECT * FROM `fanwe_deal_keyword` LIMIT 1   [ RunTime:0.001624s ]
INFO: [ view_parse ] --START--
NOTIC: [8] Undefined index: uid /webHome/LFWZ000390/www/zc/Zc/Runtime/Cache/42b90be8e9c40e58e803cfb6a2f683e9.php 第 76 行.
INFO: ParseTemplate Behavior ::run [ RunTime:0.018236s ]
INFO: [ view_parse ] --END-- [ RunTime:0.018446s ]
INFO: [ view_filter ] --START--
INFO: ContentReplace Behavior ::run [ RunTime:0.000576s ]
INFO: TokenBuild Behavior ::run [ RunTime:0.000590s ]
INFO: WriteHtmlCache Behavior ::run [ RunTime:0.000563s ]
INFO: ShowRuntime Behavior ::run [ RunTime:0.000485s ]
INFO: [ view_filter ] --END-- [ RunTime:0.002516s ]
INFO: [ view_end ] --START--
INFO: ShowPageTrace Behavior ::run [ RunTime:0.000539s ]
INFO: [ view_end ] --END-- [ RunTime:0.000631s ]

[ 2016-06-06T07:02:27+08:00 ] 136.243.152.18 /zc/index.php?m=Deal&a=show&id=72
INFO: [ app_begin ] --START--
INFO: ReadHtmlCache Behavior ::run [ RunTime:0.000504s ]
INFO: [ app_begin ] --END-- [ RunTime:0.000625s ]
NOTIC: [2048] Declaration of DealAction::show() should be compatible with that of Action::show() /webHome/LFWZ000390/www/zc/Zc/Lib/Action/DealAction.class.php 第 13 行.
SQL: SHOW COLUMNS FROM `fanwe_nav` [ RunTime:0.018325s ]
SQL: SELECT * FROM `fanwe_nav` ORDER BY sort  [ RunTime:0.000974s ]
SQL: SHOW COLUMNS FROM `fanwe_deal_cate` [ RunTime:0.002405s ]
SQL: SELECT * FROM `fanwe_deal_cate` ORDER BY id  [ RunTime:0.001023s ]
SQL: SHOW COLUMNS FROM `fanwe_deal_keyword` [ RunTime:0.001918s ]
SQL: SELECT * FROM `fanwe_deal_keyword` LIMIT 1   [ RunTime:0.000802s ]
NOTIC: [8] Undefined index: uid /webHome/LFWZ000390/www/zc/Zc/Lib/Action/DealAction.class.php 第 18 行.

[ 2016-06-06T07:02:29+08:00 ] 136.243.152.18 /zc/index.php?m=User&a=login
INFO: [ app_begin ] --START--
INFO: ReadHtmlCache Behavior ::run [ RunTime:0.000565s ]
INFO: [ app_begin ] --END-- [ RunTime:0.000834s ]
SQL: SHOW COLUMNS FROM `fanwe_nav` [ RunTime:0.010926s ]
SQL: SELECT * FROM `fanwe_nav` ORDER BY sort  [ RunTime:0.004713s ]
SQL: SHOW COLUMNS FROM `fanwe_deal_cate` [ RunTime:0.016246s ]
SQL: SELECT * FROM `fanwe_deal_cate` ORDER BY id  [ RunTime:0.006635s ]
SQL: SHOW COLUMNS FROM `fanwe_deal_keyword` [ RunTime:0.004913s ]
SQL: SELECT * FROM `fanwe_deal_keyword` LIMIT 1   [ RunTime:0.000582s ]
INFO: [ view_parse ] --START--
NOTIC: [8] Undefined index: uid /webHome/LFWZ000390/www/zc/Zc/Runtime/Cache/42b90be8e9c40e58e803cfb6a2f683e9.php 第 76 行.
INFO: ParseTemplate Behavior ::run [ RunTime:0.024203s ]
INFO: [ view_parse ] --END-- [ RunTime:0.024440s ]
INFO: [ view_filter ] --START--
INFO: ContentReplace Behavior ::run [ RunTime:0.000968s ]
INFO: TokenBuild Behavior ::run [ RunTime:0.000553s ]
INFO: WriteHtmlCache Behavior ::run [ RunTime:0.000438s ]
INFO: ShowRuntime Behavior ::run [ RunTime:0.000496s ]
INFO: [ view_filter ] --END-- [ RunTime:0.002822s ]
INFO: [ view_end ] --START--
INFO: ShowPageTrace Behavior ::run [ RunTime:0.000397s ]
INFO: [ view_end ] --END-- [ RunTime:0.000491s ]

[ 2016-06-06T08:37:45+08:00 ] 101.226.168.201 /zc/index.php?a=html&id=10&m=News
INFO: [ app_begin ] --START--
INFO: ReadHtmlCache Behavior ::run [ RunTime:0.000521s ]
INFO: [ app_begin ] --END-- [ RunTime:0.000708s ]
SQL: SHOW COLUMNS FROM `fanwe_nav` [ RunTime:0.002728s ]
SQL: SELECT * FROM `fanwe_nav` ORDER BY sort  [ RunTime:0.001267s ]
SQL: SHOW COLUMNS FROM `fanwe_deal_cate` [ RunTime:0.002650s ]
SQL: SELECT * FROM `fanwe_deal_cate` ORDER BY id  [ RunTime:0.001305s ]
SQL: SHOW COLUMNS FROM `fanwe_deal_keyword` [ RunTime:0.002402s ]
SQL: SELECT * FROM `fanwe_deal_keyword` LIMIT 1   [ RunTime:0.001407s ]
SQL: SHOW COLUMNS FROM `fanwe_news` [ RunTime:0.003640s ]
SQL: SELECT * FROM `fanwe_news` WHERE ( `id` = 10 ) LIMIT 1   [ RunTime:0.009499s ]
INFO: [ view_parse ] --START--
NOTIC: [8] Undefined index: uid /webHome/LFWZ000390/www/zc/Zc/Runtime/Cache/012cdf2fa3ba4152d6d6173485c32ca8.php 第 98 行.
NOTIC: [8] Use of undefined constant id - assumed 'id' /webHome/LFWZ000390/www/zc/Zc/Runtime/Cache/012cdf2fa3ba4152d6d6173485c32ca8.php 第 142 行.
SQL: SELECT * FROM `fanwe_news` WHERE ( `id` < '10' ) LIMIT 1   [ RunTime:0.006913s ]
SQL: SELECT * FROM `fanwe_news` WHERE ( `id` > '10' ) LIMIT 1   [ RunTime:0.000999s ]
INFO: ParseTemplate Behavior ::run [ RunTime:0.028779s ]
INFO: [ view_parse ] --END-- [ RunTime:0.028894s ]
INFO: [ view_filter ] --START--
INFO: ContentReplace Behavior ::run [ RunTime:0.000917s ]
INFO: TokenBuild Behavior ::run [ RunTime:0.000615s ]
INFO: WriteHtmlCache Behavior ::run [ RunTime:0.000381s ]
INFO: ShowRuntime Behavior ::run [ RunTime:0.000608s ]
INFO: [ view_filter ] --END-- [ RunTime:0.002788s ]
INFO: [ view_end ] --START--
INFO: ShowPageTrace Behavior ::run [ RunTime:0.000479s ]
INFO: [ view_end ] --END-- [ RunTime:0.000628s ]

[ 2016-06-06T10:56:14+08:00 ] 62.210.107.201 /zc/index.php?m=news&a=html&id=8
INFO: [ app_begin ] --START--
INFO: ReadHtmlCache Behavior ::run [ RunTime:0.000238s ]
INFO: [ app_begin ] --END-- [ RunTime:0.000329s ]
ERR: 无法加载模块:news

[ 2016-06-06T12:11:25+08:00 ] 42.156.136.101 /zc/index.php?a=html&id=1&m=News
INFO: [ app_begin ] --START--
INFO: ReadHtmlCache Behavior ::run [ RunTime:0.000232s ]
INFO: [ app_begin ] --END-- [ RunTime:0.000329s ]
SQL: SHOW COLUMNS FROM `fanwe_nav` [ RunTime:0.001875s ]
SQL: SELECT * FROM `fanwe_nav` ORDER BY sort  [ RunTime:0.000608s ]
SQL: SHOW COLUMNS FROM `fanwe_deal_cate` [ RunTime:0.001248s ]
SQL: SELECT * FROM `fanwe_deal_cate` ORDER BY id  [ RunTime:0.001205s ]
SQL: SHOW COLUMNS FROM `fanwe_deal_keyword` [ RunTime:0.000772s ]
SQL: SELECT * FROM `fanwe_deal_keyword` LIMIT 1   [ RunTime:0.000606s ]
SQL: SHOW COLUMNS FROM `fanwe_news` [ RunTime:0.000944s ]
SQL: SELECT * FROM `fanwe_news` WHERE ( `id` = 1 ) LIMIT 1   [ RunTime:0.000979s ]
INFO: [ view_parse ] --START--
NOTIC: [8] Undefined index: uid /webHome/LFWZ000390/www/zc/Zc/Runtime/Cache/012cdf2fa3ba4152d6d6173485c32ca8.php 第 98 行.
NOTIC: [8] Use of undefined constant id - assumed 'id' /webHome/LFWZ000390/www/zc/Zc/Runtime/Cache/012cdf2fa3ba4152d6d6173485c32ca8.php 第 142 行.
SQL: SELECT * FROM `fanwe_news` WHERE ( `id` < '1' ) LIMIT 1   [ RunTime:0.000667s ]
SQL: SELECT * FROM `fanwe_news` WHERE ( `id` > '1' ) LIMIT 1   [ RunTime:0.000509s ]
INFO: ParseTemplate Behavior ::run [ RunTime:0.009810s ]
INFO: [ view_parse ] --END-- [ RunTime:0.009881s ]
INFO: [ view_filter ] --START--
INFO: ContentReplace Behavior ::run [ RunTime:0.000374s ]
INFO: TokenBuild Behavior ::run [ RunTime:0.000264s ]
INFO: WriteHtmlCache Behavior ::run [ RunTime:0.000184s ]
INFO: ShowRuntime Behavior ::run [ RunTime:0.000358s ]
INFO: [ view_filter ] --END-- [ RunTime:0.001320s ]
INFO: [ view_end ] --START--
INFO: ShowPageTrace Behavior ::run [ RunTime:0.000243s ]
INFO: [ view_end ] --END-- [ RunTime:0.000290s ]

[ 2016-06-06T19:38:27+08:00 ] 42.156.138.64 /zc/index.php?a=rec&m=Deals
INFO: [ app_begin ] --START--
INFO: ReadHtmlCache Behavior ::run [ RunTime:0.000574s ]
INFO: [ app_begin ] --END-- [ RunTime:0.000733s ]
SQL: SHOW COLUMNS FROM `fanwe_nav` [ RunTime:0.002212s ]
SQL: SELECT * FROM `fanwe_nav` ORDER BY sort  [ RunTime:0.000872s ]
SQL: SHOW COLUMNS FROM `fanwe_deal_cate` [ RunTime:0.001743s ]
SQL: SELECT * FROM `fanwe_deal_cate` ORDER BY id  [ RunTime:0.000908s ]
SQL: SHOW COLUMNS FROM `fanwe_deal_keyword` [ RunTime:0.002057s ]
SQL: SELECT * FROM `fanwe_deal_keyword` LIMIT 1   [ RunTime:0.001060s ]
NOTIC: [8] Undefined index: uid /webHome/LFWZ000390/www/zc/Zc/Lib/Action/DealsAction.class.php 第 61 行.

[ 2016-06-06T19:38:27+08:00 ] 42.156.138.64 /zc/index.php?m=User&a=login
INFO: [ app_begin ] --START--
INFO: ReadHtmlCache Behavior ::run [ RunTime:0.000472s ]
INFO: [ app_begin ] --END-- [ RunTime:0.000591s ]
SQL: SHOW COLUMNS FROM `fanwe_nav` [ RunTime:0.001645s ]
SQL: SELECT * FROM `fanwe_nav` ORDER BY sort  [ RunTime:0.000794s ]
SQL: SHOW COLUMNS FROM `fanwe_deal_cate` [ RunTime:0.001668s ]
SQL: SELECT * FROM `fanwe_deal_cate` ORDER BY id  [ RunTime:0.000845s ]
SQL: SHOW COLUMNS FROM `fanwe_deal_keyword` [ RunTime:0.001607s ]
SQL: SELECT * FROM `fanwe_deal_keyword` LIMIT 1   [ RunTime:0.001308s ]
INFO: [ view_parse ] --START--
NOTIC: [8] Undefined index: uid /webHome/LFWZ000390/www/zc/Zc/Runtime/Cache/42b90be8e9c40e58e803cfb6a2f683e9.php 第 76 行.
INFO: ParseTemplate Behavior ::run [ RunTime:0.014410s ]
INFO: [ view_parse ] --END-- [ RunTime:0.014535s ]
INFO: [ view_filter ] --START--
INFO: ContentReplace Behavior ::run [ RunTime:0.000490s ]
INFO: TokenBuild Behavior ::run [ RunTime:0.000456s ]
INFO: WriteHtmlCache Behavior ::run [ RunTime:0.000371s ]
INFO: ShowRuntime Behavior ::run [ RunTime:0.000497s ]
INFO: [ view_filter ] --END-- [ RunTime:0.002047s ]
INFO: [ view_end ] --START--
INFO: ShowPageTrace Behavior ::run [ RunTime:0.000378s ]
INFO: [ view_end ] --END-- [ RunTime:0.000455s ]

[ 2016-06-06T19:38:28+08:00 ] 42.156.136.64 /zc/index.php?m=User&a=login
INFO: [ app_begin ] --START--
INFO: ReadHtmlCache Behavior ::run [ RunTime:0.000493s ]
INFO: [ app_begin ] --END-- [ RunTime:0.000618s ]
SQL: SHOW COLUMNS FROM `fanwe_nav` [ RunTime:0.001635s ]
SQL: SELECT * FROM `fanwe_nav` ORDER BY sort  [ RunTime:0.000775s ]
SQL: SHOW COLUMNS FROM `fanwe_deal_cate` [ RunTime:0.001317s ]
SQL: SELECT * FROM `fanwe_deal_cate` ORDER BY id  [ RunTime:0.001341s ]
SQL: SHOW COLUMNS FROM `fanwe_deal_keyword` [ RunTime:0.001003s ]
SQL: SELECT * FROM `fanwe_deal_keyword` LIMIT 1   [ RunTime:0.000991s ]
INFO: [ view_parse ] --START--
NOTIC: [8] Undefined index: uid /webHome/LFWZ000390/www/zc/Zc/Runtime/Cache/42b90be8e9c40e58e803cfb6a2f683e9.php 第 76 行.
INFO: ParseTemplate Behavior ::run [ RunTime:0.015538s ]
INFO: [ view_parse ] --END-- [ RunTime:0.015690s ]
INFO: [ view_filter ] --START--
INFO: ContentReplace Behavior ::run [ RunTime:0.000466s ]
INFO: TokenBuild Behavior ::run [ RunTime:0.000522s ]
INFO: WriteHtmlCache Behavior ::run [ RunTime:0.000357s ]
INFO: ShowRuntime Behavior ::run [ RunTime:0.000553s ]
INFO: [ view_filter ] --END-- [ RunTime:0.002124s ]
INFO: [ view_end ] --START--
INFO: ShowPageTrace Behavior ::run [ RunTime:0.000490s ]
INFO: [ view_end ] --END-- [ RunTime:0.000581s ]

[ 2016-06-06T22:27:05+08:00 ] 69.30.218.166 /zc/index.php?m=News&a=html&id=3
INFO: [ app_begin ] --START--
INFO: ReadHtmlCache Behavior ::run [ RunTime:0.000639s ]
INFO: [ app_begin ] --END-- [ RunTime:0.000757s ]
SQL: SHOW COLUMNS FROM `fanwe_nav` [ RunTime:0.002656s ]
SQL: SELECT * FROM `fanwe_nav` ORDER BY sort  [ RunTime:0.001386s ]
SQL: SHOW COLUMNS FROM `fanwe_deal_cate` [ RunTime:0.001559s ]
SQL: SELECT * FROM `fanwe_deal_cate` ORDER BY id  [ RunTime:0.001421s ]
SQL: SHOW COLUMNS FROM `fanwe_deal_keyword` [ RunTime:0.002697s ]
SQL: SELECT * FROM `fanwe_deal_keyword` LIMIT 1   [ RunTime:0.000913s ]
SQL: SHOW COLUMNS FROM `fanwe_news` [ RunTime:0.002341s ]
SQL: SELECT * FROM `fanwe_news` WHERE ( `id` = 3 ) LIMIT 1   [ RunTime:0.001188s ]
INFO: [ view_parse ] --START--
NOTIC: [8] Undefined index: uid /webHome/LFWZ000390/www/zc/Zc/Runtime/Cache/012cdf2fa3ba4152d6d6173485c32ca8.php 第 98 行.
NOTIC: [8] Use of undefined constant id - assumed 'id' /webHome/LFWZ000390/www/zc/Zc/Runtime/Cache/012cdf2fa3ba4152d6d6173485c32ca8.php 第 142 行.
SQL: SELECT * FROM `fanwe_news` WHERE ( `id` < '3' ) LIMIT 1   [ RunTime:0.001365s ]
SQL: SELECT * FROM `fanwe_news` WHERE ( `id` > '3' ) LIMIT 1   [ RunTime:0.002169s ]
INFO: ParseTemplate Behavior ::run [ RunTime:0.019699s ]
INFO: [ view_parse ] --END-- [ RunTime:0.019836s ]
INFO: [ view_filter ] --START--
INFO: ContentReplace Behavior ::run [ RunTime:0.000603s ]
INFO: TokenBuild Behavior ::run [ RunTime:0.000416s ]
INFO: WriteHtmlCache Behavior ::run [ RunTime:0.000483s ]
INFO: ShowRuntime Behavior ::run [ RunTime:0.000891s ]
INFO: [ view_filter ] --END-- [ RunTime:0.002657s ]
INFO: [ view_end ] --START--
INFO: ShowPageTrace Behavior ::run [ RunTime:0.000397s ]
INFO: [ view_end ] --END-- [ RunTime:0.000476s ]

[ 2016-06-06T22:27:28+08:00 ] 69.30.218.166 /zc/index.php?m=News&a=html&id=4
INFO: [ app_begin ] --START--
INFO: ReadHtmlCache Behavior ::run [ RunTime:0.000215s ]
INFO: [ app_begin ] --END-- [ RunTime:0.000292s ]
SQL: SHOW COLUMNS FROM `fanwe_nav` [ RunTime:0.001040s ]
SQL: SELECT * FROM `fanwe_nav` ORDER BY sort  [ RunTime:0.000534s ]
SQL: SHOW COLUMNS FROM `fanwe_deal_cate` [ RunTime:0.000947s ]
SQL: SELECT * FROM `fanwe_deal_cate` ORDER BY id  [ RunTime:0.000524s ]
SQL: SHOW COLUMNS FROM `fanwe_deal_keyword` [ RunTime:0.001109s ]
SQL: SELECT * FROM `fanwe_deal_keyword` LIMIT 1   [ RunTime:0.000580s ]
SQL: SHOW COLUMNS FROM `fanwe_news` [ RunTime:0.001040s ]
SQL: SELECT * FROM `fanwe_news` WHERE ( `id` = 4 ) LIMIT 1   [ RunTime:0.001277s ]
INFO: [ view_parse ] --START--
NOTIC: [8] Undefined index: uid /webHome/LFWZ000390/www/zc/Zc/Runtime/Cache/012cdf2fa3ba4152d6d6173485c32ca8.php 第 98 行.
NOTIC: [8] Use of undefined constant id - assumed 'id' /webHome/LFWZ000390/www/zc/Zc/Runtime/Cache/012cdf2fa3ba4152d6d6173485c32ca8.php 第 142 行.
SQL: SELECT * FROM `fanwe_news` WHERE ( `id` < '4' ) LIMIT 1   [ RunTime:0.000701s ]
SQL: SELECT * FROM `fanwe_news` WHERE ( `id` > '4' ) LIMIT 1   [ RunTime:0.000798s ]
INFO: ParseTemplate Behavior ::run [ RunTime:0.010374s ]
INFO: [ view_parse ] --END-- [ RunTime:0.010435s ]
INFO: [ view_filter ] --START--
INFO: ContentReplace Behavior ::run [ RunTime:0.000408s ]
INFO: TokenBuild Behavior ::run [ RunTime:0.000225s ]
INFO: WriteHtmlCache Behavior ::run [ RunTime:0.000186s ]
INFO: ShowRuntime Behavior ::run [ RunTime:0.000274s ]
INFO: [ view_filter ] --END-- [ RunTime:0.001265s ]
INFO: [ view_end ] --START--
INFO: ShowPageTrace Behavior ::run [ RunTime:0.000221s ]
INFO: [ view_end ] --END-- [ RunTime:0.000269s ]

[ 2016-06-06T22:35:34+08:00 ] 213.251.184.38 /zc/index.php?m=news&a=html&id=7
INFO: [ app_begin ] --START--
INFO: ReadHtmlCache Behavior ::run [ RunTime:0.000227s ]
INFO: [ app_begin ] --END-- [ RunTime:0.000306s ]
ERR: 无法加载模块:news

[ 2016-06-06T22:35:36+08:00 ] 213.251.184.38 /zc/index.php?m=news&a=html&id=9
INFO: [ app_begin ] --START--
INFO: ReadHtmlCache Behavior ::run [ RunTime:0.000487s ]
INFO: [ app_begin ] --END-- [ RunTime:0.000617s ]
ERR: 无法加载模块:news

