[ 2016-04-10T00:58:11+08:00 ] 109.87.138.56 /zc/index.php?m=Deal&a=show&id=72
INFO: [ app_begin ] --START--
INFO: ReadHtmlCache Behavior ::run [ RunTime:0.000514s ]
INFO: [ app_begin ] --END-- [ RunTime:0.000652s ]
NOTIC: [2048] Declaration of DealAction::show() should be compatible with that of Action::show() /webHome/LFWZ000390/www/zc/Zc/Lib/Action/DealAction.class.php 第 13 行.
SQL: SHOW COLUMNS FROM `fanwe_nav` [ RunTime:0.001942s ]
SQL: SELECT * FROM `fanwe_nav` ORDER BY sort  [ RunTime:0.007197s ]
SQL: SHOW COLUMNS FROM `fanwe_deal_cate` [ RunTime:0.001817s ]
SQL: SELECT * FROM `fanwe_deal_cate` ORDER BY id  [ RunTime:0.007697s ]
SQL: SHOW COLUMNS FROM `fanwe_deal_keyword` [ RunTime:0.002542s ]
SQL: SELECT * FROM `fanwe_deal_keyword` LIMIT 1   [ RunTime:0.003950s ]
NOTIC: [8] Undefined index: uid /webHome/LFWZ000390/www/zc/Zc/Lib/Action/DealAction.class.php 第 18 行.

[ 2016-04-10T00:58:18+08:00 ] 109.87.138.56 /zc/index.php?m=User&a=login
INFO: [ app_begin ] --START--
INFO: ReadHtmlCache Behavior ::run [ RunTime:0.000475s ]
INFO: [ app_begin ] --END-- [ RunTime:0.000647s ]
SQL: SHOW COLUMNS FROM `fanwe_nav` [ RunTime:0.001735s ]
SQL: SELECT * FROM `fanwe_nav` ORDER BY sort  [ RunTime:0.001089s ]
SQL: SHOW COLUMNS FROM `fanwe_deal_cate` [ RunTime:0.001893s ]
SQL: SELECT * FROM `fanwe_deal_cate` ORDER BY id  [ RunTime:0.000790s ]
SQL: SHOW COLUMNS FROM `fanwe_deal_keyword` [ RunTime:0.001317s ]
SQL: SELECT * FROM `fanwe_deal_keyword` LIMIT 1   [ RunTime:0.001134s ]
INFO: [ view_parse ] --START--
NOTIC: [8] Undefined index: uid /webHome/LFWZ000390/www/zc/Zc/Runtime/Cache/42b90be8e9c40e58e803cfb6a2f683e9.php 第 76 行.
INFO: ParseTemplate Behavior ::run [ RunTime:0.015933s ]
INFO: [ view_parse ] --END-- [ RunTime:0.016059s ]
INFO: [ view_filter ] --START--
INFO: ContentReplace Behavior ::run [ RunTime:0.000565s ]
INFO: TokenBuild Behavior ::run [ RunTime:0.000540s ]
INFO: WriteHtmlCache Behavior ::run [ RunTime:0.000510s ]
INFO: ShowRuntime Behavior ::run [ RunTime:0.000491s ]
INFO: [ view_filter ] --END-- [ RunTime:0.002444s ]
INFO: [ view_end ] --START--
INFO: ShowPageTrace Behavior ::run [ RunTime:0.000475s ]
INFO: [ view_end ] --END-- [ RunTime:0.000582s ]

[ 2016-04-10T01:38:39+08:00 ] 136.243.5.87 /zc/index.php?m=Deals&a=index
INFO: [ app_begin ] --START--
INFO: ReadHtmlCache Behavior ::run [ RunTime:0.000367s ]
INFO: [ app_begin ] --END-- [ RunTime:0.000500s ]
SQL: SHOW COLUMNS FROM `fanwe_nav` [ RunTime:0.001320s ]
SQL: SELECT * FROM `fanwe_nav` ORDER BY sort  [ RunTime:0.000598s ]
SQL: SHOW COLUMNS FROM `fanwe_deal_cate` [ RunTime:0.001127s ]
SQL: SELECT * FROM `fanwe_deal_cate` ORDER BY id  [ RunTime:0.000934s ]
SQL: SHOW COLUMNS FROM `fanwe_deal_keyword` [ RunTime:0.001318s ]
SQL: SELECT * FROM `fanwe_deal_keyword` LIMIT 1   [ RunTime:0.000841s ]
NOTIC: [8] Undefined index: uid /webHome/LFWZ000390/www/zc/Zc/Lib/Action/DealsAction.class.php 第 18 行.

[ 2016-04-10T01:38:41+08:00 ] 136.243.5.87 /zc/index.php?m=User&a=login
INFO: [ app_begin ] --START--
INFO: ReadHtmlCache Behavior ::run [ RunTime:0.000485s ]
INFO: [ app_begin ] --END-- [ RunTime:0.000631s ]
SQL: SHOW COLUMNS FROM `fanwe_nav` [ RunTime:0.002351s ]
SQL: SELECT * FROM `fanwe_nav` ORDER BY sort  [ RunTime:0.000885s ]
SQL: SHOW COLUMNS FROM `fanwe_deal_cate` [ RunTime:0.001485s ]
SQL: SELECT * FROM `fanwe_deal_cate` ORDER BY id  [ RunTime:0.000642s ]
SQL: SHOW COLUMNS FROM `fanwe_deal_keyword` [ RunTime:0.001472s ]
SQL: SELECT * FROM `fanwe_deal_keyword` LIMIT 1   [ RunTime:0.000948s ]
INFO: [ view_parse ] --START--
NOTIC: [8] Undefined index: uid /webHome/LFWZ000390/www/zc/Zc/Runtime/Cache/42b90be8e9c40e58e803cfb6a2f683e9.php 第 76 行.
INFO: ParseTemplate Behavior ::run [ RunTime:0.018102s ]
INFO: [ view_parse ] --END-- [ RunTime:0.018251s ]
INFO: [ view_filter ] --START--
INFO: ContentReplace Behavior ::run [ RunTime:0.000632s ]
INFO: TokenBuild Behavior ::run [ RunTime:0.000451s ]
INFO: WriteHtmlCache Behavior ::run [ RunTime:0.000780s ]
INFO: ShowRuntime Behavior ::run [ RunTime:0.000591s ]
INFO: [ view_filter ] --END-- [ RunTime:0.002780s ]
INFO: [ view_end ] --START--
INFO: ShowPageTrace Behavior ::run [ RunTime:0.000511s ]
INFO: [ view_end ] --END-- [ RunTime:0.000645s ]

[ 2016-04-10T01:38:57+08:00 ] 136.243.5.87 /zc/index.php?m=Deals&a=index&tid=6
INFO: [ app_begin ] --START--
INFO: ReadHtmlCache Behavior ::run [ RunTime:0.000473s ]
INFO: [ app_begin ] --END-- [ RunTime:0.000625s ]
SQL: SHOW COLUMNS FROM `fanwe_nav` [ RunTime:0.002235s ]
SQL: SELECT * FROM `fanwe_nav` ORDER BY sort  [ RunTime:0.000994s ]
SQL: SHOW COLUMNS FROM `fanwe_deal_cate` [ RunTime:0.002315s ]
SQL: SELECT * FROM `fanwe_deal_cate` ORDER BY id  [ RunTime:0.000910s ]
SQL: SHOW COLUMNS FROM `fanwe_deal_keyword` [ RunTime:0.001726s ]
SQL: SELECT * FROM `fanwe_deal_keyword` LIMIT 1   [ RunTime:0.000904s ]
NOTIC: [8] Undefined index: uid /webHome/LFWZ000390/www/zc/Zc/Lib/Action/DealsAction.class.php 第 18 行.

[ 2016-04-10T01:39:00+08:00 ] 136.243.5.87 /zc/index.php?m=User&a=login
INFO: [ app_begin ] --START--
INFO: ReadHtmlCache Behavior ::run [ RunTime:0.000515s ]
INFO: [ app_begin ] --END-- [ RunTime:0.000705s ]
SQL: SHOW COLUMNS FROM `fanwe_nav` [ RunTime:0.001603s ]
SQL: SELECT * FROM `fanwe_nav` ORDER BY sort  [ RunTime:0.001275s ]
SQL: SHOW COLUMNS FROM `fanwe_deal_cate` [ RunTime:0.001696s ]
SQL: SELECT * FROM `fanwe_deal_cate` ORDER BY id  [ RunTime:0.001202s ]
SQL: SHOW COLUMNS FROM `fanwe_deal_keyword` [ RunTime:0.002157s ]
SQL: SELECT * FROM `fanwe_deal_keyword` LIMIT 1   [ RunTime:0.000913s ]
INFO: [ view_parse ] --START--
NOTIC: [8] Undefined index: uid /webHome/LFWZ000390/www/zc/Zc/Runtime/Cache/42b90be8e9c40e58e803cfb6a2f683e9.php 第 76 行.
INFO: ParseTemplate Behavior ::run [ RunTime:0.017278s ]
INFO: [ view_parse ] --END-- [ RunTime:0.017400s ]
INFO: [ view_filter ] --START--
INFO: ContentReplace Behavior ::run [ RunTime:0.000894s ]
INFO: TokenBuild Behavior ::run [ RunTime:0.000650s ]
INFO: WriteHtmlCache Behavior ::run [ RunTime:0.000519s ]
INFO: ShowRuntime Behavior ::run [ RunTime:0.000497s ]
INFO: [ view_filter ] --END-- [ RunTime:0.003099s ]
INFO: [ view_end ] --START--
INFO: ShowPageTrace Behavior ::run [ RunTime:0.000490s ]
INFO: [ view_end ] --END-- [ RunTime:0.000599s ]

[ 2016-04-10T01:39:04+08:00 ] 136.243.5.87 /zc/index.php?m=News&a=html
INFO: [ app_begin ] --START--
INFO: ReadHtmlCache Behavior ::run [ RunTime:0.000802s ]
INFO: [ app_begin ] --END-- [ RunTime:0.001140s ]
SQL: SHOW COLUMNS FROM `fanwe_nav` [ RunTime:0.005920s ]
SQL: SELECT * FROM `fanwe_nav` ORDER BY sort  [ RunTime:0.014838s ]
SQL: SHOW COLUMNS FROM `fanwe_deal_cate` [ RunTime:0.011340s ]
SQL: SELECT * FROM `fanwe_deal_cate` ORDER BY id  [ RunTime:0.002840s ]
SQL: SHOW COLUMNS FROM `fanwe_deal_keyword` [ RunTime:0.003500s ]
SQL: SELECT * FROM `fanwe_deal_keyword` LIMIT 1   [ RunTime:0.004369s ]
NOTIC: [8] Undefined index: id /webHome/LFWZ000390/www/zc/Zc/Lib/Action/NewsAction.class.php 第 28 行.
SQL: SHOW COLUMNS FROM `fanwe_news` [ RunTime:0.004097s ]
SQL: SELECT * FROM `fanwe_news` WHERE ( `id` = null ) LIMIT 1   [ RunTime:0.002731s ]
INFO: [ view_parse ] --START--
NOTIC: [8] Undefined index: uid /webHome/LFWZ000390/www/zc/Zc/Runtime/Cache/012cdf2fa3ba4152d6d6173485c32ca8.php 第 98 行.
NOTIC: [8] Use of undefined constant id - assumed 'id' /webHome/LFWZ000390/www/zc/Zc/Runtime/Cache/012cdf2fa3ba4152d6d6173485c32ca8.php 第 142 行.
SQL: SELECT * FROM `fanwe_news` WHERE ( `id` < null ) LIMIT 1   [ RunTime:0.009259s ]
SQL: SELECT * FROM `fanwe_news` WHERE ( `id` > null ) LIMIT 1   [ RunTime:0.001741s ]
INFO: ParseTemplate Behavior ::run [ RunTime:0.065455s ]
INFO: [ view_parse ] --END-- [ RunTime:0.065858s ]
INFO: [ view_filter ] --START--
INFO: ContentReplace Behavior ::run [ RunTime:0.001118s ]
INFO: TokenBuild Behavior ::run [ RunTime:0.005644s ]
INFO: WriteHtmlCache Behavior ::run [ RunTime:0.000795s ]
INFO: ShowRuntime Behavior ::run [ RunTime:0.000870s ]
INFO: [ view_filter ] --END-- [ RunTime:0.009034s ]
INFO: [ view_end ] --START--
INFO: ShowPageTrace Behavior ::run [ RunTime:0.000750s ]
INFO: [ view_end ] --END-- [ RunTime:0.000882s ]

[ 2016-04-10T04:04:22+08:00 ] 195.154.200.93 /zc/index.php?m=Deals&a=index&tid=4
INFO: [ app_begin ] --START--
INFO: ReadHtmlCache Behavior ::run [ RunTime:0.000473s ]
INFO: [ app_begin ] --END-- [ RunTime:0.000642s ]
SQL: SHOW COLUMNS FROM `fanwe_nav` [ RunTime:0.001823s ]
SQL: SELECT * FROM `fanwe_nav` ORDER BY sort  [ RunTime:0.000855s ]
SQL: SHOW COLUMNS FROM `fanwe_deal_cate` [ RunTime:0.001649s ]
SQL: SELECT * FROM `fanwe_deal_cate` ORDER BY id  [ RunTime:0.000932s ]
SQL: SHOW COLUMNS FROM `fanwe_deal_keyword` [ RunTime:0.001996s ]
SQL: SELECT * FROM `fanwe_deal_keyword` LIMIT 1   [ RunTime:0.001811s ]
NOTIC: [8] Undefined index: uid /webHome/LFWZ000390/www/zc/Zc/Lib/Action/DealsAction.class.php 第 18 行.

[ 2016-04-10T04:04:26+08:00 ] 195.154.200.93 /zc/index.php?m=User&a=login
INFO: [ app_begin ] --START--
INFO: ReadHtmlCache Behavior ::run [ RunTime:0.000591s ]
INFO: [ app_begin ] --END-- [ RunTime:0.000750s ]
SQL: SHOW COLUMNS FROM `fanwe_nav` [ RunTime:0.002015s ]
SQL: SELECT * FROM `fanwe_nav` ORDER BY sort  [ RunTime:0.000895s ]
SQL: SHOW COLUMNS FROM `fanwe_deal_cate` [ RunTime:0.001408s ]
SQL: SELECT * FROM `fanwe_deal_cate` ORDER BY id  [ RunTime:0.000745s ]
SQL: SHOW COLUMNS FROM `fanwe_deal_keyword` [ RunTime:0.001780s ]
SQL: SELECT * FROM `fanwe_deal_keyword` LIMIT 1   [ RunTime:0.000483s ]
INFO: [ view_parse ] --START--
NOTIC: [8] Undefined index: uid /webHome/LFWZ000390/www/zc/Zc/Runtime/Cache/42b90be8e9c40e58e803cfb6a2f683e9.php 第 76 行.
INFO: ParseTemplate Behavior ::run [ RunTime:0.017892s ]
INFO: [ view_parse ] --END-- [ RunTime:0.018042s ]
INFO: [ view_filter ] --START--
INFO: ContentReplace Behavior ::run [ RunTime:0.000632s ]
INFO: TokenBuild Behavior ::run [ RunTime:0.000722s ]
INFO: WriteHtmlCache Behavior ::run [ RunTime:0.000517s ]
INFO: ShowRuntime Behavior ::run [ RunTime:0.000766s ]
INFO: [ view_filter ] --END-- [ RunTime:0.002950s ]
INFO: [ view_end ] --START--
INFO: ShowPageTrace Behavior ::run [ RunTime:0.000469s ]
INFO: [ view_end ] --END-- [ RunTime:0.000561s ]

[ 2016-04-10T04:04:31+08:00 ] 195.154.200.93 /zc/index.php?m=Deals&a=index&tid=5
INFO: [ app_begin ] --START--
INFO: ReadHtmlCache Behavior ::run [ RunTime:0.000483s ]
INFO: [ app_begin ] --END-- [ RunTime:0.000689s ]
SQL: SHOW COLUMNS FROM `fanwe_nav` [ RunTime:0.002244s ]
SQL: SELECT * FROM `fanwe_nav` ORDER BY sort  [ RunTime:0.000829s ]
SQL: SHOW COLUMNS FROM `fanwe_deal_cate` [ RunTime:0.001855s ]
SQL: SELECT * FROM `fanwe_deal_cate` ORDER BY id  [ RunTime:0.001066s ]
SQL: SHOW COLUMNS FROM `fanwe_deal_keyword` [ RunTime:0.002105s ]
SQL: SELECT * FROM `fanwe_deal_keyword` LIMIT 1   [ RunTime:0.000856s ]
NOTIC: [8] Undefined index: uid /webHome/LFWZ000390/www/zc/Zc/Lib/Action/DealsAction.class.php 第 18 行.

[ 2016-04-10T04:04:33+08:00 ] 195.154.200.93 /zc/index.php?m=User&a=login
INFO: [ app_begin ] --START--
INFO: ReadHtmlCache Behavior ::run [ RunTime:0.000489s ]
INFO: [ app_begin ] --END-- [ RunTime:0.000636s ]
SQL: SHOW COLUMNS FROM `fanwe_nav` [ RunTime:0.002705s ]
SQL: SELECT * FROM `fanwe_nav` ORDER BY sort  [ RunTime:0.000811s ]
SQL: SHOW COLUMNS FROM `fanwe_deal_cate` [ RunTime:0.001433s ]
SQL: SELECT * FROM `fanwe_deal_cate` ORDER BY id  [ RunTime:0.001058s ]
SQL: SHOW COLUMNS FROM `fanwe_deal_keyword` [ RunTime:0.002188s ]
SQL: SELECT * FROM `fanwe_deal_keyword` LIMIT 1   [ RunTime:0.000593s ]
INFO: [ view_parse ] --START--
NOTIC: [8] Undefined index: uid /webHome/LFWZ000390/www/zc/Zc/Runtime/Cache/42b90be8e9c40e58e803cfb6a2f683e9.php 第 76 行.
INFO: ParseTemplate Behavior ::run [ RunTime:0.015666s ]
INFO: [ view_parse ] --END-- [ RunTime:0.015784s ]
INFO: [ view_filter ] --START--
INFO: ContentReplace Behavior ::run [ RunTime:0.000513s ]
INFO: TokenBuild Behavior ::run [ RunTime:0.000573s ]
INFO: WriteHtmlCache Behavior ::run [ RunTime:0.000490s ]
INFO: ShowRuntime Behavior ::run [ RunTime:0.000509s ]
INFO: [ view_filter ] --END-- [ RunTime:0.002411s ]
INFO: [ view_end ] --START--
INFO: ShowPageTrace Behavior ::run [ RunTime:0.000506s ]
INFO: [ view_end ] --END-- [ RunTime:0.000601s ]

[ 2016-04-10T04:04:36+08:00 ] 195.154.200.93 /zc/index.php?m=Deals&a=index&tid=7
INFO: [ app_begin ] --START--
INFO: ReadHtmlCache Behavior ::run [ RunTime:0.000687s ]
INFO: [ app_begin ] --END-- [ RunTime:0.000836s ]
SQL: SHOW COLUMNS FROM `fanwe_nav` [ RunTime:0.002165s ]
SQL: SELECT * FROM `fanwe_nav` ORDER BY sort  [ RunTime:0.001399s ]
SQL: SHOW COLUMNS FROM `fanwe_deal_cate` [ RunTime:0.001826s ]
SQL: SELECT * FROM `fanwe_deal_cate` ORDER BY id  [ RunTime:0.001250s ]
SQL: SHOW COLUMNS FROM `fanwe_deal_keyword` [ RunTime:0.001950s ]
SQL: SELECT * FROM `fanwe_deal_keyword` LIMIT 1   [ RunTime:0.000739s ]
NOTIC: [8] Undefined index: uid /webHome/LFWZ000390/www/zc/Zc/Lib/Action/DealsAction.class.php 第 18 行.

[ 2016-04-10T04:04:40+08:00 ] 195.154.200.93 /zc/index.php?m=User&a=login
INFO: [ app_begin ] --START--
INFO: ReadHtmlCache Behavior ::run [ RunTime:0.000556s ]
INFO: [ app_begin ] --END-- [ RunTime:0.000707s ]
SQL: SHOW COLUMNS FROM `fanwe_nav` [ RunTime:0.002282s ]
SQL: SELECT * FROM `fanwe_nav` ORDER BY sort  [ RunTime:0.000691s ]
SQL: SHOW COLUMNS FROM `fanwe_deal_cate` [ RunTime:0.001936s ]
SQL: SELECT * FROM `fanwe_deal_cate` ORDER BY id  [ RunTime:0.001067s ]
SQL: SHOW COLUMNS FROM `fanwe_deal_keyword` [ RunTime:0.002219s ]
SQL: SELECT * FROM `fanwe_deal_keyword` LIMIT 1   [ RunTime:0.000922s ]
INFO: [ view_parse ] --START--
NOTIC: [8] Undefined index: uid /webHome/LFWZ000390/www/zc/Zc/Runtime/Cache/42b90be8e9c40e58e803cfb6a2f683e9.php 第 76 行.
INFO: ParseTemplate Behavior ::run [ RunTime:0.019221s ]
INFO: [ view_parse ] --END-- [ RunTime:0.019424s ]
INFO: [ view_filter ] --START--
INFO: ContentReplace Behavior ::run [ RunTime:0.000970s ]
INFO: TokenBuild Behavior ::run [ RunTime:0.000517s ]
INFO: WriteHtmlCache Behavior ::run [ RunTime:0.000385s ]
INFO: ShowRuntime Behavior ::run [ RunTime:0.000501s ]
INFO: [ view_filter ] --END-- [ RunTime:0.002906s ]
INFO: [ view_end ] --START--
INFO: ShowPageTrace Behavior ::run [ RunTime:0.000494s ]
INFO: [ view_end ] --END-- [ RunTime:0.000589s ]

[ 2016-04-10T04:04:44+08:00 ] 195.154.200.93 /zc/index.php?m=Deals&a=index&tid=8
INFO: [ app_begin ] --START--
INFO: ReadHtmlCache Behavior ::run [ RunTime:0.000604s ]
INFO: [ app_begin ] --END-- [ RunTime:0.000859s ]
SQL: SHOW COLUMNS FROM `fanwe_nav` [ RunTime:0.001992s ]
SQL: SELECT * FROM `fanwe_nav` ORDER BY sort  [ RunTime:0.000723s ]
SQL: SHOW COLUMNS FROM `fanwe_deal_cate` [ RunTime:0.002920s ]
SQL: SELECT * FROM `fanwe_deal_cate` ORDER BY id  [ RunTime:0.004811s ]
SQL: SHOW COLUMNS FROM `fanwe_deal_keyword` [ RunTime:0.003419s ]
SQL: SELECT * FROM `fanwe_deal_keyword` LIMIT 1   [ RunTime:0.000537s ]
NOTIC: [8] Undefined index: uid /webHome/LFWZ000390/www/zc/Zc/Lib/Action/DealsAction.class.php 第 18 行.

[ 2016-04-10T04:04:47+08:00 ] 195.154.200.93 /zc/index.php?m=User&a=login
INFO: [ app_begin ] --START--
INFO: ReadHtmlCache Behavior ::run [ RunTime:0.000612s ]
INFO: [ app_begin ] --END-- [ RunTime:0.000768s ]
SQL: SHOW COLUMNS FROM `fanwe_nav` [ RunTime:0.002558s ]
SQL: SELECT * FROM `fanwe_nav` ORDER BY sort  [ RunTime:0.000663s ]
SQL: SHOW COLUMNS FROM `fanwe_deal_cate` [ RunTime:0.001517s ]
SQL: SELECT * FROM `fanwe_deal_cate` ORDER BY id  [ RunTime:0.000779s ]
SQL: SHOW COLUMNS FROM `fanwe_deal_keyword` [ RunTime:0.001802s ]
SQL: SELECT * FROM `fanwe_deal_keyword` LIMIT 1   [ RunTime:0.001171s ]
INFO: [ view_parse ] --START--
NOTIC: [8] Undefined index: uid /webHome/LFWZ000390/www/zc/Zc/Runtime/Cache/42b90be8e9c40e58e803cfb6a2f683e9.php 第 76 行.
INFO: ParseTemplate Behavior ::run [ RunTime:0.015191s ]
INFO: [ view_parse ] --END-- [ RunTime:0.015339s ]
INFO: [ view_filter ] --START--
INFO: ContentReplace Behavior ::run [ RunTime:0.000550s ]
INFO: TokenBuild Behavior ::run [ RunTime:0.000521s ]
INFO: WriteHtmlCache Behavior ::run [ RunTime:0.000490s ]
INFO: ShowRuntime Behavior ::run [ RunTime:0.000482s ]
INFO: [ view_filter ] --END-- [ RunTime:0.002362s ]
INFO: [ view_end ] --START--
INFO: ShowPageTrace Behavior ::run [ RunTime:0.000477s ]
INFO: [ view_end ] --END-- [ RunTime:0.000569s ]

[ 2016-04-10T07:19:21+08:00 ] 144.76.8.132 /zc/index.php?m=news&a=html&id=6
INFO: [ app_begin ] --START--
INFO: ReadHtmlCache Behavior ::run [ RunTime:0.000536s ]
INFO: [ app_begin ] --END-- [ RunTime:0.000668s ]
ERR: 无法加载模块:news

[ 2016-04-10T21:02:44+08:00 ] 42.156.139.108 /zc/index.php?a=html&id=9&m=News
INFO: [ app_begin ] --START--
INFO: ReadHtmlCache Behavior ::run [ RunTime:0.000499s ]
INFO: [ app_begin ] --END-- [ RunTime:0.000686s ]
SQL: SHOW COLUMNS FROM `fanwe_nav` [ RunTime:0.002349s ]
SQL: SELECT * FROM `fanwe_nav` ORDER BY sort  [ RunTime:0.000808s ]
SQL: SHOW COLUMNS FROM `fanwe_deal_cate` [ RunTime:0.001813s ]
SQL: SELECT * FROM `fanwe_deal_cate` ORDER BY id  [ RunTime:0.000726s ]
SQL: SHOW COLUMNS FROM `fanwe_deal_keyword` [ RunTime:0.001563s ]
SQL: SELECT * FROM `fanwe_deal_keyword` LIMIT 1   [ RunTime:0.000669s ]
SQL: SHOW COLUMNS FROM `fanwe_news` [ RunTime:0.001720s ]
SQL: SELECT * FROM `fanwe_news` WHERE ( `id` = 9 ) LIMIT 1   [ RunTime:0.016135s ]
INFO: [ view_parse ] --START--
NOTIC: [8] Undefined index: uid /webHome/LFWZ000390/www/zc/Zc/Runtime/Cache/012cdf2fa3ba4152d6d6173485c32ca8.php 第 98 行.
NOTIC: [8] Use of undefined constant id - assumed 'id' /webHome/LFWZ000390/www/zc/Zc/Runtime/Cache/012cdf2fa3ba4152d6d6173485c32ca8.php 第 142 行.
SQL: SELECT * FROM `fanwe_news` WHERE ( `id` < '9' ) LIMIT 1   [ RunTime:0.078841s ]
SQL: SELECT * FROM `fanwe_news` WHERE ( `id` > '9' ) LIMIT 1   [ RunTime:0.001179s ]
INFO: ParseTemplate Behavior ::run [ RunTime:0.102183s ]
INFO: [ view_parse ] --END-- [ RunTime:0.102306s ]
INFO: [ view_filter ] --START--
INFO: ContentReplace Behavior ::run [ RunTime:0.000963s ]
INFO: TokenBuild Behavior ::run [ RunTime:0.000575s ]
INFO: WriteHtmlCache Behavior ::run [ RunTime:0.000432s ]
INFO: ShowRuntime Behavior ::run [ RunTime:0.000565s ]
INFO: [ view_filter ] --END-- [ RunTime:0.003030s ]
INFO: [ view_end ] --START--
INFO: ShowPageTrace Behavior ::run [ RunTime:0.000576s ]
INFO: [ view_end ] --END-- [ RunTime:0.000671s ]

[ 2016-04-10T23:55:21+08:00 ] 66.249.73.202 /zc/index.php?m=News&a=html&id=4
INFO: [ app_begin ] --START--
INFO: ReadHtmlCache Behavior ::run [ RunTime:0.000510s ]
INFO: [ app_begin ] --END-- [ RunTime:0.000721s ]
SQL: SHOW COLUMNS FROM `fanwe_nav` [ RunTime:0.001945s ]
SQL: SELECT * FROM `fanwe_nav` ORDER BY sort  [ RunTime:0.001318s ]
SQL: SHOW COLUMNS FROM `fanwe_deal_cate` [ RunTime:0.001655s ]
SQL: SELECT * FROM `fanwe_deal_cate` ORDER BY id  [ RunTime:0.001491s ]
SQL: SHOW COLUMNS FROM `fanwe_deal_keyword` [ RunTime:0.001465s ]
SQL: SELECT * FROM `fanwe_deal_keyword` LIMIT 1   [ RunTime:0.001186s ]
SQL: SHOW COLUMNS FROM `fanwe_news` [ RunTime:0.002318s ]
SQL: SELECT * FROM `fanwe_news` WHERE ( `id` = 4 ) LIMIT 1   [ RunTime:0.004067s ]
INFO: [ view_parse ] --START--
NOTIC: [8] Undefined index: uid /webHome/LFWZ000390/www/zc/Zc/Runtime/Cache/012cdf2fa3ba4152d6d6173485c32ca8.php 第 98 行.
NOTIC: [8] Use of undefined constant id - assumed 'id' /webHome/LFWZ000390/www/zc/Zc/Runtime/Cache/012cdf2fa3ba4152d6d6173485c32ca8.php 第 142 行.
SQL: SELECT * FROM `fanwe_news` WHERE ( `id` < '4' ) LIMIT 1   [ RunTime:0.005104s ]
SQL: SELECT * FROM `fanwe_news` WHERE ( `id` > '4' ) LIMIT 1   [ RunTime:0.001571s ]
INFO: ParseTemplate Behavior ::run [ RunTime:0.025317s ]
INFO: [ view_parse ] --END-- [ RunTime:0.025458s ]
INFO: [ view_filter ] --START--
INFO: ContentReplace Behavior ::run [ RunTime:0.000766s ]
INFO: TokenBuild Behavior ::run [ RunTime:0.000531s ]
INFO: WriteHtmlCache Behavior ::run [ RunTime:0.000431s ]
INFO: ShowRuntime Behavior ::run [ RunTime:0.000580s ]
INFO: [ view_filter ] --END-- [ RunTime:0.002640s ]
INFO: [ view_end ] --START--
INFO: ShowPageTrace Behavior ::run [ RunTime:0.000485s ]
INFO: [ view_end ] --END-- [ RunTime:0.000601s ]

