[ 2016-04-25T02:46:52+08:00 ] 94.23.214.33 /zc/index.php?m=Deals&a=index
INFO: [ app_begin ] --START--
INFO: ReadHtmlCache Behavior ::run [ RunTime:0.000504s ]
INFO: [ app_begin ] --END-- [ RunTime:0.000854s ]
SQL: SHOW COLUMNS FROM `fanwe_nav` [ RunTime:0.002151s ]
SQL: SELECT * FROM `fanwe_nav` ORDER BY sort  [ RunTime:0.000694s ]
SQL: SHOW COLUMNS FROM `fanwe_deal_cate` [ RunTime:0.001521s ]
SQL: SELECT * FROM `fanwe_deal_cate` ORDER BY id  [ RunTime:0.000807s ]
SQL: SHOW COLUMNS FROM `fanwe_deal_keyword` [ RunTime:0.002694s ]
SQL: SELECT * FROM `fanwe_deal_keyword` LIMIT 1   [ RunTime:0.000568s ]
NOTIC: [8] Undefined index: uid /webHome/LFWZ000390/www/zc/Zc/Lib/Action/DealsAction.class.php 第 18 行.

[ 2016-04-25T02:46:54+08:00 ] 94.23.214.33 /zc/index.php?m=User&a=login
INFO: [ app_begin ] --START--
INFO: ReadHtmlCache Behavior ::run [ RunTime:0.000527s ]
INFO: [ app_begin ] --END-- [ RunTime:0.000686s ]
SQL: SHOW COLUMNS FROM `fanwe_nav` [ RunTime:0.002119s ]
SQL: SELECT * FROM `fanwe_nav` ORDER BY sort  [ RunTime:0.000924s ]
SQL: SHOW COLUMNS FROM `fanwe_deal_cate` [ RunTime:0.001558s ]
SQL: SELECT * FROM `fanwe_deal_cate` ORDER BY id  [ RunTime:0.001060s ]
SQL: SHOW COLUMNS FROM `fanwe_deal_keyword` [ RunTime:0.001458s ]
SQL: SELECT * FROM `fanwe_deal_keyword` LIMIT 1   [ RunTime:0.000735s ]
INFO: [ view_parse ] --START--
NOTIC: [8] Undefined index: uid /webHome/LFWZ000390/www/zc/Zc/Runtime/Cache/42b90be8e9c40e58e803cfb6a2f683e9.php 第 76 行.
INFO: ParseTemplate Behavior ::run [ RunTime:0.015251s ]
INFO: [ view_parse ] --END-- [ RunTime:0.015407s ]
INFO: [ view_filter ] --START--
INFO: ContentReplace Behavior ::run [ RunTime:0.000518s ]
INFO: TokenBuild Behavior ::run [ RunTime:0.000567s ]
INFO: WriteHtmlCache Behavior ::run [ RunTime:0.000378s ]
INFO: ShowRuntime Behavior ::run [ RunTime:0.000584s ]
INFO: [ view_filter ] --END-- [ RunTime:0.002329s ]
INFO: [ view_end ] --START--
INFO: ShowPageTrace Behavior ::run [ RunTime:0.000437s ]
INFO: [ view_end ] --END-- [ RunTime:0.000557s ]

[ 2016-04-25T02:46:58+08:00 ] 94.23.214.33 /zc/index.php?m=Deals&a=index&tid=6
INFO: [ app_begin ] --START--
INFO: ReadHtmlCache Behavior ::run [ RunTime:0.000518s ]
INFO: [ app_begin ] --END-- [ RunTime:0.000674s ]
SQL: SHOW COLUMNS FROM `fanwe_nav` [ RunTime:0.001842s ]
SQL: SELECT * FROM `fanwe_nav` ORDER BY sort  [ RunTime:0.000970s ]
SQL: SHOW COLUMNS FROM `fanwe_deal_cate` [ RunTime:0.001566s ]
SQL: SELECT * FROM `fanwe_deal_cate` ORDER BY id  [ RunTime:0.000806s ]
SQL: SHOW COLUMNS FROM `fanwe_deal_keyword` [ RunTime:0.001740s ]
SQL: SELECT * FROM `fanwe_deal_keyword` LIMIT 1   [ RunTime:0.000749s ]
NOTIC: [8] Undefined index: uid /webHome/LFWZ000390/www/zc/Zc/Lib/Action/DealsAction.class.php 第 18 行.

[ 2016-04-25T02:47:00+08:00 ] 94.23.214.33 /zc/index.php?m=User&a=login
INFO: [ app_begin ] --START--
INFO: ReadHtmlCache Behavior ::run [ RunTime:0.000495s ]
INFO: [ app_begin ] --END-- [ RunTime:0.000631s ]
SQL: SHOW COLUMNS FROM `fanwe_nav` [ RunTime:0.002648s ]
SQL: SELECT * FROM `fanwe_nav` ORDER BY sort  [ RunTime:0.001307s ]
SQL: SHOW COLUMNS FROM `fanwe_deal_cate` [ RunTime:0.002437s ]
SQL: SELECT * FROM `fanwe_deal_cate` ORDER BY id  [ RunTime:0.001174s ]
SQL: SHOW COLUMNS FROM `fanwe_deal_keyword` [ RunTime:0.001601s ]
SQL: SELECT * FROM `fanwe_deal_keyword` LIMIT 1   [ RunTime:0.000712s ]
INFO: [ view_parse ] --START--
NOTIC: [8] Undefined index: uid /webHome/LFWZ000390/www/zc/Zc/Runtime/Cache/42b90be8e9c40e58e803cfb6a2f683e9.php 第 76 行.
INFO: ParseTemplate Behavior ::run [ RunTime:0.018453s ]
INFO: [ view_parse ] --END-- [ RunTime:0.018605s ]
INFO: [ view_filter ] --START--
INFO: ContentReplace Behavior ::run [ RunTime:0.000914s ]
INFO: TokenBuild Behavior ::run [ RunTime:0.000814s ]
INFO: WriteHtmlCache Behavior ::run [ RunTime:0.000696s ]
INFO: ShowRuntime Behavior ::run [ RunTime:0.000787s ]
INFO: [ view_filter ] --END-- [ RunTime:0.003669s ]
INFO: [ view_end ] --START--
INFO: ShowPageTrace Behavior ::run [ RunTime:0.000738s ]
INFO: [ view_end ] --END-- [ RunTime:0.000899s ]

[ 2016-04-25T02:47:02+08:00 ] 94.23.214.33 /zc/index.php?m=News&a=html
INFO: [ app_begin ] --START--
INFO: ReadHtmlCache Behavior ::run [ RunTime:0.000470s ]
INFO: [ app_begin ] --END-- [ RunTime:0.000598s ]
SQL: SHOW COLUMNS FROM `fanwe_nav` [ RunTime:0.001849s ]
SQL: SELECT * FROM `fanwe_nav` ORDER BY sort  [ RunTime:0.001405s ]
SQL: SHOW COLUMNS FROM `fanwe_deal_cate` [ RunTime:0.002180s ]
SQL: SELECT * FROM `fanwe_deal_cate` ORDER BY id  [ RunTime:0.001097s ]
SQL: SHOW COLUMNS FROM `fanwe_deal_keyword` [ RunTime:0.003306s ]
SQL: SELECT * FROM `fanwe_deal_keyword` LIMIT 1   [ RunTime:0.001817s ]
NOTIC: [8] Undefined index: id /webHome/LFWZ000390/www/zc/Zc/Lib/Action/NewsAction.class.php 第 28 行.
SQL: SHOW COLUMNS FROM `fanwe_news` [ RunTime:0.002448s ]
SQL: SELECT * FROM `fanwe_news` WHERE ( `id` = null ) LIMIT 1   [ RunTime:0.000769s ]
INFO: [ view_parse ] --START--
NOTIC: [8] Undefined index: uid /webHome/LFWZ000390/www/zc/Zc/Runtime/Cache/012cdf2fa3ba4152d6d6173485c32ca8.php 第 98 行.
NOTIC: [8] Use of undefined constant id - assumed 'id' /webHome/LFWZ000390/www/zc/Zc/Runtime/Cache/012cdf2fa3ba4152d6d6173485c32ca8.php 第 142 行.
SQL: SELECT * FROM `fanwe_news` WHERE ( `id` < null ) LIMIT 1   [ RunTime:0.001306s ]
SQL: SELECT * FROM `fanwe_news` WHERE ( `id` > null ) LIMIT 1   [ RunTime:0.001027s ]
INFO: ParseTemplate Behavior ::run [ RunTime:0.020514s ]
INFO: [ view_parse ] --END-- [ RunTime:0.020651s ]
INFO: [ view_filter ] --START--
INFO: ContentReplace Behavior ::run [ RunTime:0.000648s ]
INFO: TokenBuild Behavior ::run [ RunTime:0.000541s ]
INFO: WriteHtmlCache Behavior ::run [ RunTime:0.000442s ]
INFO: ShowRuntime Behavior ::run [ RunTime:0.000546s ]
INFO: [ view_filter ] --END-- [ RunTime:0.002488s ]
INFO: [ view_end ] --START--
INFO: ShowPageTrace Behavior ::run [ RunTime:0.000542s ]
INFO: [ view_end ] --END-- [ RunTime:0.000634s ]

[ 2016-04-25T09:11:35+08:00 ] 157.55.39.149 /zc/
INFO: [ app_begin ] --START--
INFO: ReadHtmlCache Behavior ::run [ RunTime:0.000478s ]
INFO: [ app_begin ] --END-- [ RunTime:0.000666s ]
SQL: SHOW COLUMNS FROM `fanwe_nav` [ RunTime:0.002249s ]
SQL: SELECT * FROM `fanwe_nav` ORDER BY sort  [ RunTime:0.001018s ]
SQL: SHOW COLUMNS FROM `fanwe_deal_cate` [ RunTime:0.001864s ]
SQL: SELECT * FROM `fanwe_deal_cate` ORDER BY id  [ RunTime:0.001111s ]
SQL: SHOW COLUMNS FROM `fanwe_deal_keyword` [ RunTime:0.001503s ]
SQL: SELECT * FROM `fanwe_deal_keyword` LIMIT 1   [ RunTime:0.000586s ]
SQL: SHOW COLUMNS FROM `fanwe_showindex` [ RunTime:0.002310s ]
SQL: SELECT * FROM `fanwe_showindex`  [ RunTime:0.001022s ]
SQL: SHOW COLUMNS FROM `fanwe_news` [ RunTime:0.002653s ]
SQL: SELECT * FROM `fanwe_news` ORDER BY addtime desc,rec desc LIMIT 0,5   [ RunTime:0.004937s ]
SQL: SHOW COLUMNS FROM `fanwe_company` [ RunTime:0.001310s ]
ERR: 1146:Table 'my1006252.fanwe_company' doesn't exist
 [ SQL语句 ] : SHOW COLUMNS FROM `fanwe_company`
SQL: SELECT * FROM `fanwe_company` LIMIT 1   [ RunTime:0.000721s ]
ERR: 1146:Table 'my1006252.fanwe_company' doesn't exist
 [ SQL语句 ] : SELECT * FROM `fanwe_company` LIMIT 1  
INFO: [ view_parse ] --START--
INFO: ParseTemplate Behavior ::run [ RunTime:0.018306s ]
INFO: [ view_parse ] --END-- [ RunTime:0.018436s ]
INFO: [ view_filter ] --START--
INFO: ContentReplace Behavior ::run [ RunTime:0.000795s ]
INFO: TokenBuild Behavior ::run [ RunTime:0.000641s ]
INFO: WriteHtmlCache Behavior ::run [ RunTime:0.000827s ]
INFO: ShowRuntime Behavior ::run [ RunTime:0.000580s ]
INFO: [ view_filter ] --END-- [ RunTime:0.003329s ]
INFO: [ view_end ] --START--
INFO: ShowPageTrace Behavior ::run [ RunTime:0.000554s ]
INFO: [ view_end ] --END-- [ RunTime:0.000667s ]

[ 2016-04-25T21:02:28+08:00 ] 42.156.136.64 /zc/index.php?a=html&id=4&m=News
INFO: [ app_begin ] --START--
INFO: ReadHtmlCache Behavior ::run [ RunTime:0.000595s ]
INFO: [ app_begin ] --END-- [ RunTime:0.000733s ]
SQL: SHOW COLUMNS FROM `fanwe_nav` [ RunTime:0.002305s ]
SQL: SELECT * FROM `fanwe_nav` ORDER BY sort  [ RunTime:0.001106s ]
SQL: SHOW COLUMNS FROM `fanwe_deal_cate` [ RunTime:0.001894s ]
SQL: SELECT * FROM `fanwe_deal_cate` ORDER BY id  [ RunTime:0.000761s ]
SQL: SHOW COLUMNS FROM `fanwe_deal_keyword` [ RunTime:0.001537s ]
SQL: SELECT * FROM `fanwe_deal_keyword` LIMIT 1   [ RunTime:0.000801s ]
SQL: SHOW COLUMNS FROM `fanwe_news` [ RunTime:0.001712s ]
SQL: SELECT * FROM `fanwe_news` WHERE ( `id` = 4 ) LIMIT 1   [ RunTime:0.001898s ]
INFO: [ view_parse ] --START--
NOTIC: [8] Undefined index: uid /webHome/LFWZ000390/www/zc/Zc/Runtime/Cache/012cdf2fa3ba4152d6d6173485c32ca8.php 第 98 行.
NOTIC: [8] Use of undefined constant id - assumed 'id' /webHome/LFWZ000390/www/zc/Zc/Runtime/Cache/012cdf2fa3ba4152d6d6173485c32ca8.php 第 142 行.
SQL: SELECT * FROM `fanwe_news` WHERE ( `id` < '4' ) LIMIT 1   [ RunTime:0.001389s ]
SQL: SELECT * FROM `fanwe_news` WHERE ( `id` > '4' ) LIMIT 1   [ RunTime:0.001405s ]
INFO: ParseTemplate Behavior ::run [ RunTime:0.030015s ]
INFO: [ view_parse ] --END-- [ RunTime:0.030244s ]
INFO: [ view_filter ] --START--
INFO: ContentReplace Behavior ::run [ RunTime:0.001013s ]
INFO: TokenBuild Behavior ::run [ RunTime:0.000760s ]
INFO: WriteHtmlCache Behavior ::run [ RunTime:0.000749s ]
INFO: ShowRuntime Behavior ::run [ RunTime:0.000955s ]
INFO: [ view_filter ] --END-- [ RunTime:0.003984s ]
INFO: [ view_end ] --START--
INFO: ShowPageTrace Behavior ::run [ RunTime:0.000726s ]
INFO: [ view_end ] --END-- [ RunTime:0.001016s ]

[ 2016-04-25T21:02:31+08:00 ] 42.120.160.64 /zc/index.php?a=html&id=6&m=news
INFO: [ app_begin ] --START--
INFO: ReadHtmlCache Behavior ::run [ RunTime:0.000467s ]
INFO: [ app_begin ] --END-- [ RunTime:0.000621s ]
ERR: 无法加载模块:news

[ 2016-04-25T21:02:39+08:00 ] 42.156.139.64 /zc/index.php?a=html&id=9&m=News
INFO: [ app_begin ] --START--
INFO: ReadHtmlCache Behavior ::run [ RunTime:0.000539s ]
INFO: [ app_begin ] --END-- [ RunTime:0.000694s ]
SQL: SHOW COLUMNS FROM `fanwe_nav` [ RunTime:0.003343s ]
SQL: SELECT * FROM `fanwe_nav` ORDER BY sort  [ RunTime:0.001135s ]
SQL: SHOW COLUMNS FROM `fanwe_deal_cate` [ RunTime:0.001686s ]
SQL: SELECT * FROM `fanwe_deal_cate` ORDER BY id  [ RunTime:0.000921s ]
SQL: SHOW COLUMNS FROM `fanwe_deal_keyword` [ RunTime:0.002000s ]
SQL: SELECT * FROM `fanwe_deal_keyword` LIMIT 1   [ RunTime:0.000624s ]
SQL: SHOW COLUMNS FROM `fanwe_news` [ RunTime:0.001500s ]
SQL: SELECT * FROM `fanwe_news` WHERE ( `id` = 9 ) LIMIT 1   [ RunTime:0.001495s ]
INFO: [ view_parse ] --START--
NOTIC: [8] Undefined index: uid /webHome/LFWZ000390/www/zc/Zc/Runtime/Cache/012cdf2fa3ba4152d6d6173485c32ca8.php 第 98 行.
NOTIC: [8] Use of undefined constant id - assumed 'id' /webHome/LFWZ000390/www/zc/Zc/Runtime/Cache/012cdf2fa3ba4152d6d6173485c32ca8.php 第 142 行.
SQL: SELECT * FROM `fanwe_news` WHERE ( `id` < '9' ) LIMIT 1   [ RunTime:0.001881s ]
SQL: SELECT * FROM `fanwe_news` WHERE ( `id` > '9' ) LIMIT 1   [ RunTime:0.000807s ]
INFO: ParseTemplate Behavior ::run [ RunTime:0.024397s ]
INFO: [ view_parse ] --END-- [ RunTime:0.024577s ]
INFO: [ view_filter ] --START--
INFO: ContentReplace Behavior ::run [ RunTime:0.000771s ]
INFO: TokenBuild Behavior ::run [ RunTime:0.000657s ]
INFO: WriteHtmlCache Behavior ::run [ RunTime:0.000436s ]
INFO: ShowRuntime Behavior ::run [ RunTime:0.000600s ]
INFO: [ view_filter ] --END-- [ RunTime:0.002826s ]
INFO: [ view_end ] --START--
INFO: ShowPageTrace Behavior ::run [ RunTime:0.000568s ]
INFO: [ view_end ] --END-- [ RunTime:0.000668s ]

[ 2016-04-25T21:02:40+08:00 ] 42.156.138.64 /zc/index.php?a=html&id=8&m=News
INFO: [ app_begin ] --START--
INFO: ReadHtmlCache Behavior ::run [ RunTime:0.000629s ]
INFO: [ app_begin ] --END-- [ RunTime:0.000799s ]
SQL: SHOW COLUMNS FROM `fanwe_nav` [ RunTime:0.002174s ]
SQL: SELECT * FROM `fanwe_nav` ORDER BY sort  [ RunTime:0.000883s ]
SQL: SHOW COLUMNS FROM `fanwe_deal_cate` [ RunTime:0.002085s ]
SQL: SELECT * FROM `fanwe_deal_cate` ORDER BY id  [ RunTime:0.000598s ]
SQL: SHOW COLUMNS FROM `fanwe_deal_keyword` [ RunTime:0.001439s ]
SQL: SELECT * FROM `fanwe_deal_keyword` LIMIT 1   [ RunTime:0.000815s ]
SQL: SHOW COLUMNS FROM `fanwe_news` [ RunTime:0.003379s ]
SQL: SELECT * FROM `fanwe_news` WHERE ( `id` = 8 ) LIMIT 1   [ RunTime:0.002724s ]
INFO: [ view_parse ] --START--
NOTIC: [8] Undefined index: uid /webHome/LFWZ000390/www/zc/Zc/Runtime/Cache/012cdf2fa3ba4152d6d6173485c32ca8.php 第 98 行.
NOTIC: [8] Use of undefined constant id - assumed 'id' /webHome/LFWZ000390/www/zc/Zc/Runtime/Cache/012cdf2fa3ba4152d6d6173485c32ca8.php 第 142 行.
SQL: SELECT * FROM `fanwe_news` WHERE ( `id` < '8' ) LIMIT 1   [ RunTime:0.001311s ]
SQL: SELECT * FROM `fanwe_news` WHERE ( `id` > '8' ) LIMIT 1   [ RunTime:0.002361s ]
INFO: ParseTemplate Behavior ::run [ RunTime:0.021265s ]
INFO: [ view_parse ] --END-- [ RunTime:0.021410s ]
INFO: [ view_filter ] --START--
INFO: ContentReplace Behavior ::run [ RunTime:0.001019s ]
INFO: TokenBuild Behavior ::run [ RunTime:0.000549s ]
INFO: WriteHtmlCache Behavior ::run [ RunTime:0.000432s ]
INFO: ShowRuntime Behavior ::run [ RunTime:0.000707s ]
INFO: [ view_filter ] --END-- [ RunTime:0.003084s ]
INFO: [ view_end ] --START--
INFO: ShowPageTrace Behavior ::run [ RunTime:0.000578s ]
INFO: [ view_end ] --END-- [ RunTime:0.000722s ]

[ 2016-04-25T21:04:15+08:00 ] 42.156.137.64 /zc/index.php?a=index&m=News
INFO: [ app_begin ] --START--
INFO: ReadHtmlCache Behavior ::run [ RunTime:0.000435s ]
INFO: [ app_begin ] --END-- [ RunTime:0.000554s ]
SQL: SHOW COLUMNS FROM `fanwe_nav` [ RunTime:0.001985s ]
SQL: SELECT * FROM `fanwe_nav` ORDER BY sort  [ RunTime:0.001421s ]
SQL: SHOW COLUMNS FROM `fanwe_deal_cate` [ RunTime:0.001827s ]
SQL: SELECT * FROM `fanwe_deal_cate` ORDER BY id  [ RunTime:0.001155s ]
SQL: SHOW COLUMNS FROM `fanwe_deal_keyword` [ RunTime:0.002527s ]
SQL: SELECT * FROM `fanwe_deal_keyword` LIMIT 1   [ RunTime:0.000531s ]
SQL: SHOW COLUMNS FROM `fanwe_news` [ RunTime:0.001860s ]
SQL: SELECT COUNT(*) AS tp_count FROM `fanwe_news` WHERE ( `enable` = 1 ) LIMIT 1   [ RunTime:0.000657s ]
SQL: SELECT COUNT(*) AS tp_count FROM `fanwe_news` WHERE ( `enable` = 1 ) LIMIT 1   [ RunTime:0.000978s ]
SQL: SELECT * FROM `fanwe_news` ORDER BY addtime desc,rec desc LIMIT 0,10   [ RunTime:0.005489s ]
INFO: [ view_parse ] --START--
SQL: SHOW COLUMNS FROM `fanwe_conf` [ RunTime:0.001947s ]
SQL: SELECT `value` FROM `fanwe_conf` WHERE ( `name` = 'SEO_TITLE' ) LIMIT 1   [ RunTime:0.001861s ]
NOTIC: [8] Undefined index: uid /webHome/LFWZ000390/www/zc/Zc/Runtime/Cache/93be05964b36457006025cdbe2606e6a.php 第 107 行.
INFO: ParseTemplate Behavior ::run [ RunTime:0.029821s ]
INFO: [ view_parse ] --END-- [ RunTime:0.029932s ]
INFO: [ view_filter ] --START--
INFO: ContentReplace Behavior ::run [ RunTime:0.000886s ]
INFO: TokenBuild Behavior ::run [ RunTime:0.001169s ]
INFO: WriteHtmlCache Behavior ::run [ RunTime:0.000574s ]
INFO: ShowRuntime Behavior ::run [ RunTime:0.000639s ]
INFO: [ view_filter ] --END-- [ RunTime:0.003641s ]
INFO: [ view_end ] --START--
INFO: ShowPageTrace Behavior ::run [ RunTime:0.000564s ]
INFO: [ view_end ] --END-- [ RunTime:0.000690s ]

