[ 2016-02-17T01:53:10+08:00 ] 136.243.103.92 /zc/index.php?m=news&a=html&
INFO: [ app_begin ] --START--
INFO: ReadHtmlCache Behavior ::run [ RunTime:0.000511s ]
INFO: [ app_begin ] --END-- [ RunTime:0.000643s ]
ERR: 无法加载模块:news

[ 2016-02-17T01:53:12+08:00 ] 136.243.103.92 /zc/index.php?m=news&a=html&id=1
INFO: [ app_begin ] --START--
INFO: ReadHtmlCache Behavior ::run [ RunTime:0.000572s ]
INFO: [ app_begin ] --END-- [ RunTime:0.000705s ]
ERR: 无法加载模块:news

[ 2016-02-17T01:53:15+08:00 ] 136.243.103.92 /zc/index.php?m=news&a=html&id=10
INFO: [ app_begin ] --START--
INFO: ReadHtmlCache Behavior ::run [ RunTime:0.000593s ]
INFO: [ app_begin ] --END-- [ RunTime:0.000756s ]
ERR: 无法加载模块:news

[ 2016-02-17T01:53:17+08:00 ] 136.243.103.92 /zc/index.php?m=news&a=html&id=2
INFO: [ app_begin ] --START--
INFO: ReadHtmlCache Behavior ::run [ RunTime:0.000571s ]
INFO: [ app_begin ] --END-- [ RunTime:0.000698s ]
ERR: 无法加载模块:news

[ 2016-02-17T01:53:21+08:00 ] 136.243.103.92 /zc/index.php?m=news&a=html&id=3
INFO: [ app_begin ] --START--
INFO: ReadHtmlCache Behavior ::run [ RunTime:0.000575s ]
INFO: [ app_begin ] --END-- [ RunTime:0.000740s ]
ERR: 无法加载模块:news

[ 2016-02-17T01:53:23+08:00 ] 136.243.103.92 /zc/index.php?m=news&a=html&id=4
INFO: [ app_begin ] --START--
INFO: ReadHtmlCache Behavior ::run [ RunTime:0.000478s ]
INFO: [ app_begin ] --END-- [ RunTime:0.000589s ]
ERR: 无法加载模块:news

[ 2016-02-17T01:53:27+08:00 ] 136.243.103.92 /zc/index.php?m=news&a=html&id=5
INFO: [ app_begin ] --START--
INFO: ReadHtmlCache Behavior ::run [ RunTime:0.000377s ]
INFO: [ app_begin ] --END-- [ RunTime:0.000470s ]
ERR: 无法加载模块:news

[ 2016-02-17T01:53:30+08:00 ] 136.243.103.92 /zc/index.php?m=news&a=html&id=6
INFO: [ app_begin ] --START--
INFO: ReadHtmlCache Behavior ::run [ RunTime:0.000376s ]
INFO: [ app_begin ] --END-- [ RunTime:0.000483s ]
ERR: 无法加载模块:news

[ 2016-02-17T01:53:39+08:00 ] 136.243.103.92 /zc/index.php?m=news&a=html&id=7
INFO: [ app_begin ] --START--
INFO: ReadHtmlCache Behavior ::run [ RunTime:0.000480s ]
INFO: [ app_begin ] --END-- [ RunTime:0.000627s ]
ERR: 无法加载模块:news

[ 2016-02-17T01:53:41+08:00 ] 136.243.103.92 /zc/index.php?m=news&a=html&id=8
INFO: [ app_begin ] --START--
INFO: ReadHtmlCache Behavior ::run [ RunTime:0.000779s ]
INFO: [ app_begin ] --END-- [ RunTime:0.000943s ]
ERR: 无法加载模块:news

[ 2016-02-17T05:46:40+08:00 ] 144.76.12.78 /zc/index.php?m=news&a=html&
INFO: [ app_begin ] --START--
INFO: ReadHtmlCache Behavior ::run [ RunTime:0.000703s ]
INFO: [ app_begin ] --END-- [ RunTime:0.000878s ]
ERR: 无法加载模块:news

[ 2016-02-17T17:48:34+08:00 ] 69.30.218.190 /zc/index.php?m=Deals&a=index&tid=5
INFO: [ app_begin ] --START--
INFO: ReadHtmlCache Behavior ::run [ RunTime:0.000478s ]
INFO: [ app_begin ] --END-- [ RunTime:0.000636s ]
SQL: SHOW COLUMNS FROM `fanwe_nav` [ RunTime:0.002292s ]
SQL: SELECT * FROM `fanwe_nav` ORDER BY sort  [ RunTime:0.006237s ]
SQL: SHOW COLUMNS FROM `fanwe_deal_cate` [ RunTime:0.001487s ]
SQL: SELECT * FROM `fanwe_deal_cate` ORDER BY id  [ RunTime:0.005573s ]
SQL: SHOW COLUMNS FROM `fanwe_deal_keyword` [ RunTime:0.001482s ]
SQL: SELECT * FROM `fanwe_deal_keyword` LIMIT 1   [ RunTime:0.007394s ]
NOTIC: [8] Undefined index: uid /webHome/LFWZ000390/www/zc/Zc/Lib/Action/DealsAction.class.php 第 18 行.

[ 2016-02-17T17:49:19+08:00 ] 69.30.218.190 /zc/index.php?m=Deals&a=index&tid=7
INFO: [ app_begin ] --START--
INFO: ReadHtmlCache Behavior ::run [ RunTime:0.000431s ]
INFO: [ app_begin ] --END-- [ RunTime:0.000614s ]
SQL: SHOW COLUMNS FROM `fanwe_nav` [ RunTime:0.002457s ]
SQL: SELECT * FROM `fanwe_nav` ORDER BY sort  [ RunTime:0.000815s ]
SQL: SHOW COLUMNS FROM `fanwe_deal_cate` [ RunTime:0.001673s ]
SQL: SELECT * FROM `fanwe_deal_cate` ORDER BY id  [ RunTime:0.001414s ]
SQL: SHOW COLUMNS FROM `fanwe_deal_keyword` [ RunTime:0.001805s ]
SQL: SELECT * FROM `fanwe_deal_keyword` LIMIT 1   [ RunTime:0.001061s ]
NOTIC: [8] Undefined index: uid /webHome/LFWZ000390/www/zc/Zc/Lib/Action/DealsAction.class.php 第 18 行.

[ 2016-02-17T17:49:21+08:00 ] 69.30.218.190 /zc/index.php?m=User&a=login
INFO: [ app_begin ] --START--
INFO: ReadHtmlCache Behavior ::run [ RunTime:0.000500s ]
INFO: [ app_begin ] --END-- [ RunTime:0.000723s ]
SQL: SHOW COLUMNS FROM `fanwe_nav` [ RunTime:0.002110s ]
SQL: SELECT * FROM `fanwe_nav` ORDER BY sort  [ RunTime:0.001428s ]
SQL: SHOW COLUMNS FROM `fanwe_deal_cate` [ RunTime:0.001415s ]
SQL: SELECT * FROM `fanwe_deal_cate` ORDER BY id  [ RunTime:0.000949s ]
SQL: SHOW COLUMNS FROM `fanwe_deal_keyword` [ RunTime:0.001772s ]
SQL: SELECT * FROM `fanwe_deal_keyword` LIMIT 1   [ RunTime:0.001022s ]
INFO: [ view_parse ] --START--
NOTIC: [8] Undefined index: uid /webHome/LFWZ000390/www/zc/Zc/Runtime/Cache/42b90be8e9c40e58e803cfb6a2f683e9.php 第 76 行.
INFO: ParseTemplate Behavior ::run [ RunTime:0.018089s ]
INFO: [ view_parse ] --END-- [ RunTime:0.018250s ]
INFO: [ view_filter ] --START--
INFO: ContentReplace Behavior ::run [ RunTime:0.000781s ]
INFO: TokenBuild Behavior ::run [ RunTime:0.000518s ]
INFO: WriteHtmlCache Behavior ::run [ RunTime:0.000603s ]
INFO: ShowRuntime Behavior ::run [ RunTime:0.000662s ]
INFO: [ view_filter ] --END-- [ RunTime:0.002933s ]
INFO: [ view_end ] --START--
INFO: ShowPageTrace Behavior ::run [ RunTime:0.000546s ]
INFO: [ view_end ] --END-- [ RunTime:0.000647s ]

[ 2016-02-17T17:49:26+08:00 ] 69.30.218.190 /zc/index.php?m=Deals&a=index&tid=8
INFO: [ app_begin ] --START--
INFO: ReadHtmlCache Behavior ::run [ RunTime:0.000542s ]
INFO: [ app_begin ] --END-- [ RunTime:0.000700s ]
SQL: SHOW COLUMNS FROM `fanwe_nav` [ RunTime:0.001740s ]
SQL: SELECT * FROM `fanwe_nav` ORDER BY sort  [ RunTime:0.000758s ]
SQL: SHOW COLUMNS FROM `fanwe_deal_cate` [ RunTime:0.001305s ]
SQL: SELECT * FROM `fanwe_deal_cate` ORDER BY id  [ RunTime:0.000693s ]
SQL: SHOW COLUMNS FROM `fanwe_deal_keyword` [ RunTime:0.001429s ]
SQL: SELECT * FROM `fanwe_deal_keyword` LIMIT 1   [ RunTime:0.000707s ]
NOTIC: [8] Undefined index: uid /webHome/LFWZ000390/www/zc/Zc/Lib/Action/DealsAction.class.php 第 18 行.

[ 2016-02-17T17:49:34+08:00 ] 69.30.218.190 /zc/index.php?m=User&a=login
INFO: [ app_begin ] --START--
INFO: ReadHtmlCache Behavior ::run [ RunTime:0.000502s ]
INFO: [ app_begin ] --END-- [ RunTime:0.000636s ]
SQL: SHOW COLUMNS FROM `fanwe_nav` [ RunTime:0.001566s ]
SQL: SELECT * FROM `fanwe_nav` ORDER BY sort  [ RunTime:0.000866s ]
SQL: SHOW COLUMNS FROM `fanwe_deal_cate` [ RunTime:0.001390s ]
SQL: SELECT * FROM `fanwe_deal_cate` ORDER BY id  [ RunTime:0.000765s ]
SQL: SHOW COLUMNS FROM `fanwe_deal_keyword` [ RunTime:0.001609s ]
SQL: SELECT * FROM `fanwe_deal_keyword` LIMIT 1   [ RunTime:0.000765s ]
INFO: [ view_parse ] --START--
NOTIC: [8] Undefined index: uid /webHome/LFWZ000390/www/zc/Zc/Runtime/Cache/42b90be8e9c40e58e803cfb6a2f683e9.php 第 76 行.
INFO: ParseTemplate Behavior ::run [ RunTime:0.012304s ]
INFO: [ view_parse ] --END-- [ RunTime:0.012413s ]
INFO: [ view_filter ] --START--
INFO: ContentReplace Behavior ::run [ RunTime:0.000474s ]
INFO: TokenBuild Behavior ::run [ RunTime:0.000335s ]
INFO: WriteHtmlCache Behavior ::run [ RunTime:0.000483s ]
INFO: ShowRuntime Behavior ::run [ RunTime:0.000411s ]
INFO: [ view_filter ] --END-- [ RunTime:0.001956s ]
INFO: [ view_end ] --START--
INFO: ShowPageTrace Behavior ::run [ RunTime:0.000349s ]
INFO: [ view_end ] --END-- [ RunTime:0.000470s ]

[ 2016-02-17T17:49:41+08:00 ] 69.30.218.190 /zc/index.php?m=News&a=html&id=6
INFO: [ app_begin ] --START--
INFO: ReadHtmlCache Behavior ::run [ RunTime:0.000242s ]
INFO: [ app_begin ] --END-- [ RunTime:0.000320s ]
SQL: SHOW COLUMNS FROM `fanwe_nav` [ RunTime:0.002404s ]
SQL: SELECT * FROM `fanwe_nav` ORDER BY sort  [ RunTime:0.000842s ]
SQL: SHOW COLUMNS FROM `fanwe_deal_cate` [ RunTime:0.001517s ]
SQL: SELECT * FROM `fanwe_deal_cate` ORDER BY id  [ RunTime:0.000556s ]
SQL: SHOW COLUMNS FROM `fanwe_deal_keyword` [ RunTime:0.001659s ]
SQL: SELECT * FROM `fanwe_deal_keyword` LIMIT 1   [ RunTime:0.000647s ]
SQL: SHOW COLUMNS FROM `fanwe_news` [ RunTime:0.002135s ]
SQL: SELECT * FROM `fanwe_news` WHERE ( `id` = 6 ) LIMIT 1   [ RunTime:0.018855s ]
INFO: [ view_parse ] --START--
NOTIC: [8] Undefined index: uid /webHome/LFWZ000390/www/zc/Zc/Runtime/Cache/012cdf2fa3ba4152d6d6173485c32ca8.php 第 98 行.
NOTIC: [8] Use of undefined constant id - assumed 'id' /webHome/LFWZ000390/www/zc/Zc/Runtime/Cache/012cdf2fa3ba4152d6d6173485c32ca8.php 第 142 行.
SQL: SELECT * FROM `fanwe_news` WHERE ( `id` < '6' ) LIMIT 1   [ RunTime:0.001342s ]
SQL: SELECT * FROM `fanwe_news` WHERE ( `id` > '6' ) LIMIT 1   [ RunTime:0.001561s ]
INFO: ParseTemplate Behavior ::run [ RunTime:0.022016s ]
INFO: [ view_parse ] --END-- [ RunTime:0.022159s ]
INFO: [ view_filter ] --START--
INFO: ContentReplace Behavior ::run [ RunTime:0.000657s ]
INFO: TokenBuild Behavior ::run [ RunTime:0.000473s ]
INFO: WriteHtmlCache Behavior ::run [ RunTime:0.000423s ]
INFO: ShowRuntime Behavior ::run [ RunTime:0.000498s ]
INFO: [ view_filter ] --END-- [ RunTime:0.002375s ]
INFO: [ view_end ] --START--
INFO: ShowPageTrace Behavior ::run [ RunTime:0.000479s ]
INFO: [ view_end ] --END-- [ RunTime:0.000575s ]

[ 2016-02-17T17:49:50+08:00 ] 69.30.218.190 /zc/index.php?m=News&a=html&id=7
INFO: [ app_begin ] --START--
INFO: ReadHtmlCache Behavior ::run [ RunTime:0.000549s ]
INFO: [ app_begin ] --END-- [ RunTime:0.000682s ]
SQL: SHOW COLUMNS FROM `fanwe_nav` [ RunTime:0.003313s ]
SQL: SELECT * FROM `fanwe_nav` ORDER BY sort  [ RunTime:0.000990s ]
SQL: SHOW COLUMNS FROM `fanwe_deal_cate` [ RunTime:0.001920s ]
SQL: SELECT * FROM `fanwe_deal_cate` ORDER BY id  [ RunTime:0.001562s ]
SQL: SHOW COLUMNS FROM `fanwe_deal_keyword` [ RunTime:0.001443s ]
SQL: SELECT * FROM `fanwe_deal_keyword` LIMIT 1   [ RunTime:0.000562s ]
SQL: SHOW COLUMNS FROM `fanwe_news` [ RunTime:0.001522s ]
SQL: SELECT * FROM `fanwe_news` WHERE ( `id` = 7 ) LIMIT 1   [ RunTime:0.002511s ]
INFO: [ view_parse ] --START--
NOTIC: [8] Undefined index: uid /webHome/LFWZ000390/www/zc/Zc/Runtime/Cache/012cdf2fa3ba4152d6d6173485c32ca8.php 第 98 行.
NOTIC: [8] Use of undefined constant id - assumed 'id' /webHome/LFWZ000390/www/zc/Zc/Runtime/Cache/012cdf2fa3ba4152d6d6173485c32ca8.php 第 142 行.
SQL: SELECT * FROM `fanwe_news` WHERE ( `id` < '7' ) LIMIT 1   [ RunTime:0.001446s ]
SQL: SELECT * FROM `fanwe_news` WHERE ( `id` > '7' ) LIMIT 1   [ RunTime:0.001856s ]
INFO: ParseTemplate Behavior ::run [ RunTime:0.022285s ]
INFO: [ view_parse ] --END-- [ RunTime:0.022450s ]
INFO: [ view_filter ] --START--
INFO: ContentReplace Behavior ::run [ RunTime:0.000707s ]
INFO: TokenBuild Behavior ::run [ RunTime:0.000490s ]
INFO: WriteHtmlCache Behavior ::run [ RunTime:0.000445s ]
INFO: ShowRuntime Behavior ::run [ RunTime:0.000509s ]
INFO: [ view_filter ] --END-- [ RunTime:0.002517s ]
INFO: [ view_end ] --START--
INFO: ShowPageTrace Behavior ::run [ RunTime:0.000487s ]
INFO: [ view_end ] --END-- [ RunTime:0.000581s ]

[ 2016-02-17T17:50:51+08:00 ] 69.30.218.190 /zc/index.php?m=News&a=html&id=8
INFO: [ app_begin ] --START--
INFO: ReadHtmlCache Behavior ::run [ RunTime:0.000643s ]
INFO: [ app_begin ] --END-- [ RunTime:0.000861s ]
SQL: SHOW COLUMNS FROM `fanwe_nav` [ RunTime:0.001943s ]
SQL: SELECT * FROM `fanwe_nav` ORDER BY sort  [ RunTime:0.001020s ]
SQL: SHOW COLUMNS FROM `fanwe_deal_cate` [ RunTime:0.001692s ]
SQL: SELECT * FROM `fanwe_deal_cate` ORDER BY id  [ RunTime:0.001095s ]
SQL: SHOW COLUMNS FROM `fanwe_deal_keyword` [ RunTime:0.001834s ]
SQL: SELECT * FROM `fanwe_deal_keyword` LIMIT 1   [ RunTime:0.000759s ]
SQL: SHOW COLUMNS FROM `fanwe_news` [ RunTime:0.002059s ]
SQL: SELECT * FROM `fanwe_news` WHERE ( `id` = 8 ) LIMIT 1   [ RunTime:0.001713s ]
INFO: [ view_parse ] --START--
NOTIC: [8] Undefined index: uid /webHome/LFWZ000390/www/zc/Zc/Runtime/Cache/012cdf2fa3ba4152d6d6173485c32ca8.php 第 98 行.
NOTIC: [8] Use of undefined constant id - assumed 'id' /webHome/LFWZ000390/www/zc/Zc/Runtime/Cache/012cdf2fa3ba4152d6d6173485c32ca8.php 第 142 行.
SQL: SELECT * FROM `fanwe_news` WHERE ( `id` < '8' ) LIMIT 1   [ RunTime:0.002184s ]
SQL: SELECT * FROM `fanwe_news` WHERE ( `id` > '8' ) LIMIT 1   [ RunTime:0.001928s ]
INFO: ParseTemplate Behavior ::run [ RunTime:0.027798s ]
INFO: [ view_parse ] --END-- [ RunTime:0.028006s ]
INFO: [ view_filter ] --START--
INFO: ContentReplace Behavior ::run [ RunTime:0.001203s ]
INFO: TokenBuild Behavior ::run [ RunTime:0.000658s ]
INFO: WriteHtmlCache Behavior ::run [ RunTime:0.000421s ]
INFO: ShowRuntime Behavior ::run [ RunTime:0.000979s ]
INFO: [ view_filter ] --END-- [ RunTime:0.004220s ]
INFO: [ view_end ] --START--
INFO: ShowPageTrace Behavior ::run [ RunTime:0.001099s ]
INFO: [ view_end ] --END-- [ RunTime:0.001228s ]

[ 2016-02-17T17:51:00+08:00 ] 69.30.218.190 /zc/index.php?m=news&a=html&id=1
INFO: [ app_begin ] --START--
INFO: ReadHtmlCache Behavior ::run [ RunTime:0.000445s ]
INFO: [ app_begin ] --END-- [ RunTime:0.000623s ]
ERR: 无法加载模块:news

[ 2016-02-17T17:51:04+08:00 ] 69.30.218.190 /zc/index.php?m=news&a=html&id=10
INFO: [ app_begin ] --START--
INFO: ReadHtmlCache Behavior ::run [ RunTime:0.000470s ]
INFO: [ app_begin ] --END-- [ RunTime:0.000661s ]
ERR: 无法加载模块:news

[ 2016-02-17T17:51:10+08:00 ] 69.30.218.190 /zc/index.php?m=news&a=html&id=2
INFO: [ app_begin ] --START--
INFO: ReadHtmlCache Behavior ::run [ RunTime:0.000215s ]
INFO: [ app_begin ] --END-- [ RunTime:0.000300s ]
ERR: 无法加载模块:news

[ 2016-02-17T17:51:12+08:00 ] 69.30.218.190 /zc/index.php?m=news&a=html&id=3
INFO: [ app_begin ] --START--
INFO: ReadHtmlCache Behavior ::run [ RunTime:0.000485s ]
INFO: [ app_begin ] --END-- [ RunTime:0.000678s ]
ERR: 无法加载模块:news

[ 2016-02-17T17:51:20+08:00 ] 69.30.218.190 /zc/index.php?m=news&a=html&id=4
INFO: [ app_begin ] --START--
INFO: ReadHtmlCache Behavior ::run [ RunTime:0.000839s ]
INFO: [ app_begin ] --END-- [ RunTime:0.001019s ]
ERR: 无法加载模块:news

[ 2016-02-17T17:51:44+08:00 ] 69.30.218.190 /zc/index.php?m=news&a=html&id=5
INFO: [ app_begin ] --START--
INFO: ReadHtmlCache Behavior ::run [ RunTime:0.000423s ]
INFO: [ app_begin ] --END-- [ RunTime:0.000595s ]
ERR: 无法加载模块:news

[ 2016-02-17T17:51:55+08:00 ] 69.30.218.190 /zc/index.php?m=news&a=html&id=7
INFO: [ app_begin ] --START--
INFO: ReadHtmlCache Behavior ::run [ RunTime:0.000432s ]
INFO: [ app_begin ] --END-- [ RunTime:0.000542s ]
ERR: 无法加载模块:news

[ 2016-02-17T17:51:58+08:00 ] 69.30.218.190 /zc/index.php?m=news&a=html&id=8
INFO: [ app_begin ] --START--
INFO: ReadHtmlCache Behavior ::run [ RunTime:0.000489s ]
INFO: [ app_begin ] --END-- [ RunTime:0.000747s ]
ERR: 无法加载模块:news

[ 2016-02-17T18:46:35+08:00 ] 69.30.218.190 /zc/index.php?m=news&a=html&id=9
INFO: [ app_begin ] --START--
INFO: ReadHtmlCache Behavior ::run [ RunTime:0.000566s ]
INFO: [ app_begin ] --END-- [ RunTime:0.000696s ]
ERR: 无法加载模块:news

[ 2016-02-17T20:48:44+08:00 ] 42.156.136.44 /zc/index.php?a=html&id=9&m=News
INFO: [ app_begin ] --START--
INFO: ReadHtmlCache Behavior ::run [ RunTime:0.000497s ]
INFO: [ app_begin ] --END-- [ RunTime:0.000638s ]
SQL: SHOW COLUMNS FROM `fanwe_nav` [ RunTime:0.002006s ]
SQL: SELECT * FROM `fanwe_nav` ORDER BY sort  [ RunTime:0.000620s ]
SQL: SHOW COLUMNS FROM `fanwe_deal_cate` [ RunTime:0.001460s ]
SQL: SELECT * FROM `fanwe_deal_cate` ORDER BY id  [ RunTime:0.000642s ]
SQL: SHOW COLUMNS FROM `fanwe_deal_keyword` [ RunTime:0.001394s ]
SQL: SELECT * FROM `fanwe_deal_keyword` LIMIT 1   [ RunTime:0.000567s ]
SQL: SHOW COLUMNS FROM `fanwe_news` [ RunTime:0.001555s ]
SQL: SELECT * FROM `fanwe_news` WHERE ( `id` = 9 ) LIMIT 1   [ RunTime:0.001550s ]
INFO: [ view_parse ] --START--
NOTIC: [8] Undefined index: uid /webHome/LFWZ000390/www/zc/Zc/Runtime/Cache/012cdf2fa3ba4152d6d6173485c32ca8.php 第 98 行.
NOTIC: [8] Use of undefined constant id - assumed 'id' /webHome/LFWZ000390/www/zc/Zc/Runtime/Cache/012cdf2fa3ba4152d6d6173485c32ca8.php 第 142 行.
SQL: SELECT * FROM `fanwe_news` WHERE ( `id` < '9' ) LIMIT 1   [ RunTime:0.001215s ]
SQL: SELECT * FROM `fanwe_news` WHERE ( `id` > '9' ) LIMIT 1   [ RunTime:0.000944s ]
INFO: ParseTemplate Behavior ::run [ RunTime:0.021043s ]
INFO: [ view_parse ] --END-- [ RunTime:0.021234s ]
INFO: [ view_filter ] --START--
INFO: ContentReplace Behavior ::run [ RunTime:0.000618s ]
INFO: TokenBuild Behavior ::run [ RunTime:0.000536s ]
INFO: WriteHtmlCache Behavior ::run [ RunTime:0.000379s ]
INFO: ShowRuntime Behavior ::run [ RunTime:0.000482s ]
INFO: [ view_filter ] --END-- [ RunTime:0.002403s ]
INFO: [ view_end ] --START--
INFO: ShowPageTrace Behavior ::run [ RunTime:0.000481s ]
INFO: [ view_end ] --END-- [ RunTime:0.000577s ]

[ 2016-02-17T20:48:45+08:00 ] 42.120.161.44 /zc/index.php?a=html&id=8&m=News
INFO: [ app_begin ] --START--
INFO: ReadHtmlCache Behavior ::run [ RunTime:0.000471s ]
INFO: [ app_begin ] --END-- [ RunTime:0.000599s ]
SQL: SHOW COLUMNS FROM `fanwe_nav` [ RunTime:0.001944s ]
SQL: SELECT * FROM `fanwe_nav` ORDER BY sort  [ RunTime:0.000832s ]
SQL: SHOW COLUMNS FROM `fanwe_deal_cate` [ RunTime:0.001067s ]
SQL: SELECT * FROM `fanwe_deal_cate` ORDER BY id  [ RunTime:0.000637s ]
SQL: SHOW COLUMNS FROM `fanwe_deal_keyword` [ RunTime:0.001410s ]
SQL: SELECT * FROM `fanwe_deal_keyword` LIMIT 1   [ RunTime:0.000785s ]
SQL: SHOW COLUMNS FROM `fanwe_news` [ RunTime:0.001352s ]
SQL: SELECT * FROM `fanwe_news` WHERE ( `id` = 8 ) LIMIT 1   [ RunTime:0.001396s ]
INFO: [ view_parse ] --START--
NOTIC: [8] Undefined index: uid /webHome/LFWZ000390/www/zc/Zc/Runtime/Cache/012cdf2fa3ba4152d6d6173485c32ca8.php 第 98 行.
NOTIC: [8] Use of undefined constant id - assumed 'id' /webHome/LFWZ000390/www/zc/Zc/Runtime/Cache/012cdf2fa3ba4152d6d6173485c32ca8.php 第 142 行.
SQL: SELECT * FROM `fanwe_news` WHERE ( `id` < '8' ) LIMIT 1   [ RunTime:0.001176s ]
SQL: SELECT * FROM `fanwe_news` WHERE ( `id` > '8' ) LIMIT 1   [ RunTime:0.001330s ]
INFO: ParseTemplate Behavior ::run [ RunTime:0.019903s ]
INFO: [ view_parse ] --END-- [ RunTime:0.020054s ]
INFO: [ view_filter ] --START--
INFO: ContentReplace Behavior ::run [ RunTime:0.000813s ]
INFO: TokenBuild Behavior ::run [ RunTime:0.000487s ]
INFO: WriteHtmlCache Behavior ::run [ RunTime:0.000430s ]
INFO: ShowRuntime Behavior ::run [ RunTime:0.000497s ]
INFO: [ view_filter ] --END-- [ RunTime:0.002509s ]
INFO: [ view_end ] --START--
INFO: ShowPageTrace Behavior ::run [ RunTime:0.000756s ]
INFO: [ view_end ] --END-- [ RunTime:0.000850s ]

[ 2016-02-17T21:09:27+08:00 ] 69.30.213.138 /zc/index.php?m=Deal&a=show&id=69
INFO: [ app_begin ] --START--
INFO: ReadHtmlCache Behavior ::run [ RunTime:0.000468s ]
INFO: [ app_begin ] --END-- [ RunTime:0.000599s ]
NOTIC: [2048] Declaration of DealAction::show() should be compatible with that of Action::show() /webHome/LFWZ000390/www/zc/Zc/Lib/Action/DealAction.class.php 第 13 行.
SQL: SHOW COLUMNS FROM `fanwe_nav` [ RunTime:0.002528s ]
SQL: SELECT * FROM `fanwe_nav` ORDER BY sort  [ RunTime:0.002567s ]
SQL: SHOW COLUMNS FROM `fanwe_deal_cate` [ RunTime:0.002081s ]
SQL: SELECT * FROM `fanwe_deal_cate` ORDER BY id  [ RunTime:0.002239s ]
SQL: SHOW COLUMNS FROM `fanwe_deal_keyword` [ RunTime:0.001651s ]
SQL: SELECT * FROM `fanwe_deal_keyword` LIMIT 1   [ RunTime:0.000793s ]
NOTIC: [8] Undefined index: uid /webHome/LFWZ000390/www/zc/Zc/Lib/Action/DealAction.class.php 第 18 行.

[ 2016-02-17T21:09:30+08:00 ] 69.30.213.138 /zc/index.php?m=User&a=login
INFO: [ app_begin ] --START--
INFO: ReadHtmlCache Behavior ::run [ RunTime:0.000465s ]
INFO: [ app_begin ] --END-- [ RunTime:0.000628s ]
SQL: SHOW COLUMNS FROM `fanwe_nav` [ RunTime:0.003383s ]
SQL: SELECT * FROM `fanwe_nav` ORDER BY sort  [ RunTime:0.001121s ]
SQL: SHOW COLUMNS FROM `fanwe_deal_cate` [ RunTime:0.002039s ]
SQL: SELECT * FROM `fanwe_deal_cate` ORDER BY id  [ RunTime:0.001451s ]
SQL: SHOW COLUMNS FROM `fanwe_deal_keyword` [ RunTime:0.001737s ]
SQL: SELECT * FROM `fanwe_deal_keyword` LIMIT 1   [ RunTime:0.000789s ]
INFO: [ view_parse ] --START--
NOTIC: [8] Undefined index: uid /webHome/LFWZ000390/www/zc/Zc/Runtime/Cache/42b90be8e9c40e58e803cfb6a2f683e9.php 第 76 行.
INFO: ParseTemplate Behavior ::run [ RunTime:0.018988s ]
INFO: [ view_parse ] --END-- [ RunTime:0.019159s ]
INFO: [ view_filter ] --START--
INFO: ContentReplace Behavior ::run [ RunTime:0.000895s ]
INFO: TokenBuild Behavior ::run [ RunTime:0.000630s ]
INFO: WriteHtmlCache Behavior ::run [ RunTime:0.000469s ]
INFO: ShowRuntime Behavior ::run [ RunTime:0.000846s ]
INFO: [ view_filter ] --END-- [ RunTime:0.003936s ]
INFO: [ view_end ] --START--
INFO: ShowPageTrace Behavior ::run [ RunTime:0.000551s ]
INFO: [ view_end ] --END-- [ RunTime:0.000677s ]

[ 2016-02-17T21:09:34+08:00 ] 69.30.213.138 /zc/index.php?m=News&a=html&id=2
INFO: [ app_begin ] --START--
INFO: ReadHtmlCache Behavior ::run [ RunTime:0.000495s ]
INFO: [ app_begin ] --END-- [ RunTime:0.000668s ]
SQL: SHOW COLUMNS FROM `fanwe_nav` [ RunTime:0.002056s ]
SQL: SELECT * FROM `fanwe_nav` ORDER BY sort  [ RunTime:0.001231s ]
SQL: SHOW COLUMNS FROM `fanwe_deal_cate` [ RunTime:0.002173s ]
SQL: SELECT * FROM `fanwe_deal_cate` ORDER BY id  [ RunTime:0.001013s ]
SQL: SHOW COLUMNS FROM `fanwe_deal_keyword` [ RunTime:0.002192s ]
SQL: SELECT * FROM `fanwe_deal_keyword` LIMIT 1   [ RunTime:0.000710s ]
SQL: SHOW COLUMNS FROM `fanwe_news` [ RunTime:0.002482s ]
SQL: SELECT * FROM `fanwe_news` WHERE ( `id` = 2 ) LIMIT 1   [ RunTime:0.001191s ]
INFO: [ view_parse ] --START--
NOTIC: [8] Undefined index: uid /webHome/LFWZ000390/www/zc/Zc/Runtime/Cache/012cdf2fa3ba4152d6d6173485c32ca8.php 第 98 行.
NOTIC: [8] Use of undefined constant id - assumed 'id' /webHome/LFWZ000390/www/zc/Zc/Runtime/Cache/012cdf2fa3ba4152d6d6173485c32ca8.php 第 142 行.
SQL: SELECT * FROM `fanwe_news` WHERE ( `id` < '2' ) LIMIT 1   [ RunTime:0.000845s ]
SQL: SELECT * FROM `fanwe_news` WHERE ( `id` > '2' ) LIMIT 1   [ RunTime:0.000850s ]
INFO: ParseTemplate Behavior ::run [ RunTime:0.021853s ]
INFO: [ view_parse ] --END-- [ RunTime:0.021994s ]
INFO: [ view_filter ] --START--
INFO: ContentReplace Behavior ::run [ RunTime:0.000683s ]
INFO: TokenBuild Behavior ::run [ RunTime:0.000572s ]
INFO: WriteHtmlCache Behavior ::run [ RunTime:0.000403s ]
INFO: ShowRuntime Behavior ::run [ RunTime:0.000622s ]
INFO: [ view_filter ] --END-- [ RunTime:0.002659s ]
INFO: [ view_end ] --START--
INFO: ShowPageTrace Behavior ::run [ RunTime:0.000448s ]
INFO: [ view_end ] --END-- [ RunTime:0.000544s ]

[ 2016-02-17T22:07:54+08:00 ] 89.163.148.58 /zc/index.php?m=News&a=html&id=10
INFO: [ app_begin ] --START--
INFO: ReadHtmlCache Behavior ::run [ RunTime:0.000560s ]
INFO: [ app_begin ] --END-- [ RunTime:0.000713s ]
SQL: SHOW COLUMNS FROM `fanwe_nav` [ RunTime:0.002204s ]
SQL: SELECT * FROM `fanwe_nav` ORDER BY sort  [ RunTime:0.001058s ]
SQL: SHOW COLUMNS FROM `fanwe_deal_cate` [ RunTime:0.001671s ]
SQL: SELECT * FROM `fanwe_deal_cate` ORDER BY id  [ RunTime:0.000850s ]
SQL: SHOW COLUMNS FROM `fanwe_deal_keyword` [ RunTime:0.001661s ]
SQL: SELECT * FROM `fanwe_deal_keyword` LIMIT 1   [ RunTime:0.000953s ]
SQL: SHOW COLUMNS FROM `fanwe_news` [ RunTime:0.002341s ]
SQL: SELECT * FROM `fanwe_news` WHERE ( `id` = 10 ) LIMIT 1   [ RunTime:0.000799s ]
INFO: [ view_parse ] --START--
NOTIC: [8] Undefined index: uid /webHome/LFWZ000390/www/zc/Zc/Runtime/Cache/012cdf2fa3ba4152d6d6173485c32ca8.php 第 98 行.
NOTIC: [8] Use of undefined constant id - assumed 'id' /webHome/LFWZ000390/www/zc/Zc/Runtime/Cache/012cdf2fa3ba4152d6d6173485c32ca8.php 第 142 行.
SQL: SELECT * FROM `fanwe_news` WHERE ( `id` < '10' ) LIMIT 1   [ RunTime:0.000772s ]
SQL: SELECT * FROM `fanwe_news` WHERE ( `id` > '10' ) LIMIT 1   [ RunTime:0.000797s ]
INFO: ParseTemplate Behavior ::run [ RunTime:0.020230s ]
INFO: [ view_parse ] --END-- [ RunTime:0.020407s ]
INFO: [ view_filter ] --START--
INFO: ContentReplace Behavior ::run [ RunTime:0.000600s ]
INFO: TokenBuild Behavior ::run [ RunTime:0.000516s ]
INFO: WriteHtmlCache Behavior ::run [ RunTime:0.000463s ]
INFO: ShowRuntime Behavior ::run [ RunTime:0.000453s ]
INFO: [ view_filter ] --END-- [ RunTime:0.002390s ]
INFO: [ view_end ] --START--
INFO: ShowPageTrace Behavior ::run [ RunTime:0.000442s ]
INFO: [ view_end ] --END-- [ RunTime:0.000541s ]

[ 2016-02-17T22:07:57+08:00 ] 89.163.148.58 /zc/index.php?m=news&a=html&id=5
INFO: [ app_begin ] --START--
INFO: ReadHtmlCache Behavior ::run [ RunTime:0.000467s ]
INFO: [ app_begin ] --END-- [ RunTime:0.000700s ]
ERR: 无法加载模块:news

[ 2016-02-17T22:09:11+08:00 ] 101.226.169.223 /zc/index.php?a=html&id=2&m=news
INFO: [ app_begin ] --START--
INFO: ReadHtmlCache Behavior ::run [ RunTime:0.000621s ]
INFO: [ app_begin ] --END-- [ RunTime:0.000769s ]
ERR: 无法加载模块:news

