[ 2016-05-08T02:09:25+08:00 ] 123.125.71.60 /zc/index.php?m=News&a=html&id=30
INFO: [ app_begin ] --START--
INFO: ReadHtmlCache Behavior ::run [ RunTime:0.000788s ]
INFO: [ app_begin ] --END-- [ RunTime:0.000970s ]
SQL: SHOW COLUMNS FROM `fanwe_nav` [ RunTime:0.001351s ]
SQL: SELECT * FROM `fanwe_nav` ORDER BY sort  [ RunTime:0.000483s ]
SQL: SHOW COLUMNS FROM `fanwe_deal_cate` [ RunTime:0.000824s ]
SQL: SELECT * FROM `fanwe_deal_cate` ORDER BY id  [ RunTime:0.000376s ]
SQL: SHOW COLUMNS FROM `fanwe_deal_keyword` [ RunTime:0.000697s ]
SQL: SELECT * FROM `fanwe_deal_keyword` LIMIT 1   [ RunTime:0.000564s ]
SQL: SHOW COLUMNS FROM `fanwe_news` [ RunTime:0.001066s ]
SQL: SELECT * FROM `fanwe_news` WHERE ( `id` = 30 ) LIMIT 1   [ RunTime:0.000633s ]
INFO: [ view_parse ] --START--
NOTIC: [8] Undefined index: uid /webHome/LFWZ000390/www/zc/Zc/Runtime/Cache/012cdf2fa3ba4152d6d6173485c32ca8.php 第 98 行.
NOTIC: [8] Use of undefined constant id - assumed 'id' /webHome/LFWZ000390/www/zc/Zc/Runtime/Cache/012cdf2fa3ba4152d6d6173485c32ca8.php 第 142 行.
SQL: SELECT * FROM `fanwe_news` WHERE ( `id` < null ) LIMIT 1   [ RunTime:0.000817s ]
SQL: SELECT * FROM `fanwe_news` WHERE ( `id` > null ) LIMIT 1   [ RunTime:0.000454s ]
INFO: ParseTemplate Behavior ::run [ RunTime:0.010164s ]
INFO: [ view_parse ] --END-- [ RunTime:0.010238s ]
INFO: [ view_filter ] --START--
INFO: ContentReplace Behavior ::run [ RunTime:0.000369s ]
INFO: TokenBuild Behavior ::run [ RunTime:0.000277s ]
INFO: WriteHtmlCache Behavior ::run [ RunTime:0.000185s ]
INFO: ShowRuntime Behavior ::run [ RunTime:0.000244s ]
INFO: [ view_filter ] --END-- [ RunTime:0.001213s ]
INFO: [ view_end ] --START--
INFO: ShowPageTrace Behavior ::run [ RunTime:0.000217s ]
INFO: [ view_end ] --END-- [ RunTime:0.000275s ]

[ 2016-05-08T05:33:46+08:00 ] 101.226.166.202 /zc/index.php?a=html&id=29&m=News
INFO: [ app_begin ] --START--
INFO: ReadHtmlCache Behavior ::run [ RunTime:0.000591s ]
INFO: [ app_begin ] --END-- [ RunTime:0.000731s ]
SQL: SHOW COLUMNS FROM `fanwe_nav` [ RunTime:0.002853s ]
SQL: SELECT * FROM `fanwe_nav` ORDER BY sort  [ RunTime:0.001065s ]
SQL: SHOW COLUMNS FROM `fanwe_deal_cate` [ RunTime:0.001967s ]
SQL: SELECT * FROM `fanwe_deal_cate` ORDER BY id  [ RunTime:0.000726s ]
SQL: SHOW COLUMNS FROM `fanwe_deal_keyword` [ RunTime:0.002526s ]
SQL: SELECT * FROM `fanwe_deal_keyword` LIMIT 1   [ RunTime:0.000796s ]
SQL: SHOW COLUMNS FROM `fanwe_news` [ RunTime:0.006456s ]
SQL: SELECT * FROM `fanwe_news` WHERE ( `id` = 29 ) LIMIT 1   [ RunTime:0.002243s ]
INFO: [ view_parse ] --START--
NOTIC: [8] Undefined index: uid /webHome/LFWZ000390/www/zc/Zc/Runtime/Cache/012cdf2fa3ba4152d6d6173485c32ca8.php 第 98 行.
NOTIC: [8] Use of undefined constant id - assumed 'id' /webHome/LFWZ000390/www/zc/Zc/Runtime/Cache/012cdf2fa3ba4152d6d6173485c32ca8.php 第 142 行.
SQL: SELECT * FROM `fanwe_news` WHERE ( `id` < null ) LIMIT 1   [ RunTime:0.001080s ]
SQL: SELECT * FROM `fanwe_news` WHERE ( `id` > null ) LIMIT 1   [ RunTime:0.001095s ]
INFO: ParseTemplate Behavior ::run [ RunTime:0.025831s ]
INFO: [ view_parse ] --END-- [ RunTime:0.026013s ]
INFO: [ view_filter ] --START--
INFO: ContentReplace Behavior ::run [ RunTime:0.000999s ]
INFO: TokenBuild Behavior ::run [ RunTime:0.000755s ]
INFO: WriteHtmlCache Behavior ::run [ RunTime:0.000729s ]
INFO: ShowRuntime Behavior ::run [ RunTime:0.000913s ]
INFO: [ view_filter ] --END-- [ RunTime:0.003916s ]
INFO: [ view_end ] --START--
INFO: ShowPageTrace Behavior ::run [ RunTime:0.000699s ]
INFO: [ view_end ] --END-- [ RunTime:0.000893s ]

[ 2016-05-08T05:37:22+08:00 ] 182.118.20.165 /zc/index.php?a=html&m=news
INFO: [ app_begin ] --START--
INFO: ReadHtmlCache Behavior ::run [ RunTime:0.000749s ]
INFO: [ app_begin ] --END-- [ RunTime:0.000970s ]
ERR: 无法加载模块:news

[ 2016-05-08T05:38:00+08:00 ] 101.226.169.222 /zc/index.php?a=html&id=30&m=News
INFO: [ app_begin ] --START--
INFO: ReadHtmlCache Behavior ::run [ RunTime:0.000586s ]
INFO: [ app_begin ] --END-- [ RunTime:0.000740s ]
SQL: SHOW COLUMNS FROM `fanwe_nav` [ RunTime:0.002093s ]
SQL: SELECT * FROM `fanwe_nav` ORDER BY sort  [ RunTime:0.001355s ]
SQL: SHOW COLUMNS FROM `fanwe_deal_cate` [ RunTime:0.001373s ]
SQL: SELECT * FROM `fanwe_deal_cate` ORDER BY id  [ RunTime:0.000734s ]
SQL: SHOW COLUMNS FROM `fanwe_deal_keyword` [ RunTime:0.001447s ]
SQL: SELECT * FROM `fanwe_deal_keyword` LIMIT 1   [ RunTime:0.000650s ]
SQL: SHOW COLUMNS FROM `fanwe_news` [ RunTime:0.001456s ]
SQL: SELECT * FROM `fanwe_news` WHERE ( `id` = 30 ) LIMIT 1   [ RunTime:0.001137s ]
INFO: [ view_parse ] --START--
NOTIC: [8] Undefined index: uid /webHome/LFWZ000390/www/zc/Zc/Runtime/Cache/012cdf2fa3ba4152d6d6173485c32ca8.php 第 98 行.
NOTIC: [8] Use of undefined constant id - assumed 'id' /webHome/LFWZ000390/www/zc/Zc/Runtime/Cache/012cdf2fa3ba4152d6d6173485c32ca8.php 第 142 行.
SQL: SELECT * FROM `fanwe_news` WHERE ( `id` < null ) LIMIT 1   [ RunTime:0.001240s ]
SQL: SELECT * FROM `fanwe_news` WHERE ( `id` > null ) LIMIT 1   [ RunTime:0.001118s ]
INFO: ParseTemplate Behavior ::run [ RunTime:0.020104s ]
INFO: [ view_parse ] --END-- [ RunTime:0.020238s ]
INFO: [ view_filter ] --START--
INFO: ContentReplace Behavior ::run [ RunTime:0.000822s ]
INFO: TokenBuild Behavior ::run [ RunTime:0.000467s ]
INFO: WriteHtmlCache Behavior ::run [ RunTime:0.000637s ]
INFO: ShowRuntime Behavior ::run [ RunTime:0.000532s ]
INFO: [ view_filter ] --END-- [ RunTime:0.002791s ]
INFO: [ view_end ] --START--
INFO: ShowPageTrace Behavior ::run [ RunTime:0.000505s ]
INFO: [ view_end ] --END-- [ RunTime:0.000657s ]

[ 2016-05-08T14:47:31+08:00 ] 66.249.65.88 /zc/index.php?m=News&a=index
INFO: [ app_begin ] --START--
INFO: ReadHtmlCache Behavior ::run [ RunTime:0.000709s ]
INFO: [ app_begin ] --END-- [ RunTime:0.000890s ]
SQL: SHOW COLUMNS FROM `fanwe_nav` [ RunTime:0.001894s ]
SQL: SELECT * FROM `fanwe_nav` ORDER BY sort  [ RunTime:0.000787s ]
SQL: SHOW COLUMNS FROM `fanwe_deal_cate` [ RunTime:0.001472s ]
SQL: SELECT * FROM `fanwe_deal_cate` ORDER BY id  [ RunTime:0.001343s ]
SQL: SHOW COLUMNS FROM `fanwe_deal_keyword` [ RunTime:0.001151s ]
SQL: SELECT * FROM `fanwe_deal_keyword` LIMIT 1   [ RunTime:0.000926s ]
SQL: SHOW COLUMNS FROM `fanwe_news` [ RunTime:0.002380s ]
SQL: SELECT COUNT(*) AS tp_count FROM `fanwe_news` WHERE ( `enable` = 1 ) LIMIT 1   [ RunTime:0.000714s ]
SQL: SELECT COUNT(*) AS tp_count FROM `fanwe_news` WHERE ( `enable` = 1 ) LIMIT 1   [ RunTime:0.000755s ]
SQL: SELECT * FROM `fanwe_news` ORDER BY addtime desc,rec desc LIMIT 0,10   [ RunTime:0.003748s ]
INFO: [ view_parse ] --START--
SQL: SHOW COLUMNS FROM `fanwe_conf` [ RunTime:0.001735s ]
SQL: SELECT `value` FROM `fanwe_conf` WHERE ( `name` = 'SEO_TITLE' ) LIMIT 1   [ RunTime:0.000974s ]
NOTIC: [8] Undefined index: uid /webHome/LFWZ000390/www/zc/Zc/Runtime/Cache/93be05964b36457006025cdbe2606e6a.php 第 107 行.
INFO: ParseTemplate Behavior ::run [ RunTime:0.026489s ]
INFO: [ view_parse ] --END-- [ RunTime:0.026625s ]
INFO: [ view_filter ] --START--
INFO: ContentReplace Behavior ::run [ RunTime:0.000691s ]
INFO: TokenBuild Behavior ::run [ RunTime:0.000497s ]
INFO: WriteHtmlCache Behavior ::run [ RunTime:0.000398s ]
INFO: ShowRuntime Behavior ::run [ RunTime:0.000517s ]
INFO: [ view_filter ] --END-- [ RunTime:0.002400s ]
INFO: [ view_end ] --START--
INFO: ShowPageTrace Behavior ::run [ RunTime:0.000461s ]
INFO: [ view_end ] --END-- [ RunTime:0.000595s ]

[ 2016-05-08T19:08:27+08:00 ] 42.156.136.101 /zc/index.php?a=html&id=1&m=News
INFO: [ app_begin ] --START--
INFO: ReadHtmlCache Behavior ::run [ RunTime:0.000558s ]
INFO: [ app_begin ] --END-- [ RunTime:0.000830s ]
SQL: SHOW COLUMNS FROM `fanwe_nav` [ RunTime:0.001860s ]
SQL: SELECT * FROM `fanwe_nav` ORDER BY sort  [ RunTime:0.000768s ]
SQL: SHOW COLUMNS FROM `fanwe_deal_cate` [ RunTime:0.002248s ]
SQL: SELECT * FROM `fanwe_deal_cate` ORDER BY id  [ RunTime:0.000729s ]
SQL: SHOW COLUMNS FROM `fanwe_deal_keyword` [ RunTime:0.001643s ]
SQL: SELECT * FROM `fanwe_deal_keyword` LIMIT 1   [ RunTime:0.000600s ]
SQL: SHOW COLUMNS FROM `fanwe_news` [ RunTime:0.001546s ]
SQL: SELECT * FROM `fanwe_news` WHERE ( `id` = 1 ) LIMIT 1   [ RunTime:0.002212s ]
INFO: [ view_parse ] --START--
NOTIC: [8] Undefined index: uid /webHome/LFWZ000390/www/zc/Zc/Runtime/Cache/012cdf2fa3ba4152d6d6173485c32ca8.php 第 98 行.
NOTIC: [8] Use of undefined constant id - assumed 'id' /webHome/LFWZ000390/www/zc/Zc/Runtime/Cache/012cdf2fa3ba4152d6d6173485c32ca8.php 第 142 行.
SQL: SELECT * FROM `fanwe_news` WHERE ( `id` < '1' ) LIMIT 1   [ RunTime:0.000845s ]
SQL: SELECT * FROM `fanwe_news` WHERE ( `id` > '1' ) LIMIT 1   [ RunTime:0.000650s ]
INFO: ParseTemplate Behavior ::run [ RunTime:0.018117s ]
INFO: [ view_parse ] --END-- [ RunTime:0.018232s ]
INFO: [ view_filter ] --START--
INFO: ContentReplace Behavior ::run [ RunTime:0.000632s ]
INFO: TokenBuild Behavior ::run [ RunTime:0.000430s ]
INFO: WriteHtmlCache Behavior ::run [ RunTime:0.000495s ]
INFO: ShowRuntime Behavior ::run [ RunTime:0.000478s ]
INFO: [ view_filter ] --END-- [ RunTime:0.002346s ]
INFO: [ view_end ] --START--
INFO: ShowPageTrace Behavior ::run [ RunTime:0.000421s ]
INFO: [ view_end ] --END-- [ RunTime:0.000535s ]

[ 2016-05-08T21:55:02+08:00 ] 101.226.169.212 /zc/index.php?a=html&id=5&m=News
INFO: [ app_begin ] --START--
INFO: ReadHtmlCache Behavior ::run [ RunTime:0.001108s ]
INFO: [ app_begin ] --END-- [ RunTime:0.002981s ]
SQL: SHOW COLUMNS FROM `fanwe_nav` [ RunTime:0.003750s ]
SQL: SELECT * FROM `fanwe_nav` ORDER BY sort  [ RunTime:0.002350s ]
SQL: SHOW COLUMNS FROM `fanwe_deal_cate` [ RunTime:0.002540s ]
SQL: SELECT * FROM `fanwe_deal_cate` ORDER BY id  [ RunTime:0.001697s ]
SQL: SHOW COLUMNS FROM `fanwe_deal_keyword` [ RunTime:0.002213s ]
SQL: SELECT * FROM `fanwe_deal_keyword` LIMIT 1   [ RunTime:0.002504s ]
SQL: SHOW COLUMNS FROM `fanwe_news` [ RunTime:0.003461s ]
SQL: SELECT * FROM `fanwe_news` WHERE ( `id` = 5 ) LIMIT 1   [ RunTime:0.002487s ]
INFO: [ view_parse ] --START--
NOTIC: [8] Undefined index: uid /webHome/LFWZ000390/www/zc/Zc/Runtime/Cache/012cdf2fa3ba4152d6d6173485c32ca8.php 第 98 行.
NOTIC: [8] Use of undefined constant id - assumed 'id' /webHome/LFWZ000390/www/zc/Zc/Runtime/Cache/012cdf2fa3ba4152d6d6173485c32ca8.php 第 142 行.
SQL: SELECT * FROM `fanwe_news` WHERE ( `id` < '5' ) LIMIT 1   [ RunTime:0.001990s ]
SQL: SELECT * FROM `fanwe_news` WHERE ( `id` > '5' ) LIMIT 1   [ RunTime:0.014692s ]
INFO: ParseTemplate Behavior ::run [ RunTime:0.050101s ]
INFO: [ view_parse ] --END-- [ RunTime:0.050444s ]
INFO: [ view_filter ] --START--
INFO: ContentReplace Behavior ::run [ RunTime:0.000455s ]
INFO: TokenBuild Behavior ::run [ RunTime:0.000292s ]
INFO: WriteHtmlCache Behavior ::run [ RunTime:0.000274s ]
INFO: ShowRuntime Behavior ::run [ RunTime:0.000289s ]
INFO: [ view_filter ] --END-- [ RunTime:0.001502s ]
INFO: [ view_end ] --START--
INFO: ShowPageTrace Behavior ::run [ RunTime:0.000341s ]
INFO: [ view_end ] --END-- [ RunTime:0.000395s ]

[ 2016-05-08T21:55:17+08:00 ] 101.226.167.208 /zc/index.php?a=html&id=3&m=News
INFO: [ app_begin ] --START--
INFO: ReadHtmlCache Behavior ::run [ RunTime:0.000585s ]
INFO: [ app_begin ] --END-- [ RunTime:0.000717s ]
SQL: SHOW COLUMNS FROM `fanwe_nav` [ RunTime:0.001969s ]
SQL: SELECT * FROM `fanwe_nav` ORDER BY sort  [ RunTime:0.000943s ]
SQL: SHOW COLUMNS FROM `fanwe_deal_cate` [ RunTime:0.001520s ]
SQL: SELECT * FROM `fanwe_deal_cate` ORDER BY id  [ RunTime:0.000772s ]
SQL: SHOW COLUMNS FROM `fanwe_deal_keyword` [ RunTime:0.001709s ]
SQL: SELECT * FROM `fanwe_deal_keyword` LIMIT 1   [ RunTime:0.000582s ]
SQL: SHOW COLUMNS FROM `fanwe_news` [ RunTime:0.001568s ]
SQL: SELECT * FROM `fanwe_news` WHERE ( `id` = 3 ) LIMIT 1   [ RunTime:0.000711s ]
INFO: [ view_parse ] --START--
NOTIC: [8] Undefined index: uid /webHome/LFWZ000390/www/zc/Zc/Runtime/Cache/012cdf2fa3ba4152d6d6173485c32ca8.php 第 98 行.
NOTIC: [8] Use of undefined constant id - assumed 'id' /webHome/LFWZ000390/www/zc/Zc/Runtime/Cache/012cdf2fa3ba4152d6d6173485c32ca8.php 第 142 行.
SQL: SELECT * FROM `fanwe_news` WHERE ( `id` < '3' ) LIMIT 1   [ RunTime:0.001461s ]
SQL: SELECT * FROM `fanwe_news` WHERE ( `id` > '3' ) LIMIT 1   [ RunTime:0.001548s ]
INFO: ParseTemplate Behavior ::run [ RunTime:0.020732s ]
INFO: [ view_parse ] --END-- [ RunTime:0.020912s ]
INFO: [ view_filter ] --START--
INFO: ContentReplace Behavior ::run [ RunTime:0.000638s ]
INFO: TokenBuild Behavior ::run [ RunTime:0.000540s ]
INFO: WriteHtmlCache Behavior ::run [ RunTime:0.000443s ]
INFO: ShowRuntime Behavior ::run [ RunTime:0.000451s ]
INFO: [ view_filter ] --END-- [ RunTime:0.002414s ]
INFO: [ view_end ] --START--
INFO: ShowPageTrace Behavior ::run [ RunTime:0.000450s ]
INFO: [ view_end ] --END-- [ RunTime:0.000556s ]

[ 2016-05-08T21:58:21+08:00 ] 182.118.20.167 /zc/index.php?a=html&id=10&m=News
INFO: [ app_begin ] --START--
INFO: ReadHtmlCache Behavior ::run [ RunTime:0.000433s ]
INFO: [ app_begin ] --END-- [ RunTime:0.000553s ]
SQL: SHOW COLUMNS FROM `fanwe_nav` [ RunTime:0.002273s ]
SQL: SELECT * FROM `fanwe_nav` ORDER BY sort  [ RunTime:0.001363s ]
SQL: SHOW COLUMNS FROM `fanwe_deal_cate` [ RunTime:0.001650s ]
SQL: SELECT * FROM `fanwe_deal_cate` ORDER BY id  [ RunTime:0.001093s ]
SQL: SHOW COLUMNS FROM `fanwe_deal_keyword` [ RunTime:0.001585s ]
SQL: SELECT * FROM `fanwe_deal_keyword` LIMIT 1   [ RunTime:0.000560s ]
SQL: SHOW COLUMNS FROM `fanwe_news` [ RunTime:0.001704s ]
SQL: SELECT * FROM `fanwe_news` WHERE ( `id` = 10 ) LIMIT 1   [ RunTime:0.000876s ]
INFO: [ view_parse ] --START--
NOTIC: [8] Undefined index: uid /webHome/LFWZ000390/www/zc/Zc/Runtime/Cache/012cdf2fa3ba4152d6d6173485c32ca8.php 第 98 行.
NOTIC: [8] Use of undefined constant id - assumed 'id' /webHome/LFWZ000390/www/zc/Zc/Runtime/Cache/012cdf2fa3ba4152d6d6173485c32ca8.php 第 142 行.
SQL: SELECT * FROM `fanwe_news` WHERE ( `id` < '10' ) LIMIT 1   [ RunTime:0.001219s ]
SQL: SELECT * FROM `fanwe_news` WHERE ( `id` > '10' ) LIMIT 1   [ RunTime:0.000556s ]
INFO: ParseTemplate Behavior ::run [ RunTime:0.019743s ]
INFO: [ view_parse ] --END-- [ RunTime:0.020013s ]
INFO: [ view_filter ] --START--
INFO: ContentReplace Behavior ::run [ RunTime:0.000570s ]
INFO: TokenBuild Behavior ::run [ RunTime:0.000506s ]
INFO: WriteHtmlCache Behavior ::run [ RunTime:0.000527s ]
INFO: ShowRuntime Behavior ::run [ RunTime:0.000559s ]
INFO: [ view_filter ] --END-- [ RunTime:0.002494s ]
INFO: [ view_end ] --START--
INFO: ShowPageTrace Behavior ::run [ RunTime:0.000513s ]
INFO: [ view_end ] --END-- [ RunTime:0.000607s ]

[ 2016-05-08T22:12:08+08:00 ] 101.226.168.205 /zc/index.php?a=html&m=News
INFO: [ app_begin ] --START--
INFO: ReadHtmlCache Behavior ::run [ RunTime:0.000577s ]
INFO: [ app_begin ] --END-- [ RunTime:0.000756s ]
SQL: SHOW COLUMNS FROM `fanwe_nav` [ RunTime:0.002587s ]
SQL: SELECT * FROM `fanwe_nav` ORDER BY sort  [ RunTime:0.001332s ]
SQL: SHOW COLUMNS FROM `fanwe_deal_cate` [ RunTime:0.002528s ]
SQL: SELECT * FROM `fanwe_deal_cate` ORDER BY id  [ RunTime:0.000713s ]
SQL: SHOW COLUMNS FROM `fanwe_deal_keyword` [ RunTime:0.001589s ]
SQL: SELECT * FROM `fanwe_deal_keyword` LIMIT 1   [ RunTime:0.000521s ]
NOTIC: [8] Undefined index: id /webHome/LFWZ000390/www/zc/Zc/Lib/Action/NewsAction.class.php 第 28 行.
SQL: SHOW COLUMNS FROM `fanwe_news` [ RunTime:0.003198s ]
SQL: SELECT * FROM `fanwe_news` WHERE ( `id` = null ) LIMIT 1   [ RunTime:0.001065s ]
INFO: [ view_parse ] --START--
NOTIC: [8] Undefined index: uid /webHome/LFWZ000390/www/zc/Zc/Runtime/Cache/012cdf2fa3ba4152d6d6173485c32ca8.php 第 98 行.
NOTIC: [8] Use of undefined constant id - assumed 'id' /webHome/LFWZ000390/www/zc/Zc/Runtime/Cache/012cdf2fa3ba4152d6d6173485c32ca8.php 第 142 行.
SQL: SELECT * FROM `fanwe_news` WHERE ( `id` < null ) LIMIT 1   [ RunTime:0.000886s ]
SQL: SELECT * FROM `fanwe_news` WHERE ( `id` > null ) LIMIT 1   [ RunTime:0.002051s ]
INFO: ParseTemplate Behavior ::run [ RunTime:0.020194s ]
INFO: [ view_parse ] --END-- [ RunTime:0.020362s ]
INFO: [ view_filter ] --START--
INFO: ContentReplace Behavior ::run [ RunTime:0.000663s ]
INFO: TokenBuild Behavior ::run [ RunTime:0.000457s ]
INFO: WriteHtmlCache Behavior ::run [ RunTime:0.000427s ]
INFO: ShowRuntime Behavior ::run [ RunTime:0.000462s ]
INFO: [ view_filter ] --END-- [ RunTime:0.002373s ]
INFO: [ view_end ] --START--
INFO: ShowPageTrace Behavior ::run [ RunTime:0.000433s ]
INFO: [ view_end ] --END-- [ RunTime:0.000543s ]

[ 2016-05-08T22:22:31+08:00 ] 182.118.25.223 /zc/index.php?a=html&id=4&m=news
INFO: [ app_begin ] --START--
INFO: ReadHtmlCache Behavior ::run [ RunTime:0.000457s ]
INFO: [ app_begin ] --END-- [ RunTime:0.000621s ]
ERR: 无法加载模块:news

[ 2016-05-08T22:25:37+08:00 ] 101.226.168.235 /zc/index.php?a=html&id=5&m=News
INFO: [ app_begin ] --START--
INFO: ReadHtmlCache Behavior ::run [ RunTime:0.000558s ]
INFO: [ app_begin ] --END-- [ RunTime:0.000732s ]
SQL: SHOW COLUMNS FROM `fanwe_nav` [ RunTime:0.001871s ]
SQL: SELECT * FROM `fanwe_nav` ORDER BY sort  [ RunTime:0.000717s ]
SQL: SHOW COLUMNS FROM `fanwe_deal_cate` [ RunTime:0.001699s ]
SQL: SELECT * FROM `fanwe_deal_cate` ORDER BY id  [ RunTime:0.000754s ]
SQL: SHOW COLUMNS FROM `fanwe_deal_keyword` [ RunTime:0.001368s ]
SQL: SELECT * FROM `fanwe_deal_keyword` LIMIT 1   [ RunTime:0.000925s ]
SQL: SHOW COLUMNS FROM `fanwe_news` [ RunTime:0.001353s ]
SQL: SELECT * FROM `fanwe_news` WHERE ( `id` = 5 ) LIMIT 1   [ RunTime:0.000852s ]
INFO: [ view_parse ] --START--
NOTIC: [8] Undefined index: uid /webHome/LFWZ000390/www/zc/Zc/Runtime/Cache/012cdf2fa3ba4152d6d6173485c32ca8.php 第 98 行.
NOTIC: [8] Use of undefined constant id - assumed 'id' /webHome/LFWZ000390/www/zc/Zc/Runtime/Cache/012cdf2fa3ba4152d6d6173485c32ca8.php 第 142 行.
SQL: SELECT * FROM `fanwe_news` WHERE ( `id` < '5' ) LIMIT 1   [ RunTime:0.001485s ]
SQL: SELECT * FROM `fanwe_news` WHERE ( `id` > '5' ) LIMIT 1   [ RunTime:0.001104s ]
INFO: ParseTemplate Behavior ::run [ RunTime:0.021942s ]
INFO: [ view_parse ] --END-- [ RunTime:0.022057s ]
INFO: [ view_filter ] --START--
INFO: ContentReplace Behavior ::run [ RunTime:0.000959s ]
INFO: TokenBuild Behavior ::run [ RunTime:0.000559s ]
INFO: WriteHtmlCache Behavior ::run [ RunTime:0.000411s ]
INFO: ShowRuntime Behavior ::run [ RunTime:0.000502s ]
INFO: [ view_filter ] --END-- [ RunTime:0.002775s ]
INFO: [ view_end ] --START--
INFO: ShowPageTrace Behavior ::run [ RunTime:0.000506s ]
INFO: [ view_end ] --END-- [ RunTime:0.000615s ]

