[ 2016-05-11T12:18:22+08:00 ] 209.126.127.49 /zc/index.php?m=Deals&a=index
INFO: [ app_begin ] --START--
INFO: ReadHtmlCache Behavior ::run [ RunTime:0.000491s ]
INFO: [ app_begin ] --END-- [ RunTime:0.000623s ]
SQL: SHOW COLUMNS FROM `fanwe_nav` [ RunTime:0.002861s ]
SQL: SELECT * FROM `fanwe_nav` ORDER BY sort  [ RunTime:0.001320s ]
SQL: SHOW COLUMNS FROM `fanwe_deal_cate` [ RunTime:0.001505s ]
SQL: SELECT * FROM `fanwe_deal_cate` ORDER BY id  [ RunTime:0.001679s ]
SQL: SHOW COLUMNS FROM `fanwe_deal_keyword` [ RunTime:0.001559s ]
SQL: SELECT * FROM `fanwe_deal_keyword` LIMIT 1   [ RunTime:0.001330s ]
NOTIC: [8] Undefined index: uid /webHome/LFWZ000390/www/zc/Zc/Lib/Action/DealsAction.class.php 第 18 行.

[ 2016-05-11T12:18:24+08:00 ] 209.126.127.49 /zc/index.php?m=User&a=login
INFO: [ app_begin ] --START--
INFO: ReadHtmlCache Behavior ::run [ RunTime:0.000515s ]
INFO: [ app_begin ] --END-- [ RunTime:0.000824s ]
SQL: SHOW COLUMNS FROM `fanwe_nav` [ RunTime:0.003262s ]
SQL: SELECT * FROM `fanwe_nav` ORDER BY sort  [ RunTime:0.001024s ]
SQL: SHOW COLUMNS FROM `fanwe_deal_cate` [ RunTime:0.001582s ]
SQL: SELECT * FROM `fanwe_deal_cate` ORDER BY id  [ RunTime:0.001990s ]
SQL: SHOW COLUMNS FROM `fanwe_deal_keyword` [ RunTime:0.001508s ]
SQL: SELECT * FROM `fanwe_deal_keyword` LIMIT 1   [ RunTime:0.000919s ]
INFO: [ view_parse ] --START--
NOTIC: [8] Undefined index: uid /webHome/LFWZ000390/www/zc/Zc/Runtime/Cache/42b90be8e9c40e58e803cfb6a2f683e9.php 第 76 行.
INFO: ParseTemplate Behavior ::run [ RunTime:0.026198s ]
INFO: [ view_parse ] --END-- [ RunTime:0.026329s ]
INFO: [ view_filter ] --START--
INFO: ContentReplace Behavior ::run [ RunTime:0.000643s ]
INFO: TokenBuild Behavior ::run [ RunTime:0.000678s ]
INFO: WriteHtmlCache Behavior ::run [ RunTime:0.000686s ]
INFO: ShowRuntime Behavior ::run [ RunTime:0.000594s ]
INFO: [ view_filter ] --END-- [ RunTime:0.002957s ]
INFO: [ view_end ] --START--
INFO: ShowPageTrace Behavior ::run [ RunTime:0.000431s ]
INFO: [ view_end ] --END-- [ RunTime:0.000524s ]

[ 2016-05-11T12:18:26+08:00 ] 209.126.127.49 /zc/index.php?m=Deals&a=index&tid=6
INFO: [ app_begin ] --START--
INFO: ReadHtmlCache Behavior ::run [ RunTime:0.000458s ]
INFO: [ app_begin ] --END-- [ RunTime:0.000605s ]
SQL: SHOW COLUMNS FROM `fanwe_nav` [ RunTime:0.002120s ]
SQL: SELECT * FROM `fanwe_nav` ORDER BY sort  [ RunTime:0.000977s ]
SQL: SHOW COLUMNS FROM `fanwe_deal_cate` [ RunTime:0.001434s ]
SQL: SELECT * FROM `fanwe_deal_cate` ORDER BY id  [ RunTime:0.000809s ]
SQL: SHOW COLUMNS FROM `fanwe_deal_keyword` [ RunTime:0.001364s ]
SQL: SELECT * FROM `fanwe_deal_keyword` LIMIT 1   [ RunTime:0.000604s ]
NOTIC: [8] Undefined index: uid /webHome/LFWZ000390/www/zc/Zc/Lib/Action/DealsAction.class.php 第 18 行.

[ 2016-05-11T12:18:28+08:00 ] 209.126.127.49 /zc/index.php?m=User&a=login
INFO: [ app_begin ] --START--
INFO: ReadHtmlCache Behavior ::run [ RunTime:0.000509s ]
INFO: [ app_begin ] --END-- [ RunTime:0.000646s ]
SQL: SHOW COLUMNS FROM `fanwe_nav` [ RunTime:0.002074s ]
SQL: SELECT * FROM `fanwe_nav` ORDER BY sort  [ RunTime:0.001432s ]
SQL: SHOW COLUMNS FROM `fanwe_deal_cate` [ RunTime:0.002263s ]
SQL: SELECT * FROM `fanwe_deal_cate` ORDER BY id  [ RunTime:0.001052s ]
SQL: SHOW COLUMNS FROM `fanwe_deal_keyword` [ RunTime:0.002602s ]
SQL: SELECT * FROM `fanwe_deal_keyword` LIMIT 1   [ RunTime:0.001217s ]
INFO: [ view_parse ] --START--
NOTIC: [8] Undefined index: uid /webHome/LFWZ000390/www/zc/Zc/Runtime/Cache/42b90be8e9c40e58e803cfb6a2f683e9.php 第 76 行.
INFO: ParseTemplate Behavior ::run [ RunTime:0.024553s ]
INFO: [ view_parse ] --END-- [ RunTime:0.024753s ]
INFO: [ view_filter ] --START--
INFO: ContentReplace Behavior ::run [ RunTime:0.000715s ]
INFO: TokenBuild Behavior ::run [ RunTime:0.000627s ]
INFO: WriteHtmlCache Behavior ::run [ RunTime:0.000456s ]
INFO: ShowRuntime Behavior ::run [ RunTime:0.000629s ]
INFO: [ view_filter ] --END-- [ RunTime:0.002763s ]
INFO: [ view_end ] --START--
INFO: ShowPageTrace Behavior ::run [ RunTime:0.000562s ]
INFO: [ view_end ] --END-- [ RunTime:0.000673s ]

[ 2016-05-11T12:18:31+08:00 ] 209.126.127.49 /zc/index.php?m=News&a=html
INFO: [ app_begin ] --START--
INFO: ReadHtmlCache Behavior ::run [ RunTime:0.001025s ]
INFO: [ app_begin ] --END-- [ RunTime:0.001380s ]
SQL: SHOW COLUMNS FROM `fanwe_nav` [ RunTime:0.002175s ]
SQL: SELECT * FROM `fanwe_nav` ORDER BY sort  [ RunTime:0.000909s ]
SQL: SHOW COLUMNS FROM `fanwe_deal_cate` [ RunTime:0.001593s ]
SQL: SELECT * FROM `fanwe_deal_cate` ORDER BY id  [ RunTime:0.001213s ]
SQL: SHOW COLUMNS FROM `fanwe_deal_keyword` [ RunTime:0.002161s ]
SQL: SELECT * FROM `fanwe_deal_keyword` LIMIT 1   [ RunTime:0.001036s ]
NOTIC: [8] Undefined index: id /webHome/LFWZ000390/www/zc/Zc/Lib/Action/NewsAction.class.php 第 28 行.
SQL: SHOW COLUMNS FROM `fanwe_news` [ RunTime:0.001776s ]
SQL: SELECT * FROM `fanwe_news` WHERE ( `id` = null ) LIMIT 1   [ RunTime:0.001340s ]
INFO: [ view_parse ] --START--
NOTIC: [8] Undefined index: uid /webHome/LFWZ000390/www/zc/Zc/Runtime/Cache/012cdf2fa3ba4152d6d6173485c32ca8.php 第 98 行.
NOTIC: [8] Use of undefined constant id - assumed 'id' /webHome/LFWZ000390/www/zc/Zc/Runtime/Cache/012cdf2fa3ba4152d6d6173485c32ca8.php 第 142 行.
SQL: SELECT * FROM `fanwe_news` WHERE ( `id` < null ) LIMIT 1   [ RunTime:0.000822s ]
SQL: SELECT * FROM `fanwe_news` WHERE ( `id` > null ) LIMIT 1   [ RunTime:0.001350s ]
INFO: ParseTemplate Behavior ::run [ RunTime:0.022996s ]
INFO: [ view_parse ] --END-- [ RunTime:0.023144s ]
INFO: [ view_filter ] --START--
INFO: ContentReplace Behavior ::run [ RunTime:0.000875s ]
INFO: TokenBuild Behavior ::run [ RunTime:0.000927s ]
INFO: WriteHtmlCache Behavior ::run [ RunTime:0.000716s ]
INFO: ShowRuntime Behavior ::run [ RunTime:0.000579s ]
INFO: [ view_filter ] --END-- [ RunTime:0.003421s ]
INFO: [ view_end ] --START--
INFO: ShowPageTrace Behavior ::run [ RunTime:0.000459s ]
INFO: [ view_end ] --END-- [ RunTime:0.000579s ]

[ 2016-05-11T13:06:21+08:00 ] 173.234.159.250 /zc/index.php?m=News&a=html&
INFO: [ app_begin ] --START--
INFO: ReadHtmlCache Behavior ::run [ RunTime:0.000636s ]
INFO: [ app_begin ] --END-- [ RunTime:0.000801s ]
SQL: SHOW COLUMNS FROM `fanwe_nav` [ RunTime:0.003623s ]
SQL: SELECT * FROM `fanwe_nav` ORDER BY sort  [ RunTime:0.000816s ]
SQL: SHOW COLUMNS FROM `fanwe_deal_cate` [ RunTime:0.001704s ]
SQL: SELECT * FROM `fanwe_deal_cate` ORDER BY id  [ RunTime:0.001054s ]
SQL: SHOW COLUMNS FROM `fanwe_deal_keyword` [ RunTime:0.002322s ]
SQL: SELECT * FROM `fanwe_deal_keyword` LIMIT 1   [ RunTime:0.000735s ]
NOTIC: [8] Undefined index: id /webHome/LFWZ000390/www/zc/Zc/Lib/Action/NewsAction.class.php 第 28 行.
SQL: SHOW COLUMNS FROM `fanwe_news` [ RunTime:0.002181s ]
SQL: SELECT * FROM `fanwe_news` WHERE ( `id` = null ) LIMIT 1   [ RunTime:0.001668s ]
INFO: [ view_parse ] --START--
NOTIC: [8] Undefined index: uid /webHome/LFWZ000390/www/zc/Zc/Runtime/Cache/012cdf2fa3ba4152d6d6173485c32ca8.php 第 98 行.
NOTIC: [8] Use of undefined constant id - assumed 'id' /webHome/LFWZ000390/www/zc/Zc/Runtime/Cache/012cdf2fa3ba4152d6d6173485c32ca8.php 第 142 行.
SQL: SELECT * FROM `fanwe_news` WHERE ( `id` < null ) LIMIT 1   [ RunTime:0.001381s ]
SQL: SELECT * FROM `fanwe_news` WHERE ( `id` > null ) LIMIT 1   [ RunTime:0.001425s ]
INFO: ParseTemplate Behavior ::run [ RunTime:0.023653s ]
INFO: [ view_parse ] --END-- [ RunTime:0.023772s ]
INFO: [ view_filter ] --START--
INFO: ContentReplace Behavior ::run [ RunTime:0.000704s ]
INFO: TokenBuild Behavior ::run [ RunTime:0.000477s ]
INFO: WriteHtmlCache Behavior ::run [ RunTime:0.000475s ]
INFO: ShowRuntime Behavior ::run [ RunTime:0.000537s ]
INFO: [ view_filter ] --END-- [ RunTime:0.002585s ]
INFO: [ view_end ] --START--
INFO: ShowPageTrace Behavior ::run [ RunTime:0.000480s ]
INFO: [ view_end ] --END-- [ RunTime:0.000571s ]

[ 2016-05-11T13:06:23+08:00 ] 173.234.159.250 /zc/index.php?m=User&a=register
INFO: [ app_begin ] --START--
INFO: ReadHtmlCache Behavior ::run [ RunTime:0.000697s ]
INFO: [ app_begin ] --END-- [ RunTime:0.000921s ]
SQL: SHOW COLUMNS FROM `fanwe_nav` [ RunTime:0.002235s ]
SQL: SELECT * FROM `fanwe_nav` ORDER BY sort  [ RunTime:0.000791s ]
SQL: SHOW COLUMNS FROM `fanwe_deal_cate` [ RunTime:0.001735s ]
SQL: SELECT * FROM `fanwe_deal_cate` ORDER BY id  [ RunTime:0.000843s ]
SQL: SHOW COLUMNS FROM `fanwe_deal_keyword` [ RunTime:0.002112s ]
SQL: SELECT * FROM `fanwe_deal_keyword` LIMIT 1   [ RunTime:0.001159s ]
INFO: [ view_parse ] --START--
NOTIC: [8] Undefined index: uid /webHome/LFWZ000390/www/zc/Zc/Runtime/Cache/5ca447943347623fc7c870efb9c9908d.php 第 80 行.
INFO: ParseTemplate Behavior ::run [ RunTime:0.020153s ]
INFO: [ view_parse ] --END-- [ RunTime:0.020318s ]
INFO: [ view_filter ] --START--
INFO: ContentReplace Behavior ::run [ RunTime:0.000622s ]
INFO: TokenBuild Behavior ::run [ RunTime:0.000558s ]
INFO: WriteHtmlCache Behavior ::run [ RunTime:0.000557s ]
INFO: ShowRuntime Behavior ::run [ RunTime:0.000532s ]
INFO: [ view_filter ] --END-- [ RunTime:0.002599s ]
INFO: [ view_end ] --START--
INFO: ShowPageTrace Behavior ::run [ RunTime:0.000460s ]
INFO: [ view_end ] --END-- [ RunTime:0.000599s ]

[ 2016-05-11T13:06:25+08:00 ] 173.234.159.250 /zc/index.php?m=news&a=html&id=2
INFO: [ app_begin ] --START--
INFO: ReadHtmlCache Behavior ::run [ RunTime:0.000240s ]
INFO: [ app_begin ] --END-- [ RunTime:0.000352s ]
ERR: 无法加载模块:news

[ 2016-05-11T15:17:46+08:00 ] 182.118.21.248 /zc/index.php?a=html&id=8&m=News
INFO: [ app_begin ] --START--
INFO: ReadHtmlCache Behavior ::run [ RunTime:0.000535s ]
INFO: [ app_begin ] --END-- [ RunTime:0.000740s ]
SQL: SHOW COLUMNS FROM `fanwe_nav` [ RunTime:0.002596s ]
SQL: SELECT * FROM `fanwe_nav` ORDER BY sort  [ RunTime:0.000978s ]
SQL: SHOW COLUMNS FROM `fanwe_deal_cate` [ RunTime:0.001804s ]
SQL: SELECT * FROM `fanwe_deal_cate` ORDER BY id  [ RunTime:0.001491s ]
SQL: SHOW COLUMNS FROM `fanwe_deal_keyword` [ RunTime:0.002345s ]
SQL: SELECT * FROM `fanwe_deal_keyword` LIMIT 1   [ RunTime:0.000915s ]
SQL: SHOW COLUMNS FROM `fanwe_news` [ RunTime:0.002458s ]
SQL: SELECT * FROM `fanwe_news` WHERE ( `id` = 8 ) LIMIT 1   [ RunTime:0.001778s ]
INFO: [ view_parse ] --START--
NOTIC: [8] Undefined index: uid /webHome/LFWZ000390/www/zc/Zc/Runtime/Cache/012cdf2fa3ba4152d6d6173485c32ca8.php 第 98 行.
NOTIC: [8] Use of undefined constant id - assumed 'id' /webHome/LFWZ000390/www/zc/Zc/Runtime/Cache/012cdf2fa3ba4152d6d6173485c32ca8.php 第 142 行.
SQL: SELECT * FROM `fanwe_news` WHERE ( `id` < '8' ) LIMIT 1   [ RunTime:0.001112s ]
SQL: SELECT * FROM `fanwe_news` WHERE ( `id` > '8' ) LIMIT 1   [ RunTime:0.001548s ]
INFO: ParseTemplate Behavior ::run [ RunTime:0.021227s ]
INFO: [ view_parse ] --END-- [ RunTime:0.021584s ]
INFO: [ view_filter ] --START--
INFO: ContentReplace Behavior ::run [ RunTime:0.000902s ]
INFO: TokenBuild Behavior ::run [ RunTime:0.000584s ]
INFO: WriteHtmlCache Behavior ::run [ RunTime:0.000439s ]
INFO: ShowRuntime Behavior ::run [ RunTime:0.000699s ]
INFO: [ view_filter ] --END-- [ RunTime:0.003049s ]
INFO: [ view_end ] --START--
INFO: ShowPageTrace Behavior ::run [ RunTime:0.000546s ]
INFO: [ view_end ] --END-- [ RunTime:0.000649s ]

[ 2016-05-11T15:29:11+08:00 ] 101.226.166.230 /zc/index.php?a=html&id=30&m=News
INFO: [ app_begin ] --START--
INFO: ReadHtmlCache Behavior ::run [ RunTime:0.000443s ]
INFO: [ app_begin ] --END-- [ RunTime:0.000691s ]
SQL: SHOW COLUMNS FROM `fanwe_nav` [ RunTime:0.002128s ]
SQL: SELECT * FROM `fanwe_nav` ORDER BY sort  [ RunTime:0.001327s ]
SQL: SHOW COLUMNS FROM `fanwe_deal_cate` [ RunTime:0.001757s ]
SQL: SELECT * FROM `fanwe_deal_cate` ORDER BY id  [ RunTime:0.001089s ]
SQL: SHOW COLUMNS FROM `fanwe_deal_keyword` [ RunTime:0.001721s ]
SQL: SELECT * FROM `fanwe_deal_keyword` LIMIT 1   [ RunTime:0.000989s ]
SQL: SHOW COLUMNS FROM `fanwe_news` [ RunTime:0.002176s ]
SQL: SELECT * FROM `fanwe_news` WHERE ( `id` = 30 ) LIMIT 1   [ RunTime:0.000965s ]
INFO: [ view_parse ] --START--
NOTIC: [8] Undefined index: uid /webHome/LFWZ000390/www/zc/Zc/Runtime/Cache/012cdf2fa3ba4152d6d6173485c32ca8.php 第 98 行.
NOTIC: [8] Use of undefined constant id - assumed 'id' /webHome/LFWZ000390/www/zc/Zc/Runtime/Cache/012cdf2fa3ba4152d6d6173485c32ca8.php 第 142 行.
SQL: SELECT * FROM `fanwe_news` WHERE ( `id` < null ) LIMIT 1   [ RunTime:0.000995s ]
SQL: SELECT * FROM `fanwe_news` WHERE ( `id` > null ) LIMIT 1   [ RunTime:0.000824s ]
INFO: ParseTemplate Behavior ::run [ RunTime:0.022453s ]
INFO: [ view_parse ] --END-- [ RunTime:0.022568s ]
INFO: [ view_filter ] --START--
INFO: ContentReplace Behavior ::run [ RunTime:0.000898s ]
INFO: TokenBuild Behavior ::run [ RunTime:0.002895s ]
INFO: WriteHtmlCache Behavior ::run [ RunTime:0.001437s ]
INFO: ShowRuntime Behavior ::run [ RunTime:0.001453s ]
INFO: [ view_filter ] --END-- [ RunTime:0.007248s ]
INFO: [ view_end ] --START--
INFO: ShowPageTrace Behavior ::run [ RunTime:0.000616s ]
INFO: [ view_end ] --END-- [ RunTime:0.000823s ]

[ 2016-05-11T15:37:49+08:00 ] 91.121.211.59 /zc/index.php?m=Deal&a=show&id=71
INFO: [ app_begin ] --START--
INFO: ReadHtmlCache Behavior ::run [ RunTime:0.000435s ]
INFO: [ app_begin ] --END-- [ RunTime:0.000566s ]
NOTIC: [2048] Declaration of DealAction::show() should be compatible with that of Action::show() /webHome/LFWZ000390/www/zc/Zc/Lib/Action/DealAction.class.php 第 13 行.
SQL: SHOW COLUMNS FROM `fanwe_nav` [ RunTime:0.002199s ]
SQL: SELECT * FROM `fanwe_nav` ORDER BY sort  [ RunTime:0.000711s ]
SQL: SHOW COLUMNS FROM `fanwe_deal_cate` [ RunTime:0.001804s ]
SQL: SELECT * FROM `fanwe_deal_cate` ORDER BY id  [ RunTime:0.000631s ]
SQL: SHOW COLUMNS FROM `fanwe_deal_keyword` [ RunTime:0.001531s ]
SQL: SELECT * FROM `fanwe_deal_keyword` LIMIT 1   [ RunTime:0.001285s ]
NOTIC: [8] Undefined index: uid /webHome/LFWZ000390/www/zc/Zc/Lib/Action/DealAction.class.php 第 18 行.

[ 2016-05-11T15:37:51+08:00 ] 91.121.211.59 /zc/index.php?m=User&a=login
INFO: [ app_begin ] --START--
INFO: ReadHtmlCache Behavior ::run [ RunTime:0.000628s ]
INFO: [ app_begin ] --END-- [ RunTime:0.000793s ]
SQL: SHOW COLUMNS FROM `fanwe_nav` [ RunTime:0.001976s ]
SQL: SELECT * FROM `fanwe_nav` ORDER BY sort  [ RunTime:0.001302s ]
SQL: SHOW COLUMNS FROM `fanwe_deal_cate` [ RunTime:0.002355s ]
SQL: SELECT * FROM `fanwe_deal_cate` ORDER BY id  [ RunTime:0.001399s ]
SQL: SHOW COLUMNS FROM `fanwe_deal_keyword` [ RunTime:0.002133s ]
SQL: SELECT * FROM `fanwe_deal_keyword` LIMIT 1   [ RunTime:0.001497s ]
INFO: [ view_parse ] --START--
NOTIC: [8] Undefined index: uid /webHome/LFWZ000390/www/zc/Zc/Runtime/Cache/42b90be8e9c40e58e803cfb6a2f683e9.php 第 76 行.
INFO: ParseTemplate Behavior ::run [ RunTime:0.019779s ]
INFO: [ view_parse ] --END-- [ RunTime:0.019913s ]
INFO: [ view_filter ] --START--
INFO: ContentReplace Behavior ::run [ RunTime:0.000613s ]
INFO: TokenBuild Behavior ::run [ RunTime:0.000479s ]
INFO: WriteHtmlCache Behavior ::run [ RunTime:0.000458s ]
INFO: ShowRuntime Behavior ::run [ RunTime:0.000485s ]
INFO: [ view_filter ] --END-- [ RunTime:0.002395s ]
INFO: [ view_end ] --START--
INFO: ShowPageTrace Behavior ::run [ RunTime:0.000460s ]
INFO: [ view_end ] --END-- [ RunTime:0.000593s ]

[ 2016-05-11T15:37:55+08:00 ] 91.121.211.59 /zc/index.php?m=Deal&a=show&id=72
INFO: [ app_begin ] --START--
INFO: ReadHtmlCache Behavior ::run [ RunTime:0.000535s ]
INFO: [ app_begin ] --END-- [ RunTime:0.000729s ]
NOTIC: [2048] Declaration of DealAction::show() should be compatible with that of Action::show() /webHome/LFWZ000390/www/zc/Zc/Lib/Action/DealAction.class.php 第 13 行.
SQL: SHOW COLUMNS FROM `fanwe_nav` [ RunTime:0.001913s ]
SQL: SELECT * FROM `fanwe_nav` ORDER BY sort  [ RunTime:0.000799s ]
SQL: SHOW COLUMNS FROM `fanwe_deal_cate` [ RunTime:0.001417s ]
SQL: SELECT * FROM `fanwe_deal_cate` ORDER BY id  [ RunTime:0.001198s ]
SQL: SHOW COLUMNS FROM `fanwe_deal_keyword` [ RunTime:0.001552s ]
SQL: SELECT * FROM `fanwe_deal_keyword` LIMIT 1   [ RunTime:0.000502s ]
NOTIC: [8] Undefined index: uid /webHome/LFWZ000390/www/zc/Zc/Lib/Action/DealAction.class.php 第 18 行.

[ 2016-05-11T15:37:58+08:00 ] 91.121.211.59 /zc/index.php?m=User&a=login
INFO: [ app_begin ] --START--
INFO: ReadHtmlCache Behavior ::run [ RunTime:0.000816s ]
INFO: [ app_begin ] --END-- [ RunTime:0.000961s ]
SQL: SHOW COLUMNS FROM `fanwe_nav` [ RunTime:0.002327s ]
SQL: SELECT * FROM `fanwe_nav` ORDER BY sort  [ RunTime:0.001075s ]
SQL: SHOW COLUMNS FROM `fanwe_deal_cate` [ RunTime:0.001628s ]
SQL: SELECT * FROM `fanwe_deal_cate` ORDER BY id  [ RunTime:0.001138s ]
SQL: SHOW COLUMNS FROM `fanwe_deal_keyword` [ RunTime:0.001669s ]
SQL: SELECT * FROM `fanwe_deal_keyword` LIMIT 1   [ RunTime:0.000935s ]
INFO: [ view_parse ] --START--
NOTIC: [8] Undefined index: uid /webHome/LFWZ000390/www/zc/Zc/Runtime/Cache/42b90be8e9c40e58e803cfb6a2f683e9.php 第 76 行.
INFO: ParseTemplate Behavior ::run [ RunTime:0.018361s ]
INFO: [ view_parse ] --END-- [ RunTime:0.018538s ]
INFO: [ view_filter ] --START--
INFO: ContentReplace Behavior ::run [ RunTime:0.000915s ]
INFO: TokenBuild Behavior ::run [ RunTime:0.000554s ]
INFO: WriteHtmlCache Behavior ::run [ RunTime:0.000366s ]
INFO: ShowRuntime Behavior ::run [ RunTime:0.000529s ]
INFO: [ view_filter ] --END-- [ RunTime:0.002651s ]
INFO: [ view_end ] --START--
INFO: ShowPageTrace Behavior ::run [ RunTime:0.000398s ]
INFO: [ view_end ] --END-- [ RunTime:0.000478s ]

[ 2016-05-11T16:18:06+08:00 ] 178.63.86.11 /zc/index.php?m=news&a=html&
INFO: [ app_begin ] --START--
INFO: ReadHtmlCache Behavior ::run [ RunTime:0.000655s ]
INFO: [ app_begin ] --END-- [ RunTime:0.000882s ]
ERR: 无法加载模块:news

[ 2016-05-11T16:18:08+08:00 ] 178.63.86.11 /zc/index.php?m=news&a=html&id=1
INFO: [ app_begin ] --START--
INFO: ReadHtmlCache Behavior ::run [ RunTime:0.000571s ]
INFO: [ app_begin ] --END-- [ RunTime:0.000773s ]
ERR: 无法加载模块:news

[ 2016-05-11T16:18:09+08:00 ] 178.63.86.11 /zc/index.php?m=news&a=html&id=10
INFO: [ app_begin ] --START--
INFO: ReadHtmlCache Behavior ::run [ RunTime:0.000556s ]
INFO: [ app_begin ] --END-- [ RunTime:0.000686s ]
ERR: 无法加载模块:news

[ 2016-05-11T19:55:43+08:00 ] 42.156.254.18 /zc/index.php?a=html&id=9&m=News
INFO: [ app_begin ] --START--
INFO: ReadHtmlCache Behavior ::run [ RunTime:0.000517s ]
INFO: [ app_begin ] --END-- [ RunTime:0.000650s ]
SQL: SHOW COLUMNS FROM `fanwe_nav` [ RunTime:0.002496s ]
SQL: SELECT * FROM `fanwe_nav` ORDER BY sort  [ RunTime:0.001234s ]
SQL: SHOW COLUMNS FROM `fanwe_deal_cate` [ RunTime:0.001982s ]
SQL: SELECT * FROM `fanwe_deal_cate` ORDER BY id  [ RunTime:0.001447s ]
SQL: SHOW COLUMNS FROM `fanwe_deal_keyword` [ RunTime:0.004628s ]
SQL: SELECT * FROM `fanwe_deal_keyword` LIMIT 1   [ RunTime:0.000598s ]
SQL: SHOW COLUMNS FROM `fanwe_news` [ RunTime:0.001892s ]
SQL: SELECT * FROM `fanwe_news` WHERE ( `id` = 9 ) LIMIT 1   [ RunTime:0.001793s ]
INFO: [ view_parse ] --START--
NOTIC: [8] Undefined index: uid /webHome/LFWZ000390/www/zc/Zc/Runtime/Cache/012cdf2fa3ba4152d6d6173485c32ca8.php 第 98 行.
NOTIC: [8] Use of undefined constant id - assumed 'id' /webHome/LFWZ000390/www/zc/Zc/Runtime/Cache/012cdf2fa3ba4152d6d6173485c32ca8.php 第 142 行.
SQL: SELECT * FROM `fanwe_news` WHERE ( `id` < '9' ) LIMIT 1   [ RunTime:0.000983s ]
SQL: SELECT * FROM `fanwe_news` WHERE ( `id` > '9' ) LIMIT 1   [ RunTime:0.000806s ]
INFO: ParseTemplate Behavior ::run [ RunTime:0.020343s ]
INFO: [ view_parse ] --END-- [ RunTime:0.020475s ]
INFO: [ view_filter ] --START--
INFO: ContentReplace Behavior ::run [ RunTime:0.000676s ]
INFO: TokenBuild Behavior ::run [ RunTime:0.000607s ]
INFO: WriteHtmlCache Behavior ::run [ RunTime:0.000581s ]
INFO: ShowRuntime Behavior ::run [ RunTime:0.000543s ]
INFO: [ view_filter ] --END-- [ RunTime:0.002693s ]
INFO: [ view_end ] --START--
INFO: ShowPageTrace Behavior ::run [ RunTime:0.000511s ]
INFO: [ view_end ] --END-- [ RunTime:0.000608s ]

[ 2016-05-11T19:55:48+08:00 ] 42.156.254.16 /zc/index.php?a=html&id=8&m=News
INFO: [ app_begin ] --START--
INFO: ReadHtmlCache Behavior ::run [ RunTime:0.000496s ]
INFO: [ app_begin ] --END-- [ RunTime:0.000636s ]
SQL: SHOW COLUMNS FROM `fanwe_nav` [ RunTime:0.002313s ]
SQL: SELECT * FROM `fanwe_nav` ORDER BY sort  [ RunTime:0.001128s ]
SQL: SHOW COLUMNS FROM `fanwe_deal_cate` [ RunTime:0.001731s ]
SQL: SELECT * FROM `fanwe_deal_cate` ORDER BY id  [ RunTime:0.001195s ]
SQL: SHOW COLUMNS FROM `fanwe_deal_keyword` [ RunTime:0.001913s ]
SQL: SELECT * FROM `fanwe_deal_keyword` LIMIT 1   [ RunTime:0.001696s ]
SQL: SHOW COLUMNS FROM `fanwe_news` [ RunTime:0.002914s ]
SQL: SELECT * FROM `fanwe_news` WHERE ( `id` = 8 ) LIMIT 1   [ RunTime:0.004438s ]
INFO: [ view_parse ] --START--
NOTIC: [8] Undefined index: uid /webHome/LFWZ000390/www/zc/Zc/Runtime/Cache/012cdf2fa3ba4152d6d6173485c32ca8.php 第 98 行.
NOTIC: [8] Use of undefined constant id - assumed 'id' /webHome/LFWZ000390/www/zc/Zc/Runtime/Cache/012cdf2fa3ba4152d6d6173485c32ca8.php 第 142 行.
SQL: SELECT * FROM `fanwe_news` WHERE ( `id` < '8' ) LIMIT 1   [ RunTime:0.001947s ]
SQL: SELECT * FROM `fanwe_news` WHERE ( `id` > '8' ) LIMIT 1   [ RunTime:0.001893s ]
INFO: ParseTemplate Behavior ::run [ RunTime:0.029722s ]
INFO: [ view_parse ] --END-- [ RunTime:0.029865s ]
INFO: [ view_filter ] --START--
INFO: ContentReplace Behavior ::run [ RunTime:0.001376s ]
INFO: TokenBuild Behavior ::run [ RunTime:0.001056s ]
INFO: WriteHtmlCache Behavior ::run [ RunTime:0.000478s ]
INFO: ShowRuntime Behavior ::run [ RunTime:0.001817s ]
INFO: [ view_filter ] --END-- [ RunTime:0.005079s ]
INFO: [ view_end ] --START--
INFO: ShowPageTrace Behavior ::run [ RunTime:0.000745s ]
INFO: [ view_end ] --END-- [ RunTime:0.000881s ]

[ 2016-05-11T23:10:38+08:00 ] 193.110.114.156 /zc/index.php?m=Deal&a=show&id=69
INFO: [ app_begin ] --START--
INFO: ReadHtmlCache Behavior ::run [ RunTime:0.000398s ]
INFO: [ app_begin ] --END-- [ RunTime:0.000552s ]
NOTIC: [2048] Declaration of DealAction::show() should be compatible with that of Action::show() /webHome/LFWZ000390/www/zc/Zc/Lib/Action/DealAction.class.php 第 13 行.
SQL: SHOW COLUMNS FROM `fanwe_nav` [ RunTime:0.001449s ]
SQL: SELECT * FROM `fanwe_nav` ORDER BY sort  [ RunTime:0.000771s ]
SQL: SHOW COLUMNS FROM `fanwe_deal_cate` [ RunTime:0.001308s ]
SQL: SELECT * FROM `fanwe_deal_cate` ORDER BY id  [ RunTime:0.000892s ]
SQL: SHOW COLUMNS FROM `fanwe_deal_keyword` [ RunTime:0.001547s ]
SQL: SELECT * FROM `fanwe_deal_keyword` LIMIT 1   [ RunTime:0.000733s ]
NOTIC: [8] Undefined index: uid /webHome/LFWZ000390/www/zc/Zc/Lib/Action/DealAction.class.php 第 18 行.

[ 2016-05-11T23:10:50+08:00 ] 193.110.114.156 /zc/index.php?m=User&a=login
INFO: [ app_begin ] --START--
INFO: ReadHtmlCache Behavior ::run [ RunTime:0.000544s ]
INFO: [ app_begin ] --END-- [ RunTime:0.000674s ]
SQL: SHOW COLUMNS FROM `fanwe_nav` [ RunTime:0.002087s ]
SQL: SELECT * FROM `fanwe_nav` ORDER BY sort  [ RunTime:0.001227s ]
SQL: SHOW COLUMNS FROM `fanwe_deal_cate` [ RunTime:0.001605s ]
SQL: SELECT * FROM `fanwe_deal_cate` ORDER BY id  [ RunTime:0.000904s ]
SQL: SHOW COLUMNS FROM `fanwe_deal_keyword` [ RunTime:0.002747s ]
SQL: SELECT * FROM `fanwe_deal_keyword` LIMIT 1   [ RunTime:0.000720s ]
INFO: [ view_parse ] --START--
NOTIC: [8] Undefined index: uid /webHome/LFWZ000390/www/zc/Zc/Runtime/Cache/42b90be8e9c40e58e803cfb6a2f683e9.php 第 76 行.
INFO: ParseTemplate Behavior ::run [ RunTime:0.016397s ]
INFO: [ view_parse ] --END-- [ RunTime:0.016523s ]
INFO: [ view_filter ] --START--
INFO: ContentReplace Behavior ::run [ RunTime:0.000679s ]
INFO: TokenBuild Behavior ::run [ RunTime:0.000529s ]
INFO: WriteHtmlCache Behavior ::run [ RunTime:0.000452s ]
INFO: ShowRuntime Behavior ::run [ RunTime:0.000597s ]
INFO: [ view_filter ] --END-- [ RunTime:0.002553s ]
INFO: [ view_end ] --START--
INFO: ShowPageTrace Behavior ::run [ RunTime:0.000430s ]
INFO: [ view_end ] --END-- [ RunTime:0.000540s ]

[ 2016-05-11T23:10:53+08:00 ] 193.110.114.156 /zc/index.php?m=News&a=html&id=2
INFO: [ app_begin ] --START--
INFO: ReadHtmlCache Behavior ::run [ RunTime:0.000693s ]
INFO: [ app_begin ] --END-- [ RunTime:0.000987s ]
SQL: SHOW COLUMNS FROM `fanwe_nav` [ RunTime:0.001853s ]
SQL: SELECT * FROM `fanwe_nav` ORDER BY sort  [ RunTime:0.001352s ]
SQL: SHOW COLUMNS FROM `fanwe_deal_cate` [ RunTime:0.001331s ]
SQL: SELECT * FROM `fanwe_deal_cate` ORDER BY id  [ RunTime:0.001389s ]
SQL: SHOW COLUMNS FROM `fanwe_deal_keyword` [ RunTime:0.002177s ]
SQL: SELECT * FROM `fanwe_deal_keyword` LIMIT 1   [ RunTime:0.001158s ]
SQL: SHOW COLUMNS FROM `fanwe_news` [ RunTime:0.002002s ]
SQL: SELECT * FROM `fanwe_news` WHERE ( `id` = 2 ) LIMIT 1   [ RunTime:0.001440s ]
INFO: [ view_parse ] --START--
NOTIC: [8] Undefined index: uid /webHome/LFWZ000390/www/zc/Zc/Runtime/Cache/012cdf2fa3ba4152d6d6173485c32ca8.php 第 98 行.
NOTIC: [8] Use of undefined constant id - assumed 'id' /webHome/LFWZ000390/www/zc/Zc/Runtime/Cache/012cdf2fa3ba4152d6d6173485c32ca8.php 第 142 行.
SQL: SELECT * FROM `fanwe_news` WHERE ( `id` < '2' ) LIMIT 1   [ RunTime:0.001102s ]
SQL: SELECT * FROM `fanwe_news` WHERE ( `id` > '2' ) LIMIT 1   [ RunTime:0.000634s ]
INFO: ParseTemplate Behavior ::run [ RunTime:0.020930s ]
INFO: [ view_parse ] --END-- [ RunTime:0.021453s ]
INFO: [ view_filter ] --START--
INFO: ContentReplace Behavior ::run [ RunTime:0.000721s ]
INFO: TokenBuild Behavior ::run [ RunTime:0.000462s ]
INFO: WriteHtmlCache Behavior ::run [ RunTime:0.000478s ]
INFO: ShowRuntime Behavior ::run [ RunTime:0.000466s ]
INFO: [ view_filter ] --END-- [ RunTime:0.002426s ]
INFO: [ view_end ] --START--
INFO: ShowPageTrace Behavior ::run [ RunTime:0.000444s ]
INFO: [ view_end ] --END-- [ RunTime:0.000538s ]

