[ 2016-05-22T03:56:00+08:00 ] 91.198.143.120 /zc/index.php?m=news&a=html&id=1
INFO: [ app_begin ] --START--
INFO: ReadHtmlCache Behavior ::run [ RunTime:0.000551s ]
INFO: [ app_begin ] --END-- [ RunTime:0.000675s ]
ERR: 无法加载模块:news

[ 2016-05-22T11:18:30+08:00 ] 182.118.25.219 /zc/index.php?a=html&id=27&m=News
INFO: [ app_begin ] --START--
INFO: ReadHtmlCache Behavior ::run [ RunTime:0.000446s ]
INFO: [ app_begin ] --END-- [ RunTime:0.000692s ]
SQL: SHOW COLUMNS FROM `fanwe_nav` [ RunTime:0.001426s ]
SQL: SELECT * FROM `fanwe_nav` ORDER BY sort  [ RunTime:0.009828s ]
SQL: SHOW COLUMNS FROM `fanwe_deal_cate` [ RunTime:0.001633s ]
SQL: SELECT * FROM `fanwe_deal_cate` ORDER BY id  [ RunTime:0.006676s ]
SQL: SHOW COLUMNS FROM `fanwe_deal_keyword` [ RunTime:0.001174s ]
SQL: SELECT * FROM `fanwe_deal_keyword` LIMIT 1   [ RunTime:0.002125s ]
SQL: SHOW COLUMNS FROM `fanwe_news` [ RunTime:0.001215s ]
SQL: SELECT * FROM `fanwe_news` WHERE ( `id` = 27 ) LIMIT 1   [ RunTime:0.000401s ]
INFO: [ view_parse ] --START--
NOTIC: [8] Undefined index: uid /webHome/LFWZ000390/www/zc/Zc/Runtime/Cache/012cdf2fa3ba4152d6d6173485c32ca8.php 第 98 行.
NOTIC: [8] Use of undefined constant id - assumed 'id' /webHome/LFWZ000390/www/zc/Zc/Runtime/Cache/012cdf2fa3ba4152d6d6173485c32ca8.php 第 142 行.
SQL: SELECT * FROM `fanwe_news` WHERE ( `id` < null ) LIMIT 1   [ RunTime:0.000950s ]
SQL: SELECT * FROM `fanwe_news` WHERE ( `id` > null ) LIMIT 1   [ RunTime:0.000555s ]
INFO: ParseTemplate Behavior ::run [ RunTime:0.009560s ]
INFO: [ view_parse ] --END-- [ RunTime:0.009627s ]
INFO: [ view_filter ] --START--
INFO: ContentReplace Behavior ::run [ RunTime:0.000385s ]
INFO: TokenBuild Behavior ::run [ RunTime:0.000275s ]
INFO: WriteHtmlCache Behavior ::run [ RunTime:0.000202s ]
INFO: ShowRuntime Behavior ::run [ RunTime:0.000239s ]
INFO: [ view_filter ] --END-- [ RunTime:0.001268s ]
INFO: [ view_end ] --START--
INFO: ShowPageTrace Behavior ::run [ RunTime:0.000221s ]
INFO: [ view_end ] --END-- [ RunTime:0.000268s ]

[ 2016-05-22T22:20:45+08:00 ] 101.226.167.218 /zc/index.php?a=html&id=6&m=News
INFO: [ app_begin ] --START--
INFO: ReadHtmlCache Behavior ::run [ RunTime:0.000521s ]
INFO: [ app_begin ] --END-- [ RunTime:0.000725s ]
SQL: SHOW COLUMNS FROM `fanwe_nav` [ RunTime:0.001943s ]
SQL: SELECT * FROM `fanwe_nav` ORDER BY sort  [ RunTime:0.000714s ]
SQL: SHOW COLUMNS FROM `fanwe_deal_cate` [ RunTime:0.001312s ]
SQL: SELECT * FROM `fanwe_deal_cate` ORDER BY id  [ RunTime:0.000685s ]
SQL: SHOW COLUMNS FROM `fanwe_deal_keyword` [ RunTime:0.001885s ]
SQL: SELECT * FROM `fanwe_deal_keyword` LIMIT 1   [ RunTime:0.000745s ]
SQL: SHOW COLUMNS FROM `fanwe_news` [ RunTime:0.001837s ]
SQL: SELECT * FROM `fanwe_news` WHERE ( `id` = 6 ) LIMIT 1   [ RunTime:0.007195s ]
INFO: [ view_parse ] --START--
NOTIC: [8] Undefined index: uid /webHome/LFWZ000390/www/zc/Zc/Runtime/Cache/012cdf2fa3ba4152d6d6173485c32ca8.php 第 98 行.
NOTIC: [8] Use of undefined constant id - assumed 'id' /webHome/LFWZ000390/www/zc/Zc/Runtime/Cache/012cdf2fa3ba4152d6d6173485c32ca8.php 第 142 行.
SQL: SELECT * FROM `fanwe_news` WHERE ( `id` < '6' ) LIMIT 1   [ RunTime:0.010029s ]
SQL: SELECT * FROM `fanwe_news` WHERE ( `id` > '6' ) LIMIT 1   [ RunTime:0.001328s ]
INFO: ParseTemplate Behavior ::run [ RunTime:0.029737s ]
INFO: [ view_parse ] --END-- [ RunTime:0.029871s ]
INFO: [ view_filter ] --START--
INFO: ContentReplace Behavior ::run [ RunTime:0.000690s ]
INFO: TokenBuild Behavior ::run [ RunTime:0.000496s ]
INFO: WriteHtmlCache Behavior ::run [ RunTime:0.000421s ]
INFO: ShowRuntime Behavior ::run [ RunTime:0.000509s ]
INFO: [ view_filter ] --END-- [ RunTime:0.002460s ]
INFO: [ view_end ] --START--
INFO: ShowPageTrace Behavior ::run [ RunTime:0.000475s ]
INFO: [ view_end ] --END-- [ RunTime:0.000601s ]

