[ 2016-01-11T03:06:31+08:00 ] 69.30.213.138 /zc/index.php?m=News&a=html&id=8
INFO: [ app_begin ] --START--
INFO: ReadHtmlCache Behavior ::run [ RunTime:0.000515s ]
INFO: [ app_begin ] --END-- [ RunTime:0.000695s ]
SQL: SHOW COLUMNS FROM `fanwe_nav` [ RunTime:0.002902s ]
SQL: SELECT * FROM `fanwe_nav` ORDER BY sort  [ RunTime:0.004662s ]
SQL: SHOW COLUMNS FROM `fanwe_deal_cate` [ RunTime:0.001508s ]
SQL: SELECT * FROM `fanwe_deal_cate` ORDER BY id  [ RunTime:0.010118s ]
SQL: SHOW COLUMNS FROM `fanwe_deal_keyword` [ RunTime:0.002095s ]
SQL: SELECT * FROM `fanwe_deal_keyword` LIMIT 1   [ RunTime:0.007691s ]
SQL: SHOW COLUMNS FROM `fanwe_news` [ RunTime:0.003012s ]
SQL: SELECT * FROM `fanwe_news` WHERE ( `id` = 8 ) LIMIT 1   [ RunTime:0.017192s ]
INFO: [ view_parse ] --START--
NOTIC: [8] Undefined index: uid /webHome/LFWZ000390/www/zc/Zc/Runtime/Cache/012cdf2fa3ba4152d6d6173485c32ca8.php 第 98 行.
NOTIC: [8] Use of undefined constant id - assumed 'id' /webHome/LFWZ000390/www/zc/Zc/Runtime/Cache/012cdf2fa3ba4152d6d6173485c32ca8.php 第 142 行.
SQL: SELECT * FROM `fanwe_news` WHERE ( `id` < '8' ) LIMIT 1   [ RunTime:0.003364s ]
SQL: SELECT * FROM `fanwe_news` WHERE ( `id` > '8' ) LIMIT 1   [ RunTime:0.001812s ]
INFO: ParseTemplate Behavior ::run [ RunTime:0.025397s ]
INFO: [ view_parse ] --END-- [ RunTime:0.025573s ]
INFO: [ view_filter ] --START--
INFO: ContentReplace Behavior ::run [ RunTime:0.001073s ]
INFO: TokenBuild Behavior ::run [ RunTime:0.000457s ]
INFO: WriteHtmlCache Behavior ::run [ RunTime:0.000454s ]
INFO: ShowRuntime Behavior ::run [ RunTime:0.000459s ]
INFO: [ view_filter ] --END-- [ RunTime:0.002786s ]
INFO: [ view_end ] --START--
INFO: ShowPageTrace Behavior ::run [ RunTime:0.000414s ]
INFO: [ view_end ] --END-- [ RunTime:0.000512s ]

[ 2016-01-11T03:06:37+08:00 ] 69.30.213.138 /zc/index.php?m=News&a=html&id=9
INFO: [ app_begin ] --START--
INFO: ReadHtmlCache Behavior ::run [ RunTime:0.000539s ]
INFO: [ app_begin ] --END-- [ RunTime:0.000698s ]
SQL: SHOW COLUMNS FROM `fanwe_nav` [ RunTime:0.002675s ]
SQL: SELECT * FROM `fanwe_nav` ORDER BY sort  [ RunTime:0.001258s ]
SQL: SHOW COLUMNS FROM `fanwe_deal_cate` [ RunTime:0.001784s ]
SQL: SELECT * FROM `fanwe_deal_cate` ORDER BY id  [ RunTime:0.000869s ]
SQL: SHOW COLUMNS FROM `fanwe_deal_keyword` [ RunTime:0.001311s ]
SQL: SELECT * FROM `fanwe_deal_keyword` LIMIT 1   [ RunTime:0.000853s ]
SQL: SHOW COLUMNS FROM `fanwe_news` [ RunTime:0.001513s ]
SQL: SELECT * FROM `fanwe_news` WHERE ( `id` = 9 ) LIMIT 1   [ RunTime:0.001994s ]
INFO: [ view_parse ] --START--
NOTIC: [8] Undefined index: uid /webHome/LFWZ000390/www/zc/Zc/Runtime/Cache/012cdf2fa3ba4152d6d6173485c32ca8.php 第 98 行.
NOTIC: [8] Use of undefined constant id - assumed 'id' /webHome/LFWZ000390/www/zc/Zc/Runtime/Cache/012cdf2fa3ba4152d6d6173485c32ca8.php 第 142 行.
SQL: SELECT * FROM `fanwe_news` WHERE ( `id` < '9' ) LIMIT 1   [ RunTime:0.001813s ]
SQL: SELECT * FROM `fanwe_news` WHERE ( `id` > '9' ) LIMIT 1   [ RunTime:0.001486s ]
INFO: ParseTemplate Behavior ::run [ RunTime:0.022711s ]
INFO: [ view_parse ] --END-- [ RunTime:0.022863s ]
INFO: [ view_filter ] --START--
INFO: ContentReplace Behavior ::run [ RunTime:0.000742s ]
INFO: TokenBuild Behavior ::run [ RunTime:0.000502s ]
INFO: WriteHtmlCache Behavior ::run [ RunTime:0.000453s ]
INFO: ShowRuntime Behavior ::run [ RunTime:0.000530s ]
INFO: [ view_filter ] --END-- [ RunTime:0.002583s ]
INFO: [ view_end ] --START--
INFO: ShowPageTrace Behavior ::run [ RunTime:0.000469s ]
INFO: [ view_end ] --END-- [ RunTime:0.000560s ]

[ 2016-01-11T07:18:25+08:00 ] 66.249.65.85 /zc/index.php?m=News&a=html&id=30
INFO: [ app_begin ] --START--
INFO: ReadHtmlCache Behavior ::run [ RunTime:0.000515s ]
INFO: [ app_begin ] --END-- [ RunTime:0.000645s ]
SQL: SHOW COLUMNS FROM `fanwe_nav` [ RunTime:0.001847s ]
SQL: SELECT * FROM `fanwe_nav` ORDER BY sort  [ RunTime:0.000501s ]
SQL: SHOW COLUMNS FROM `fanwe_deal_cate` [ RunTime:0.001402s ]
SQL: SELECT * FROM `fanwe_deal_cate` ORDER BY id  [ RunTime:0.000853s ]
SQL: SHOW COLUMNS FROM `fanwe_deal_keyword` [ RunTime:0.002491s ]
SQL: SELECT * FROM `fanwe_deal_keyword` LIMIT 1   [ RunTime:0.000923s ]
SQL: SHOW COLUMNS FROM `fanwe_news` [ RunTime:0.001717s ]
SQL: SELECT * FROM `fanwe_news` WHERE ( `id` = 30 ) LIMIT 1   [ RunTime:0.000802s ]
INFO: [ view_parse ] --START--
NOTIC: [8] Undefined index: uid /webHome/LFWZ000390/www/zc/Zc/Runtime/Cache/012cdf2fa3ba4152d6d6173485c32ca8.php 第 98 行.
NOTIC: [8] Use of undefined constant id - assumed 'id' /webHome/LFWZ000390/www/zc/Zc/Runtime/Cache/012cdf2fa3ba4152d6d6173485c32ca8.php 第 142 行.
SQL: SELECT * FROM `fanwe_news` WHERE ( `id` < null ) LIMIT 1   [ RunTime:0.001037s ]
SQL: SELECT * FROM `fanwe_news` WHERE ( `id` > null ) LIMIT 1   [ RunTime:0.000817s ]
INFO: ParseTemplate Behavior ::run [ RunTime:0.020638s ]
INFO: [ view_parse ] --END-- [ RunTime:0.020760s ]
INFO: [ view_filter ] --START--
INFO: ContentReplace Behavior ::run [ RunTime:0.000669s ]
INFO: TokenBuild Behavior ::run [ RunTime:0.000554s ]
INFO: WriteHtmlCache Behavior ::run [ RunTime:0.000407s ]
INFO: ShowRuntime Behavior ::run [ RunTime:0.000555s ]
INFO: [ view_filter ] --END-- [ RunTime:0.002496s ]
INFO: [ view_end ] --START--
INFO: ShowPageTrace Behavior ::run [ RunTime:0.000676s ]
INFO: [ view_end ] --END-- [ RunTime:0.000768s ]

