[ 2016-06-24T08:50:03+08:00 ] 127.0.0.1 /
INFO: [ app_init ] --START--
INFO: Run Behavior\BuildLiteBehavior [ RunTime:0.000000s ]
INFO: [ app_init ] --END-- [ RunTime:0.000000s ]
INFO: [ app_begin ] --START--
INFO: Run Behavior\ReadHtmlCacheBehavior [ RunTime:0.000000s ]
INFO: [ app_begin ] --END-- [ RunTime:0.000000s ]
SQL: SHOW COLUMNS FROM `wlm_news` [ RunTime:0.0156s ]
SQL: SELECT * FROM `wlm_news` ORDER BY create_time desc  [ RunTime:0.0938s ]
SQL: SHOW COLUMNS FROM `wlm_article` [ RunTime:0.0156s ]
SQL: SELECT * FROM `wlm_article` WHERE ( id = 24 ) LIMIT 1   [ RunTime:0.0156s ]
SQL: SHOW COLUMNS FROM `wlm_img` [ RunTime:0.0156s ]
SQL: SELECT * FROM `wlm_img`  [ RunTime:0.0156s ]
SQL: SHOW COLUMNS FROM `wlm_flash` [ RunTime:0.0000s ]
SQL: SELECT * FROM `wlm_flash`  [ RunTime:0.0000s ]
INFO: [ view_parse ] --START--
INFO: [ template_filter ] --START--
INFO: Run Behavior\ContentReplaceBehavior [ RunTime:0.000000s ]
INFO: [ template_filter ] --END-- [ RunTime:0.000000s ]
INFO: Run Behavior\ParseTemplateBehavior [ RunTime:0.031250s ]
INFO: [ view_parse ] --END-- [ RunTime:0.031250s ]
INFO: [ view_filter ] --START--
INFO: Run Behavior\WriteHtmlCacheBehavior [ RunTime:0.000000s ]
INFO: [ view_filter ] --END-- [ RunTime:0.000000s ]
INFO: [ app_end ] --START--
INFO: Run Behavior\ShowPageTraceBehavior [ RunTime:0.015625s ]
INFO: [ app_end ] --END-- [ RunTime:0.015625s ]

[ 2016-06-24T08:50:11+08:00 ] 127.0.0.1 /index.php?s=/Article/show/type/4.html
INFO: [ app_init ] --START--
INFO: Run Behavior\BuildLiteBehavior [ RunTime:0.000000s ]
INFO: [ app_init ] --END-- [ RunTime:0.000000s ]
INFO: [ app_begin ] --START--
INFO: Run Behavior\ReadHtmlCacheBehavior [ RunTime:0.000000s ]
INFO: [ app_begin ] --END-- [ RunTime:0.000000s ]
NOTIC: [2048] Declaration of Home\Controller\ArticleController::show() should be compatible with Think\Controller::show($content, $charset = '', $contentType = '', $prefix = '') D:\wamp\www\Application\Home\Controller\ArticleController.class.php 第 7 行.
SQL: SHOW COLUMNS FROM `wlm_article` [ RunTime:0.0156s ]
SQL: SELECT * FROM `wlm_article` WHERE ( type=4 ) ORDER BY time desc LIMIT 1   [ RunTime:0.0156s ]
SQL: SELECT * FROM `wlm_article` WHERE ( type=4 ) ORDER BY time desc LIMIT 10   [ RunTime:0.0313s ]
INFO: [ view_parse ] --START--
INFO: [ template_filter ] --START--
INFO: Run Behavior\ContentReplaceBehavior [ RunTime:0.000000s ]
INFO: [ template_filter ] --END-- [ RunTime:0.000000s ]
NOTIC: [8] Undefined variable: title D:\wamp\www\Application\Runtime\Cache\Home\a79d9f0c35e9eb55230da039a2581632.php 第 75 行.
INFO: Run Behavior\ParseTemplateBehavior [ RunTime:0.031250s ]
INFO: [ view_parse ] --END-- [ RunTime:0.031250s ]
INFO: [ view_filter ] --START--
INFO: Run Behavior\WriteHtmlCacheBehavior [ RunTime:0.000000s ]
INFO: [ view_filter ] --END-- [ RunTime:0.000000s ]
INFO: [ app_end ] --START--
INFO: Run Behavior\ShowPageTraceBehavior [ RunTime:0.000000s ]
INFO: [ app_end ] --END-- [ RunTime:0.000000s ]

[ 2016-06-24T08:50:32+08:00 ] 127.0.0.1 /index.php?s=/Article/show/id/35/type/4.html
INFO: [ app_init ] --START--
INFO: Run Behavior\BuildLiteBehavior [ RunTime:0.000000s ]
INFO: [ app_init ] --END-- [ RunTime:0.000000s ]
INFO: [ app_begin ] --START--
INFO: Run Behavior\ReadHtmlCacheBehavior [ RunTime:0.000000s ]
INFO: [ app_begin ] --END-- [ RunTime:0.000000s ]
NOTIC: [2048] Declaration of Home\Controller\ArticleController::show() should be compatible with Think\Controller::show($content, $charset = '', $contentType = '', $prefix = '') D:\wamp\www\Application\Home\Controller\ArticleController.class.php 第 7 行.
SQL: SHOW COLUMNS FROM `wlm_article` [ RunTime:0.0156s ]
SQL: SELECT * FROM `wlm_article` WHERE ( id=35 ) LIMIT 1   [ RunTime:0.0156s ]
SQL: SELECT * FROM `wlm_article` WHERE ( type=4 ) ORDER BY time desc LIMIT 10   [ RunTime:0.0313s ]
INFO: [ view_parse ] --START--
INFO: [ template_filter ] --START--
INFO: Run Behavior\ContentReplaceBehavior [ RunTime:0.000000s ]
INFO: [ template_filter ] --END-- [ RunTime:0.000000s ]
NOTIC: [8] Undefined variable: title D:\wamp\www\Application\Runtime\Cache\Home\a79d9f0c35e9eb55230da039a2581632.php 第 75 行.
INFO: Run Behavior\ParseTemplateBehavior [ RunTime:0.015625s ]
INFO: [ view_parse ] --END-- [ RunTime:0.015625s ]
INFO: [ view_filter ] --START--
INFO: Run Behavior\WriteHtmlCacheBehavior [ RunTime:0.015625s ]
INFO: [ view_filter ] --END-- [ RunTime:0.015625s ]
INFO: [ app_end ] --START--
INFO: Run Behavior\ShowPageTraceBehavior [ RunTime:0.000000s ]
INFO: [ app_end ] --END-- [ RunTime:0.000000s ]

[ 2016-06-24T08:50:32+08:00 ] 127.0.0.1 /index.php?s=/Article/show/id/35/type/4.html
INFO: [ app_init ] --START--
INFO: Run Behavior\BuildLiteBehavior [ RunTime:0.000000s ]
INFO: [ app_init ] --END-- [ RunTime:0.000000s ]
INFO: [ app_begin ] --START--
INFO: Run Behavior\ReadHtmlCacheBehavior [ RunTime:0.000000s ]
INFO: [ app_begin ] --END-- [ RunTime:0.000000s ]
NOTIC: [2048] Declaration of Home\Controller\ArticleController::show() should be compatible with Think\Controller::show($content, $charset = '', $contentType = '', $prefix = '') D:\wamp\www\Application\Home\Controller\ArticleController.class.php 第 7 行.
SQL: SHOW COLUMNS FROM `wlm_article` [ RunTime:0.0156s ]
SQL: SELECT * FROM `wlm_article` WHERE ( id=35 ) LIMIT 1   [ RunTime:0.0156s ]
SQL: SELECT * FROM `wlm_article` WHERE ( type=4 ) ORDER BY time desc LIMIT 10   [ RunTime:0.0313s ]
INFO: [ view_parse ] --START--
INFO: [ template_filter ] --START--
INFO: Run Behavior\ContentReplaceBehavior [ RunTime:0.000000s ]
INFO: [ template_filter ] --END-- [ RunTime:0.000000s ]
NOTIC: [8] Undefined variable: title D:\wamp\www\Application\Runtime\Cache\Home\a79d9f0c35e9eb55230da039a2581632.php 第 75 行.
INFO: Run Behavior\ParseTemplateBehavior [ RunTime:0.015625s ]
INFO: [ view_parse ] --END-- [ RunTime:0.015625s ]
INFO: [ view_filter ] --START--
INFO: Run Behavior\WriteHtmlCacheBehavior [ RunTime:0.000000s ]
INFO: [ view_filter ] --END-- [ RunTime:0.000000s ]
INFO: [ app_end ] --START--
INFO: Run Behavior\ShowPageTraceBehavior [ RunTime:0.015625s ]
INFO: [ app_end ] --END-- [ RunTime:0.015625s ]

[ 2016-06-24T08:51:45+08:00 ] 127.0.0.1 /index.php?s=/Article/show/id/34/type/4.html
INFO: [ app_init ] --START--
INFO: Run Behavior\BuildLiteBehavior [ RunTime:0.000000s ]
INFO: [ app_init ] --END-- [ RunTime:0.000000s ]
INFO: [ app_begin ] --START--
INFO: Run Behavior\ReadHtmlCacheBehavior [ RunTime:0.000000s ]
INFO: [ app_begin ] --END-- [ RunTime:0.000000s ]
NOTIC: [2048] Declaration of Home\Controller\ArticleController::show() should be compatible with Think\Controller::show($content, $charset = '', $contentType = '', $prefix = '') D:\wamp\www\Application\Home\Controller\ArticleController.class.php 第 7 行.
SQL: SHOW COLUMNS FROM `wlm_article` [ RunTime:0.0156s ]
SQL: SELECT * FROM `wlm_article` WHERE ( id=34 ) LIMIT 1   [ RunTime:0.0156s ]
SQL: SELECT * FROM `wlm_article` WHERE ( type=4 ) ORDER BY time desc LIMIT 10   [ RunTime:0.0156s ]
INFO: [ view_parse ] --START--
INFO: [ template_filter ] --START--
INFO: Run Behavior\ContentReplaceBehavior [ RunTime:0.000000s ]
INFO: [ template_filter ] --END-- [ RunTime:0.000000s ]
NOTIC: [8] Undefined variable: title D:\wamp\www\Application\Runtime\Cache\Home\a79d9f0c35e9eb55230da039a2581632.php 第 75 行.
INFO: Run Behavior\ParseTemplateBehavior [ RunTime:0.031250s ]
INFO: [ view_parse ] --END-- [ RunTime:0.031250s ]
INFO: [ view_filter ] --START--
INFO: Run Behavior\WriteHtmlCacheBehavior [ RunTime:0.000000s ]
INFO: [ view_filter ] --END-- [ RunTime:0.000000s ]
INFO: [ app_end ] --START--
INFO: Run Behavior\ShowPageTraceBehavior [ RunTime:0.000000s ]
INFO: [ app_end ] --END-- [ RunTime:0.000000s ]

[ 2016-06-24T08:51:45+08:00 ] 127.0.0.1 /index.php?s=/Article/show/id/34/type/4.html
INFO: [ app_init ] --START--
INFO: Run Behavior\BuildLiteBehavior [ RunTime:0.000000s ]
INFO: [ app_init ] --END-- [ RunTime:0.000000s ]
INFO: [ app_begin ] --START--
INFO: Run Behavior\ReadHtmlCacheBehavior [ RunTime:0.015625s ]
INFO: [ app_begin ] --END-- [ RunTime:0.015625s ]
NOTIC: [2048] Declaration of Home\Controller\ArticleController::show() should be compatible with Think\Controller::show($content, $charset = '', $contentType = '', $prefix = '') D:\wamp\www\Application\Home\Controller\ArticleController.class.php 第 7 行.
SQL: SHOW COLUMNS FROM `wlm_article` [ RunTime:0.0313s ]
SQL: SELECT * FROM `wlm_article` WHERE ( id=34 ) LIMIT 1   [ RunTime:0.0000s ]
SQL: SELECT * FROM `wlm_article` WHERE ( type=4 ) ORDER BY time desc LIMIT 10   [ RunTime:0.0781s ]
INFO: [ view_parse ] --START--
INFO: [ template_filter ] --START--
INFO: Run Behavior\ContentReplaceBehavior [ RunTime:0.000000s ]
INFO: [ template_filter ] --END-- [ RunTime:0.000000s ]
NOTIC: [8] Undefined variable: title D:\wamp\www\Application\Runtime\Cache\Home\a79d9f0c35e9eb55230da039a2581632.php 第 75 行.
INFO: Run Behavior\ParseTemplateBehavior [ RunTime:0.015625s ]
INFO: [ view_parse ] --END-- [ RunTime:0.015625s ]
INFO: [ view_filter ] --START--
INFO: Run Behavior\WriteHtmlCacheBehavior [ RunTime:0.015625s ]
INFO: [ view_filter ] --END-- [ RunTime:0.015625s ]
INFO: [ app_end ] --START--
INFO: Run Behavior\ShowPageTraceBehavior [ RunTime:0.000000s ]
INFO: [ app_end ] --END-- [ RunTime:0.000000s ]

[ 2016-06-24T08:51:46+08:00 ] 127.0.0.1 /index.php?s=/Article/show/id/21/type/4.html
INFO: [ app_init ] --START--
INFO: Run Behavior\BuildLiteBehavior [ RunTime:0.000000s ]
INFO: [ app_init ] --END-- [ RunTime:0.000000s ]
INFO: [ app_begin ] --START--
INFO: Run Behavior\ReadHtmlCacheBehavior [ RunTime:0.000000s ]
INFO: [ app_begin ] --END-- [ RunTime:0.000000s ]
NOTIC: [2048] Declaration of Home\Controller\ArticleController::show() should be compatible with Think\Controller::show($content, $charset = '', $contentType = '', $prefix = '') D:\wamp\www\Application\Home\Controller\ArticleController.class.php 第 7 行.
SQL: SHOW COLUMNS FROM `wlm_article` [ RunTime:0.0156s ]
SQL: SELECT * FROM `wlm_article` WHERE ( id=21 ) LIMIT 1   [ RunTime:0.0156s ]
SQL: SELECT * FROM `wlm_article` WHERE ( type=4 ) ORDER BY time desc LIMIT 10   [ RunTime:0.0313s ]
INFO: [ view_parse ] --START--
INFO: [ template_filter ] --START--
INFO: Run Behavior\ContentReplaceBehavior [ RunTime:0.000000s ]
INFO: [ template_filter ] --END-- [ RunTime:0.000000s ]
NOTIC: [8] Undefined variable: title D:\wamp\www\Application\Runtime\Cache\Home\a79d9f0c35e9eb55230da039a2581632.php 第 75 行.
INFO: Run Behavior\ParseTemplateBehavior [ RunTime:0.031250s ]
INFO: [ view_parse ] --END-- [ RunTime:0.031250s ]
INFO: [ view_filter ] --START--
INFO: Run Behavior\WriteHtmlCacheBehavior [ RunTime:0.000000s ]
INFO: [ view_filter ] --END-- [ RunTime:0.000000s ]
INFO: [ app_end ] --START--
INFO: Run Behavior\ShowPageTraceBehavior [ RunTime:0.000000s ]
INFO: [ app_end ] --END-- [ RunTime:0.000000s ]

[ 2016-06-24T08:51:46+08:00 ] 127.0.0.1 /index.php?s=/Article/show/id/21/type/4.html
INFO: [ app_init ] --START--
INFO: Run Behavior\BuildLiteBehavior [ RunTime:0.000000s ]
INFO: [ app_init ] --END-- [ RunTime:0.000000s ]
INFO: [ app_begin ] --START--
INFO: Run Behavior\ReadHtmlCacheBehavior [ RunTime:0.000000s ]
INFO: [ app_begin ] --END-- [ RunTime:0.000000s ]
NOTIC: [2048] Declaration of Home\Controller\ArticleController::show() should be compatible with Think\Controller::show($content, $charset = '', $contentType = '', $prefix = '') D:\wamp\www\Application\Home\Controller\ArticleController.class.php 第 7 行.
SQL: SHOW COLUMNS FROM `wlm_article` [ RunTime:0.0156s ]
SQL: SELECT * FROM `wlm_article` WHERE ( id=21 ) LIMIT 1   [ RunTime:0.0156s ]
SQL: SELECT * FROM `wlm_article` WHERE ( type=4 ) ORDER BY time desc LIMIT 10   [ RunTime:0.0313s ]
INFO: [ view_parse ] --START--
INFO: [ template_filter ] --START--
INFO: Run Behavior\ContentReplaceBehavior [ RunTime:0.000000s ]
INFO: [ template_filter ] --END-- [ RunTime:0.000000s ]
NOTIC: [8] Undefined variable: title D:\wamp\www\Application\Runtime\Cache\Home\a79d9f0c35e9eb55230da039a2581632.php 第 75 行.
INFO: Run Behavior\ParseTemplateBehavior [ RunTime:0.031250s ]
INFO: [ view_parse ] --END-- [ RunTime:0.031250s ]
INFO: [ view_filter ] --START--
INFO: Run Behavior\WriteHtmlCacheBehavior [ RunTime:0.000000s ]
INFO: [ view_filter ] --END-- [ RunTime:0.000000s ]
INFO: [ app_end ] --START--
INFO: Run Behavior\ShowPageTraceBehavior [ RunTime:0.000000s ]
INFO: [ app_end ] --END-- [ RunTime:0.000000s ]

[ 2016-06-24T08:51:46+08:00 ] 127.0.0.1 /index.php?s=/Article/show/id/20/type/4.html
INFO: [ app_init ] --START--
INFO: Run Behavior\BuildLiteBehavior [ RunTime:0.000000s ]
INFO: [ app_init ] --END-- [ RunTime:0.015625s ]
INFO: [ app_begin ] --START--
INFO: Run Behavior\ReadHtmlCacheBehavior [ RunTime:0.000000s ]
INFO: [ app_begin ] --END-- [ RunTime:0.000000s ]
NOTIC: [2048] Declaration of Home\Controller\ArticleController::show() should be compatible with Think\Controller::show($content, $charset = '', $contentType = '', $prefix = '') D:\wamp\www\Application\Home\Controller\ArticleController.class.php 第 7 行.
SQL: SHOW COLUMNS FROM `wlm_article` [ RunTime:0.0156s ]
SQL: SELECT * FROM `wlm_article` WHERE ( id=20 ) LIMIT 1   [ RunTime:0.0156s ]
SQL: SELECT * FROM `wlm_article` WHERE ( type=4 ) ORDER BY time desc LIMIT 10   [ RunTime:0.0156s ]
INFO: [ view_parse ] --START--
INFO: [ template_filter ] --START--
INFO: Run Behavior\ContentReplaceBehavior [ RunTime:0.000000s ]
INFO: [ template_filter ] --END-- [ RunTime:0.000000s ]
NOTIC: [8] Undefined variable: title D:\wamp\www\Application\Runtime\Cache\Home\a79d9f0c35e9eb55230da039a2581632.php 第 75 行.
INFO: Run Behavior\ParseTemplateBehavior [ RunTime:0.031250s ]
INFO: [ view_parse ] --END-- [ RunTime:0.031250s ]
INFO: [ view_filter ] --START--
INFO: Run Behavior\WriteHtmlCacheBehavior [ RunTime:0.000000s ]
INFO: [ view_filter ] --END-- [ RunTime:0.000000s ]
INFO: [ app_end ] --START--
INFO: Run Behavior\ShowPageTraceBehavior [ RunTime:0.000000s ]
INFO: [ app_end ] --END-- [ RunTime:0.000000s ]

[ 2016-06-24T08:51:48+08:00 ] 127.0.0.1 /index.php?s=/Article/show/id/23/type/4.html
INFO: [ app_init ] --START--
INFO: Run Behavior\BuildLiteBehavior [ RunTime:0.000000s ]
INFO: [ app_init ] --END-- [ RunTime:0.000000s ]
INFO: [ app_begin ] --START--
INFO: Run Behavior\ReadHtmlCacheBehavior [ RunTime:0.000000s ]
INFO: [ app_begin ] --END-- [ RunTime:0.000000s ]
NOTIC: [2048] Declaration of Home\Controller\ArticleController::show() should be compatible with Think\Controller::show($content, $charset = '', $contentType = '', $prefix = '') D:\wamp\www\Application\Home\Controller\ArticleController.class.php 第 7 行.
SQL: SHOW COLUMNS FROM `wlm_article` [ RunTime:0.0156s ]
SQL: SELECT * FROM `wlm_article` WHERE ( id=23 ) LIMIT 1   [ RunTime:0.0156s ]
SQL: SELECT * FROM `wlm_article` WHERE ( type=4 ) ORDER BY time desc LIMIT 10   [ RunTime:0.0156s ]
INFO: [ view_parse ] --START--
INFO: [ template_filter ] --START--
INFO: Run Behavior\ContentReplaceBehavior [ RunTime:0.000000s ]
INFO: [ template_filter ] --END-- [ RunTime:0.000000s ]
NOTIC: [8] Undefined variable: title D:\wamp\www\Application\Runtime\Cache\Home\a79d9f0c35e9eb55230da039a2581632.php 第 75 行.
INFO: Run Behavior\ParseTemplateBehavior [ RunTime:0.031250s ]
INFO: [ view_parse ] --END-- [ RunTime:0.031250s ]
INFO: [ view_filter ] --START--
INFO: Run Behavior\WriteHtmlCacheBehavior [ RunTime:0.000000s ]
INFO: [ view_filter ] --END-- [ RunTime:0.000000s ]
INFO: [ app_end ] --START--
INFO: Run Behavior\ShowPageTraceBehavior [ RunTime:0.015625s ]
INFO: [ app_end ] --END-- [ RunTime:0.015625s ]

[ 2016-06-24T08:51:48+08:00 ] 127.0.0.1 /index.php?s=/Article/show/id/23/type/4.html
INFO: [ app_init ] --START--
INFO: Run Behavior\BuildLiteBehavior [ RunTime:0.000000s ]
INFO: [ app_init ] --END-- [ RunTime:0.000000s ]
INFO: [ app_begin ] --START--
INFO: Run Behavior\ReadHtmlCacheBehavior [ RunTime:0.000000s ]
INFO: [ app_begin ] --END-- [ RunTime:0.000000s ]
NOTIC: [2048] Declaration of Home\Controller\ArticleController::show() should be compatible with Think\Controller::show($content, $charset = '', $contentType = '', $prefix = '') D:\wamp\www\Application\Home\Controller\ArticleController.class.php 第 7 行.
SQL: SHOW COLUMNS FROM `wlm_article` [ RunTime:0.0156s ]
SQL: SELECT * FROM `wlm_article` WHERE ( id=23 ) LIMIT 1   [ RunTime:0.0156s ]
SQL: SELECT * FROM `wlm_article` WHERE ( type=4 ) ORDER BY time desc LIMIT 10   [ RunTime:0.0313s ]
INFO: [ view_parse ] --START--
INFO: [ template_filter ] --START--
INFO: Run Behavior\ContentReplaceBehavior [ RunTime:0.000000s ]
INFO: [ template_filter ] --END-- [ RunTime:0.000000s ]
NOTIC: [8] Undefined variable: title D:\wamp\www\Application\Runtime\Cache\Home\a79d9f0c35e9eb55230da039a2581632.php 第 75 行.
INFO: Run Behavior\ParseTemplateBehavior [ RunTime:0.015625s ]
INFO: [ view_parse ] --END-- [ RunTime:0.015625s ]
INFO: [ view_filter ] --START--
INFO: Run Behavior\WriteHtmlCacheBehavior [ RunTime:0.000000s ]
INFO: [ view_filter ] --END-- [ RunTime:0.000000s ]
INFO: [ app_end ] --START--
INFO: Run Behavior\ShowPageTraceBehavior [ RunTime:0.000000s ]
INFO: [ app_end ] --END-- [ RunTime:0.015625s ]

[ 2016-06-24T08:51:50+08:00 ] 127.0.0.1 /index.php?s=/Article/show/id/20/type/4.html
INFO: [ app_init ] --START--
INFO: Run Behavior\BuildLiteBehavior [ RunTime:0.000000s ]
INFO: [ app_init ] --END-- [ RunTime:0.000000s ]
INFO: [ app_begin ] --START--
INFO: Run Behavior\ReadHtmlCacheBehavior [ RunTime:0.000000s ]
INFO: [ app_begin ] --END-- [ RunTime:0.000000s ]
NOTIC: [2048] Declaration of Home\Controller\ArticleController::show() should be compatible with Think\Controller::show($content, $charset = '', $contentType = '', $prefix = '') D:\wamp\www\Application\Home\Controller\ArticleController.class.php 第 7 行.
SQL: SHOW COLUMNS FROM `wlm_article` [ RunTime:0.0156s ]
SQL: SELECT * FROM `wlm_article` WHERE ( id=20 ) LIMIT 1   [ RunTime:0.0156s ]
SQL: SELECT * FROM `wlm_article` WHERE ( type=4 ) ORDER BY time desc LIMIT 10   [ RunTime:0.0156s ]
INFO: [ view_parse ] --START--
INFO: [ template_filter ] --START--
INFO: Run Behavior\ContentReplaceBehavior [ RunTime:0.000000s ]
INFO: [ template_filter ] --END-- [ RunTime:0.000000s ]
NOTIC: [8] Undefined variable: title D:\wamp\www\Application\Runtime\Cache\Home\a79d9f0c35e9eb55230da039a2581632.php 第 75 行.
INFO: Run Behavior\ParseTemplateBehavior [ RunTime:0.015625s ]
INFO: [ view_parse ] --END-- [ RunTime:0.015625s ]
INFO: [ view_filter ] --START--
INFO: Run Behavior\WriteHtmlCacheBehavior [ RunTime:0.000000s ]
INFO: [ view_filter ] --END-- [ RunTime:0.000000s ]
INFO: [ app_end ] --START--
INFO: Run Behavior\ShowPageTraceBehavior [ RunTime:0.000000s ]
INFO: [ app_end ] --END-- [ RunTime:0.000000s ]

[ 2016-06-24T08:51:50+08:00 ] 127.0.0.1 /index.php?s=/Article/show/id/20/type/4.html
INFO: [ app_init ] --START--
INFO: Run Behavior\BuildLiteBehavior [ RunTime:0.000000s ]
INFO: [ app_init ] --END-- [ RunTime:0.000000s ]
INFO: [ app_begin ] --START--
INFO: Run Behavior\ReadHtmlCacheBehavior [ RunTime:0.000000s ]
INFO: [ app_begin ] --END-- [ RunTime:0.000000s ]
NOTIC: [2048] Declaration of Home\Controller\ArticleController::show() should be compatible with Think\Controller::show($content, $charset = '', $contentType = '', $prefix = '') D:\wamp\www\Application\Home\Controller\ArticleController.class.php 第 7 行.
SQL: SHOW COLUMNS FROM `wlm_article` [ RunTime:0.0156s ]
SQL: SELECT * FROM `wlm_article` WHERE ( id=20 ) LIMIT 1   [ RunTime:0.0156s ]
SQL: SELECT * FROM `wlm_article` WHERE ( type=4 ) ORDER BY time desc LIMIT 10   [ RunTime:0.0313s ]
INFO: [ view_parse ] --START--
INFO: [ template_filter ] --START--
INFO: Run Behavior\ContentReplaceBehavior [ RunTime:0.000000s ]
INFO: [ template_filter ] --END-- [ RunTime:0.015625s ]
NOTIC: [8] Undefined variable: title D:\wamp\www\Application\Runtime\Cache\Home\a79d9f0c35e9eb55230da039a2581632.php 第 75 行.
INFO: Run Behavior\ParseTemplateBehavior [ RunTime:0.031250s ]
INFO: [ view_parse ] --END-- [ RunTime:0.031250s ]
INFO: [ view_filter ] --START--
INFO: Run Behavior\WriteHtmlCacheBehavior [ RunTime:0.000000s ]
INFO: [ view_filter ] --END-- [ RunTime:0.000000s ]
INFO: [ app_end ] --START--
INFO: Run Behavior\ShowPageTraceBehavior [ RunTime:0.000000s ]
INFO: [ app_end ] --END-- [ RunTime:0.000000s ]

[ 2016-06-24T08:51:52+08:00 ] 127.0.0.1 /index.php?s=/Article/show/id/24/type/4.html
INFO: [ app_init ] --START--
INFO: Run Behavior\BuildLiteBehavior [ RunTime:0.000000s ]
INFO: [ app_init ] --END-- [ RunTime:0.000000s ]
INFO: [ app_begin ] --START--
INFO: Run Behavior\ReadHtmlCacheBehavior [ RunTime:0.000000s ]
INFO: [ app_begin ] --END-- [ RunTime:0.000000s ]
NOTIC: [2048] Declaration of Home\Controller\ArticleController::show() should be compatible with Think\Controller::show($content, $charset = '', $contentType = '', $prefix = '') D:\wamp\www\Application\Home\Controller\ArticleController.class.php 第 7 行.
SQL: SHOW COLUMNS FROM `wlm_article` [ RunTime:0.0156s ]
SQL: SELECT * FROM `wlm_article` WHERE ( id=24 ) LIMIT 1   [ RunTime:0.0156s ]
SQL: SELECT * FROM `wlm_article` WHERE ( type=4 ) ORDER BY time desc LIMIT 10   [ RunTime:0.0156s ]
INFO: [ view_parse ] --START--
INFO: [ template_filter ] --START--
INFO: Run Behavior\ContentReplaceBehavior [ RunTime:0.000000s ]
INFO: [ template_filter ] --END-- [ RunTime:0.000000s ]
NOTIC: [8] Undefined variable: title D:\wamp\www\Application\Runtime\Cache\Home\a79d9f0c35e9eb55230da039a2581632.php 第 75 行.
INFO: Run Behavior\ParseTemplateBehavior [ RunTime:0.015625s ]
INFO: [ view_parse ] --END-- [ RunTime:0.015625s ]
INFO: [ view_filter ] --START--
INFO: Run Behavior\WriteHtmlCacheBehavior [ RunTime:0.000000s ]
INFO: [ view_filter ] --END-- [ RunTime:0.000000s ]
INFO: [ app_end ] --START--
INFO: Run Behavior\ShowPageTraceBehavior [ RunTime:0.000000s ]
INFO: [ app_end ] --END-- [ RunTime:0.000000s ]

[ 2016-06-24T08:53:50+08:00 ] 127.0.0.1 /index.php?s=/Index/index.html
INFO: [ app_init ] --START--
INFO: Run Behavior\BuildLiteBehavior [ RunTime:0.000000s ]
INFO: [ app_init ] --END-- [ RunTime:0.000000s ]
INFO: [ app_begin ] --START--
INFO: Run Behavior\ReadHtmlCacheBehavior [ RunTime:0.000000s ]
INFO: [ app_begin ] --END-- [ RunTime:0.000000s ]
SQL: SHOW COLUMNS FROM `wlm_news` [ RunTime:0.0000s ]
SQL: SELECT * FROM `wlm_news` ORDER BY create_time desc  [ RunTime:0.0938s ]
SQL: SHOW COLUMNS FROM `wlm_article` [ RunTime:0.0156s ]
SQL: SELECT * FROM `wlm_article` WHERE ( id = 24 ) LIMIT 1   [ RunTime:0.0156s ]
SQL: SHOW COLUMNS FROM `wlm_img` [ RunTime:0.0156s ]
SQL: SELECT * FROM `wlm_img`  [ RunTime:0.0156s ]
SQL: SHOW COLUMNS FROM `wlm_flash` [ RunTime:0.0156s ]
SQL: SELECT * FROM `wlm_flash`  [ RunTime:0.0156s ]
INFO: [ view_parse ] --START--
INFO: [ template_filter ] --START--
INFO: Run Behavior\ContentReplaceBehavior [ RunTime:0.000000s ]
INFO: [ template_filter ] --END-- [ RunTime:0.000000s ]
INFO: Run Behavior\ParseTemplateBehavior [ RunTime:0.031250s ]
INFO: [ view_parse ] --END-- [ RunTime:0.031250s ]
INFO: [ view_filter ] --START--
INFO: Run Behavior\WriteHtmlCacheBehavior [ RunTime:0.000000s ]
INFO: [ view_filter ] --END-- [ RunTime:0.000000s ]
INFO: [ app_end ] --START--
INFO: Run Behavior\ShowPageTraceBehavior [ RunTime:0.000000s ]
INFO: [ app_end ] --END-- [ RunTime:0.000000s ]

[ 2016-06-24T08:55:36+08:00 ] 127.0.0.1 /index.php?s=/Index/index.html
INFO: [ app_init ] --START--
INFO: Run Behavior\BuildLiteBehavior [ RunTime:0.000000s ]
INFO: [ app_init ] --END-- [ RunTime:0.000000s ]
INFO: [ app_begin ] --START--
INFO: Run Behavior\ReadHtmlCacheBehavior [ RunTime:0.000000s ]
INFO: [ app_begin ] --END-- [ RunTime:0.000000s ]
SQL: SHOW COLUMNS FROM `wlm_news` [ RunTime:0.0156s ]
SQL: SELECT * FROM `wlm_news` ORDER BY create_time desc  [ RunTime:0.0938s ]
SQL: SHOW COLUMNS FROM `wlm_article` [ RunTime:0.0000s ]
SQL: SELECT * FROM `wlm_article` WHERE ( id = 24 ) LIMIT 1   [ RunTime:0.0156s ]
SQL: SHOW COLUMNS FROM `wlm_img` [ RunTime:0.0156s ]
SQL: SELECT * FROM `wlm_img`  [ RunTime:0.0156s ]
SQL: SHOW COLUMNS FROM `wlm_flash` [ RunTime:0.0156s ]
SQL: SELECT * FROM `wlm_flash`  [ RunTime:0.0156s ]
INFO: [ view_parse ] --START--
INFO: [ template_filter ] --START--
INFO: Run Behavior\ContentReplaceBehavior [ RunTime:0.000000s ]
INFO: [ template_filter ] --END-- [ RunTime:0.000000s ]
INFO: Run Behavior\ParseTemplateBehavior [ RunTime:0.031250s ]
INFO: [ view_parse ] --END-- [ RunTime:0.031250s ]
INFO: [ view_filter ] --START--
INFO: Run Behavior\WriteHtmlCacheBehavior [ RunTime:0.000000s ]
INFO: [ view_filter ] --END-- [ RunTime:0.000000s ]
INFO: [ app_end ] --START--
INFO: Run Behavior\ShowPageTraceBehavior [ RunTime:0.015625s ]
INFO: [ app_end ] --END-- [ RunTime:0.015625s ]

[ 2016-06-24T08:55:46+08:00 ] 127.0.0.1 /index.php?s=/Index/index.html
INFO: [ app_init ] --START--
INFO: Run Behavior\BuildLiteBehavior [ RunTime:0.000000s ]
INFO: [ app_init ] --END-- [ RunTime:0.000000s ]
INFO: [ app_begin ] --START--
INFO: Run Behavior\ReadHtmlCacheBehavior [ RunTime:0.000000s ]
INFO: [ app_begin ] --END-- [ RunTime:0.000000s ]
SQL: SHOW COLUMNS FROM `wlm_news` [ RunTime:0.0156s ]
SQL: SELECT * FROM `wlm_news` ORDER BY create_time desc  [ RunTime:0.0938s ]
SQL: SHOW COLUMNS FROM `wlm_article` [ RunTime:0.0000s ]
SQL: SELECT * FROM `wlm_article` WHERE ( id = 24 ) LIMIT 1   [ RunTime:0.0000s ]
SQL: SHOW COLUMNS FROM `wlm_img` [ RunTime:0.0000s ]
SQL: SELECT * FROM `wlm_img`  [ RunTime:0.0156s ]
SQL: SHOW COLUMNS FROM `wlm_flash` [ RunTime:0.0156s ]
SQL: SELECT * FROM `wlm_flash`  [ RunTime:0.0156s ]
INFO: [ view_parse ] --START--
INFO: [ template_filter ] --START--
INFO: Run Behavior\ContentReplaceBehavior [ RunTime:0.000000s ]
INFO: [ template_filter ] --END-- [ RunTime:0.000000s ]
INFO: Run Behavior\ParseTemplateBehavior [ RunTime:0.031250s ]
INFO: [ view_parse ] --END-- [ RunTime:0.031250s ]
INFO: [ view_filter ] --START--
INFO: Run Behavior\WriteHtmlCacheBehavior [ RunTime:0.000000s ]
INFO: [ view_filter ] --END-- [ RunTime:0.000000s ]
INFO: [ app_end ] --START--
INFO: Run Behavior\ShowPageTraceBehavior [ RunTime:0.000000s ]
INFO: [ app_end ] --END-- [ RunTime:0.000000s ]

[ 2016-06-24T08:56:00+08:00 ] 127.0.0.1 /index.php?s=/Index/index.html
INFO: [ app_init ] --START--
INFO: Run Behavior\BuildLiteBehavior [ RunTime:0.000000s ]
INFO: [ app_init ] --END-- [ RunTime:0.000000s ]
INFO: [ app_begin ] --START--
INFO: Run Behavior\ReadHtmlCacheBehavior [ RunTime:0.015625s ]
INFO: [ app_begin ] --END-- [ RunTime:0.015625s ]
SQL: SHOW COLUMNS FROM `wlm_news` [ RunTime:0.0156s ]
SQL: SELECT * FROM `wlm_news` ORDER BY create_time desc  [ RunTime:3.0469s ]
SQL: SHOW COLUMNS FROM `wlm_article` [ RunTime:0.0156s ]
SQL: SELECT * FROM `wlm_article` WHERE ( id = 24 ) LIMIT 1   [ RunTime:0.0156s ]
SQL: SHOW COLUMNS FROM `wlm_img` [ RunTime:0.0156s ]
SQL: SELECT * FROM `wlm_img`  [ RunTime:0.0156s ]
SQL: SHOW COLUMNS FROM `wlm_flash` [ RunTime:0.0156s ]
SQL: SELECT * FROM `wlm_flash`  [ RunTime:0.0156s ]
INFO: [ view_parse ] --START--
INFO: [ template_filter ] --START--
INFO: Run Behavior\ContentReplaceBehavior [ RunTime:0.000000s ]
INFO: [ template_filter ] --END-- [ RunTime:0.000000s ]
INFO: Run Behavior\ParseTemplateBehavior [ RunTime:0.031250s ]
INFO: [ view_parse ] --END-- [ RunTime:0.031250s ]
INFO: [ view_filter ] --START--
INFO: Run Behavior\WriteHtmlCacheBehavior [ RunTime:0.000000s ]
INFO: [ view_filter ] --END-- [ RunTime:0.000000s ]
INFO: [ app_end ] --START--
INFO: Run Behavior\ShowPageTraceBehavior [ RunTime:0.000000s ]
INFO: [ app_end ] --END-- [ RunTime:0.000000s ]

[ 2016-06-24T08:56:22+08:00 ] 127.0.0.1 /
INFO: [ app_init ] --START--
INFO: Run Behavior\BuildLiteBehavior [ RunTime:0.000000s ]
INFO: [ app_init ] --END-- [ RunTime:0.000000s ]
INFO: [ app_begin ] --START--
INFO: Run Behavior\ReadHtmlCacheBehavior [ RunTime:0.000000s ]
INFO: [ app_begin ] --END-- [ RunTime:0.000000s ]
SQL: SHOW COLUMNS FROM `wlm_news` [ RunTime:0.0156s ]
SQL: SELECT * FROM `wlm_news` ORDER BY create_time desc  [ RunTime:0.0938s ]
SQL: SHOW COLUMNS FROM `wlm_article` [ RunTime:0.0156s ]
SQL: SELECT * FROM `wlm_article` WHERE ( id = 24 ) LIMIT 1   [ RunTime:0.0156s ]
SQL: SHOW COLUMNS FROM `wlm_img` [ RunTime:0.0156s ]
SQL: SELECT * FROM `wlm_img`  [ RunTime:0.0156s ]
SQL: SHOW COLUMNS FROM `wlm_flash` [ RunTime:0.0156s ]
SQL: SELECT * FROM `wlm_flash`  [ RunTime:0.0156s ]
INFO: [ view_parse ] --START--
INFO: [ template_filter ] --START--
INFO: Run Behavior\ContentReplaceBehavior [ RunTime:0.000000s ]
INFO: [ template_filter ] --END-- [ RunTime:0.000000s ]
INFO: Run Behavior\ParseTemplateBehavior [ RunTime:0.046875s ]
INFO: [ view_parse ] --END-- [ RunTime:0.046875s ]
INFO: [ view_filter ] --START--
INFO: Run Behavior\WriteHtmlCacheBehavior [ RunTime:0.000000s ]
INFO: [ view_filter ] --END-- [ RunTime:0.000000s ]
INFO: [ app_end ] --START--
INFO: Run Behavior\ShowPageTraceBehavior [ RunTime:0.000000s ]
INFO: [ app_end ] --END-- [ RunTime:0.000000s ]

[ 2016-06-24T08:56:45+08:00 ] 127.0.0.1 /
INFO: [ app_init ] --START--
INFO: Run Behavior\BuildLiteBehavior [ RunTime:0.000000s ]
INFO: [ app_init ] --END-- [ RunTime:0.000000s ]
INFO: [ app_begin ] --START--
INFO: Run Behavior\ReadHtmlCacheBehavior [ RunTime:0.000000s ]
INFO: [ app_begin ] --END-- [ RunTime:0.000000s ]
SQL: SHOW COLUMNS FROM `wlm_news` [ RunTime:1.7500s ]
SQL: SELECT * FROM `wlm_news` ORDER BY create_time desc  [ RunTime:0.1719s ]
SQL: SHOW COLUMNS FROM `wlm_article` [ RunTime:0.0156s ]
SQL: SELECT * FROM `wlm_article` WHERE ( id = 24 ) LIMIT 1   [ RunTime:0.0156s ]
SQL: SHOW COLUMNS FROM `wlm_img` [ RunTime:0.0156s ]
SQL: SELECT * FROM `wlm_img`  [ RunTime:0.0156s ]
SQL: SHOW COLUMNS FROM `wlm_flash` [ RunTime:0.0156s ]
SQL: SELECT * FROM `wlm_flash`  [ RunTime:0.0000s ]
INFO: [ view_parse ] --START--
INFO: [ template_filter ] --START--
INFO: Run Behavior\ContentReplaceBehavior [ RunTime:0.000000s ]
INFO: [ template_filter ] --END-- [ RunTime:0.000000s ]
INFO: Run Behavior\ParseTemplateBehavior [ RunTime:0.031250s ]
INFO: [ view_parse ] --END-- [ RunTime:0.031250s ]
INFO: [ view_filter ] --START--
INFO: Run Behavior\WriteHtmlCacheBehavior [ RunTime:0.000000s ]
INFO: [ view_filter ] --END-- [ RunTime:0.000000s ]
INFO: [ app_end ] --START--
INFO: Run Behavior\ShowPageTraceBehavior [ RunTime:0.000000s ]
INFO: [ app_end ] --END-- [ RunTime:0.000000s ]

[ 2016-06-24T08:57:53+08:00 ] 127.0.0.1 /
INFO: [ app_init ] --START--
INFO: Run Behavior\BuildLiteBehavior [ RunTime:0.000000s ]
INFO: [ app_init ] --END-- [ RunTime:0.000000s ]
INFO: [ app_begin ] --START--
INFO: Run Behavior\ReadHtmlCacheBehavior [ RunTime:0.000000s ]
INFO: [ app_begin ] --END-- [ RunTime:0.000000s ]
SQL: SHOW COLUMNS FROM `wlm_news` [ RunTime:0.0156s ]
SQL: SELECT * FROM `wlm_news` ORDER BY create_time desc  [ RunTime:0.0938s ]
SQL: SHOW COLUMNS FROM `wlm_article` [ RunTime:0.0156s ]
SQL: SELECT * FROM `wlm_article` WHERE ( id = 24 ) LIMIT 1   [ RunTime:0.0156s ]
SQL: SHOW COLUMNS FROM `wlm_img` [ RunTime:0.0156s ]
SQL: SELECT * FROM `wlm_img`  [ RunTime:0.0156s ]
SQL: SHOW COLUMNS FROM `wlm_flash` [ RunTime:0.0000s ]
SQL: SELECT * FROM `wlm_flash`  [ RunTime:0.0000s ]
INFO: [ view_parse ] --START--
INFO: [ template_filter ] --START--
INFO: Run Behavior\ContentReplaceBehavior [ RunTime:0.000000s ]
INFO: [ template_filter ] --END-- [ RunTime:0.000000s ]
INFO: Run Behavior\ParseTemplateBehavior [ RunTime:0.031250s ]
INFO: [ view_parse ] --END-- [ RunTime:0.031250s ]
INFO: [ view_filter ] --START--
INFO: Run Behavior\WriteHtmlCacheBehavior [ RunTime:0.000000s ]
INFO: [ view_filter ] --END-- [ RunTime:0.000000s ]
INFO: [ app_end ] --START--
INFO: Run Behavior\ShowPageTraceBehavior [ RunTime:0.000000s ]
INFO: [ app_end ] --END-- [ RunTime:0.000000s ]

[ 2016-06-24T08:58:07+08:00 ] 127.0.0.1 /
INFO: [ app_init ] --START--
INFO: Run Behavior\BuildLiteBehavior [ RunTime:0.000000s ]
INFO: [ app_init ] --END-- [ RunTime:0.000000s ]
INFO: [ app_begin ] --START--
INFO: Run Behavior\ReadHtmlCacheBehavior [ RunTime:0.000000s ]
INFO: [ app_begin ] --END-- [ RunTime:0.000000s ]
SQL: SHOW COLUMNS FROM `wlm_news` [ RunTime:0.0156s ]
SQL: SELECT * FROM `wlm_news` ORDER BY create_time desc  [ RunTime:0.0938s ]
SQL: SHOW COLUMNS FROM `wlm_article` [ RunTime:0.0156s ]
SQL: SELECT * FROM `wlm_article` WHERE ( id = 24 ) LIMIT 1   [ RunTime:0.0156s ]
SQL: SHOW COLUMNS FROM `wlm_img` [ RunTime:0.0156s ]
SQL: SELECT * FROM `wlm_img`  [ RunTime:0.8125s ]
SQL: SHOW COLUMNS FROM `wlm_flash` [ RunTime:0.0156s ]
SQL: SELECT * FROM `wlm_flash`  [ RunTime:0.0000s ]
INFO: [ view_parse ] --START--
INFO: [ template_filter ] --START--
INFO: Run Behavior\ContentReplaceBehavior [ RunTime:0.000000s ]
INFO: [ template_filter ] --END-- [ RunTime:0.000000s ]
INFO: Run Behavior\ParseTemplateBehavior [ RunTime:0.031250s ]
INFO: [ view_parse ] --END-- [ RunTime:0.031250s ]
INFO: [ view_filter ] --START--
INFO: Run Behavior\WriteHtmlCacheBehavior [ RunTime:0.000000s ]
INFO: [ view_filter ] --END-- [ RunTime:0.000000s ]
INFO: [ app_end ] --START--
INFO: Run Behavior\ShowPageTraceBehavior [ RunTime:0.000000s ]
INFO: [ app_end ] --END-- [ RunTime:0.000000s ]

[ 2016-06-24T08:58:33+08:00 ] 127.0.0.1 /
INFO: [ app_init ] --START--
INFO: Run Behavior\BuildLiteBehavior [ RunTime:0.000000s ]
INFO: [ app_init ] --END-- [ RunTime:0.000000s ]
INFO: [ app_begin ] --START--
INFO: Run Behavior\ReadHtmlCacheBehavior [ RunTime:0.000000s ]
INFO: [ app_begin ] --END-- [ RunTime:0.000000s ]
SQL: SHOW COLUMNS FROM `wlm_news` [ RunTime:0.0156s ]
SQL: SELECT * FROM `wlm_news` ORDER BY create_time desc  [ RunTime:0.0781s ]
SQL: SHOW COLUMNS FROM `wlm_article` [ RunTime:0.0156s ]
SQL: SELECT * FROM `wlm_article` WHERE ( id = 24 ) LIMIT 1   [ RunTime:0.0000s ]
SQL: SHOW COLUMNS FROM `wlm_img` [ RunTime:0.0156s ]
SQL: SELECT * FROM `wlm_img`  [ RunTime:0.0156s ]
SQL: SHOW COLUMNS FROM `wlm_flash` [ RunTime:0.0156s ]
SQL: SELECT * FROM `wlm_flash`  [ RunTime:0.0156s ]
INFO: [ view_parse ] --START--
INFO: [ template_filter ] --START--
INFO: Run Behavior\ContentReplaceBehavior [ RunTime:0.000000s ]
INFO: [ template_filter ] --END-- [ RunTime:0.000000s ]
INFO: Run Behavior\ParseTemplateBehavior [ RunTime:0.031250s ]
INFO: [ view_parse ] --END-- [ RunTime:0.031250s ]
INFO: [ view_filter ] --START--
INFO: Run Behavior\WriteHtmlCacheBehavior [ RunTime:0.000000s ]
INFO: [ view_filter ] --END-- [ RunTime:0.000000s ]
INFO: [ app_end ] --START--
INFO: Run Behavior\ShowPageTraceBehavior [ RunTime:0.000000s ]
INFO: [ app_end ] --END-- [ RunTime:0.000000s ]

[ 2016-06-24T09:02:21+08:00 ] 127.0.0.1 /index.php?s=/Index/index.html
INFO: [ app_init ] --START--
INFO: Run Behavior\BuildLiteBehavior [ RunTime:0.000000s ]
INFO: [ app_init ] --END-- [ RunTime:0.000000s ]
INFO: [ app_begin ] --START--
INFO: Run Behavior\ReadHtmlCacheBehavior [ RunTime:0.015625s ]
INFO: [ app_begin ] --END-- [ RunTime:0.015625s ]
SQL: SHOW COLUMNS FROM `wlm_news` [ RunTime:0.0156s ]
SQL: SELECT * FROM `wlm_news` ORDER BY create_time desc  [ RunTime:0.2813s ]
SQL: SHOW COLUMNS FROM `wlm_article` [ RunTime:0.0156s ]
SQL: SELECT * FROM `wlm_article` WHERE ( id = 24 ) LIMIT 1   [ RunTime:0.0156s ]
SQL: SHOW COLUMNS FROM `wlm_img` [ RunTime:0.0156s ]
SQL: SELECT * FROM `wlm_img`  [ RunTime:0.0156s ]
SQL: SHOW COLUMNS FROM `wlm_flash` [ RunTime:0.0156s ]
SQL: SELECT * FROM `wlm_flash`  [ RunTime:0.0156s ]
INFO: [ view_parse ] --START--
INFO: [ template_filter ] --START--
INFO: Run Behavior\ContentReplaceBehavior [ RunTime:0.000000s ]
INFO: [ template_filter ] --END-- [ RunTime:0.000000s ]
INFO: Run Behavior\ParseTemplateBehavior [ RunTime:0.031250s ]
INFO: [ view_parse ] --END-- [ RunTime:0.031250s ]
INFO: [ view_filter ] --START--
INFO: Run Behavior\WriteHtmlCacheBehavior [ RunTime:0.000000s ]
INFO: [ view_filter ] --END-- [ RunTime:0.000000s ]
INFO: [ app_end ] --START--
INFO: Run Behavior\ShowPageTraceBehavior [ RunTime:0.000000s ]
INFO: [ app_end ] --END-- [ RunTime:0.000000s ]

[ 2016-06-24T09:02:33+08:00 ] 127.0.0.1 /index.php?s=/Article/show/type/4.html
INFO: [ app_init ] --START--
INFO: Run Behavior\BuildLiteBehavior [ RunTime:0.000000s ]
INFO: [ app_init ] --END-- [ RunTime:0.000000s ]
INFO: [ app_begin ] --START--
INFO: Run Behavior\ReadHtmlCacheBehavior [ RunTime:0.015625s ]
INFO: [ app_begin ] --END-- [ RunTime:0.015625s ]
NOTIC: [2048] Declaration of Home\Controller\ArticleController::show() should be compatible with Think\Controller::show($content, $charset = '', $contentType = '', $prefix = '') D:\wamp\www\Application\Home\Controller\ArticleController.class.php 第 7 行.
SQL: SHOW COLUMNS FROM `wlm_article` [ RunTime:0.0156s ]
SQL: SELECT * FROM `wlm_article` WHERE ( type=4 ) ORDER BY time desc LIMIT 1   [ RunTime:0.0156s ]
SQL: SELECT * FROM `wlm_article` WHERE ( type=4 ) ORDER BY time desc LIMIT 10   [ RunTime:0.0156s ]
INFO: [ view_parse ] --START--
INFO: [ template_filter ] --START--
INFO: Run Behavior\ContentReplaceBehavior [ RunTime:0.000000s ]
INFO: [ template_filter ] --END-- [ RunTime:0.000000s ]
NOTIC: [8] Undefined variable: title D:\wamp\www\Application\Runtime\Cache\Home\a79d9f0c35e9eb55230da039a2581632.php 第 75 行.
INFO: Run Behavior\ParseTemplateBehavior [ RunTime:0.015625s ]
INFO: [ view_parse ] --END-- [ RunTime:0.015625s ]
INFO: [ view_filter ] --START--
INFO: Run Behavior\WriteHtmlCacheBehavior [ RunTime:0.000000s ]
INFO: [ view_filter ] --END-- [ RunTime:0.000000s ]
INFO: [ app_end ] --START--
INFO: Run Behavior\ShowPageTraceBehavior [ RunTime:0.015625s ]
INFO: [ app_end ] --END-- [ RunTime:0.015625s ]

[ 2016-06-24T09:02:33+08:00 ] 127.0.0.1 /index.php?s=/Article/show/type/4.html
INFO: [ app_init ] --START--
INFO: Run Behavior\BuildLiteBehavior [ RunTime:0.000000s ]
INFO: [ app_init ] --END-- [ RunTime:0.000000s ]
INFO: [ app_begin ] --START--
INFO: Run Behavior\ReadHtmlCacheBehavior [ RunTime:0.000000s ]
INFO: [ app_begin ] --END-- [ RunTime:0.000000s ]
NOTIC: [2048] Declaration of Home\Controller\ArticleController::show() should be compatible with Think\Controller::show($content, $charset = '', $contentType = '', $prefix = '') D:\wamp\www\Application\Home\Controller\ArticleController.class.php 第 7 行.
SQL: SHOW COLUMNS FROM `wlm_article` [ RunTime:0.0156s ]
SQL: SELECT * FROM `wlm_article` WHERE ( type=4 ) ORDER BY time desc LIMIT 1   [ RunTime:0.0156s ]
SQL: SELECT * FROM `wlm_article` WHERE ( type=4 ) ORDER BY time desc LIMIT 10   [ RunTime:0.0313s ]
INFO: [ view_parse ] --START--
INFO: [ template_filter ] --START--
INFO: Run Behavior\ContentReplaceBehavior [ RunTime:0.000000s ]
INFO: [ template_filter ] --END-- [ RunTime:0.000000s ]
NOTIC: [8] Undefined variable: title D:\wamp\www\Application\Runtime\Cache\Home\a79d9f0c35e9eb55230da039a2581632.php 第 75 行.
INFO: Run Behavior\ParseTemplateBehavior [ RunTime:0.015625s ]
INFO: [ view_parse ] --END-- [ RunTime:0.015625s ]
INFO: [ view_filter ] --START--
INFO: Run Behavior\WriteHtmlCacheBehavior [ RunTime:0.015625s ]
INFO: [ view_filter ] --END-- [ RunTime:0.015625s ]
INFO: [ app_end ] --START--
INFO: Run Behavior\ShowPageTraceBehavior [ RunTime:0.000000s ]
INFO: [ app_end ] --END-- [ RunTime:0.000000s ]

[ 2016-06-24T09:09:27+08:00 ] 127.0.0.1 /index.php?s=/Article/show/type/1.html
INFO: [ app_init ] --START--
INFO: Run Behavior\BuildLiteBehavior [ RunTime:0.000000s ]
INFO: [ app_init ] --END-- [ RunTime:0.000000s ]
INFO: [ app_begin ] --START--
INFO: Run Behavior\ReadHtmlCacheBehavior [ RunTime:0.000000s ]
INFO: [ app_begin ] --END-- [ RunTime:0.000000s ]
NOTIC: [2048] Declaration of Home\Controller\ArticleController::show() should be compatible with Think\Controller::show($content, $charset = '', $contentType = '', $prefix = '') D:\wamp\www\Application\Home\Controller\ArticleController.class.php 第 7 行.
SQL: SHOW COLUMNS FROM `wlm_article` [ RunTime:0.0156s ]
SQL: SELECT * FROM `wlm_article` WHERE ( type=1 ) ORDER BY time desc LIMIT 1   [ RunTime:0.0156s ]
SQL: SELECT * FROM `wlm_article` WHERE ( type=1 ) ORDER BY time desc LIMIT 10   [ RunTime:0.2500s ]
INFO: [ view_parse ] --START--
INFO: [ template_filter ] --START--
INFO: Run Behavior\ContentReplaceBehavior [ RunTime:0.000000s ]
INFO: [ template_filter ] --END-- [ RunTime:0.000000s ]
NOTIC: [8] Undefined variable: title D:\wamp\www\Application\Runtime\Cache\Home\a79d9f0c35e9eb55230da039a2581632.php 第 75 行.
INFO: Run Behavior\ParseTemplateBehavior [ RunTime:0.015625s ]
INFO: [ view_parse ] --END-- [ RunTime:0.015625s ]
INFO: [ view_filter ] --START--
INFO: Run Behavior\WriteHtmlCacheBehavior [ RunTime:0.000000s ]
INFO: [ view_filter ] --END-- [ RunTime:0.000000s ]
INFO: [ app_end ] --START--
INFO: Run Behavior\ShowPageTraceBehavior [ RunTime:0.000000s ]
INFO: [ app_end ] --END-- [ RunTime:0.000000s ]

[ 2016-06-24T09:09:33+08:00 ] 127.0.0.1 /index.php?s=/Article/show/type/1.html
INFO: [ app_init ] --START--
INFO: Run Behavior\BuildLiteBehavior [ RunTime:0.000000s ]
INFO: [ app_init ] --END-- [ RunTime:0.000000s ]
INFO: [ app_begin ] --START--
INFO: Run Behavior\ReadHtmlCacheBehavior [ RunTime:0.000000s ]
INFO: [ app_begin ] --END-- [ RunTime:0.000000s ]
NOTIC: [2048] Declaration of Home\Controller\ArticleController::show() should be compatible with Think\Controller::show($content, $charset = '', $contentType = '', $prefix = '') D:\wamp\www\Application\Home\Controller\ArticleController.class.php 第 7 行.
SQL: SHOW COLUMNS FROM `wlm_article` [ RunTime:0.0156s ]
SQL: SELECT * FROM `wlm_article` WHERE ( type=1 ) ORDER BY time desc LIMIT 1   [ RunTime:0.0156s ]
SQL: SELECT * FROM `wlm_article` WHERE ( type=1 ) ORDER BY time desc LIMIT 10   [ RunTime:0.0156s ]
INFO: [ view_parse ] --START--
INFO: [ template_filter ] --START--
INFO: Run Behavior\ContentReplaceBehavior [ RunTime:0.000000s ]
INFO: [ template_filter ] --END-- [ RunTime:0.000000s ]
NOTIC: [8] Undefined variable: title D:\wamp\www\Application\Runtime\Cache\Home\a79d9f0c35e9eb55230da039a2581632.php 第 75 行.
INFO: Run Behavior\ParseTemplateBehavior [ RunTime:0.031250s ]
INFO: [ view_parse ] --END-- [ RunTime:0.031250s ]
INFO: [ view_filter ] --START--
INFO: Run Behavior\WriteHtmlCacheBehavior [ RunTime:0.000000s ]
INFO: [ view_filter ] --END-- [ RunTime:0.000000s ]
INFO: [ app_end ] --START--
INFO: Run Behavior\ShowPageTraceBehavior [ RunTime:0.000000s ]
INFO: [ app_end ] --END-- [ RunTime:0.000000s ]

[ 2016-06-24T09:09:41+08:00 ] 127.0.0.1 /index.php?s=/Article/show/type/2.html
INFO: [ app_init ] --START--
INFO: Run Behavior\BuildLiteBehavior [ RunTime:0.000000s ]
INFO: [ app_init ] --END-- [ RunTime:0.000000s ]
INFO: [ app_begin ] --START--
INFO: Run Behavior\ReadHtmlCacheBehavior [ RunTime:0.000000s ]
INFO: [ app_begin ] --END-- [ RunTime:0.000000s ]
NOTIC: [2048] Declaration of Home\Controller\ArticleController::show() should be compatible with Think\Controller::show($content, $charset = '', $contentType = '', $prefix = '') D:\wamp\www\Application\Home\Controller\ArticleController.class.php 第 7 行.
SQL: SHOW COLUMNS FROM `wlm_article` [ RunTime:0.0156s ]
SQL: SELECT * FROM `wlm_article` WHERE ( type=2 ) ORDER BY time desc LIMIT 1   [ RunTime:0.0156s ]
SQL: SELECT * FROM `wlm_article` WHERE ( type=2 ) ORDER BY time desc LIMIT 10   [ RunTime:0.4375s ]
INFO: [ view_parse ] --START--
INFO: [ template_filter ] --START--
INFO: Run Behavior\ContentReplaceBehavior [ RunTime:0.000000s ]
INFO: [ template_filter ] --END-- [ RunTime:0.000000s ]
NOTIC: [8] Undefined variable: title D:\wamp\www\Application\Runtime\Cache\Home\a79d9f0c35e9eb55230da039a2581632.php 第 75 行.
INFO: Run Behavior\ParseTemplateBehavior [ RunTime:0.031250s ]
INFO: [ view_parse ] --END-- [ RunTime:0.031250s ]
INFO: [ view_filter ] --START--
INFO: Run Behavior\WriteHtmlCacheBehavior [ RunTime:0.000000s ]
INFO: [ view_filter ] --END-- [ RunTime:0.000000s ]
INFO: [ app_end ] --START--
INFO: Run Behavior\ShowPageTraceBehavior [ RunTime:0.000000s ]
INFO: [ app_end ] --END-- [ RunTime:0.000000s ]

[ 2016-06-24T09:09:44+08:00 ] 127.0.0.1 /index.php?s=/Article/show/type/3.html
INFO: [ app_init ] --START--
INFO: Run Behavior\BuildLiteBehavior [ RunTime:0.000000s ]
INFO: [ app_init ] --END-- [ RunTime:0.000000s ]
INFO: [ app_begin ] --START--
INFO: Run Behavior\ReadHtmlCacheBehavior [ RunTime:0.000000s ]
INFO: [ app_begin ] --END-- [ RunTime:0.000000s ]
NOTIC: [2048] Declaration of Home\Controller\ArticleController::show() should be compatible with Think\Controller::show($content, $charset = '', $contentType = '', $prefix = '') D:\wamp\www\Application\Home\Controller\ArticleController.class.php 第 7 行.
SQL: SHOW COLUMNS FROM `wlm_article` [ RunTime:0.0156s ]
SQL: SELECT * FROM `wlm_article` WHERE ( type=3 ) ORDER BY time desc LIMIT 1   [ RunTime:0.0156s ]
SQL: SELECT * FROM `wlm_article` WHERE ( type=3 ) ORDER BY time desc LIMIT 10   [ RunTime:0.0156s ]
INFO: [ view_parse ] --START--
INFO: [ template_filter ] --START--
INFO: Run Behavior\ContentReplaceBehavior [ RunTime:0.000000s ]
INFO: [ template_filter ] --END-- [ RunTime:0.000000s ]
NOTIC: [8] Undefined variable: title D:\wamp\www\Application\Runtime\Cache\Home\a79d9f0c35e9eb55230da039a2581632.php 第 75 行.
INFO: Run Behavior\ParseTemplateBehavior [ RunTime:0.015625s ]
INFO: [ view_parse ] --END-- [ RunTime:0.015625s ]
INFO: [ view_filter ] --START--
INFO: Run Behavior\WriteHtmlCacheBehavior [ RunTime:0.015625s ]
INFO: [ view_filter ] --END-- [ RunTime:0.015625s ]
INFO: [ app_end ] --START--
INFO: Run Behavior\ShowPageTraceBehavior [ RunTime:0.000000s ]
INFO: [ app_end ] --END-- [ RunTime:0.000000s ]

[ 2016-06-24T09:09:48+08:00 ] 127.0.0.1 /index.php?s=/Article/show/id/16/type/3.html
INFO: [ app_init ] --START--
INFO: Run Behavior\BuildLiteBehavior [ RunTime:0.000000s ]
INFO: [ app_init ] --END-- [ RunTime:0.000000s ]
INFO: [ app_begin ] --START--
INFO: Run Behavior\ReadHtmlCacheBehavior [ RunTime:0.000000s ]
INFO: [ app_begin ] --END-- [ RunTime:0.000000s ]
NOTIC: [2048] Declaration of Home\Controller\ArticleController::show() should be compatible with Think\Controller::show($content, $charset = '', $contentType = '', $prefix = '') D:\wamp\www\Application\Home\Controller\ArticleController.class.php 第 7 行.
SQL: SHOW COLUMNS FROM `wlm_article` [ RunTime:0.0156s ]
SQL: SELECT * FROM `wlm_article` WHERE ( id=16 ) LIMIT 1   [ RunTime:0.0156s ]
SQL: SELECT * FROM `wlm_article` WHERE ( type=3 ) ORDER BY time desc LIMIT 10   [ RunTime:0.0156s ]
INFO: [ view_parse ] --START--
INFO: [ template_filter ] --START--
INFO: Run Behavior\ContentReplaceBehavior [ RunTime:0.000000s ]
INFO: [ template_filter ] --END-- [ RunTime:0.000000s ]
NOTIC: [8] Undefined variable: title D:\wamp\www\Application\Runtime\Cache\Home\a79d9f0c35e9eb55230da039a2581632.php 第 75 行.
INFO: Run Behavior\ParseTemplateBehavior [ RunTime:0.031250s ]
INFO: [ view_parse ] --END-- [ RunTime:0.031250s ]
INFO: [ view_filter ] --START--
INFO: Run Behavior\WriteHtmlCacheBehavior [ RunTime:0.000000s ]
INFO: [ view_filter ] --END-- [ RunTime:0.000000s ]
INFO: [ app_end ] --START--
INFO: Run Behavior\ShowPageTraceBehavior [ RunTime:0.000000s ]
INFO: [ app_end ] --END-- [ RunTime:0.000000s ]

[ 2016-06-24T09:12:15+08:00 ] 127.0.0.1 /index.php?s=/Article/show/id/16/type/3.html
INFO: [ app_init ] --START--
INFO: Run Behavior\BuildLiteBehavior [ RunTime:0.000000s ]
INFO: [ app_init ] --END-- [ RunTime:0.000000s ]
INFO: [ app_begin ] --START--
INFO: Run Behavior\ReadHtmlCacheBehavior [ RunTime:0.000000s ]
INFO: [ app_begin ] --END-- [ RunTime:0.000000s ]
NOTIC: [2048] Declaration of Home\Controller\ArticleController::show() should be compatible with Think\Controller::show($content, $charset = '', $contentType = '', $prefix = '') D:\wamp\www\Application\Home\Controller\ArticleController.class.php 第 7 行.
SQL: SHOW COLUMNS FROM `wlm_article` [ RunTime:0.0156s ]
SQL: SELECT * FROM `wlm_article` WHERE ( id=16 ) LIMIT 1   [ RunTime:0.0156s ]
SQL: SELECT * FROM `wlm_article` WHERE ( type=3 ) ORDER BY time desc LIMIT 10   [ RunTime:0.0156s ]
INFO: [ view_parse ] --START--
INFO: [ template_filter ] --START--
INFO: Run Behavior\ContentReplaceBehavior [ RunTime:0.000000s ]
INFO: [ template_filter ] --END-- [ RunTime:0.000000s ]
NOTIC: [8] Undefined variable: title D:\wamp\www\Application\Runtime\Cache\Home\a79d9f0c35e9eb55230da039a2581632.php 第 75 行.
INFO: Run Behavior\ParseTemplateBehavior [ RunTime:0.031250s ]
INFO: [ view_parse ] --END-- [ RunTime:0.031250s ]
INFO: [ view_filter ] --START--
INFO: Run Behavior\WriteHtmlCacheBehavior [ RunTime:0.000000s ]
INFO: [ view_filter ] --END-- [ RunTime:0.000000s ]
INFO: [ app_end ] --START--
INFO: Run Behavior\ShowPageTraceBehavior [ RunTime:0.000000s ]
INFO: [ app_end ] --END-- [ RunTime:0.000000s ]

[ 2016-06-24T09:12:18+08:00 ] 127.0.0.1 /index.php?s=/Article/show/id/16/type/3.html
INFO: [ app_init ] --START--
INFO: Run Behavior\BuildLiteBehavior [ RunTime:0.000000s ]
INFO: [ app_init ] --END-- [ RunTime:0.000000s ]
INFO: [ app_begin ] --START--
INFO: Run Behavior\ReadHtmlCacheBehavior [ RunTime:0.000000s ]
INFO: [ app_begin ] --END-- [ RunTime:0.000000s ]
NOTIC: [2048] Declaration of Home\Controller\ArticleController::show() should be compatible with Think\Controller::show($content, $charset = '', $contentType = '', $prefix = '') D:\wamp\www\Application\Home\Controller\ArticleController.class.php 第 7 行.
SQL: SHOW COLUMNS FROM `wlm_article` [ RunTime:0.0156s ]
SQL: SELECT * FROM `wlm_article` WHERE ( id=16 ) LIMIT 1   [ RunTime:0.0156s ]
SQL: SELECT * FROM `wlm_article` WHERE ( type=3 ) ORDER BY time desc LIMIT 10   [ RunTime:0.0156s ]
INFO: [ view_parse ] --START--
INFO: [ template_filter ] --START--
INFO: Run Behavior\ContentReplaceBehavior [ RunTime:0.000000s ]
INFO: [ template_filter ] --END-- [ RunTime:0.000000s ]
NOTIC: [8] Undefined variable: title D:\wamp\www\Application\Runtime\Cache\Home\a79d9f0c35e9eb55230da039a2581632.php 第 75 行.
INFO: Run Behavior\ParseTemplateBehavior [ RunTime:0.031250s ]
INFO: [ view_parse ] --END-- [ RunTime:0.031250s ]
INFO: [ view_filter ] --START--
INFO: Run Behavior\WriteHtmlCacheBehavior [ RunTime:0.000000s ]
INFO: [ view_filter ] --END-- [ RunTime:0.000000s ]
INFO: [ app_end ] --START--
INFO: Run Behavior\ShowPageTraceBehavior [ RunTime:0.000000s ]
INFO: [ app_end ] --END-- [ RunTime:0.000000s ]

[ 2016-06-24T09:12:21+08:00 ] 127.0.0.1 /index.php?s=/Article/show/id/16/type/3.html
INFO: [ app_init ] --START--
INFO: Run Behavior\BuildLiteBehavior [ RunTime:0.000000s ]
INFO: [ app_init ] --END-- [ RunTime:0.000000s ]
INFO: [ app_begin ] --START--
INFO: Run Behavior\ReadHtmlCacheBehavior [ RunTime:0.000000s ]
INFO: [ app_begin ] --END-- [ RunTime:0.000000s ]
NOTIC: [2048] Declaration of Home\Controller\ArticleController::show() should be compatible with Think\Controller::show($content, $charset = '', $contentType = '', $prefix = '') D:\wamp\www\Application\Home\Controller\ArticleController.class.php 第 7 行.
SQL: SHOW COLUMNS FROM `wlm_article` [ RunTime:0.0156s ]
SQL: SELECT * FROM `wlm_article` WHERE ( id=16 ) LIMIT 1   [ RunTime:0.0156s ]
SQL: SELECT * FROM `wlm_article` WHERE ( type=3 ) ORDER BY time desc LIMIT 10   [ RunTime:0.0156s ]
INFO: [ view_parse ] --START--
INFO: [ template_filter ] --START--
INFO: Run Behavior\ContentReplaceBehavior [ RunTime:0.000000s ]
INFO: [ template_filter ] --END-- [ RunTime:0.000000s ]
NOTIC: [8] Undefined variable: title D:\wamp\www\Application\Runtime\Cache\Home\a79d9f0c35e9eb55230da039a2581632.php 第 75 行.
INFO: Run Behavior\ParseTemplateBehavior [ RunTime:0.031250s ]
INFO: [ view_parse ] --END-- [ RunTime:0.031250s ]
INFO: [ view_filter ] --START--
INFO: Run Behavior\WriteHtmlCacheBehavior [ RunTime:0.000000s ]
INFO: [ view_filter ] --END-- [ RunTime:0.000000s ]
INFO: [ app_end ] --START--
INFO: Run Behavior\ShowPageTraceBehavior [ RunTime:0.000000s ]
INFO: [ app_end ] --END-- [ RunTime:0.000000s ]

[ 2016-06-24T09:12:34+08:00 ] 127.0.0.1 /index.php?s=/Article/show/id/16/type/3.html
INFO: [ app_init ] --START--
INFO: Run Behavior\BuildLiteBehavior [ RunTime:0.000000s ]
INFO: [ app_init ] --END-- [ RunTime:0.000000s ]
INFO: [ app_begin ] --START--
INFO: Run Behavior\ReadHtmlCacheBehavior [ RunTime:0.000000s ]
INFO: [ app_begin ] --END-- [ RunTime:0.000000s ]
NOTIC: [2048] Declaration of Home\Controller\ArticleController::show() should be compatible with Think\Controller::show($content, $charset = '', $contentType = '', $prefix = '') D:\wamp\www\Application\Home\Controller\ArticleController.class.php 第 7 行.
SQL: SHOW COLUMNS FROM `wlm_article` [ RunTime:0.0156s ]
SQL: SELECT * FROM `wlm_article` WHERE ( id=16 ) LIMIT 1   [ RunTime:0.0156s ]
SQL: SELECT * FROM `wlm_article` WHERE ( type=3 ) ORDER BY time desc LIMIT 10   [ RunTime:0.0156s ]
INFO: [ view_parse ] --START--
INFO: [ template_filter ] --START--
INFO: Run Behavior\ContentReplaceBehavior [ RunTime:0.000000s ]
INFO: [ template_filter ] --END-- [ RunTime:0.000000s ]
NOTIC: [8] Undefined variable: title D:\wamp\www\Application\Runtime\Cache\Home\a79d9f0c35e9eb55230da039a2581632.php 第 75 行.
INFO: Run Behavior\ParseTemplateBehavior [ RunTime:0.031250s ]
INFO: [ view_parse ] --END-- [ RunTime:0.031250s ]
INFO: [ view_filter ] --START--
INFO: Run Behavior\WriteHtmlCacheBehavior [ RunTime:0.000000s ]
INFO: [ view_filter ] --END-- [ RunTime:0.000000s ]
INFO: [ app_end ] --START--
INFO: Run Behavior\ShowPageTraceBehavior [ RunTime:0.000000s ]
INFO: [ app_end ] --END-- [ RunTime:0.000000s ]

[ 2016-06-24T09:12:36+08:00 ] 127.0.0.1 /index.php?s=/Index/index.html
INFO: [ app_init ] --START--
INFO: Run Behavior\BuildLiteBehavior [ RunTime:0.000000s ]
INFO: [ app_init ] --END-- [ RunTime:0.000000s ]
INFO: [ app_begin ] --START--
INFO: Run Behavior\ReadHtmlCacheBehavior [ RunTime:0.015625s ]
INFO: [ app_begin ] --END-- [ RunTime:0.015625s ]
SQL: SHOW COLUMNS FROM `wlm_news` [ RunTime:0.0156s ]
SQL: SELECT * FROM `wlm_news` ORDER BY create_time desc  [ RunTime:0.2031s ]
SQL: SHOW COLUMNS FROM `wlm_article` [ RunTime:0.0156s ]
SQL: SELECT * FROM `wlm_article` WHERE ( id = 24 ) LIMIT 1   [ RunTime:0.0156s ]
SQL: SHOW COLUMNS FROM `wlm_img` [ RunTime:0.0156s ]
SQL: SELECT * FROM `wlm_img`  [ RunTime:0.0156s ]
SQL: SHOW COLUMNS FROM `wlm_flash` [ RunTime:0.0156s ]
SQL: SELECT * FROM `wlm_flash`  [ RunTime:0.0156s ]
INFO: [ view_parse ] --START--
INFO: [ template_filter ] --START--
INFO: Run Behavior\ContentReplaceBehavior [ RunTime:0.000000s ]
INFO: [ template_filter ] --END-- [ RunTime:0.000000s ]
INFO: Run Behavior\ParseTemplateBehavior [ RunTime:0.031250s ]
INFO: [ view_parse ] --END-- [ RunTime:0.031250s ]
INFO: [ view_filter ] --START--
INFO: Run Behavior\WriteHtmlCacheBehavior [ RunTime:0.000000s ]
INFO: [ view_filter ] --END-- [ RunTime:0.000000s ]
INFO: [ app_end ] --START--
INFO: Run Behavior\ShowPageTraceBehavior [ RunTime:0.000000s ]
INFO: [ app_end ] --END-- [ RunTime:0.000000s ]

[ 2016-06-24T09:12:39+08:00 ] 127.0.0.1 /index.php?s=/Index/index.html
INFO: [ app_init ] --START--
INFO: Run Behavior\BuildLiteBehavior [ RunTime:0.000000s ]
INFO: [ app_init ] --END-- [ RunTime:0.000000s ]
INFO: [ app_begin ] --START--
INFO: Run Behavior\ReadHtmlCacheBehavior [ RunTime:0.000000s ]
INFO: [ app_begin ] --END-- [ RunTime:0.000000s ]
SQL: SHOW COLUMNS FROM `wlm_news` [ RunTime:0.0156s ]
SQL: SELECT * FROM `wlm_news` ORDER BY create_time desc  [ RunTime:0.0938s ]
SQL: SHOW COLUMNS FROM `wlm_article` [ RunTime:0.0156s ]
SQL: SELECT * FROM `wlm_article` WHERE ( id = 24 ) LIMIT 1   [ RunTime:0.0156s ]
SQL: SHOW COLUMNS FROM `wlm_img` [ RunTime:0.0156s ]
SQL: SELECT * FROM `wlm_img`  [ RunTime:0.0000s ]
SQL: SHOW COLUMNS FROM `wlm_flash` [ RunTime:0.0156s ]
SQL: SELECT * FROM `wlm_flash`  [ RunTime:0.0156s ]
INFO: [ view_parse ] --START--
INFO: [ template_filter ] --START--
INFO: Run Behavior\ContentReplaceBehavior [ RunTime:0.000000s ]
INFO: [ template_filter ] --END-- [ RunTime:0.000000s ]
INFO: Run Behavior\ParseTemplateBehavior [ RunTime:0.031250s ]
INFO: [ view_parse ] --END-- [ RunTime:0.031250s ]
INFO: [ view_filter ] --START--
INFO: Run Behavior\WriteHtmlCacheBehavior [ RunTime:0.000000s ]
INFO: [ view_filter ] --END-- [ RunTime:0.000000s ]
INFO: [ app_end ] --START--
INFO: Run Behavior\ShowPageTraceBehavior [ RunTime:0.000000s ]
INFO: [ app_end ] --END-- [ RunTime:0.000000s ]

[ 2016-06-24T09:12:41+08:00 ] 127.0.0.1 /index.php?s=/Article/show/type/1.html
INFO: [ app_init ] --START--
INFO: Run Behavior\BuildLiteBehavior [ RunTime:0.000000s ]
INFO: [ app_init ] --END-- [ RunTime:0.015625s ]
INFO: [ app_begin ] --START--
INFO: Run Behavior\ReadHtmlCacheBehavior [ RunTime:0.000000s ]
INFO: [ app_begin ] --END-- [ RunTime:0.000000s ]
NOTIC: [2048] Declaration of Home\Controller\ArticleController::show() should be compatible with Think\Controller::show($content, $charset = '', $contentType = '', $prefix = '') D:\wamp\www\Application\Home\Controller\ArticleController.class.php 第 7 行.
SQL: SHOW COLUMNS FROM `wlm_article` [ RunTime:0.0156s ]
SQL: SELECT * FROM `wlm_article` WHERE ( type=1 ) ORDER BY time desc LIMIT 1   [ RunTime:0.0156s ]
SQL: SELECT * FROM `wlm_article` WHERE ( type=1 ) ORDER BY time desc LIMIT 10   [ RunTime:0.0156s ]
INFO: [ view_parse ] --START--
INFO: [ template_filter ] --START--
INFO: Run Behavior\ContentReplaceBehavior [ RunTime:0.000000s ]
INFO: [ template_filter ] --END-- [ RunTime:0.000000s ]
NOTIC: [8] Undefined variable: title D:\wamp\www\Application\Runtime\Cache\Home\a79d9f0c35e9eb55230da039a2581632.php 第 75 行.
INFO: Run Behavior\ParseTemplateBehavior [ RunTime:0.031250s ]
INFO: [ view_parse ] --END-- [ RunTime:0.031250s ]
INFO: [ view_filter ] --START--
INFO: Run Behavior\WriteHtmlCacheBehavior [ RunTime:0.000000s ]
INFO: [ view_filter ] --END-- [ RunTime:0.000000s ]
INFO: [ app_end ] --START--
INFO: Run Behavior\ShowPageTraceBehavior [ RunTime:0.000000s ]
INFO: [ app_end ] --END-- [ RunTime:0.000000s ]

[ 2016-06-24T09:12:43+08:00 ] 127.0.0.1 /index.php?s=/Article/show/type/1.html
INFO: [ app_init ] --START--
INFO: Run Behavior\BuildLiteBehavior [ RunTime:0.000000s ]
INFO: [ app_init ] --END-- [ RunTime:0.000000s ]
INFO: [ app_begin ] --START--
INFO: Run Behavior\ReadHtmlCacheBehavior [ RunTime:0.000000s ]
INFO: [ app_begin ] --END-- [ RunTime:0.000000s ]
NOTIC: [2048] Declaration of Home\Controller\ArticleController::show() should be compatible with Think\Controller::show($content, $charset = '', $contentType = '', $prefix = '') D:\wamp\www\Application\Home\Controller\ArticleController.class.php 第 7 行.
SQL: SHOW COLUMNS FROM `wlm_article` [ RunTime:0.0156s ]
SQL: SELECT * FROM `wlm_article` WHERE ( type=1 ) ORDER BY time desc LIMIT 1   [ RunTime:0.0156s ]
SQL: SELECT * FROM `wlm_article` WHERE ( type=1 ) ORDER BY time desc LIMIT 10   [ RunTime:0.0156s ]
INFO: [ view_parse ] --START--
INFO: [ template_filter ] --START--
INFO: Run Behavior\ContentReplaceBehavior [ RunTime:0.000000s ]
INFO: [ template_filter ] --END-- [ RunTime:0.000000s ]
NOTIC: [8] Undefined variable: title D:\wamp\www\Application\Runtime\Cache\Home\a79d9f0c35e9eb55230da039a2581632.php 第 75 行.
INFO: Run Behavior\ParseTemplateBehavior [ RunTime:0.031250s ]
INFO: [ view_parse ] --END-- [ RunTime:0.031250s ]
INFO: [ view_filter ] --START--
INFO: Run Behavior\WriteHtmlCacheBehavior [ RunTime:0.000000s ]
INFO: [ view_filter ] --END-- [ RunTime:0.000000s ]
INFO: [ app_end ] --START--
INFO: Run Behavior\ShowPageTraceBehavior [ RunTime:0.000000s ]
INFO: [ app_end ] --END-- [ RunTime:0.000000s ]

[ 2016-06-24T09:13:18+08:00 ] 127.0.0.1 /index.php?s=/Article/show/type/1.html
INFO: [ app_init ] --START--
INFO: Run Behavior\BuildLiteBehavior [ RunTime:0.000000s ]
INFO: [ app_init ] --END-- [ RunTime:0.000000s ]
INFO: [ app_begin ] --START--
INFO: Run Behavior\ReadHtmlCacheBehavior [ RunTime:0.000000s ]
INFO: [ app_begin ] --END-- [ RunTime:0.000000s ]
NOTIC: [2048] Declaration of Home\Controller\ArticleController::show() should be compatible with Think\Controller::show($content, $charset = '', $contentType = '', $prefix = '') D:\wamp\www\Application\Home\Controller\ArticleController.class.php 第 7 行.
SQL: SHOW COLUMNS FROM `wlm_article` [ RunTime:0.0156s ]
SQL: SELECT * FROM `wlm_article` WHERE ( type=1 ) ORDER BY time desc LIMIT 1   [ RunTime:0.0156s ]
SQL: SELECT * FROM `wlm_article` WHERE ( type=1 ) ORDER BY time desc LIMIT 10   [ RunTime:0.0156s ]
INFO: [ view_parse ] --START--
INFO: [ template_filter ] --START--
INFO: Run Behavior\ContentReplaceBehavior [ RunTime:0.000000s ]
INFO: [ template_filter ] --END-- [ RunTime:0.000000s ]
NOTIC: [8] Undefined variable: title D:\wamp\www\Application\Runtime\Cache\Home\a79d9f0c35e9eb55230da039a2581632.php 第 75 行.
INFO: Run Behavior\ParseTemplateBehavior [ RunTime:0.031250s ]
INFO: [ view_parse ] --END-- [ RunTime:0.031250s ]
INFO: [ view_filter ] --START--
INFO: Run Behavior\WriteHtmlCacheBehavior [ RunTime:0.000000s ]
INFO: [ view_filter ] --END-- [ RunTime:0.000000s ]
INFO: [ app_end ] --START--
INFO: Run Behavior\ShowPageTraceBehavior [ RunTime:0.000000s ]
INFO: [ app_end ] --END-- [ RunTime:0.000000s ]

[ 2016-06-24T09:13:20+08:00 ] 127.0.0.1 /index.php?s=/Article/show/type/1.html
INFO: [ app_init ] --START--
INFO: Run Behavior\BuildLiteBehavior [ RunTime:0.000000s ]
INFO: [ app_init ] --END-- [ RunTime:0.000000s ]
INFO: [ app_begin ] --START--
INFO: Run Behavior\ReadHtmlCacheBehavior [ RunTime:0.015625s ]
INFO: [ app_begin ] --END-- [ RunTime:0.015625s ]
NOTIC: [2048] Declaration of Home\Controller\ArticleController::show() should be compatible with Think\Controller::show($content, $charset = '', $contentType = '', $prefix = '') D:\wamp\www\Application\Home\Controller\ArticleController.class.php 第 7 行.
SQL: SHOW COLUMNS FROM `wlm_article` [ RunTime:0.0156s ]
SQL: SELECT * FROM `wlm_article` WHERE ( type=1 ) ORDER BY time desc LIMIT 1   [ RunTime:0.0156s ]
SQL: SELECT * FROM `wlm_article` WHERE ( type=1 ) ORDER BY time desc LIMIT 10   [ RunTime:0.0156s ]
INFO: [ view_parse ] --START--
INFO: [ template_filter ] --START--
INFO: Run Behavior\ContentReplaceBehavior [ RunTime:0.000000s ]
INFO: [ template_filter ] --END-- [ RunTime:0.000000s ]
NOTIC: [8] Undefined variable: title D:\wamp\www\Application\Runtime\Cache\Home\a79d9f0c35e9eb55230da039a2581632.php 第 75 行.
INFO: Run Behavior\ParseTemplateBehavior [ RunTime:0.015625s ]
INFO: [ view_parse ] --END-- [ RunTime:0.015625s ]
INFO: [ view_filter ] --START--
INFO: Run Behavior\WriteHtmlCacheBehavior [ RunTime:0.000000s ]
INFO: [ view_filter ] --END-- [ RunTime:0.000000s ]
INFO: [ app_end ] --START--
INFO: Run Behavior\ShowPageTraceBehavior [ RunTime:0.015625s ]
INFO: [ app_end ] --END-- [ RunTime:0.015625s ]

[ 2016-06-24T09:13:21+08:00 ] 127.0.0.1 /index.php?s=/Article/show/type/2.html
INFO: [ app_init ] --START--
INFO: Run Behavior\BuildLiteBehavior [ RunTime:0.000000s ]
INFO: [ app_init ] --END-- [ RunTime:0.000000s ]
INFO: [ app_begin ] --START--
INFO: Run Behavior\ReadHtmlCacheBehavior [ RunTime:0.000000s ]
INFO: [ app_begin ] --END-- [ RunTime:0.000000s ]
NOTIC: [2048] Declaration of Home\Controller\ArticleController::show() should be compatible with Think\Controller::show($content, $charset = '', $contentType = '', $prefix = '') D:\wamp\www\Application\Home\Controller\ArticleController.class.php 第 7 行.
SQL: SHOW COLUMNS FROM `wlm_article` [ RunTime:0.0156s ]
SQL: SELECT * FROM `wlm_article` WHERE ( type=2 ) ORDER BY time desc LIMIT 1   [ RunTime:0.0156s ]
SQL: SELECT * FROM `wlm_article` WHERE ( type=2 ) ORDER BY time desc LIMIT 10   [ RunTime:0.0156s ]
INFO: [ view_parse ] --START--
INFO: [ template_filter ] --START--
INFO: Run Behavior\ContentReplaceBehavior [ RunTime:0.000000s ]
INFO: [ template_filter ] --END-- [ RunTime:0.000000s ]
NOTIC: [8] Undefined variable: title D:\wamp\www\Application\Runtime\Cache\Home\a79d9f0c35e9eb55230da039a2581632.php 第 75 行.
INFO: Run Behavior\ParseTemplateBehavior [ RunTime:0.015625s ]
INFO: [ view_parse ] --END-- [ RunTime:0.015625s ]
INFO: [ view_filter ] --START--
INFO: Run Behavior\WriteHtmlCacheBehavior [ RunTime:0.000000s ]
INFO: [ view_filter ] --END-- [ RunTime:0.000000s ]
INFO: [ app_end ] --START--
INFO: Run Behavior\ShowPageTraceBehavior [ RunTime:0.000000s ]
INFO: [ app_end ] --END-- [ RunTime:0.000000s ]

[ 2016-06-24T09:13:22+08:00 ] 127.0.0.1 /index.php?s=/Article/show/type/3.html
INFO: [ app_init ] --START--
INFO: Run Behavior\BuildLiteBehavior [ RunTime:0.000000s ]
INFO: [ app_init ] --END-- [ RunTime:0.000000s ]
INFO: [ app_begin ] --START--
INFO: Run Behavior\ReadHtmlCacheBehavior [ RunTime:0.000000s ]
INFO: [ app_begin ] --END-- [ RunTime:0.000000s ]
NOTIC: [2048] Declaration of Home\Controller\ArticleController::show() should be compatible with Think\Controller::show($content, $charset = '', $contentType = '', $prefix = '') D:\wamp\www\Application\Home\Controller\ArticleController.class.php 第 7 行.
SQL: SHOW COLUMNS FROM `wlm_article` [ RunTime:0.0156s ]
SQL: SELECT * FROM `wlm_article` WHERE ( type=3 ) ORDER BY time desc LIMIT 1   [ RunTime:0.0156s ]
SQL: SELECT * FROM `wlm_article` WHERE ( type=3 ) ORDER BY time desc LIMIT 10   [ RunTime:0.0156s ]
INFO: [ view_parse ] --START--
INFO: [ template_filter ] --START--
INFO: Run Behavior\ContentReplaceBehavior [ RunTime:0.000000s ]
INFO: [ template_filter ] --END-- [ RunTime:0.000000s ]
NOTIC: [8] Undefined variable: title D:\wamp\www\Application\Runtime\Cache\Home\a79d9f0c35e9eb55230da039a2581632.php 第 75 行.
INFO: Run Behavior\ParseTemplateBehavior [ RunTime:0.031250s ]
INFO: [ view_parse ] --END-- [ RunTime:0.031250s ]
INFO: [ view_filter ] --START--
INFO: Run Behavior\WriteHtmlCacheBehavior [ RunTime:0.000000s ]
INFO: [ view_filter ] --END-- [ RunTime:0.000000s ]
INFO: [ app_end ] --START--
INFO: Run Behavior\ShowPageTraceBehavior [ RunTime:0.000000s ]
INFO: [ app_end ] --END-- [ RunTime:0.000000s ]

[ 2016-06-24T09:13:23+08:00 ] 127.0.0.1 /index.php?s=/Article/show/type/2.html
INFO: [ app_init ] --START--
INFO: Run Behavior\BuildLiteBehavior [ RunTime:0.000000s ]
INFO: [ app_init ] --END-- [ RunTime:0.000000s ]
INFO: [ app_begin ] --START--
INFO: Run Behavior\ReadHtmlCacheBehavior [ RunTime:0.000000s ]
INFO: [ app_begin ] --END-- [ RunTime:0.000000s ]
NOTIC: [2048] Declaration of Home\Controller\ArticleController::show() should be compatible with Think\Controller::show($content, $charset = '', $contentType = '', $prefix = '') D:\wamp\www\Application\Home\Controller\ArticleController.class.php 第 7 行.
SQL: SHOW COLUMNS FROM `wlm_article` [ RunTime:0.0156s ]
SQL: SELECT * FROM `wlm_article` WHERE ( type=2 ) ORDER BY time desc LIMIT 1   [ RunTime:0.0156s ]
SQL: SELECT * FROM `wlm_article` WHERE ( type=2 ) ORDER BY time desc LIMIT 10   [ RunTime:0.0156s ]
INFO: [ view_parse ] --START--
INFO: [ template_filter ] --START--
INFO: Run Behavior\ContentReplaceBehavior [ RunTime:0.000000s ]
INFO: [ template_filter ] --END-- [ RunTime:0.000000s ]
NOTIC: [8] Undefined variable: title D:\wamp\www\Application\Runtime\Cache\Home\a79d9f0c35e9eb55230da039a2581632.php 第 75 行.
INFO: Run Behavior\ParseTemplateBehavior [ RunTime:0.031250s ]
INFO: [ view_parse ] --END-- [ RunTime:0.031250s ]
INFO: [ view_filter ] --START--
INFO: Run Behavior\WriteHtmlCacheBehavior [ RunTime:0.000000s ]
INFO: [ view_filter ] --END-- [ RunTime:0.000000s ]
INFO: [ app_end ] --START--
INFO: Run Behavior\ShowPageTraceBehavior [ RunTime:0.000000s ]
INFO: [ app_end ] --END-- [ RunTime:0.000000s ]

[ 2016-06-24T09:13:24+08:00 ] 127.0.0.1 /index.php?s=/Article/show/type/2.html
INFO: [ app_init ] --START--
INFO: Run Behavior\BuildLiteBehavior [ RunTime:0.000000s ]
INFO: [ app_init ] --END-- [ RunTime:0.000000s ]
INFO: [ app_begin ] --START--
INFO: Run Behavior\ReadHtmlCacheBehavior [ RunTime:0.000000s ]
INFO: [ app_begin ] --END-- [ RunTime:0.000000s ]
NOTIC: [2048] Declaration of Home\Controller\ArticleController::show() should be compatible with Think\Controller::show($content, $charset = '', $contentType = '', $prefix = '') D:\wamp\www\Application\Home\Controller\ArticleController.class.php 第 7 行.
SQL: SHOW COLUMNS FROM `wlm_article` [ RunTime:0.0156s ]
SQL: SELECT * FROM `wlm_article` WHERE ( type=2 ) ORDER BY time desc LIMIT 1   [ RunTime:0.0000s ]
SQL: SELECT * FROM `wlm_article` WHERE ( type=2 ) ORDER BY time desc LIMIT 10   [ RunTime:0.0156s ]
INFO: [ view_parse ] --START--
INFO: [ template_filter ] --START--
INFO: Run Behavior\ContentReplaceBehavior [ RunTime:0.000000s ]
INFO: [ template_filter ] --END-- [ RunTime:0.000000s ]
NOTIC: [8] Undefined variable: title D:\wamp\www\Application\Runtime\Cache\Home\a79d9f0c35e9eb55230da039a2581632.php 第 75 行.
INFO: Run Behavior\ParseTemplateBehavior [ RunTime:0.015625s ]
INFO: [ view_parse ] --END-- [ RunTime:0.015625s ]
INFO: [ view_filter ] --START--
INFO: Run Behavior\WriteHtmlCacheBehavior [ RunTime:0.000000s ]
INFO: [ view_filter ] --END-- [ RunTime:0.000000s ]
INFO: [ app_end ] --START--
INFO: Run Behavior\ShowPageTraceBehavior [ RunTime:0.000000s ]
INFO: [ app_end ] --END-- [ RunTime:0.000000s ]

[ 2016-06-24T09:13:25+08:00 ] 127.0.0.1 /index.php?s=/Article/show/type/2.html
INFO: [ app_init ] --START--
INFO: Run Behavior\BuildLiteBehavior [ RunTime:0.000000s ]
INFO: [ app_init ] --END-- [ RunTime:0.000000s ]
INFO: [ app_begin ] --START--
INFO: Run Behavior\ReadHtmlCacheBehavior [ RunTime:0.000000s ]
INFO: [ app_begin ] --END-- [ RunTime:0.000000s ]
NOTIC: [2048] Declaration of Home\Controller\ArticleController::show() should be compatible with Think\Controller::show($content, $charset = '', $contentType = '', $prefix = '') D:\wamp\www\Application\Home\Controller\ArticleController.class.php 第 7 行.
SQL: SHOW COLUMNS FROM `wlm_article` [ RunTime:0.0156s ]
SQL: SELECT * FROM `wlm_article` WHERE ( type=2 ) ORDER BY time desc LIMIT 1   [ RunTime:0.0156s ]
SQL: SELECT * FROM `wlm_article` WHERE ( type=2 ) ORDER BY time desc LIMIT 10   [ RunTime:0.0156s ]
INFO: [ view_parse ] --START--
INFO: [ template_filter ] --START--
INFO: Run Behavior\ContentReplaceBehavior [ RunTime:0.000000s ]
INFO: [ template_filter ] --END-- [ RunTime:0.000000s ]
NOTIC: [8] Undefined variable: title D:\wamp\www\Application\Runtime\Cache\Home\a79d9f0c35e9eb55230da039a2581632.php 第 75 行.
INFO: Run Behavior\ParseTemplateBehavior [ RunTime:0.031250s ]
INFO: [ view_parse ] --END-- [ RunTime:0.031250s ]
INFO: [ view_filter ] --START--
INFO: Run Behavior\WriteHtmlCacheBehavior [ RunTime:0.000000s ]
INFO: [ view_filter ] --END-- [ RunTime:0.000000s ]
INFO: [ app_end ] --START--
INFO: Run Behavior\ShowPageTraceBehavior [ RunTime:0.000000s ]
INFO: [ app_end ] --END-- [ RunTime:0.000000s ]

[ 2016-06-24T09:13:27+08:00 ] 127.0.0.1 /index.php?s=/Index/index.html
INFO: [ app_init ] --START--
INFO: Run Behavior\BuildLiteBehavior [ RunTime:0.000000s ]
INFO: [ app_init ] --END-- [ RunTime:0.000000s ]
INFO: [ app_begin ] --START--
INFO: Run Behavior\ReadHtmlCacheBehavior [ RunTime:0.000000s ]
INFO: [ app_begin ] --END-- [ RunTime:0.000000s ]
SQL: SHOW COLUMNS FROM `wlm_news` [ RunTime:0.0156s ]
SQL: SELECT * FROM `wlm_news` ORDER BY create_time desc  [ RunTime:0.1094s ]
SQL: SHOW COLUMNS FROM `wlm_article` [ RunTime:0.0313s ]
SQL: SELECT * FROM `wlm_article` WHERE ( id = 24 ) LIMIT 1   [ RunTime:0.0156s ]
SQL: SHOW COLUMNS FROM `wlm_img` [ RunTime:0.0156s ]
SQL: SELECT * FROM `wlm_img`  [ RunTime:0.0156s ]
SQL: SHOW COLUMNS FROM `wlm_flash` [ RunTime:0.0156s ]
SQL: SELECT * FROM `wlm_flash`  [ RunTime:0.0156s ]
INFO: [ view_parse ] --START--
INFO: [ template_filter ] --START--
INFO: Run Behavior\ContentReplaceBehavior [ RunTime:0.000000s ]
INFO: [ template_filter ] --END-- [ RunTime:0.000000s ]
INFO: Run Behavior\ParseTemplateBehavior [ RunTime:0.031250s ]
INFO: [ view_parse ] --END-- [ RunTime:0.031250s ]
INFO: [ view_filter ] --START--
INFO: Run Behavior\WriteHtmlCacheBehavior [ RunTime:0.000000s ]
INFO: [ view_filter ] --END-- [ RunTime:0.000000s ]
INFO: [ app_end ] --START--
INFO: Run Behavior\ShowPageTraceBehavior [ RunTime:0.000000s ]
INFO: [ app_end ] --END-- [ RunTime:0.000000s ]

