[ 2016-08-06T13:17:41+08:00 ] ::1 /
INFO: [ app_init ] --START--
INFO: Run Behavior\BuildLiteBehavior [ RunTime:0.000000s ]
INFO: [ app_init ] --END-- [ RunTime:0.002000s ]
INFO: [ app_begin ] --START--
INFO: Run Behavior\ReadHtmlCacheBehavior [ RunTime:0.002000s ]
INFO: [ app_begin ] --END-- [ RunTime:0.002000s ]
SQL: SHOW COLUMNS FROM `wlm_news` [ RunTime:0.0130s ]
SQL: SELECT * FROM `wlm_news` ORDER BY create_time desc  [ RunTime:0.1220s ]
SQL: SHOW COLUMNS FROM `wlm_article` [ RunTime:0.0130s ]
SQL: SELECT * FROM `wlm_article` WHERE ( id = 24 ) LIMIT 1   [ RunTime:0.0130s ]
SQL: SHOW COLUMNS FROM `wlm_img` [ RunTime:0.0130s ]
SQL: SELECT * FROM `wlm_img`  [ RunTime:0.0130s ]
SQL: SHOW COLUMNS FROM `wlm_flash` [ RunTime:0.0120s ]
SQL: SELECT * FROM `wlm_flash`  [ RunTime:0.0130s ]
INFO: [ view_parse ] --START--
INFO: [ template_filter ] --START--
INFO: Run Behavior\ContentReplaceBehavior [ RunTime:0.000000s ]
INFO: [ template_filter ] --END-- [ RunTime:0.001000s ]
INFO: Run Behavior\ParseTemplateBehavior [ RunTime:0.086005s ]
INFO: [ view_parse ] --END-- [ RunTime:0.086005s ]
INFO: [ view_filter ] --START--
INFO: Run Behavior\WriteHtmlCacheBehavior [ RunTime:0.017001s ]
INFO: [ view_filter ] --END-- [ RunTime:0.017001s ]
INFO: [ app_end ] --START--
INFO: Run Behavior\ShowPageTraceBehavior [ RunTime:0.022001s ]
INFO: [ app_end ] --END-- [ RunTime:0.023001s ]

[ 2016-08-06T13:19:34+08:00 ] ::1 /
INFO: [ app_init ] --START--
INFO: Run Behavior\BuildLiteBehavior [ RunTime:0.000000s ]
INFO: [ app_init ] --END-- [ RunTime:0.000000s ]
INFO: [ app_begin ] --START--
INFO: Run Behavior\ReadHtmlCacheBehavior [ RunTime:0.001000s ]
INFO: [ app_begin ] --END-- [ RunTime:0.001000s ]
SQL: SHOW COLUMNS FROM `wlm_news` [ RunTime:0.0150s ]
SQL: SELECT * FROM `wlm_news` ORDER BY create_time desc  [ RunTime:6.9494s ]
SQL: SHOW COLUMNS FROM `wlm_article` [ RunTime:0.0140s ]
SQL: SELECT * FROM `wlm_article` WHERE ( id = 24 ) LIMIT 1   [ RunTime:0.0140s ]
SQL: SHOW COLUMNS FROM `wlm_img` [ RunTime:0.0130s ]
SQL: SELECT * FROM `wlm_img`  [ RunTime:0.0130s ]
SQL: SHOW COLUMNS FROM `wlm_flash` [ RunTime:0.0150s ]
SQL: SELECT * FROM `wlm_flash`  [ RunTime:0.0140s ]
INFO: [ view_parse ] --START--
INFO: [ template_filter ] --START--
INFO: Run Behavior\ContentReplaceBehavior [ RunTime:0.000000s ]
INFO: [ template_filter ] --END-- [ RunTime:0.000000s ]
INFO: Run Behavior\ParseTemplateBehavior [ RunTime:0.032002s ]
INFO: [ view_parse ] --END-- [ RunTime:0.032002s ]
INFO: [ view_filter ] --START--
INFO: Run Behavior\WriteHtmlCacheBehavior [ RunTime:0.001000s ]
INFO: [ view_filter ] --END-- [ RunTime:0.001000s ]
INFO: [ app_end ] --START--
INFO: Run Behavior\ShowPageTraceBehavior [ RunTime:0.001000s ]
INFO: [ app_end ] --END-- [ RunTime:0.003000s ]

[ 2016-08-06T13:20:24+08:00 ] ::1 /
INFO: [ app_init ] --START--
INFO: Run Behavior\BuildLiteBehavior [ RunTime:0.000000s ]
INFO: [ app_init ] --END-- [ RunTime:0.001000s ]
INFO: [ app_begin ] --START--
INFO: Run Behavior\ReadHtmlCacheBehavior [ RunTime:0.001000s ]
INFO: [ app_begin ] --END-- [ RunTime:0.001000s ]
SQL: SHOW COLUMNS FROM `wlm_news` [ RunTime:0.0170s ]
SQL: SELECT * FROM `wlm_news` ORDER BY create_time desc  [ RunTime:0.4580s ]
SQL: SHOW COLUMNS FROM `wlm_article` [ RunTime:0.0180s ]
SQL: SELECT * FROM `wlm_article` WHERE ( id = 24 ) LIMIT 1   [ RunTime:0.0160s ]
SQL: SHOW COLUMNS FROM `wlm_img` [ RunTime:0.0170s ]
SQL: SELECT * FROM `wlm_img`  [ RunTime:0.0140s ]
SQL: SHOW COLUMNS FROM `wlm_flash` [ RunTime:0.0150s ]
SQL: SELECT * FROM `wlm_flash`  [ RunTime:0.0170s ]
INFO: [ view_parse ] --START--
INFO: [ template_filter ] --START--
INFO: Run Behavior\ContentReplaceBehavior [ RunTime:0.000000s ]
INFO: [ template_filter ] --END-- [ RunTime:0.000000s ]
INFO: Run Behavior\ParseTemplateBehavior [ RunTime:0.030001s ]
INFO: [ view_parse ] --END-- [ RunTime:0.031002s ]
INFO: [ view_filter ] --START--
INFO: Run Behavior\WriteHtmlCacheBehavior [ RunTime:0.001000s ]
INFO: [ view_filter ] --END-- [ RunTime:0.001000s ]
INFO: [ app_end ] --START--
INFO: Run Behavior\ShowPageTraceBehavior [ RunTime:0.002000s ]
INFO: [ app_end ] --END-- [ RunTime:0.002000s ]

[ 2016-08-06T13:20:38+08:00 ] ::1 /
INFO: [ app_init ] --START--
INFO: Run Behavior\BuildLiteBehavior [ RunTime:0.000000s ]
INFO: [ app_init ] --END-- [ RunTime:0.002000s ]
INFO: [ app_begin ] --START--
INFO: Run Behavior\ReadHtmlCacheBehavior [ RunTime:0.001000s ]
INFO: [ app_begin ] --END-- [ RunTime:0.002000s ]
SQL: SHOW COLUMNS FROM `wlm_news` [ RunTime:0.0150s ]
SQL: SELECT * FROM `wlm_news` ORDER BY create_time desc  [ RunTime:0.1100s ]
SQL: SHOW COLUMNS FROM `wlm_article` [ RunTime:0.0140s ]
SQL: SELECT * FROM `wlm_article` WHERE ( id = 24 ) LIMIT 1   [ RunTime:0.0130s ]
SQL: SHOW COLUMNS FROM `wlm_img` [ RunTime:0.0120s ]
SQL: SELECT * FROM `wlm_img`  [ RunTime:0.0130s ]
SQL: SHOW COLUMNS FROM `wlm_flash` [ RunTime:0.0140s ]
SQL: SELECT * FROM `wlm_flash`  [ RunTime:0.0130s ]
INFO: [ view_parse ] --START--
INFO: [ template_filter ] --START--
INFO: Run Behavior\ContentReplaceBehavior [ RunTime:0.000000s ]
INFO: [ template_filter ] --END-- [ RunTime:0.000000s ]
INFO: Run Behavior\ParseTemplateBehavior [ RunTime:0.031002s ]
INFO: [ view_parse ] --END-- [ RunTime:0.032002s ]
INFO: [ view_filter ] --START--
INFO: Run Behavior\WriteHtmlCacheBehavior [ RunTime:0.001000s ]
INFO: [ view_filter ] --END-- [ RunTime:0.001000s ]
INFO: [ app_end ] --START--
INFO: Run Behavior\ShowPageTraceBehavior [ RunTime:0.001000s ]
INFO: [ app_end ] --END-- [ RunTime:0.003000s ]

[ 2016-08-06T13:21:25+08:00 ] ::1 /
INFO: [ app_init ] --START--
INFO: Run Behavior\BuildLiteBehavior [ RunTime:0.000000s ]
INFO: [ app_init ] --END-- [ RunTime:0.001000s ]
INFO: [ app_begin ] --START--
INFO: Run Behavior\ReadHtmlCacheBehavior [ RunTime:0.002000s ]
INFO: [ app_begin ] --END-- [ RunTime:0.002000s ]
SQL: SHOW COLUMNS FROM `wlm_news` [ RunTime:0.0140s ]
SQL: SELECT * FROM `wlm_news` ORDER BY create_time desc  [ RunTime:0.1080s ]
SQL: SHOW COLUMNS FROM `wlm_article` [ RunTime:0.0130s ]
SQL: SELECT * FROM `wlm_article` WHERE ( id = 24 ) LIMIT 1   [ RunTime:0.0120s ]
SQL: SHOW COLUMNS FROM `wlm_img` [ RunTime:0.0130s ]
SQL: SELECT * FROM `wlm_img`  [ RunTime:0.0120s ]
SQL: SHOW COLUMNS FROM `wlm_flash` [ RunTime:0.0130s ]
SQL: SELECT * FROM `wlm_flash`  [ RunTime:0.0130s ]
INFO: [ view_parse ] --START--
INFO: [ template_filter ] --START--
INFO: Run Behavior\ContentReplaceBehavior [ RunTime:0.000000s ]
INFO: [ template_filter ] --END-- [ RunTime:0.000000s ]
INFO: Run Behavior\ParseTemplateBehavior [ RunTime:0.033002s ]
INFO: [ view_parse ] --END-- [ RunTime:0.034002s ]
INFO: [ view_filter ] --START--
INFO: Run Behavior\WriteHtmlCacheBehavior [ RunTime:0.001000s ]
INFO: [ view_filter ] --END-- [ RunTime:0.001000s ]
INFO: [ app_end ] --START--
INFO: Run Behavior\ShowPageTraceBehavior [ RunTime:0.002000s ]
INFO: [ app_end ] --END-- [ RunTime:0.002000s ]

[ 2016-08-06T13:22:30+08:00 ] ::1 /
INFO: [ app_init ] --START--
INFO: Run Behavior\BuildLiteBehavior [ RunTime:0.000000s ]
INFO: [ app_init ] --END-- [ RunTime:0.001000s ]
INFO: [ app_begin ] --START--
INFO: Run Behavior\ReadHtmlCacheBehavior [ RunTime:0.002000s ]
INFO: [ app_begin ] --END-- [ RunTime:0.002000s ]
SQL: SHOW COLUMNS FROM `wlm_news` [ RunTime:0.0130s ]
SQL: SELECT * FROM `wlm_news` ORDER BY create_time desc  [ RunTime:0.1090s ]
SQL: SHOW COLUMNS FROM `wlm_article` [ RunTime:0.0140s ]
SQL: SELECT * FROM `wlm_article` WHERE ( id = 24 ) LIMIT 1   [ RunTime:0.0130s ]
SQL: SHOW COLUMNS FROM `wlm_img` [ RunTime:0.0120s ]
SQL: SELECT * FROM `wlm_img`  [ RunTime:0.0130s ]
SQL: SHOW COLUMNS FROM `wlm_flash` [ RunTime:0.0130s ]
SQL: SELECT * FROM `wlm_flash`  [ RunTime:0.0140s ]
INFO: [ view_parse ] --START--
INFO: [ template_filter ] --START--
INFO: Run Behavior\ContentReplaceBehavior [ RunTime:0.000000s ]
INFO: [ template_filter ] --END-- [ RunTime:0.000000s ]
INFO: Run Behavior\ParseTemplateBehavior [ RunTime:0.029002s ]
INFO: [ view_parse ] --END-- [ RunTime:0.029002s ]
INFO: [ view_filter ] --START--
INFO: Run Behavior\WriteHtmlCacheBehavior [ RunTime:0.001000s ]
INFO: [ view_filter ] --END-- [ RunTime:0.001000s ]
INFO: [ app_end ] --START--
INFO: Run Behavior\ShowPageTraceBehavior [ RunTime:0.001000s ]
INFO: [ app_end ] --END-- [ RunTime:0.002000s ]

[ 2016-08-06T13:22:50+08:00 ] ::1 /
INFO: [ app_init ] --START--
INFO: Run Behavior\BuildLiteBehavior [ RunTime:0.000000s ]
INFO: [ app_init ] --END-- [ RunTime:0.001000s ]
INFO: [ app_begin ] --START--
INFO: Run Behavior\ReadHtmlCacheBehavior [ RunTime:0.001000s ]
INFO: [ app_begin ] --END-- [ RunTime:0.001000s ]
SQL: SHOW COLUMNS FROM `wlm_news` [ RunTime:0.0130s ]
SQL: SELECT * FROM `wlm_news` ORDER BY create_time desc  [ RunTime:13.8448s ]
SQL: SHOW COLUMNS FROM `wlm_article` [ RunTime:0.0140s ]
SQL: SELECT * FROM `wlm_article` WHERE ( id = 24 ) LIMIT 1   [ RunTime:0.0140s ]
SQL: SHOW COLUMNS FROM `wlm_img` [ RunTime:0.0150s ]
SQL: SELECT * FROM `wlm_img`  [ RunTime:0.0130s ]
SQL: SHOW COLUMNS FROM `wlm_flash` [ RunTime:0.0130s ]
SQL: SELECT * FROM `wlm_flash`  [ RunTime:0.0140s ]
INFO: [ view_parse ] --START--
INFO: [ template_filter ] --START--
INFO: Run Behavior\ContentReplaceBehavior [ RunTime:0.000000s ]
INFO: [ template_filter ] --END-- [ RunTime:0.000000s ]
INFO: Run Behavior\ParseTemplateBehavior [ RunTime:0.039002s ]
INFO: [ view_parse ] --END-- [ RunTime:0.039002s ]
INFO: [ view_filter ] --START--
INFO: Run Behavior\WriteHtmlCacheBehavior [ RunTime:0.001000s ]
INFO: [ view_filter ] --END-- [ RunTime:0.001000s ]
INFO: [ app_end ] --START--
INFO: Run Behavior\ShowPageTraceBehavior [ RunTime:0.001001s ]
INFO: [ app_end ] --END-- [ RunTime:0.002001s ]

[ 2016-08-06T13:24:33+08:00 ] ::1 /
INFO: [ app_init ] --START--
INFO: Run Behavior\BuildLiteBehavior [ RunTime:0.000000s ]
INFO: [ app_init ] --END-- [ RunTime:0.002000s ]
INFO: [ app_begin ] --START--
INFO: Run Behavior\ReadHtmlCacheBehavior [ RunTime:0.001000s ]
INFO: [ app_begin ] --END-- [ RunTime:0.001000s ]
SQL: SHOW COLUMNS FROM `wlm_news` [ RunTime:0.0130s ]
SQL: SELECT * FROM `wlm_news` ORDER BY create_time desc  [ RunTime:0.0940s ]
SQL: SHOW COLUMNS FROM `wlm_article` [ RunTime:0.0130s ]
SQL: SELECT * FROM `wlm_article` WHERE ( id = 24 ) LIMIT 1   [ RunTime:0.0140s ]
SQL: SHOW COLUMNS FROM `wlm_img` [ RunTime:0.0140s ]
SQL: SELECT * FROM `wlm_img`  [ RunTime:0.0140s ]
SQL: SHOW COLUMNS FROM `wlm_flash` [ RunTime:0.0140s ]
SQL: SELECT * FROM `wlm_flash`  [ RunTime:0.0140s ]
INFO: [ view_parse ] --START--
INFO: [ template_filter ] --START--
INFO: Run Behavior\ContentReplaceBehavior [ RunTime:0.001000s ]
INFO: [ template_filter ] --END-- [ RunTime:0.001000s ]
INFO: Run Behavior\ParseTemplateBehavior [ RunTime:0.030002s ]
INFO: [ view_parse ] --END-- [ RunTime:0.030002s ]
INFO: [ view_filter ] --START--
INFO: Run Behavior\WriteHtmlCacheBehavior [ RunTime:0.001000s ]
INFO: [ view_filter ] --END-- [ RunTime:0.002000s ]
INFO: [ app_end ] --START--
INFO: Run Behavior\ShowPageTraceBehavior [ RunTime:0.001000s ]
INFO: [ app_end ] --END-- [ RunTime:0.001000s ]

[ 2016-08-06T13:25:36+08:00 ] ::1 /
INFO: [ app_init ] --START--
INFO: Run Behavior\BuildLiteBehavior [ RunTime:0.000000s ]
INFO: [ app_init ] --END-- [ RunTime:0.001000s ]
INFO: [ app_begin ] --START--
INFO: Run Behavior\ReadHtmlCacheBehavior [ RunTime:0.001000s ]
INFO: [ app_begin ] --END-- [ RunTime:0.002000s ]
SQL: SHOW COLUMNS FROM `wlm_news` [ RunTime:0.0140s ]
SQL: SELECT * FROM `wlm_news` ORDER BY create_time desc  [ RunTime:0.1170s ]
SQL: SHOW COLUMNS FROM `wlm_article` [ RunTime:0.0130s ]
SQL: SELECT * FROM `wlm_article` WHERE ( id = 24 ) LIMIT 1   [ RunTime:0.0130s ]
SQL: SHOW COLUMNS FROM `wlm_img` [ RunTime:0.0140s ]
SQL: SELECT * FROM `wlm_img`  [ RunTime:0.0130s ]
SQL: SHOW COLUMNS FROM `wlm_flash` [ RunTime:0.0140s ]
SQL: SELECT * FROM `wlm_flash`  [ RunTime:0.0150s ]
INFO: [ view_parse ] --START--
INFO: [ template_filter ] --START--
INFO: Run Behavior\ContentReplaceBehavior [ RunTime:0.000000s ]
INFO: [ template_filter ] --END-- [ RunTime:0.001000s ]
INFO: Run Behavior\ParseTemplateBehavior [ RunTime:0.030002s ]
INFO: [ view_parse ] --END-- [ RunTime:0.030002s ]
INFO: [ view_filter ] --START--
INFO: Run Behavior\WriteHtmlCacheBehavior [ RunTime:0.000000s ]
INFO: [ view_filter ] --END-- [ RunTime:0.002000s ]
INFO: [ app_end ] --START--
INFO: Run Behavior\ShowPageTraceBehavior [ RunTime:0.002000s ]
INFO: [ app_end ] --END-- [ RunTime:0.002000s ]

[ 2016-08-06T13:28:00+08:00 ] ::1 /
INFO: [ app_init ] --START--
INFO: Run Behavior\BuildLiteBehavior [ RunTime:0.000000s ]
INFO: [ app_init ] --END-- [ RunTime:0.001001s ]
INFO: [ app_begin ] --START--
INFO: Run Behavior\ReadHtmlCacheBehavior [ RunTime:0.001000s ]
INFO: [ app_begin ] --END-- [ RunTime:0.001000s ]
SQL: SHOW COLUMNS FROM `wlm_news` [ RunTime:0.0160s ]
SQL: SELECT * FROM `wlm_news` ORDER BY create_time desc  [ RunTime:0.1070s ]
SQL: SHOW COLUMNS FROM `wlm_article` [ RunTime:0.0130s ]
SQL: SELECT * FROM `wlm_article` WHERE ( id = 24 ) LIMIT 1   [ RunTime:0.0140s ]
SQL: SHOW COLUMNS FROM `wlm_img` [ RunTime:0.0130s ]
SQL: SELECT * FROM `wlm_img`  [ RunTime:0.0130s ]
SQL: SHOW COLUMNS FROM `wlm_flash` [ RunTime:0.0130s ]
SQL: SELECT * FROM `wlm_flash`  [ RunTime:0.0120s ]
INFO: [ view_parse ] --START--
INFO: [ template_filter ] --START--
INFO: Run Behavior\ContentReplaceBehavior [ RunTime:0.000000s ]
INFO: [ template_filter ] --END-- [ RunTime:0.001000s ]
INFO: Run Behavior\ParseTemplateBehavior [ RunTime:0.031002s ]
INFO: [ view_parse ] --END-- [ RunTime:0.031002s ]
INFO: [ view_filter ] --START--
INFO: Run Behavior\WriteHtmlCacheBehavior [ RunTime:0.001000s ]
INFO: [ view_filter ] --END-- [ RunTime:0.001000s ]
INFO: [ app_end ] --START--
INFO: Run Behavior\ShowPageTraceBehavior [ RunTime:0.001000s ]
INFO: [ app_end ] --END-- [ RunTime:0.001000s ]

[ 2016-08-06T13:29:20+08:00 ] ::1 /
INFO: [ app_init ] --START--
INFO: Run Behavior\BuildLiteBehavior [ RunTime:0.000000s ]
INFO: [ app_init ] --END-- [ RunTime:0.002000s ]
INFO: [ app_begin ] --START--
INFO: Run Behavior\ReadHtmlCacheBehavior [ RunTime:0.001000s ]
INFO: [ app_begin ] --END-- [ RunTime:0.001000s ]
SQL: SHOW COLUMNS FROM `wlm_news` [ RunTime:0.0130s ]
SQL: SELECT * FROM `wlm_news` ORDER BY create_time desc  [ RunTime:0.1230s ]
SQL: SHOW COLUMNS FROM `wlm_article` [ RunTime:0.0140s ]
SQL: SELECT * FROM `wlm_article` WHERE ( id = 24 ) LIMIT 1   [ RunTime:0.0150s ]
SQL: SHOW COLUMNS FROM `wlm_img` [ RunTime:0.0140s ]
SQL: SELECT * FROM `wlm_img`  [ RunTime:0.0110s ]
SQL: SHOW COLUMNS FROM `wlm_flash` [ RunTime:0.0130s ]
SQL: SELECT * FROM `wlm_flash`  [ RunTime:0.0140s ]
INFO: [ view_parse ] --START--
INFO: [ template_filter ] --START--
INFO: Run Behavior\ContentReplaceBehavior [ RunTime:0.000000s ]
INFO: [ template_filter ] --END-- [ RunTime:0.000000s ]
INFO: Run Behavior\ParseTemplateBehavior [ RunTime:0.034002s ]
INFO: [ view_parse ] --END-- [ RunTime:0.036002s ]
INFO: [ view_filter ] --START--
INFO: Run Behavior\WriteHtmlCacheBehavior [ RunTime:0.002000s ]
INFO: [ view_filter ] --END-- [ RunTime:0.002000s ]
INFO: [ app_end ] --START--
INFO: Run Behavior\ShowPageTraceBehavior [ RunTime:0.002000s ]
INFO: [ app_end ] --END-- [ RunTime:0.002000s ]

[ 2016-08-06T13:48:47+08:00 ] ::1 /
INFO: [ app_init ] --START--
INFO: Run Behavior\BuildLiteBehavior [ RunTime:0.001000s ]
INFO: [ app_init ] --END-- [ RunTime:0.002000s ]
INFO: [ app_begin ] --START--
INFO: Run Behavior\ReadHtmlCacheBehavior [ RunTime:0.002001s ]
INFO: [ app_begin ] --END-- [ RunTime:0.002001s ]
SQL: SHOW COLUMNS FROM `wlm_news` [ RunTime:0.0140s ]
SQL: SELECT * FROM `wlm_news` ORDER BY create_time desc  [ RunTime:0.9431s ]
SQL: SHOW COLUMNS FROM `wlm_article` [ RunTime:0.0140s ]
SQL: SELECT * FROM `wlm_article` WHERE ( id = 24 ) LIMIT 1   [ RunTime:0.0140s ]
SQL: SHOW COLUMNS FROM `wlm_img` [ RunTime:0.0120s ]
SQL: SELECT * FROM `wlm_img`  [ RunTime:0.0140s ]
SQL: SHOW COLUMNS FROM `wlm_flash` [ RunTime:0.0130s ]
SQL: SELECT * FROM `wlm_flash`  [ RunTime:0.0140s ]
INFO: [ view_parse ] --START--
INFO: [ template_filter ] --START--
INFO: Run Behavior\ContentReplaceBehavior [ RunTime:0.000000s ]
INFO: [ template_filter ] --END-- [ RunTime:0.000000s ]
INFO: Run Behavior\ParseTemplateBehavior [ RunTime:0.032002s ]
INFO: [ view_parse ] --END-- [ RunTime:0.032002s ]
INFO: [ view_filter ] --START--
INFO: Run Behavior\WriteHtmlCacheBehavior [ RunTime:0.001000s ]
INFO: [ view_filter ] --END-- [ RunTime:0.002000s ]
INFO: [ app_end ] --START--
INFO: Run Behavior\ShowPageTraceBehavior [ RunTime:0.002000s ]
INFO: [ app_end ] --END-- [ RunTime:0.002000s ]

[ 2016-08-06T13:49:32+08:00 ] ::1 /
INFO: [ app_init ] --START--
INFO: Run Behavior\BuildLiteBehavior [ RunTime:0.000000s ]
INFO: [ app_init ] --END-- [ RunTime:0.001000s ]
INFO: [ app_begin ] --START--
INFO: Run Behavior\ReadHtmlCacheBehavior [ RunTime:0.001000s ]
INFO: [ app_begin ] --END-- [ RunTime:0.001000s ]
SQL: SHOW COLUMNS FROM `wlm_news` [ RunTime:0.0140s ]
SQL: SELECT * FROM `wlm_news` ORDER BY create_time desc  [ RunTime:0.1060s ]
SQL: SHOW COLUMNS FROM `wlm_article` [ RunTime:0.0180s ]
SQL: SELECT * FROM `wlm_article` WHERE ( id = 24 ) LIMIT 1   [ RunTime:0.0140s ]
SQL: SHOW COLUMNS FROM `wlm_img` [ RunTime:0.0140s ]
SQL: SELECT * FROM `wlm_img`  [ RunTime:0.0130s ]
SQL: SHOW COLUMNS FROM `wlm_flash` [ RunTime:0.0150s ]
SQL: SELECT * FROM `wlm_flash`  [ RunTime:0.0130s ]
INFO: [ view_parse ] --START--
INFO: [ template_filter ] --START--
INFO: Run Behavior\ContentReplaceBehavior [ RunTime:0.000000s ]
INFO: [ template_filter ] --END-- [ RunTime:0.000000s ]
INFO: Run Behavior\ParseTemplateBehavior [ RunTime:0.031001s ]
INFO: [ view_parse ] --END-- [ RunTime:0.031001s ]
INFO: [ view_filter ] --START--
INFO: Run Behavior\WriteHtmlCacheBehavior [ RunTime:0.001001s ]
INFO: [ view_filter ] --END-- [ RunTime:0.002001s ]
INFO: [ app_end ] --START--
INFO: Run Behavior\ShowPageTraceBehavior [ RunTime:0.001000s ]
INFO: [ app_end ] --END-- [ RunTime:0.002000s ]

[ 2016-08-06T13:49:38+08:00 ] ::1 /
INFO: [ app_init ] --START--
INFO: Run Behavior\BuildLiteBehavior [ RunTime:0.000000s ]
INFO: [ app_init ] --END-- [ RunTime:0.001000s ]
INFO: [ app_begin ] --START--
INFO: Run Behavior\ReadHtmlCacheBehavior [ RunTime:0.001001s ]
INFO: [ app_begin ] --END-- [ RunTime:0.001001s ]
SQL: SHOW COLUMNS FROM `wlm_news` [ RunTime:0.0150s ]
SQL: SELECT * FROM `wlm_news` ORDER BY create_time desc  [ RunTime:0.0950s ]
SQL: SHOW COLUMNS FROM `wlm_article` [ RunTime:0.0140s ]
SQL: SELECT * FROM `wlm_article` WHERE ( id = 24 ) LIMIT 1   [ RunTime:0.0130s ]
SQL: SHOW COLUMNS FROM `wlm_img` [ RunTime:0.0140s ]
SQL: SELECT * FROM `wlm_img`  [ RunTime:0.0120s ]
SQL: SHOW COLUMNS FROM `wlm_flash` [ RunTime:0.0130s ]
SQL: SELECT * FROM `wlm_flash`  [ RunTime:0.0130s ]
INFO: [ view_parse ] --START--
INFO: [ template_filter ] --START--
INFO: Run Behavior\ContentReplaceBehavior [ RunTime:0.001001s ]
INFO: [ template_filter ] --END-- [ RunTime:0.001001s ]
INFO: Run Behavior\ParseTemplateBehavior [ RunTime:0.034002s ]
INFO: [ view_parse ] --END-- [ RunTime:0.036002s ]
INFO: [ view_filter ] --START--
INFO: Run Behavior\WriteHtmlCacheBehavior [ RunTime:0.001000s ]
INFO: [ view_filter ] --END-- [ RunTime:0.001000s ]
INFO: [ app_end ] --START--
INFO: Run Behavior\ShowPageTraceBehavior [ RunTime:0.002001s ]
INFO: [ app_end ] --END-- [ RunTime:0.003001s ]

[ 2016-08-06T13:49:47+08:00 ] ::1 /
INFO: [ app_init ] --START--
INFO: Run Behavior\BuildLiteBehavior [ RunTime:0.000000s ]
INFO: [ app_init ] --END-- [ RunTime:0.001000s ]
INFO: [ app_begin ] --START--
INFO: Run Behavior\ReadHtmlCacheBehavior [ RunTime:0.001000s ]
INFO: [ app_begin ] --END-- [ RunTime:0.002000s ]
SQL: SHOW COLUMNS FROM `wlm_news` [ RunTime:0.0140s ]
SQL: SELECT * FROM `wlm_news` ORDER BY create_time desc  [ RunTime:0.1080s ]
SQL: SHOW COLUMNS FROM `wlm_article` [ RunTime:0.0150s ]
SQL: SELECT * FROM `wlm_article` WHERE ( id = 24 ) LIMIT 1   [ RunTime:0.0140s ]
SQL: SHOW COLUMNS FROM `wlm_img` [ RunTime:0.0140s ]
SQL: SELECT * FROM `wlm_img`  [ RunTime:0.0120s ]
SQL: SHOW COLUMNS FROM `wlm_flash` [ RunTime:0.0130s ]
SQL: SELECT * FROM `wlm_flash`  [ RunTime:0.0130s ]
INFO: [ view_parse ] --START--
INFO: [ template_filter ] --START--
INFO: Run Behavior\ContentReplaceBehavior [ RunTime:0.000000s ]
INFO: [ template_filter ] --END-- [ RunTime:0.001000s ]
INFO: Run Behavior\ParseTemplateBehavior [ RunTime:0.030001s ]
INFO: [ view_parse ] --END-- [ RunTime:0.030001s ]
INFO: [ view_filter ] --START--
INFO: Run Behavior\WriteHtmlCacheBehavior [ RunTime:0.001001s ]
INFO: [ view_filter ] --END-- [ RunTime:0.001001s ]
INFO: [ app_end ] --START--
INFO: Run Behavior\ShowPageTraceBehavior [ RunTime:0.001000s ]
INFO: [ app_end ] --END-- [ RunTime:0.001000s ]

[ 2016-08-06T13:54:33+08:00 ] ::1 /
INFO: [ app_init ] --START--
INFO: Run Behavior\BuildLiteBehavior [ RunTime:0.001000s ]
INFO: [ app_init ] --END-- [ RunTime:0.001000s ]
INFO: [ app_begin ] --START--
INFO: Run Behavior\ReadHtmlCacheBehavior [ RunTime:0.001000s ]
INFO: [ app_begin ] --END-- [ RunTime:0.001000s ]
SQL: SHOW COLUMNS FROM `wlm_news` [ RunTime:0.0170s ]
SQL: SELECT * FROM `wlm_news` ORDER BY create_time desc  [ RunTime:0.8390s ]
SQL: SHOW COLUMNS FROM `wlm_article` [ RunTime:0.0170s ]
SQL: SELECT * FROM `wlm_article` WHERE ( id = 24 ) LIMIT 1   [ RunTime:0.2370s ]
SQL: SHOW COLUMNS FROM `wlm_img` [ RunTime:0.0140s ]
SQL: SELECT * FROM `wlm_img`  [ RunTime:0.0160s ]
SQL: SHOW COLUMNS FROM `wlm_flash` [ RunTime:0.0160s ]
SQL: SELECT * FROM `wlm_flash`  [ RunTime:0.2340s ]
INFO: [ view_parse ] --START--
INFO: [ template_filter ] --START--
INFO: Run Behavior\ContentReplaceBehavior [ RunTime:0.001000s ]
INFO: [ template_filter ] --END-- [ RunTime:0.001000s ]
INFO: Run Behavior\ParseTemplateBehavior [ RunTime:0.030001s ]
INFO: [ view_parse ] --END-- [ RunTime:0.031001s ]
INFO: [ view_filter ] --START--
INFO: Run Behavior\WriteHtmlCacheBehavior [ RunTime:0.001000s ]
INFO: [ view_filter ] --END-- [ RunTime:0.002001s ]
INFO: [ app_end ] --START--
INFO: Run Behavior\ShowPageTraceBehavior [ RunTime:0.003000s ]
INFO: [ app_end ] --END-- [ RunTime:0.003000s ]

[ 2016-08-06T13:56:08+08:00 ] ::1 /
INFO: [ app_init ] --START--
INFO: Run Behavior\BuildLiteBehavior [ RunTime:0.000000s ]
INFO: [ app_init ] --END-- [ RunTime:0.001001s ]
INFO: [ app_begin ] --START--
INFO: Run Behavior\ReadHtmlCacheBehavior [ RunTime:0.001000s ]
INFO: [ app_begin ] --END-- [ RunTime:0.001000s ]
SQL: SHOW COLUMNS FROM `wlm_news` [ RunTime:0.0150s ]
SQL: SELECT * FROM `wlm_news` ORDER BY create_time desc  [ RunTime:0.1070s ]
SQL: SHOW COLUMNS FROM `wlm_article` [ RunTime:0.0150s ]
SQL: SELECT * FROM `wlm_article` WHERE ( id = 24 ) LIMIT 1   [ RunTime:0.0130s ]
SQL: SHOW COLUMNS FROM `wlm_img` [ RunTime:0.0130s ]
SQL: SELECT * FROM `wlm_img`  [ RunTime:0.0120s ]
SQL: SHOW COLUMNS FROM `wlm_flash` [ RunTime:0.0140s ]
SQL: SELECT * FROM `wlm_flash`  [ RunTime:0.0130s ]
INFO: [ view_parse ] --START--
INFO: [ template_filter ] --START--
INFO: Run Behavior\ContentReplaceBehavior [ RunTime:0.000000s ]
INFO: [ template_filter ] --END-- [ RunTime:0.000000s ]
INFO: Run Behavior\ParseTemplateBehavior [ RunTime:0.031002s ]
INFO: [ view_parse ] --END-- [ RunTime:0.032002s ]
INFO: [ view_filter ] --START--
INFO: Run Behavior\WriteHtmlCacheBehavior [ RunTime:0.001000s ]
INFO: [ view_filter ] --END-- [ RunTime:0.001000s ]
INFO: [ app_end ] --START--
INFO: Run Behavior\ShowPageTraceBehavior [ RunTime:0.001000s ]
INFO: [ app_end ] --END-- [ RunTime:0.002000s ]

[ 2016-08-06T13:56:18+08:00 ] ::1 /
INFO: [ app_init ] --START--
INFO: Run Behavior\BuildLiteBehavior [ RunTime:0.000000s ]
INFO: [ app_init ] --END-- [ RunTime:0.009001s ]
INFO: [ app_begin ] --START--
INFO: Run Behavior\ReadHtmlCacheBehavior [ RunTime:0.002000s ]
INFO: [ app_begin ] --END-- [ RunTime:0.002000s ]
SQL: SHOW COLUMNS FROM `wlm_news` [ RunTime:0.0130s ]
SQL: SELECT * FROM `wlm_news` ORDER BY create_time desc  [ RunTime:0.0980s ]
SQL: SHOW COLUMNS FROM `wlm_article` [ RunTime:0.0130s ]
SQL: SELECT * FROM `wlm_article` WHERE ( id = 24 ) LIMIT 1   [ RunTime:0.0160s ]
SQL: SHOW COLUMNS FROM `wlm_img` [ RunTime:0.0140s ]
SQL: SELECT * FROM `wlm_img`  [ RunTime:0.0130s ]
SQL: SHOW COLUMNS FROM `wlm_flash` [ RunTime:0.0180s ]
SQL: SELECT * FROM `wlm_flash`  [ RunTime:0.0140s ]
INFO: [ view_parse ] --START--
INFO: [ template_filter ] --START--
INFO: Run Behavior\ContentReplaceBehavior [ RunTime:0.000000s ]
INFO: [ template_filter ] --END-- [ RunTime:0.001000s ]
INFO: Run Behavior\ParseTemplateBehavior [ RunTime:0.029002s ]
INFO: [ view_parse ] --END-- [ RunTime:0.029002s ]
INFO: [ view_filter ] --START--
INFO: Run Behavior\WriteHtmlCacheBehavior [ RunTime:0.001000s ]
INFO: [ view_filter ] --END-- [ RunTime:0.003000s ]
INFO: [ app_end ] --START--
INFO: Run Behavior\ShowPageTraceBehavior [ RunTime:0.001000s ]
INFO: [ app_end ] --END-- [ RunTime:0.002000s ]

[ 2016-08-06T13:58:02+08:00 ] 127.0.0.1 /
INFO: [ app_init ] --START--
INFO: Run Behavior\BuildLiteBehavior [ RunTime:0.000000s ]
INFO: [ app_init ] --END-- [ RunTime:0.001000s ]
INFO: [ app_begin ] --START--
INFO: Run Behavior\ReadHtmlCacheBehavior [ RunTime:0.001000s ]
INFO: [ app_begin ] --END-- [ RunTime:0.002000s ]
SQL: SHOW COLUMNS FROM `wlm_news` [ RunTime:0.0160s ]
SQL: SELECT * FROM `wlm_news` ORDER BY create_time desc  [ RunTime:0.1610s ]
SQL: SHOW COLUMNS FROM `wlm_article` [ RunTime:0.2370s ]
SQL: SELECT * FROM `wlm_article` WHERE ( id = 24 ) LIMIT 1   [ RunTime:0.0160s ]
SQL: SHOW COLUMNS FROM `wlm_img` [ RunTime:0.0150s ]
SQL: SELECT * FROM `wlm_img`  [ RunTime:0.2400s ]
SQL: SHOW COLUMNS FROM `wlm_flash` [ RunTime:0.0160s ]
SQL: SELECT * FROM `wlm_flash`  [ RunTime:0.0150s ]
INFO: [ view_parse ] --START--
INFO: [ template_filter ] --START--
INFO: Run Behavior\ContentReplaceBehavior [ RunTime:0.000000s ]
INFO: [ template_filter ] --END-- [ RunTime:0.000000s ]
INFO: Run Behavior\ParseTemplateBehavior [ RunTime:0.030002s ]
INFO: [ view_parse ] --END-- [ RunTime:0.031002s ]
INFO: [ view_filter ] --START--
INFO: Run Behavior\WriteHtmlCacheBehavior [ RunTime:0.001000s ]
INFO: [ view_filter ] --END-- [ RunTime:0.002000s ]
INFO: [ app_end ] --START--
INFO: Run Behavior\ShowPageTraceBehavior [ RunTime:0.001000s ]
INFO: [ app_end ] --END-- [ RunTime:0.001000s ]

[ 2016-08-06T14:00:04+08:00 ] 127.0.0.1 /
INFO: [ app_init ] --START--
INFO: Run Behavior\BuildLiteBehavior [ RunTime:0.000000s ]
INFO: [ app_init ] --END-- [ RunTime:0.001000s ]
INFO: [ app_begin ] --START--
INFO: Run Behavior\ReadHtmlCacheBehavior [ RunTime:0.001000s ]
INFO: [ app_begin ] --END-- [ RunTime:0.001000s ]
SQL: SHOW COLUMNS FROM `wlm_news` [ RunTime:0.0120s ]
SQL: SELECT * FROM `wlm_news` ORDER BY create_time desc  [ RunTime:0.1160s ]
SQL: SHOW COLUMNS FROM `wlm_article` [ RunTime:0.0130s ]
SQL: SELECT * FROM `wlm_article` WHERE ( id = 24 ) LIMIT 1   [ RunTime:0.0140s ]
SQL: SHOW COLUMNS FROM `wlm_img` [ RunTime:0.0120s ]
SQL: SELECT * FROM `wlm_img`  [ RunTime:0.0120s ]
SQL: SHOW COLUMNS FROM `wlm_flash` [ RunTime:0.0140s ]
SQL: SELECT * FROM `wlm_flash`  [ RunTime:0.0120s ]
INFO: [ view_parse ] --START--
INFO: [ template_filter ] --START--
INFO: Run Behavior\ContentReplaceBehavior [ RunTime:0.000000s ]
INFO: [ template_filter ] --END-- [ RunTime:0.000000s ]
INFO: Run Behavior\ParseTemplateBehavior [ RunTime:0.033002s ]
INFO: [ view_parse ] --END-- [ RunTime:0.033002s ]
INFO: [ view_filter ] --START--
INFO: Run Behavior\WriteHtmlCacheBehavior [ RunTime:0.001000s ]
INFO: [ view_filter ] --END-- [ RunTime:0.002000s ]
INFO: [ app_end ] --START--
INFO: Run Behavior\ShowPageTraceBehavior [ RunTime:0.001000s ]
INFO: [ app_end ] --END-- [ RunTime:0.002000s ]

[ 2016-08-06T14:00:52+08:00 ] 127.0.0.1 /index.php?s=/Article/show/type/4.html
INFO: [ app_init ] --START--
INFO: Run Behavior\BuildLiteBehavior [ RunTime:0.000000s ]
INFO: [ app_init ] --END-- [ RunTime:0.001000s ]
INFO: [ app_begin ] --START--
INFO: Run Behavior\ReadHtmlCacheBehavior [ RunTime:0.001000s ]
INFO: [ app_begin ] --END-- [ RunTime:0.002000s ]
NOTIC: [2048] Declaration of Home\Controller\ArticleController::show() should be compatible with Think\Controller::show($content, $charset = '', $contentType = '', $prefix = '') D:\wamp\www\Application\Home\Controller\ArticleController.class.php 第 7 行.
SQL: SHOW COLUMNS FROM `wlm_article` [ RunTime:0.0140s ]
SQL: SELECT * FROM `wlm_article` WHERE ( type=4 ) ORDER BY time desc LIMIT 1   [ RunTime:0.0150s ]
SQL: SELECT * FROM `wlm_article` WHERE ( type=4 ) ORDER BY time desc LIMIT 10   [ RunTime:0.0260s ]
INFO: [ view_parse ] --START--
INFO: [ template_filter ] --START--
INFO: Run Behavior\ContentReplaceBehavior [ RunTime:0.000000s ]
INFO: [ template_filter ] --END-- [ RunTime:0.001000s ]
NOTIC: [8] Undefined variable: title D:\wamp\www\Application\Runtime\Cache\Home\a79d9f0c35e9eb55230da039a2581632.php 第 50 行.
INFO: Run Behavior\ParseTemplateBehavior [ RunTime:0.048003s ]
INFO: [ view_parse ] --END-- [ RunTime:0.049003s ]
INFO: [ view_filter ] --START--
INFO: Run Behavior\WriteHtmlCacheBehavior [ RunTime:0.001000s ]
INFO: [ view_filter ] --END-- [ RunTime:0.001000s ]
INFO: [ app_end ] --START--
INFO: Run Behavior\ShowPageTraceBehavior [ RunTime:0.002000s ]
INFO: [ app_end ] --END-- [ RunTime:0.002000s ]

