[ 2016-08-16T10:16:13+08:00 ] 127.0.0.1 /
INFO: [ app_init ] --START--
INFO: Run Behavior\BuildLiteBehavior [ RunTime:0.000000s ]
INFO: [ app_init ] --END-- [ RunTime:0.003000s ]
INFO: [ app_begin ] --START--
INFO: Run Behavior\ReadHtmlCacheBehavior [ RunTime:0.002000s ]
INFO: [ app_begin ] --END-- [ RunTime:0.002000s ]
SQL: SHOW COLUMNS FROM `wlm_news` [ RunTime:0.0240s ]
SQL: SELECT * FROM `wlm_news` ORDER BY create_time desc  [ RunTime:0.2020s ]
SQL: SHOW COLUMNS FROM `wlm_article` [ RunTime:0.0240s ]
SQL: SELECT * FROM `wlm_article` WHERE ( id = 24 ) LIMIT 1   [ RunTime:0.0240s ]
SQL: SHOW COLUMNS FROM `wlm_img` [ RunTime:0.0230s ]
SQL: SELECT * FROM `wlm_img`  [ RunTime:0.0230s ]
SQL: SHOW COLUMNS FROM `wlm_flash` [ RunTime:0.0240s ]
SQL: SELECT * FROM `wlm_flash`  [ RunTime:0.0220s ]
INFO: [ view_parse ] --START--
INFO: [ template_filter ] --START--
INFO: Run Behavior\ContentReplaceBehavior [ RunTime:0.000000s ]
INFO: [ template_filter ] --END-- [ RunTime:0.001000s ]
INFO: Run Behavior\ParseTemplateBehavior [ RunTime:0.094006s ]
INFO: [ view_parse ] --END-- [ RunTime:0.095006s ]
INFO: [ view_filter ] --START--
INFO: Run Behavior\WriteHtmlCacheBehavior [ RunTime:0.002000s ]
INFO: [ view_filter ] --END-- [ RunTime:0.003000s ]
INFO: [ app_end ] --START--
INFO: Run Behavior\ShowPageTraceBehavior [ RunTime:0.006000s ]
INFO: [ app_end ] --END-- [ RunTime:0.007000s ]

[ 2016-08-16T14:46:44+08:00 ] ::1 /
INFO: [ app_init ] --START--
INFO: Run Behavior\BuildLiteBehavior [ RunTime:0.000000s ]
INFO: [ app_init ] --END-- [ RunTime:0.001000s ]
INFO: [ app_begin ] --START--
INFO: Run Behavior\ReadHtmlCacheBehavior [ RunTime:0.001000s ]
INFO: [ app_begin ] --END-- [ RunTime:0.002000s ]
SQL: SHOW COLUMNS FROM `wlm_news` [ RunTime:0.0500s ]
SQL: SELECT * FROM `wlm_news` ORDER BY create_time desc  [ RunTime:0.3270s ]
SQL: SHOW COLUMNS FROM `wlm_article` [ RunTime:0.0340s ]
SQL: SELECT * FROM `wlm_article` WHERE ( id = 24 ) LIMIT 1   [ RunTime:0.0260s ]
SQL: SHOW COLUMNS FROM `wlm_img` [ RunTime:0.0250s ]
SQL: SELECT * FROM `wlm_img`  [ RunTime:0.0260s ]
SQL: SHOW COLUMNS FROM `wlm_flash` [ RunTime:0.0260s ]
SQL: SELECT * FROM `wlm_flash`  [ RunTime:0.0250s ]
INFO: [ view_parse ] --START--
INFO: [ template_filter ] --START--
INFO: Run Behavior\ContentReplaceBehavior [ RunTime:0.000000s ]
INFO: [ template_filter ] --END-- [ RunTime:0.000000s ]
INFO: Run Behavior\ParseTemplateBehavior [ RunTime:0.180010s ]
INFO: [ view_parse ] --END-- [ RunTime:0.180010s ]
INFO: [ view_filter ] --START--
INFO: Run Behavior\WriteHtmlCacheBehavior [ RunTime:0.027001s ]
INFO: [ view_filter ] --END-- [ RunTime:0.027001s ]
INFO: [ app_end ] --START--
INFO: Run Behavior\ShowPageTraceBehavior [ RunTime:0.006000s ]
INFO: [ app_end ] --END-- [ RunTime:0.006000s ]

[ 2016-08-16T14:46:44+08:00 ] ::1 /
INFO: [ app_init ] --START--
INFO: Run Behavior\BuildLiteBehavior [ RunTime:0.000000s ]
INFO: [ app_init ] --END-- [ RunTime:0.087005s ]
INFO: [ app_begin ] --START--
INFO: Run Behavior\ReadHtmlCacheBehavior [ RunTime:0.002000s ]
INFO: [ app_begin ] --END-- [ RunTime:0.002000s ]
SQL: SHOW COLUMNS FROM `wlm_news` [ RunTime:0.0470s ]
SQL: SELECT * FROM `wlm_news` ORDER BY create_time desc  [ RunTime:0.6340s ]
SQL: SHOW COLUMNS FROM `wlm_article` [ RunTime:0.0260s ]
SQL: SELECT * FROM `wlm_article` WHERE ( id = 24 ) LIMIT 1   [ RunTime:0.0350s ]
SQL: SHOW COLUMNS FROM `wlm_img` [ RunTime:0.0250s ]
SQL: SELECT * FROM `wlm_img`  [ RunTime:0.0340s ]
SQL: SHOW COLUMNS FROM `wlm_flash` [ RunTime:0.0270s ]
SQL: SELECT * FROM `wlm_flash`  [ RunTime:0.2550s ]
INFO: [ view_parse ] --START--
INFO: [ template_filter ] --START--
INFO: Run Behavior\ContentReplaceBehavior [ RunTime:0.000000s ]
INFO: [ template_filter ] --END-- [ RunTime:0.000000s ]
INFO: Run Behavior\ParseTemplateBehavior [ RunTime:0.034002s ]
INFO: [ view_parse ] --END-- [ RunTime:0.036002s ]
INFO: [ view_filter ] --START--
INFO: Run Behavior\WriteHtmlCacheBehavior [ RunTime:0.001000s ]
INFO: [ view_filter ] --END-- [ RunTime:0.001000s ]
INFO: [ app_end ] --START--
INFO: Run Behavior\ShowPageTraceBehavior [ RunTime:0.001000s ]
INFO: [ app_end ] --END-- [ RunTime:0.001000s ]

[ 2016-08-16T15:17:08+08:00 ] ::1 /
INFO: [ app_init ] --START--
INFO: Run Behavior\BuildLiteBehavior [ RunTime:0.000000s ]
INFO: [ app_init ] --END-- [ RunTime:0.001000s ]
INFO: [ app_begin ] --START--
INFO: Run Behavior\ReadHtmlCacheBehavior [ RunTime:0.002000s ]
INFO: [ app_begin ] --END-- [ RunTime:0.002000s ]
SQL: SHOW COLUMNS FROM `wlm_news` [ RunTime:0.0220s ]
SQL: SELECT * FROM `wlm_news` ORDER BY create_time desc  [ RunTime:0.1900s ]
SQL: SHOW COLUMNS FROM `wlm_article` [ RunTime:0.0230s ]
SQL: SELECT * FROM `wlm_article` WHERE ( id = 24 ) LIMIT 1   [ RunTime:0.0220s ]
SQL: SHOW COLUMNS FROM `wlm_img` [ RunTime:0.0230s ]
SQL: SELECT * FROM `wlm_img`  [ RunTime:0.0220s ]
SQL: SHOW COLUMNS FROM `wlm_flash` [ RunTime:0.0230s ]
SQL: SELECT * FROM `wlm_flash`  [ RunTime:0.0220s ]
INFO: [ view_parse ] --START--
INFO: [ template_filter ] --START--
INFO: Run Behavior\ContentReplaceBehavior [ RunTime:0.001000s ]
INFO: [ template_filter ] --END-- [ RunTime:0.001000s ]
INFO: Run Behavior\ParseTemplateBehavior [ RunTime:0.200012s ]
INFO: [ view_parse ] --END-- [ RunTime:0.200012s ]
INFO: [ view_filter ] --START--
INFO: Run Behavior\WriteHtmlCacheBehavior [ RunTime:0.001000s ]
INFO: [ view_filter ] --END-- [ RunTime:0.001000s ]
INFO: [ app_end ] --START--
INFO: Run Behavior\ShowPageTraceBehavior [ RunTime:0.001000s ]
INFO: [ app_end ] --END-- [ RunTime:0.001000s ]

[ 2016-08-16T15:17:09+08:00 ] ::1 /
INFO: [ app_init ] --START--
INFO: Run Behavior\BuildLiteBehavior [ RunTime:0.000000s ]
INFO: [ app_init ] --END-- [ RunTime:0.001001s ]
INFO: [ app_begin ] --START--
INFO: Run Behavior\ReadHtmlCacheBehavior [ RunTime:0.002000s ]
INFO: [ app_begin ] --END-- [ RunTime:0.003000s ]
SQL: SHOW COLUMNS FROM `wlm_news` [ RunTime:0.0230s ]
SQL: SELECT * FROM `wlm_news` ORDER BY create_time desc  [ RunTime:0.1800s ]
SQL: SHOW COLUMNS FROM `wlm_article` [ RunTime:0.0230s ]
SQL: SELECT * FROM `wlm_article` WHERE ( id = 24 ) LIMIT 1   [ RunTime:0.0230s ]
SQL: SHOW COLUMNS FROM `wlm_img` [ RunTime:0.0230s ]
SQL: SELECT * FROM `wlm_img`  [ RunTime:0.0220s ]
SQL: SHOW COLUMNS FROM `wlm_flash` [ RunTime:0.0230s ]
SQL: SELECT * FROM `wlm_flash`  [ RunTime:0.0230s ]
INFO: [ view_parse ] --START--
INFO: [ template_filter ] --START--
INFO: Run Behavior\ContentReplaceBehavior [ RunTime:0.000000s ]
INFO: [ template_filter ] --END-- [ RunTime:0.000000s ]
INFO: Run Behavior\ParseTemplateBehavior [ RunTime:0.050003s ]
INFO: [ view_parse ] --END-- [ RunTime:0.051003s ]
INFO: [ view_filter ] --START--
INFO: Run Behavior\WriteHtmlCacheBehavior [ RunTime:0.001000s ]
INFO: [ view_filter ] --END-- [ RunTime:0.001000s ]
INFO: [ app_end ] --START--
INFO: Run Behavior\ShowPageTraceBehavior [ RunTime:0.002000s ]
INFO: [ app_end ] --END-- [ RunTime:0.002000s ]

[ 2016-08-16T15:17:48+08:00 ] ::1 /
INFO: [ app_init ] --START--
INFO: Run Behavior\BuildLiteBehavior [ RunTime:0.000000s ]
INFO: [ app_init ] --END-- [ RunTime:0.001000s ]
INFO: [ app_begin ] --START--
INFO: Run Behavior\ReadHtmlCacheBehavior [ RunTime:0.001000s ]
INFO: [ app_begin ] --END-- [ RunTime:0.002000s ]
SQL: SHOW COLUMNS FROM `wlm_news` [ RunTime:0.0270s ]
SQL: SELECT * FROM `wlm_news` ORDER BY create_time desc  [ RunTime:0.1860s ]
SQL: SHOW COLUMNS FROM `wlm_article` [ RunTime:0.0240s ]
SQL: SELECT * FROM `wlm_article` WHERE ( id = 24 ) LIMIT 1   [ RunTime:0.0240s ]
SQL: SHOW COLUMNS FROM `wlm_img` [ RunTime:0.0240s ]
SQL: SELECT * FROM `wlm_img`  [ RunTime:0.0220s ]
SQL: SHOW COLUMNS FROM `wlm_flash` [ RunTime:0.0230s ]
SQL: SELECT * FROM `wlm_flash`  [ RunTime:0.0240s ]
INFO: [ view_parse ] --START--
INFO: [ template_filter ] --START--
INFO: Run Behavior\ContentReplaceBehavior [ RunTime:0.000000s ]
INFO: [ template_filter ] --END-- [ RunTime:0.001000s ]
INFO: Run Behavior\ParseTemplateBehavior [ RunTime:0.044002s ]
INFO: [ view_parse ] --END-- [ RunTime:0.044002s ]
INFO: [ view_filter ] --START--
INFO: Run Behavior\WriteHtmlCacheBehavior [ RunTime:0.001000s ]
INFO: [ view_filter ] --END-- [ RunTime:0.001000s ]
INFO: [ app_end ] --START--
INFO: Run Behavior\ShowPageTraceBehavior [ RunTime:0.004001s ]
INFO: [ app_end ] --END-- [ RunTime:0.004001s ]

[ 2016-08-16T15:18:35+08:00 ] ::1 /
INFO: [ app_init ] --START--
INFO: Run Behavior\BuildLiteBehavior [ RunTime:0.001000s ]
INFO: [ app_init ] --END-- [ RunTime:0.001000s ]
INFO: [ app_begin ] --START--
INFO: Run Behavior\ReadHtmlCacheBehavior [ RunTime:0.001000s ]
INFO: [ app_begin ] --END-- [ RunTime:0.002000s ]
SQL: SHOW COLUMNS FROM `wlm_news` [ RunTime:0.0270s ]
SQL: SELECT * FROM `wlm_news` ORDER BY create_time desc  [ RunTime:0.9901s ]
SQL: SHOW COLUMNS FROM `wlm_article` [ RunTime:0.0250s ]
SQL: SELECT * FROM `wlm_article` WHERE ( id = 24 ) LIMIT 1   [ RunTime:0.0260s ]
SQL: SHOW COLUMNS FROM `wlm_img` [ RunTime:0.0250s ]
SQL: SELECT * FROM `wlm_img`  [ RunTime:0.0260s ]
SQL: SHOW COLUMNS FROM `wlm_flash` [ RunTime:0.0270s ]
SQL: SELECT * FROM `wlm_flash`  [ RunTime:0.0270s ]
INFO: [ view_parse ] --START--
INFO: [ template_filter ] --START--
INFO: Run Behavior\ContentReplaceBehavior [ RunTime:0.001000s ]
INFO: [ template_filter ] --END-- [ RunTime:0.001000s ]
INFO: Run Behavior\ParseTemplateBehavior [ RunTime:0.030001s ]
INFO: [ view_parse ] --END-- [ RunTime:0.031001s ]
INFO: [ view_filter ] --START--
INFO: Run Behavior\WriteHtmlCacheBehavior [ RunTime:0.001000s ]
INFO: [ view_filter ] --END-- [ RunTime:0.001000s ]
INFO: [ app_end ] --START--
INFO: Run Behavior\ShowPageTraceBehavior [ RunTime:0.001000s ]
INFO: [ app_end ] --END-- [ RunTime:0.001000s ]

[ 2016-08-16T15:19:11+08:00 ] ::1 /index.php?s=/Article/show/type/4.html
INFO: [ app_init ] --START--
INFO: Run Behavior\BuildLiteBehavior [ RunTime:0.000000s ]
INFO: [ app_init ] --END-- [ RunTime:0.001000s ]
INFO: [ app_begin ] --START--
INFO: Run Behavior\ReadHtmlCacheBehavior [ RunTime:0.001000s ]
INFO: [ app_begin ] --END-- [ RunTime:0.001000s ]
NOTIC: [2048] Declaration of Home\Controller\ArticleController::show() should be compatible with Think\Controller::show($content, $charset = '', $contentType = '', $prefix = '') D:\wamp\www\Application\Home\Controller\ArticleController.class.php 第 7 行.
SQL: SHOW COLUMNS FROM `wlm_article` [ RunTime:0.0240s ]
SQL: SELECT * FROM `wlm_article` WHERE ( type=4 ) ORDER BY time desc LIMIT 1   [ RunTime:0.0240s ]
SQL: SELECT * FROM `wlm_article` WHERE ( type=4 ) ORDER BY time desc LIMIT 10   [ RunTime:0.0450s ]
INFO: [ view_parse ] --START--
INFO: [ template_filter ] --START--
INFO: Run Behavior\ContentReplaceBehavior [ RunTime:0.000000s ]
INFO: [ template_filter ] --END-- [ RunTime:0.001000s ]
NOTIC: [8] Undefined variable: title D:\wamp\www\Application\Runtime\Cache\Home\a79d9f0c35e9eb55230da039a2581632.php 第 50 行.
INFO: Run Behavior\ParseTemplateBehavior [ RunTime:0.060003s ]
INFO: [ view_parse ] --END-- [ RunTime:0.060003s ]
INFO: [ view_filter ] --START--
INFO: Run Behavior\WriteHtmlCacheBehavior [ RunTime:0.001001s ]
INFO: [ view_filter ] --END-- [ RunTime:0.001001s ]
INFO: [ app_end ] --START--
INFO: Run Behavior\ShowPageTraceBehavior [ RunTime:0.002000s ]
INFO: [ app_end ] --END-- [ RunTime:0.002000s ]

[ 2016-08-16T15:19:38+08:00 ] ::1 /index.php?s=/Zhaopin/zhaopin.html
INFO: [ app_init ] --START--
INFO: Run Behavior\BuildLiteBehavior [ RunTime:0.000000s ]
INFO: [ app_init ] --END-- [ RunTime:0.001000s ]
INFO: [ app_begin ] --START--
INFO: Run Behavior\ReadHtmlCacheBehavior [ RunTime:0.001000s ]
INFO: [ app_begin ] --END-- [ RunTime:0.002000s ]
INFO: [ view_parse ] --START--
INFO: [ template_filter ] --START--
INFO: Run Behavior\ContentReplaceBehavior [ RunTime:0.001000s ]
INFO: [ template_filter ] --END-- [ RunTime:0.001000s ]
INFO: Run Behavior\ParseTemplateBehavior [ RunTime:0.040002s ]
INFO: [ view_parse ] --END-- [ RunTime:0.040002s ]
INFO: [ view_filter ] --START--
INFO: Run Behavior\WriteHtmlCacheBehavior [ RunTime:0.001000s ]
INFO: [ view_filter ] --END-- [ RunTime:0.001000s ]
INFO: [ app_end ] --START--
INFO: Run Behavior\ShowPageTraceBehavior [ RunTime:0.001001s ]
INFO: [ app_end ] --END-- [ RunTime:0.001001s ]

[ 2016-08-16T15:23:37+08:00 ] ::1 /
INFO: [ app_init ] --START--
INFO: Run Behavior\BuildLiteBehavior [ RunTime:0.000000s ]
INFO: [ app_init ] --END-- [ RunTime:0.001000s ]
INFO: [ app_begin ] --START--
INFO: Run Behavior\ReadHtmlCacheBehavior [ RunTime:0.001000s ]
INFO: [ app_begin ] --END-- [ RunTime:0.005001s ]
SQL: SHOW COLUMNS FROM `wlm_news` [ RunTime:0.0230s ]
SQL: SELECT * FROM `wlm_news` ORDER BY create_time desc  [ RunTime:0.1630s ]
SQL: SHOW COLUMNS FROM `wlm_article` [ RunTime:0.0230s ]
SQL: SELECT * FROM `wlm_article` WHERE ( id = 24 ) LIMIT 1   [ RunTime:0.0230s ]
SQL: SHOW COLUMNS FROM `wlm_img` [ RunTime:0.0230s ]
SQL: SELECT * FROM `wlm_img`  [ RunTime:0.0220s ]
SQL: SHOW COLUMNS FROM `wlm_flash` [ RunTime:0.0230s ]
SQL: SELECT * FROM `wlm_flash`  [ RunTime:0.0220s ]
INFO: [ view_parse ] --START--
INFO: [ template_filter ] --START--
INFO: Run Behavior\ContentReplaceBehavior [ RunTime:0.000000s ]
INFO: [ template_filter ] --END-- [ RunTime:0.000000s ]
INFO: Run Behavior\ParseTemplateBehavior [ RunTime:0.033002s ]
INFO: [ view_parse ] --END-- [ RunTime:0.033002s ]
INFO: [ view_filter ] --START--
INFO: Run Behavior\WriteHtmlCacheBehavior [ RunTime:0.001000s ]
INFO: [ view_filter ] --END-- [ RunTime:0.002000s ]
INFO: [ app_end ] --START--
INFO: Run Behavior\ShowPageTraceBehavior [ RunTime:0.002001s ]
INFO: [ app_end ] --END-- [ RunTime:0.003001s ]

[ 2016-08-16T15:24:00+08:00 ] ::1 /
INFO: [ app_init ] --START--
INFO: Run Behavior\BuildLiteBehavior [ RunTime:0.000000s ]
INFO: [ app_init ] --END-- [ RunTime:0.002000s ]
INFO: [ app_begin ] --START--
INFO: Run Behavior\ReadHtmlCacheBehavior [ RunTime:0.003000s ]
INFO: [ app_begin ] --END-- [ RunTime:0.004000s ]
SQL: SHOW COLUMNS FROM `wlm_news` [ RunTime:0.0230s ]
SQL: SELECT * FROM `wlm_news` ORDER BY create_time desc  [ RunTime:0.1830s ]
SQL: SHOW COLUMNS FROM `wlm_article` [ RunTime:0.0230s ]
SQL: SELECT * FROM `wlm_article` WHERE ( id = 24 ) LIMIT 1   [ RunTime:0.0240s ]
SQL: SHOW COLUMNS FROM `wlm_img` [ RunTime:0.0220s ]
SQL: SELECT * FROM `wlm_img`  [ RunTime:0.0220s ]
SQL: SHOW COLUMNS FROM `wlm_flash` [ RunTime:0.0220s ]
SQL: SELECT * FROM `wlm_flash`  [ RunTime:0.0230s ]
INFO: [ view_parse ] --START--
INFO: [ template_filter ] --START--
INFO: Run Behavior\ContentReplaceBehavior [ RunTime:0.000000s ]
INFO: [ template_filter ] --END-- [ RunTime:0.000000s ]
INFO: Run Behavior\ParseTemplateBehavior [ RunTime:0.069004s ]
INFO: [ view_parse ] --END-- [ RunTime:0.069004s ]
INFO: [ view_filter ] --START--
INFO: Run Behavior\WriteHtmlCacheBehavior [ RunTime:0.058003s ]
INFO: [ view_filter ] --END-- [ RunTime:0.058003s ]
INFO: [ app_end ] --START--
INFO: Run Behavior\ShowPageTraceBehavior [ RunTime:0.042003s ]
INFO: [ app_end ] --END-- [ RunTime:0.048003s ]

