[ 2016-07-05T09:47:27+08:00 ] 127.0.0.1 /
INFO: [ app_init ] --START--
INFO: Run Behavior\BuildLiteBehavior [ RunTime:0.000000s ]
INFO: [ app_init ] --END-- [ RunTime:0.000000s ]
INFO: [ app_begin ] --START--
INFO: Run Behavior\ReadHtmlCacheBehavior [ RunTime:0.000000s ]
INFO: [ app_begin ] --END-- [ RunTime:0.000000s ]
SQL: SHOW COLUMNS FROM `wlm_news` [ RunTime:0.0156s ]
SQL: SELECT * FROM `wlm_news` ORDER BY create_time desc  [ RunTime:0.1719s ]
SQL: SHOW COLUMNS FROM `wlm_article` [ RunTime:0.0156s ]
SQL: SELECT * FROM `wlm_article` WHERE ( id = 24 ) LIMIT 1   [ RunTime:0.0313s ]
SQL: SHOW COLUMNS FROM `wlm_img` [ RunTime:0.0156s ]
SQL: SELECT * FROM `wlm_img`  [ RunTime:0.0156s ]
SQL: SHOW COLUMNS FROM `wlm_flash` [ RunTime:0.0156s ]
SQL: SELECT * FROM `wlm_flash`  [ RunTime:0.0313s ]
INFO: [ view_parse ] --START--
INFO: [ template_filter ] --START--
INFO: Run Behavior\ContentReplaceBehavior [ RunTime:0.000000s ]
INFO: [ template_filter ] --END-- [ RunTime:0.000000s ]
INFO: Run Behavior\ParseTemplateBehavior [ RunTime:0.312500s ]
INFO: [ view_parse ] --END-- [ RunTime:0.312500s ]
INFO: [ view_filter ] --START--
INFO: Run Behavior\WriteHtmlCacheBehavior [ RunTime:0.078125s ]
INFO: [ view_filter ] --END-- [ RunTime:0.078125s ]
INFO: [ app_end ] --START--
INFO: Run Behavior\ShowPageTraceBehavior [ RunTime:0.015625s ]
INFO: [ app_end ] --END-- [ RunTime:0.015625s ]

[ 2016-07-05T09:51:10+08:00 ] 127.0.0.1 /
INFO: [ app_init ] --START--
INFO: Run Behavior\BuildLiteBehavior [ RunTime:0.000000s ]
INFO: [ app_init ] --END-- [ RunTime:0.000000s ]
INFO: [ app_begin ] --START--
INFO: Run Behavior\ReadHtmlCacheBehavior [ RunTime:0.000000s ]
INFO: [ app_begin ] --END-- [ RunTime:0.015625s ]
SQL: SHOW COLUMNS FROM `wlm_news` [ RunTime:0.0156s ]
SQL: SELECT * FROM `wlm_news` ORDER BY create_time desc  [ RunTime:0.2969s ]
SQL: SHOW COLUMNS FROM `wlm_article` [ RunTime:0.0313s ]
SQL: SELECT * FROM `wlm_article` WHERE ( id = 24 ) LIMIT 1   [ RunTime:0.2813s ]
SQL: SHOW COLUMNS FROM `wlm_img` [ RunTime:0.0156s ]
SQL: SELECT * FROM `wlm_img`  [ RunTime:0.0313s ]
SQL: SHOW COLUMNS FROM `wlm_flash` [ RunTime:0.0313s ]
SQL: SELECT * FROM `wlm_flash`  [ RunTime:0.0156s ]
INFO: [ view_parse ] --START--
INFO: [ template_filter ] --START--
INFO: Run Behavior\ContentReplaceBehavior [ RunTime:0.000000s ]
INFO: [ template_filter ] --END-- [ RunTime:0.000000s ]
INFO: Run Behavior\ParseTemplateBehavior [ RunTime:0.046875s ]
INFO: [ view_parse ] --END-- [ RunTime:0.046875s ]
INFO: [ view_filter ] --START--
INFO: Run Behavior\WriteHtmlCacheBehavior [ RunTime:0.000000s ]
INFO: [ view_filter ] --END-- [ RunTime:0.000000s ]
INFO: [ app_end ] --START--
INFO: Run Behavior\ShowPageTraceBehavior [ RunTime:0.000000s ]
INFO: [ app_end ] --END-- [ RunTime:0.000000s ]

[ 2016-07-05T09:54:41+08:00 ] 127.0.0.1 /
INFO: [ app_init ] --START--
INFO: Run Behavior\BuildLiteBehavior [ RunTime:0.000000s ]
INFO: [ app_init ] --END-- [ RunTime:0.000000s ]
INFO: [ app_begin ] --START--
INFO: Run Behavior\ReadHtmlCacheBehavior [ RunTime:0.000000s ]
INFO: [ app_begin ] --END-- [ RunTime:0.000000s ]
SQL: SHOW COLUMNS FROM `wlm_news` [ RunTime:0.0313s ]
SQL: SELECT * FROM `wlm_news` ORDER BY create_time desc  [ RunTime:0.1875s ]
SQL: SHOW COLUMNS FROM `wlm_article` [ RunTime:0.0313s ]
SQL: SELECT * FROM `wlm_article` WHERE ( id = 24 ) LIMIT 1   [ RunTime:0.0313s ]
SQL: SHOW COLUMNS FROM `wlm_img` [ RunTime:0.0469s ]
SQL: SELECT * FROM `wlm_img`  [ RunTime:0.0469s ]
SQL: SHOW COLUMNS FROM `wlm_flash` [ RunTime:0.0313s ]
SQL: SELECT * FROM `wlm_flash`  [ RunTime:0.0313s ]
INFO: [ view_parse ] --START--
INFO: [ template_filter ] --START--
INFO: Run Behavior\ContentReplaceBehavior [ RunTime:0.000000s ]
INFO: [ template_filter ] --END-- [ RunTime:0.000000s ]
INFO: Run Behavior\ParseTemplateBehavior [ RunTime:0.031250s ]
INFO: [ view_parse ] --END-- [ RunTime:0.031250s ]
INFO: [ view_filter ] --START--
INFO: Run Behavior\WriteHtmlCacheBehavior [ RunTime:0.000000s ]
INFO: [ view_filter ] --END-- [ RunTime:0.000000s ]
INFO: [ app_end ] --START--
INFO: Run Behavior\ShowPageTraceBehavior [ RunTime:0.000000s ]
INFO: [ app_end ] --END-- [ RunTime:0.000000s ]

[ 2016-07-05T09:54:55+08:00 ] 127.0.0.1 /index.php?s=/Article/show/type/1.html
INFO: [ app_init ] --START--
INFO: Run Behavior\BuildLiteBehavior [ RunTime:0.015625s ]
INFO: [ app_init ] --END-- [ RunTime:0.015625s ]
INFO: [ app_begin ] --START--
INFO: Run Behavior\ReadHtmlCacheBehavior [ RunTime:0.000000s ]
INFO: [ app_begin ] --END-- [ RunTime:0.000000s ]
NOTIC: [2048] Declaration of Home\Controller\ArticleController::show() should be compatible with Think\Controller::show($content, $charset = '', $contentType = '', $prefix = '') D:\wamp\www\Application\Home\Controller\ArticleController.class.php 第 7 行.
SQL: SHOW COLUMNS FROM `wlm_article` [ RunTime:0.0313s ]
SQL: SELECT * FROM `wlm_article` WHERE ( type=1 ) ORDER BY time desc LIMIT 1   [ RunTime:0.0156s ]
SQL: SELECT * FROM `wlm_article` WHERE ( type=1 ) ORDER BY time desc LIMIT 10   [ RunTime:0.0313s ]
INFO: [ view_parse ] --START--
INFO: [ template_filter ] --START--
INFO: Run Behavior\ContentReplaceBehavior [ RunTime:0.000000s ]
INFO: [ template_filter ] --END-- [ RunTime:0.000000s ]
NOTIC: [8] Undefined variable: img D:\wamp\www\Application\Runtime\Cache\Home\a79d9f0c35e9eb55230da039a2581632.php 第 66 行.
NOTIC: [8] Undefined variable: title D:\wamp\www\Application\Runtime\Cache\Home\a79d9f0c35e9eb55230da039a2581632.php 第 83 行.
INFO: Run Behavior\ParseTemplateBehavior [ RunTime:0.031250s ]
INFO: [ view_parse ] --END-- [ RunTime:0.031250s ]
INFO: [ view_filter ] --START--
INFO: Run Behavior\WriteHtmlCacheBehavior [ RunTime:0.000000s ]
INFO: [ view_filter ] --END-- [ RunTime:0.000000s ]
INFO: [ app_end ] --START--
INFO: Run Behavior\ShowPageTraceBehavior [ RunTime:0.000000s ]
INFO: [ app_end ] --END-- [ RunTime:0.000000s ]

[ 2016-07-05T09:55:00+08:00 ] 127.0.0.1 /index.php?s=/Article/show/type/5.html
INFO: [ app_init ] --START--
INFO: Run Behavior\BuildLiteBehavior [ RunTime:0.000000s ]
INFO: [ app_init ] --END-- [ RunTime:0.000000s ]
INFO: [ app_begin ] --START--
INFO: Run Behavior\ReadHtmlCacheBehavior [ RunTime:0.000000s ]
INFO: [ app_begin ] --END-- [ RunTime:0.015625s ]
NOTIC: [2048] Declaration of Home\Controller\ArticleController::show() should be compatible with Think\Controller::show($content, $charset = '', $contentType = '', $prefix = '') D:\wamp\www\Application\Home\Controller\ArticleController.class.php 第 7 行.
SQL: SHOW COLUMNS FROM `wlm_article` [ RunTime:0.0156s ]
SQL: SELECT * FROM `wlm_article` WHERE ( type=5 ) ORDER BY time desc LIMIT 1   [ RunTime:0.0469s ]
SQL: SELECT * FROM `wlm_article` WHERE ( type=5 ) ORDER BY time desc LIMIT 10   [ RunTime:0.0469s ]
INFO: [ view_parse ] --START--
INFO: [ template_filter ] --START--
INFO: Run Behavior\ContentReplaceBehavior [ RunTime:0.000000s ]
INFO: [ template_filter ] --END-- [ RunTime:0.000000s ]
NOTIC: [8] Undefined variable: img D:\wamp\www\Application\Runtime\Cache\Home\a79d9f0c35e9eb55230da039a2581632.php 第 66 行.
NOTIC: [8] Undefined variable: title D:\wamp\www\Application\Runtime\Cache\Home\a79d9f0c35e9eb55230da039a2581632.php 第 83 行.
INFO: Run Behavior\ParseTemplateBehavior [ RunTime:0.031250s ]
INFO: [ view_parse ] --END-- [ RunTime:0.031250s ]
INFO: [ view_filter ] --START--
INFO: Run Behavior\WriteHtmlCacheBehavior [ RunTime:0.015625s ]
INFO: [ view_filter ] --END-- [ RunTime:0.015625s ]
INFO: [ app_end ] --START--
INFO: Run Behavior\ShowPageTraceBehavior [ RunTime:0.015625s ]
INFO: [ app_end ] --END-- [ RunTime:0.015625s ]

[ 2016-07-05T09:55:00+08:00 ] 127.0.0.1 /index.php?s=/Article/show/type/5.html
INFO: [ app_init ] --START--
INFO: Run Behavior\BuildLiteBehavior [ RunTime:0.000000s ]
INFO: [ app_init ] --END-- [ RunTime:0.000000s ]
INFO: [ app_begin ] --START--
INFO: Run Behavior\ReadHtmlCacheBehavior [ RunTime:0.000000s ]
INFO: [ app_begin ] --END-- [ RunTime:0.000000s ]
NOTIC: [2048] Declaration of Home\Controller\ArticleController::show() should be compatible with Think\Controller::show($content, $charset = '', $contentType = '', $prefix = '') D:\wamp\www\Application\Home\Controller\ArticleController.class.php 第 7 行.
SQL: SHOW COLUMNS FROM `wlm_article` [ RunTime:0.0313s ]
SQL: SELECT * FROM `wlm_article` WHERE ( type=5 ) ORDER BY time desc LIMIT 1   [ RunTime:0.0469s ]
SQL: SELECT * FROM `wlm_article` WHERE ( type=5 ) ORDER BY time desc LIMIT 10   [ RunTime:0.0469s ]
INFO: [ view_parse ] --START--
INFO: [ template_filter ] --START--
INFO: Run Behavior\ContentReplaceBehavior [ RunTime:0.000000s ]
INFO: [ template_filter ] --END-- [ RunTime:0.000000s ]
NOTIC: [8] Undefined variable: img D:\wamp\www\Application\Runtime\Cache\Home\a79d9f0c35e9eb55230da039a2581632.php 第 66 行.
NOTIC: [8] Undefined variable: title D:\wamp\www\Application\Runtime\Cache\Home\a79d9f0c35e9eb55230da039a2581632.php 第 83 行.
INFO: Run Behavior\ParseTemplateBehavior [ RunTime:0.031250s ]
INFO: [ view_parse ] --END-- [ RunTime:0.031250s ]
INFO: [ view_filter ] --START--
INFO: Run Behavior\WriteHtmlCacheBehavior [ RunTime:0.000000s ]
INFO: [ view_filter ] --END-- [ RunTime:0.000000s ]
INFO: [ app_end ] --START--
INFO: Run Behavior\ShowPageTraceBehavior [ RunTime:0.000000s ]
INFO: [ app_end ] --END-- [ RunTime:0.000000s ]

[ 2016-07-05T09:55:05+08:00 ] 127.0.0.1 /index.php?s=/Article/show/type/3.html
INFO: [ app_init ] --START--
INFO: Run Behavior\BuildLiteBehavior [ RunTime:0.000000s ]
INFO: [ app_init ] --END-- [ RunTime:0.000000s ]
INFO: [ app_begin ] --START--
INFO: Run Behavior\ReadHtmlCacheBehavior [ RunTime:0.000000s ]
INFO: [ app_begin ] --END-- [ RunTime:0.000000s ]
NOTIC: [2048] Declaration of Home\Controller\ArticleController::show() should be compatible with Think\Controller::show($content, $charset = '', $contentType = '', $prefix = '') D:\wamp\www\Application\Home\Controller\ArticleController.class.php 第 7 行.
SQL: SHOW COLUMNS FROM `wlm_article` [ RunTime:0.0313s ]
SQL: SELECT * FROM `wlm_article` WHERE ( type=3 ) ORDER BY time desc LIMIT 1   [ RunTime:0.0156s ]
SQL: SELECT * FROM `wlm_article` WHERE ( type=3 ) ORDER BY time desc LIMIT 10   [ RunTime:0.0156s ]
INFO: [ view_parse ] --START--
INFO: [ template_filter ] --START--
INFO: Run Behavior\ContentReplaceBehavior [ RunTime:0.000000s ]
INFO: [ template_filter ] --END-- [ RunTime:0.000000s ]
NOTIC: [8] Undefined variable: img D:\wamp\www\Application\Runtime\Cache\Home\a79d9f0c35e9eb55230da039a2581632.php 第 66 行.
NOTIC: [8] Undefined variable: title D:\wamp\www\Application\Runtime\Cache\Home\a79d9f0c35e9eb55230da039a2581632.php 第 83 行.
INFO: Run Behavior\ParseTemplateBehavior [ RunTime:0.046875s ]
INFO: [ view_parse ] --END-- [ RunTime:0.046875s ]
INFO: [ view_filter ] --START--
INFO: Run Behavior\WriteHtmlCacheBehavior [ RunTime:0.000000s ]
INFO: [ view_filter ] --END-- [ RunTime:0.000000s ]
INFO: [ app_end ] --START--
INFO: Run Behavior\ShowPageTraceBehavior [ RunTime:0.015625s ]
INFO: [ app_end ] --END-- [ RunTime:0.015625s ]

[ 2016-07-05T09:55:07+08:00 ] 127.0.0.1 /index.php?s=/Article/show/type/1.html
INFO: [ app_init ] --START--
INFO: Run Behavior\BuildLiteBehavior [ RunTime:0.000000s ]
INFO: [ app_init ] --END-- [ RunTime:0.000000s ]
INFO: [ app_begin ] --START--
INFO: Run Behavior\ReadHtmlCacheBehavior [ RunTime:0.000000s ]
INFO: [ app_begin ] --END-- [ RunTime:0.000000s ]
NOTIC: [2048] Declaration of Home\Controller\ArticleController::show() should be compatible with Think\Controller::show($content, $charset = '', $contentType = '', $prefix = '') D:\wamp\www\Application\Home\Controller\ArticleController.class.php 第 7 行.
SQL: SHOW COLUMNS FROM `wlm_article` [ RunTime:0.0156s ]
SQL: SELECT * FROM `wlm_article` WHERE ( type=1 ) ORDER BY time desc LIMIT 1   [ RunTime:0.0313s ]
SQL: SELECT * FROM `wlm_article` WHERE ( type=1 ) ORDER BY time desc LIMIT 10   [ RunTime:0.0313s ]
INFO: [ view_parse ] --START--
INFO: [ template_filter ] --START--
INFO: Run Behavior\ContentReplaceBehavior [ RunTime:0.000000s ]
INFO: [ template_filter ] --END-- [ RunTime:0.000000s ]
NOTIC: [8] Undefined variable: img D:\wamp\www\Application\Runtime\Cache\Home\a79d9f0c35e9eb55230da039a2581632.php 第 66 行.
NOTIC: [8] Undefined variable: title D:\wamp\www\Application\Runtime\Cache\Home\a79d9f0c35e9eb55230da039a2581632.php 第 83 行.
INFO: Run Behavior\ParseTemplateBehavior [ RunTime:0.031250s ]
INFO: [ view_parse ] --END-- [ RunTime:0.031250s ]
INFO: [ view_filter ] --START--
INFO: Run Behavior\WriteHtmlCacheBehavior [ RunTime:0.000000s ]
INFO: [ view_filter ] --END-- [ RunTime:0.000000s ]
INFO: [ app_end ] --START--
INFO: Run Behavior\ShowPageTraceBehavior [ RunTime:0.000000s ]
INFO: [ app_end ] --END-- [ RunTime:0.000000s ]

[ 2016-07-05T09:55:13+08:00 ] 127.0.0.1 /index.php?s=/Article/show/type/1.html
INFO: [ app_init ] --START--
INFO: Run Behavior\BuildLiteBehavior [ RunTime:0.000000s ]
INFO: [ app_init ] --END-- [ RunTime:0.000000s ]
INFO: [ app_begin ] --START--
INFO: Run Behavior\ReadHtmlCacheBehavior [ RunTime:0.000000s ]
INFO: [ app_begin ] --END-- [ RunTime:0.000000s ]
NOTIC: [2048] Declaration of Home\Controller\ArticleController::show() should be compatible with Think\Controller::show($content, $charset = '', $contentType = '', $prefix = '') D:\wamp\www\Application\Home\Controller\ArticleController.class.php 第 7 行.
SQL: SHOW COLUMNS FROM `wlm_article` [ RunTime:0.0313s ]
SQL: SELECT * FROM `wlm_article` WHERE ( type=1 ) ORDER BY time desc LIMIT 1   [ RunTime:0.0156s ]
SQL: SELECT * FROM `wlm_article` WHERE ( type=1 ) ORDER BY time desc LIMIT 10   [ RunTime:0.0313s ]
INFO: [ view_parse ] --START--
INFO: [ template_filter ] --START--
INFO: Run Behavior\ContentReplaceBehavior [ RunTime:0.000000s ]
INFO: [ template_filter ] --END-- [ RunTime:0.000000s ]
NOTIC: [8] Undefined variable: img D:\wamp\www\Application\Runtime\Cache\Home\a79d9f0c35e9eb55230da039a2581632.php 第 66 行.
NOTIC: [8] Undefined variable: title D:\wamp\www\Application\Runtime\Cache\Home\a79d9f0c35e9eb55230da039a2581632.php 第 83 行.
INFO: Run Behavior\ParseTemplateBehavior [ RunTime:0.031250s ]
INFO: [ view_parse ] --END-- [ RunTime:0.031250s ]
INFO: [ view_filter ] --START--
INFO: Run Behavior\WriteHtmlCacheBehavior [ RunTime:0.000000s ]
INFO: [ view_filter ] --END-- [ RunTime:0.000000s ]
INFO: [ app_end ] --START--
INFO: Run Behavior\ShowPageTraceBehavior [ RunTime:0.015625s ]
INFO: [ app_end ] --END-- [ RunTime:0.015625s ]

