[ 2016-07-28T08:39:14+08:00 ] 127.0.0.1 /
INFO: [ app_init ] --START--
INFO: Run Behavior\BuildLiteBehavior [ RunTime:0.000000s ]
INFO: [ app_init ] --END-- [ RunTime:0.000000s ]
INFO: [ app_begin ] --START--
INFO: Run Behavior\ReadHtmlCacheBehavior [ RunTime:0.000000s ]
INFO: [ app_begin ] --END-- [ RunTime:0.000000s ]
SQL: SHOW COLUMNS FROM `wlm_news` [ RunTime:0.0312s ]
SQL: SELECT * FROM `wlm_news` ORDER BY create_time desc  [ RunTime:0.1406s ]
SQL: SHOW COLUMNS FROM `wlm_article` [ RunTime:0.0156s ]
SQL: SELECT * FROM `wlm_article` WHERE ( id = 24 ) LIMIT 1   [ RunTime:0.0312s ]
SQL: SHOW COLUMNS FROM `wlm_img` [ RunTime:0.0156s ]
SQL: SELECT * FROM `wlm_img`  [ RunTime:0.0312s ]
SQL: SHOW COLUMNS FROM `wlm_flash` [ RunTime:0.0156s ]
SQL: SELECT * FROM `wlm_flash`  [ RunTime:0.0312s ]
INFO: [ view_parse ] --START--
INFO: [ template_filter ] --START--
INFO: Run Behavior\ContentReplaceBehavior [ RunTime:0.000000s ]
INFO: [ template_filter ] --END-- [ RunTime:0.000000s ]
INFO: Run Behavior\ParseTemplateBehavior [ RunTime:0.046869s ]
INFO: [ view_parse ] --END-- [ RunTime:0.046869s ]
INFO: [ view_filter ] --START--
INFO: Run Behavior\WriteHtmlCacheBehavior [ RunTime:0.015623s ]
INFO: [ view_filter ] --END-- [ RunTime:0.015623s ]
INFO: [ app_end ] --START--
INFO: Run Behavior\ShowPageTraceBehavior [ RunTime:0.000000s ]
INFO: [ app_end ] --END-- [ RunTime:0.000000s ]

[ 2016-07-28T09:05:26+08:00 ] 127.0.0.1 /
INFO: [ app_init ] --START--
INFO: Run Behavior\BuildLiteBehavior [ RunTime:0.000000s ]
INFO: [ app_init ] --END-- [ RunTime:0.000000s ]
INFO: [ app_begin ] --START--
INFO: Run Behavior\ReadHtmlCacheBehavior [ RunTime:0.000000s ]
INFO: [ app_begin ] --END-- [ RunTime:0.000000s ]
SQL: SHOW COLUMNS FROM `wlm_news` [ RunTime:0.0312s ]
SQL: SELECT * FROM `wlm_news` ORDER BY create_time desc  [ RunTime:0.1719s ]
SQL: SHOW COLUMNS FROM `wlm_article` [ RunTime:0.0312s ]
SQL: SELECT * FROM `wlm_article` WHERE ( id = 24 ) LIMIT 1   [ RunTime:0.0312s ]
SQL: SHOW COLUMNS FROM `wlm_img` [ RunTime:0.0156s ]
SQL: SELECT * FROM `wlm_img`  [ RunTime:0.0312s ]
SQL: SHOW COLUMNS FROM `wlm_flash` [ RunTime:0.0156s ]
SQL: SELECT * FROM `wlm_flash`  [ RunTime:0.0312s ]
INFO: [ view_parse ] --START--
INFO: [ template_filter ] --START--
INFO: Run Behavior\ContentReplaceBehavior [ RunTime:0.000000s ]
INFO: [ template_filter ] --END-- [ RunTime:0.000000s ]
INFO: Run Behavior\ParseTemplateBehavior [ RunTime:0.062495s ]
INFO: [ view_parse ] --END-- [ RunTime:0.062495s ]
INFO: [ view_filter ] --START--
INFO: Run Behavior\WriteHtmlCacheBehavior [ RunTime:0.000000s ]
INFO: [ view_filter ] --END-- [ RunTime:0.000000s ]
INFO: [ app_end ] --START--
INFO: Run Behavior\ShowPageTraceBehavior [ RunTime:0.000000s ]
INFO: [ app_end ] --END-- [ RunTime:0.000000s ]

[ 2016-07-28T09:05:51+08:00 ] 127.0.0.1 /
INFO: [ app_init ] --START--
INFO: Run Behavior\BuildLiteBehavior [ RunTime:0.000000s ]
INFO: [ app_init ] --END-- [ RunTime:0.000000s ]
INFO: [ app_begin ] --START--
INFO: Run Behavior\ReadHtmlCacheBehavior [ RunTime:0.000000s ]
INFO: [ app_begin ] --END-- [ RunTime:0.000000s ]
SQL: SHOW COLUMNS FROM `wlm_news` [ RunTime:0.0156s ]
SQL: SELECT * FROM `wlm_news` ORDER BY create_time desc  [ RunTime:0.3593s ]
SQL: SHOW COLUMNS FROM `wlm_article` [ RunTime:0.0156s ]
SQL: SELECT * FROM `wlm_article` WHERE ( id = 24 ) LIMIT 1   [ RunTime:0.0312s ]
SQL: SHOW COLUMNS FROM `wlm_img` [ RunTime:0.0156s ]
SQL: SELECT * FROM `wlm_img`  [ RunTime:0.0312s ]
SQL: SHOW COLUMNS FROM `wlm_flash` [ RunTime:0.0156s ]
SQL: SELECT * FROM `wlm_flash`  [ RunTime:0.0312s ]
INFO: [ view_parse ] --START--
INFO: [ template_filter ] --START--
INFO: Run Behavior\ContentReplaceBehavior [ RunTime:0.000000s ]
INFO: [ template_filter ] --END-- [ RunTime:0.000000s ]
INFO: Run Behavior\ParseTemplateBehavior [ RunTime:0.031247s ]
INFO: [ view_parse ] --END-- [ RunTime:0.031247s ]
INFO: [ view_filter ] --START--
INFO: Run Behavior\WriteHtmlCacheBehavior [ RunTime:0.000000s ]
INFO: [ view_filter ] --END-- [ RunTime:0.000000s ]
INFO: [ app_end ] --START--
INFO: Run Behavior\ShowPageTraceBehavior [ RunTime:0.000000s ]
INFO: [ app_end ] --END-- [ RunTime:0.015624s ]

[ 2016-07-28T09:06:24+08:00 ] 127.0.0.1 /
INFO: [ app_init ] --START--
INFO: Run Behavior\BuildLiteBehavior [ RunTime:0.000000s ]
INFO: [ app_init ] --END-- [ RunTime:0.000000s ]
INFO: [ app_begin ] --START--
INFO: Run Behavior\ReadHtmlCacheBehavior [ RunTime:0.000000s ]
INFO: [ app_begin ] --END-- [ RunTime:0.000000s ]
SQL: SHOW COLUMNS FROM `wlm_news` [ RunTime:0.0312s ]
SQL: SELECT * FROM `wlm_news` ORDER BY create_time desc  [ RunTime:0.1719s ]
SQL: SHOW COLUMNS FROM `wlm_article` [ RunTime:0.0312s ]
SQL: SELECT * FROM `wlm_article` WHERE ( id = 24 ) LIMIT 1   [ RunTime:0.0156s ]
SQL: SHOW COLUMNS FROM `wlm_img` [ RunTime:0.0312s ]
SQL: SELECT * FROM `wlm_img`  [ RunTime:0.0156s ]
SQL: SHOW COLUMNS FROM `wlm_flash` [ RunTime:0.0312s ]
SQL: SELECT * FROM `wlm_flash`  [ RunTime:0.0156s ]
INFO: [ view_parse ] --START--
INFO: [ template_filter ] --START--
INFO: Run Behavior\ContentReplaceBehavior [ RunTime:0.000000s ]
INFO: [ template_filter ] --END-- [ RunTime:0.000000s ]
INFO: Run Behavior\ParseTemplateBehavior [ RunTime:0.031247s ]
INFO: [ view_parse ] --END-- [ RunTime:0.046871s ]
INFO: [ view_filter ] --START--
INFO: Run Behavior\WriteHtmlCacheBehavior [ RunTime:0.000000s ]
INFO: [ view_filter ] --END-- [ RunTime:0.000000s ]
INFO: [ app_end ] --START--
INFO: Run Behavior\ShowPageTraceBehavior [ RunTime:0.000000s ]
INFO: [ app_end ] --END-- [ RunTime:0.000000s ]

[ 2016-07-28T09:06:48+08:00 ] 127.0.0.1 /
INFO: [ app_init ] --START--
INFO: Run Behavior\BuildLiteBehavior [ RunTime:0.000000s ]
INFO: [ app_init ] --END-- [ RunTime:0.000000s ]
INFO: [ app_begin ] --START--
INFO: Run Behavior\ReadHtmlCacheBehavior [ RunTime:0.000000s ]
INFO: [ app_begin ] --END-- [ RunTime:0.000000s ]
SQL: SHOW COLUMNS FROM `wlm_news` [ RunTime:0.0156s ]
SQL: SELECT * FROM `wlm_news` ORDER BY create_time desc  [ RunTime:0.1719s ]
SQL: SHOW COLUMNS FROM `wlm_article` [ RunTime:0.0156s ]
SQL: SELECT * FROM `wlm_article` WHERE ( id = 24 ) LIMIT 1   [ RunTime:0.0312s ]
SQL: SHOW COLUMNS FROM `wlm_img` [ RunTime:0.0312s ]
SQL: SELECT * FROM `wlm_img`  [ RunTime:0.0156s ]
SQL: SHOW COLUMNS FROM `wlm_flash` [ RunTime:0.0312s ]
SQL: SELECT * FROM `wlm_flash`  [ RunTime:0.0156s ]
INFO: [ view_parse ] --START--
INFO: [ template_filter ] --START--
INFO: Run Behavior\ContentReplaceBehavior [ RunTime:0.000000s ]
INFO: [ template_filter ] --END-- [ RunTime:0.000000s ]
INFO: Run Behavior\ParseTemplateBehavior [ RunTime:0.046871s ]
INFO: [ view_parse ] --END-- [ RunTime:0.046871s ]
INFO: [ view_filter ] --START--
INFO: Run Behavior\WriteHtmlCacheBehavior [ RunTime:0.000000s ]
INFO: [ view_filter ] --END-- [ RunTime:0.000000s ]
INFO: [ app_end ] --START--
INFO: Run Behavior\ShowPageTraceBehavior [ RunTime:0.000000s ]
INFO: [ app_end ] --END-- [ RunTime:0.000000s ]

[ 2016-07-28T09:07:35+08:00 ] 127.0.0.1 /
INFO: [ app_init ] --START--
INFO: Run Behavior\BuildLiteBehavior [ RunTime:0.015624s ]
INFO: [ app_init ] --END-- [ RunTime:0.015624s ]
INFO: [ app_begin ] --START--
INFO: Run Behavior\ReadHtmlCacheBehavior [ RunTime:0.000000s ]
INFO: [ app_begin ] --END-- [ RunTime:0.000000s ]
SQL: SHOW COLUMNS FROM `wlm_news` [ RunTime:0.0156s ]
SQL: SELECT * FROM `wlm_news` ORDER BY create_time desc  [ RunTime:0.1719s ]
SQL: SHOW COLUMNS FROM `wlm_article` [ RunTime:0.0312s ]
SQL: SELECT * FROM `wlm_article` WHERE ( id = 24 ) LIMIT 1   [ RunTime:0.0156s ]
SQL: SHOW COLUMNS FROM `wlm_img` [ RunTime:0.0312s ]
SQL: SELECT * FROM `wlm_img`  [ RunTime:0.0156s ]
SQL: SHOW COLUMNS FROM `wlm_flash` [ RunTime:0.0312s ]
SQL: SELECT * FROM `wlm_flash`  [ RunTime:0.0156s ]
INFO: [ view_parse ] --START--
INFO: [ template_filter ] --START--
INFO: Run Behavior\ContentReplaceBehavior [ RunTime:0.000000s ]
INFO: [ template_filter ] --END-- [ RunTime:0.000000s ]
INFO: Run Behavior\ParseTemplateBehavior [ RunTime:0.031247s ]
INFO: [ view_parse ] --END-- [ RunTime:0.031247s ]
INFO: [ view_filter ] --START--
INFO: Run Behavior\WriteHtmlCacheBehavior [ RunTime:0.000000s ]
INFO: [ view_filter ] --END-- [ RunTime:0.000000s ]
INFO: [ app_end ] --START--
INFO: Run Behavior\ShowPageTraceBehavior [ RunTime:0.000000s ]
INFO: [ app_end ] --END-- [ RunTime:0.000000s ]

[ 2016-07-28T09:08:04+08:00 ] 127.0.0.1 /
INFO: [ app_init ] --START--
INFO: Run Behavior\BuildLiteBehavior [ RunTime:0.000000s ]
INFO: [ app_init ] --END-- [ RunTime:0.000000s ]
INFO: [ app_begin ] --START--
INFO: Run Behavior\ReadHtmlCacheBehavior [ RunTime:0.000000s ]
INFO: [ app_begin ] --END-- [ RunTime:0.000000s ]
SQL: SHOW COLUMNS FROM `wlm_news` [ RunTime:0.0312s ]
SQL: SELECT * FROM `wlm_news` ORDER BY create_time desc  [ RunTime:0.1562s ]
SQL: SHOW COLUMNS FROM `wlm_article` [ RunTime:0.0312s ]
SQL: SELECT * FROM `wlm_article` WHERE ( id = 24 ) LIMIT 1   [ RunTime:0.0156s ]
SQL: SHOW COLUMNS FROM `wlm_img` [ RunTime:0.0312s ]
SQL: SELECT * FROM `wlm_img`  [ RunTime:0.0312s ]
SQL: SHOW COLUMNS FROM `wlm_flash` [ RunTime:0.0156s ]
SQL: SELECT * FROM `wlm_flash`  [ RunTime:0.0312s ]
INFO: [ view_parse ] --START--
INFO: [ template_filter ] --START--
INFO: Run Behavior\ContentReplaceBehavior [ RunTime:0.000000s ]
INFO: [ template_filter ] --END-- [ RunTime:0.000000s ]
INFO: Run Behavior\ParseTemplateBehavior [ RunTime:0.031247s ]
INFO: [ view_parse ] --END-- [ RunTime:0.031247s ]
INFO: [ view_filter ] --START--
INFO: Run Behavior\WriteHtmlCacheBehavior [ RunTime:0.000000s ]
INFO: [ view_filter ] --END-- [ RunTime:0.000000s ]
INFO: [ app_end ] --START--
INFO: Run Behavior\ShowPageTraceBehavior [ RunTime:0.000000s ]
INFO: [ app_end ] --END-- [ RunTime:0.000000s ]

[ 2016-07-28T09:09:58+08:00 ] 127.0.0.1 /
INFO: [ app_init ] --START--
INFO: Run Behavior\BuildLiteBehavior [ RunTime:0.000000s ]
INFO: [ app_init ] --END-- [ RunTime:0.000000s ]
INFO: [ app_begin ] --START--
INFO: Run Behavior\ReadHtmlCacheBehavior [ RunTime:0.000000s ]
INFO: [ app_begin ] --END-- [ RunTime:0.000000s ]
SQL: SHOW COLUMNS FROM `wlm_news` [ RunTime:0.0156s ]
SQL: SELECT * FROM `wlm_news` ORDER BY create_time desc  [ RunTime:0.1406s ]
SQL: SHOW COLUMNS FROM `wlm_article` [ RunTime:0.0312s ]
SQL: SELECT * FROM `wlm_article` WHERE ( id = 24 ) LIMIT 1   [ RunTime:0.0312s ]
SQL: SHOW COLUMNS FROM `wlm_img` [ RunTime:0.0156s ]
SQL: SELECT * FROM `wlm_img`  [ RunTime:0.0312s ]
SQL: SHOW COLUMNS FROM `wlm_flash` [ RunTime:0.0156s ]
SQL: SELECT * FROM `wlm_flash`  [ RunTime:0.0156s ]
INFO: [ view_parse ] --START--
INFO: [ template_filter ] --START--
INFO: Run Behavior\ContentReplaceBehavior [ RunTime:0.000000s ]
INFO: [ template_filter ] --END-- [ RunTime:0.000000s ]
INFO: Run Behavior\ParseTemplateBehavior [ RunTime:0.046871s ]
INFO: [ view_parse ] --END-- [ RunTime:0.046871s ]
INFO: [ view_filter ] --START--
INFO: Run Behavior\WriteHtmlCacheBehavior [ RunTime:0.000000s ]
INFO: [ view_filter ] --END-- [ RunTime:0.000000s ]
INFO: [ app_end ] --START--
INFO: Run Behavior\ShowPageTraceBehavior [ RunTime:0.000000s ]
INFO: [ app_end ] --END-- [ RunTime:0.000000s ]

[ 2016-07-28T09:11:56+08:00 ] 127.0.0.1 /
INFO: [ app_init ] --START--
INFO: Run Behavior\BuildLiteBehavior [ RunTime:0.000000s ]
INFO: [ app_init ] --END-- [ RunTime:0.000000s ]
INFO: [ app_begin ] --START--
INFO: Run Behavior\ReadHtmlCacheBehavior [ RunTime:0.000000s ]
INFO: [ app_begin ] --END-- [ RunTime:0.000000s ]
SQL: SHOW COLUMNS FROM `wlm_news` [ RunTime:0.0156s ]
SQL: SELECT * FROM `wlm_news` ORDER BY create_time desc  [ RunTime:0.1719s ]
SQL: SHOW COLUMNS FROM `wlm_article` [ RunTime:0.0156s ]
SQL: SELECT * FROM `wlm_article` WHERE ( id = 24 ) LIMIT 1   [ RunTime:0.0312s ]
SQL: SHOW COLUMNS FROM `wlm_img` [ RunTime:0.0156s ]
SQL: SELECT * FROM `wlm_img`  [ RunTime:0.0312s ]
SQL: SHOW COLUMNS FROM `wlm_flash` [ RunTime:0.0312s ]
SQL: SELECT * FROM `wlm_flash`  [ RunTime:0.0156s ]
INFO: [ view_parse ] --START--
INFO: [ template_filter ] --START--
INFO: Run Behavior\ContentReplaceBehavior [ RunTime:0.000000s ]
INFO: [ template_filter ] --END-- [ RunTime:0.000000s ]
INFO: Run Behavior\ParseTemplateBehavior [ RunTime:0.031248s ]
INFO: [ view_parse ] --END-- [ RunTime:0.031248s ]
INFO: [ view_filter ] --START--
INFO: Run Behavior\WriteHtmlCacheBehavior [ RunTime:0.000000s ]
INFO: [ view_filter ] --END-- [ RunTime:0.000000s ]
INFO: [ app_end ] --START--
INFO: Run Behavior\ShowPageTraceBehavior [ RunTime:0.000000s ]
INFO: [ app_end ] --END-- [ RunTime:0.000000s ]

[ 2016-07-28T09:11:59+08:00 ] 127.0.0.1 /index.php?s=/News/newslist.html
INFO: [ app_init ] --START--
INFO: Run Behavior\BuildLiteBehavior [ RunTime:0.000000s ]
INFO: [ app_init ] --END-- [ RunTime:0.000000s ]
INFO: [ app_begin ] --START--
INFO: Run Behavior\ReadHtmlCacheBehavior [ RunTime:0.000000s ]
INFO: [ app_begin ] --END-- [ RunTime:0.000000s ]
NOTIC: [2048] Declaration of Home\Controller\NewsController::show() should be compatible with Think\Controller::show($content, $charset = '', $contentType = '', $prefix = '') D:\wamp\www\Application\Home\Controller\NewsController.class.php 第 46 行.
NOTIC: [8] Undefined variable: count D:\wamp\www\Application\Home\Controller\NewsController.class.php 第 7 行.
SQL: SHOW COLUMNS FROM `wlm_news` [ RunTime:0.0156s ]
NOTIC: [8] Undefined variable: where D:\wamp\www\Application\Home\Controller\NewsController.class.php 第 8 行.
SQL: SELECT * FROM `wlm_news` ORDER BY create_time desc LIMIT 18   [ RunTime:0.1250s ]
INFO: [ view_parse ] --START--
INFO: [ template_filter ] --START--
INFO: Run Behavior\ContentReplaceBehavior [ RunTime:0.000000s ]
INFO: [ template_filter ] --END-- [ RunTime:0.000000s ]
NOTIC: [8] Undefined variable: img D:\wamp\www\Application\Runtime\Cache\Home\103ad514d34e98125d7e96e257e08639.php 第 67 行.
NOTIC: [8] Undefined variable: page D:\wamp\www\Application\Runtime\Cache\Home\103ad514d34e98125d7e96e257e08639.php 第 85 行.
INFO: Run Behavior\ParseTemplateBehavior [ RunTime:0.031247s ]
INFO: [ view_parse ] --END-- [ RunTime:0.031247s ]
INFO: [ view_filter ] --START--
INFO: Run Behavior\WriteHtmlCacheBehavior [ RunTime:0.000000s ]
INFO: [ view_filter ] --END-- [ RunTime:0.000000s ]
INFO: [ app_end ] --START--
INFO: Run Behavior\ShowPageTraceBehavior [ RunTime:0.000000s ]
INFO: [ app_end ] --END-- [ RunTime:0.000000s ]

[ 2016-07-28T09:12:08+08:00 ] 127.0.0.1 /index.php?s=/Article/show/type/2.html
INFO: [ app_init ] --START--
INFO: Run Behavior\BuildLiteBehavior [ RunTime:0.000000s ]
INFO: [ app_init ] --END-- [ RunTime:0.000000s ]
INFO: [ app_begin ] --START--
INFO: Run Behavior\ReadHtmlCacheBehavior [ RunTime:0.000000s ]
INFO: [ app_begin ] --END-- [ RunTime:0.000000s ]
NOTIC: [2048] Declaration of Home\Controller\ArticleController::show() should be compatible with Think\Controller::show($content, $charset = '', $contentType = '', $prefix = '') D:\wamp\www\Application\Home\Controller\ArticleController.class.php 第 7 行.
SQL: SHOW COLUMNS FROM `wlm_article` [ RunTime:0.0312s ]
SQL: SELECT * FROM `wlm_article` WHERE ( type=2 ) ORDER BY time desc LIMIT 1   [ RunTime:0.0156s ]
SQL: SELECT * FROM `wlm_article` WHERE ( type=2 ) ORDER BY time desc LIMIT 10   [ RunTime:0.0312s ]
INFO: [ view_parse ] --START--
INFO: [ template_filter ] --START--
INFO: Run Behavior\ContentReplaceBehavior [ RunTime:0.000000s ]
INFO: [ template_filter ] --END-- [ RunTime:0.000000s ]
NOTIC: [8] Undefined variable: img D:\wamp\www\Application\Runtime\Cache\Home\a79d9f0c35e9eb55230da039a2581632.php 第 66 行.
NOTIC: [8] Undefined variable: title D:\wamp\www\Application\Runtime\Cache\Home\a79d9f0c35e9eb55230da039a2581632.php 第 83 行.
INFO: Run Behavior\ParseTemplateBehavior [ RunTime:0.031247s ]
INFO: [ view_parse ] --END-- [ RunTime:0.031247s ]
INFO: [ view_filter ] --START--
INFO: Run Behavior\WriteHtmlCacheBehavior [ RunTime:0.000000s ]
INFO: [ view_filter ] --END-- [ RunTime:0.000000s ]
INFO: [ app_end ] --START--
INFO: Run Behavior\ShowPageTraceBehavior [ RunTime:0.000000s ]
INFO: [ app_end ] --END-- [ RunTime:0.000000s ]

[ 2016-07-28T09:12:49+08:00 ] 127.0.0.1 /index.php?s=/Article/show/type/1.html
INFO: [ app_init ] --START--
INFO: Run Behavior\BuildLiteBehavior [ RunTime:0.000000s ]
INFO: [ app_init ] --END-- [ RunTime:0.000000s ]
INFO: [ app_begin ] --START--
INFO: Run Behavior\ReadHtmlCacheBehavior [ RunTime:0.000000s ]
INFO: [ app_begin ] --END-- [ RunTime:0.000000s ]
NOTIC: [2048] Declaration of Home\Controller\ArticleController::show() should be compatible with Think\Controller::show($content, $charset = '', $contentType = '', $prefix = '') D:\wamp\www\Application\Home\Controller\ArticleController.class.php 第 7 行.
SQL: SHOW COLUMNS FROM `wlm_article` [ RunTime:0.0312s ]
SQL: SELECT * FROM `wlm_article` WHERE ( type=1 ) ORDER BY time desc LIMIT 1   [ RunTime:0.0156s ]
SQL: SELECT * FROM `wlm_article` WHERE ( type=1 ) ORDER BY time desc LIMIT 10   [ RunTime:0.0312s ]
INFO: [ view_parse ] --START--
INFO: [ template_filter ] --START--
INFO: Run Behavior\ContentReplaceBehavior [ RunTime:0.000000s ]
INFO: [ template_filter ] --END-- [ RunTime:0.000000s ]
NOTIC: [8] Undefined variable: img D:\wamp\www\Application\Runtime\Cache\Home\a79d9f0c35e9eb55230da039a2581632.php 第 66 行.
NOTIC: [8] Undefined variable: title D:\wamp\www\Application\Runtime\Cache\Home\a79d9f0c35e9eb55230da039a2581632.php 第 83 行.
INFO: Run Behavior\ParseTemplateBehavior [ RunTime:0.031247s ]
INFO: [ view_parse ] --END-- [ RunTime:0.031247s ]
INFO: [ view_filter ] --START--
INFO: Run Behavior\WriteHtmlCacheBehavior [ RunTime:0.000000s ]
INFO: [ view_filter ] --END-- [ RunTime:0.000000s ]
INFO: [ app_end ] --START--
INFO: Run Behavior\ShowPageTraceBehavior [ RunTime:0.000000s ]
INFO: [ app_end ] --END-- [ RunTime:0.000000s ]

[ 2016-07-28T09:15:14+08:00 ] 127.0.0.1 /index.php?s=/Index/index.html
INFO: [ app_init ] --START--
INFO: Run Behavior\BuildLiteBehavior [ RunTime:0.000000s ]
INFO: [ app_init ] --END-- [ RunTime:0.000000s ]
INFO: [ app_begin ] --START--
INFO: Run Behavior\ReadHtmlCacheBehavior [ RunTime:0.015624s ]
INFO: [ app_begin ] --END-- [ RunTime:0.015624s ]
SQL: SHOW COLUMNS FROM `wlm_news` [ RunTime:0.0312s ]
SQL: SELECT * FROM `wlm_news` ORDER BY create_time desc  [ RunTime:0.1719s ]
SQL: SHOW COLUMNS FROM `wlm_article` [ RunTime:0.0312s ]
SQL: SELECT * FROM `wlm_article` WHERE ( id = 24 ) LIMIT 1   [ RunTime:0.0312s ]
SQL: SHOW COLUMNS FROM `wlm_img` [ RunTime:0.0156s ]
SQL: SELECT * FROM `wlm_img`  [ RunTime:0.0312s ]
SQL: SHOW COLUMNS FROM `wlm_flash` [ RunTime:0.0156s ]
SQL: SELECT * FROM `wlm_flash`  [ RunTime:0.0312s ]
INFO: [ view_parse ] --START--
INFO: [ template_filter ] --START--
INFO: Run Behavior\ContentReplaceBehavior [ RunTime:0.000000s ]
INFO: [ template_filter ] --END-- [ RunTime:0.000000s ]
INFO: Run Behavior\ParseTemplateBehavior [ RunTime:0.046871s ]
INFO: [ view_parse ] --END-- [ RunTime:0.046871s ]
INFO: [ view_filter ] --START--
INFO: Run Behavior\WriteHtmlCacheBehavior [ RunTime:0.000000s ]
INFO: [ view_filter ] --END-- [ RunTime:0.000000s ]
INFO: [ app_end ] --START--
INFO: Run Behavior\ShowPageTraceBehavior [ RunTime:0.000000s ]
INFO: [ app_end ] --END-- [ RunTime:0.000000s ]

[ 2016-07-28T09:15:19+08:00 ] 127.0.0.1 /index.php?s=/Article/show/type/4.html
INFO: [ app_init ] --START--
INFO: Run Behavior\BuildLiteBehavior [ RunTime:0.000000s ]
INFO: [ app_init ] --END-- [ RunTime:0.015623s ]
INFO: [ app_begin ] --START--
INFO: Run Behavior\ReadHtmlCacheBehavior [ RunTime:0.000000s ]
INFO: [ app_begin ] --END-- [ RunTime:0.000000s ]
NOTIC: [2048] Declaration of Home\Controller\ArticleController::show() should be compatible with Think\Controller::show($content, $charset = '', $contentType = '', $prefix = '') D:\wamp\www\Application\Home\Controller\ArticleController.class.php 第 7 行.
SQL: SHOW COLUMNS FROM `wlm_article` [ RunTime:0.0156s ]
SQL: SELECT * FROM `wlm_article` WHERE ( type=4 ) ORDER BY time desc LIMIT 1   [ RunTime:0.0312s ]
SQL: SELECT * FROM `wlm_article` WHERE ( type=4 ) ORDER BY time desc LIMIT 10   [ RunTime:0.0469s ]
INFO: [ view_parse ] --START--
INFO: [ template_filter ] --START--
INFO: Run Behavior\ContentReplaceBehavior [ RunTime:0.000000s ]
INFO: [ template_filter ] --END-- [ RunTime:0.000000s ]
NOTIC: [8] Undefined variable: img D:\wamp\www\Application\Runtime\Cache\Home\a79d9f0c35e9eb55230da039a2581632.php 第 66 行.
NOTIC: [8] Undefined variable: title D:\wamp\www\Application\Runtime\Cache\Home\a79d9f0c35e9eb55230da039a2581632.php 第 83 行.
INFO: Run Behavior\ParseTemplateBehavior [ RunTime:0.031247s ]
INFO: [ view_parse ] --END-- [ RunTime:0.031247s ]
INFO: [ view_filter ] --START--
INFO: Run Behavior\WriteHtmlCacheBehavior [ RunTime:0.000000s ]
INFO: [ view_filter ] --END-- [ RunTime:0.000000s ]
INFO: [ app_end ] --START--
INFO: Run Behavior\ShowPageTraceBehavior [ RunTime:0.000000s ]
INFO: [ app_end ] --END-- [ RunTime:0.000000s ]

[ 2016-07-28T09:17:05+08:00 ] 127.0.0.1 /index.php?s=/Index/index.html
INFO: [ app_init ] --START--
INFO: Run Behavior\BuildLiteBehavior [ RunTime:0.000000s ]
INFO: [ app_init ] --END-- [ RunTime:0.000000s ]
INFO: [ app_begin ] --START--
INFO: Run Behavior\ReadHtmlCacheBehavior [ RunTime:0.000000s ]
INFO: [ app_begin ] --END-- [ RunTime:0.000000s ]
SQL: SHOW COLUMNS FROM `wlm_news` [ RunTime:0.0156s ]
SQL: SELECT * FROM `wlm_news` ORDER BY create_time desc  [ RunTime:0.1875s ]
SQL: SHOW COLUMNS FROM `wlm_article` [ RunTime:0.0312s ]
SQL: SELECT * FROM `wlm_article` WHERE ( id = 24 ) LIMIT 1   [ RunTime:0.0156s ]
SQL: SHOW COLUMNS FROM `wlm_img` [ RunTime:0.0312s ]
SQL: SELECT * FROM `wlm_img`  [ RunTime:0.0156s ]
SQL: SHOW COLUMNS FROM `wlm_flash` [ RunTime:0.0312s ]
SQL: SELECT * FROM `wlm_flash`  [ RunTime:0.0156s ]
INFO: [ view_parse ] --START--
INFO: [ template_filter ] --START--
INFO: Run Behavior\ContentReplaceBehavior [ RunTime:0.000000s ]
INFO: [ template_filter ] --END-- [ RunTime:0.000000s ]
INFO: Run Behavior\ParseTemplateBehavior [ RunTime:0.046872s ]
INFO: [ view_parse ] --END-- [ RunTime:0.046872s ]
INFO: [ view_filter ] --START--
INFO: Run Behavior\WriteHtmlCacheBehavior [ RunTime:0.000000s ]
INFO: [ view_filter ] --END-- [ RunTime:0.000000s ]
INFO: [ app_end ] --START--
INFO: Run Behavior\ShowPageTraceBehavior [ RunTime:0.000000s ]
INFO: [ app_end ] --END-- [ RunTime:0.000000s ]

[ 2016-07-28T09:20:15+08:00 ] 127.0.0.1 /index.php?s=/Article/show/type/3.html
INFO: [ app_init ] --START--
INFO: Run Behavior\BuildLiteBehavior [ RunTime:0.000000s ]
INFO: [ app_init ] --END-- [ RunTime:0.000000s ]
INFO: [ app_begin ] --START--
INFO: Run Behavior\ReadHtmlCacheBehavior [ RunTime:0.000000s ]
INFO: [ app_begin ] --END-- [ RunTime:0.000000s ]
NOTIC: [2048] Declaration of Home\Controller\ArticleController::show() should be compatible with Think\Controller::show($content, $charset = '', $contentType = '', $prefix = '') D:\wamp\www\Application\Home\Controller\ArticleController.class.php 第 7 行.
SQL: SHOW COLUMNS FROM `wlm_article` [ RunTime:0.0312s ]
SQL: SELECT * FROM `wlm_article` WHERE ( type=3 ) ORDER BY time desc LIMIT 1   [ RunTime:0.0312s ]
SQL: SELECT * FROM `wlm_article` WHERE ( type=3 ) ORDER BY time desc LIMIT 10   [ RunTime:0.0312s ]
INFO: [ view_parse ] --START--
INFO: [ template_filter ] --START--
INFO: Run Behavior\ContentReplaceBehavior [ RunTime:0.000000s ]
INFO: [ template_filter ] --END-- [ RunTime:0.000000s ]
NOTIC: [8] Undefined variable: img D:\wamp\www\Application\Runtime\Cache\Home\a79d9f0c35e9eb55230da039a2581632.php 第 66 行.
NOTIC: [8] Undefined variable: title D:\wamp\www\Application\Runtime\Cache\Home\a79d9f0c35e9eb55230da039a2581632.php 第 83 行.
INFO: Run Behavior\ParseTemplateBehavior [ RunTime:0.046871s ]
INFO: [ view_parse ] --END-- [ RunTime:0.046871s ]
INFO: [ view_filter ] --START--
INFO: Run Behavior\WriteHtmlCacheBehavior [ RunTime:0.000000s ]
INFO: [ view_filter ] --END-- [ RunTime:0.000000s ]
INFO: [ app_end ] --START--
INFO: Run Behavior\ShowPageTraceBehavior [ RunTime:0.000000s ]
INFO: [ app_end ] --END-- [ RunTime:0.000000s ]

[ 2016-07-28T09:22:09+08:00 ] 127.0.0.1 /index.php?s=/Article/show/type/3.html
INFO: [ app_init ] --START--
INFO: Run Behavior\BuildLiteBehavior [ RunTime:0.000000s ]
INFO: [ app_init ] --END-- [ RunTime:0.000000s ]
INFO: [ app_begin ] --START--
INFO: Run Behavior\ReadHtmlCacheBehavior [ RunTime:0.000000s ]
INFO: [ app_begin ] --END-- [ RunTime:0.000000s ]
NOTIC: [2048] Declaration of Home\Controller\ArticleController::show() should be compatible with Think\Controller::show($content, $charset = '', $contentType = '', $prefix = '') D:\wamp\www\Application\Home\Controller\ArticleController.class.php 第 7 行.
SQL: SHOW COLUMNS FROM `wlm_article` [ RunTime:0.0156s ]
SQL: SELECT * FROM `wlm_article` WHERE ( type=3 ) ORDER BY time desc LIMIT 1   [ RunTime:0.0312s ]
SQL: SELECT * FROM `wlm_article` WHERE ( type=3 ) ORDER BY time desc LIMIT 10   [ RunTime:0.0156s ]
INFO: [ view_parse ] --START--
INFO: [ template_filter ] --START--
INFO: Run Behavior\ContentReplaceBehavior [ RunTime:0.000000s ]
INFO: [ template_filter ] --END-- [ RunTime:0.000000s ]
NOTIC: [8] Undefined variable: img D:\wamp\www\Application\Runtime\Cache\Home\a79d9f0c35e9eb55230da039a2581632.php 第 66 行.
NOTIC: [8] Undefined variable: title D:\wamp\www\Application\Runtime\Cache\Home\a79d9f0c35e9eb55230da039a2581632.php 第 83 行.
INFO: Run Behavior\ParseTemplateBehavior [ RunTime:0.015624s ]
INFO: [ view_parse ] --END-- [ RunTime:0.015624s ]
INFO: [ view_filter ] --START--
INFO: Run Behavior\WriteHtmlCacheBehavior [ RunTime:0.000000s ]
INFO: [ view_filter ] --END-- [ RunTime:0.000000s ]
INFO: [ app_end ] --START--
INFO: Run Behavior\ShowPageTraceBehavior [ RunTime:0.000000s ]
INFO: [ app_end ] --END-- [ RunTime:0.015624s ]

[ 2016-07-28T09:22:20+08:00 ] 127.0.0.1 /index.php?s=/Index/index.html
INFO: [ app_init ] --START--
INFO: Run Behavior\BuildLiteBehavior [ RunTime:0.000000s ]
INFO: [ app_init ] --END-- [ RunTime:0.000000s ]
INFO: [ app_begin ] --START--
INFO: Run Behavior\ReadHtmlCacheBehavior [ RunTime:0.000000s ]
INFO: [ app_begin ] --END-- [ RunTime:0.000000s ]
SQL: SHOW COLUMNS FROM `wlm_news` [ RunTime:0.0312s ]
SQL: SELECT * FROM `wlm_news` ORDER BY create_time desc  [ RunTime:0.1562s ]
SQL: SHOW COLUMNS FROM `wlm_article` [ RunTime:0.0312s ]
SQL: SELECT * FROM `wlm_article` WHERE ( id = 24 ) LIMIT 1   [ RunTime:0.0156s ]
SQL: SHOW COLUMNS FROM `wlm_img` [ RunTime:0.0312s ]
SQL: SELECT * FROM `wlm_img`  [ RunTime:0.0156s ]
SQL: SHOW COLUMNS FROM `wlm_flash` [ RunTime:0.0312s ]
SQL: SELECT * FROM `wlm_flash`  [ RunTime:0.0156s ]
INFO: [ view_parse ] --START--
INFO: [ template_filter ] --START--
INFO: Run Behavior\ContentReplaceBehavior [ RunTime:0.000000s ]
INFO: [ template_filter ] --END-- [ RunTime:0.000000s ]
INFO: Run Behavior\ParseTemplateBehavior [ RunTime:0.046872s ]
INFO: [ view_parse ] --END-- [ RunTime:0.046872s ]
INFO: [ view_filter ] --START--
INFO: Run Behavior\WriteHtmlCacheBehavior [ RunTime:0.000000s ]
INFO: [ view_filter ] --END-- [ RunTime:0.000000s ]
INFO: [ app_end ] --START--
INFO: Run Behavior\ShowPageTraceBehavior [ RunTime:0.000000s ]
INFO: [ app_end ] --END-- [ RunTime:0.000000s ]

[ 2016-07-28T09:22:22+08:00 ] 127.0.0.1 /index.php?s=/Article/show/type/4.html
INFO: [ app_init ] --START--
INFO: Run Behavior\BuildLiteBehavior [ RunTime:0.000000s ]
INFO: [ app_init ] --END-- [ RunTime:0.000000s ]
INFO: [ app_begin ] --START--
INFO: Run Behavior\ReadHtmlCacheBehavior [ RunTime:0.000000s ]
INFO: [ app_begin ] --END-- [ RunTime:0.000000s ]
NOTIC: [2048] Declaration of Home\Controller\ArticleController::show() should be compatible with Think\Controller::show($content, $charset = '', $contentType = '', $prefix = '') D:\wamp\www\Application\Home\Controller\ArticleController.class.php 第 7 行.
SQL: SHOW COLUMNS FROM `wlm_article` [ RunTime:0.0312s ]
SQL: SELECT * FROM `wlm_article` WHERE ( type=4 ) ORDER BY time desc LIMIT 1   [ RunTime:0.0312s ]
SQL: SELECT * FROM `wlm_article` WHERE ( type=4 ) ORDER BY time desc LIMIT 10   [ RunTime:0.0469s ]
INFO: [ view_parse ] --START--
INFO: [ template_filter ] --START--
INFO: Run Behavior\ContentReplaceBehavior [ RunTime:0.000000s ]
INFO: [ template_filter ] --END-- [ RunTime:0.000000s ]
NOTIC: [8] Undefined variable: img D:\wamp\www\Application\Runtime\Cache\Home\a79d9f0c35e9eb55230da039a2581632.php 第 66 行.
NOTIC: [8] Undefined variable: title D:\wamp\www\Application\Runtime\Cache\Home\a79d9f0c35e9eb55230da039a2581632.php 第 83 行.
INFO: Run Behavior\ParseTemplateBehavior [ RunTime:0.015624s ]
INFO: [ view_parse ] --END-- [ RunTime:0.015624s ]
INFO: [ view_filter ] --START--
INFO: Run Behavior\WriteHtmlCacheBehavior [ RunTime:0.015624s ]
INFO: [ view_filter ] --END-- [ RunTime:0.015624s ]
INFO: [ app_end ] --START--
INFO: Run Behavior\ShowPageTraceBehavior [ RunTime:0.000000s ]
INFO: [ app_end ] --END-- [ RunTime:0.000000s ]

[ 2016-07-28T09:22:41+08:00 ] 127.0.0.1 /index.php?s=/Article/show/type/4.html
INFO: [ app_init ] --START--
INFO: Run Behavior\BuildLiteBehavior [ RunTime:0.000000s ]
INFO: [ app_init ] --END-- [ RunTime:0.000000s ]
INFO: [ app_begin ] --START--
INFO: Run Behavior\ReadHtmlCacheBehavior [ RunTime:0.000000s ]
INFO: [ app_begin ] --END-- [ RunTime:0.000000s ]
NOTIC: [2048] Declaration of Home\Controller\ArticleController::show() should be compatible with Think\Controller::show($content, $charset = '', $contentType = '', $prefix = '') D:\wamp\www\Application\Home\Controller\ArticleController.class.php 第 7 行.
SQL: SHOW COLUMNS FROM `wlm_article` [ RunTime:0.0312s ]
SQL: SELECT * FROM `wlm_article` WHERE ( type=4 ) ORDER BY time desc LIMIT 1   [ RunTime:0.0156s ]
SQL: SELECT * FROM `wlm_article` WHERE ( type=4 ) ORDER BY time desc LIMIT 10   [ RunTime:0.0469s ]
INFO: [ view_parse ] --START--
INFO: [ template_filter ] --START--
INFO: Run Behavior\ContentReplaceBehavior [ RunTime:0.000000s ]
INFO: [ template_filter ] --END-- [ RunTime:0.000000s ]
NOTIC: [8] Undefined variable: img D:\wamp\www\Application\Runtime\Cache\Home\a79d9f0c35e9eb55230da039a2581632.php 第 66 行.
NOTIC: [8] Undefined variable: title D:\wamp\www\Application\Runtime\Cache\Home\a79d9f0c35e9eb55230da039a2581632.php 第 83 行.
INFO: Run Behavior\ParseTemplateBehavior [ RunTime:0.015624s ]
INFO: [ view_parse ] --END-- [ RunTime:0.015624s ]
INFO: [ view_filter ] --START--
INFO: Run Behavior\WriteHtmlCacheBehavior [ RunTime:0.015624s ]
INFO: [ view_filter ] --END-- [ RunTime:0.015624s ]
INFO: [ app_end ] --START--
INFO: Run Behavior\ShowPageTraceBehavior [ RunTime:0.000000s ]
INFO: [ app_end ] --END-- [ RunTime:0.000000s ]

[ 2016-07-28T09:22:51+08:00 ] 127.0.0.1 /index.php?s=/Article/show/type/2.html
INFO: [ app_init ] --START--
INFO: Run Behavior\BuildLiteBehavior [ RunTime:0.000000s ]
INFO: [ app_init ] --END-- [ RunTime:0.000000s ]
INFO: [ app_begin ] --START--
INFO: Run Behavior\ReadHtmlCacheBehavior [ RunTime:0.000000s ]
INFO: [ app_begin ] --END-- [ RunTime:0.000000s ]
NOTIC: [2048] Declaration of Home\Controller\ArticleController::show() should be compatible with Think\Controller::show($content, $charset = '', $contentType = '', $prefix = '') D:\wamp\www\Application\Home\Controller\ArticleController.class.php 第 7 行.
SQL: SHOW COLUMNS FROM `wlm_article` [ RunTime:0.0312s ]
SQL: SELECT * FROM `wlm_article` WHERE ( type=2 ) ORDER BY time desc LIMIT 1   [ RunTime:0.0312s ]
SQL: SELECT * FROM `wlm_article` WHERE ( type=2 ) ORDER BY time desc LIMIT 10   [ RunTime:0.0312s ]
INFO: [ view_parse ] --START--
INFO: [ template_filter ] --START--
INFO: Run Behavior\ContentReplaceBehavior [ RunTime:0.000000s ]
INFO: [ template_filter ] --END-- [ RunTime:0.000000s ]
NOTIC: [8] Undefined variable: img D:\wamp\www\Application\Runtime\Cache\Home\a79d9f0c35e9eb55230da039a2581632.php 第 66 行.
NOTIC: [8] Undefined variable: title D:\wamp\www\Application\Runtime\Cache\Home\a79d9f0c35e9eb55230da039a2581632.php 第 83 行.
INFO: Run Behavior\ParseTemplateBehavior [ RunTime:0.031248s ]
INFO: [ view_parse ] --END-- [ RunTime:0.031248s ]
INFO: [ view_filter ] --START--
INFO: Run Behavior\WriteHtmlCacheBehavior [ RunTime:0.000000s ]
INFO: [ view_filter ] --END-- [ RunTime:0.000000s ]
INFO: [ app_end ] --START--
INFO: Run Behavior\ShowPageTraceBehavior [ RunTime:0.000000s ]
INFO: [ app_end ] --END-- [ RunTime:0.000000s ]

[ 2016-07-28T09:22:51+08:00 ] 127.0.0.1 /index.php?s=/Article/show/type/2.html
INFO: [ app_init ] --START--
INFO: Run Behavior\BuildLiteBehavior [ RunTime:0.000000s ]
INFO: [ app_init ] --END-- [ RunTime:0.000000s ]
INFO: [ app_begin ] --START--
INFO: Run Behavior\ReadHtmlCacheBehavior [ RunTime:0.000000s ]
INFO: [ app_begin ] --END-- [ RunTime:0.000000s ]
NOTIC: [2048] Declaration of Home\Controller\ArticleController::show() should be compatible with Think\Controller::show($content, $charset = '', $contentType = '', $prefix = '') D:\wamp\www\Application\Home\Controller\ArticleController.class.php 第 7 行.
SQL: SHOW COLUMNS FROM `wlm_article` [ RunTime:0.0312s ]
SQL: SELECT * FROM `wlm_article` WHERE ( type=2 ) ORDER BY time desc LIMIT 1   [ RunTime:0.0156s ]
SQL: SELECT * FROM `wlm_article` WHERE ( type=2 ) ORDER BY time desc LIMIT 10   [ RunTime:0.0312s ]
INFO: [ view_parse ] --START--
INFO: [ template_filter ] --START--
INFO: Run Behavior\ContentReplaceBehavior [ RunTime:0.000000s ]
INFO: [ template_filter ] --END-- [ RunTime:0.000000s ]
NOTIC: [8] Undefined variable: img D:\wamp\www\Application\Runtime\Cache\Home\a79d9f0c35e9eb55230da039a2581632.php 第 66 行.
NOTIC: [8] Undefined variable: title D:\wamp\www\Application\Runtime\Cache\Home\a79d9f0c35e9eb55230da039a2581632.php 第 83 行.
INFO: Run Behavior\ParseTemplateBehavior [ RunTime:0.031247s ]
INFO: [ view_parse ] --END-- [ RunTime:0.031247s ]
INFO: [ view_filter ] --START--
INFO: Run Behavior\WriteHtmlCacheBehavior [ RunTime:0.000000s ]
INFO: [ view_filter ] --END-- [ RunTime:0.000000s ]
INFO: [ app_end ] --START--
INFO: Run Behavior\ShowPageTraceBehavior [ RunTime:0.000000s ]
INFO: [ app_end ] --END-- [ RunTime:0.000000s ]

[ 2016-07-28T09:22:52+08:00 ] 127.0.0.1 /index.php?s=/Article/show/type/5.html
INFO: [ app_init ] --START--
INFO: Run Behavior\BuildLiteBehavior [ RunTime:0.000000s ]
INFO: [ app_init ] --END-- [ RunTime:0.000000s ]
INFO: [ app_begin ] --START--
INFO: Run Behavior\ReadHtmlCacheBehavior [ RunTime:0.000000s ]
INFO: [ app_begin ] --END-- [ RunTime:0.000000s ]
NOTIC: [2048] Declaration of Home\Controller\ArticleController::show() should be compatible with Think\Controller::show($content, $charset = '', $contentType = '', $prefix = '') D:\wamp\www\Application\Home\Controller\ArticleController.class.php 第 7 行.
SQL: SHOW COLUMNS FROM `wlm_article` [ RunTime:0.0156s ]
SQL: SELECT * FROM `wlm_article` WHERE ( type=5 ) ORDER BY time desc LIMIT 1   [ RunTime:0.0469s ]
SQL: SELECT * FROM `wlm_article` WHERE ( type=5 ) ORDER BY time desc LIMIT 10   [ RunTime:0.0781s ]
INFO: [ view_parse ] --START--
INFO: [ template_filter ] --START--
INFO: Run Behavior\ContentReplaceBehavior [ RunTime:0.000000s ]
INFO: [ template_filter ] --END-- [ RunTime:0.000000s ]
NOTIC: [8] Undefined variable: img D:\wamp\www\Application\Runtime\Cache\Home\a79d9f0c35e9eb55230da039a2581632.php 第 66 行.
NOTIC: [8] Undefined variable: title D:\wamp\www\Application\Runtime\Cache\Home\a79d9f0c35e9eb55230da039a2581632.php 第 83 行.
INFO: Run Behavior\ParseTemplateBehavior [ RunTime:0.015623s ]
INFO: [ view_parse ] --END-- [ RunTime:0.031247s ]
INFO: [ view_filter ] --START--
INFO: Run Behavior\WriteHtmlCacheBehavior [ RunTime:0.000000s ]
INFO: [ view_filter ] --END-- [ RunTime:0.000000s ]
INFO: [ app_end ] --START--
INFO: Run Behavior\ShowPageTraceBehavior [ RunTime:0.000000s ]
INFO: [ app_end ] --END-- [ RunTime:0.000000s ]

[ 2016-07-28T09:28:41+08:00 ] 127.0.0.1 /index.php
INFO: [ app_init ] --START--
INFO: Run Behavior\BuildLiteBehavior [ RunTime:0.000000s ]
INFO: [ app_init ] --END-- [ RunTime:0.000000s ]

[ 2016-07-28T09:28:44+08:00 ] 127.0.0.1 /
INFO: [ app_init ] --START--
INFO: Run Behavior\BuildLiteBehavior [ RunTime:0.000000s ]
INFO: [ app_init ] --END-- [ RunTime:0.000000s ]

[ 2016-07-28T09:30:26+08:00 ] 127.0.0.1 /
INFO: [ app_init ] --START--
INFO: Run Behavior\BuildLiteBehavior [ RunTime:0.000000s ]
INFO: [ app_init ] --END-- [ RunTime:0.000000s ]

[ 2016-07-28T09:30:28+08:00 ] 127.0.0.1 /
INFO: [ app_init ] --START--
INFO: Run Behavior\BuildLiteBehavior [ RunTime:0.000000s ]
INFO: [ app_init ] --END-- [ RunTime:0.015624s ]

[ 2016-07-28T09:30:38+08:00 ] 127.0.0.1 /
INFO: [ app_init ] --START--
INFO: Run Behavior\BuildLiteBehavior [ RunTime:0.000000s ]
INFO: [ app_init ] --END-- [ RunTime:0.000000s ]

[ 2016-07-28T09:30:48+08:00 ] 127.0.0.1 /
INFO: [ app_init ] --START--
INFO: Run Behavior\BuildLiteBehavior [ RunTime:0.000000s ]
INFO: [ app_init ] --END-- [ RunTime:0.000000s ]

[ 2016-07-28T09:30:50+08:00 ] 127.0.0.1 /
INFO: [ app_init ] --START--
INFO: Run Behavior\BuildLiteBehavior [ RunTime:0.000000s ]
INFO: [ app_init ] --END-- [ RunTime:0.000000s ]

[ 2016-07-28T09:30:59+08:00 ] 127.0.0.1 /
INFO: [ app_init ] --START--
INFO: Run Behavior\BuildLiteBehavior [ RunTime:0.000000s ]
INFO: [ app_init ] --END-- [ RunTime:0.000000s ]
INFO: [ app_begin ] --START--
INFO: Run Behavior\ReadHtmlCacheBehavior [ RunTime:0.000000s ]
INFO: [ app_begin ] --END-- [ RunTime:0.000000s ]
SQL: SHOW COLUMNS FROM `wlm_news` [ RunTime:0.0312s ]
SQL: SELECT * FROM `wlm_news` ORDER BY create_time desc  [ RunTime:0.1562s ]
SQL: SHOW COLUMNS FROM `wlm_article` [ RunTime:0.0312s ]
SQL: SELECT * FROM `wlm_article` WHERE ( id = 24 ) LIMIT 1   [ RunTime:0.0156s ]
SQL: SHOW COLUMNS FROM `wlm_img` [ RunTime:0.0156s ]
SQL: SELECT * FROM `wlm_img`  [ RunTime:0.0312s ]
SQL: SHOW COLUMNS FROM `wlm_flash` [ RunTime:0.0156s ]
SQL: SELECT * FROM `wlm_flash`  [ RunTime:0.0312s ]
INFO: [ view_parse ] --START--
INFO: [ template_filter ] --START--
INFO: Run Behavior\ContentReplaceBehavior [ RunTime:0.000000s ]
INFO: [ template_filter ] --END-- [ RunTime:0.000000s ]
INFO: Run Behavior\ParseTemplateBehavior [ RunTime:0.046872s ]
INFO: [ view_parse ] --END-- [ RunTime:0.046872s ]
INFO: [ view_filter ] --START--
INFO: Run Behavior\WriteHtmlCacheBehavior [ RunTime:0.000000s ]
INFO: [ view_filter ] --END-- [ RunTime:0.000000s ]
INFO: [ app_end ] --START--
INFO: Run Behavior\ShowPageTraceBehavior [ RunTime:0.000000s ]
INFO: [ app_end ] --END-- [ RunTime:0.000000s ]

[ 2016-07-28T09:31:42+08:00 ] 127.0.0.1 /
INFO: [ app_init ] --START--
INFO: Run Behavior\BuildLiteBehavior [ RunTime:0.000000s ]
INFO: [ app_init ] --END-- [ RunTime:0.000000s ]

[ 2016-07-28T09:31:55+08:00 ] 127.0.0.1 /
INFO: [ app_init ] --START--
INFO: Run Behavior\BuildLiteBehavior [ RunTime:0.000000s ]
INFO: [ app_init ] --END-- [ RunTime:0.000000s ]
NOTIC: [8] Use of undefined constant ture - assumed 'ture' D:\wamp\www\Application\Home\Conf\config.php 第 9 行.
INFO: [ app_begin ] --START--
INFO: Run Behavior\ReadHtmlCacheBehavior [ RunTime:0.000000s ]
INFO: [ app_begin ] --END-- [ RunTime:0.000000s ]
SQL: SHOW COLUMNS FROM `wlm_news` [ RunTime:0.0312s ]
SQL: SELECT * FROM `wlm_news` ORDER BY create_time desc  [ RunTime:0.1406s ]
SQL: SHOW COLUMNS FROM `wlm_article` [ RunTime:0.0312s ]
SQL: SELECT * FROM `wlm_article` WHERE ( id = 24 ) LIMIT 1   [ RunTime:0.0156s ]
SQL: SHOW COLUMNS FROM `wlm_img` [ RunTime:0.0312s ]
SQL: SELECT * FROM `wlm_img`  [ RunTime:0.0156s ]
SQL: SHOW COLUMNS FROM `wlm_flash` [ RunTime:0.0312s ]
SQL: SELECT * FROM `wlm_flash`  [ RunTime:0.0312s ]
INFO: [ view_parse ] --START--
INFO: [ template_filter ] --START--
INFO: Run Behavior\ContentReplaceBehavior [ RunTime:0.000000s ]
INFO: [ template_filter ] --END-- [ RunTime:0.000000s ]
INFO: Run Behavior\ParseTemplateBehavior [ RunTime:0.031248s ]
INFO: [ view_parse ] --END-- [ RunTime:0.031248s ]
INFO: [ view_filter ] --START--
INFO: Run Behavior\WriteHtmlCacheBehavior [ RunTime:0.000000s ]
INFO: [ view_filter ] --END-- [ RunTime:0.000000s ]
INFO: [ app_end ] --START--
INFO: Run Behavior\ShowPageTraceBehavior [ RunTime:0.000000s ]
INFO: [ app_end ] --END-- [ RunTime:0.000000s ]

[ 2016-07-28T09:32:57+08:00 ] 127.0.0.1 /
INFO: [ app_init ] --START--
INFO: Run Behavior\BuildLiteBehavior [ RunTime:0.000000s ]
INFO: [ app_init ] --END-- [ RunTime:0.000000s ]

[ 2016-07-28T09:33:06+08:00 ] 127.0.0.1 /
INFO: [ app_init ] --START--
INFO: Run Behavior\BuildLiteBehavior [ RunTime:0.000000s ]
INFO: [ app_init ] --END-- [ RunTime:0.015624s ]

[ 2016-07-28T09:34:52+08:00 ] 127.0.0.1 /
INFO: [ app_init ] --START--
INFO: Run Behavior\BuildLiteBehavior [ RunTime:0.000000s ]
INFO: [ app_init ] --END-- [ RunTime:0.000000s ]

[ 2016-07-28T09:37:24+08:00 ] 127.0.0.1 /
INFO: [ app_init ] --START--
INFO: Run Behavior\BuildLiteBehavior [ RunTime:0.000000s ]
INFO: [ app_init ] --END-- [ RunTime:0.000000s ]

[ 2016-07-28T09:37:41+08:00 ] 127.0.0.1 /
INFO: [ app_init ] --START--
INFO: Run Behavior\BuildLiteBehavior [ RunTime:0.000000s ]
INFO: [ app_init ] --END-- [ RunTime:0.000000s ]

[ 2016-07-28T09:42:59+08:00 ] 127.0.0.1 /
INFO: [ app_init ] --START--
INFO: Run Behavior\BuildLiteBehavior [ RunTime:0.000000s ]
INFO: [ app_init ] --END-- [ RunTime:0.000000s ]

[ 2016-07-28T09:44:53+08:00 ] 127.0.0.1 /
INFO: [ app_init ] --START--
INFO: Run Behavior\BuildLiteBehavior [ RunTime:0.000000s ]
INFO: [ app_init ] --END-- [ RunTime:0.000000s ]
INFO: [ app_begin ] --START--
INFO: Run Behavior\ReadHtmlCacheBehavior [ RunTime:0.000000s ]
INFO: [ app_begin ] --END-- [ RunTime:0.000000s ]
SQL: SHOW COLUMNS FROM `wlm_news` [ RunTime:0.0312s ]
SQL: SELECT * FROM `wlm_news` ORDER BY create_time desc  [ RunTime:3.9685s ]
SQL: SHOW COLUMNS FROM `wlm_article` [ RunTime:0.0156s ]
SQL: SELECT * FROM `wlm_article` WHERE ( id = 24 ) LIMIT 1   [ RunTime:0.0156s ]
SQL: SHOW COLUMNS FROM `wlm_img` [ RunTime:0.0312s ]
SQL: SELECT * FROM `wlm_img`  [ RunTime:0.0156s ]
SQL: SHOW COLUMNS FROM `wlm_flash` [ RunTime:0.0312s ]
SQL: SELECT * FROM `wlm_flash`  [ RunTime:0.0156s ]
INFO: [ view_parse ] --START--
INFO: [ template_filter ] --START--
INFO: Run Behavior\ContentReplaceBehavior [ RunTime:0.015624s ]
INFO: [ template_filter ] --END-- [ RunTime:0.015624s ]
INFO: Run Behavior\ParseTemplateBehavior [ RunTime:0.046872s ]
INFO: [ view_parse ] --END-- [ RunTime:0.046872s ]
INFO: [ view_filter ] --START--
INFO: Run Behavior\WriteHtmlCacheBehavior [ RunTime:0.015624s ]
INFO: [ view_filter ] --END-- [ RunTime:0.015624s ]
INFO: [ app_end ] --START--
INFO: Run Behavior\ShowPageTraceBehavior [ RunTime:0.000000s ]
INFO: [ app_end ] --END-- [ RunTime:0.000000s ]

[ 2016-07-28T09:45:17+08:00 ] 127.0.0.1 /index.php?s=/Article/show/type/3.html
INFO: [ app_init ] --START--
INFO: Run Behavior\BuildLiteBehavior [ RunTime:0.000000s ]
INFO: [ app_init ] --END-- [ RunTime:0.000000s ]
INFO: [ app_begin ] --START--
INFO: Run Behavior\ReadHtmlCacheBehavior [ RunTime:0.000000s ]
INFO: [ app_begin ] --END-- [ RunTime:0.000000s ]
NOTIC: [2048] Declaration of Home\Controller\ArticleController::show() should be compatible with Think\Controller::show($content, $charset = '', $contentType = '', $prefix = '') D:\wamp\www\Application\Home\Controller\ArticleController.class.php 第 7 行.
SQL: SHOW COLUMNS FROM `wlm_article` [ RunTime:0.0312s ]
SQL: SELECT * FROM `wlm_article` WHERE ( type=3 ) ORDER BY time desc LIMIT 1   [ RunTime:0.0312s ]
SQL: SELECT * FROM `wlm_article` WHERE ( type=3 ) ORDER BY time desc LIMIT 10   [ RunTime:0.0156s ]
INFO: [ view_parse ] --START--
INFO: [ template_filter ] --START--
INFO: Run Behavior\ContentReplaceBehavior [ RunTime:0.000000s ]
INFO: [ template_filter ] --END-- [ RunTime:0.000000s ]
NOTIC: [8] Undefined variable: img D:\wamp\www\Application\Runtime\Cache\Home\a79d9f0c35e9eb55230da039a2581632.php 第 66 行.
NOTIC: [8] Undefined variable: title D:\wamp\www\Application\Runtime\Cache\Home\a79d9f0c35e9eb55230da039a2581632.php 第 83 行.
INFO: Run Behavior\ParseTemplateBehavior [ RunTime:0.015625s ]
INFO: [ view_parse ] --END-- [ RunTime:0.015625s ]
INFO: [ view_filter ] --START--
INFO: Run Behavior\WriteHtmlCacheBehavior [ RunTime:0.000000s ]
INFO: [ view_filter ] --END-- [ RunTime:0.000000s ]
INFO: [ app_end ] --START--
INFO: Run Behavior\ShowPageTraceBehavior [ RunTime:0.000000s ]
INFO: [ app_end ] --END-- [ RunTime:0.015624s ]

[ 2016-07-28T09:46:47+08:00 ] 127.0.0.1 /index.php?s=List/list
INFO: [ app_init ] --START--
INFO: Run Behavior\BuildLiteBehavior [ RunTime:0.000000s ]
INFO: [ app_init ] --END-- [ RunTime:0.000000s ]
INFO: [ app_begin ] --START--
INFO: Run Behavior\ReadHtmlCacheBehavior [ RunTime:0.000000s ]
INFO: [ app_begin ] --END-- [ RunTime:0.000000s ]
ERR: 无法加载控制器:List

[ 2016-07-28T09:46:55+08:00 ] 127.0.0.1 /index.php?s=List
INFO: [ app_init ] --START--
INFO: Run Behavior\BuildLiteBehavior [ RunTime:0.000000s ]
INFO: [ app_init ] --END-- [ RunTime:0.000000s ]
INFO: [ app_begin ] --START--
INFO: Run Behavior\ReadHtmlCacheBehavior [ RunTime:0.000000s ]
INFO: [ app_begin ] --END-- [ RunTime:0.000000s ]
ERR: 无法加载控制器:List

[ 2016-07-28T09:47:08+08:00 ] 127.0.0.1 /index.php?s=List/list
INFO: [ app_init ] --START--
INFO: Run Behavior\BuildLiteBehavior [ RunTime:0.000000s ]
INFO: [ app_init ] --END-- [ RunTime:0.000000s ]
INFO: [ app_begin ] --START--
INFO: Run Behavior\ReadHtmlCacheBehavior [ RunTime:0.000000s ]
INFO: [ app_begin ] --END-- [ RunTime:0.000000s ]
ERR: 无法加载控制器:List

[ 2016-07-28T09:52:11+08:00 ] 127.0.0.1 /index.php?s=List/list
INFO: [ app_init ] --START--
INFO: Run Behavior\BuildLiteBehavior [ RunTime:0.000000s ]
INFO: [ app_init ] --END-- [ RunTime:0.000000s ]
INFO: [ app_begin ] --START--
INFO: Run Behavior\ReadHtmlCacheBehavior [ RunTime:0.015624s ]
INFO: [ app_begin ] --END-- [ RunTime:0.015624s ]
ERR: 无法加载控制器:List

[ 2016-07-28T09:52:13+08:00 ] 127.0.0.1 /index.php
INFO: [ app_init ] --START--
INFO: Run Behavior\BuildLiteBehavior [ RunTime:0.000000s ]
INFO: [ app_init ] --END-- [ RunTime:0.000000s ]
INFO: [ app_begin ] --START--
INFO: Run Behavior\ReadHtmlCacheBehavior [ RunTime:0.000000s ]
INFO: [ app_begin ] --END-- [ RunTime:0.000000s ]
SQL: SHOW COLUMNS FROM `wlm_news` [ RunTime:0.0312s ]
SQL: SELECT * FROM `wlm_news` ORDER BY create_time desc  [ RunTime:0.1406s ]
SQL: SHOW COLUMNS FROM `wlm_article` [ RunTime:0.0312s ]
SQL: SELECT * FROM `wlm_article` WHERE ( id = 24 ) LIMIT 1   [ RunTime:0.0156s ]
SQL: SHOW COLUMNS FROM `wlm_img` [ RunTime:0.0312s ]
SQL: SELECT * FROM `wlm_img`  [ RunTime:0.0156s ]
SQL: SHOW COLUMNS FROM `wlm_flash` [ RunTime:0.0312s ]
SQL: SELECT * FROM `wlm_flash`  [ RunTime:0.0312s ]
INFO: [ view_parse ] --START--
INFO: [ template_filter ] --START--
INFO: Run Behavior\ContentReplaceBehavior [ RunTime:0.000000s ]
INFO: [ template_filter ] --END-- [ RunTime:0.015624s ]
INFO: Run Behavior\ParseTemplateBehavior [ RunTime:0.031248s ]
INFO: [ view_parse ] --END-- [ RunTime:0.031248s ]
INFO: [ view_filter ] --START--
INFO: Run Behavior\WriteHtmlCacheBehavior [ RunTime:0.000000s ]
INFO: [ view_filter ] --END-- [ RunTime:0.000000s ]
INFO: [ app_end ] --START--
INFO: Run Behavior\ShowPageTraceBehavior [ RunTime:0.015624s ]
INFO: [ app_end ] --END-- [ RunTime:0.015624s ]

[ 2016-07-28T09:52:41+08:00 ] 127.0.0.1 /index.php?s=/Article/show/type/5.html
INFO: [ app_init ] --START--
INFO: Run Behavior\BuildLiteBehavior [ RunTime:0.000000s ]
INFO: [ app_init ] --END-- [ RunTime:0.000000s ]
INFO: [ app_begin ] --START--
INFO: Run Behavior\ReadHtmlCacheBehavior [ RunTime:0.000000s ]
INFO: [ app_begin ] --END-- [ RunTime:0.000000s ]
NOTIC: [2048] Declaration of Home\Controller\ArticleController::show() should be compatible with Think\Controller::show($content, $charset = '', $contentType = '', $prefix = '') D:\wamp\www\Application\Home\Controller\ArticleController.class.php 第 7 行.
SQL: SHOW COLUMNS FROM `wlm_article` [ RunTime:0.0312s ]
SQL: SELECT * FROM `wlm_article` WHERE ( type=5 ) ORDER BY time desc LIMIT 1   [ RunTime:0.0469s ]
SQL: SELECT * FROM `wlm_article` WHERE ( type=5 ) ORDER BY time desc LIMIT 10   [ RunTime:0.0469s ]
INFO: [ view_parse ] --START--
INFO: [ template_filter ] --START--
INFO: Run Behavior\ContentReplaceBehavior [ RunTime:0.000000s ]
INFO: [ template_filter ] --END-- [ RunTime:0.000000s ]
NOTIC: [8] Undefined variable: img D:\wamp\www\Application\Runtime\Cache\Home\a79d9f0c35e9eb55230da039a2581632.php 第 66 行.
NOTIC: [8] Undefined variable: title D:\wamp\www\Application\Runtime\Cache\Home\a79d9f0c35e9eb55230da039a2581632.php 第 83 行.
INFO: Run Behavior\ParseTemplateBehavior [ RunTime:0.031248s ]
INFO: [ view_parse ] --END-- [ RunTime:0.031248s ]
INFO: [ view_filter ] --START--
INFO: Run Behavior\WriteHtmlCacheBehavior [ RunTime:0.000000s ]
INFO: [ view_filter ] --END-- [ RunTime:0.000000s ]
INFO: [ app_end ] --START--
INFO: Run Behavior\ShowPageTraceBehavior [ RunTime:0.000000s ]
INFO: [ app_end ] --END-- [ RunTime:0.000000s ]

[ 2016-07-28T09:52:58+08:00 ] 127.0.0.1 /index.php?s=/Zhaopin/zhaopon
INFO: [ app_init ] --START--
INFO: Run Behavior\BuildLiteBehavior [ RunTime:0.000000s ]
INFO: [ app_init ] --END-- [ RunTime:0.000000s ]
INFO: [ app_begin ] --START--
INFO: Run Behavior\ReadHtmlCacheBehavior [ RunTime:0.000000s ]
INFO: [ app_begin ] --END-- [ RunTime:0.000000s ]
ERR: 非法操作:zhaopon

[ 2016-07-28T09:53:02+08:00 ] 127.0.0.1 /index.php?s=/Zhaopin/zhaopin
INFO: [ app_init ] --START--
INFO: Run Behavior\BuildLiteBehavior [ RunTime:0.000000s ]
INFO: [ app_init ] --END-- [ RunTime:0.000000s ]
INFO: [ app_begin ] --START--
INFO: Run Behavior\ReadHtmlCacheBehavior [ RunTime:0.000000s ]
INFO: [ app_begin ] --END-- [ RunTime:0.000000s ]
INFO: [ view_parse ] --START--
INFO: [ template_filter ] --START--
INFO: Run Behavior\ContentReplaceBehavior [ RunTime:0.000000s ]
INFO: [ template_filter ] --END-- [ RunTime:0.000000s ]
NOTIC: [8] Undefined variable: img D:\wamp\www\Application\Runtime\Cache\Home\42390ac42e502ef5c21eeab008ca364e.php 第 66 行.
NOTIC: [8] Undefined variable: list D:\wamp\www\Application\Runtime\Cache\Home\42390ac42e502ef5c21eeab008ca364e.php 第 80 行.
NOTIC: [8] Undefined variable: title D:\wamp\www\Application\Runtime\Cache\Home\42390ac42e502ef5c21eeab008ca364e.php 第 83 行.
NOTIC: [8] Undefined variable: show D:\wamp\www\Application\Runtime\Cache\Home\42390ac42e502ef5c21eeab008ca364e.php 第 93 行.
NOTIC: [8] Undefined variable: show D:\wamp\www\Application\Runtime\Cache\Home\42390ac42e502ef5c21eeab008ca364e.php 第 96 行.
INFO: Run Behavior\ParseTemplateBehavior [ RunTime:0.031249s ]
INFO: [ view_parse ] --END-- [ RunTime:0.031249s ]
INFO: [ view_filter ] --START--
INFO: Run Behavior\WriteHtmlCacheBehavior [ RunTime:0.000000s ]
INFO: [ view_filter ] --END-- [ RunTime:0.000000s ]
INFO: [ app_end ] --START--
INFO: Run Behavior\ShowPageTraceBehavior [ RunTime:0.000000s ]
INFO: [ app_end ] --END-- [ RunTime:0.000000s ]

[ 2016-07-28T09:53:24+08:00 ] 127.0.0.1 /index.php?s=/Zhaopin/zhaopin
INFO: [ app_init ] --START--
INFO: Run Behavior\BuildLiteBehavior [ RunTime:0.000000s ]
INFO: [ app_init ] --END-- [ RunTime:0.000000s ]
INFO: [ app_begin ] --START--
INFO: Run Behavior\ReadHtmlCacheBehavior [ RunTime:0.000000s ]
INFO: [ app_begin ] --END-- [ RunTime:0.000000s ]
INFO: [ view_parse ] --START--
INFO: [ template_filter ] --START--
INFO: Run Behavior\ContentReplaceBehavior [ RunTime:0.000000s ]
INFO: [ template_filter ] --END-- [ RunTime:0.015624s ]
NOTIC: [8] Undefined variable: img D:\wamp\www\Application\Runtime\Cache\Home\42390ac42e502ef5c21eeab008ca364e.php 第 66 行.
NOTIC: [8] Undefined variable: list D:\wamp\www\Application\Runtime\Cache\Home\42390ac42e502ef5c21eeab008ca364e.php 第 80 行.
NOTIC: [8] Undefined variable: title D:\wamp\www\Application\Runtime\Cache\Home\42390ac42e502ef5c21eeab008ca364e.php 第 83 行.
NOTIC: [8] Undefined variable: show D:\wamp\www\Application\Runtime\Cache\Home\42390ac42e502ef5c21eeab008ca364e.php 第 93 行.
NOTIC: [8] Undefined variable: show D:\wamp\www\Application\Runtime\Cache\Home\42390ac42e502ef5c21eeab008ca364e.php 第 96 行.
INFO: Run Behavior\ParseTemplateBehavior [ RunTime:0.031248s ]
INFO: [ view_parse ] --END-- [ RunTime:0.031248s ]
INFO: [ view_filter ] --START--
INFO: Run Behavior\WriteHtmlCacheBehavior [ RunTime:0.000000s ]
INFO: [ view_filter ] --END-- [ RunTime:0.000000s ]
INFO: [ app_end ] --START--
INFO: Run Behavior\ShowPageTraceBehavior [ RunTime:0.000000s ]
INFO: [ app_end ] --END-- [ RunTime:0.000000s ]

[ 2016-07-28T09:53:33+08:00 ] 127.0.0.1 /index.php?s=/Index/index.html
INFO: [ app_init ] --START--
INFO: Run Behavior\BuildLiteBehavior [ RunTime:0.000000s ]
INFO: [ app_init ] --END-- [ RunTime:0.015625s ]
INFO: [ app_begin ] --START--
INFO: Run Behavior\ReadHtmlCacheBehavior [ RunTime:0.000000s ]
INFO: [ app_begin ] --END-- [ RunTime:0.000000s ]
SQL: SHOW COLUMNS FROM `wlm_news` [ RunTime:0.0312s ]
SQL: SELECT * FROM `wlm_news` ORDER BY create_time desc  [ RunTime:0.1719s ]
SQL: SHOW COLUMNS FROM `wlm_article` [ RunTime:0.0312s ]
SQL: SELECT * FROM `wlm_article` WHERE ( id = 24 ) LIMIT 1   [ RunTime:0.0312s ]
SQL: SHOW COLUMNS FROM `wlm_img` [ RunTime:0.0156s ]
SQL: SELECT * FROM `wlm_img`  [ RunTime:0.0312s ]
SQL: SHOW COLUMNS FROM `wlm_flash` [ RunTime:0.0156s ]
SQL: SELECT * FROM `wlm_flash`  [ RunTime:0.0312s ]
INFO: [ view_parse ] --START--
INFO: [ template_filter ] --START--
INFO: Run Behavior\ContentReplaceBehavior [ RunTime:0.000000s ]
INFO: [ template_filter ] --END-- [ RunTime:0.000000s ]
INFO: Run Behavior\ParseTemplateBehavior [ RunTime:0.046872s ]
INFO: [ view_parse ] --END-- [ RunTime:0.046872s ]
INFO: [ view_filter ] --START--
INFO: Run Behavior\WriteHtmlCacheBehavior [ RunTime:0.000000s ]
INFO: [ view_filter ] --END-- [ RunTime:0.000000s ]
INFO: [ app_end ] --START--
INFO: Run Behavior\ShowPageTraceBehavior [ RunTime:0.000000s ]
INFO: [ app_end ] --END-- [ RunTime:0.000000s ]

[ 2016-07-28T09:54:11+08:00 ] 127.0.0.1 /index.php?s=/Index/index.html
INFO: [ app_init ] --START--
INFO: Run Behavior\BuildLiteBehavior [ RunTime:0.000000s ]
INFO: [ app_init ] --END-- [ RunTime:0.000000s ]
INFO: [ app_begin ] --START--
INFO: Run Behavior\ReadHtmlCacheBehavior [ RunTime:0.000000s ]
INFO: [ app_begin ] --END-- [ RunTime:0.015624s ]
SQL: SHOW COLUMNS FROM `wlm_news` [ RunTime:0.0156s ]
SQL: SELECT * FROM `wlm_news` ORDER BY create_time desc  [ RunTime:0.2031s ]
SQL: SHOW COLUMNS FROM `wlm_article` [ RunTime:0.0156s ]
SQL: SELECT * FROM `wlm_article` WHERE ( id = 24 ) LIMIT 1   [ RunTime:0.0312s ]
SQL: SHOW COLUMNS FROM `wlm_img` [ RunTime:0.0312s ]
SQL: SELECT * FROM `wlm_img`  [ RunTime:0.0156s ]
SQL: SHOW COLUMNS FROM `wlm_flash` [ RunTime:0.0312s ]
SQL: SELECT * FROM `wlm_flash`  [ RunTime:0.0156s ]
INFO: [ view_parse ] --START--
INFO: [ template_filter ] --START--
INFO: Run Behavior\ContentReplaceBehavior [ RunTime:0.000000s ]
INFO: [ template_filter ] --END-- [ RunTime:0.000000s ]

[ 2016-07-28T09:54:32+08:00 ] 127.0.0.1 /index.php?s=/Index/index.html
INFO: [ app_init ] --START--
INFO: Run Behavior\BuildLiteBehavior [ RunTime:0.000000s ]
INFO: [ app_init ] --END-- [ RunTime:0.000000s ]
INFO: [ app_begin ] --START--
INFO: Run Behavior\ReadHtmlCacheBehavior [ RunTime:0.000000s ]
INFO: [ app_begin ] --END-- [ RunTime:0.000000s ]
SQL: SHOW COLUMNS FROM `wlm_news` [ RunTime:0.0312s ]
SQL: SELECT * FROM `wlm_news` ORDER BY create_time desc  [ RunTime:0.1719s ]
SQL: SHOW COLUMNS FROM `wlm_article` [ RunTime:0.0156s ]
SQL: SELECT * FROM `wlm_article` WHERE ( id = 24 ) LIMIT 1   [ RunTime:0.0312s ]
SQL: SHOW COLUMNS FROM `wlm_img` [ RunTime:0.0312s ]
SQL: SELECT * FROM `wlm_img`  [ RunTime:0.0156s ]
SQL: SHOW COLUMNS FROM `wlm_flash` [ RunTime:0.0312s ]
SQL: SELECT * FROM `wlm_flash`  [ RunTime:0.0156s ]
INFO: [ view_parse ] --START--
INFO: [ template_filter ] --START--
INFO: Run Behavior\ContentReplaceBehavior [ RunTime:0.000000s ]
INFO: [ template_filter ] --END-- [ RunTime:0.000000s ]
INFO: Run Behavior\ParseTemplateBehavior [ RunTime:0.046873s ]
INFO: [ view_parse ] --END-- [ RunTime:0.046873s ]
INFO: [ view_filter ] --START--
INFO: Run Behavior\WriteHtmlCacheBehavior [ RunTime:0.000000s ]
INFO: [ view_filter ] --END-- [ RunTime:0.000000s ]
INFO: [ app_end ] --START--
INFO: Run Behavior\ShowPageTraceBehavior [ RunTime:0.000000s ]
INFO: [ app_end ] --END-- [ RunTime:0.000000s ]

[ 2016-07-28T09:54:42+08:00 ] 127.0.0.1 /index.php?s=/ZHaopin/zhaopin.html
INFO: [ app_init ] --START--
INFO: Run Behavior\BuildLiteBehavior [ RunTime:0.000000s ]
INFO: [ app_init ] --END-- [ RunTime:0.000000s ]
INFO: [ app_begin ] --START--
INFO: Run Behavior\ReadHtmlCacheBehavior [ RunTime:0.000000s ]
INFO: [ app_begin ] --END-- [ RunTime:0.000000s ]
ERR: 无法加载控制器:ZHaopin

[ 2016-07-28T09:54:57+08:00 ] 127.0.0.1 /index.php?s=/Zhaopin/zhaopin.html
INFO: [ app_init ] --START--
INFO: Run Behavior\BuildLiteBehavior [ RunTime:0.000000s ]
INFO: [ app_init ] --END-- [ RunTime:0.000000s ]
INFO: [ app_begin ] --START--
INFO: Run Behavior\ReadHtmlCacheBehavior [ RunTime:0.000000s ]
INFO: [ app_begin ] --END-- [ RunTime:0.000000s ]
INFO: [ view_parse ] --START--
INFO: [ template_filter ] --START--
INFO: Run Behavior\ContentReplaceBehavior [ RunTime:0.000000s ]
INFO: [ template_filter ] --END-- [ RunTime:0.000000s ]
NOTIC: [8] Undefined variable: img D:\wamp\www\Application\Runtime\Cache\Home\42390ac42e502ef5c21eeab008ca364e.php 第 66 行.
NOTIC: [8] Undefined variable: list D:\wamp\www\Application\Runtime\Cache\Home\42390ac42e502ef5c21eeab008ca364e.php 第 80 行.
NOTIC: [8] Undefined variable: title D:\wamp\www\Application\Runtime\Cache\Home\42390ac42e502ef5c21eeab008ca364e.php 第 83 行.
NOTIC: [8] Undefined variable: show D:\wamp\www\Application\Runtime\Cache\Home\42390ac42e502ef5c21eeab008ca364e.php 第 93 行.
NOTIC: [8] Undefined variable: show D:\wamp\www\Application\Runtime\Cache\Home\42390ac42e502ef5c21eeab008ca364e.php 第 96 行.
INFO: Run Behavior\ParseTemplateBehavior [ RunTime:0.015624s ]
INFO: [ view_parse ] --END-- [ RunTime:0.031248s ]
INFO: [ view_filter ] --START--
INFO: Run Behavior\WriteHtmlCacheBehavior [ RunTime:0.000000s ]
INFO: [ view_filter ] --END-- [ RunTime:0.000000s ]
INFO: [ app_end ] --START--
INFO: Run Behavior\ShowPageTraceBehavior [ RunTime:0.000000s ]
INFO: [ app_end ] --END-- [ RunTime:0.000000s ]

[ 2016-07-28T10:00:06+08:00 ] 127.0.0.1 /index.php?s=/Index/index.html
INFO: [ app_init ] --START--
INFO: Run Behavior\BuildLiteBehavior [ RunTime:0.000000s ]
INFO: [ app_init ] --END-- [ RunTime:0.000000s ]
INFO: [ app_begin ] --START--
INFO: Run Behavior\ReadHtmlCacheBehavior [ RunTime:0.000000s ]
INFO: [ app_begin ] --END-- [ RunTime:0.000000s ]
SQL: SHOW COLUMNS FROM `wlm_news` [ RunTime:0.0312s ]
SQL: SELECT * FROM `wlm_news` ORDER BY create_time desc  [ RunTime:0.1875s ]
SQL: SHOW COLUMNS FROM `wlm_article` [ RunTime:0.0312s ]
SQL: SELECT * FROM `wlm_article` WHERE ( id = 24 ) LIMIT 1   [ RunTime:0.0156s ]
SQL: SHOW COLUMNS FROM `wlm_img` [ RunTime:0.0312s ]
SQL: SELECT * FROM `wlm_img`  [ RunTime:0.0312s ]
SQL: SHOW COLUMNS FROM `wlm_flash` [ RunTime:0.0312s ]
SQL: SELECT * FROM `wlm_flash`  [ RunTime:0.0156s ]
INFO: [ view_parse ] --START--
INFO: [ template_filter ] --START--
INFO: Run Behavior\ContentReplaceBehavior [ RunTime:0.000000s ]
INFO: [ template_filter ] --END-- [ RunTime:0.000000s ]
INFO: Run Behavior\ParseTemplateBehavior [ RunTime:0.046872s ]
INFO: [ view_parse ] --END-- [ RunTime:0.046872s ]
INFO: [ view_filter ] --START--
INFO: Run Behavior\WriteHtmlCacheBehavior [ RunTime:0.000000s ]
INFO: [ view_filter ] --END-- [ RunTime:0.000000s ]
INFO: [ app_end ] --START--
INFO: Run Behavior\ShowPageTraceBehavior [ RunTime:0.000000s ]
INFO: [ app_end ] --END-- [ RunTime:0.000000s ]

[ 2016-07-28T10:00:30+08:00 ] 127.0.0.1 /index.php?s=/Article/show/type/3.html
INFO: [ app_init ] --START--
INFO: Run Behavior\BuildLiteBehavior [ RunTime:0.000000s ]
INFO: [ app_init ] --END-- [ RunTime:0.000000s ]
INFO: [ app_begin ] --START--
INFO: Run Behavior\ReadHtmlCacheBehavior [ RunTime:0.000000s ]
INFO: [ app_begin ] --END-- [ RunTime:0.000000s ]
NOTIC: [2048] Declaration of Home\Controller\ArticleController::show() should be compatible with Think\Controller::show($content, $charset = '', $contentType = '', $prefix = '') D:\wamp\www\Application\Home\Controller\ArticleController.class.php 第 7 行.
SQL: SHOW COLUMNS FROM `wlm_article` [ RunTime:0.0312s ]
SQL: SELECT * FROM `wlm_article` WHERE ( type=3 ) ORDER BY time desc LIMIT 1   [ RunTime:0.0156s ]
SQL: SELECT * FROM `wlm_article` WHERE ( type=3 ) ORDER BY time desc LIMIT 10   [ RunTime:0.0312s ]
INFO: [ view_parse ] --START--
INFO: [ template_filter ] --START--
INFO: Run Behavior\ContentReplaceBehavior [ RunTime:0.000000s ]
INFO: [ template_filter ] --END-- [ RunTime:0.000000s ]
NOTIC: [8] Undefined variable: img D:\wamp\www\Application\Runtime\Cache\Home\a79d9f0c35e9eb55230da039a2581632.php 第 66 行.
NOTIC: [8] Undefined variable: title D:\wamp\www\Application\Runtime\Cache\Home\a79d9f0c35e9eb55230da039a2581632.php 第 83 行.
INFO: Run Behavior\ParseTemplateBehavior [ RunTime:0.031249s ]
INFO: [ view_parse ] --END-- [ RunTime:0.031249s ]
INFO: [ view_filter ] --START--
INFO: Run Behavior\WriteHtmlCacheBehavior [ RunTime:0.000000s ]
INFO: [ view_filter ] --END-- [ RunTime:0.000000s ]
INFO: [ app_end ] --START--
INFO: Run Behavior\ShowPageTraceBehavior [ RunTime:0.000000s ]
INFO: [ app_end ] --END-- [ RunTime:0.000000s ]

[ 2016-07-28T10:00:33+08:00 ] 127.0.0.1 /index.php?s=/Index/index.html
INFO: [ app_init ] --START--
INFO: Run Behavior\BuildLiteBehavior [ RunTime:0.000000s ]
INFO: [ app_init ] --END-- [ RunTime:0.000000s ]
INFO: [ app_begin ] --START--
INFO: Run Behavior\ReadHtmlCacheBehavior [ RunTime:0.000000s ]
INFO: [ app_begin ] --END-- [ RunTime:0.000000s ]
SQL: SHOW COLUMNS FROM `wlm_news` [ RunTime:0.0312s ]
SQL: SELECT * FROM `wlm_news` ORDER BY create_time desc  [ RunTime:0.2031s ]
SQL: SHOW COLUMNS FROM `wlm_article` [ RunTime:0.0312s ]
SQL: SELECT * FROM `wlm_article` WHERE ( id = 24 ) LIMIT 1   [ RunTime:0.0312s ]
SQL: SHOW COLUMNS FROM `wlm_img` [ RunTime:0.0156s ]
SQL: SELECT * FROM `wlm_img`  [ RunTime:0.0312s ]
SQL: SHOW COLUMNS FROM `wlm_flash` [ RunTime:0.0312s ]
SQL: SELECT * FROM `wlm_flash`  [ RunTime:0.0312s ]
INFO: [ view_parse ] --START--
INFO: [ template_filter ] --START--
INFO: Run Behavior\ContentReplaceBehavior [ RunTime:0.000000s ]
INFO: [ template_filter ] --END-- [ RunTime:0.000000s ]
INFO: Run Behavior\ParseTemplateBehavior [ RunTime:0.031249s ]
INFO: [ view_parse ] --END-- [ RunTime:0.031249s ]
INFO: [ view_filter ] --START--
INFO: Run Behavior\WriteHtmlCacheBehavior [ RunTime:0.000000s ]
INFO: [ view_filter ] --END-- [ RunTime:0.000000s ]
INFO: [ app_end ] --START--
INFO: Run Behavior\ShowPageTraceBehavior [ RunTime:0.000000s ]
INFO: [ app_end ] --END-- [ RunTime:0.000000s ]

[ 2016-07-28T10:00:35+08:00 ] 127.0.0.1 /index.php?s=/Article/show/type/4.html
INFO: [ app_init ] --START--
INFO: Run Behavior\BuildLiteBehavior [ RunTime:0.000000s ]
INFO: [ app_init ] --END-- [ RunTime:0.000000s ]
INFO: [ app_begin ] --START--
INFO: Run Behavior\ReadHtmlCacheBehavior [ RunTime:0.000000s ]
INFO: [ app_begin ] --END-- [ RunTime:0.000000s ]
NOTIC: [2048] Declaration of Home\Controller\ArticleController::show() should be compatible with Think\Controller::show($content, $charset = '', $contentType = '', $prefix = '') D:\wamp\www\Application\Home\Controller\ArticleController.class.php 第 7 行.
SQL: SHOW COLUMNS FROM `wlm_article` [ RunTime:0.0312s ]
SQL: SELECT * FROM `wlm_article` WHERE ( type=4 ) ORDER BY time desc LIMIT 1   [ RunTime:0.0312s ]
SQL: SELECT * FROM `wlm_article` WHERE ( type=4 ) ORDER BY time desc LIMIT 10   [ RunTime:0.0469s ]
INFO: [ view_parse ] --START--
INFO: [ template_filter ] --START--
INFO: Run Behavior\ContentReplaceBehavior [ RunTime:0.000000s ]
INFO: [ template_filter ] --END-- [ RunTime:0.000000s ]
NOTIC: [8] Undefined variable: img D:\wamp\www\Application\Runtime\Cache\Home\a79d9f0c35e9eb55230da039a2581632.php 第 66 行.
NOTIC: [8] Undefined variable: title D:\wamp\www\Application\Runtime\Cache\Home\a79d9f0c35e9eb55230da039a2581632.php 第 83 行.
INFO: Run Behavior\ParseTemplateBehavior [ RunTime:0.031248s ]
INFO: [ view_parse ] --END-- [ RunTime:0.031248s ]
INFO: [ view_filter ] --START--
INFO: Run Behavior\WriteHtmlCacheBehavior [ RunTime:0.000000s ]
INFO: [ view_filter ] --END-- [ RunTime:0.000000s ]
INFO: [ app_end ] --START--
INFO: Run Behavior\ShowPageTraceBehavior [ RunTime:0.000000s ]
INFO: [ app_end ] --END-- [ RunTime:0.000000s ]

[ 2016-07-28T10:00:38+08:00 ] 127.0.0.1 /index.php?s=/Index/index.html
INFO: [ app_init ] --START--
INFO: Run Behavior\BuildLiteBehavior [ RunTime:0.000000s ]
INFO: [ app_init ] --END-- [ RunTime:0.000000s ]
INFO: [ app_begin ] --START--
INFO: Run Behavior\ReadHtmlCacheBehavior [ RunTime:0.000000s ]
INFO: [ app_begin ] --END-- [ RunTime:0.000000s ]
SQL: SHOW COLUMNS FROM `wlm_news` [ RunTime:0.0312s ]
SQL: SELECT * FROM `wlm_news` ORDER BY create_time desc  [ RunTime:0.1719s ]
SQL: SHOW COLUMNS FROM `wlm_article` [ RunTime:0.0156s ]
SQL: SELECT * FROM `wlm_article` WHERE ( id = 24 ) LIMIT 1   [ RunTime:0.0156s ]
SQL: SHOW COLUMNS FROM `wlm_img` [ RunTime:0.0312s ]
SQL: SELECT * FROM `wlm_img`  [ RunTime:0.0156s ]
SQL: SHOW COLUMNS FROM `wlm_flash` [ RunTime:0.0312s ]
SQL: SELECT * FROM `wlm_flash`  [ RunTime:0.0312s ]
INFO: [ view_parse ] --START--
INFO: [ template_filter ] --START--
INFO: Run Behavior\ContentReplaceBehavior [ RunTime:0.000000s ]
INFO: [ template_filter ] --END-- [ RunTime:0.000000s ]
INFO: Run Behavior\ParseTemplateBehavior [ RunTime:0.031248s ]
INFO: [ view_parse ] --END-- [ RunTime:0.031248s ]
INFO: [ view_filter ] --START--
INFO: Run Behavior\WriteHtmlCacheBehavior [ RunTime:0.000000s ]
INFO: [ view_filter ] --END-- [ RunTime:0.015624s ]
INFO: [ app_end ] --START--
INFO: Run Behavior\ShowPageTraceBehavior [ RunTime:0.000000s ]
INFO: [ app_end ] --END-- [ RunTime:0.000000s ]

[ 2016-07-28T10:07:18+08:00 ] 127.0.0.1 /index.php?s=/Zhaopin/zhaopin.html
INFO: [ app_init ] --START--
INFO: Run Behavior\BuildLiteBehavior [ RunTime:0.000000s ]
INFO: [ app_init ] --END-- [ RunTime:0.000000s ]
INFO: [ app_begin ] --START--
INFO: Run Behavior\ReadHtmlCacheBehavior [ RunTime:0.000000s ]
INFO: [ app_begin ] --END-- [ RunTime:0.000000s ]
INFO: [ view_parse ] --START--
INFO: [ template_filter ] --START--
INFO: Run Behavior\ContentReplaceBehavior [ RunTime:0.000000s ]
INFO: [ template_filter ] --END-- [ RunTime:0.000000s ]
INFO: Run Behavior\ParseTemplateBehavior [ RunTime:0.015624s ]
INFO: [ view_parse ] --END-- [ RunTime:0.015624s ]
INFO: [ view_filter ] --START--
INFO: Run Behavior\WriteHtmlCacheBehavior [ RunTime:0.000000s ]
INFO: [ view_filter ] --END-- [ RunTime:0.000000s ]
INFO: [ app_end ] --START--
INFO: Run Behavior\ShowPageTraceBehavior [ RunTime:0.000000s ]
INFO: [ app_end ] --END-- [ RunTime:0.000000s ]

[ 2016-07-28T10:07:26+08:00 ] 127.0.0.1 /index.php?s=/Article/show/type/3.html
INFO: [ app_init ] --START--
INFO: Run Behavior\BuildLiteBehavior [ RunTime:0.000000s ]
INFO: [ app_init ] --END-- [ RunTime:0.000000s ]
INFO: [ app_begin ] --START--
INFO: Run Behavior\ReadHtmlCacheBehavior [ RunTime:0.000000s ]
INFO: [ app_begin ] --END-- [ RunTime:0.000000s ]
NOTIC: [2048] Declaration of Home\Controller\ArticleController::show() should be compatible with Think\Controller::show($content, $charset = '', $contentType = '', $prefix = '') D:\wamp\www\Application\Home\Controller\ArticleController.class.php 第 7 行.
SQL: SHOW COLUMNS FROM `wlm_article` [ RunTime:0.0312s ]
SQL: SELECT * FROM `wlm_article` WHERE ( type=3 ) ORDER BY time desc LIMIT 1   [ RunTime:0.0156s ]
SQL: SELECT * FROM `wlm_article` WHERE ( type=3 ) ORDER BY time desc LIMIT 10   [ RunTime:0.0312s ]
INFO: [ view_parse ] --START--
INFO: [ template_filter ] --START--
INFO: Run Behavior\ContentReplaceBehavior [ RunTime:0.000000s ]
INFO: [ template_filter ] --END-- [ RunTime:0.000000s ]
NOTIC: [8] Undefined variable: img D:\wamp\www\Application\Runtime\Cache\Home\a79d9f0c35e9eb55230da039a2581632.php 第 66 行.
NOTIC: [8] Undefined variable: title D:\wamp\www\Application\Runtime\Cache\Home\a79d9f0c35e9eb55230da039a2581632.php 第 83 行.
INFO: Run Behavior\ParseTemplateBehavior [ RunTime:0.031248s ]
INFO: [ view_parse ] --END-- [ RunTime:0.031248s ]
INFO: [ view_filter ] --START--
INFO: Run Behavior\WriteHtmlCacheBehavior [ RunTime:0.000000s ]
INFO: [ view_filter ] --END-- [ RunTime:0.000000s ]
INFO: [ app_end ] --START--
INFO: Run Behavior\ShowPageTraceBehavior [ RunTime:0.000000s ]
INFO: [ app_end ] --END-- [ RunTime:0.000000s ]

[ 2016-07-28T10:08:18+08:00 ] 127.0.0.1 /index.php?s=/Zhaopin/zhaopin.html
INFO: [ app_init ] --START--
INFO: Run Behavior\BuildLiteBehavior [ RunTime:0.000000s ]
INFO: [ app_init ] --END-- [ RunTime:0.015624s ]
INFO: [ app_begin ] --START--
INFO: Run Behavior\ReadHtmlCacheBehavior [ RunTime:0.000000s ]
INFO: [ app_begin ] --END-- [ RunTime:0.000000s ]
INFO: [ view_parse ] --START--
INFO: [ template_filter ] --START--
INFO: Run Behavior\ContentReplaceBehavior [ RunTime:0.000000s ]
INFO: [ template_filter ] --END-- [ RunTime:0.000000s ]
INFO: Run Behavior\ParseTemplateBehavior [ RunTime:0.015625s ]
INFO: [ view_parse ] --END-- [ RunTime:0.015625s ]
INFO: [ view_filter ] --START--
INFO: Run Behavior\WriteHtmlCacheBehavior [ RunTime:0.000000s ]
INFO: [ view_filter ] --END-- [ RunTime:0.000000s ]
INFO: [ app_end ] --START--
INFO: Run Behavior\ShowPageTraceBehavior [ RunTime:0.000000s ]
INFO: [ app_end ] --END-- [ RunTime:0.000000s ]

[ 2016-07-28T10:08:20+08:00 ] 127.0.0.1 /index.php?s=/Zhaopin/zhaopin.html
INFO: [ app_init ] --START--
INFO: Run Behavior\BuildLiteBehavior [ RunTime:0.000000s ]
INFO: [ app_init ] --END-- [ RunTime:0.000000s ]
INFO: [ app_begin ] --START--
INFO: Run Behavior\ReadHtmlCacheBehavior [ RunTime:0.000000s ]
INFO: [ app_begin ] --END-- [ RunTime:0.000000s ]
INFO: [ view_parse ] --START--
INFO: [ template_filter ] --START--
INFO: Run Behavior\ContentReplaceBehavior [ RunTime:0.000000s ]
INFO: [ template_filter ] --END-- [ RunTime:0.000000s ]
INFO: Run Behavior\ParseTemplateBehavior [ RunTime:0.031249s ]
INFO: [ view_parse ] --END-- [ RunTime:0.031249s ]
INFO: [ view_filter ] --START--
INFO: Run Behavior\WriteHtmlCacheBehavior [ RunTime:0.000000s ]
INFO: [ view_filter ] --END-- [ RunTime:0.000000s ]
INFO: [ app_end ] --START--
INFO: Run Behavior\ShowPageTraceBehavior [ RunTime:0.000000s ]
INFO: [ app_end ] --END-- [ RunTime:0.000000s ]

[ 2016-07-28T10:08:22+08:00 ] 127.0.0.1 /
INFO: [ app_init ] --START--
INFO: Run Behavior\BuildLiteBehavior [ RunTime:0.000000s ]
INFO: [ app_init ] --END-- [ RunTime:0.000000s ]
INFO: [ app_begin ] --START--
INFO: Run Behavior\ReadHtmlCacheBehavior [ RunTime:0.015624s ]
INFO: [ app_begin ] --END-- [ RunTime:0.015624s ]
SQL: SHOW COLUMNS FROM `wlm_news` [ RunTime:0.0312s ]
SQL: SELECT * FROM `wlm_news` ORDER BY create_time desc  [ RunTime:0.1719s ]
SQL: SHOW COLUMNS FROM `wlm_article` [ RunTime:0.0156s ]
SQL: SELECT * FROM `wlm_article` WHERE ( id = 24 ) LIMIT 1   [ RunTime:0.0312s ]
SQL: SHOW COLUMNS FROM `wlm_img` [ RunTime:0.0156s ]
SQL: SELECT * FROM `wlm_img`  [ RunTime:0.0312s ]
SQL: SHOW COLUMNS FROM `wlm_flash` [ RunTime:0.0156s ]
SQL: SELECT * FROM `wlm_flash`  [ RunTime:0.0312s ]
INFO: [ view_parse ] --START--
INFO: [ template_filter ] --START--
INFO: Run Behavior\ContentReplaceBehavior [ RunTime:0.000000s ]
INFO: [ template_filter ] --END-- [ RunTime:0.000000s ]
INFO: Run Behavior\ParseTemplateBehavior [ RunTime:0.046873s ]
INFO: [ view_parse ] --END-- [ RunTime:0.046873s ]
INFO: [ view_filter ] --START--
INFO: Run Behavior\WriteHtmlCacheBehavior [ RunTime:0.000000s ]
INFO: [ view_filter ] --END-- [ RunTime:0.000000s ]
INFO: [ app_end ] --START--
INFO: Run Behavior\ShowPageTraceBehavior [ RunTime:0.000000s ]
INFO: [ app_end ] --END-- [ RunTime:0.000000s ]

[ 2016-07-28T10:08:24+08:00 ] 127.0.0.1 /index.php?s=/Zhaopin/zhaopin.html
INFO: [ app_init ] --START--
INFO: Run Behavior\BuildLiteBehavior [ RunTime:0.000000s ]
INFO: [ app_init ] --END-- [ RunTime:0.000000s ]
INFO: [ app_begin ] --START--
INFO: Run Behavior\ReadHtmlCacheBehavior [ RunTime:0.000000s ]
INFO: [ app_begin ] --END-- [ RunTime:0.000000s ]
INFO: [ view_parse ] --START--
INFO: [ template_filter ] --START--
INFO: Run Behavior\ContentReplaceBehavior [ RunTime:0.000000s ]
INFO: [ template_filter ] --END-- [ RunTime:0.000000s ]
INFO: Run Behavior\ParseTemplateBehavior [ RunTime:0.000000s ]
INFO: [ view_parse ] --END-- [ RunTime:0.015624s ]
INFO: [ view_filter ] --START--
INFO: Run Behavior\WriteHtmlCacheBehavior [ RunTime:0.015625s ]
INFO: [ view_filter ] --END-- [ RunTime:0.015625s ]
INFO: [ app_end ] --START--
INFO: Run Behavior\ShowPageTraceBehavior [ RunTime:0.000000s ]
INFO: [ app_end ] --END-- [ RunTime:0.000000s ]

[ 2016-07-28T10:10:25+08:00 ] 127.0.0.1 /
INFO: [ app_init ] --START--
INFO: Run Behavior\BuildLiteBehavior [ RunTime:0.000000s ]
INFO: [ app_init ] --END-- [ RunTime:0.000000s ]
INFO: [ app_begin ] --START--
INFO: Run Behavior\ReadHtmlCacheBehavior [ RunTime:0.000000s ]
INFO: [ app_begin ] --END-- [ RunTime:0.000000s ]
SQL: SHOW COLUMNS FROM `wlm_news` [ RunTime:0.0312s ]
SQL: SELECT * FROM `wlm_news` ORDER BY create_time desc  [ RunTime:0.1719s ]
SQL: SHOW COLUMNS FROM `wlm_article` [ RunTime:0.0312s ]
SQL: SELECT * FROM `wlm_article` WHERE ( id = 24 ) LIMIT 1   [ RunTime:0.0156s ]
SQL: SHOW COLUMNS FROM `wlm_img` [ RunTime:0.0312s ]
SQL: SELECT * FROM `wlm_img`  [ RunTime:0.0156s ]
SQL: SHOW COLUMNS FROM `wlm_flash` [ RunTime:0.0312s ]
SQL: SELECT * FROM `wlm_flash`  [ RunTime:0.0156s ]
INFO: [ view_parse ] --START--
INFO: [ template_filter ] --START--
INFO: Run Behavior\ContentReplaceBehavior [ RunTime:0.000000s ]
INFO: [ template_filter ] --END-- [ RunTime:0.000000s ]
INFO: Run Behavior\ParseTemplateBehavior [ RunTime:0.031249s ]
INFO: [ view_parse ] --END-- [ RunTime:0.031249s ]
INFO: [ view_filter ] --START--
INFO: Run Behavior\WriteHtmlCacheBehavior [ RunTime:0.000000s ]
INFO: [ view_filter ] --END-- [ RunTime:0.015624s ]
INFO: [ app_end ] --START--
INFO: Run Behavior\ShowPageTraceBehavior [ RunTime:0.000000s ]
INFO: [ app_end ] --END-- [ RunTime:0.000000s ]

[ 2016-07-28T10:10:31+08:00 ] 127.0.0.1 /index.php?s=/Article/show/type/3.html
INFO: [ app_init ] --START--
INFO: Run Behavior\BuildLiteBehavior [ RunTime:0.000000s ]
INFO: [ app_init ] --END-- [ RunTime:0.000000s ]
INFO: [ app_begin ] --START--
INFO: Run Behavior\ReadHtmlCacheBehavior [ RunTime:0.000000s ]
INFO: [ app_begin ] --END-- [ RunTime:0.015624s ]
NOTIC: [2048] Declaration of Home\Controller\ArticleController::show() should be compatible with Think\Controller::show($content, $charset = '', $contentType = '', $prefix = '') D:\wamp\www\Application\Home\Controller\ArticleController.class.php 第 7 行.
SQL: SHOW COLUMNS FROM `wlm_article` [ RunTime:0.0312s ]
SQL: SELECT * FROM `wlm_article` WHERE ( type=3 ) ORDER BY time desc LIMIT 1   [ RunTime:0.0156s ]
SQL: SELECT * FROM `wlm_article` WHERE ( type=3 ) ORDER BY time desc LIMIT 10   [ RunTime:0.0156s ]
INFO: [ view_parse ] --START--
INFO: [ template_filter ] --START--
INFO: Run Behavior\ContentReplaceBehavior [ RunTime:0.000000s ]
INFO: [ template_filter ] --END-- [ RunTime:0.000000s ]
NOTIC: [8] Undefined variable: img D:\wamp\www\Application\Runtime\Cache\Home\a79d9f0c35e9eb55230da039a2581632.php 第 66 行.
NOTIC: [8] Undefined variable: title D:\wamp\www\Application\Runtime\Cache\Home\a79d9f0c35e9eb55230da039a2581632.php 第 83 行.
INFO: Run Behavior\ParseTemplateBehavior [ RunTime:0.031249s ]
INFO: [ view_parse ] --END-- [ RunTime:0.031249s ]
INFO: [ view_filter ] --START--
INFO: Run Behavior\WriteHtmlCacheBehavior [ RunTime:0.000000s ]
INFO: [ view_filter ] --END-- [ RunTime:0.000000s ]
INFO: [ app_end ] --START--
INFO: Run Behavior\ShowPageTraceBehavior [ RunTime:0.000000s ]
INFO: [ app_end ] --END-- [ RunTime:0.000000s ]

