[ 2015-09-01T14:06:04+08:00 ] 123.121.33.27 /old/index.php?m=Admin&c=News&a=index
INFO: [ app_init ] --START--
INFO: Run Behavior\BuildLiteBehavior [ RunTime:0.000054s ]
INFO: [ app_init ] --END-- [ RunTime:0.000501s ]
INFO: [ app_begin ] --START--
INFO: Run Behavior\ReadHtmlCacheBehavior [ RunTime:0.013211s ]
INFO: [ app_begin ] --END-- [ RunTime:0.014370s ]
INFO: [ view_parse ] --START--
INFO: [ template_filter ] --START--
INFO: Run Behavior\ContentReplaceBehavior [ RunTime:0.000117s ]
INFO: [ template_filter ] --END-- [ RunTime:0.000264s ]
NOTIC: [8] Undefined variable: message /webHome/LFWZ000390/www/old/Application/Runtime/Cache/Admin/afd3fa6e47af5507e6549188b8ae1f85.php 第 23 行.
INFO: Run Behavior\ParseTemplateBehavior [ RunTime:0.030269s ]
INFO: [ view_parse ] --END-- [ RunTime:0.030388s ]
INFO: [ view_filter ] --START--
INFO: Run Behavior\WriteHtmlCacheBehavior [ RunTime:0.005630s ]
INFO: [ view_filter ] --END-- [ RunTime:0.005860s ]

[ 2015-09-01T14:06:06+08:00 ] 123.121.33.27 /old/index.php?m=Admin&c=Login&a=index
INFO: [ app_init ] --START--
INFO: Run Behavior\BuildLiteBehavior [ RunTime:0.000036s ]
INFO: [ app_init ] --END-- [ RunTime:0.000474s ]
INFO: [ app_begin ] --START--
INFO: Run Behavior\ReadHtmlCacheBehavior [ RunTime:0.000493s ]
INFO: [ app_begin ] --END-- [ RunTime:0.001821s ]
INFO: [ view_parse ] --START--
INFO: [ template_filter ] --START--
INFO: Run Behavior\ContentReplaceBehavior [ RunTime:0.000115s ]
INFO: [ template_filter ] --END-- [ RunTime:0.005796s ]
INFO: Run Behavior\ParseTemplateBehavior [ RunTime:0.016588s ]
INFO: [ view_parse ] --END-- [ RunTime:0.016720s ]
INFO: [ view_filter ] --START--
INFO: Run Behavior\WriteHtmlCacheBehavior [ RunTime:0.000334s ]
INFO: [ view_filter ] --END-- [ RunTime:0.000442s ]
INFO: [ app_end ] --START--
INFO: Run Behavior\ShowPageTraceBehavior [ RunTime:0.000392s ]
INFO: [ app_end ] --END-- [ RunTime:0.000477s ]

[ 2015-09-01T14:06:08+08:00 ] 123.121.33.27 /old/index.php?m=Admin&c=Login&a=check
INFO: [ app_init ] --START--
INFO: Run Behavior\BuildLiteBehavior [ RunTime:0.000048s ]
INFO: [ app_init ] --END-- [ RunTime:0.000565s ]
INFO: [ app_begin ] --START--
INFO: Run Behavior\ReadHtmlCacheBehavior [ RunTime:0.000490s ]
INFO: [ app_begin ] --END-- [ RunTime:0.019128s ]
SQL: SHOW COLUMNS FROM `th_admin` [ RunTime:0.0043s ]
SQL: SELECT * FROM `th_admin` WHERE `name` = 'admin' AND `pwd` = 'c3284d0f94606de1fd2af172aba15bf3' LIMIT 1   [ RunTime:0.0022s ]
SQL: UPDATE `th_admin` SET `logintime`='1441087568',`loginip`='123.121.33.27' WHERE `id` = 1 [ RunTime:0.0026s ]
INFO: [ view_parse ] --START--
INFO: [ template_filter ] --START--
INFO: Run Behavior\ContentReplaceBehavior [ RunTime:0.000388s ]
INFO: [ template_filter ] --END-- [ RunTime:0.000643s ]
NOTIC: [8] Undefined variable: error /webHome/LFWZ000390/www/old/Application/Runtime/Cache/Admin/afd3fa6e47af5507e6549188b8ae1f85.php 第 23 行.
INFO: Run Behavior\ParseTemplateBehavior [ RunTime:0.015376s ]
INFO: [ view_parse ] --END-- [ RunTime:0.015513s ]
INFO: [ view_filter ] --START--
INFO: Run Behavior\WriteHtmlCacheBehavior [ RunTime:0.000466s ]
INFO: [ view_filter ] --END-- [ RunTime:0.000979s ]
INFO: [ app_end ] --START--
INFO: Run Behavior\ShowPageTraceBehavior [ RunTime:0.000553s ]
INFO: [ app_end ] --END-- [ RunTime:0.000674s ]

[ 2015-09-01T14:06:10+08:00 ] 123.121.33.27 /old/index.php?m=Admin&c=Index&a=index
INFO: [ app_init ] --START--
INFO: Run Behavior\BuildLiteBehavior [ RunTime:0.000068s ]
INFO: [ app_init ] --END-- [ RunTime:0.004148s ]
INFO: [ app_begin ] --START--
INFO: Run Behavior\ReadHtmlCacheBehavior [ RunTime:0.000368s ]
INFO: [ app_begin ] --END-- [ RunTime:0.000516s ]
INFO: [ view_parse ] --START--
INFO: [ template_filter ] --START--
INFO: Run Behavior\ContentReplaceBehavior [ RunTime:0.000125s ]
INFO: [ template_filter ] --END-- [ RunTime:0.003680s ]
INFO: Run Behavior\ParseTemplateBehavior [ RunTime:0.029235s ]
INFO: [ view_parse ] --END-- [ RunTime:0.029692s ]
INFO: [ view_filter ] --START--
INFO: Run Behavior\WriteHtmlCacheBehavior [ RunTime:0.005731s ]
INFO: [ view_filter ] --END-- [ RunTime:0.006049s ]
INFO: [ app_end ] --START--
INFO: Run Behavior\ShowPageTraceBehavior [ RunTime:0.000560s ]
INFO: [ app_end ] --END-- [ RunTime:0.000664s ]

[ 2015-09-01T14:06:30+08:00 ] 123.121.33.27 /old/index.php?m=Admin&c=Category&a=index
INFO: [ app_init ] --START--
INFO: Run Behavior\BuildLiteBehavior [ RunTime:0.000033s ]
INFO: [ app_init ] --END-- [ RunTime:0.000413s ]
INFO: [ app_begin ] --START--
INFO: Run Behavior\ReadHtmlCacheBehavior [ RunTime:0.000387s ]
INFO: [ app_begin ] --END-- [ RunTime:0.000519s ]
SQL: SHOW COLUMNS FROM `th_category` [ RunTime:0.0043s ]
SQL: SELECT * FROM `th_category`  [ RunTime:0.0018s ]
INFO: [ view_parse ] --START--
INFO: [ template_filter ] --START--
INFO: Run Behavior\ContentReplaceBehavior [ RunTime:0.000126s ]
INFO: [ template_filter ] --END-- [ RunTime:0.000294s ]
INFO: Run Behavior\ParseTemplateBehavior [ RunTime:0.040453s ]
INFO: [ view_parse ] --END-- [ RunTime:0.040621s ]
INFO: [ view_filter ] --START--
INFO: Run Behavior\WriteHtmlCacheBehavior [ RunTime:0.000553s ]
INFO: [ view_filter ] --END-- [ RunTime:0.000653s ]
INFO: [ app_end ] --START--
INFO: Run Behavior\ShowPageTraceBehavior [ RunTime:0.000681s ]
INFO: [ app_end ] --END-- [ RunTime:0.000788s ]

[ 2015-09-01T14:06:32+08:00 ] 123.121.33.27 /old/index.php?m=Admin&c=Nav&a=index
INFO: [ app_init ] --START--
INFO: Run Behavior\BuildLiteBehavior [ RunTime:0.000033s ]
INFO: [ app_init ] --END-- [ RunTime:0.000391s ]
INFO: [ app_begin ] --START--
INFO: Run Behavior\ReadHtmlCacheBehavior [ RunTime:0.000472s ]
INFO: [ app_begin ] --END-- [ RunTime:0.000843s ]
SQL: SHOW COLUMNS FROM `th_nav` [ RunTime:0.0082s ]
SQL: SELECT * FROM `th_nav` ORDER BY sort asc  [ RunTime:0.0023s ]
INFO: [ view_parse ] --START--
INFO: [ template_filter ] --START--
INFO: Run Behavior\ContentReplaceBehavior [ RunTime:0.000109s ]
INFO: [ template_filter ] --END-- [ RunTime:0.000267s ]
NOTIC: [8] Use of undefined constant id - assumed 'id' /webHome/LFWZ000390/www/old/Application/Runtime/Cache/Admin/c4e487e7ef540c8b27ad1e8c9be3ab57.php 第 104 行.
NOTIC: [8] Use of undefined constant id - assumed 'id' /webHome/LFWZ000390/www/old/Application/Runtime/Cache/Admin/c4e487e7ef540c8b27ad1e8c9be3ab57.php 第 109 行.
NOTIC: [8] Use of undefined constant id - assumed 'id' /webHome/LFWZ000390/www/old/Application/Runtime/Cache/Admin/c4e487e7ef540c8b27ad1e8c9be3ab57.php 第 110 行.
NOTIC: [8] Use of undefined constant isshow - assumed 'isshow' /webHome/LFWZ000390/www/old/Application/Runtime/Cache/Admin/c4e487e7ef540c8b27ad1e8c9be3ab57.php 第 110 行.
NOTIC: [8] Use of undefined constant id - assumed 'id' /webHome/LFWZ000390/www/old/Application/Runtime/Cache/Admin/c4e487e7ef540c8b27ad1e8c9be3ab57.php 第 111 行.
NOTIC: [8] Use of undefined constant id - assumed 'id' /webHome/LFWZ000390/www/old/Application/Runtime/Cache/Admin/c4e487e7ef540c8b27ad1e8c9be3ab57.php 第 104 行.
NOTIC: [8] Use of undefined constant id - assumed 'id' /webHome/LFWZ000390/www/old/Application/Runtime/Cache/Admin/c4e487e7ef540c8b27ad1e8c9be3ab57.php 第 109 行.
NOTIC: [8] Use of undefined constant id - assumed 'id' /webHome/LFWZ000390/www/old/Application/Runtime/Cache/Admin/c4e487e7ef540c8b27ad1e8c9be3ab57.php 第 110 行.
NOTIC: [8] Use of undefined constant isshow - assumed 'isshow' /webHome/LFWZ000390/www/old/Application/Runtime/Cache/Admin/c4e487e7ef540c8b27ad1e8c9be3ab57.php 第 110 行.
NOTIC: [8] Use of undefined constant id - assumed 'id' /webHome/LFWZ000390/www/old/Application/Runtime/Cache/Admin/c4e487e7ef540c8b27ad1e8c9be3ab57.php 第 111 行.
NOTIC: [8] Use of undefined constant id - assumed 'id' /webHome/LFWZ000390/www/old/Application/Runtime/Cache/Admin/c4e487e7ef540c8b27ad1e8c9be3ab57.php 第 104 行.
NOTIC: [8] Use of undefined constant id - assumed 'id' /webHome/LFWZ000390/www/old/Application/Runtime/Cache/Admin/c4e487e7ef540c8b27ad1e8c9be3ab57.php 第 109 行.
NOTIC: [8] Use of undefined constant id - assumed 'id' /webHome/LFWZ000390/www/old/Application/Runtime/Cache/Admin/c4e487e7ef540c8b27ad1e8c9be3ab57.php 第 110 行.
NOTIC: [8] Use of undefined constant isshow - assumed 'isshow' /webHome/LFWZ000390/www/old/Application/Runtime/Cache/Admin/c4e487e7ef540c8b27ad1e8c9be3ab57.php 第 110 行.
NOTIC: [8] Use of undefined constant id - assumed 'id' /webHome/LFWZ000390/www/old/Application/Runtime/Cache/Admin/c4e487e7ef540c8b27ad1e8c9be3ab57.php 第 111 行.
NOTIC: [8] Use of undefined constant id - assumed 'id' /webHome/LFWZ000390/www/old/Application/Runtime/Cache/Admin/c4e487e7ef540c8b27ad1e8c9be3ab57.php 第 104 行.
NOTIC: [8] Use of undefined constant id - assumed 'id' /webHome/LFWZ000390/www/old/Application/Runtime/Cache/Admin/c4e487e7ef540c8b27ad1e8c9be3ab57.php 第 109 行.
NOTIC: [8] Use of undefined constant id - assumed 'id' /webHome/LFWZ000390/www/old/Application/Runtime/Cache/Admin/c4e487e7ef540c8b27ad1e8c9be3ab57.php 第 110 行.
NOTIC: [8] Use of undefined constant isshow - assumed 'isshow' /webHome/LFWZ000390/www/old/Application/Runtime/Cache/Admin/c4e487e7ef540c8b27ad1e8c9be3ab57.php 第 110 行.
NOTIC: [8] Use of undefined constant id - assumed 'id' /webHome/LFWZ000390/www/old/Application/Runtime/Cache/Admin/c4e487e7ef540c8b27ad1e8c9be3ab57.php 第 111 行.
NOTIC: [8] Use of undefined constant id - assumed 'id' /webHome/LFWZ000390/www/old/Application/Runtime/Cache/Admin/c4e487e7ef540c8b27ad1e8c9be3ab57.php 第 104 行.
NOTIC: [8] Use of undefined constant id - assumed 'id' /webHome/LFWZ000390/www/old/Application/Runtime/Cache/Admin/c4e487e7ef540c8b27ad1e8c9be3ab57.php 第 109 行.
NOTIC: [8] Use of undefined constant id - assumed 'id' /webHome/LFWZ000390/www/old/Application/Runtime/Cache/Admin/c4e487e7ef540c8b27ad1e8c9be3ab57.php 第 110 行.
NOTIC: [8] Use of undefined constant isshow - assumed 'isshow' /webHome/LFWZ000390/www/old/Application/Runtime/Cache/Admin/c4e487e7ef540c8b27ad1e8c9be3ab57.php 第 110 行.
NOTIC: [8] Use of undefined constant id - assumed 'id' /webHome/LFWZ000390/www/old/Application/Runtime/Cache/Admin/c4e487e7ef540c8b27ad1e8c9be3ab57.php 第 111 行.
NOTIC: [8] Use of undefined constant id - assumed 'id' /webHome/LFWZ000390/www/old/Application/Runtime/Cache/Admin/c4e487e7ef540c8b27ad1e8c9be3ab57.php 第 104 行.
NOTIC: [8] Use of undefined constant id - assumed 'id' /webHome/LFWZ000390/www/old/Application/Runtime/Cache/Admin/c4e487e7ef540c8b27ad1e8c9be3ab57.php 第 109 行.
NOTIC: [8] Use of undefined constant id - assumed 'id' /webHome/LFWZ000390/www/old/Application/Runtime/Cache/Admin/c4e487e7ef540c8b27ad1e8c9be3ab57.php 第 110 行.
NOTIC: [8] Use of undefined constant isshow - assumed 'isshow' /webHome/LFWZ000390/www/old/Application/Runtime/Cache/Admin/c4e487e7ef540c8b27ad1e8c9be3ab57.php 第 110 行.
NOTIC: [8] Use of undefined constant id - assumed 'id' /webHome/LFWZ000390/www/old/Application/Runtime/Cache/Admin/c4e487e7ef540c8b27ad1e8c9be3ab57.php 第 111 行.
NOTIC: [8] Use of undefined constant id - assumed 'id' /webHome/LFWZ000390/www/old/Application/Runtime/Cache/Admin/c4e487e7ef540c8b27ad1e8c9be3ab57.php 第 104 行.
NOTIC: [8] Use of undefined constant id - assumed 'id' /webHome/LFWZ000390/www/old/Application/Runtime/Cache/Admin/c4e487e7ef540c8b27ad1e8c9be3ab57.php 第 109 行.
NOTIC: [8] Use of undefined constant id - assumed 'id' /webHome/LFWZ000390/www/old/Application/Runtime/Cache/Admin/c4e487e7ef540c8b27ad1e8c9be3ab57.php 第 110 行.
NOTIC: [8] Use of undefined constant isshow - assumed 'isshow' /webHome/LFWZ000390/www/old/Application/Runtime/Cache/Admin/c4e487e7ef540c8b27ad1e8c9be3ab57.php 第 110 行.
NOTIC: [8] Use of undefined constant id - assumed 'id' /webHome/LFWZ000390/www/old/Application/Runtime/Cache/Admin/c4e487e7ef540c8b27ad1e8c9be3ab57.php 第 111 行.
INFO: Run Behavior\ParseTemplateBehavior [ RunTime:0.052693s ]
INFO: [ view_parse ] --END-- [ RunTime:0.052863s ]
INFO: [ view_filter ] --START--
INFO: Run Behavior\WriteHtmlCacheBehavior [ RunTime:0.000464s ]
INFO: [ view_filter ] --END-- [ RunTime:0.000625s ]
INFO: [ app_end ] --START--
INFO: Run Behavior\ShowPageTraceBehavior [ RunTime:0.000388s ]
INFO: [ app_end ] --END-- [ RunTime:0.000514s ]

[ 2015-09-01T14:06:34+08:00 ] 123.121.33.27 /old/index.php?m=Admin&c=Company&a=index
INFO: [ app_init ] --START--
INFO: Run Behavior\BuildLiteBehavior [ RunTime:0.000036s ]
INFO: [ app_init ] --END-- [ RunTime:0.000490s ]
INFO: [ app_begin ] --START--
INFO: Run Behavior\ReadHtmlCacheBehavior [ RunTime:0.012824s ]
INFO: [ app_begin ] --END-- [ RunTime:0.013011s ]
SQL: SHOW COLUMNS FROM `th_company` [ RunTime:0.0034s ]
SQL: SELECT COUNT(*) AS tp_count FROM `th_company` LIMIT 1   [ RunTime:0.0045s ]
SQL: SELECT `id`,`member_id`,`name`,`type`,`company_url`,`year`,`month`,`province_id`,`city_id`,`status`,`phase`,`addtime`,`isshow` FROM `th_company` ORDER BY id desc LIMIT 0,10   [ RunTime:0.0111s ]
INFO: [ view_parse ] --START--
INFO: [ template_filter ] --START--
INFO: Run Behavior\ContentReplaceBehavior [ RunTime:0.000115s ]
INFO: [ template_filter ] --END-- [ RunTime:0.000254s ]
SQL: SHOW COLUMNS FROM `th_member` [ RunTime:0.0070s ]
SQL: SELECT `username` FROM `th_member` WHERE `id` = 516 LIMIT 1   [ RunTime:0.0025s ]
NOTIC: [8] Use of undefined constant id - assumed 'id' /webHome/LFWZ000390/www/old/Application/Runtime/Cache/Admin/6eb939ff62aea883767ed8fa0a0c5387.php 第 135 行.
NOTIC: [8] Use of undefined constant id - assumed 'id' /webHome/LFWZ000390/www/old/Application/Runtime/Cache/Admin/6eb939ff62aea883767ed8fa0a0c5387.php 第 136 行.
NOTIC: [8] Use of undefined constant isshow - assumed 'isshow' /webHome/LFWZ000390/www/old/Application/Runtime/Cache/Admin/6eb939ff62aea883767ed8fa0a0c5387.php 第 136 行.
NOTIC: [8] Use of undefined constant id - assumed 'id' /webHome/LFWZ000390/www/old/Application/Runtime/Cache/Admin/6eb939ff62aea883767ed8fa0a0c5387.php 第 137 行.
SQL: SELECT `username` FROM `th_member` WHERE `id` = 515 LIMIT 1   [ RunTime:0.0060s ]
NOTIC: [8] Use of undefined constant id - assumed 'id' /webHome/LFWZ000390/www/old/Application/Runtime/Cache/Admin/6eb939ff62aea883767ed8fa0a0c5387.php 第 135 行.
NOTIC: [8] Use of undefined constant id - assumed 'id' /webHome/LFWZ000390/www/old/Application/Runtime/Cache/Admin/6eb939ff62aea883767ed8fa0a0c5387.php 第 136 行.
NOTIC: [8] Use of undefined constant isshow - assumed 'isshow' /webHome/LFWZ000390/www/old/Application/Runtime/Cache/Admin/6eb939ff62aea883767ed8fa0a0c5387.php 第 136 行.
NOTIC: [8] Use of undefined constant id - assumed 'id' /webHome/LFWZ000390/www/old/Application/Runtime/Cache/Admin/6eb939ff62aea883767ed8fa0a0c5387.php 第 137 行.
SQL: SELECT `username` FROM `th_member` WHERE `id` = 514 LIMIT 1   [ RunTime:0.0076s ]
NOTIC: [8] Use of undefined constant id - assumed 'id' /webHome/LFWZ000390/www/old/Application/Runtime/Cache/Admin/6eb939ff62aea883767ed8fa0a0c5387.php 第 135 行.
NOTIC: [8] Use of undefined constant id - assumed 'id' /webHome/LFWZ000390/www/old/Application/Runtime/Cache/Admin/6eb939ff62aea883767ed8fa0a0c5387.php 第 136 行.
NOTIC: [8] Use of undefined constant isshow - assumed 'isshow' /webHome/LFWZ000390/www/old/Application/Runtime/Cache/Admin/6eb939ff62aea883767ed8fa0a0c5387.php 第 136 行.
NOTIC: [8] Use of undefined constant id - assumed 'id' /webHome/LFWZ000390/www/old/Application/Runtime/Cache/Admin/6eb939ff62aea883767ed8fa0a0c5387.php 第 137 行.
SQL: SELECT `username` FROM `th_member` WHERE `id` = 513 LIMIT 1   [ RunTime:0.0035s ]
NOTIC: [8] Use of undefined constant id - assumed 'id' /webHome/LFWZ000390/www/old/Application/Runtime/Cache/Admin/6eb939ff62aea883767ed8fa0a0c5387.php 第 135 行.
NOTIC: [8] Use of undefined constant id - assumed 'id' /webHome/LFWZ000390/www/old/Application/Runtime/Cache/Admin/6eb939ff62aea883767ed8fa0a0c5387.php 第 136 行.
NOTIC: [8] Use of undefined constant isshow - assumed 'isshow' /webHome/LFWZ000390/www/old/Application/Runtime/Cache/Admin/6eb939ff62aea883767ed8fa0a0c5387.php 第 136 行.
NOTIC: [8] Use of undefined constant id - assumed 'id' /webHome/LFWZ000390/www/old/Application/Runtime/Cache/Admin/6eb939ff62aea883767ed8fa0a0c5387.php 第 137 行.
SQL: SELECT `username` FROM `th_member` WHERE `id` = 512 LIMIT 1   [ RunTime:0.0065s ]
NOTIC: [8] Use of undefined constant id - assumed 'id' /webHome/LFWZ000390/www/old/Application/Runtime/Cache/Admin/6eb939ff62aea883767ed8fa0a0c5387.php 第 135 行.
NOTIC: [8] Use of undefined constant id - assumed 'id' /webHome/LFWZ000390/www/old/Application/Runtime/Cache/Admin/6eb939ff62aea883767ed8fa0a0c5387.php 第 136 行.
NOTIC: [8] Use of undefined constant isshow - assumed 'isshow' /webHome/LFWZ000390/www/old/Application/Runtime/Cache/Admin/6eb939ff62aea883767ed8fa0a0c5387.php 第 136 行.
NOTIC: [8] Use of undefined constant id - assumed 'id' /webHome/LFWZ000390/www/old/Application/Runtime/Cache/Admin/6eb939ff62aea883767ed8fa0a0c5387.php 第 137 行.
SQL: SELECT `username` FROM `th_member` WHERE `id` = 511 LIMIT 1   [ RunTime:0.0019s ]
NOTIC: [8] Use of undefined constant id - assumed 'id' /webHome/LFWZ000390/www/old/Application/Runtime/Cache/Admin/6eb939ff62aea883767ed8fa0a0c5387.php 第 135 行.
NOTIC: [8] Use of undefined constant id - assumed 'id' /webHome/LFWZ000390/www/old/Application/Runtime/Cache/Admin/6eb939ff62aea883767ed8fa0a0c5387.php 第 136 行.
NOTIC: [8] Use of undefined constant isshow - assumed 'isshow' /webHome/LFWZ000390/www/old/Application/Runtime/Cache/Admin/6eb939ff62aea883767ed8fa0a0c5387.php 第 136 行.
NOTIC: [8] Use of undefined constant id - assumed 'id' /webHome/LFWZ000390/www/old/Application/Runtime/Cache/Admin/6eb939ff62aea883767ed8fa0a0c5387.php 第 137 行.
SQL: SELECT `username` FROM `th_member` WHERE `id` = 510 LIMIT 1   [ RunTime:0.0032s ]
NOTIC: [8] Use of undefined constant id - assumed 'id' /webHome/LFWZ000390/www/old/Application/Runtime/Cache/Admin/6eb939ff62aea883767ed8fa0a0c5387.php 第 135 行.
NOTIC: [8] Use of undefined constant id - assumed 'id' /webHome/LFWZ000390/www/old/Application/Runtime/Cache/Admin/6eb939ff62aea883767ed8fa0a0c5387.php 第 136 行.
NOTIC: [8] Use of undefined constant isshow - assumed 'isshow' /webHome/LFWZ000390/www/old/Application/Runtime/Cache/Admin/6eb939ff62aea883767ed8fa0a0c5387.php 第 136 行.
NOTIC: [8] Use of undefined constant id - assumed 'id' /webHome/LFWZ000390/www/old/Application/Runtime/Cache/Admin/6eb939ff62aea883767ed8fa0a0c5387.php 第 137 行.
SQL: SELECT `username` FROM `th_member` WHERE `id` = 509 LIMIT 1   [ RunTime:0.0051s ]
NOTIC: [8] Use of undefined constant id - assumed 'id' /webHome/LFWZ000390/www/old/Application/Runtime/Cache/Admin/6eb939ff62aea883767ed8fa0a0c5387.php 第 135 行.
NOTIC: [8] Use of undefined constant id - assumed 'id' /webHome/LFWZ000390/www/old/Application/Runtime/Cache/Admin/6eb939ff62aea883767ed8fa0a0c5387.php 第 136 行.
NOTIC: [8] Use of undefined constant isshow - assumed 'isshow' /webHome/LFWZ000390/www/old/Application/Runtime/Cache/Admin/6eb939ff62aea883767ed8fa0a0c5387.php 第 136 行.
NOTIC: [8] Use of undefined constant id - assumed 'id' /webHome/LFWZ000390/www/old/Application/Runtime/Cache/Admin/6eb939ff62aea883767ed8fa0a0c5387.php 第 137 行.
SQL: SELECT `username` FROM `th_member` WHERE `id` = 508 LIMIT 1   [ RunTime:0.0108s ]
NOTIC: [8] Use of undefined constant id - assumed 'id' /webHome/LFWZ000390/www/old/Application/Runtime/Cache/Admin/6eb939ff62aea883767ed8fa0a0c5387.php 第 135 行.
NOTIC: [8] Use of undefined constant id - assumed 'id' /webHome/LFWZ000390/www/old/Application/Runtime/Cache/Admin/6eb939ff62aea883767ed8fa0a0c5387.php 第 136 行.
NOTIC: [8] Use of undefined constant isshow - assumed 'isshow' /webHome/LFWZ000390/www/old/Application/Runtime/Cache/Admin/6eb939ff62aea883767ed8fa0a0c5387.php 第 136 行.
NOTIC: [8] Use of undefined constant id - assumed 'id' /webHome/LFWZ000390/www/old/Application/Runtime/Cache/Admin/6eb939ff62aea883767ed8fa0a0c5387.php 第 137 行.
SQL: SELECT `username` FROM `th_member` WHERE `id` = 507 LIMIT 1   [ RunTime:0.0025s ]
NOTIC: [8] Use of undefined constant id - assumed 'id' /webHome/LFWZ000390/www/old/Application/Runtime/Cache/Admin/6eb939ff62aea883767ed8fa0a0c5387.php 第 135 行.
NOTIC: [8] Use of undefined constant id - assumed 'id' /webHome/LFWZ000390/www/old/Application/Runtime/Cache/Admin/6eb939ff62aea883767ed8fa0a0c5387.php 第 136 行.
NOTIC: [8] Use of undefined constant isshow - assumed 'isshow' /webHome/LFWZ000390/www/old/Application/Runtime/Cache/Admin/6eb939ff62aea883767ed8fa0a0c5387.php 第 136 行.
NOTIC: [8] Use of undefined constant id - assumed 'id' /webHome/LFWZ000390/www/old/Application/Runtime/Cache/Admin/6eb939ff62aea883767ed8fa0a0c5387.php 第 137 行.
INFO: Run Behavior\ParseTemplateBehavior [ RunTime:0.112052s ]
INFO: [ view_parse ] --END-- [ RunTime:0.112218s ]
INFO: [ view_filter ] --START--
INFO: Run Behavior\WriteHtmlCacheBehavior [ RunTime:0.000449s ]
INFO: [ view_filter ] --END-- [ RunTime:0.000552s ]
INFO: [ app_end ] --START--
INFO: Run Behavior\ShowPageTraceBehavior [ RunTime:0.000416s ]
INFO: [ app_end ] --END-- [ RunTime:0.000515s ]

[ 2015-09-01T14:06:35+08:00 ] 123.121.33.27 /old/index.php?m=Admin&c=Invest&a=index
INFO: [ app_init ] --START--
INFO: Run Behavior\BuildLiteBehavior [ RunTime:0.000043s ]
INFO: [ app_init ] --END-- [ RunTime:0.001697s ]
INFO: [ app_begin ] --START--
INFO: Run Behavior\ReadHtmlCacheBehavior [ RunTime:0.000300s ]
INFO: [ app_begin ] --END-- [ RunTime:0.000450s ]
SQL: SHOW COLUMNS FROM `th_invest` [ RunTime:0.0022s ]
SQL: SELECT COUNT(*) AS tp_count FROM `th_invest` LIMIT 1   [ RunTime:0.0109s ]
SQL: SELECT * FROM `th_invest` ORDER BY id desc LIMIT 0,10   [ RunTime:0.0015s ]
SQL: SHOW COLUMNS FROM `th_domain` [ RunTime:0.0020s ]
SQL: SELECT * FROM `th_domain` ORDER BY id asc  [ RunTime:0.0021s ]
SQL: SELECT COUNT(*) AS tp_count FROM `th_invest` LIMIT 1   [ RunTime:0.0019s ]
INFO: [ view_parse ] --START--
INFO: [ template_filter ] --START--
INFO: Run Behavior\ContentReplaceBehavior [ RunTime:0.000112s ]
INFO: [ template_filter ] --END-- [ RunTime:0.000325s ]
NOTIC: [8] Undefined variable: rember /webHome/LFWZ000390/www/old/Application/Runtime/Cache/Admin/5850179bf3d6e6af732c133593a85901.php 第 92 行.
NOTIC: [8] Undefined variable: rember /webHome/LFWZ000390/www/old/Application/Runtime/Cache/Admin/5850179bf3d6e6af732c133593a85901.php 第 93 行.
NOTIC: [8] Undefined variable: rember /webHome/LFWZ000390/www/old/Application/Runtime/Cache/Admin/5850179bf3d6e6af732c133593a85901.php 第 94 行.
NOTIC: [8] Undefined variable: rember /webHome/LFWZ000390/www/old/Application/Runtime/Cache/Admin/5850179bf3d6e6af732c133593a85901.php 第 96 行.
NOTIC: [8] Undefined variable: rember /webHome/LFWZ000390/www/old/Application/Runtime/Cache/Admin/5850179bf3d6e6af732c133593a85901.php 第 96 行.
NOTIC: [8] Undefined variable: rember /webHome/LFWZ000390/www/old/Application/Runtime/Cache/Admin/5850179bf3d6e6af732c133593a85901.php 第 96 行.
NOTIC: [8] Undefined variable: rember /webHome/LFWZ000390/www/old/Application/Runtime/Cache/Admin/5850179bf3d6e6af732c133593a85901.php 第 96 行.
NOTIC: [8] Undefined variable: rember /webHome/LFWZ000390/www/old/Application/Runtime/Cache/Admin/5850179bf3d6e6af732c133593a85901.php 第 96 行.
NOTIC: [8] Undefined variable: rember /webHome/LFWZ000390/www/old/Application/Runtime/Cache/Admin/5850179bf3d6e6af732c133593a85901.php 第 96 行.
NOTIC: [8] Undefined variable: rember /webHome/LFWZ000390/www/old/Application/Runtime/Cache/Admin/5850179bf3d6e6af732c133593a85901.php 第 96 行.
NOTIC: [8] Undefined variable: rember /webHome/LFWZ000390/www/old/Application/Runtime/Cache/Admin/5850179bf3d6e6af732c133593a85901.php 第 96 行.
NOTIC: [8] Undefined variable: rember /webHome/LFWZ000390/www/old/Application/Runtime/Cache/Admin/5850179bf3d6e6af732c133593a85901.php 第 96 行.
NOTIC: [8] Undefined variable: rember /webHome/LFWZ000390/www/old/Application/Runtime/Cache/Admin/5850179bf3d6e6af732c133593a85901.php 第 96 行.
NOTIC: [8] Undefined variable: rember /webHome/LFWZ000390/www/old/Application/Runtime/Cache/Admin/5850179bf3d6e6af732c133593a85901.php 第 96 行.
NOTIC: [8] Undefined variable: rember /webHome/LFWZ000390/www/old/Application/Runtime/Cache/Admin/5850179bf3d6e6af732c133593a85901.php 第 96 行.
NOTIC: [8] Undefined variable: rember /webHome/LFWZ000390/www/old/Application/Runtime/Cache/Admin/5850179bf3d6e6af732c133593a85901.php 第 96 行.
NOTIC: [8] Undefined variable: rember /webHome/LFWZ000390/www/old/Application/Runtime/Cache/Admin/5850179bf3d6e6af732c133593a85901.php 第 96 行.
NOTIC: [8] Undefined variable: rember /webHome/LFWZ000390/www/old/Application/Runtime/Cache/Admin/5850179bf3d6e6af732c133593a85901.php 第 96 行.
NOTIC: [8] Undefined variable: rember /webHome/LFWZ000390/www/old/Application/Runtime/Cache/Admin/5850179bf3d6e6af732c133593a85901.php 第 96 行.
NOTIC: [8] Undefined variable: rember /webHome/LFWZ000390/www/old/Application/Runtime/Cache/Admin/5850179bf3d6e6af732c133593a85901.php 第 96 行.
NOTIC: [8] Undefined variable: rember /webHome/LFWZ000390/www/old/Application/Runtime/Cache/Admin/5850179bf3d6e6af732c133593a85901.php 第 96 行.
NOTIC: [8] Undefined variable: rember /webHome/LFWZ000390/www/old/Application/Runtime/Cache/Admin/5850179bf3d6e6af732c133593a85901.php 第 96 行.
NOTIC: [8] Undefined variable: rember /webHome/LFWZ000390/www/old/Application/Runtime/Cache/Admin/5850179bf3d6e6af732c133593a85901.php 第 96 行.
NOTIC: [8] Undefined variable: rember /webHome/LFWZ000390/www/old/Application/Runtime/Cache/Admin/5850179bf3d6e6af732c133593a85901.php 第 96 行.
SQL: SELECT `dname` FROM `th_domain` WHERE ( id in(2) )  [ RunTime:0.0030s ]
NOTIC: [8] Undefined variable: string /webHome/LFWZ000390/www/old/Application/Admin/Common/function.php 第 195 行.
NOTIC: [8] Use of undefined constant id - assumed 'id' /webHome/LFWZ000390/www/old/Application/Runtime/Cache/Admin/5850179bf3d6e6af732c133593a85901.php 第 128 行.
NOTIC: [8] Use of undefined constant id - assumed 'id' /webHome/LFWZ000390/www/old/Application/Runtime/Cache/Admin/5850179bf3d6e6af732c133593a85901.php 第 129 行.
NOTIC: [8] Use of undefined constant isshow - assumed 'isshow' /webHome/LFWZ000390/www/old/Application/Runtime/Cache/Admin/5850179bf3d6e6af732c133593a85901.php 第 129 行.
NOTIC: [8] Use of undefined constant id - assumed 'id' /webHome/LFWZ000390/www/old/Application/Runtime/Cache/Admin/5850179bf3d6e6af732c133593a85901.php 第 130 行.
SQL: SELECT `dname` FROM `th_domain` WHERE ( id in(1) )  [ RunTime:0.0017s ]
NOTIC: [8] Undefined variable: string /webHome/LFWZ000390/www/old/Application/Admin/Common/function.php 第 195 行.
NOTIC: [8] Use of undefined constant id - assumed 'id' /webHome/LFWZ000390/www/old/Application/Runtime/Cache/Admin/5850179bf3d6e6af732c133593a85901.php 第 128 行.
NOTIC: [8] Use of undefined constant id - assumed 'id' /webHome/LFWZ000390/www/old/Application/Runtime/Cache/Admin/5850179bf3d6e6af732c133593a85901.php 第 129 行.
NOTIC: [8] Use of undefined constant isshow - assumed 'isshow' /webHome/LFWZ000390/www/old/Application/Runtime/Cache/Admin/5850179bf3d6e6af732c133593a85901.php 第 129 行.
NOTIC: [8] Use of undefined constant id - assumed 'id' /webHome/LFWZ000390/www/old/Application/Runtime/Cache/Admin/5850179bf3d6e6af732c133593a85901.php 第 130 行.
SQL: SELECT `dname` FROM `th_domain` WHERE ( id in(7) )  [ RunTime:0.0020s ]
NOTIC: [8] Undefined variable: string /webHome/LFWZ000390/www/old/Application/Admin/Common/function.php 第 195 行.
NOTIC: [8] Use of undefined constant id - assumed 'id' /webHome/LFWZ000390/www/old/Application/Runtime/Cache/Admin/5850179bf3d6e6af732c133593a85901.php 第 128 行.
NOTIC: [8] Use of undefined constant id - assumed 'id' /webHome/LFWZ000390/www/old/Application/Runtime/Cache/Admin/5850179bf3d6e6af732c133593a85901.php 第 129 行.
NOTIC: [8] Use of undefined constant isshow - assumed 'isshow' /webHome/LFWZ000390/www/old/Application/Runtime/Cache/Admin/5850179bf3d6e6af732c133593a85901.php 第 129 行.
NOTIC: [8] Use of undefined constant id - assumed 'id' /webHome/LFWZ000390/www/old/Application/Runtime/Cache/Admin/5850179bf3d6e6af732c133593a85901.php 第 130 行.
SQL: SELECT `dname` FROM `th_domain` WHERE ( id in(1) )  [ RunTime:0.0023s ]
NOTIC: [8] Undefined variable: string /webHome/LFWZ000390/www/old/Application/Admin/Common/function.php 第 195 行.
NOTIC: [8] Use of undefined constant id - assumed 'id' /webHome/LFWZ000390/www/old/Application/Runtime/Cache/Admin/5850179bf3d6e6af732c133593a85901.php 第 128 行.
NOTIC: [8] Use of undefined constant id - assumed 'id' /webHome/LFWZ000390/www/old/Application/Runtime/Cache/Admin/5850179bf3d6e6af732c133593a85901.php 第 129 行.
NOTIC: [8] Use of undefined constant isshow - assumed 'isshow' /webHome/LFWZ000390/www/old/Application/Runtime/Cache/Admin/5850179bf3d6e6af732c133593a85901.php 第 129 行.
NOTIC: [8] Use of undefined constant id - assumed 'id' /webHome/LFWZ000390/www/old/Application/Runtime/Cache/Admin/5850179bf3d6e6af732c133593a85901.php 第 130 行.
SQL: SELECT `dname` FROM `th_domain` WHERE ( id in(2) )  [ RunTime:0.0038s ]
NOTIC: [8] Undefined variable: string /webHome/LFWZ000390/www/old/Application/Admin/Common/function.php 第 195 行.
NOTIC: [8] Use of undefined constant id - assumed 'id' /webHome/LFWZ000390/www/old/Application/Runtime/Cache/Admin/5850179bf3d6e6af732c133593a85901.php 第 128 行.
NOTIC: [8] Use of undefined constant id - assumed 'id' /webHome/LFWZ000390/www/old/Application/Runtime/Cache/Admin/5850179bf3d6e6af732c133593a85901.php 第 129 行.
NOTIC: [8] Use of undefined constant isshow - assumed 'isshow' /webHome/LFWZ000390/www/old/Application/Runtime/Cache/Admin/5850179bf3d6e6af732c133593a85901.php 第 129 行.
NOTIC: [8] Use of undefined constant id - assumed 'id' /webHome/LFWZ000390/www/old/Application/Runtime/Cache/Admin/5850179bf3d6e6af732c133593a85901.php 第 130 行.
SQL: SELECT `dname` FROM `th_domain` WHERE ( id in(3) )  [ RunTime:0.0026s ]
NOTIC: [8] Undefined variable: string /webHome/LFWZ000390/www/old/Application/Admin/Common/function.php 第 195 行.
NOTIC: [8] Use of undefined constant id - assumed 'id' /webHome/LFWZ000390/www/old/Application/Runtime/Cache/Admin/5850179bf3d6e6af732c133593a85901.php 第 128 行.
NOTIC: [8] Use of undefined constant id - assumed 'id' /webHome/LFWZ000390/www/old/Application/Runtime/Cache/Admin/5850179bf3d6e6af732c133593a85901.php 第 129 行.
NOTIC: [8] Use of undefined constant isshow - assumed 'isshow' /webHome/LFWZ000390/www/old/Application/Runtime/Cache/Admin/5850179bf3d6e6af732c133593a85901.php 第 129 行.
NOTIC: [8] Use of undefined constant id - assumed 'id' /webHome/LFWZ000390/www/old/Application/Runtime/Cache/Admin/5850179bf3d6e6af732c133593a85901.php 第 130 行.
SQL: SELECT `dname` FROM `th_domain` WHERE ( id in(18) )  [ RunTime:0.0014s ]
NOTIC: [8] Undefined variable: string /webHome/LFWZ000390/www/old/Application/Admin/Common/function.php 第 195 行.
NOTIC: [8] Use of undefined constant id - assumed 'id' /webHome/LFWZ000390/www/old/Application/Runtime/Cache/Admin/5850179bf3d6e6af732c133593a85901.php 第 128 行.
NOTIC: [8] Use of undefined constant id - assumed 'id' /webHome/LFWZ000390/www/old/Application/Runtime/Cache/Admin/5850179bf3d6e6af732c133593a85901.php 第 129 行.
NOTIC: [8] Use of undefined constant isshow - assumed 'isshow' /webHome/LFWZ000390/www/old/Application/Runtime/Cache/Admin/5850179bf3d6e6af732c133593a85901.php 第 129 行.
NOTIC: [8] Use of undefined constant id - assumed 'id' /webHome/LFWZ000390/www/old/Application/Runtime/Cache/Admin/5850179bf3d6e6af732c133593a85901.php 第 130 行.
SQL: SELECT `dname` FROM `th_domain` WHERE ( id in(1) )  [ RunTime:0.0011s ]
NOTIC: [8] Undefined variable: string /webHome/LFWZ000390/www/old/Application/Admin/Common/function.php 第 195 行.
NOTIC: [8] Use of undefined constant id - assumed 'id' /webHome/LFWZ000390/www/old/Application/Runtime/Cache/Admin/5850179bf3d6e6af732c133593a85901.php 第 128 行.
NOTIC: [8] Use of undefined constant id - assumed 'id' /webHome/LFWZ000390/www/old/Application/Runtime/Cache/Admin/5850179bf3d6e6af732c133593a85901.php 第 129 行.
NOTIC: [8] Use of undefined constant isshow - assumed 'isshow' /webHome/LFWZ000390/www/old/Application/Runtime/Cache/Admin/5850179bf3d6e6af732c133593a85901.php 第 129 行.
NOTIC: [8] Use of undefined constant id - assumed 'id' /webHome/LFWZ000390/www/old/Application/Runtime/Cache/Admin/5850179bf3d6e6af732c133593a85901.php 第 130 行.
SQL: SELECT `dname` FROM `th_domain` WHERE ( id in(1) )  [ RunTime:0.0184s ]
NOTIC: [8] Undefined variable: string /webHome/LFWZ000390/www/old/Application/Admin/Common/function.php 第 195 行.
NOTIC: [8] Use of undefined constant id - assumed 'id' /webHome/LFWZ000390/www/old/Application/Runtime/Cache/Admin/5850179bf3d6e6af732c133593a85901.php 第 128 行.
NOTIC: [8] Use of undefined constant id - assumed 'id' /webHome/LFWZ000390/www/old/Application/Runtime/Cache/Admin/5850179bf3d6e6af732c133593a85901.php 第 129 行.
NOTIC: [8] Use of undefined constant isshow - assumed 'isshow' /webHome/LFWZ000390/www/old/Application/Runtime/Cache/Admin/5850179bf3d6e6af732c133593a85901.php 第 129 行.
NOTIC: [8] Use of undefined constant id - assumed 'id' /webHome/LFWZ000390/www/old/Application/Runtime/Cache/Admin/5850179bf3d6e6af732c133593a85901.php 第 130 行.
SQL: SELECT `dname` FROM `th_domain` WHERE ( id in(2) )  [ RunTime:0.0018s ]
NOTIC: [8] Undefined variable: string /webHome/LFWZ000390/www/old/Application/Admin/Common/function.php 第 195 行.
NOTIC: [8] Use of undefined constant id - assumed 'id' /webHome/LFWZ000390/www/old/Application/Runtime/Cache/Admin/5850179bf3d6e6af732c133593a85901.php 第 128 行.
NOTIC: [8] Use of undefined constant id - assumed 'id' /webHome/LFWZ000390/www/old/Application/Runtime/Cache/Admin/5850179bf3d6e6af732c133593a85901.php 第 129 行.
NOTIC: [8] Use of undefined constant isshow - assumed 'isshow' /webHome/LFWZ000390/www/old/Application/Runtime/Cache/Admin/5850179bf3d6e6af732c133593a85901.php 第 129 行.
NOTIC: [8] Use of undefined constant id - assumed 'id' /webHome/LFWZ000390/www/old/Application/Runtime/Cache/Admin/5850179bf3d6e6af732c133593a85901.php 第 130 行.
INFO: Run Behavior\ParseTemplateBehavior [ RunTime:0.130405s ]
INFO: [ view_parse ] --END-- [ RunTime:0.130540s ]
INFO: [ view_filter ] --START--
INFO: Run Behavior\WriteHtmlCacheBehavior [ RunTime:0.000494s ]
INFO: [ view_filter ] --END-- [ RunTime:0.000629s ]
INFO: [ app_end ] --START--
INFO: Run Behavior\ShowPageTraceBehavior [ RunTime:0.000419s ]
INFO: [ app_end ] --END-- [ RunTime:0.000550s ]

[ 2015-09-01T14:06:36+08:00 ] 123.121.33.27 /old/index.php?m=Admin&c=Point&a=index
INFO: [ app_init ] --START--
INFO: Run Behavior\BuildLiteBehavior [ RunTime:0.000052s ]
INFO: [ app_init ] --END-- [ RunTime:0.000398s ]
INFO: [ app_begin ] --START--
INFO: Run Behavior\ReadHtmlCacheBehavior [ RunTime:0.000429s ]
INFO: [ app_begin ] --END-- [ RunTime:0.000554s ]
SQL: SHOW COLUMNS FROM `th_nav_article` [ RunTime:0.0063s ]
SQL: SELECT COUNT(*) AS tp_count FROM `th_nav_article` WHERE `pid` = 99 LIMIT 1   [ RunTime:0.0049s ]
SQL: SELECT * FROM `th_nav_article` WHERE `pid` = 99 ORDER BY id desc LIMIT 0,10   [ RunTime:0.0078s ]
INFO: [ view_parse ] --START--
INFO: [ template_filter ] --START--
INFO: Run Behavior\ContentReplaceBehavior [ RunTime:0.000119s ]
INFO: [ template_filter ] --END-- [ RunTime:0.000273s ]
NOTIC: [8] Undefined variable: pid /webHome/LFWZ000390/www/old/Application/Runtime/Cache/Admin/cc06cbe1760b04f1d037474506a92334.php 第 90 行.
NOTIC: [8] Use of undefined constant id - assumed 'id' /webHome/LFWZ000390/www/old/Application/Runtime/Cache/Admin/cc06cbe1760b04f1d037474506a92334.php 第 116 行.
NOTIC: [8] Use of undefined constant isshow - assumed 'isshow' /webHome/LFWZ000390/www/old/Application/Runtime/Cache/Admin/cc06cbe1760b04f1d037474506a92334.php 第 116 行.
NOTIC: [8] Use of undefined constant id - assumed 'id' /webHome/LFWZ000390/www/old/Application/Runtime/Cache/Admin/cc06cbe1760b04f1d037474506a92334.php 第 117 行.
NOTIC: [8] Use of undefined constant id - assumed 'id' /webHome/LFWZ000390/www/old/Application/Runtime/Cache/Admin/cc06cbe1760b04f1d037474506a92334.php 第 118 行.
NOTIC: [8] Use of undefined constant id - assumed 'id' /webHome/LFWZ000390/www/old/Application/Runtime/Cache/Admin/cc06cbe1760b04f1d037474506a92334.php 第 116 行.
NOTIC: [8] Use of undefined constant isshow - assumed 'isshow' /webHome/LFWZ000390/www/old/Application/Runtime/Cache/Admin/cc06cbe1760b04f1d037474506a92334.php 第 116 行.
NOTIC: [8] Use of undefined constant id - assumed 'id' /webHome/LFWZ000390/www/old/Application/Runtime/Cache/Admin/cc06cbe1760b04f1d037474506a92334.php 第 117 行.
NOTIC: [8] Use of undefined constant id - assumed 'id' /webHome/LFWZ000390/www/old/Application/Runtime/Cache/Admin/cc06cbe1760b04f1d037474506a92334.php 第 118 行.
NOTIC: [8] Use of undefined constant id - assumed 'id' /webHome/LFWZ000390/www/old/Application/Runtime/Cache/Admin/cc06cbe1760b04f1d037474506a92334.php 第 116 行.
NOTIC: [8] Use of undefined constant isshow - assumed 'isshow' /webHome/LFWZ000390/www/old/Application/Runtime/Cache/Admin/cc06cbe1760b04f1d037474506a92334.php 第 116 行.
NOTIC: [8] Use of undefined constant id - assumed 'id' /webHome/LFWZ000390/www/old/Application/Runtime/Cache/Admin/cc06cbe1760b04f1d037474506a92334.php 第 117 行.
NOTIC: [8] Use of undefined constant id - assumed 'id' /webHome/LFWZ000390/www/old/Application/Runtime/Cache/Admin/cc06cbe1760b04f1d037474506a92334.php 第 118 行.
NOTIC: [8] Use of undefined constant id - assumed 'id' /webHome/LFWZ000390/www/old/Application/Runtime/Cache/Admin/cc06cbe1760b04f1d037474506a92334.php 第 116 行.
NOTIC: [8] Use of undefined constant isshow - assumed 'isshow' /webHome/LFWZ000390/www/old/Application/Runtime/Cache/Admin/cc06cbe1760b04f1d037474506a92334.php 第 116 行.
NOTIC: [8] Use of undefined constant id - assumed 'id' /webHome/LFWZ000390/www/old/Application/Runtime/Cache/Admin/cc06cbe1760b04f1d037474506a92334.php 第 117 行.
NOTIC: [8] Use of undefined constant id - assumed 'id' /webHome/LFWZ000390/www/old/Application/Runtime/Cache/Admin/cc06cbe1760b04f1d037474506a92334.php 第 118 行.
NOTIC: [8] Use of undefined constant id - assumed 'id' /webHome/LFWZ000390/www/old/Application/Runtime/Cache/Admin/cc06cbe1760b04f1d037474506a92334.php 第 116 行.
NOTIC: [8] Use of undefined constant isshow - assumed 'isshow' /webHome/LFWZ000390/www/old/Application/Runtime/Cache/Admin/cc06cbe1760b04f1d037474506a92334.php 第 116 行.
NOTIC: [8] Use of undefined constant id - assumed 'id' /webHome/LFWZ000390/www/old/Application/Runtime/Cache/Admin/cc06cbe1760b04f1d037474506a92334.php 第 117 行.
NOTIC: [8] Use of undefined constant id - assumed 'id' /webHome/LFWZ000390/www/old/Application/Runtime/Cache/Admin/cc06cbe1760b04f1d037474506a92334.php 第 118 行.
NOTIC: [8] Use of undefined constant id - assumed 'id' /webHome/LFWZ000390/www/old/Application/Runtime/Cache/Admin/cc06cbe1760b04f1d037474506a92334.php 第 116 行.
NOTIC: [8] Use of undefined constant isshow - assumed 'isshow' /webHome/LFWZ000390/www/old/Application/Runtime/Cache/Admin/cc06cbe1760b04f1d037474506a92334.php 第 116 行.
NOTIC: [8] Use of undefined constant id - assumed 'id' /webHome/LFWZ000390/www/old/Application/Runtime/Cache/Admin/cc06cbe1760b04f1d037474506a92334.php 第 117 行.
NOTIC: [8] Use of undefined constant id - assumed 'id' /webHome/LFWZ000390/www/old/Application/Runtime/Cache/Admin/cc06cbe1760b04f1d037474506a92334.php 第 118 行.
NOTIC: [8] Use of undefined constant id - assumed 'id' /webHome/LFWZ000390/www/old/Application/Runtime/Cache/Admin/cc06cbe1760b04f1d037474506a92334.php 第 116 行.
NOTIC: [8] Use of undefined constant isshow - assumed 'isshow' /webHome/LFWZ000390/www/old/Application/Runtime/Cache/Admin/cc06cbe1760b04f1d037474506a92334.php 第 116 行.
NOTIC: [8] Use of undefined constant id - assumed 'id' /webHome/LFWZ000390/www/old/Application/Runtime/Cache/Admin/cc06cbe1760b04f1d037474506a92334.php 第 117 行.
NOTIC: [8] Use of undefined constant id - assumed 'id' /webHome/LFWZ000390/www/old/Application/Runtime/Cache/Admin/cc06cbe1760b04f1d037474506a92334.php 第 118 行.
NOTIC: [8] Use of undefined constant id - assumed 'id' /webHome/LFWZ000390/www/old/Application/Runtime/Cache/Admin/cc06cbe1760b04f1d037474506a92334.php 第 116 行.
NOTIC: [8] Use of undefined constant isshow - assumed 'isshow' /webHome/LFWZ000390/www/old/Application/Runtime/Cache/Admin/cc06cbe1760b04f1d037474506a92334.php 第 116 行.
NOTIC: [8] Use of undefined constant id - assumed 'id' /webHome/LFWZ000390/www/old/Application/Runtime/Cache/Admin/cc06cbe1760b04f1d037474506a92334.php 第 117 行.
NOTIC: [8] Use of undefined constant id - assumed 'id' /webHome/LFWZ000390/www/old/Application/Runtime/Cache/Admin/cc06cbe1760b04f1d037474506a92334.php 第 118 行.
NOTIC: [8] Use of undefined constant id - assumed 'id' /webHome/LFWZ000390/www/old/Application/Runtime/Cache/Admin/cc06cbe1760b04f1d037474506a92334.php 第 116 行.
NOTIC: [8] Use of undefined constant isshow - assumed 'isshow' /webHome/LFWZ000390/www/old/Application/Runtime/Cache/Admin/cc06cbe1760b04f1d037474506a92334.php 第 116 行.
NOTIC: [8] Use of undefined constant id - assumed 'id' /webHome/LFWZ000390/www/old/Application/Runtime/Cache/Admin/cc06cbe1760b04f1d037474506a92334.php 第 117 行.
NOTIC: [8] Use of undefined constant id - assumed 'id' /webHome/LFWZ000390/www/old/Application/Runtime/Cache/Admin/cc06cbe1760b04f1d037474506a92334.php 第 118 行.
NOTIC: [8] Use of undefined constant id - assumed 'id' /webHome/LFWZ000390/www/old/Application/Runtime/Cache/Admin/cc06cbe1760b04f1d037474506a92334.php 第 116 行.
NOTIC: [8] Use of undefined constant isshow - assumed 'isshow' /webHome/LFWZ000390/www/old/Application/Runtime/Cache/Admin/cc06cbe1760b04f1d037474506a92334.php 第 116 行.
NOTIC: [8] Use of undefined constant id - assumed 'id' /webHome/LFWZ000390/www/old/Application/Runtime/Cache/Admin/cc06cbe1760b04f1d037474506a92334.php 第 117 行.
NOTIC: [8] Use of undefined constant id - assumed 'id' /webHome/LFWZ000390/www/old/Application/Runtime/Cache/Admin/cc06cbe1760b04f1d037474506a92334.php 第 118 行.
INFO: Run Behavior\ParseTemplateBehavior [ RunTime:0.074323s ]
INFO: [ view_parse ] --END-- [ RunTime:0.074474s ]
INFO: [ view_filter ] --START--
INFO: Run Behavior\WriteHtmlCacheBehavior [ RunTime:0.000487s ]
INFO: [ view_filter ] --END-- [ RunTime:0.000576s ]
INFO: [ app_end ] --START--
INFO: Run Behavior\ShowPageTraceBehavior [ RunTime:0.000357s ]
INFO: [ app_end ] --END-- [ RunTime:0.000450s ]

[ 2015-09-01T14:06:39+08:00 ] 123.121.33.27 /old/index.php?m=Admin&c=Active&a=index
INFO: [ app_init ] --START--
INFO: Run Behavior\BuildLiteBehavior [ RunTime:0.000044s ]
INFO: [ app_init ] --END-- [ RunTime:0.006484s ]
INFO: [ app_begin ] --START--
INFO: Run Behavior\ReadHtmlCacheBehavior [ RunTime:0.000385s ]
INFO: [ app_begin ] --END-- [ RunTime:0.000535s ]
SQL: SHOW COLUMNS FROM `th_actity` [ RunTime:0.0065s ]
SQL: SELECT COUNT(*) AS tp_count FROM `th_actity` LIMIT 1   [ RunTime:0.0068s ]
SQL: SELECT * FROM `th_actity` ORDER BY id desc LIMIT 0,10   [ RunTime:0.0164s ]
INFO: [ view_parse ] --START--
INFO: [ template_filter ] --START--
INFO: Run Behavior\ContentReplaceBehavior [ RunTime:0.000126s ]
INFO: [ template_filter ] --END-- [ RunTime:0.001459s ]
NOTIC: [8] Use of undefined constant id - assumed 'id' /webHome/LFWZ000390/www/old/Application/Runtime/Cache/Admin/3c0d39ab558fc9e705f0c3fd2b53ed7a.php 第 128 行.
NOTIC: [8] Use of undefined constant id - assumed 'id' /webHome/LFWZ000390/www/old/Application/Runtime/Cache/Admin/3c0d39ab558fc9e705f0c3fd2b53ed7a.php 第 129 行.
NOTIC: [8] Use of undefined constant isshow - assumed 'isshow' /webHome/LFWZ000390/www/old/Application/Runtime/Cache/Admin/3c0d39ab558fc9e705f0c3fd2b53ed7a.php 第 129 行.
NOTIC: [8] Use of undefined constant id - assumed 'id' /webHome/LFWZ000390/www/old/Application/Runtime/Cache/Admin/3c0d39ab558fc9e705f0c3fd2b53ed7a.php 第 130 行.
NOTIC: [8] Use of undefined constant id - assumed 'id' /webHome/LFWZ000390/www/old/Application/Runtime/Cache/Admin/3c0d39ab558fc9e705f0c3fd2b53ed7a.php 第 128 行.
NOTIC: [8] Use of undefined constant id - assumed 'id' /webHome/LFWZ000390/www/old/Application/Runtime/Cache/Admin/3c0d39ab558fc9e705f0c3fd2b53ed7a.php 第 129 行.
NOTIC: [8] Use of undefined constant isshow - assumed 'isshow' /webHome/LFWZ000390/www/old/Application/Runtime/Cache/Admin/3c0d39ab558fc9e705f0c3fd2b53ed7a.php 第 129 行.
NOTIC: [8] Use of undefined constant id - assumed 'id' /webHome/LFWZ000390/www/old/Application/Runtime/Cache/Admin/3c0d39ab558fc9e705f0c3fd2b53ed7a.php 第 130 行.
NOTIC: [8] Use of undefined constant id - assumed 'id' /webHome/LFWZ000390/www/old/Application/Runtime/Cache/Admin/3c0d39ab558fc9e705f0c3fd2b53ed7a.php 第 128 行.
NOTIC: [8] Use of undefined constant id - assumed 'id' /webHome/LFWZ000390/www/old/Application/Runtime/Cache/Admin/3c0d39ab558fc9e705f0c3fd2b53ed7a.php 第 129 行.
NOTIC: [8] Use of undefined constant isshow - assumed 'isshow' /webHome/LFWZ000390/www/old/Application/Runtime/Cache/Admin/3c0d39ab558fc9e705f0c3fd2b53ed7a.php 第 129 行.
NOTIC: [8] Use of undefined constant id - assumed 'id' /webHome/LFWZ000390/www/old/Application/Runtime/Cache/Admin/3c0d39ab558fc9e705f0c3fd2b53ed7a.php 第 130 行.
NOTIC: [8] Use of undefined constant id - assumed 'id' /webHome/LFWZ000390/www/old/Application/Runtime/Cache/Admin/3c0d39ab558fc9e705f0c3fd2b53ed7a.php 第 128 行.
NOTIC: [8] Use of undefined constant id - assumed 'id' /webHome/LFWZ000390/www/old/Application/Runtime/Cache/Admin/3c0d39ab558fc9e705f0c3fd2b53ed7a.php 第 129 行.
NOTIC: [8] Use of undefined constant isshow - assumed 'isshow' /webHome/LFWZ000390/www/old/Application/Runtime/Cache/Admin/3c0d39ab558fc9e705f0c3fd2b53ed7a.php 第 129 行.
NOTIC: [8] Use of undefined constant id - assumed 'id' /webHome/LFWZ000390/www/old/Application/Runtime/Cache/Admin/3c0d39ab558fc9e705f0c3fd2b53ed7a.php 第 130 行.
NOTIC: [8] Use of undefined constant id - assumed 'id' /webHome/LFWZ000390/www/old/Application/Runtime/Cache/Admin/3c0d39ab558fc9e705f0c3fd2b53ed7a.php 第 128 行.
NOTIC: [8] Use of undefined constant id - assumed 'id' /webHome/LFWZ000390/www/old/Application/Runtime/Cache/Admin/3c0d39ab558fc9e705f0c3fd2b53ed7a.php 第 129 行.
NOTIC: [8] Use of undefined constant isshow - assumed 'isshow' /webHome/LFWZ000390/www/old/Application/Runtime/Cache/Admin/3c0d39ab558fc9e705f0c3fd2b53ed7a.php 第 129 行.
NOTIC: [8] Use of undefined constant id - assumed 'id' /webHome/LFWZ000390/www/old/Application/Runtime/Cache/Admin/3c0d39ab558fc9e705f0c3fd2b53ed7a.php 第 130 行.
NOTIC: [8] Use of undefined constant id - assumed 'id' /webHome/LFWZ000390/www/old/Application/Runtime/Cache/Admin/3c0d39ab558fc9e705f0c3fd2b53ed7a.php 第 128 行.
NOTIC: [8] Use of undefined constant id - assumed 'id' /webHome/LFWZ000390/www/old/Application/Runtime/Cache/Admin/3c0d39ab558fc9e705f0c3fd2b53ed7a.php 第 129 行.
NOTIC: [8] Use of undefined constant isshow - assumed 'isshow' /webHome/LFWZ000390/www/old/Application/Runtime/Cache/Admin/3c0d39ab558fc9e705f0c3fd2b53ed7a.php 第 129 行.
NOTIC: [8] Use of undefined constant id - assumed 'id' /webHome/LFWZ000390/www/old/Application/Runtime/Cache/Admin/3c0d39ab558fc9e705f0c3fd2b53ed7a.php 第 130 行.
NOTIC: [8] Use of undefined constant id - assumed 'id' /webHome/LFWZ000390/www/old/Application/Runtime/Cache/Admin/3c0d39ab558fc9e705f0c3fd2b53ed7a.php 第 128 行.
NOTIC: [8] Use of undefined constant id - assumed 'id' /webHome/LFWZ000390/www/old/Application/Runtime/Cache/Admin/3c0d39ab558fc9e705f0c3fd2b53ed7a.php 第 129 行.
NOTIC: [8] Use of undefined constant isshow - assumed 'isshow' /webHome/LFWZ000390/www/old/Application/Runtime/Cache/Admin/3c0d39ab558fc9e705f0c3fd2b53ed7a.php 第 129 行.
NOTIC: [8] Use of undefined constant id - assumed 'id' /webHome/LFWZ000390/www/old/Application/Runtime/Cache/Admin/3c0d39ab558fc9e705f0c3fd2b53ed7a.php 第 130 行.
NOTIC: [8] Use of undefined constant id - assumed 'id' /webHome/LFWZ000390/www/old/Application/Runtime/Cache/Admin/3c0d39ab558fc9e705f0c3fd2b53ed7a.php 第 128 行.
NOTIC: [8] Use of undefined constant id - assumed 'id' /webHome/LFWZ000390/www/old/Application/Runtime/Cache/Admin/3c0d39ab558fc9e705f0c3fd2b53ed7a.php 第 129 行.
NOTIC: [8] Use of undefined constant isshow - assumed 'isshow' /webHome/LFWZ000390/www/old/Application/Runtime/Cache/Admin/3c0d39ab558fc9e705f0c3fd2b53ed7a.php 第 129 行.
NOTIC: [8] Use of undefined constant id - assumed 'id' /webHome/LFWZ000390/www/old/Application/Runtime/Cache/Admin/3c0d39ab558fc9e705f0c3fd2b53ed7a.php 第 130 行.
NOTIC: [8] Use of undefined constant id - assumed 'id' /webHome/LFWZ000390/www/old/Application/Runtime/Cache/Admin/3c0d39ab558fc9e705f0c3fd2b53ed7a.php 第 128 行.
NOTIC: [8] Use of undefined constant id - assumed 'id' /webHome/LFWZ000390/www/old/Application/Runtime/Cache/Admin/3c0d39ab558fc9e705f0c3fd2b53ed7a.php 第 129 行.
NOTIC: [8] Use of undefined constant isshow - assumed 'isshow' /webHome/LFWZ000390/www/old/Application/Runtime/Cache/Admin/3c0d39ab558fc9e705f0c3fd2b53ed7a.php 第 129 行.
NOTIC: [8] Use of undefined constant id - assumed 'id' /webHome/LFWZ000390/www/old/Application/Runtime/Cache/Admin/3c0d39ab558fc9e705f0c3fd2b53ed7a.php 第 130 行.
NOTIC: [8] Use of undefined constant id - assumed 'id' /webHome/LFWZ000390/www/old/Application/Runtime/Cache/Admin/3c0d39ab558fc9e705f0c3fd2b53ed7a.php 第 128 行.
NOTIC: [8] Use of undefined constant id - assumed 'id' /webHome/LFWZ000390/www/old/Application/Runtime/Cache/Admin/3c0d39ab558fc9e705f0c3fd2b53ed7a.php 第 129 行.
NOTIC: [8] Use of undefined constant isshow - assumed 'isshow' /webHome/LFWZ000390/www/old/Application/Runtime/Cache/Admin/3c0d39ab558fc9e705f0c3fd2b53ed7a.php 第 129 行.
NOTIC: [8] Use of undefined constant id - assumed 'id' /webHome/LFWZ000390/www/old/Application/Runtime/Cache/Admin/3c0d39ab558fc9e705f0c3fd2b53ed7a.php 第 130 行.
INFO: Run Behavior\ParseTemplateBehavior [ RunTime:0.066263s ]
INFO: [ view_parse ] --END-- [ RunTime:0.066396s ]
INFO: [ view_filter ] --START--
INFO: Run Behavior\WriteHtmlCacheBehavior [ RunTime:0.000671s ]
INFO: [ view_filter ] --END-- [ RunTime:0.000841s ]
INFO: [ app_end ] --START--
INFO: Run Behavior\ShowPageTraceBehavior [ RunTime:0.000410s ]
INFO: [ app_end ] --END-- [ RunTime:0.000571s ]

[ 2015-09-01T14:06:40+08:00 ] 123.121.33.27 /old/index.php?m=Admin&c=Article&a=index
INFO: [ app_init ] --START--
INFO: Run Behavior\BuildLiteBehavior [ RunTime:0.000098s ]
INFO: [ app_init ] --END-- [ RunTime:0.001202s ]
INFO: [ app_begin ] --START--
INFO: Run Behavior\ReadHtmlCacheBehavior [ RunTime:0.000479s ]
INFO: [ app_begin ] --END-- [ RunTime:0.000670s ]
SQL: SHOW COLUMNS FROM `th_article` [ RunTime:0.0088s ]
SQL: SELECT `id`,`title`,`pid`,`isshow` FROM `th_article` WHERE `pid` = 0  [ RunTime:0.0012s ]
SQL: SELECT `id`,`title`,`pid`,`isshow` FROM `th_article` WHERE `pid` = 1  [ RunTime:0.0056s ]
SQL: SELECT `id`,`title`,`pid`,`isshow` FROM `th_article` WHERE `pid` = 2  [ RunTime:0.0014s ]
INFO: [ view_parse ] --START--
INFO: [ template_filter ] --START--
INFO: Run Behavior\ContentReplaceBehavior [ RunTime:0.000138s ]
INFO: [ template_filter ] --END-- [ RunTime:0.000332s ]
NOTIC: [8] Use of undefined constant id - assumed 'id' /webHome/LFWZ000390/www/old/Application/Runtime/Cache/Admin/7a4184ffe8f804b12b2e7f8851dd8f7d.php 第 110 行.
NOTIC: [8] Use of undefined constant id - assumed 'id' /webHome/LFWZ000390/www/old/Application/Runtime/Cache/Admin/7a4184ffe8f804b12b2e7f8851dd8f7d.php 第 111 行.
NOTIC: [8] Use of undefined constant isshow - assumed 'isshow' /webHome/LFWZ000390/www/old/Application/Runtime/Cache/Admin/7a4184ffe8f804b12b2e7f8851dd8f7d.php 第 111 行.
NOTIC: [8] Use of undefined constant id - assumed 'id' /webHome/LFWZ000390/www/old/Application/Runtime/Cache/Admin/7a4184ffe8f804b12b2e7f8851dd8f7d.php 第 112 行.
NOTIC: [8] Use of undefined constant id - assumed 'id' /webHome/LFWZ000390/www/old/Application/Runtime/Cache/Admin/7a4184ffe8f804b12b2e7f8851dd8f7d.php 第 115 行.
NOTIC: [8] Use of undefined constant id - assumed 'id' /webHome/LFWZ000390/www/old/Application/Runtime/Cache/Admin/7a4184ffe8f804b12b2e7f8851dd8f7d.php 第 116 行.
NOTIC: [8] Use of undefined constant isshow - assumed 'isshow' /webHome/LFWZ000390/www/old/Application/Runtime/Cache/Admin/7a4184ffe8f804b12b2e7f8851dd8f7d.php 第 116 行.
NOTIC: [8] Use of undefined constant id - assumed 'id' /webHome/LFWZ000390/www/old/Application/Runtime/Cache/Admin/7a4184ffe8f804b12b2e7f8851dd8f7d.php 第 117 行.
NOTIC: [8] Use of undefined constant id - assumed 'id' /webHome/LFWZ000390/www/old/Application/Runtime/Cache/Admin/7a4184ffe8f804b12b2e7f8851dd8f7d.php 第 115 行.
NOTIC: [8] Use of undefined constant id - assumed 'id' /webHome/LFWZ000390/www/old/Application/Runtime/Cache/Admin/7a4184ffe8f804b12b2e7f8851dd8f7d.php 第 116 行.
NOTIC: [8] Use of undefined constant isshow - assumed 'isshow' /webHome/LFWZ000390/www/old/Application/Runtime/Cache/Admin/7a4184ffe8f804b12b2e7f8851dd8f7d.php 第 116 行.
NOTIC: [8] Use of undefined constant id - assumed 'id' /webHome/LFWZ000390/www/old/Application/Runtime/Cache/Admin/7a4184ffe8f804b12b2e7f8851dd8f7d.php 第 117 行.
NOTIC: [8] Use of undefined constant id - assumed 'id' /webHome/LFWZ000390/www/old/Application/Runtime/Cache/Admin/7a4184ffe8f804b12b2e7f8851dd8f7d.php 第 115 行.
NOTIC: [8] Use of undefined constant id - assumed 'id' /webHome/LFWZ000390/www/old/Application/Runtime/Cache/Admin/7a4184ffe8f804b12b2e7f8851dd8f7d.php 第 116 行.
NOTIC: [8] Use of undefined constant isshow - assumed 'isshow' /webHome/LFWZ000390/www/old/Application/Runtime/Cache/Admin/7a4184ffe8f804b12b2e7f8851dd8f7d.php 第 116 行.
NOTIC: [8] Use of undefined constant id - assumed 'id' /webHome/LFWZ000390/www/old/Application/Runtime/Cache/Admin/7a4184ffe8f804b12b2e7f8851dd8f7d.php 第 117 行.
NOTIC: [8] Use of undefined constant id - assumed 'id' /webHome/LFWZ000390/www/old/Application/Runtime/Cache/Admin/7a4184ffe8f804b12b2e7f8851dd8f7d.php 第 115 行.
NOTIC: [8] Use of undefined constant id - assumed 'id' /webHome/LFWZ000390/www/old/Application/Runtime/Cache/Admin/7a4184ffe8f804b12b2e7f8851dd8f7d.php 第 116 行.
NOTIC: [8] Use of undefined constant isshow - assumed 'isshow' /webHome/LFWZ000390/www/old/Application/Runtime/Cache/Admin/7a4184ffe8f804b12b2e7f8851dd8f7d.php 第 116 行.
NOTIC: [8] Use of undefined constant id - assumed 'id' /webHome/LFWZ000390/www/old/Application/Runtime/Cache/Admin/7a4184ffe8f804b12b2e7f8851dd8f7d.php 第 117 行.
NOTIC: [8] Use of undefined constant id - assumed 'id' /webHome/LFWZ000390/www/old/Application/Runtime/Cache/Admin/7a4184ffe8f804b12b2e7f8851dd8f7d.php 第 110 行.
NOTIC: [8] Use of undefined constant id - assumed 'id' /webHome/LFWZ000390/www/old/Application/Runtime/Cache/Admin/7a4184ffe8f804b12b2e7f8851dd8f7d.php 第 111 行.
NOTIC: [8] Use of undefined constant isshow - assumed 'isshow' /webHome/LFWZ000390/www/old/Application/Runtime/Cache/Admin/7a4184ffe8f804b12b2e7f8851dd8f7d.php 第 111 行.
NOTIC: [8] Use of undefined constant id - assumed 'id' /webHome/LFWZ000390/www/old/Application/Runtime/Cache/Admin/7a4184ffe8f804b12b2e7f8851dd8f7d.php 第 112 行.
NOTIC: [8] Use of undefined constant id - assumed 'id' /webHome/LFWZ000390/www/old/Application/Runtime/Cache/Admin/7a4184ffe8f804b12b2e7f8851dd8f7d.php 第 115 行.
NOTIC: [8] Use of undefined constant id - assumed 'id' /webHome/LFWZ000390/www/old/Application/Runtime/Cache/Admin/7a4184ffe8f804b12b2e7f8851dd8f7d.php 第 116 行.
NOTIC: [8] Use of undefined constant isshow - assumed 'isshow' /webHome/LFWZ000390/www/old/Application/Runtime/Cache/Admin/7a4184ffe8f804b12b2e7f8851dd8f7d.php 第 116 行.
NOTIC: [8] Use of undefined constant id - assumed 'id' /webHome/LFWZ000390/www/old/Application/Runtime/Cache/Admin/7a4184ffe8f804b12b2e7f8851dd8f7d.php 第 117 行.
NOTIC: [8] Use of undefined constant id - assumed 'id' /webHome/LFWZ000390/www/old/Application/Runtime/Cache/Admin/7a4184ffe8f804b12b2e7f8851dd8f7d.php 第 115 行.
NOTIC: [8] Use of undefined constant id - assumed 'id' /webHome/LFWZ000390/www/old/Application/Runtime/Cache/Admin/7a4184ffe8f804b12b2e7f8851dd8f7d.php 第 116 行.
NOTIC: [8] Use of undefined constant isshow - assumed 'isshow' /webHome/LFWZ000390/www/old/Application/Runtime/Cache/Admin/7a4184ffe8f804b12b2e7f8851dd8f7d.php 第 116 行.
NOTIC: [8] Use of undefined constant id - assumed 'id' /webHome/LFWZ000390/www/old/Application/Runtime/Cache/Admin/7a4184ffe8f804b12b2e7f8851dd8f7d.php 第 117 行.
NOTIC: [8] Use of undefined constant id - assumed 'id' /webHome/LFWZ000390/www/old/Application/Runtime/Cache/Admin/7a4184ffe8f804b12b2e7f8851dd8f7d.php 第 115 行.
NOTIC: [8] Use of undefined constant id - assumed 'id' /webHome/LFWZ000390/www/old/Application/Runtime/Cache/Admin/7a4184ffe8f804b12b2e7f8851dd8f7d.php 第 116 行.
NOTIC: [8] Use of undefined constant isshow - assumed 'isshow' /webHome/LFWZ000390/www/old/Application/Runtime/Cache/Admin/7a4184ffe8f804b12b2e7f8851dd8f7d.php 第 116 行.
NOTIC: [8] Use of undefined constant id - assumed 'id' /webHome/LFWZ000390/www/old/Application/Runtime/Cache/Admin/7a4184ffe8f804b12b2e7f8851dd8f7d.php 第 117 行.
NOTIC: [8] Undefined variable: page /webHome/LFWZ000390/www/old/Application/Runtime/Cache/Admin/7a4184ffe8f804b12b2e7f8851dd8f7d.php 第 122 行.
INFO: Run Behavior\ParseTemplateBehavior [ RunTime:0.099848s ]
INFO: [ view_parse ] --END-- [ RunTime:0.100793s ]
INFO: [ view_filter ] --START--
INFO: Run Behavior\WriteHtmlCacheBehavior [ RunTime:0.000494s ]
INFO: [ view_filter ] --END-- [ RunTime:0.004667s ]
INFO: [ app_end ] --START--
INFO: Run Behavior\ShowPageTraceBehavior [ RunTime:0.004940s ]
INFO: [ app_end ] --END-- [ RunTime:0.005396s ]

[ 2015-09-01T14:19:33+08:00 ] 101.226.66.181 /old/index.php?m=Admin&c=Login&a=index
INFO: [ app_init ] --START--
INFO: Run Behavior\BuildLiteBehavior [ RunTime:0.000038s ]
INFO: [ app_init ] --END-- [ RunTime:0.008338s ]
INFO: [ app_begin ] --START--
INFO: Run Behavior\ReadHtmlCacheBehavior [ RunTime:0.000450s ]
INFO: [ app_begin ] --END-- [ RunTime:0.000596s ]
INFO: [ view_parse ] --START--
INFO: [ template_filter ] --START--
INFO: Run Behavior\ContentReplaceBehavior [ RunTime:0.000102s ]
INFO: [ template_filter ] --END-- [ RunTime:0.000269s ]
INFO: Run Behavior\ParseTemplateBehavior [ RunTime:0.011663s ]
INFO: [ view_parse ] --END-- [ RunTime:0.011792s ]
INFO: [ view_filter ] --START--
INFO: Run Behavior\WriteHtmlCacheBehavior [ RunTime:0.001568s ]
INFO: [ view_filter ] --END-- [ RunTime:0.001740s ]
INFO: [ app_end ] --START--
INFO: Run Behavior\ShowPageTraceBehavior [ RunTime:0.000669s ]
INFO: [ app_end ] --END-- [ RunTime:0.000918s ]

[ 2015-09-01T14:19:37+08:00 ] 180.153.206.22 /old/index.php?m=Admin&c=News&a=index
INFO: [ app_init ] --START--
INFO: Run Behavior\BuildLiteBehavior [ RunTime:0.000063s ]
INFO: [ app_init ] --END-- [ RunTime:0.001023s ]
INFO: [ app_begin ] --START--
INFO: Run Behavior\ReadHtmlCacheBehavior [ RunTime:0.000402s ]
INFO: [ app_begin ] --END-- [ RunTime:0.000556s ]
INFO: [ view_parse ] --START--
INFO: [ template_filter ] --START--
INFO: Run Behavior\ContentReplaceBehavior [ RunTime:0.000126s ]
INFO: [ template_filter ] --END-- [ RunTime:0.000294s ]
NOTIC: [8] Undefined variable: message /webHome/LFWZ000390/www/old/Application/Runtime/Cache/Admin/afd3fa6e47af5507e6549188b8ae1f85.php 第 23 行.
INFO: Run Behavior\ParseTemplateBehavior [ RunTime:0.014155s ]
INFO: [ view_parse ] --END-- [ RunTime:0.015655s ]
INFO: [ view_filter ] --START--
INFO: Run Behavior\WriteHtmlCacheBehavior [ RunTime:0.000404s ]
INFO: [ view_filter ] --END-- [ RunTime:0.000511s ]

[ 2015-09-01T14:19:41+08:00 ] 112.65.193.15 /old/index.php?m=Admin&c=Login&a=check
INFO: [ app_init ] --START--
INFO: Run Behavior\BuildLiteBehavior [ RunTime:0.000042s ]
INFO: [ app_init ] --END-- [ RunTime:0.000653s ]
INFO: [ app_begin ] --START--
INFO: Run Behavior\ReadHtmlCacheBehavior [ RunTime:0.000620s ]
INFO: [ app_begin ] --END-- [ RunTime:0.000776s ]
INFO: [ view_parse ] --START--
INFO: [ template_filter ] --START--
INFO: Run Behavior\ContentReplaceBehavior [ RunTime:0.000122s ]
INFO: [ template_filter ] --END-- [ RunTime:0.000473s ]
NOTIC: [8] Undefined variable: message /webHome/LFWZ000390/www/old/Application/Runtime/Cache/Admin/afd3fa6e47af5507e6549188b8ae1f85.php 第 23 行.
INFO: Run Behavior\ParseTemplateBehavior [ RunTime:0.008043s ]
INFO: [ view_parse ] --END-- [ RunTime:0.012501s ]
INFO: [ view_filter ] --START--
INFO: Run Behavior\WriteHtmlCacheBehavior [ RunTime:0.004791s ]
INFO: [ view_filter ] --END-- [ RunTime:0.010390s ]

[ 2015-09-01T14:19:57+08:00 ] 180.153.206.20 /old/index.php?m=Admin&c=Category&a=index
INFO: [ app_init ] --START--
INFO: Run Behavior\BuildLiteBehavior [ RunTime:0.000036s ]
INFO: [ app_init ] --END-- [ RunTime:0.000534s ]
INFO: [ app_begin ] --START--
INFO: Run Behavior\ReadHtmlCacheBehavior [ RunTime:0.000399s ]
INFO: [ app_begin ] --END-- [ RunTime:0.000615s ]
INFO: [ view_parse ] --START--
INFO: [ template_filter ] --START--
INFO: Run Behavior\ContentReplaceBehavior [ RunTime:0.000094s ]
INFO: [ template_filter ] --END-- [ RunTime:0.000298s ]
NOTIC: [8] Undefined variable: message /webHome/LFWZ000390/www/old/Application/Runtime/Cache/Admin/afd3fa6e47af5507e6549188b8ae1f85.php 第 23 行.
INFO: Run Behavior\ParseTemplateBehavior [ RunTime:0.015431s ]
INFO: [ view_parse ] --END-- [ RunTime:0.015609s ]
INFO: [ view_filter ] --START--
INFO: Run Behavior\WriteHtmlCacheBehavior [ RunTime:0.000418s ]
INFO: [ view_filter ] --END-- [ RunTime:0.000515s ]

[ 2015-09-01T14:20:01+08:00 ] 101.226.89.122 /old/index.php?m=Admin&c=Company&a=index
INFO: [ app_init ] --START--
INFO: Run Behavior\BuildLiteBehavior [ RunTime:0.000032s ]
INFO: [ app_init ] --END-- [ RunTime:0.000505s ]
INFO: [ app_begin ] --START--
INFO: Run Behavior\ReadHtmlCacheBehavior [ RunTime:0.000426s ]
INFO: [ app_begin ] --END-- [ RunTime:0.000561s ]
INFO: [ view_parse ] --START--
INFO: [ template_filter ] --START--
INFO: Run Behavior\ContentReplaceBehavior [ RunTime:0.000090s ]
INFO: [ template_filter ] --END-- [ RunTime:0.000267s ]
NOTIC: [8] Undefined variable: message /webHome/LFWZ000390/www/old/Application/Runtime/Cache/Admin/afd3fa6e47af5507e6549188b8ae1f85.php 第 23 行.
INFO: Run Behavior\ParseTemplateBehavior [ RunTime:0.015933s ]
INFO: [ view_parse ] --END-- [ RunTime:0.016053s ]
INFO: [ view_filter ] --START--
INFO: Run Behavior\WriteHtmlCacheBehavior [ RunTime:0.000366s ]
INFO: [ view_filter ] --END-- [ RunTime:0.000490s ]

[ 2015-09-01T14:20:04+08:00 ] 101.226.66.187 /old/index.php?m=Admin&c=Invest&a=index
INFO: [ app_init ] --START--
INFO: Run Behavior\BuildLiteBehavior [ RunTime:0.004463s ]
INFO: [ app_init ] --END-- [ RunTime:0.004905s ]
INFO: [ app_begin ] --START--
INFO: Run Behavior\ReadHtmlCacheBehavior [ RunTime:0.000526s ]
INFO: [ app_begin ] --END-- [ RunTime:0.000719s ]
INFO: [ view_parse ] --START--
INFO: [ template_filter ] --START--
INFO: Run Behavior\ContentReplaceBehavior [ RunTime:0.000107s ]
INFO: [ template_filter ] --END-- [ RunTime:0.000266s ]
NOTIC: [8] Undefined variable: message /webHome/LFWZ000390/www/old/Application/Runtime/Cache/Admin/afd3fa6e47af5507e6549188b8ae1f85.php 第 23 行.
INFO: Run Behavior\ParseTemplateBehavior [ RunTime:0.004991s ]
INFO: [ view_parse ] --END-- [ RunTime:0.005328s ]
INFO: [ view_filter ] --START--
INFO: Run Behavior\WriteHtmlCacheBehavior [ RunTime:0.000691s ]
INFO: [ view_filter ] --END-- [ RunTime:0.000802s ]

[ 2015-09-01T14:20:09+08:00 ] 101.226.33.227 /old/index.php?m=Admin&c=Point&a=index
INFO: [ app_init ] --START--
INFO: Run Behavior\BuildLiteBehavior [ RunTime:0.000027s ]
INFO: [ app_init ] --END-- [ RunTime:0.000349s ]
INFO: [ app_begin ] --START--
INFO: Run Behavior\ReadHtmlCacheBehavior [ RunTime:0.000412s ]
INFO: [ app_begin ] --END-- [ RunTime:0.000533s ]
INFO: [ view_parse ] --START--
INFO: [ template_filter ] --START--
INFO: Run Behavior\ContentReplaceBehavior [ RunTime:0.000079s ]
INFO: [ template_filter ] --END-- [ RunTime:0.000257s ]
NOTIC: [8] Undefined variable: message /webHome/LFWZ000390/www/old/Application/Runtime/Cache/Admin/afd3fa6e47af5507e6549188b8ae1f85.php 第 23 行.
INFO: Run Behavior\ParseTemplateBehavior [ RunTime:0.010113s ]
INFO: [ view_parse ] --END-- [ RunTime:0.010300s ]
INFO: [ view_filter ] --START--
INFO: Run Behavior\WriteHtmlCacheBehavior [ RunTime:0.000672s ]
INFO: [ view_filter ] --END-- [ RunTime:0.000800s ]

[ 2015-09-01T14:20:12+08:00 ] 180.153.201.216 /old/index.php?m=Admin&c=Active&a=index
INFO: [ app_init ] --START--
INFO: Run Behavior\BuildLiteBehavior [ RunTime:0.000035s ]
INFO: [ app_init ] --END-- [ RunTime:0.000454s ]
INFO: [ app_begin ] --START--
INFO: Run Behavior\ReadHtmlCacheBehavior [ RunTime:0.000475s ]
INFO: [ app_begin ] --END-- [ RunTime:0.000634s ]
INFO: [ view_parse ] --START--
INFO: [ template_filter ] --START--
INFO: Run Behavior\ContentReplaceBehavior [ RunTime:0.000116s ]
INFO: [ template_filter ] --END-- [ RunTime:0.000465s ]
NOTIC: [8] Undefined variable: message /webHome/LFWZ000390/www/old/Application/Runtime/Cache/Admin/afd3fa6e47af5507e6549188b8ae1f85.php 第 23 行.
INFO: Run Behavior\ParseTemplateBehavior [ RunTime:0.011249s ]
INFO: [ view_parse ] --END-- [ RunTime:0.011414s ]
INFO: [ view_filter ] --START--
INFO: Run Behavior\WriteHtmlCacheBehavior [ RunTime:0.000363s ]
INFO: [ view_filter ] --END-- [ RunTime:0.000528s ]

[ 2015-09-01T14:20:22+08:00 ] 112.64.235.90 /old/index.php?m=Admin&c=Article&a=index
INFO: [ app_init ] --START--
INFO: Run Behavior\BuildLiteBehavior [ RunTime:0.000036s ]
INFO: [ app_init ] --END-- [ RunTime:0.000424s ]
INFO: [ app_begin ] --START--
INFO: Run Behavior\ReadHtmlCacheBehavior [ RunTime:0.000393s ]
INFO: [ app_begin ] --END-- [ RunTime:0.000535s ]
INFO: [ view_parse ] --START--
INFO: [ template_filter ] --START--
INFO: Run Behavior\ContentReplaceBehavior [ RunTime:0.000082s ]
INFO: [ template_filter ] --END-- [ RunTime:0.000237s ]
NOTIC: [8] Undefined variable: message /webHome/LFWZ000390/www/old/Application/Runtime/Cache/Admin/afd3fa6e47af5507e6549188b8ae1f85.php 第 23 行.
INFO: Run Behavior\ParseTemplateBehavior [ RunTime:0.028874s ]
INFO: [ view_parse ] --END-- [ RunTime:0.030181s ]
INFO: [ view_filter ] --START--
INFO: Run Behavior\WriteHtmlCacheBehavior [ RunTime:0.000432s ]
INFO: [ view_filter ] --END-- [ RunTime:0.000526s ]

[ 2015-09-01T14:38:11+08:00 ] 101.226.66.187 /old/index.php?m=Admin&c=Login&a=index
INFO: [ app_init ] --START--
INFO: Run Behavior\BuildLiteBehavior [ RunTime:0.000035s ]
INFO: [ app_init ] --END-- [ RunTime:0.000413s ]
INFO: [ app_begin ] --START--
INFO: Run Behavior\ReadHtmlCacheBehavior [ RunTime:0.006231s ]
INFO: [ app_begin ] --END-- [ RunTime:0.006440s ]
INFO: [ view_parse ] --START--
INFO: [ template_filter ] --START--
INFO: Run Behavior\ContentReplaceBehavior [ RunTime:0.006809s ]
INFO: [ template_filter ] --END-- [ RunTime:0.010519s ]
INFO: Run Behavior\ParseTemplateBehavior [ RunTime:0.017680s ]
INFO: [ view_parse ] --END-- [ RunTime:0.017826s ]
INFO: [ view_filter ] --START--
INFO: Run Behavior\WriteHtmlCacheBehavior [ RunTime:0.000504s ]
INFO: [ view_filter ] --END-- [ RunTime:0.000632s ]
INFO: [ app_end ] --START--
INFO: Run Behavior\ShowPageTraceBehavior [ RunTime:0.000771s ]
INFO: [ app_end ] --END-- [ RunTime:0.000916s ]

[ 2015-09-01T14:40:57+08:00 ] 180.153.206.22 /old/index.php?m=Admin&c=Login&a=index
INFO: [ app_init ] --START--
INFO: Run Behavior\BuildLiteBehavior [ RunTime:0.000033s ]
INFO: [ app_init ] --END-- [ RunTime:0.000402s ]
INFO: [ app_begin ] --START--
INFO: Run Behavior\ReadHtmlCacheBehavior [ RunTime:0.000531s ]
INFO: [ app_begin ] --END-- [ RunTime:0.000694s ]
INFO: [ view_parse ] --START--
INFO: [ template_filter ] --START--
INFO: Run Behavior\ContentReplaceBehavior [ RunTime:0.000094s ]
INFO: [ template_filter ] --END-- [ RunTime:0.000253s ]
INFO: Run Behavior\ParseTemplateBehavior [ RunTime:0.006063s ]
INFO: [ view_parse ] --END-- [ RunTime:0.006211s ]
INFO: [ view_filter ] --START--
INFO: Run Behavior\WriteHtmlCacheBehavior [ RunTime:0.016592s ]
INFO: [ view_filter ] --END-- [ RunTime:0.016740s ]
INFO: [ app_end ] --START--
INFO: Run Behavior\ShowPageTraceBehavior [ RunTime:0.000542s ]
INFO: [ app_end ] --END-- [ RunTime:0.000725s ]

[ 2015-09-01T14:41:09+08:00 ] 112.64.235.90 /old/index.php?m=Admin&c=Login&a=index
INFO: [ app_init ] --START--
INFO: Run Behavior\BuildLiteBehavior [ RunTime:0.000034s ]
INFO: [ app_init ] --END-- [ RunTime:0.000434s ]
INFO: [ app_begin ] --START--
INFO: Run Behavior\ReadHtmlCacheBehavior [ RunTime:0.000523s ]
INFO: [ app_begin ] --END-- [ RunTime:0.000662s ]
INFO: [ view_parse ] --START--
INFO: [ template_filter ] --START--
INFO: Run Behavior\ContentReplaceBehavior [ RunTime:0.000319s ]
INFO: [ template_filter ] --END-- [ RunTime:0.000506s ]
INFO: Run Behavior\ParseTemplateBehavior [ RunTime:0.008510s ]
INFO: [ view_parse ] --END-- [ RunTime:0.008661s ]
INFO: [ view_filter ] --START--
INFO: Run Behavior\WriteHtmlCacheBehavior [ RunTime:0.000566s ]
INFO: [ view_filter ] --END-- [ RunTime:0.000665s ]
INFO: [ app_end ] --START--
INFO: Run Behavior\ShowPageTraceBehavior [ RunTime:0.000406s ]
INFO: [ app_end ] --END-- [ RunTime:0.000730s ]

[ 2015-09-01T14:42:56+08:00 ] 101.226.33.227 /old/index.php?m=Admin&c=Login&a=index
INFO: [ app_init ] --START--
INFO: Run Behavior\BuildLiteBehavior [ RunTime:0.000038s ]
INFO: [ app_init ] --END-- [ RunTime:0.000455s ]
INFO: [ app_begin ] --START--
INFO: Run Behavior\ReadHtmlCacheBehavior [ RunTime:0.000376s ]
INFO: [ app_begin ] --END-- [ RunTime:0.000518s ]
INFO: [ view_parse ] --START--
INFO: [ template_filter ] --START--
INFO: Run Behavior\ContentReplaceBehavior [ RunTime:0.000095s ]
INFO: [ template_filter ] --END-- [ RunTime:0.000258s ]
INFO: Run Behavior\ParseTemplateBehavior [ RunTime:0.005934s ]
INFO: [ view_parse ] --END-- [ RunTime:0.006292s ]
INFO: [ view_filter ] --START--
INFO: Run Behavior\WriteHtmlCacheBehavior [ RunTime:0.000557s ]
INFO: [ view_filter ] --END-- [ RunTime:0.000661s ]
INFO: [ app_end ] --START--
INFO: Run Behavior\ShowPageTraceBehavior [ RunTime:0.000404s ]
INFO: [ app_end ] --END-- [ RunTime:0.000504s ]

[ 2015-09-01T14:43:07+08:00 ] 180.153.201.216 /old/index.php?m=Admin&c=Login&a=index
INFO: [ app_init ] --START--
INFO: Run Behavior\BuildLiteBehavior [ RunTime:0.000042s ]
INFO: [ app_init ] --END-- [ RunTime:0.004449s ]
INFO: [ app_begin ] --START--
INFO: Run Behavior\ReadHtmlCacheBehavior [ RunTime:0.000462s ]
INFO: [ app_begin ] --END-- [ RunTime:0.000729s ]
INFO: [ view_parse ] --START--
INFO: [ template_filter ] --START--
INFO: Run Behavior\ContentReplaceBehavior [ RunTime:0.000116s ]
INFO: [ template_filter ] --END-- [ RunTime:0.004715s ]
INFO: Run Behavior\ParseTemplateBehavior [ RunTime:0.034325s ]
INFO: [ view_parse ] --END-- [ RunTime:0.034483s ]
INFO: [ view_filter ] --START--
INFO: Run Behavior\WriteHtmlCacheBehavior [ RunTime:0.000455s ]
INFO: [ view_filter ] --END-- [ RunTime:0.000558s ]
INFO: [ app_end ] --START--
INFO: Run Behavior\ShowPageTraceBehavior [ RunTime:0.000380s ]
INFO: [ app_end ] --END-- [ RunTime:0.000503s ]

