[ 2016-05-15T13:10:34+08:00 ] 124.127.210.192 /admin.php
INFO: [ app_init ] --START--
INFO: Run Behavior\BuildLiteBehavior [ RunTime:0.000033s ]
INFO: [ app_init ] --END-- [ RunTime:0.000386s ]
INFO: [ app_begin ] --START--
INFO: Run Behavior\ReadHtmlCacheBehavior [ RunTime:0.000387s ]
INFO: [ app_begin ] --END-- [ RunTime:0.000500s ]
NOTIC: [8] Undefined index: hrfd_adminid /webHome/LFWZ000390/www/Application/Admin/Controller/ParentController.class.php 第 17 行.

[ 2016-05-15T13:10:34+08:00 ] 124.127.210.192 /admin.php?s=/Login/login.html
INFO: [ app_init ] --START--
INFO: Run Behavior\BuildLiteBehavior [ RunTime:0.000035s ]
INFO: [ app_init ] --END-- [ RunTime:0.000492s ]
INFO: [ app_begin ] --START--
INFO: Run Behavior\ReadHtmlCacheBehavior [ RunTime:0.000354s ]
INFO: [ app_begin ] --END-- [ RunTime:0.000484s ]
INFO: [ view_parse ] --START--
INFO: [ template_filter ] --START--
INFO: Run Behavior\ContentReplaceBehavior [ RunTime:0.000114s ]
INFO: [ template_filter ] --END-- [ RunTime:0.000308s ]
INFO: Run Behavior\ParseTemplateBehavior [ RunTime:0.007071s ]
INFO: [ view_parse ] --END-- [ RunTime:0.007187s ]
INFO: [ view_filter ] --START--
INFO: Run Behavior\WriteHtmlCacheBehavior [ RunTime:0.000375s ]
INFO: Run Behavior\TokenBuildBehavior [ RunTime:0.000600s ]
INFO: [ view_filter ] --END-- [ RunTime:0.001138s ]
INFO: [ app_end ] --START--
INFO: Run Behavior\ShowPageTraceBehavior [ RunTime:0.000483s ]
INFO: [ app_end ] --END-- [ RunTime:0.000583s ]

[ 2016-05-15T13:11:03+08:00 ] 124.127.210.192 /admin.php?s=/Login/doLogin.html
INFO: [ app_init ] --START--
INFO: Run Behavior\BuildLiteBehavior [ RunTime:0.000047s ]
INFO: [ app_init ] --END-- [ RunTime:0.000606s ]
INFO: [ app_begin ] --START--
INFO: Run Behavior\ReadHtmlCacheBehavior [ RunTime:0.001160s ]
INFO: [ app_begin ] --END-- [ RunTime:0.001357s ]
SQL: SHOW COLUMNS FROM `wlm_admin` [ RunTime:0.0021s ]
SQL: SELECT `password`,`id` FROM `wlm_admin` WHERE `adminname` = 'weilaime@126.com' LIMIT 1   [ RunTime:0.0011s ]

[ 2016-05-15T13:11:11+08:00 ] 124.127.210.192 /admin.php?s=/Login/doLogin.html
INFO: [ app_init ] --START--
INFO: Run Behavior\BuildLiteBehavior [ RunTime:0.000029s ]
INFO: [ app_init ] --END-- [ RunTime:0.000373s ]
INFO: [ app_begin ] --START--
INFO: Run Behavior\ReadHtmlCacheBehavior [ RunTime:0.000327s ]
INFO: [ app_begin ] --END-- [ RunTime:0.000416s ]
SQL: SHOW COLUMNS FROM `wlm_admin` [ RunTime:0.0015s ]
SQL: SELECT `password`,`id` FROM `wlm_admin` WHERE `adminname` = 'weilaimen@126.com' LIMIT 1   [ RunTime:0.0008s ]

[ 2016-05-15T13:11:17+08:00 ] 124.127.210.192 /admin.php?s=/Login/doLogin.html
INFO: [ app_init ] --START--
INFO: Run Behavior\BuildLiteBehavior [ RunTime:0.000034s ]
INFO: [ app_init ] --END-- [ RunTime:0.000522s ]
INFO: [ app_begin ] --START--
INFO: Run Behavior\ReadHtmlCacheBehavior [ RunTime:0.000449s ]
INFO: [ app_begin ] --END-- [ RunTime:0.000898s ]
SQL: SHOW COLUMNS FROM `wlm_admin` [ RunTime:0.0020s ]
SQL: SELECT `password`,`id` FROM `wlm_admin` WHERE `adminname` = 'weilaimen2014@126.com' LIMIT 1   [ RunTime:0.0009s ]

[ 2016-05-15T13:11:17+08:00 ] 124.127.210.192 /admin.php?s=/Index/index.html
INFO: [ app_init ] --START--
INFO: Run Behavior\BuildLiteBehavior [ RunTime:0.000032s ]
INFO: [ app_init ] --END-- [ RunTime:0.000399s ]
INFO: [ app_begin ] --START--
INFO: Run Behavior\ReadHtmlCacheBehavior [ RunTime:0.000484s ]
INFO: [ app_begin ] --END-- [ RunTime:0.000598s ]
INFO: [ view_parse ] --START--
INFO: [ template_filter ] --START--
INFO: Run Behavior\ContentReplaceBehavior [ RunTime:0.000095s ]
INFO: [ template_filter ] --END-- [ RunTime:0.000218s ]
INFO: Run Behavior\ParseTemplateBehavior [ RunTime:0.009878s ]
INFO: [ view_parse ] --END-- [ RunTime:0.010096s ]
INFO: [ view_filter ] --START--
INFO: Run Behavior\WriteHtmlCacheBehavior [ RunTime:0.000368s ]
INFO: Run Behavior\TokenBuildBehavior [ RunTime:0.000600s ]
INFO: [ view_filter ] --END-- [ RunTime:0.001129s ]
INFO: [ app_end ] --START--
INFO: Run Behavior\ShowPageTraceBehavior [ RunTime:0.000456s ]
INFO: [ app_end ] --END-- [ RunTime:0.000604s ]

[ 2016-05-15T13:11:19+08:00 ] 101.226.65.105 /admin.php?s=/Index/index.html
INFO: [ app_init ] --START--
INFO: Run Behavior\BuildLiteBehavior [ RunTime:0.000017s ]
INFO: [ app_init ] --END-- [ RunTime:0.000234s ]
INFO: [ app_begin ] --START--
INFO: Run Behavior\ReadHtmlCacheBehavior [ RunTime:0.000176s ]
INFO: [ app_begin ] --END-- [ RunTime:0.000248s ]
NOTIC: [8] Undefined index: hrfd_adminid /webHome/LFWZ000390/www/Application/Admin/Controller/ParentController.class.php 第 17 行.

[ 2016-05-15T13:11:19+08:00 ] 101.226.65.105 /admin.php?s=/Login/login.html
INFO: [ app_init ] --START--
INFO: Run Behavior\BuildLiteBehavior [ RunTime:0.000025s ]
INFO: [ app_init ] --END-- [ RunTime:0.000263s ]
INFO: [ app_begin ] --START--
INFO: Run Behavior\ReadHtmlCacheBehavior [ RunTime:0.000212s ]
INFO: [ app_begin ] --END-- [ RunTime:0.000275s ]
INFO: [ view_parse ] --START--
INFO: [ template_filter ] --START--
INFO: Run Behavior\ContentReplaceBehavior [ RunTime:0.000058s ]
INFO: [ template_filter ] --END-- [ RunTime:0.000138s ]
INFO: Run Behavior\ParseTemplateBehavior [ RunTime:0.004065s ]
INFO: [ view_parse ] --END-- [ RunTime:0.004123s ]
INFO: [ view_filter ] --START--
INFO: Run Behavior\WriteHtmlCacheBehavior [ RunTime:0.000201s ]
INFO: Run Behavior\TokenBuildBehavior [ RunTime:0.000276s ]
INFO: [ view_filter ] --END-- [ RunTime:0.000637s ]
INFO: [ app_end ] --START--
INFO: Run Behavior\ShowPageTraceBehavior [ RunTime:0.000197s ]
INFO: [ app_end ] --END-- [ RunTime:0.000249s ]

[ 2016-05-15T13:34:16+08:00 ] 124.127.210.192 /admin.php?s=/Nav/navlist.html
INFO: [ app_init ] --START--
INFO: Run Behavior\BuildLiteBehavior [ RunTime:0.000034s ]
INFO: [ app_init ] --END-- [ RunTime:0.000467s ]
INFO: [ app_begin ] --START--
INFO: Run Behavior\ReadHtmlCacheBehavior [ RunTime:0.000468s ]
INFO: [ app_begin ] --END-- [ RunTime:0.000591s ]
NOTIC: [2048] Declaration of Admin\Controller\NavController::show() should be compatible with that of Think\Controller::show() /webHome/LFWZ000390/www/Application/Admin/Controller/NavController.class.php 第 4 行.
INFO: [ view_parse ] --START--
INFO: [ template_filter ] --START--
INFO: Run Behavior\ContentReplaceBehavior [ RunTime:0.000102s ]
INFO: [ template_filter ] --END-- [ RunTime:0.000272s ]
INFO: Run Behavior\ParseTemplateBehavior [ RunTime:0.013929s ]
INFO: [ view_parse ] --END-- [ RunTime:0.014070s ]
INFO: [ view_filter ] --START--
INFO: Run Behavior\WriteHtmlCacheBehavior [ RunTime:0.000464s ]
INFO: Run Behavior\TokenBuildBehavior [ RunTime:0.000960s ]
INFO: [ view_filter ] --END-- [ RunTime:0.001599s ]
INFO: [ app_end ] --START--
INFO: Run Behavior\ShowPageTraceBehavior [ RunTime:0.000372s ]
INFO: [ app_end ] --END-- [ RunTime:0.000538s ]

[ 2016-05-15T13:34:18+08:00 ] 101.226.33.205 /admin.php?s=/Nav/navlist.html
INFO: [ app_init ] --START--
INFO: Run Behavior\BuildLiteBehavior [ RunTime:0.000033s ]
INFO: [ app_init ] --END-- [ RunTime:0.000403s ]
INFO: [ app_begin ] --START--
INFO: Run Behavior\ReadHtmlCacheBehavior [ RunTime:0.000486s ]
INFO: [ app_begin ] --END-- [ RunTime:0.000633s ]
NOTIC: [2048] Declaration of Admin\Controller\NavController::show() should be compatible with that of Think\Controller::show() /webHome/LFWZ000390/www/Application/Admin/Controller/NavController.class.php 第 4 行.
NOTIC: [8] Undefined index: hrfd_adminid /webHome/LFWZ000390/www/Application/Admin/Controller/ParentController.class.php 第 17 行.

[ 2016-05-15T13:34:18+08:00 ] 101.226.33.205 /admin.php?s=/Login/login.html
INFO: [ app_init ] --START--
INFO: Run Behavior\BuildLiteBehavior [ RunTime:0.000036s ]
INFO: [ app_init ] --END-- [ RunTime:0.000459s ]
INFO: [ app_begin ] --START--
INFO: Run Behavior\ReadHtmlCacheBehavior [ RunTime:0.000402s ]
INFO: [ app_begin ] --END-- [ RunTime:0.000516s ]
INFO: [ view_parse ] --START--
INFO: [ template_filter ] --START--
INFO: Run Behavior\ContentReplaceBehavior [ RunTime:0.000085s ]
INFO: [ template_filter ] --END-- [ RunTime:0.000395s ]
INFO: Run Behavior\ParseTemplateBehavior [ RunTime:0.008036s ]
INFO: [ view_parse ] --END-- [ RunTime:0.008150s ]
INFO: [ view_filter ] --START--
INFO: Run Behavior\WriteHtmlCacheBehavior [ RunTime:0.000395s ]
INFO: Run Behavior\TokenBuildBehavior [ RunTime:0.000614s ]
INFO: [ view_filter ] --END-- [ RunTime:0.001266s ]
INFO: [ app_end ] --START--
INFO: Run Behavior\ShowPageTraceBehavior [ RunTime:0.000554s ]
INFO: [ app_end ] --END-- [ RunTime:0.000738s ]

[ 2016-05-15T13:34:19+08:00 ] 124.127.210.192 /admin.php?s=/Nav/atrlist/type/2.html
INFO: [ app_init ] --START--
INFO: Run Behavior\BuildLiteBehavior [ RunTime:0.000055s ]
INFO: [ app_init ] --END-- [ RunTime:0.007588s ]
INFO: [ app_begin ] --START--
INFO: Run Behavior\ReadHtmlCacheBehavior [ RunTime:0.000431s ]
INFO: [ app_begin ] --END-- [ RunTime:0.000556s ]
NOTIC: [2048] Declaration of Admin\Controller\NavController::show() should be compatible with that of Think\Controller::show() /webHome/LFWZ000390/www/Application/Admin/Controller/NavController.class.php 第 4 行.
SQL: SHOW COLUMNS FROM `wlm_article` [ RunTime:0.0030s ]
SQL: SELECT * FROM `wlm_article` WHERE ( type=2 )  [ RunTime:0.0012s ]
INFO: [ view_parse ] --START--
INFO: [ template_filter ] --START--
INFO: Run Behavior\ContentReplaceBehavior [ RunTime:0.000138s ]
INFO: [ template_filter ] --END-- [ RunTime:0.000295s ]
INFO: Run Behavior\ParseTemplateBehavior [ RunTime:0.015390s ]
INFO: [ view_parse ] --END-- [ RunTime:0.015553s ]
INFO: [ view_filter ] --START--
INFO: Run Behavior\WriteHtmlCacheBehavior [ RunTime:0.000414s ]
INFO: Run Behavior\TokenBuildBehavior [ RunTime:0.000635s ]
INFO: [ view_filter ] --END-- [ RunTime:0.001390s ]
INFO: [ app_end ] --START--
INFO: Run Behavior\ShowPageTraceBehavior [ RunTime:0.000407s ]
INFO: [ app_end ] --END-- [ RunTime:0.000512s ]

[ 2016-05-15T13:34:21+08:00 ] 101.226.69.246 /admin.php?s=/Nav/atrlist/type/2.html
INFO: [ app_init ] --START--
INFO: Run Behavior\BuildLiteBehavior [ RunTime:0.000029s ]
INFO: [ app_init ] --END-- [ RunTime:0.000323s ]
INFO: [ app_begin ] --START--
INFO: Run Behavior\ReadHtmlCacheBehavior [ RunTime:0.000321s ]
INFO: [ app_begin ] --END-- [ RunTime:0.000473s ]
NOTIC: [2048] Declaration of Admin\Controller\NavController::show() should be compatible with that of Think\Controller::show() /webHome/LFWZ000390/www/Application/Admin/Controller/NavController.class.php 第 4 行.
NOTIC: [8] Undefined index: hrfd_adminid /webHome/LFWZ000390/www/Application/Admin/Controller/ParentController.class.php 第 17 行.

[ 2016-05-15T13:34:21+08:00 ] 101.226.69.246 /admin.php?s=/Login/login.html
INFO: [ app_init ] --START--
INFO: Run Behavior\BuildLiteBehavior [ RunTime:0.000030s ]
INFO: [ app_init ] --END-- [ RunTime:0.000382s ]
INFO: [ app_begin ] --START--
INFO: Run Behavior\ReadHtmlCacheBehavior [ RunTime:0.000371s ]
INFO: [ app_begin ] --END-- [ RunTime:0.000468s ]
INFO: [ view_parse ] --START--
INFO: [ template_filter ] --START--
INFO: Run Behavior\ContentReplaceBehavior [ RunTime:0.000094s ]
INFO: [ template_filter ] --END-- [ RunTime:0.000296s ]
INFO: Run Behavior\ParseTemplateBehavior [ RunTime:0.008681s ]
INFO: [ view_parse ] --END-- [ RunTime:0.008794s ]
INFO: [ view_filter ] --START--
INFO: Run Behavior\WriteHtmlCacheBehavior [ RunTime:0.000355s ]
INFO: Run Behavior\TokenBuildBehavior [ RunTime:0.000492s ]
INFO: [ view_filter ] --END-- [ RunTime:0.000998s ]
INFO: [ app_end ] --START--
INFO: Run Behavior\ShowPageTraceBehavior [ RunTime:0.000368s ]
INFO: [ app_end ] --END-- [ RunTime:0.000464s ]

[ 2016-05-15T13:34:22+08:00 ] 124.127.210.192 /admin.php?s=/Nav/navlist.html
INFO: [ app_init ] --START--
INFO: Run Behavior\BuildLiteBehavior [ RunTime:0.000029s ]
INFO: [ app_init ] --END-- [ RunTime:0.000360s ]
INFO: [ app_begin ] --START--
INFO: Run Behavior\ReadHtmlCacheBehavior [ RunTime:0.000383s ]
INFO: [ app_begin ] --END-- [ RunTime:0.000520s ]
NOTIC: [2048] Declaration of Admin\Controller\NavController::show() should be compatible with that of Think\Controller::show() /webHome/LFWZ000390/www/Application/Admin/Controller/NavController.class.php 第 4 行.
INFO: [ view_parse ] --START--
INFO: [ template_filter ] --START--
INFO: Run Behavior\ContentReplaceBehavior [ RunTime:0.000084s ]
INFO: [ template_filter ] --END-- [ RunTime:0.000193s ]
INFO: Run Behavior\ParseTemplateBehavior [ RunTime:0.010517s ]
INFO: [ view_parse ] --END-- [ RunTime:0.010640s ]
INFO: [ view_filter ] --START--
INFO: Run Behavior\WriteHtmlCacheBehavior [ RunTime:0.000564s ]
INFO: Run Behavior\TokenBuildBehavior [ RunTime:0.000652s ]
INFO: [ view_filter ] --END-- [ RunTime:0.001705s ]
INFO: [ app_end ] --START--
INFO: Run Behavior\ShowPageTraceBehavior [ RunTime:0.000398s ]
INFO: [ app_end ] --END-- [ RunTime:0.000486s ]

[ 2016-05-15T13:34:23+08:00 ] 124.127.210.192 /admin.php?s=/Nav/atrlist/type/1.html
INFO: [ app_init ] --START--
INFO: Run Behavior\BuildLiteBehavior [ RunTime:0.000033s ]
INFO: [ app_init ] --END-- [ RunTime:0.000441s ]
INFO: [ app_begin ] --START--
INFO: Run Behavior\ReadHtmlCacheBehavior [ RunTime:0.000358s ]
INFO: [ app_begin ] --END-- [ RunTime:0.000475s ]
NOTIC: [2048] Declaration of Admin\Controller\NavController::show() should be compatible with that of Think\Controller::show() /webHome/LFWZ000390/www/Application/Admin/Controller/NavController.class.php 第 4 行.
SQL: SHOW COLUMNS FROM `wlm_article` [ RunTime:0.0029s ]
SQL: SELECT * FROM `wlm_article` WHERE ( type=1 )  [ RunTime:0.0010s ]
INFO: [ view_parse ] --START--
INFO: [ template_filter ] --START--
INFO: Run Behavior\ContentReplaceBehavior [ RunTime:0.000106s ]
INFO: [ template_filter ] --END-- [ RunTime:0.000220s ]
INFO: Run Behavior\ParseTemplateBehavior [ RunTime:0.013611s ]
INFO: [ view_parse ] --END-- [ RunTime:0.013748s ]
INFO: [ view_filter ] --START--
INFO: Run Behavior\WriteHtmlCacheBehavior [ RunTime:0.000453s ]
INFO: Run Behavior\TokenBuildBehavior [ RunTime:0.000719s ]
INFO: [ view_filter ] --END-- [ RunTime:0.001412s ]
INFO: [ app_end ] --START--
INFO: Run Behavior\ShowPageTraceBehavior [ RunTime:0.000432s ]
INFO: [ app_end ] --END-- [ RunTime:0.000531s ]

[ 2016-05-15T13:34:31+08:00 ] 124.127.210.192 /admin.php?s=/Nav/show/id/11.html
INFO: [ app_init ] --START--
INFO: Run Behavior\BuildLiteBehavior [ RunTime:0.000033s ]
INFO: [ app_init ] --END-- [ RunTime:0.000533s ]
INFO: [ app_begin ] --START--
INFO: Run Behavior\ReadHtmlCacheBehavior [ RunTime:0.000569s ]
INFO: [ app_begin ] --END-- [ RunTime:0.000708s ]
NOTIC: [2048] Declaration of Admin\Controller\NavController::show() should be compatible with that of Think\Controller::show() /webHome/LFWZ000390/www/Application/Admin/Controller/NavController.class.php 第 4 行.
SQL: SHOW COLUMNS FROM `wlm_article` [ RunTime:0.0027s ]
SQL: SELECT * FROM `wlm_article` WHERE `id` = 11 LIMIT 1   [ RunTime:0.0020s ]
INFO: [ view_parse ] --START--
INFO: [ template_filter ] --START--
INFO: Run Behavior\ContentReplaceBehavior [ RunTime:0.000147s ]
INFO: [ template_filter ] --END-- [ RunTime:0.000320s ]
INFO: Run Behavior\ParseTemplateBehavior [ RunTime:0.014708s ]
INFO: [ view_parse ] --END-- [ RunTime:0.014922s ]
INFO: [ view_filter ] --START--
INFO: Run Behavior\WriteHtmlCacheBehavior [ RunTime:0.000569s ]
INFO: Run Behavior\TokenBuildBehavior [ RunTime:0.000702s ]
INFO: [ view_filter ] --END-- [ RunTime:0.001789s ]
INFO: [ app_end ] --START--
INFO: Run Behavior\ShowPageTraceBehavior [ RunTime:0.000430s ]
INFO: [ app_end ] --END-- [ RunTime:0.000592s ]

[ 2016-05-15T13:36:02+08:00 ] 124.127.210.192 /admin.php?s=/Nav/save.html
INFO: [ app_init ] --START--
INFO: Run Behavior\BuildLiteBehavior [ RunTime:0.000032s ]
INFO: [ app_init ] --END-- [ RunTime:0.000408s ]
INFO: [ app_begin ] --START--
INFO: Run Behavior\ReadHtmlCacheBehavior [ RunTime:0.000466s ]
INFO: [ app_begin ] --END-- [ RunTime:0.000650s ]
NOTIC: [2048] Declaration of Admin\Controller\NavController::show() should be compatible with that of Think\Controller::show() /webHome/LFWZ000390/www/Application/Admin/Controller/NavController.class.php 第 4 行.
SQL: SHOW COLUMNS FROM `wlm_article` [ RunTime:0.0019s ]
SQL: UPDATE `wlm_article` SET `title`='股权投资',`content`='&lt;p style=&quot;margin: 8px 0&quot;&gt;&lt;span style=&quot;color: rgb(192, 0, 0);&quot;&gt;&lt;strong&gt;&lt;span style=&quot;font-size: 16px; font-family: 宋体; background-color: white;&quot;&gt;PE业务PE Business：&lt;/span&gt;&lt;/strong&gt;&lt;/span&gt;&lt;span style=&quot;font-size:16px;font-family:宋体;color:#3E3E3E;background:white&quot;&gt;发现优质的成长型企业和新三板项目，单独投资或与知名投资机构合投，解决企业不同发展阶段的资金需求，直至上市。&lt;/span&gt;&lt;/p&gt;&lt;p style=&quot;margin: 8px 0&quot;&gt;&lt;span style=&quot;font-size:16px;font-family:宋体;color:#3E3E3E;background:white&quot;&gt;&lt;br/&gt;&lt;/span&gt;&lt;/p&gt;&lt;p style=&quot;margin: 8px 0&quot;&gt;&lt;span style=&quot;color: rgb(192, 0, 0);&quot;&gt;&lt;strong&gt;&lt;span style=&quot;font-size: 16px; font-family: 宋体; background-color: white;&quot;&gt;投行业务Investment Banking：&lt;/span&gt;&lt;/strong&gt;&lt;/span&gt;&lt;span style=&quot;font-size:16px;font-family:宋体;color:#3E3E3E;background:white&quot;&gt;辅助被投企业上市并帮助完成上市后的定增与市值管理。&lt;/span&gt;&lt;/p&gt;&lt;p style=&quot;margin: 8px 0&quot;&gt;&lt;span style=&quot;font-size:16px;font-family:宋体;color:#3E3E3E;background:white&quot;&gt;&lt;br/&gt;&lt;/span&gt;&lt;/p&gt;&lt;p style=&quot;margin: 8px 0&quot;&gt;&lt;span style=&quot;color: rgb(192, 0, 0);&quot;&gt;&lt;strong&gt;&lt;span style=&quot;font-size: 16px; font-family: 宋体; background-color: white;&quot;&gt;投资领域investment field:&lt;/span&gt;&lt;/strong&gt;&lt;/span&gt;&lt;span style=&quot;font-size:16px;font-family:宋体;color:#3E3E3E;background:white&quot;&gt;消费品/服务；教育/医疗；旅游/传媒；科技/先进制造等。&lt;/span&gt;&lt;/p&gt;&lt;p style=&quot;margin: 8px 0&quot;&gt;&lt;span style=&quot;font-size:16px;font-family:宋体;color:#3E3E3E;background:white&quot;&gt;&lt;br/&gt;&lt;/span&gt;&lt;/p&gt;&lt;p style=&quot;margin: 8px 0px;&quot;&gt;&lt;span style=&quot;color: rgb(0, 0, 0);&quot;&gt;&lt;strong&gt;&lt;span style=&quot;font-size: 16px; font-family: 宋体; background-color: white;&quot;&gt;我们期许被投企业发展壮大后能够走上资本市场，使投资人获得满意的投资回报&lt;/span&gt;&lt;/strong&gt;&lt;/span&gt;&lt;strong&gt;&lt;span style=&quot;font-size:16px;font-family:宋体;color:#3E3E3E;background:white&quot;&gt;。&lt;/span&gt;&lt;/strong&gt;&lt;/p&gt;',`time`='1440067595' WHERE `id` = 11 [ RunTime:0.0130s ]

[ 2016-05-15T13:36:02+08:00 ] 124.127.210.192 /admin.php?s=/Nav/atrlist/type/1.html
INFO: [ app_init ] --START--
INFO: Run Behavior\BuildLiteBehavior [ RunTime:0.000033s ]
INFO: [ app_init ] --END-- [ RunTime:0.000426s ]
INFO: [ app_begin ] --START--
INFO: Run Behavior\ReadHtmlCacheBehavior [ RunTime:0.000463s ]
INFO: [ app_begin ] --END-- [ RunTime:0.000585s ]
NOTIC: [2048] Declaration of Admin\Controller\NavController::show() should be compatible with that of Think\Controller::show() /webHome/LFWZ000390/www/Application/Admin/Controller/NavController.class.php 第 4 行.
SQL: SHOW COLUMNS FROM `wlm_article` [ RunTime:0.0018s ]
SQL: SELECT * FROM `wlm_article` WHERE ( type=1 )  [ RunTime:0.0011s ]
INFO: [ view_parse ] --START--
INFO: [ template_filter ] --START--
INFO: Run Behavior\ContentReplaceBehavior [ RunTime:0.000112s ]
INFO: [ template_filter ] --END-- [ RunTime:0.000262s ]
INFO: Run Behavior\ParseTemplateBehavior [ RunTime:0.014453s ]
INFO: [ view_parse ] --END-- [ RunTime:0.014599s ]
INFO: [ view_filter ] --START--
INFO: Run Behavior\WriteHtmlCacheBehavior [ RunTime:0.000420s ]
INFO: Run Behavior\TokenBuildBehavior [ RunTime:0.000619s ]
INFO: [ view_filter ] --END-- [ RunTime:0.001212s ]
INFO: [ app_end ] --START--
INFO: Run Behavior\ShowPageTraceBehavior [ RunTime:0.000387s ]
INFO: [ app_end ] --END-- [ RunTime:0.000487s ]

[ 2016-05-15T13:37:34+08:00 ] 124.127.210.192 /admin.php?s=/Nav/show/id/12.html
INFO: [ app_init ] --START--
INFO: Run Behavior\BuildLiteBehavior [ RunTime:0.000029s ]
INFO: [ app_init ] --END-- [ RunTime:0.000461s ]
INFO: [ app_begin ] --START--
INFO: Run Behavior\ReadHtmlCacheBehavior [ RunTime:0.000479s ]
INFO: [ app_begin ] --END-- [ RunTime:0.000632s ]
NOTIC: [2048] Declaration of Admin\Controller\NavController::show() should be compatible with that of Think\Controller::show() /webHome/LFWZ000390/www/Application/Admin/Controller/NavController.class.php 第 4 行.
SQL: SHOW COLUMNS FROM `wlm_article` [ RunTime:0.0022s ]
SQL: SELECT * FROM `wlm_article` WHERE `id` = 12 LIMIT 1   [ RunTime:0.0010s ]
INFO: [ view_parse ] --START--
INFO: [ template_filter ] --START--
INFO: Run Behavior\ContentReplaceBehavior [ RunTime:0.000172s ]
INFO: [ template_filter ] --END-- [ RunTime:0.000291s ]
INFO: Run Behavior\ParseTemplateBehavior [ RunTime:0.012923s ]
INFO: [ view_parse ] --END-- [ RunTime:0.013047s ]
INFO: [ view_filter ] --START--
INFO: Run Behavior\WriteHtmlCacheBehavior [ RunTime:0.000309s ]
INFO: Run Behavior\TokenBuildBehavior [ RunTime:0.000544s ]
INFO: [ view_filter ] --END-- [ RunTime:0.001011s ]
INFO: [ app_end ] --START--
INFO: Run Behavior\ShowPageTraceBehavior [ RunTime:0.000315s ]
INFO: [ app_end ] --END-- [ RunTime:0.000444s ]

[ 2016-05-15T13:37:42+08:00 ] 124.127.210.192 /admin.php?s=/Nav/save.html
INFO: [ app_init ] --START--
INFO: Run Behavior\BuildLiteBehavior [ RunTime:0.000058s ]
INFO: [ app_init ] --END-- [ RunTime:0.000457s ]
INFO: [ app_begin ] --START--
INFO: Run Behavior\ReadHtmlCacheBehavior [ RunTime:0.000428s ]
INFO: [ app_begin ] --END-- [ RunTime:0.000542s ]
NOTIC: [2048] Declaration of Admin\Controller\NavController::show() should be compatible with that of Think\Controller::show() /webHome/LFWZ000390/www/Application/Admin/Controller/NavController.class.php 第 4 行.
SQL: SHOW COLUMNS FROM `wlm_article` [ RunTime:0.0023s ]
SQL: UPDATE `wlm_article` SET `title`='未来门资本微股权交易中心',`content`='&lt;p style=&quot;line-height: 1.5em;&quot;&gt;&lt;span style=&quot;font-family: 宋体,SimSun;&quot;&gt;&lt;/span&gt;&lt;/p&gt;&lt;p style=&quot;margin: 8px 0&quot;&gt;&lt;span style=&quot;color: rgb(192, 0, 0);&quot;&gt;&lt;strong&gt;&lt;span style=&quot;font-size: 16px; font-family: 宋体; background-color: white;&quot;&gt;独特Special：&lt;/span&gt;&lt;/strong&gt;&lt;/span&gt;&lt;span style=&quot;font-size:16px;font-family:宋体;color:#3E3E3E;background:white&quot;&gt;未来门资本务实创新，随着股权增值，为投资人灵活退出和新投资人进入提供操作平台，增加了股权的流动性。目前只服务于已经投资的项目企业和对应的投资人。&lt;/span&gt;&lt;/p&gt;&lt;p style=&quot;margin: 8px 0&quot;&gt;&lt;span style=&quot;font-size:16px;font-family:宋体;color:#3E3E3E;background:white&quot;&gt;&lt;br/&gt;&lt;/span&gt;&lt;/p&gt;&lt;p style=&quot;margin: 8px 0&quot;&gt;&lt;span style=&quot;color: rgb(192, 0, 0);&quot;&gt;&lt;strong&gt;&lt;span style=&quot;font-size: 16px; font-family: 宋体; background-color: white;&quot;&gt;互联网+ Internet：&lt;/span&gt;&lt;/strong&gt;&lt;/span&gt;&lt;span style=&quot;font-size:16px;font-family:宋体;color:#3E3E3E;background:white&quot;&gt;利用互联网的优势，便于投资人查阅和了解项目，第三方资金监管，便捷交易。&lt;/span&gt;&lt;/p&gt;&lt;p style=&quot;line-height: 1.5em;&quot;&gt;&lt;span style=&quot;font-family:宋体&quot;&gt;&lt;/span&gt;&lt;/p&gt;',`time`='1440067527' WHERE `id` = 12 [ RunTime:0.0086s ]

[ 2016-05-15T13:37:42+08:00 ] 124.127.210.192 /admin.php?s=/Nav/atrlist/type/1.html
INFO: [ app_init ] --START--
INFO: Run Behavior\BuildLiteBehavior [ RunTime:0.000034s ]
INFO: [ app_init ] --END-- [ RunTime:0.000585s ]
INFO: [ app_begin ] --START--
INFO: Run Behavior\ReadHtmlCacheBehavior [ RunTime:0.000449s ]
INFO: [ app_begin ] --END-- [ RunTime:0.000603s ]
NOTIC: [2048] Declaration of Admin\Controller\NavController::show() should be compatible with that of Think\Controller::show() /webHome/LFWZ000390/www/Application/Admin/Controller/NavController.class.php 第 4 行.
SQL: SHOW COLUMNS FROM `wlm_article` [ RunTime:0.0020s ]
SQL: SELECT * FROM `wlm_article` WHERE ( type=1 )  [ RunTime:0.0010s ]
INFO: [ view_parse ] --START--
INFO: [ template_filter ] --START--
INFO: Run Behavior\ContentReplaceBehavior [ RunTime:0.000113s ]
INFO: [ template_filter ] --END-- [ RunTime:0.000275s ]
INFO: Run Behavior\ParseTemplateBehavior [ RunTime:0.015107s ]
INFO: [ view_parse ] --END-- [ RunTime:0.015262s ]
INFO: [ view_filter ] --START--
INFO: Run Behavior\WriteHtmlCacheBehavior [ RunTime:0.000448s ]
INFO: Run Behavior\TokenBuildBehavior [ RunTime:0.000565s ]
INFO: [ view_filter ] --END-- [ RunTime:0.001192s ]
INFO: [ app_end ] --START--
INFO: Run Behavior\ShowPageTraceBehavior [ RunTime:0.000398s ]
INFO: [ app_end ] --END-- [ RunTime:0.000530s ]

[ 2016-05-15T13:38:09+08:00 ] 124.127.210.192 /admin.php?s=/Nav/show/id/13.html
INFO: [ app_init ] --START--
INFO: Run Behavior\BuildLiteBehavior [ RunTime:0.000034s ]
INFO: [ app_init ] --END-- [ RunTime:0.000408s ]
INFO: [ app_begin ] --START--
INFO: Run Behavior\ReadHtmlCacheBehavior [ RunTime:0.000438s ]
INFO: [ app_begin ] --END-- [ RunTime:0.000577s ]
NOTIC: [2048] Declaration of Admin\Controller\NavController::show() should be compatible with that of Think\Controller::show() /webHome/LFWZ000390/www/Application/Admin/Controller/NavController.class.php 第 4 行.
SQL: SHOW COLUMNS FROM `wlm_article` [ RunTime:0.0032s ]
SQL: SELECT * FROM `wlm_article` WHERE `id` = 13 LIMIT 1   [ RunTime:0.0009s ]
INFO: [ view_parse ] --START--
INFO: [ template_filter ] --START--
INFO: Run Behavior\ContentReplaceBehavior [ RunTime:0.000148s ]
INFO: [ template_filter ] --END-- [ RunTime:0.000327s ]
INFO: Run Behavior\ParseTemplateBehavior [ RunTime:0.017356s ]
INFO: [ view_parse ] --END-- [ RunTime:0.017510s ]
INFO: [ view_filter ] --START--
INFO: Run Behavior\WriteHtmlCacheBehavior [ RunTime:0.000512s ]
INFO: Run Behavior\TokenBuildBehavior [ RunTime:0.000776s ]
INFO: [ view_filter ] --END-- [ RunTime:0.001695s ]
INFO: [ app_end ] --START--
INFO: Run Behavior\ShowPageTraceBehavior [ RunTime:0.000449s ]
INFO: [ app_end ] --END-- [ RunTime:0.000562s ]

[ 2016-05-15T13:38:46+08:00 ] 124.127.210.192 /admin.php?s=/Nav/save.html
INFO: [ app_init ] --START--
INFO: Run Behavior\BuildLiteBehavior [ RunTime:0.000035s ]
INFO: [ app_init ] --END-- [ RunTime:0.000483s ]
INFO: [ app_begin ] --START--
INFO: Run Behavior\ReadHtmlCacheBehavior [ RunTime:0.000361s ]
INFO: [ app_begin ] --END-- [ RunTime:0.000478s ]
NOTIC: [2048] Declaration of Admin\Controller\NavController::show() should be compatible with that of Think\Controller::show() /webHome/LFWZ000390/www/Application/Admin/Controller/NavController.class.php 第 4 行.
SQL: SHOW COLUMNS FROM `wlm_article` [ RunTime:0.0017s ]
SQL: UPDATE `wlm_article` SET `title`='客户群体',`content`='&lt;p style=&quot;line-height: 1.5em;&quot;&gt;&lt;span style=&quot;font-family: 宋体,SimSun;&quot;&gt;&lt;/span&gt;&lt;/p&gt;&lt;p style=&quot;margin: 8px 0&quot;&gt;&lt;span style=&quot;font-size:16px;font-family:宋体;color:#3E3E3E;background:white&quot;&gt;优质成长型企业的创始人、企业家，特别是创业于三、四线城市的创始人和企业家；&lt;/span&gt;&lt;span style=&quot;background-color: white; color: rgb(62, 62, 62); font-family: 宋体;&quot;&gt;合格投资人，尤其是三四线城市的投资人。&lt;/span&gt;&lt;/p&gt;&lt;p&gt;&amp;nbsp;&lt;/p&gt;&lt;p style=&quot;margin: 8px 0&quot;&gt;&lt;span style=&quot;font-size:16px;font-family:宋体;color:#3E3E3E;background:white&quot;&gt;我们坚信不久的将来未来门资本一定会成为国内知名的投行机构，也将成为三四线城市最信赖的股权投资机构。&lt;/span&gt;&lt;/p&gt;&lt;p style=&quot;margin: 8px 0&quot;&gt;&lt;span style=&quot;font-size:16px;font-family:宋体;color:#3E3E3E;background:white&quot;&gt;&lt;br/&gt;&lt;/span&gt;&lt;/p&gt;&lt;p style=&quot;margin: 8px 0px;&quot;&gt;&lt;strong&gt;&lt;span style=&quot;font-size:16px;font-family:宋体;color:#3E3E3E;background:white&quot;&gt;携手未来门资本，一起见证股权致富的黄金时代。&lt;/span&gt;&lt;/strong&gt;&lt;/p&gt;',`time`='1440067498' WHERE `id` = 13 [ RunTime:0.0114s ]

[ 2016-05-15T13:38:46+08:00 ] 124.127.210.192 /admin.php?s=/Nav/atrlist/type/1.html
INFO: [ app_init ] --START--
INFO: Run Behavior\BuildLiteBehavior [ RunTime:0.000066s ]
INFO: [ app_init ] --END-- [ RunTime:0.000436s ]
INFO: [ app_begin ] --START--
INFO: Run Behavior\ReadHtmlCacheBehavior [ RunTime:0.000565s ]
INFO: [ app_begin ] --END-- [ RunTime:0.000685s ]
NOTIC: [2048] Declaration of Admin\Controller\NavController::show() should be compatible with that of Think\Controller::show() /webHome/LFWZ000390/www/Application/Admin/Controller/NavController.class.php 第 4 行.
SQL: SHOW COLUMNS FROM `wlm_article` [ RunTime:0.0015s ]
SQL: SELECT * FROM `wlm_article` WHERE ( type=1 )  [ RunTime:0.0010s ]
INFO: [ view_parse ] --START--
INFO: [ template_filter ] --START--
INFO: Run Behavior\ContentReplaceBehavior [ RunTime:0.000125s ]
INFO: [ template_filter ] --END-- [ RunTime:0.000264s ]
INFO: Run Behavior\ParseTemplateBehavior [ RunTime:0.018168s ]
INFO: [ view_parse ] --END-- [ RunTime:0.018291s ]
INFO: [ view_filter ] --START--
INFO: Run Behavior\WriteHtmlCacheBehavior [ RunTime:0.000446s ]
INFO: Run Behavior\TokenBuildBehavior [ RunTime:0.000598s ]
INFO: [ view_filter ] --END-- [ RunTime:0.001244s ]
INFO: [ app_end ] --START--
INFO: Run Behavior\ShowPageTraceBehavior [ RunTime:0.000527s ]
INFO: [ app_end ] --END-- [ RunTime:0.000632s ]

[ 2016-05-15T13:40:05+08:00 ] 124.127.210.192 /admin.php?s=/News/newslist.html
INFO: [ app_init ] --START--
INFO: Run Behavior\BuildLiteBehavior [ RunTime:0.000019s ]
INFO: [ app_init ] --END-- [ RunTime:0.000203s ]
INFO: [ app_begin ] --START--
INFO: Run Behavior\ReadHtmlCacheBehavior [ RunTime:0.000244s ]
INFO: [ app_begin ] --END-- [ RunTime:0.000309s ]
SQL: SHOW COLUMNS FROM `wlm_news` [ RunTime:0.0028s ]
SQL: SELECT * FROM `wlm_news` ORDER BY create_time desc  [ RunTime:0.0073s ]
INFO: [ view_parse ] --START--
INFO: [ template_filter ] --START--
INFO: Run Behavior\ContentReplaceBehavior [ RunTime:0.000119s ]
INFO: [ template_filter ] --END-- [ RunTime:0.000307s ]
INFO: Run Behavior\ParseTemplateBehavior [ RunTime:0.020146s ]
INFO: [ view_parse ] --END-- [ RunTime:0.020300s ]
INFO: [ view_filter ] --START--
INFO: Run Behavior\WriteHtmlCacheBehavior [ RunTime:0.000510s ]
INFO: Run Behavior\TokenBuildBehavior [ RunTime:0.001020s ]
INFO: [ view_filter ] --END-- [ RunTime:0.001700s ]
INFO: [ app_end ] --START--
INFO: Run Behavior\ShowPageTraceBehavior [ RunTime:0.000463s ]
INFO: [ app_end ] --END-- [ RunTime:0.000568s ]

[ 2016-05-15T13:40:10+08:00 ] 124.127.210.192 /admin.php?s=/Nav/navlist.html
INFO: [ app_init ] --START--
INFO: Run Behavior\BuildLiteBehavior [ RunTime:0.000034s ]
INFO: [ app_init ] --END-- [ RunTime:0.000485s ]
INFO: [ app_begin ] --START--
INFO: Run Behavior\ReadHtmlCacheBehavior [ RunTime:0.000421s ]
INFO: [ app_begin ] --END-- [ RunTime:0.000536s ]
NOTIC: [2048] Declaration of Admin\Controller\NavController::show() should be compatible with that of Think\Controller::show() /webHome/LFWZ000390/www/Application/Admin/Controller/NavController.class.php 第 4 行.
INFO: [ view_parse ] --START--
INFO: [ template_filter ] --START--
INFO: Run Behavior\ContentReplaceBehavior [ RunTime:0.000226s ]
INFO: [ template_filter ] --END-- [ RunTime:0.000409s ]
INFO: Run Behavior\ParseTemplateBehavior [ RunTime:0.013087s ]
INFO: [ view_parse ] --END-- [ RunTime:0.013219s ]
INFO: [ view_filter ] --START--
INFO: Run Behavior\WriteHtmlCacheBehavior [ RunTime:0.000537s ]
INFO: Run Behavior\TokenBuildBehavior [ RunTime:0.000481s ]
INFO: [ view_filter ] --END-- [ RunTime:0.001199s ]
INFO: [ app_end ] --START--
INFO: Run Behavior\ShowPageTraceBehavior [ RunTime:0.000627s ]
INFO: [ app_end ] --END-- [ RunTime:0.000781s ]

[ 2016-05-15T13:40:15+08:00 ] 124.127.210.192 /admin.php?s=/Nav/atrlist/type/1.html
INFO: [ app_init ] --START--
INFO: Run Behavior\BuildLiteBehavior [ RunTime:0.000032s ]
INFO: [ app_init ] --END-- [ RunTime:0.000394s ]
INFO: [ app_begin ] --START--
INFO: Run Behavior\ReadHtmlCacheBehavior [ RunTime:0.000476s ]
INFO: [ app_begin ] --END-- [ RunTime:0.000587s ]
NOTIC: [2048] Declaration of Admin\Controller\NavController::show() should be compatible with that of Think\Controller::show() /webHome/LFWZ000390/www/Application/Admin/Controller/NavController.class.php 第 4 行.
SQL: SHOW COLUMNS FROM `wlm_article` [ RunTime:0.0021s ]
SQL: SELECT * FROM `wlm_article` WHERE ( type=1 )  [ RunTime:0.0010s ]
INFO: [ view_parse ] --START--
INFO: [ template_filter ] --START--
INFO: Run Behavior\ContentReplaceBehavior [ RunTime:0.000115s ]
INFO: [ template_filter ] --END-- [ RunTime:0.000241s ]
INFO: Run Behavior\ParseTemplateBehavior [ RunTime:0.013761s ]
INFO: [ view_parse ] --END-- [ RunTime:0.013876s ]
INFO: [ view_filter ] --START--
INFO: Run Behavior\WriteHtmlCacheBehavior [ RunTime:0.000372s ]
INFO: Run Behavior\TokenBuildBehavior [ RunTime:0.000638s ]
INFO: [ view_filter ] --END-- [ RunTime:0.001181s ]
INFO: [ app_end ] --START--
INFO: Run Behavior\ShowPageTraceBehavior [ RunTime:0.000525s ]
INFO: [ app_end ] --END-- [ RunTime:0.000626s ]

[ 2016-05-15T13:40:17+08:00 ] 124.127.210.192 /admin.php?s=/Nav/navlist.html
INFO: [ app_init ] --START--
INFO: Run Behavior\BuildLiteBehavior [ RunTime:0.000033s ]
INFO: [ app_init ] --END-- [ RunTime:0.000416s ]
INFO: [ app_begin ] --START--
INFO: Run Behavior\ReadHtmlCacheBehavior [ RunTime:0.000370s ]
INFO: [ app_begin ] --END-- [ RunTime:0.000508s ]
NOTIC: [2048] Declaration of Admin\Controller\NavController::show() should be compatible with that of Think\Controller::show() /webHome/LFWZ000390/www/Application/Admin/Controller/NavController.class.php 第 4 行.
INFO: [ view_parse ] --START--
INFO: [ template_filter ] --START--
INFO: Run Behavior\ContentReplaceBehavior [ RunTime:0.000099s ]
INFO: [ template_filter ] --END-- [ RunTime:0.000244s ]
INFO: Run Behavior\ParseTemplateBehavior [ RunTime:0.011331s ]
INFO: [ view_parse ] --END-- [ RunTime:0.011453s ]
INFO: [ view_filter ] --START--
INFO: Run Behavior\WriteHtmlCacheBehavior [ RunTime:0.000420s ]
INFO: Run Behavior\TokenBuildBehavior [ RunTime:0.000455s ]
INFO: [ view_filter ] --END-- [ RunTime:0.001033s ]
INFO: [ app_end ] --START--
INFO: Run Behavior\ShowPageTraceBehavior [ RunTime:0.000366s ]
INFO: [ app_end ] --END-- [ RunTime:0.000524s ]

[ 2016-05-15T13:40:19+08:00 ] 124.127.210.192 /admin.php?s=/Nav/atrlist/type/2.html
INFO: [ app_init ] --START--
INFO: Run Behavior\BuildLiteBehavior [ RunTime:0.000032s ]
INFO: [ app_init ] --END-- [ RunTime:0.000511s ]
INFO: [ app_begin ] --START--
INFO: Run Behavior\ReadHtmlCacheBehavior [ RunTime:0.000425s ]
INFO: [ app_begin ] --END-- [ RunTime:0.000903s ]
NOTIC: [2048] Declaration of Admin\Controller\NavController::show() should be compatible with that of Think\Controller::show() /webHome/LFWZ000390/www/Application/Admin/Controller/NavController.class.php 第 4 行.
SQL: SHOW COLUMNS FROM `wlm_article` [ RunTime:0.0031s ]
SQL: SELECT * FROM `wlm_article` WHERE ( type=2 )  [ RunTime:0.0012s ]
INFO: [ view_parse ] --START--
INFO: [ template_filter ] --START--
INFO: Run Behavior\ContentReplaceBehavior [ RunTime:0.000211s ]
INFO: [ template_filter ] --END-- [ RunTime:0.000346s ]
INFO: Run Behavior\ParseTemplateBehavior [ RunTime:0.018626s ]
INFO: [ view_parse ] --END-- [ RunTime:0.018881s ]
INFO: [ view_filter ] --START--
INFO: Run Behavior\WriteHtmlCacheBehavior [ RunTime:0.000574s ]
INFO: Run Behavior\TokenBuildBehavior [ RunTime:0.000636s ]
INFO: [ view_filter ] --END-- [ RunTime:0.001504s ]
INFO: [ app_end ] --START--
INFO: Run Behavior\ShowPageTraceBehavior [ RunTime:0.000580s ]
INFO: [ app_end ] --END-- [ RunTime:0.000696s ]

[ 2016-05-15T13:40:21+08:00 ] 124.127.210.192 /admin.php?s=/Nav/navlist.html
INFO: [ app_init ] --START--
INFO: Run Behavior\BuildLiteBehavior [ RunTime:0.000037s ]
INFO: [ app_init ] --END-- [ RunTime:0.000451s ]
INFO: [ app_begin ] --START--
INFO: Run Behavior\ReadHtmlCacheBehavior [ RunTime:0.000447s ]
INFO: [ app_begin ] --END-- [ RunTime:0.000576s ]
NOTIC: [2048] Declaration of Admin\Controller\NavController::show() should be compatible with that of Think\Controller::show() /webHome/LFWZ000390/www/Application/Admin/Controller/NavController.class.php 第 4 行.
INFO: [ view_parse ] --START--
INFO: [ template_filter ] --START--
INFO: Run Behavior\ContentReplaceBehavior [ RunTime:0.000097s ]
INFO: [ template_filter ] --END-- [ RunTime:0.000221s ]
INFO: Run Behavior\ParseTemplateBehavior [ RunTime:0.017216s ]
INFO: [ view_parse ] --END-- [ RunTime:0.017417s ]
INFO: [ view_filter ] --START--
INFO: Run Behavior\WriteHtmlCacheBehavior [ RunTime:0.000384s ]
INFO: Run Behavior\TokenBuildBehavior [ RunTime:0.000539s ]
INFO: [ view_filter ] --END-- [ RunTime:0.001097s ]
INFO: [ app_end ] --START--
INFO: Run Behavior\ShowPageTraceBehavior [ RunTime:0.000372s ]
INFO: [ app_end ] --END-- [ RunTime:0.000471s ]

[ 2016-05-15T13:40:24+08:00 ] 124.127.210.192 /admin.php?s=/Nav/atrlist/type/4.html
INFO: [ app_init ] --START--
INFO: Run Behavior\BuildLiteBehavior [ RunTime:0.000036s ]
INFO: [ app_init ] --END-- [ RunTime:0.000507s ]
INFO: [ app_begin ] --START--
INFO: Run Behavior\ReadHtmlCacheBehavior [ RunTime:0.000686s ]
INFO: [ app_begin ] --END-- [ RunTime:0.000808s ]
NOTIC: [2048] Declaration of Admin\Controller\NavController::show() should be compatible with that of Think\Controller::show() /webHome/LFWZ000390/www/Application/Admin/Controller/NavController.class.php 第 4 行.
SQL: SHOW COLUMNS FROM `wlm_article` [ RunTime:0.0025s ]
SQL: SELECT * FROM `wlm_article` WHERE ( type=4 )  [ RunTime:0.0010s ]
INFO: [ view_parse ] --START--
INFO: [ template_filter ] --START--
INFO: Run Behavior\ContentReplaceBehavior [ RunTime:0.000109s ]
INFO: [ template_filter ] --END-- [ RunTime:0.000262s ]
INFO: Run Behavior\ParseTemplateBehavior [ RunTime:0.015135s ]
INFO: [ view_parse ] --END-- [ RunTime:0.015301s ]
INFO: [ view_filter ] --START--
INFO: Run Behavior\WriteHtmlCacheBehavior [ RunTime:0.000355s ]
INFO: Run Behavior\TokenBuildBehavior [ RunTime:0.000782s ]
INFO: [ view_filter ] --END-- [ RunTime:0.001386s ]
INFO: [ app_end ] --START--
INFO: Run Behavior\ShowPageTraceBehavior [ RunTime:0.000424s ]
INFO: [ app_end ] --END-- [ RunTime:0.000535s ]

[ 2016-05-15T13:40:26+08:00 ] 124.127.210.192 /admin.php?s=/Nav/show/id/24.html
INFO: [ app_init ] --START--
INFO: Run Behavior\BuildLiteBehavior [ RunTime:0.000032s ]
INFO: [ app_init ] --END-- [ RunTime:0.000456s ]
INFO: [ app_begin ] --START--
INFO: Run Behavior\ReadHtmlCacheBehavior [ RunTime:0.000395s ]
INFO: [ app_begin ] --END-- [ RunTime:0.000519s ]
NOTIC: [2048] Declaration of Admin\Controller\NavController::show() should be compatible with that of Think\Controller::show() /webHome/LFWZ000390/www/Application/Admin/Controller/NavController.class.php 第 4 行.
SQL: SHOW COLUMNS FROM `wlm_article` [ RunTime:0.0018s ]
SQL: SELECT * FROM `wlm_article` WHERE `id` = 24 LIMIT 1   [ RunTime:0.0011s ]
INFO: [ view_parse ] --START--
INFO: [ template_filter ] --START--
INFO: Run Behavior\ContentReplaceBehavior [ RunTime:0.000113s ]
INFO: [ template_filter ] --END-- [ RunTime:0.000262s ]
INFO: Run Behavior\ParseTemplateBehavior [ RunTime:0.012943s ]
INFO: [ view_parse ] --END-- [ RunTime:0.013064s ]
INFO: [ view_filter ] --START--
INFO: Run Behavior\WriteHtmlCacheBehavior [ RunTime:0.000377s ]
INFO: Run Behavior\TokenBuildBehavior [ RunTime:0.000880s ]
INFO: [ view_filter ] --END-- [ RunTime:0.001488s ]
INFO: [ app_end ] --START--
INFO: Run Behavior\ShowPageTraceBehavior [ RunTime:0.000571s ]
INFO: [ app_end ] --END-- [ RunTime:0.000707s ]

[ 2016-05-15T13:40:41+08:00 ] 124.127.210.192 /admin.php?s=/Nav/navlist.html
INFO: [ app_init ] --START--
INFO: Run Behavior\BuildLiteBehavior [ RunTime:0.000037s ]
INFO: [ app_init ] --END-- [ RunTime:0.000427s ]
INFO: [ app_begin ] --START--
INFO: Run Behavior\ReadHtmlCacheBehavior [ RunTime:0.000434s ]
INFO: [ app_begin ] --END-- [ RunTime:0.000548s ]
NOTIC: [2048] Declaration of Admin\Controller\NavController::show() should be compatible with that of Think\Controller::show() /webHome/LFWZ000390/www/Application/Admin/Controller/NavController.class.php 第 4 行.
INFO: [ view_parse ] --START--
INFO: [ template_filter ] --START--
INFO: Run Behavior\ContentReplaceBehavior [ RunTime:0.000120s ]
INFO: [ template_filter ] --END-- [ RunTime:0.000242s ]
INFO: Run Behavior\ParseTemplateBehavior [ RunTime:0.011591s ]
INFO: [ view_parse ] --END-- [ RunTime:0.011757s ]
INFO: [ view_filter ] --START--
INFO: Run Behavior\WriteHtmlCacheBehavior [ RunTime:0.000400s ]
INFO: Run Behavior\TokenBuildBehavior [ RunTime:0.000531s ]
INFO: [ view_filter ] --END-- [ RunTime:0.001094s ]
INFO: [ app_end ] --START--
INFO: Run Behavior\ShowPageTraceBehavior [ RunTime:0.000457s ]
INFO: [ app_end ] --END-- [ RunTime:0.000557s ]

[ 2016-05-15T13:40:45+08:00 ] 124.127.210.192 /admin.php?s=/Nav/atrlist/type/1.html
INFO: [ app_init ] --START--
INFO: Run Behavior\BuildLiteBehavior [ RunTime:0.000018s ]
INFO: [ app_init ] --END-- [ RunTime:0.000197s ]
INFO: [ app_begin ] --START--
INFO: Run Behavior\ReadHtmlCacheBehavior [ RunTime:0.000181s ]
INFO: [ app_begin ] --END-- [ RunTime:0.000250s ]
NOTIC: [2048] Declaration of Admin\Controller\NavController::show() should be compatible with that of Think\Controller::show() /webHome/LFWZ000390/www/Application/Admin/Controller/NavController.class.php 第 4 行.
SQL: SHOW COLUMNS FROM `wlm_article` [ RunTime:0.0024s ]
SQL: SELECT * FROM `wlm_article` WHERE ( type=1 )  [ RunTime:0.0012s ]
INFO: [ view_parse ] --START--
INFO: [ template_filter ] --START--
INFO: Run Behavior\ContentReplaceBehavior [ RunTime:0.000056s ]
INFO: [ template_filter ] --END-- [ RunTime:0.000115s ]
INFO: Run Behavior\ParseTemplateBehavior [ RunTime:0.006810s ]
INFO: [ view_parse ] --END-- [ RunTime:0.006870s ]
INFO: [ view_filter ] --START--
INFO: Run Behavior\WriteHtmlCacheBehavior [ RunTime:0.000181s ]
INFO: Run Behavior\TokenBuildBehavior [ RunTime:0.000272s ]
INFO: [ view_filter ] --END-- [ RunTime:0.000553s ]
INFO: [ app_end ] --START--
INFO: Run Behavior\ShowPageTraceBehavior [ RunTime:0.000235s ]
INFO: [ app_end ] --END-- [ RunTime:0.000327s ]

[ 2016-05-15T13:40:47+08:00 ] 124.127.210.192 /admin.php?s=/Nav/show/id/11.html
INFO: [ app_init ] --START--
INFO: Run Behavior\BuildLiteBehavior [ RunTime:0.000034s ]
INFO: [ app_init ] --END-- [ RunTime:0.000475s ]
INFO: [ app_begin ] --START--
INFO: Run Behavior\ReadHtmlCacheBehavior [ RunTime:0.000394s ]
INFO: [ app_begin ] --END-- [ RunTime:0.000506s ]
NOTIC: [2048] Declaration of Admin\Controller\NavController::show() should be compatible with that of Think\Controller::show() /webHome/LFWZ000390/www/Application/Admin/Controller/NavController.class.php 第 4 行.
SQL: SHOW COLUMNS FROM `wlm_article` [ RunTime:0.0020s ]
SQL: SELECT * FROM `wlm_article` WHERE `id` = 11 LIMIT 1   [ RunTime:0.0011s ]
INFO: [ view_parse ] --START--
INFO: [ template_filter ] --START--
INFO: Run Behavior\ContentReplaceBehavior [ RunTime:0.000109s ]
INFO: [ template_filter ] --END-- [ RunTime:0.000241s ]
INFO: Run Behavior\ParseTemplateBehavior [ RunTime:0.011822s ]
INFO: [ view_parse ] --END-- [ RunTime:0.011937s ]
INFO: [ view_filter ] --START--
INFO: Run Behavior\WriteHtmlCacheBehavior [ RunTime:0.000414s ]
INFO: Run Behavior\TokenBuildBehavior [ RunTime:0.000548s ]
INFO: [ view_filter ] --END-- [ RunTime:0.001226s ]
INFO: [ app_end ] --START--
INFO: Run Behavior\ShowPageTraceBehavior [ RunTime:0.000448s ]
INFO: [ app_end ] --END-- [ RunTime:0.000564s ]

[ 2016-05-15T13:40:55+08:00 ] 124.127.210.192 /admin.php?s=/Nav/save.html
INFO: [ app_init ] --START--
INFO: Run Behavior\BuildLiteBehavior [ RunTime:0.000034s ]
INFO: [ app_init ] --END-- [ RunTime:0.000850s ]
INFO: [ app_begin ] --START--
INFO: Run Behavior\ReadHtmlCacheBehavior [ RunTime:0.000483s ]
INFO: [ app_begin ] --END-- [ RunTime:0.000597s ]
NOTIC: [2048] Declaration of Admin\Controller\NavController::show() should be compatible with that of Think\Controller::show() /webHome/LFWZ000390/www/Application/Admin/Controller/NavController.class.php 第 4 行.
SQL: SHOW COLUMNS FROM `wlm_article` [ RunTime:0.0017s ]
SQL: UPDATE `wlm_article` SET `title`='股权投资',`content`='&lt;p style=&quot;margin: 8px 0&quot;&gt;&lt;span style=&quot;color: rgb(192, 0, 0);&quot;&gt;&lt;strong&gt;&lt;span style=&quot;font-size: 16px; font-family: 宋体; background-color: white;&quot;&gt;PE业务PE Business：&lt;/span&gt;&lt;/strong&gt;&lt;/span&gt;&lt;span style=&quot;font-size:16px;font-family:宋体;color:#3E3E3E;background:white&quot;&gt;发现优质的成长性企业和新三板项目，单独投资或与知名投资机构合投，解决企业不同发展阶段的资金需求，直至上市。&lt;/span&gt;&lt;/p&gt;&lt;p style=&quot;margin: 8px 0&quot;&gt;&lt;span style=&quot;font-size:16px;font-family:宋体;color:#3E3E3E;background:white&quot;&gt;&lt;br/&gt;&lt;/span&gt;&lt;/p&gt;&lt;p style=&quot;margin: 8px 0&quot;&gt;&lt;span style=&quot;color: rgb(192, 0, 0);&quot;&gt;&lt;strong&gt;&lt;span style=&quot;font-size: 16px; font-family: 宋体; background-color: white;&quot;&gt;投行业务Investment Banking：&lt;/span&gt;&lt;/strong&gt;&lt;/span&gt;&lt;span style=&quot;font-size:16px;font-family:宋体;color:#3E3E3E;background:white&quot;&gt;辅助被投企业上市并帮助完成上市后的定增与市值管理。&lt;/span&gt;&lt;/p&gt;&lt;p style=&quot;margin: 8px 0&quot;&gt;&lt;span style=&quot;font-size:16px;font-family:宋体;color:#3E3E3E;background:white&quot;&gt;&lt;br/&gt;&lt;/span&gt;&lt;/p&gt;&lt;p style=&quot;margin: 8px 0&quot;&gt;&lt;span style=&quot;color: rgb(192, 0, 0);&quot;&gt;&lt;strong&gt;&lt;span style=&quot;font-size: 16px; font-family: 宋体; background-color: white;&quot;&gt;投资领域investment field:&lt;/span&gt;&lt;/strong&gt;&lt;/span&gt;&lt;span style=&quot;font-size:16px;font-family:宋体;color:#3E3E3E;background:white&quot;&gt;消费品/服务；教育/医疗；旅游/传媒；科技/先进制造等。&lt;/span&gt;&lt;/p&gt;&lt;p style=&quot;margin: 8px 0&quot;&gt;&lt;span style=&quot;font-size:16px;font-family:宋体;color:#3E3E3E;background:white&quot;&gt;&lt;br/&gt;&lt;/span&gt;&lt;/p&gt;&lt;p style=&quot;margin: 8px 0px;&quot;&gt;&lt;span style=&quot;color: rgb(0, 0, 0);&quot;&gt;&lt;strong&gt;&lt;span style=&quot;font-size: 16px; font-family: 宋体; background-color: white;&quot;&gt;我们期许被投企业发展壮大后能够走上资本市场，使投资人获得满意的投资回报&lt;/span&gt;&lt;/strong&gt;&lt;/span&gt;&lt;strong&gt;&lt;span style=&quot;font-size:16px;font-family:宋体;color:#3E3E3E;background:white&quot;&gt;。&lt;/span&gt;&lt;/strong&gt;&lt;/p&gt;',`time`='1440067595' WHERE `id` = 11 [ RunTime:0.0225s ]

[ 2016-05-15T13:40:55+08:00 ] 124.127.210.192 /admin.php?s=/Nav/atrlist/type/1.html
INFO: [ app_init ] --START--
INFO: Run Behavior\BuildLiteBehavior [ RunTime:0.000041s ]
INFO: [ app_init ] --END-- [ RunTime:0.000486s ]
INFO: [ app_begin ] --START--
INFO: Run Behavior\ReadHtmlCacheBehavior [ RunTime:0.000379s ]
INFO: [ app_begin ] --END-- [ RunTime:0.000539s ]
NOTIC: [2048] Declaration of Admin\Controller\NavController::show() should be compatible with that of Think\Controller::show() /webHome/LFWZ000390/www/Application/Admin/Controller/NavController.class.php 第 4 行.
SQL: SHOW COLUMNS FROM `wlm_article` [ RunTime:0.0012s ]
SQL: SELECT * FROM `wlm_article` WHERE ( type=1 )  [ RunTime:0.0009s ]
INFO: [ view_parse ] --START--
INFO: [ template_filter ] --START--
INFO: Run Behavior\ContentReplaceBehavior [ RunTime:0.000107s ]
INFO: [ template_filter ] --END-- [ RunTime:0.000224s ]
INFO: Run Behavior\ParseTemplateBehavior [ RunTime:0.013846s ]
INFO: [ view_parse ] --END-- [ RunTime:0.013981s ]
INFO: [ view_filter ] --START--
INFO: Run Behavior\WriteHtmlCacheBehavior [ RunTime:0.000354s ]
INFO: Run Behavior\TokenBuildBehavior [ RunTime:0.000635s ]
INFO: [ view_filter ] --END-- [ RunTime:0.001157s ]
INFO: [ app_end ] --START--
INFO: Run Behavior\ShowPageTraceBehavior [ RunTime:0.000484s ]
INFO: [ app_end ] --END-- [ RunTime:0.000697s ]

[ 2016-05-15T13:40:57+08:00 ] 124.127.210.192 /admin.php?s=/Nav/show/id/12.html
INFO: [ app_init ] --START--
INFO: Run Behavior\BuildLiteBehavior [ RunTime:0.000034s ]
INFO: [ app_init ] --END-- [ RunTime:0.000634s ]
INFO: [ app_begin ] --START--
INFO: Run Behavior\ReadHtmlCacheBehavior [ RunTime:0.000403s ]
INFO: [ app_begin ] --END-- [ RunTime:0.000517s ]
NOTIC: [2048] Declaration of Admin\Controller\NavController::show() should be compatible with that of Think\Controller::show() /webHome/LFWZ000390/www/Application/Admin/Controller/NavController.class.php 第 4 行.
SQL: SHOW COLUMNS FROM `wlm_article` [ RunTime:0.0020s ]
SQL: SELECT * FROM `wlm_article` WHERE `id` = 12 LIMIT 1   [ RunTime:0.0007s ]
INFO: [ view_parse ] --START--
INFO: [ template_filter ] --START--
INFO: Run Behavior\ContentReplaceBehavior [ RunTime:0.000170s ]
INFO: [ template_filter ] --END-- [ RunTime:0.000325s ]
INFO: Run Behavior\ParseTemplateBehavior [ RunTime:0.013975s ]
INFO: [ view_parse ] --END-- [ RunTime:0.014237s ]
INFO: [ view_filter ] --START--
INFO: Run Behavior\WriteHtmlCacheBehavior [ RunTime:0.000459s ]
INFO: Run Behavior\TokenBuildBehavior [ RunTime:0.000996s ]
INFO: [ view_filter ] --END-- [ RunTime:0.001634s ]
INFO: [ app_end ] --START--
INFO: Run Behavior\ShowPageTraceBehavior [ RunTime:0.000418s ]
INFO: [ app_end ] --END-- [ RunTime:0.000529s ]

[ 2016-05-15T13:41:05+08:00 ] 124.127.210.192 /admin.php?s=/Nav/navlist.html
INFO: [ app_init ] --START--
INFO: Run Behavior\BuildLiteBehavior [ RunTime:0.000032s ]
INFO: [ app_init ] --END-- [ RunTime:0.000379s ]
INFO: [ app_begin ] --START--
INFO: Run Behavior\ReadHtmlCacheBehavior [ RunTime:0.000392s ]
INFO: [ app_begin ] --END-- [ RunTime:0.000505s ]
NOTIC: [2048] Declaration of Admin\Controller\NavController::show() should be compatible with that of Think\Controller::show() /webHome/LFWZ000390/www/Application/Admin/Controller/NavController.class.php 第 4 行.
INFO: [ view_parse ] --START--
INFO: [ template_filter ] --START--
INFO: Run Behavior\ContentReplaceBehavior [ RunTime:0.000095s ]
INFO: [ template_filter ] --END-- [ RunTime:0.000253s ]
INFO: Run Behavior\ParseTemplateBehavior [ RunTime:0.011659s ]
INFO: [ view_parse ] --END-- [ RunTime:0.011775s ]
INFO: [ view_filter ] --START--
INFO: Run Behavior\WriteHtmlCacheBehavior [ RunTime:0.000348s ]
INFO: Run Behavior\TokenBuildBehavior [ RunTime:0.000554s ]
INFO: [ view_filter ] --END-- [ RunTime:0.001103s ]
INFO: [ app_end ] --START--
INFO: Run Behavior\ShowPageTraceBehavior [ RunTime:0.000648s ]
INFO: [ app_end ] --END-- [ RunTime:0.000754s ]

[ 2016-05-15T13:41:10+08:00 ] 124.127.210.192 /admin.php?s=/Nav/atrlist/type/1.html
INFO: [ app_init ] --START--
INFO: Run Behavior\BuildLiteBehavior [ RunTime:0.000034s ]
INFO: [ app_init ] --END-- [ RunTime:0.000413s ]
INFO: [ app_begin ] --START--
INFO: Run Behavior\ReadHtmlCacheBehavior [ RunTime:0.000377s ]
INFO: [ app_begin ] --END-- [ RunTime:0.000508s ]
NOTIC: [2048] Declaration of Admin\Controller\NavController::show() should be compatible with that of Think\Controller::show() /webHome/LFWZ000390/www/Application/Admin/Controller/NavController.class.php 第 4 行.
SQL: SHOW COLUMNS FROM `wlm_article` [ RunTime:0.0019s ]
SQL: SELECT * FROM `wlm_article` WHERE ( type=1 )  [ RunTime:0.0010s ]
INFO: [ view_parse ] --START--
INFO: [ template_filter ] --START--
INFO: Run Behavior\ContentReplaceBehavior [ RunTime:0.000108s ]
INFO: [ template_filter ] --END-- [ RunTime:0.000223s ]
INFO: Run Behavior\ParseTemplateBehavior [ RunTime:0.012976s ]
INFO: [ view_parse ] --END-- [ RunTime:0.013122s ]
INFO: [ view_filter ] --START--
INFO: Run Behavior\WriteHtmlCacheBehavior [ RunTime:0.000396s ]
INFO: Run Behavior\TokenBuildBehavior [ RunTime:0.000577s ]
INFO: [ view_filter ] --END-- [ RunTime:0.001143s ]
INFO: [ app_end ] --START--
INFO: Run Behavior\ShowPageTraceBehavior [ RunTime:0.000480s ]
INFO: [ app_end ] --END-- [ RunTime:0.000578s ]

[ 2016-05-15T13:41:11+08:00 ] 124.127.210.192 /admin.php?s=/Nav/show/id/13.html
INFO: [ app_init ] --START--
INFO: Run Behavior\BuildLiteBehavior [ RunTime:0.000061s ]
INFO: [ app_init ] --END-- [ RunTime:0.000511s ]
INFO: [ app_begin ] --START--
INFO: Run Behavior\ReadHtmlCacheBehavior [ RunTime:0.000367s ]
INFO: [ app_begin ] --END-- [ RunTime:0.000510s ]
NOTIC: [2048] Declaration of Admin\Controller\NavController::show() should be compatible with that of Think\Controller::show() /webHome/LFWZ000390/www/Application/Admin/Controller/NavController.class.php 第 4 行.
SQL: SHOW COLUMNS FROM `wlm_article` [ RunTime:0.0016s ]
SQL: SELECT * FROM `wlm_article` WHERE `id` = 13 LIMIT 1   [ RunTime:0.0010s ]
INFO: [ view_parse ] --START--
INFO: [ template_filter ] --START--
INFO: Run Behavior\ContentReplaceBehavior [ RunTime:0.000114s ]
INFO: [ template_filter ] --END-- [ RunTime:0.000291s ]
INFO: Run Behavior\ParseTemplateBehavior [ RunTime:0.012484s ]
INFO: [ view_parse ] --END-- [ RunTime:0.012616s ]
INFO: [ view_filter ] --START--
INFO: Run Behavior\WriteHtmlCacheBehavior [ RunTime:0.000506s ]
INFO: Run Behavior\TokenBuildBehavior [ RunTime:0.000527s ]
INFO: [ view_filter ] --END-- [ RunTime:0.001305s ]
INFO: [ app_end ] --START--
INFO: Run Behavior\ShowPageTraceBehavior [ RunTime:0.000350s ]
INFO: [ app_end ] --END-- [ RunTime:0.000497s ]

[ 2016-05-15T13:41:19+08:00 ] 124.127.210.192 /admin.php?s=/Nav/save.html
INFO: [ app_init ] --START--
INFO: Run Behavior\BuildLiteBehavior [ RunTime:0.000032s ]
INFO: [ app_init ] --END-- [ RunTime:0.000409s ]
INFO: [ app_begin ] --START--
INFO: Run Behavior\ReadHtmlCacheBehavior [ RunTime:0.000434s ]
INFO: [ app_begin ] --END-- [ RunTime:0.000547s ]
NOTIC: [2048] Declaration of Admin\Controller\NavController::show() should be compatible with that of Think\Controller::show() /webHome/LFWZ000390/www/Application/Admin/Controller/NavController.class.php 第 4 行.
SQL: SHOW COLUMNS FROM `wlm_article` [ RunTime:0.0018s ]
SQL: UPDATE `wlm_article` SET `title`='客户群体',`content`='&lt;p style=&quot;line-height: 1.5em;&quot;&gt;&lt;span style=&quot;font-family: 宋体,SimSun;&quot;&gt;&lt;/span&gt;&lt;/p&gt;&lt;p style=&quot;margin: 8px 0&quot;&gt;&lt;span style=&quot;font-size:16px;font-family:宋体;color:#3E3E3E;background:white&quot;&gt;优质成长性企业的创始人、企业家，特别是创业于三、四线城市的创始人和企业家；&lt;/span&gt;&lt;span style=&quot;background-color: white; color: rgb(62, 62, 62); font-family: 宋体;&quot;&gt;合格投资人，尤其是三四线城市的投资人。&lt;/span&gt;&lt;/p&gt;&lt;p&gt;&amp;nbsp;&lt;/p&gt;&lt;p style=&quot;margin: 8px 0&quot;&gt;&lt;span style=&quot;font-size:16px;font-family:宋体;color:#3E3E3E;background:white&quot;&gt;我们坚信不久的将来未来门资本一定会成为国内知名的投行机构，也将成为三四线城市最信赖的股权投资机构。&lt;/span&gt;&lt;/p&gt;&lt;p style=&quot;margin: 8px 0&quot;&gt;&lt;span style=&quot;font-size:16px;font-family:宋体;color:#3E3E3E;background:white&quot;&gt;&lt;br/&gt;&lt;/span&gt;&lt;/p&gt;&lt;p style=&quot;margin: 8px 0px;&quot;&gt;&lt;strong&gt;&lt;span style=&quot;font-size:16px;font-family:宋体;color:#3E3E3E;background:white&quot;&gt;携手未来门资本，一起见证股权致富的黄金时代。&lt;/span&gt;&lt;/strong&gt;&lt;/p&gt;',`time`='1440067498' WHERE `id` = 13 [ RunTime:0.0074s ]

[ 2016-05-15T13:41:19+08:00 ] 124.127.210.192 /admin.php?s=/Nav/atrlist/type/1.html
INFO: [ app_init ] --START--
INFO: Run Behavior\BuildLiteBehavior [ RunTime:0.000036s ]
INFO: [ app_init ] --END-- [ RunTime:0.000452s ]
INFO: [ app_begin ] --START--
INFO: Run Behavior\ReadHtmlCacheBehavior [ RunTime:0.000440s ]
INFO: [ app_begin ] --END-- [ RunTime:0.000581s ]
NOTIC: [2048] Declaration of Admin\Controller\NavController::show() should be compatible with that of Think\Controller::show() /webHome/LFWZ000390/www/Application/Admin/Controller/NavController.class.php 第 4 行.
SQL: SHOW COLUMNS FROM `wlm_article` [ RunTime:0.0016s ]
SQL: SELECT * FROM `wlm_article` WHERE ( type=1 )  [ RunTime:0.0009s ]
INFO: [ view_parse ] --START--
INFO: [ template_filter ] --START--
INFO: Run Behavior\ContentReplaceBehavior [ RunTime:0.000102s ]
INFO: [ template_filter ] --END-- [ RunTime:0.000293s ]
INFO: Run Behavior\ParseTemplateBehavior [ RunTime:0.015439s ]
INFO: [ view_parse ] --END-- [ RunTime:0.015580s ]
INFO: [ view_filter ] --START--
INFO: Run Behavior\WriteHtmlCacheBehavior [ RunTime:0.000432s ]
INFO: Run Behavior\TokenBuildBehavior [ RunTime:0.000663s ]
INFO: [ view_filter ] --END-- [ RunTime:0.001267s ]
INFO: [ app_end ] --START--
INFO: Run Behavior\ShowPageTraceBehavior [ RunTime:0.000435s ]
INFO: [ app_end ] --END-- [ RunTime:0.000533s ]

[ 2016-05-15T13:41:22+08:00 ] 124.127.210.192 /admin.php?s=/Nav/show/id/13.html
INFO: [ app_init ] --START--
INFO: Run Behavior\BuildLiteBehavior [ RunTime:0.000024s ]
INFO: [ app_init ] --END-- [ RunTime:0.000261s ]
INFO: [ app_begin ] --START--
INFO: Run Behavior\ReadHtmlCacheBehavior [ RunTime:0.000195s ]
INFO: [ app_begin ] --END-- [ RunTime:0.000282s ]
NOTIC: [2048] Declaration of Admin\Controller\NavController::show() should be compatible with that of Think\Controller::show() /webHome/LFWZ000390/www/Application/Admin/Controller/NavController.class.php 第 4 行.
SQL: SHOW COLUMNS FROM `wlm_article` [ RunTime:0.0011s ]
SQL: SELECT * FROM `wlm_article` WHERE `id` = 13 LIMIT 1   [ RunTime:0.0010s ]
INFO: [ view_parse ] --START--
INFO: [ template_filter ] --START--
INFO: Run Behavior\ContentReplaceBehavior [ RunTime:0.000056s ]
INFO: [ template_filter ] --END-- [ RunTime:0.000125s ]
INFO: Run Behavior\ParseTemplateBehavior [ RunTime:0.005927s ]
INFO: [ view_parse ] --END-- [ RunTime:0.005984s ]
INFO: [ view_filter ] --START--
INFO: Run Behavior\WriteHtmlCacheBehavior [ RunTime:0.000202s ]
INFO: Run Behavior\TokenBuildBehavior [ RunTime:0.000298s ]
INFO: [ view_filter ] --END-- [ RunTime:0.000599s ]
INFO: [ app_end ] --START--
INFO: Run Behavior\ShowPageTraceBehavior [ RunTime:0.000192s ]
INFO: [ app_end ] --END-- [ RunTime:0.000258s ]

