[ 2016-03-31T17:13:37+08:00 ] 106.37.87.183 /admin.php
INFO: [ app_init ] --START--
INFO: Run Behavior\BuildLiteBehavior [ RunTime:0.000033s ]
INFO: [ app_init ] --END-- [ RunTime:0.000403s ]
INFO: [ app_begin ] --START--
INFO: Run Behavior\ReadHtmlCacheBehavior [ RunTime:0.000438s ]
INFO: [ app_begin ] --END-- [ RunTime:0.000553s ]
NOTIC: [8] Undefined index: hrfd_adminid /webHome/LFWZ000390/www/Application/Admin/Controller/ParentController.class.php 第 17 行.

[ 2016-03-31T17:13:37+08:00 ] 106.37.87.183 /admin.php?s=/Login/login.html
INFO: [ app_init ] --START--
INFO: Run Behavior\BuildLiteBehavior [ RunTime:0.000033s ]
INFO: [ app_init ] --END-- [ RunTime:0.000545s ]
INFO: [ app_begin ] --START--
INFO: Run Behavior\ReadHtmlCacheBehavior [ RunTime:0.000451s ]
INFO: [ app_begin ] --END-- [ RunTime:0.000591s ]
INFO: [ view_parse ] --START--
INFO: [ template_filter ] --START--
INFO: Run Behavior\ContentReplaceBehavior [ RunTime:0.000086s ]
INFO: [ template_filter ] --END-- [ RunTime:0.000281s ]
INFO: Run Behavior\ParseTemplateBehavior [ RunTime:0.008272s ]
INFO: [ view_parse ] --END-- [ RunTime:0.008659s ]
INFO: [ view_filter ] --START--
INFO: Run Behavior\WriteHtmlCacheBehavior [ RunTime:0.000634s ]
INFO: Run Behavior\TokenBuildBehavior [ RunTime:0.001177s ]
INFO: [ view_filter ] --END-- [ RunTime:0.002041s ]
INFO: [ app_end ] --START--
INFO: Run Behavior\ShowPageTraceBehavior [ RunTime:0.000451s ]
INFO: [ app_end ] --END-- [ RunTime:0.000552s ]

[ 2016-03-31T17:14:08+08:00 ] 106.37.87.183 /admin.php?s=/Login/doLogin.html
INFO: [ app_init ] --START--
INFO: Run Behavior\BuildLiteBehavior [ RunTime:0.000104s ]
INFO: [ app_init ] --END-- [ RunTime:0.000479s ]
INFO: [ app_begin ] --START--
INFO: Run Behavior\ReadHtmlCacheBehavior [ RunTime:0.000409s ]
INFO: [ app_begin ] --END-- [ RunTime:0.000549s ]
SQL: SHOW COLUMNS FROM `wlm_admin` [ RunTime:0.0020s ]
SQL: SELECT `password`,`id` FROM `wlm_admin` WHERE `adminname` = 'weilaimen2014@126.com' LIMIT 1   [ RunTime:0.0013s ]

[ 2016-03-31T17:14:08+08:00 ] 106.37.87.183 /admin.php?s=/Login/doLogin.html
INFO: [ app_init ] --START--
INFO: Run Behavior\BuildLiteBehavior [ RunTime:0.000032s ]
INFO: [ app_init ] --END-- [ RunTime:0.000413s ]
INFO: [ app_begin ] --START--
INFO: Run Behavior\ReadHtmlCacheBehavior [ RunTime:0.000461s ]
INFO: [ app_begin ] --END-- [ RunTime:0.000569s ]
SQL: SHOW COLUMNS FROM `wlm_admin` [ RunTime:0.0106s ]
SQL: SELECT `password`,`id` FROM `wlm_admin` WHERE `adminname` = 'weilaimen2014@126.com' LIMIT 1   [ RunTime:0.0011s ]

[ 2016-03-31T17:14:08+08:00 ] 106.37.87.183 /admin.php?s=/Index/index.html
INFO: [ app_init ] --START--
INFO: Run Behavior\BuildLiteBehavior [ RunTime:0.000031s ]
INFO: [ app_init ] --END-- [ RunTime:0.000414s ]
INFO: [ app_begin ] --START--
INFO: Run Behavior\ReadHtmlCacheBehavior [ RunTime:0.000362s ]
INFO: [ app_begin ] --END-- [ RunTime:0.000475s ]
INFO: [ view_parse ] --START--
INFO: [ template_filter ] --START--
INFO: Run Behavior\ContentReplaceBehavior [ RunTime:0.000094s ]
INFO: [ template_filter ] --END-- [ RunTime:0.000223s ]
INFO: Run Behavior\ParseTemplateBehavior [ RunTime:0.009047s ]
INFO: [ view_parse ] --END-- [ RunTime:0.009172s ]
INFO: [ view_filter ] --START--
INFO: Run Behavior\WriteHtmlCacheBehavior [ RunTime:0.000358s ]
INFO: Run Behavior\TokenBuildBehavior [ RunTime:0.000495s ]
INFO: [ view_filter ] --END-- [ RunTime:0.001022s ]
INFO: [ app_end ] --START--
INFO: Run Behavior\ShowPageTraceBehavior [ RunTime:0.000381s ]
INFO: [ app_end ] --END-- [ RunTime:0.000531s ]

[ 2016-03-31T17:14:08+08:00 ] 106.37.87.183 /admin.php?s=/Index/index.html
INFO: [ app_init ] --START--
INFO: Run Behavior\BuildLiteBehavior [ RunTime:0.000050s ]
INFO: [ app_init ] --END-- [ RunTime:0.000782s ]
INFO: [ app_begin ] --START--
INFO: Run Behavior\ReadHtmlCacheBehavior [ RunTime:0.000757s ]
INFO: [ app_begin ] --END-- [ RunTime:0.000971s ]
INFO: [ view_parse ] --START--
INFO: [ template_filter ] --START--
INFO: Run Behavior\ContentReplaceBehavior [ RunTime:0.000121s ]
INFO: [ template_filter ] --END-- [ RunTime:0.000244s ]
INFO: Run Behavior\ParseTemplateBehavior [ RunTime:0.009557s ]
INFO: [ view_parse ] --END-- [ RunTime:0.009711s ]
INFO: [ view_filter ] --START--
INFO: Run Behavior\WriteHtmlCacheBehavior [ RunTime:0.000655s ]
INFO: Run Behavior\TokenBuildBehavior [ RunTime:0.000973s ]
INFO: [ view_filter ] --END-- [ RunTime:0.001897s ]
INFO: [ app_end ] --START--
INFO: Run Behavior\ShowPageTraceBehavior [ RunTime:0.000612s ]
INFO: [ app_end ] --END-- [ RunTime:0.000812s ]

[ 2016-03-31T17:14:15+08:00 ] 106.37.87.183 /admin.php?s=/News/newslist.html
INFO: [ app_init ] --START--
INFO: Run Behavior\BuildLiteBehavior [ RunTime:0.000032s ]
INFO: [ app_init ] --END-- [ RunTime:0.000430s ]
INFO: [ app_begin ] --START--
INFO: Run Behavior\ReadHtmlCacheBehavior [ RunTime:0.000547s ]
INFO: [ app_begin ] --END-- [ RunTime:0.000729s ]
SQL: SHOW COLUMNS FROM `wlm_news` [ RunTime:0.0016s ]
SQL: SELECT * FROM `wlm_news` ORDER BY create_time desc  [ RunTime:0.0047s ]
INFO: [ view_parse ] --START--
INFO: [ template_filter ] --START--
INFO: Run Behavior\ContentReplaceBehavior [ RunTime:0.000105s ]
INFO: [ template_filter ] --END-- [ RunTime:0.000249s ]
INFO: Run Behavior\ParseTemplateBehavior [ RunTime:0.017400s ]
INFO: [ view_parse ] --END-- [ RunTime:0.017544s ]
INFO: [ view_filter ] --START--
INFO: Run Behavior\WriteHtmlCacheBehavior [ RunTime:0.000443s ]
INFO: Run Behavior\TokenBuildBehavior [ RunTime:0.000696s ]
INFO: [ view_filter ] --END-- [ RunTime:0.001336s ]
INFO: [ app_end ] --START--
INFO: Run Behavior\ShowPageTraceBehavior [ RunTime:0.000395s ]
INFO: [ app_end ] --END-- [ RunTime:0.000562s ]

[ 2016-03-31T17:14:17+08:00 ] 106.37.87.183 /admin.php?s=/News/add.html
INFO: [ app_init ] --START--
INFO: Run Behavior\BuildLiteBehavior [ RunTime:0.000033s ]
INFO: [ app_init ] --END-- [ RunTime:0.000444s ]
INFO: [ app_begin ] --START--
INFO: Run Behavior\ReadHtmlCacheBehavior [ RunTime:0.000433s ]
INFO: [ app_begin ] --END-- [ RunTime:0.000555s ]
INFO: [ view_parse ] --START--
INFO: [ template_filter ] --START--
INFO: Run Behavior\ContentReplaceBehavior [ RunTime:0.000131s ]
INFO: [ template_filter ] --END-- [ RunTime:0.000248s ]
INFO: Run Behavior\ParseTemplateBehavior [ RunTime:0.010973s ]
INFO: [ view_parse ] --END-- [ RunTime:0.011086s ]
INFO: [ view_filter ] --START--
INFO: Run Behavior\WriteHtmlCacheBehavior [ RunTime:0.000351s ]
INFO: Run Behavior\TokenBuildBehavior [ RunTime:0.000613s ]
INFO: [ view_filter ] --END-- [ RunTime:0.001123s ]
INFO: [ app_end ] --START--
INFO: Run Behavior\ShowPageTraceBehavior [ RunTime:0.000341s ]
INFO: [ app_end ] --END-- [ RunTime:0.000477s ]

[ 2016-03-31T17:19:21+08:00 ] 106.37.87.183 /admin.php?s=/News/insert.html
INFO: [ app_init ] --START--
INFO: Run Behavior\BuildLiteBehavior [ RunTime:0.000069s ]
INFO: [ app_init ] --END-- [ RunTime:0.000446s ]
INFO: [ app_begin ] --START--
INFO: Run Behavior\ReadHtmlCacheBehavior [ RunTime:0.000339s ]
INFO: [ app_begin ] --END-- [ RunTime:0.000491s ]
SQL: SHOW COLUMNS FROM `wlm_news` [ RunTime:0.0024s ]
SQL: INSERT INTO `wlm_news` (`title`,`content`,`create_time`) VALUES ('未来门资本：立足于实 着眼于远','&lt;p&gt;&lt;br/&gt;&lt;a class=&quot;rich_media_meta rich_media_meta_link rich_media_meta_nickname&quot; id=&quot;post-user&quot; style=&quot;margin: 0px 8px 10px 0px; padding: 0px; color: rgb(96, 127, 166); display: none; vertical-align: middle; font-size: 16px; max-width: none;&quot;&gt;未来门资本集团&lt;/a&gt;&lt;/p&gt;&lt;p style=&quot;margin-top: 0px; margin-bottom: 0px; padding: 0px; max-width: 100%; min-height: 1em; white-space: pre-wrap; font-family: &amp;#39;Helvetica Neue&amp;#39;, Helvetica, &amp;#39;Hiragino Sans GB&amp;#39;, &amp;#39;Microsoft YaHei&amp;#39;, Arial, sans-serif; line-height: 25.6px; box-sizing: border-box !important; word-wrap: break-word !important; text-align: center; background-color: rgb(255, 255, 255);&quot;&gt;&lt;iframe class=&quot;video_iframe&quot; height=&quot;502.5&quot; width=&quot;670&quot; frameborder=&quot;0&quot; data-src=&quot;https://v.qq.com/iframe/preview.html?vid=f0191c4v5ay&amp;amp;width=500&amp;amp;height=375&amp;amp;auto=0&quot; allowfullscreen=&quot;&quot; src=&quot;http://v.qq.com/iframe/player.html?vid=f0191c4v5ay&amp;width=670&amp;height=502.5&amp;auto=0&quot; scrolling=&quot;no&quot; style=&quot;margin: 0px; padding: 0px; max-width: 100%; box-sizing: border-box !important; word-wrap: break-word !important; display: block; line-height: 1.6; z-index: 1; width: 670px !important; height: 502.5px !important; overflow: hidden;&quot;&gt;&lt;/iframe&gt;&lt;/p&gt;','1459414800') [ RunTime:0.0109s ]

[ 2016-03-31T17:19:22+08:00 ] 106.37.87.183 /admin.php?s=/News/newsList.html
INFO: [ app_init ] --START--
INFO: Run Behavior\BuildLiteBehavior [ RunTime:0.000032s ]
INFO: [ app_init ] --END-- [ RunTime:0.000510s ]
INFO: [ app_begin ] --START--
INFO: Run Behavior\ReadHtmlCacheBehavior [ RunTime:0.000351s ]
INFO: [ app_begin ] --END-- [ RunTime:0.000462s ]
SQL: SHOW COLUMNS FROM `wlm_news` [ RunTime:0.0018s ]
SQL: SELECT * FROM `wlm_news` ORDER BY create_time desc  [ RunTime:0.0062s ]
INFO: [ view_parse ] --START--
INFO: [ template_filter ] --START--
INFO: Run Behavior\ContentReplaceBehavior [ RunTime:0.000149s ]
INFO: [ template_filter ] --END-- [ RunTime:0.000392s ]
INFO: Run Behavior\ParseTemplateBehavior [ RunTime:0.015901s ]
INFO: [ view_parse ] --END-- [ RunTime:0.016021s ]
INFO: [ view_filter ] --START--
INFO: Run Behavior\WriteHtmlCacheBehavior [ RunTime:0.000417s ]
INFO: Run Behavior\TokenBuildBehavior [ RunTime:0.000593s ]
INFO: [ view_filter ] --END-- [ RunTime:0.001169s ]
INFO: [ app_end ] --START--
INFO: Run Behavior\ShowPageTraceBehavior [ RunTime:0.000348s ]
INFO: [ app_end ] --END-- [ RunTime:0.000454s ]

[ 2016-03-31T17:20:05+08:00 ] 106.37.87.183 /admin.php?s=/News/save/id/24.html
INFO: [ app_init ] --START--
INFO: Run Behavior\BuildLiteBehavior [ RunTime:0.000033s ]
INFO: [ app_init ] --END-- [ RunTime:0.000478s ]
INFO: [ app_begin ] --START--
INFO: Run Behavior\ReadHtmlCacheBehavior [ RunTime:0.000340s ]
INFO: [ app_begin ] --END-- [ RunTime:0.000508s ]
SQL: SHOW COLUMNS FROM `wlm_news` [ RunTime:0.0017s ]
SQL: SELECT * FROM `wlm_news` WHERE ( id=24 ) LIMIT 1   [ RunTime:0.0009s ]
INFO: [ view_parse ] --START--
INFO: [ template_filter ] --START--
INFO: Run Behavior\ContentReplaceBehavior [ RunTime:0.000117s ]
INFO: [ template_filter ] --END-- [ RunTime:0.000237s ]
INFO: Run Behavior\ParseTemplateBehavior [ RunTime:0.012984s ]
INFO: [ view_parse ] --END-- [ RunTime:0.013104s ]
INFO: [ view_filter ] --START--
INFO: Run Behavior\WriteHtmlCacheBehavior [ RunTime:0.000402s ]
INFO: Run Behavior\TokenBuildBehavior [ RunTime:0.000717s ]
INFO: [ view_filter ] --END-- [ RunTime:0.001315s ]
INFO: [ app_end ] --START--
INFO: Run Behavior\ShowPageTraceBehavior [ RunTime:0.000442s ]
INFO: [ app_end ] --END-- [ RunTime:0.000547s ]

[ 2016-03-31T17:20:05+08:00 ] 180.153.201.216 /admin.php?s=/News/save/id/24.html
INFO: [ app_init ] --START--
INFO: Run Behavior\BuildLiteBehavior [ RunTime:0.000034s ]
INFO: [ app_init ] --END-- [ RunTime:0.000768s ]
INFO: [ app_begin ] --START--
INFO: Run Behavior\ReadHtmlCacheBehavior [ RunTime:0.000526s ]
INFO: [ app_begin ] --END-- [ RunTime:0.000665s ]
NOTIC: [8] Undefined index: hrfd_adminid /webHome/LFWZ000390/www/Application/Admin/Controller/ParentController.class.php 第 17 行.

[ 2016-03-31T17:20:05+08:00 ] 180.153.201.216 /admin.php?s=/Login/login.html
INFO: [ app_init ] --START--
INFO: Run Behavior\BuildLiteBehavior [ RunTime:0.000033s ]
INFO: [ app_init ] --END-- [ RunTime:0.000442s ]
INFO: [ app_begin ] --START--
INFO: Run Behavior\ReadHtmlCacheBehavior [ RunTime:0.000493s ]
INFO: [ app_begin ] --END-- [ RunTime:0.000606s ]
INFO: [ view_parse ] --START--
INFO: [ template_filter ] --START--
INFO: Run Behavior\ContentReplaceBehavior [ RunTime:0.002081s ]
INFO: [ template_filter ] --END-- [ RunTime:0.008479s ]
INFO: Run Behavior\ParseTemplateBehavior [ RunTime:0.016259s ]
INFO: [ view_parse ] --END-- [ RunTime:0.016380s ]
INFO: [ view_filter ] --START--
INFO: Run Behavior\WriteHtmlCacheBehavior [ RunTime:0.000359s ]
INFO: Run Behavior\TokenBuildBehavior [ RunTime:0.000555s ]
INFO: [ view_filter ] --END-- [ RunTime:0.001156s ]
INFO: [ app_end ] --START--
INFO: Run Behavior\ShowPageTraceBehavior [ RunTime:0.000367s ]
INFO: [ app_end ] --END-- [ RunTime:0.000468s ]

[ 2016-03-31T17:20:23+08:00 ] 106.37.87.183 /admin.php?s=/News/update.html
INFO: [ app_init ] --START--
INFO: Run Behavior\BuildLiteBehavior [ RunTime:0.000049s ]
INFO: [ app_init ] --END-- [ RunTime:0.000757s ]
INFO: [ app_begin ] --START--
INFO: Run Behavior\ReadHtmlCacheBehavior [ RunTime:0.000357s ]
INFO: [ app_begin ] --END-- [ RunTime:0.000498s ]
SQL: SHOW COLUMNS FROM `wlm_news` [ RunTime:0.0018s ]
SQL: UPDATE `wlm_news` SET `title`='未来门资本：立足于实 着眼于远',`content`='&lt;p&gt;													&lt;/p&gt;&lt;p&gt;&lt;br/&gt;&lt;a class=&quot;rich_media_meta rich_media_meta_link rich_media_meta_nickname&quot; id=&quot;post-user&quot; style=&quot;margin: 0px 8px 10px 0px; padding: 0px; color: rgb(96, 127, 166); display: none; vertical-align: middle; font-size: 16px; max-width: none;&quot;&gt;未来门资本集团&lt;/a&gt;&lt;/p&gt;&lt;p style=&quot;margin-top: 0px; margin-bottom: 0px; padding: 0px; max-width: 100%; min-height: 1em; white-space: pre-wrap; font-family: &amp;#39;Helvetica Neue&amp;#39;, Helvetica, &amp;#39;Hiragino Sans GB&amp;#39;, &amp;#39;Microsoft YaHei&amp;#39;, Arial, sans-serif; line-height: 25.6px; box-sizing: border-box !important; word-wrap: break-word !important; text-align: center; background-color: rgb(255, 255, 255);&quot;&gt;&lt;iframe class=&quot;video_iframe&quot; height=&quot;502.5&quot; width=&quot;670&quot; frameborder=&quot;0&quot; data-src=&quot;https://v.qq.com/iframe/preview.html?vid=f0191c4v5ay&amp;amp;width=500&amp;amp;height=375&amp;amp;auto=0&quot; allowfullscreen=&quot;&quot; src=&quot;http://v.qq.com/iframe/player.html?vid=f0191c4v5ay&amp;width=670&amp;height=502.5&amp;auto=0&quot; scrolling=&quot;no&quot; style=&quot;margin: 0px; padding: 0px; max-width: 100%; box-sizing: border-box !important; word-wrap: break-word !important; display: block; line-height: 1.6; z-index: 1; width: 670px !important; height: 502.5px !important; overflow: hidden;&quot;&gt;&lt;/iframe&gt;&lt;/p&gt;&lt;p&gt;												&lt;/p&gt;',`create_time`='1459414800' WHERE ( id=24 ) [ RunTime:0.0128s ]

[ 2016-03-31T17:20:23+08:00 ] 106.37.87.183 /admin.php?s=/News/newsList.html
INFO: [ app_init ] --START--
INFO: Run Behavior\BuildLiteBehavior [ RunTime:0.000033s ]
INFO: [ app_init ] --END-- [ RunTime:0.000598s ]
INFO: [ app_begin ] --START--
INFO: Run Behavior\ReadHtmlCacheBehavior [ RunTime:0.001196s ]
INFO: [ app_begin ] --END-- [ RunTime:0.001337s ]
SQL: SHOW COLUMNS FROM `wlm_news` [ RunTime:0.0015s ]
SQL: SELECT * FROM `wlm_news` ORDER BY create_time desc  [ RunTime:0.0063s ]
INFO: [ view_parse ] --START--
INFO: [ template_filter ] --START--
INFO: Run Behavior\ContentReplaceBehavior [ RunTime:0.000182s ]
INFO: [ template_filter ] --END-- [ RunTime:0.000331s ]
INFO: Run Behavior\ParseTemplateBehavior [ RunTime:0.020905s ]
INFO: [ view_parse ] --END-- [ RunTime:0.021173s ]
INFO: [ view_filter ] --START--
INFO: Run Behavior\WriteHtmlCacheBehavior [ RunTime:0.000494s ]
INFO: Run Behavior\TokenBuildBehavior [ RunTime:0.000642s ]
INFO: [ view_filter ] --END-- [ RunTime:0.001336s ]
INFO: [ app_end ] --START--
INFO: Run Behavior\ShowPageTraceBehavior [ RunTime:0.000715s ]
INFO: [ app_end ] --END-- [ RunTime:0.000877s ]

